============================================================
  Generated by:           Genus(TM) Synthesis Solution 23.12-s086_1
  Generated on:           Apr 02 2025  05:39:06 pm
  Module:                 carry_bypass8_32bits
  Operating conditions:   tt_025C_1v80 
  Interconnect mode:      global
  Area mode:              physical library
============================================================

       Instance           Module     Cell-Count  Cell-Area  Net-Area   Total-Area 
----------------------------------------------------------------------------------
carry_bypass8_32bits  NA                     80   1030.989   713.121     1744.110 
  BPS1                bypass8                20    257.747    64.481      322.228 
    FA1               full_adder              1     20.019     0.000       20.019 
    FA2               full_adder_96           1     20.019     0.000       20.019 
    FA3               full_adder_95           1     20.019     0.000       20.019 
    FA4               full_adder_94           1     20.019     0.000       20.019 
    FA5               full_adder_93           1     20.019     0.000       20.019 
    FA6               full_adder_92           1     20.019     0.000       20.019 
    FA7               full_adder_91           1     20.019     0.000       20.019 
    FA8               full_adder_90           1     20.019     0.000       20.019 
  bypass_loop[1].BPS2 bypass8_7              20    257.747    64.481      322.228 
    FA1               full_adder_89           1     20.019     0.000       20.019 
    FA2               full_adder_88           1     20.019     0.000       20.019 
    FA3               full_adder_87           1     20.019     0.000       20.019 
    FA4               full_adder_86           1     20.019     0.000       20.019 
    FA5               full_adder_85           1     20.019     0.000       20.019 
    FA6               full_adder_84           1     20.019     0.000       20.019 
    FA7               full_adder_83           1     20.019     0.000       20.019 
    FA8               full_adder_82           1     20.019     0.000       20.019 
  bypass_loop[2].BPS2 bypass8_6              20    257.747    64.481      322.228 
    FA1               full_adder_81           1     20.019     0.000       20.019 
    FA2               full_adder_80           1     20.019     0.000       20.019 
    FA3               full_adder_79           1     20.019     0.000       20.019 
    FA4               full_adder_78           1     20.019     0.000       20.019 
    FA5               full_adder_77           1     20.019     0.000       20.019 
    FA6               full_adder_76           1     20.019     0.000       20.019 
    FA7               full_adder_75           1     20.019     0.000       20.019 
    FA8               full_adder_74           1     20.019     0.000       20.019 
  bypass_loop[3].BPS2 bypass8_5              20    257.747    64.481      322.228 
    FA1               full_adder_73           1     20.019     0.000       20.019 
    FA2               full_adder_72           1     20.019     0.000       20.019 
    FA3               full_adder_71           1     20.019     0.000       20.019 
    FA4               full_adder_70           1     20.019     0.000       20.019 
    FA5               full_adder_69           1     20.019     0.000       20.019 
    FA6               full_adder_68           1     20.019     0.000       20.019 
    FA7               full_adder_67           1     20.019     0.000       20.019 
    FA8               full_adder_66           1     20.019     0.000       20.019 
