============================================================
  Generated by:           Genus(TM) Synthesis Solution 23.12-s086_1
  Generated on:           Apr 02 2025  05:39:06 pm
  Module:                 carry_bypass8_32bits
  Operating conditions:   tt_025C_1v80 
  Interconnect mode:      global
  Area mode:              physical library
============================================================

Timing
-------
  Cost    Critical         Violating 
 Group   Path Slack  TNS     Paths   
-------------------------------------
default    185726.5   0.0          0 
-------------------------------------
Total                 0.0          0 

Instance Count
--------------
Leaf Instance Count             80 
Physical Instance count          0 
Sequential Instance Count        0 
Combinational Instance Count    80 
Hierarchical Instance Count     36 

Area
----
Cell Area                          1030.989
Physical Cell Area                 0.000
Total Cell Area (Cell+Physical)    1030.989
Net Area                           713.121
Total Area (Cell+Physical+Net)     1744.110

Max Fanout                         2 (C[0])
Min Fanout                         1 (Cout)
Average Fanout                     1.4
Terms to net ratio                 1.8305
Terms to instance ratio            4.0500
Runtime                            12.703157 seconds
Elapsed Runtime                    17 seconds
Genus peak memory usage            1891.10 
Innovus peak memory usage          no_value 
Hostname                           cadmicro-inf-el8-623207
