============================================================
  Generated by:           Genus(TM) Synthesis Solution 23.12-s086_1
  Generated on:           Apr 02 2025  05:39:06 pm
  Module:                 carry_bypass8_32bits
  Operating conditions:   tt_025C_1v80 
  Interconnect mode:      global
  Area mode:              physical library
============================================================


Path 1: MET (185726 ps) Path Delay Check
     Startpoint: (F) A[0]
       Endpoint: (R) S[31]

                   Capture    Launch  
      Path Delay:+  200000         -  
      Drv Adjust:+       0         0  
         Arrival:=  200000            
                                      
   Required Time:=  200000            
       Data Path:-   14274            
           Slack:=  185726            

Exceptions/Constraints:
  max_delay            200000           constraints.sdc_line_1 

#---------------------------------------------------------------------------------------------------------------------------------
#             Timing Point               Flags     Arc     Edge          Cell            Fanout Load Trans Delay Arrival Instance 
#                                                                                               (fF)  (ps)  (ps)   (ps)  Location 
#---------------------------------------------------------------------------------------------------------------------------------
  A[0]                                   -       -         F     (arrival)                    2 12.0  1000     0       0    (-,-) 
  BPS1/FA1/g65__2398/COUT                -       B->COUT   F     sky130_fd_sc_hd__fa_1        1  5.8    96   786     786    (-,-) 
  BPS1/FA2/g65__5107/COUT                -       CIN->COUT F     sky130_fd_sc_hd__fa_1        1  5.8    96   396    1182    (-,-) 
  BPS1/FA3/g65__6260/COUT                -       CIN->COUT F     sky130_fd_sc_hd__fa_1        1  5.8    96   396    1578    (-,-) 
  BPS1/FA4/g65__4319/COUT                -       CIN->COUT F     sky130_fd_sc_hd__fa_1        1  5.8    96   396    1975    (-,-) 
  BPS1/FA5/g65__8428/COUT                -       CIN->COUT F     sky130_fd_sc_hd__fa_1        1  5.8    96   396    2371    (-,-) 
  BPS1/FA6/g65__5526/COUT                -       CIN->COUT F     sky130_fd_sc_hd__fa_1        1  5.8    96   396    2767    (-,-) 
  BPS1/FA7/g65__6783/COUT                -       CIN->COUT F     sky130_fd_sc_hd__fa_1        1  5.8    96   396    3164    (-,-) 
  BPS1/FA8/g65__3680/COUT                -       CIN->COUT F     sky130_fd_sc_hd__fa_1        1  3.1    81   373    3537    (-,-) 
  BPS1/g278__1617/X                      -       A0->X     F     sky130_fd_sc_hd__mux2_2      2  8.0    78   292    3829    (-,-) 
  bypass_loop[1].BPS2/FA1/g65__9315/COUT -       CIN->COUT F     sky130_fd_sc_hd__fa_1        1  5.8    96   390    4218    (-,-) 
  bypass_loop[1].BPS2/FA2/g65__9945/COUT -       CIN->COUT F     sky130_fd_sc_hd__fa_1        1  5.8    96   396    4615    (-,-) 
  bypass_loop[1].BPS2/FA3/g65__2883/COUT -       CIN->COUT F     sky130_fd_sc_hd__fa_1        1  5.8    96   396    5011    (-,-) 
  bypass_loop[1].BPS2/FA4/g65__2346/COUT -       CIN->COUT F     sky130_fd_sc_hd__fa_1        1  5.8    96   396    5407    (-,-) 
  bypass_loop[1].BPS2/FA5/g65__1666/COUT -       CIN->COUT F     sky130_fd_sc_hd__fa_1        1  5.8    96   396    5804    (-,-) 
  bypass_loop[1].BPS2/FA6/g65__7410/COUT -       CIN->COUT F     sky130_fd_sc_hd__fa_1        1  5.8    96   396    6200    (-,-) 
  bypass_loop[1].BPS2/FA7/g65__6417/COUT -       CIN->COUT F     sky130_fd_sc_hd__fa_1        1  5.8    96   396    6596    (-,-) 
  bypass_loop[1].BPS2/FA8/g65__5477/COUT -       CIN->COUT F     sky130_fd_sc_hd__fa_1        1  3.1    81   373    6970    (-,-) 
  bypass_loop[1].BPS2/g278__2398/X       -       A0->X     F     sky130_fd_sc_hd__mux2_2      2  8.0    64   292    7261    (-,-) 
  bypass_loop[2].BPS2/FA1/g65__8246/COUT -       CIN->COUT F     sky130_fd_sc_hd__fa_1        1  5.8    96   385    7646    (-,-) 
  bypass_loop[2].BPS2/FA2/g65__7098/COUT -       CIN->COUT F     sky130_fd_sc_hd__fa_1        1  5.8    96   396    8042    (-,-) 
  bypass_loop[2].BPS2/FA3/g65__6131/COUT -       CIN->COUT F     sky130_fd_sc_hd__fa_1        1  5.8    96   396    8439    (-,-) 
  bypass_loop[2].BPS2/FA4/g65__1881/COUT -       CIN->COUT F     sky130_fd_sc_hd__fa_1        1  5.8    96   396    8835    (-,-) 
  bypass_loop[2].BPS2/FA5/g65__5115/COUT -       CIN->COUT F     sky130_fd_sc_hd__fa_1        1  5.8    96   396    9231    (-,-) 
  bypass_loop[2].BPS2/FA6/g65__7482/COUT -       CIN->COUT F     sky130_fd_sc_hd__fa_1        1  5.8    96   396    9628    (-,-) 
  bypass_loop[2].BPS2/FA7/g65__4733/COUT -       CIN->COUT F     sky130_fd_sc_hd__fa_1        1  5.8    96   396   10024    (-,-) 
  bypass_loop[2].BPS2/FA8/g65__6161/COUT -       CIN->COUT F     sky130_fd_sc_hd__fa_1        1  3.1    81   373   10397    (-,-) 
  bypass_loop[2].BPS2/g278__9315/X       -       A0->X     F     sky130_fd_sc_hd__mux2_2      2  8.0    64   292   10689    (-,-) 
  bypass_loop[3].BPS2/FA1/g65__8428/COUT -       CIN->COUT F     sky130_fd_sc_hd__fa_1        1  5.8    96   385   11074    (-,-) 
  bypass_loop[3].BPS2/FA2/g65__5526/COUT -       CIN->COUT F     sky130_fd_sc_hd__fa_1        1  5.8    96   396   11470    (-,-) 
  bypass_loop[3].BPS2/FA3/g65__6783/COUT -       CIN->COUT F     sky130_fd_sc_hd__fa_1        1  5.8    96   396   11866    (-,-) 
  bypass_loop[3].BPS2/FA4/g65__3680/COUT -       CIN->COUT F     sky130_fd_sc_hd__fa_1        1  5.8    96   396   12263    (-,-) 
  bypass_loop[3].BPS2/FA5/g65__1617/COUT -       CIN->COUT F     sky130_fd_sc_hd__fa_1        1  5.8    96   396   12659    (-,-) 
  bypass_loop[3].BPS2/FA6/g65__2802/COUT -       CIN->COUT F     sky130_fd_sc_hd__fa_1        1  5.8    96   396   13055    (-,-) 
  bypass_loop[3].BPS2/FA7/g65__1705/COUT -       CIN->COUT F     sky130_fd_sc_hd__fa_1        1  5.8    96   396   13452    (-,-) 
  bypass_loop[3].BPS2/FA8/g65__5122/SUM  -       CIN->SUM  R     sky130_fd_sc_hd__fa_1        1 51.3   506   822   14273    (-,-) 
  S[31]                                  <<<     -         R     (port)                       -    -     -     0   14274    (-,-) 
#---------------------------------------------------------------------------------------------------------------------------------

