============================================================
  Generated by:           Genus(TM) Synthesis Solution 23.12-s086_1
  Generated on:           Apr 09 2025  12:49:31 pm
  Module:                 carry_select_adder_56678_32bits
  Operating conditions:   tt_025C_1v80 
  Interconnect mode:      global
  Area mode:              physical library
============================================================

Timing
-------
  Cost    Critical         Violating 
 Group   Path Slack  TNS     Paths   
-------------------------------------
default        12.2   0.0          0 
-------------------------------------
Total                 0.0          0 

Instance Count
--------------
Leaf Instance Count             105 
Physical Instance count           0 
Sequential Instance Count         0 
Combinational Instance Count    105 
Hierarchical Instance Count      68 

Area
----
Cell Area                          1577.763
Physical Cell Area                 0.000
Total Cell Area (Cell+Physical)    1577.763
Net Area                           910.655
Total Area (Cell+Physical+Net)     2488.418

Max Fanout                         9 (n_2)
Min Fanout                         1 (C0[1])
Average Fanout                     1.4
Terms to net ratio                 1.9688
Terms to instance ratio            4.2000
Runtime                            13.662648 seconds
Elapsed Runtime                    16 seconds
Genus peak memory usage            1891.46 
Innovus peak memory usage          no_value 
Hostname                           cadmicro-inf-el8-623207
