============================================================
  Generated by:           Genus(TM) Synthesis Solution 23.12-s086_1
  Generated on:           Apr 09 2025  12:49:31 pm
  Module:                 carry_select_adder_56678_32bits
  Operating conditions:   tt_025C_1v80 
  Interconnect mode:      global
  Area mode:              physical library
============================================================


Path 1: MET (12 ps) Path Delay Check
     Startpoint: (F) A[0]
       Endpoint: (F) Cout

                   Capture    Launch  
      Path Delay:+    4350         -  
      Drv Adjust:+       0         0  
         Arrival:=    4350            
                                      
   Required Time:=    4350            
       Data Path:-    4338            
           Slack:=      12            

Exceptions/Constraints:
  max_delay             4350            constraints.sdc_line_1 

#----------------------------------------------------------------------------------------------------------------------------------------
#                Timing Point                  Flags     Arc     Edge           Cell            Fanout Load Trans Delay Arrival Instance 
#                                                                                                      (fF)  (ps)  (ps)   (ps)  Location 
#----------------------------------------------------------------------------------------------------------------------------------------
  A[0]                                         -       -         F     (arrival)                     1  3.6  1000     0       0    (-,-) 
  RCA_LSB/F1A/g76/COUT                         -       CI->COUT  F     sky130_fd_sc_hd__fah_1        1  3.6    87   611     611    (-,-) 
  RCA_LSB/full_adder_loop[1].FA/g57__7482/COUT -       CI->COUT  F     sky130_fd_sc_hd__fah_1        1  5.8    73   275     886    (-,-) 
  RCA_LSB/full_adder_loop[2].FA/g57__4733/COUT -       CIN->COUT F     sky130_fd_sc_hd__fa_1         1  5.8    96   388    1274    (-,-) 
  RCA_LSB/full_adder_loop[3].FA/g57__6161/COUT -       CIN->COUT F     sky130_fd_sc_hd__fa_1         1  5.8    96   396    1670    (-,-) 
  RCA_LSB/full_adder_loop[4].FA/g57__9315/COUT -       CIN->COUT F     sky130_fd_sc_hd__fa_1         7 29.6   200   527    2197    (-,-) 
  g610__2346/Y                                 -       S->Y      R     sky130_fd_sc_hd__mux2i_2      7 32.0   491   479    2676    (-,-) 
  g603__5115/Y                                 -       S->Y      R     sky130_fd_sc_hd__mux2i_2      8 36.0   542   561    3237    (-,-) 
  g592__5526/Y                                 -       S->Y      R     sky130_fd_sc_hd__mux2i_2      9 36.7   550   572    3808    (-,-) 
  g586__5477/X                                 -       S->X      F     sky130_fd_sc_hd__mux2_2       1 51.3   158   529    4337    (-,-) 
  Cout                                         -       -         F     (port)                        -    -     -     0    4338    (-,-) 
#----------------------------------------------------------------------------------------------------------------------------------------

