Hinst Name                           Module Name                     Inst Count           Total Area               Buffer             Inverter        Combinational                 Flop                Latch           Clock Gate                Macro             Physical
-------------------------------------------------------------------------------------------------------------------------------------------------------------------------------------------------------------------------------------------------------------------------------------
carry_increment_32bits                                                      790             4692.000               52.550              350.336             2820.205                0.000                0.000                0.000                0.000             1468.909
  RCA1                               ripple_carry_adder_WIDTH4               26              177.670                0.000               15.014              162.656                0.000                0.000                0.000                0.000                0.000
    RCA1/F1A                         full_adder                               7               46.294                0.000                7.507               38.787                0.000                0.000                0.000                0.000                0.000
    RCA1/full_adder_loop[1].FA       full_adder_91                            8               45.043                0.000                7.507               37.536                0.000                0.000                0.000                0.000                0.000
    RCA1/full_adder_loop[2].FA       full_adder_90                            6               40.038                0.000                0.000               40.038                0.000                0.000                0.000                0.000                0.000
    RCA1/full_adder_loop[3].FA       full_adder_89                            5               46.294                0.000                0.000               46.294                0.000                0.000                0.000                0.000                0.000
  RCAS[1].RCA2                       ripple_carry_adder_WIDTH4_7_98          24              187.680                0.000               20.019              167.661                0.000                0.000                0.000                0.000                0.000
    RCAS[1].RCA2/F1A                 full_adder_24_93                         4               20.019                0.000                3.754               16.266                0.000                0.000                0.000                0.000                0.000
    RCAS[1].RCA2/full_adder_loop[1].FA full_adder_88                            7               67.565                0.000                8.758               58.806                0.000                0.000                0.000                0.000                0.000
    RCAS[1].RCA2/full_adder_loop[2].FA full_adder_87                            8               58.806                0.000                7.507               51.299                0.000                0.000                0.000                0.000                0.000
    RCAS[1].RCA2/full_adder_loop[3].FA full_adder_86                            5               41.290                0.000                0.000               41.290                0.000                0.000                0.000                0.000                0.000
  RCAS[2].RCA2                       ripple_carry_adder_WIDTH4_7_99          24              176.419                0.000               23.773              152.646                0.000                0.000                0.000                0.000                0.000
    RCAS[2].RCA2/F1A                 full_adder_24_94                         5               23.773                0.000                7.507               16.266                0.000                0.000                0.000                0.000                0.000
    RCAS[2].RCA2/full_adder_loop[1].FA full_adder_85                            7               48.797                0.000                8.758               40.038                0.000                0.000                0.000                0.000                0.000
    RCAS[2].RCA2/full_adder_loop[2].FA full_adder_84                            7               60.058                0.000                7.507               52.550                0.000                0.000                0.000                0.000                0.000
    RCAS[2].RCA2/full_adder_loop[3].FA full_adder_83                            5               43.792                0.000                0.000               43.792                0.000                0.000                0.000                0.000                0.000
  RCAS[3].RCA2                       ripple_carry_adder_WIDTH4_7_100         24              221.462                0.000               20.019              201.443                0.000                0.000                0.000                0.000                0.000
    RCAS[3].RCA2/F1A                 full_adder_24_95                         4               25.024                0.000                7.507               17.517                0.000                0.000                0.000                0.000                0.000
    RCAS[3].RCA2/full_adder_loop[1].FA full_adder_82                            7               43.792                0.000                3.754               40.038                0.000                0.000                0.000                0.000                0.000
    RCAS[3].RCA2/full_adder_loop[2].FA full_adder_81                            7               86.333                0.000                8.758               77.574                0.000                0.000                0.000                0.000                0.000
    RCAS[3].RCA2/full_adder_loop[3].FA full_adder_80                            6               66.314                0.000                0.000               66.314                0.000                0.000                0.000                0.000                0.000
  RCAS[4].RCA2                       ripple_carry_adder_WIDTH4_7_101         28              206.448                0.000               28.778              177.670                0.000                0.000                0.000                0.000                0.000
    RCAS[4].RCA2/F1A                 full_adder_24_96                         4               22.522                0.000                7.507               15.014                0.000                0.000                0.000                0.000                0.000
    RCAS[4].RCA2/full_adder_loop[1].FA full_adder_79                            8               51.299                0.000                8.758               42.541                0.000                0.000                0.000                0.000                0.000
    RCAS[4].RCA2/full_adder_loop[2].FA full_adder_78                            7               65.062                0.000                7.507               57.555                0.000                0.000                0.000                0.000                0.000
    RCAS[4].RCA2/full_adder_loop[3].FA full_adder_77                            9               67.565                0.000                5.005               62.560                0.000                0.000                0.000                0.000                0.000
  RCAS[5].RCA2                       ripple_carry_adder_WIDTH4_7_102         28              269.008                0.000               58.806              210.202                0.000                0.000                0.000                0.000                0.000
    RCAS[5].RCA2/F1A                 full_adder_24_97                         5               36.285                0.000               17.517               18.768                0.000                0.000                0.000                0.000                0.000
    RCAS[5].RCA2/full_adder_loop[1].FA full_adder_76                            8               87.584                0.000               25.024               62.560                0.000                0.000                0.000                0.000                0.000
    RCAS[5].RCA2/full_adder_loop[2].FA full_adder_75                            7               77.574                0.000                8.758               68.816                0.000                0.000                0.000                0.000                0.000
    RCAS[5].RCA2/full_adder_loop[3].FA full_adder_74                            8               67.565                0.000                7.507               60.058                0.000                0.000                0.000                0.000                0.000
  RCAS[6].RCA2                       ripple_carry_adder_WIDTH4_7_103         23              200.192                0.000               26.275              173.917                0.000                0.000                0.000                0.000                0.000
    RCAS[6].RCA2/F1A                 full_adder_24                            5               26.275                0.000                7.507               18.768                0.000                0.000                0.000                0.000                0.000
    RCAS[6].RCA2/full_adder_loop[1].FA full_adder_73                            7               83.830                0.000               11.261               72.570                0.000                0.000                0.000                0.000                0.000
    RCAS[6].RCA2/full_adder_loop[2].FA full_adder_72                            7               51.299                0.000                7.507               43.792                0.000                0.000                0.000                0.000                0.000
    RCAS[6].RCA2/full_adder_loop[3].FA full_adder_71                            4               38.787                0.000                0.000               38.787                0.000                0.000                0.000                0.000                0.000
  RCAS[7].RCA2                       ripple_carry_adder_WIDTH4_7              9              142.637                0.000               15.014              127.622                0.000                0.000                0.000                0.000                0.000
    RCAS[7].RCA2/F1A                 full_adder_24_92                         1               25.024                0.000                0.000               25.024                0.000                0.000                0.000                0.000                0.000
    RCAS[7].RCA2/full_adder_loop[1].FA full_adder_70                            5               48.797                0.000               15.014               33.782                0.000                0.000                0.000                0.000                0.000
    RCAS[7].RCA2/full_adder_loop[2].FA full_adder_69                            1               33.782                0.000                0.000               33.782                0.000                0.000                0.000                0.000                0.000
    RCAS[7].RCA2/full_adder_loop[3].FA full_adder_68                            2               35.034                0.000                0.000               35.034                0.000                0.000                0.000                0.000                0.000
