###############################################################
#  Generated by:      Cadence Innovus 23.32-s091_1
#  OS:                Linux x86_64(Host ID cadmicro-inf-el8-623207)
#  Generated on:      Mon Apr  7 17:12:17 2025
#  Design:            carry_increment_32bits
#  Command:           report_timing > reports/report_timing.rpt
###############################################################
Path 1: VIOLATED Path Delay Check
Endpoint:   S[20] (v)
Beginpoint: A[9]  (v) triggered by  leading edge of '@'
Path Groups: {default}
Analysis View: default_emulate_view
- External Delay                0.000
+ Path Delay                    1.816
= Required Time                 1.816
- Arrival Time                  1.848
= Slack Time                   -0.032
     Clock Rise Edge                      0.000
     + Input Delay                        0.000
     = Beginpoint Arrival Time            0.000
     +-------------------------------------------------------------------------------------------------------------------------+ 
     |                   Instance                    |      Arc      |            Cell            | Delay | Arrival | Required | 
     |                                               |               |                            |       |  Time   |   Time   | 
     |-----------------------------------------------+---------------+----------------------------+-------+---------+----------| 
     |                                               | A[9] v        |                            |       |   0.000 |   -0.032 | 
     | RCAS[2].RCA2/full_adder_loop[1].FA/g171__9945 | A_N v -> Y v  | sky130_fd_sc_hd__nand2b_1  | 0.449 |   0.449 |    0.417 | 
     | RCAS[2].RCA2/full_adder_loop[1].FA/g163__6161 | A v -> Y ^    | sky130_fd_sc_hd__nand2_1   | 0.078 |   0.526 |    0.494 | 
     | RCAS[2].RCA2/full_adder_loop[1].FA/g161__7482 | A ^ -> Y v    | sky130_fd_sc_hd__nand2_2   | 0.080 |   0.606 |    0.574 | 
     | RCAS[2].RCA2/full_adder_loop[2].FA/g97__7410  | A v -> Y ^    | sky130_fd_sc_hd__nand2_2   | 0.079 |   0.685 |    0.653 | 
     | RCAS[2].RCA2/full_adder_loop[2].FA/g2         | B1 ^ -> Y v   | sky130_fd_sc_hd__o21ai_2   | 0.073 |   0.757 |    0.725 | 
     | RCAS[2].RCA2/full_adder_loop[3].FA/g58__6260  | B2 v -> Y ^   | sky130_fd_sc_hd__o2bb2ai_2 | 0.172 |   0.929 |    0.897 | 
     | g6089__2883                                   | A ^ -> X ^    | sky130_fd_sc_hd__and3_4    | 0.213 |   1.142 |    1.110 | 
     | g6057__2346                                   | A ^ -> Y v    | sky130_fd_sc_hd__nand2_4   | 0.061 |   1.203 |    1.171 | 
     | g6049__7482                                   | A v -> Y ^    | sky130_fd_sc_hd__nand2_8   | 0.097 |   1.300 |    1.267 | 
     | g5997__6260                                   | B ^ -> COUT ^ | sky130_fd_sc_hd__ha_4      | 0.160 |   1.459 |    1.427 | 
     | g5978__9945                                   | S ^ -> X v    | sky130_fd_sc_hd__mux2_4    | 0.387 |   1.847 |    1.814 | 
     |                                               | S[20] v       |                            | 0.002 |   1.848 |    1.816 | 
     +-------------------------------------------------------------------------------------------------------------------------+ 

