============================================================
  Generated by:           Genus(TM) Synthesis Solution 23.12-s086_1
  Generated on:           Apr 07 2025  06:28:48 pm
  Module:                 carry_select_adder_56678_32bits
  Operating conditions:   tt_025C_1v80 
  Interconnect mode:      global
  Area mode:              physical library
============================================================


Path 1: VIOLATED (-8 ps) Path Delay Check
     Startpoint: (F) A[18]
       Endpoint: (F) S[25]

                   Capture    Launch  
      Path Delay:+    1700         -  
      Drv Adjust:+       0         0  
         Arrival:=    1700            
                                      
   Required Time:=    1700            
       Data Path:-    1708            
           Slack:=      -8            

Exceptions/Constraints:
  max_delay             1700            constraints.sdc_line_1 

#------------------------------------------------------------------------------------------------------------------------------------------------
#                      Timing Point                       Flags   Arc   Edge           Cell             Fanout Load Trans Delay Arrival Instance 
#                                                                                                              (fF)  (ps)  (ps)   (ps)  Location 
#------------------------------------------------------------------------------------------------------------------------------------------------
  A[18]                                                   -       -     F     (arrival)                      2  5.9  1000     0       0    (-,-) 
  g17180/X                                                -       A->X  F     sky130_fd_sc_hd__clkbuf_1      1  6.1    64   328     328    (-,-) 
  CSA_BLOCKS[3].RCA_C1/full_adder_loop[1].FA/g147/Y       -       A->Y  R     sky130_fd_sc_hd__clkinv_2      2  8.9    42    61     390    (-,-) 
  CSA_BLOCKS[3].RCA_C1/full_adder_loop[1].FA/g142__8428/Y -       A->Y  F     sky130_fd_sc_hd__nand2_1       1  5.5    49    57     447    (-,-) 
  CSA_BLOCKS[3].RCA_C1/full_adder_loop[1].FA/g140__6260/Y -       B->Y  R     sky130_fd_sc_hd__nand2_2       1 10.1    72    84     531    (-,-) 
  CSA_BLOCKS[3].RCA_C1/full_adder_loop[1].FA/g138__2398/Y -       A->Y  F     sky130_fd_sc_hd__nand2_4       2 11.8    42    55     586    (-,-) 
  CSA_BLOCKS[3].RCA_C1/full_adder_loop[2].FA/g86__1617/Y  -       A->Y  R     sky130_fd_sc_hd__nand2_4       1 10.1    52    58     644    (-,-) 
  CSA_BLOCKS[3].RCA_C1/full_adder_loop[2].FA/g84__6783/Y  -       A->Y  F     sky130_fd_sc_hd__nand2_4       2 11.8    38    50     695    (-,-) 
  CSA_BLOCKS[3].RCA_C1/full_adder_loop[3].FA/g86__6131/Y  -       A->Y  R     sky130_fd_sc_hd__nand2_4       1 10.1    52    56     751    (-,-) 
  CSA_BLOCKS[3].RCA_C1/full_adder_loop[3].FA/g84__8246/Y  -       A->Y  F     sky130_fd_sc_hd__nand2_4       2 11.8    40    50     802    (-,-) 
  CSA_BLOCKS[3].RCA_C1/full_adder_loop[4].FA/g86__9315/Y  -       A->Y  R     sky130_fd_sc_hd__nand2_4       1 10.1    52    57     859    (-,-) 
  CSA_BLOCKS[3].RCA_C1/full_adder_loop[4].FA/g84__4733/Y  -       A->Y  F     sky130_fd_sc_hd__nand2_4       2 11.8    38    50     909    (-,-) 
  CSA_BLOCKS[3].RCA_C1/full_adder_loop[5].FA/g86__6417/Y  -       A->Y  R     sky130_fd_sc_hd__nand2_4       1 10.1    52    56     966    (-,-) 
  CSA_BLOCKS[3].RCA_C1/full_adder_loop[5].FA/g84__1666/Y  -       A->Y  F     sky130_fd_sc_hd__nand2_4       2 11.8    38    50    1016    (-,-) 
  CSA_BLOCKS[3].RCA_C1/full_adder_loop[6].FA/g86__8428/Y  -       A->Y  R     sky130_fd_sc_hd__nand2_4       1 10.1    52    56    1072    (-,-) 
  CSA_BLOCKS[3].RCA_C1/full_adder_loop[6].FA/g84__6260/Y  -       A->Y  F     sky130_fd_sc_hd__nand2_4       2 10.5    36    48    1121    (-,-) 
  g99/Y                                                   -       A->Y  R     sky130_fd_sc_hd__nand2_2       1 10.1    72    69    1190    (-,-) 
  g17250/Y                                                -       A->Y  F     sky130_fd_sc_hd__nand2_4       2 14.5    46    60    1250    (-,-) 
  g17262/Y                                                -       A->Y  R     sky130_fd_sc_hd__nand2_2       1 10.6    75    76    1326    (-,-) 
  g17260/Y                                                -       B->Y  F     sky130_fd_sc_hd__nand2_4       9 38.2    92   100    1426    (-,-) 
  g17050__17266/X                                         -       A1->X F     sky130_fd_sc_hd__a21o_4        1 51.3    90   281    1708    (-,-) 
  S[25]                                                   <<<     -     F     (port)                         -    -     -     0    1708    (-,-) 
#------------------------------------------------------------------------------------------------------------------------------------------------

