============================================================
  Generated by:           Genus(TM) Synthesis Solution 23.12-s086_1
  Generated on:           Apr 07 2025  06:28:48 pm
  Module:                 carry_select_adder_56678_32bits
  Operating conditions:   tt_025C_1v80 
  Interconnect mode:      global
  Area mode:              physical library
============================================================

Timing
-------
  Cost    Critical           Violating 
 Group   Path Slack   TNS      Paths   
---------------------------------------
default        -8.1   -32.5         10 
---------------------------------------
Total                 -32.5         10 

Instance Count
--------------
Leaf Instance Count             622 
Physical Instance count           0 
Sequential Instance Count         0 
Combinational Instance Count    622 
Hierarchical Instance Count      68 

Area
----
Cell Area                          4010.096
Physical Cell Area                 0.000
Total Cell Area (Cell+Physical)    4010.096
Net Area                           2981.621
Total Area (Cell+Physical+Net)     6991.717

Max Fanout                         9 (n_514)
Min Fanout                         1 (C0[1])
Average Fanout                     1.6
Terms to net ratio                 2.4240
Terms to instance ratio            2.6929
Runtime                            28.485969 seconds
Elapsed Runtime                    30 seconds
Genus peak memory usage            1900.01 
Innovus peak memory usage          no_value 
Hostname                           cadmicro-inf-el8-623207
