============================================================
  Generated by:           Genus(TM) Synthesis Solution 23.12-s086_1
  Generated on:           Apr 07 2025  06:28:48 pm
  Module:                 carry_select_adder_56678_32bits
  Operating conditions:   tt_025C_1v80 
  Interconnect mode:      global
  Area mode:              physical library
============================================================

            Instance                         Module              Cell-Count  Cell-Area  Net-Area   Total-Area 
--------------------------------------------------------------------------------------------------------------
carry_select_adder_56678_32bits NA                                      622   4010.096  2981.621     6991.717 
  CSA_BLOCKS[1].RCA_C0          ripple_carry_adder_WIDTH6                46    291.530   155.503      447.033 
    F1A                         full_adder_32_230                         2     17.517     0.000       17.517 
    full_adder_loop[1].FA       full_adder_224                           10     60.058    33.763       93.821 
    full_adder_loop[2].FA       full_adder_223                           11     56.304    37.157       93.461 
    full_adder_loop[3].FA       full_adder_222                            8     53.802    20.362       74.164 
    full_adder_loop[4].FA       full_adder_221                            7     50.048    16.969       67.017 
    full_adder_loop[5].FA       full_adder_220                            8     53.802    22.016       75.817 
  CSA_BLOCKS[1].RCA_C1          ripple_carry_adder_WIDTH6_3_234          47    296.534   155.590      452.124 
    F1A                         full_adder_38_231                         4     20.019    10.094       30.113 
    full_adder_loop[1].FA       full_adder_206                           11     70.067    37.157      107.224 
    full_adder_loop[2].FA       full_adder_205                            9     51.299    23.756       75.055 
    full_adder_loop[3].FA       full_adder_204                            8     51.299    20.362       71.662 
    full_adder_loop[4].FA       full_adder_203                            7     50.048    16.969       67.017 
    full_adder_loop[5].FA       full_adder_202                            8     53.802    22.016       75.817 
  CSA_BLOCKS[2].RCA_C0          ripple_carry_adder_WIDTH6_233            44    265.254   143.755      409.010 
    F1A                         full_adder_32                             4     22.522    10.094       32.616 
    full_adder_loop[1].FA       full_adder_201                           10     57.555    33.763       91.319 
    full_adder_loop[2].FA       full_adder_200                            9     48.797    23.756       72.553 
    full_adder_loop[3].FA       full_adder_199                            8     47.546    20.362       67.908 
    full_adder_loop[4].FA       full_adder_198                            6     40.038    13.575       53.613 
    full_adder_loop[5].FA       full_adder_197                            7     48.797    16.969       65.766 
  CSA_BLOCKS[2].RCA_C1          ripple_carry_adder_WIDTH6_3              47    289.027   160.550      449.577 
    F1A                         full_adder_38                             4     30.029    10.094       40.123 
    full_adder_loop[1].FA       full_adder_196                           10     55.053    33.763       88.816 
    full_adder_loop[2].FA       full_adder_195                           11     57.555    37.157       94.712 
    full_adder_loop[3].FA       full_adder_194                            8     48.797    20.362       69.159 
    full_adder_loop[4].FA       full_adder_193                            7     50.048    16.969       67.017 
    full_adder_loop[5].FA       full_adder_192                            7     47.546    16.969       64.514 
  CSA_BLOCKS[3].RCA_C0          ripple_carry_adder_WIDTH7                53    424.157   182.566      606.723 
    F1A                         full_adder_11                             4     26.275    10.094       36.369 
    full_adder_loop[1].FA       full_adder_219                            9     85.082    30.370      115.451 
    full_adder_loop[2].FA       full_adder_218                           11     70.067    37.157      107.224 
    full_adder_loop[3].FA       full_adder_217                            8     61.309    20.362       81.671 
    full_adder_loop[4].FA       full_adder_216                            7     60.058    16.969       77.026 
    full_adder_loop[5].FA       full_adder_215                            7     60.058    16.969       77.026 
    full_adder_loop[6].FA       full_adder_214                            7     61.309    20.362       81.671 
  CSA_BLOCKS[3].RCA_C1          ripple_carry_adder_WIDTH7_1              57    432.915   194.401      627.316 
    F1A                         full_adder_51_232                         5     26.275    13.488       39.763 
    full_adder_loop[1].FA       full_adder_191                           11     66.314    37.157      103.471 
    full_adder_loop[2].FA       full_adder_190                           11     77.574    37.157      114.732 
    full_adder_loop[3].FA       full_adder_189                            8     63.811    20.362       84.174 
    full_adder_loop[4].FA       full_adder_188                            7     65.062    16.969       82.031 
    full_adder_loop[5].FA       full_adder_187                            7     65.062    16.969       82.031 
    full_adder_loop[6].FA       full_adder_186                            8     68.816    22.016       90.832 
  CSA_BLOCKS[4].RCA_C0          ripple_carry_adder_WIDTH8                54    327.814   187.526      515.340 
    F1A                         full_adder_11_229                         4     20.019    10.094       30.113 
    full_adder_loop[1].FA       full_adder_213                           10     50.048    33.763       83.811 
    full_adder_loop[2].FA       full_adder_212                           10     50.048    33.763       83.811 
    full_adder_loop[3].FA       full_adder_211                            6     37.536    13.575       51.111 
    full_adder_loop[4].FA       full_adder_210                            6     37.536    13.575       51.111 
    full_adder_loop[5].FA       full_adder_209                            6     40.038    13.575       53.613 
    full_adder_loop[6].FA       full_adder_208                            6     45.043    13.575       58.618 
    full_adder_loop[7].FA       full_adder_207                            6     47.546    18.622       66.168 
  CSA_BLOCKS[4].RCA_C1          ripple_carry_adder_WIDTH8_1              48    297.786   163.944      461.729 
    F1A                         full_adder_51                             4     20.019    10.094       30.113 
    full_adder_loop[1].FA       full_adder_185                           10     47.546    33.763       81.309 
    full_adder_loop[2].FA       full_adder_184                            6     37.536    13.575       51.111 
    full_adder_loop[3].FA       full_adder_183                            6     40.038    13.575       53.613 
    full_adder_loop[4].FA       full_adder_182                            6     37.536    13.575       51.111 
    full_adder_loop[5].FA       full_adder_181                            6     35.034    13.575       48.609 
    full_adder_loop[6].FA       full_adder_180                            5     37.536    13.575       51.111 
    full_adder_loop[7].FA       full_adder_179                            5     42.541    16.882       59.422 
  RCA_LSB                       ripple_carry_adder_WIDTH5                40    280.269   136.881      417.150 
    F1A                         full_adder                                9     62.560    30.370       92.930 
    full_adder_loop[1].FA       full_adder_228                           11     56.304    37.157       93.461 
    full_adder_loop[2].FA       full_adder_227                            8     53.802    22.016       75.817 
    full_adder_loop[3].FA       full_adder_226                            6     46.294    13.575       59.869 
    full_adder_loop[4].FA       full_adder_225                            6     61.309    13.575       74.884 
