###############################################################
#  Generated by:      Cadence Innovus 23.32-s091_1
#  OS:                Linux x86_64(Host ID cadmicro-inf-el8-623207)
#  Generated on:      Mon Apr  7 17:40:57 2025
#  Design:            carry_select_adder
#  Command:           report_timing > reports/report_timing.rpt
###############################################################
Path 1: MET Path Delay Check
Endpoint:   S[31] (^)
Beginpoint: B[21] (v) triggered by  leading edge of '@'
Path Groups: {default}
Analysis View: default_emulate_view
- External Delay                0.000
+ Path Delay                    2.107
= Required Time                 2.107
- Arrival Time                  2.106
= Slack Time                    0.001
     Clock Rise Edge                      0.000
     + Input Delay                        0.000
     = Beginpoint Arrival Time            0.000
     +--------------------------------------------------------------------------------------------------------------------------+ 
     |                      Instance                      |     Arc     |           Cell           | Delay | Arrival | Required | 
     |                                                    |             |                          |       |  Time   |   Time   | 
     |----------------------------------------------------+-------------+--------------------------+-------+---------+----------| 
     |                                                    | B[21] v     |                          |       |   0.000 |    0.001 | 
     | CSA_BLOCKS[3].RCA_C1/full_adder_loop[3].FA/g2__511 | B v -> X v  | sky130_fd_sc_hd__or2_1   | 0.554 |   0.554 |    0.556 | 
     | 5                                                  |             |                          |       |         |          | 
     | CSA_BLOCKS[3].RCA_C1/full_adder_loop[3].FA/g124__7 | B v -> Y ^  | sky130_fd_sc_hd__nand2_2 | 0.096 |   0.650 |    0.651 | 
     | 098                                                |             |                          |       |         |          | 
     | CSA_BLOCKS[3].RCA_C1/full_adder_loop[3].FA/g122__5 | A ^ -> Y v  | sky130_fd_sc_hd__nand2_4 | 0.058 |   0.708 |    0.709 | 
     | 122                                                |             |                          |       |         |          | 
     | CSA_BLOCKS[3].RCA_C1/full_adder_loop[4].FA/g124__6 | A v -> Y ^  | sky130_fd_sc_hd__nand2_4 | 0.065 |   0.773 |    0.774 | 
     | 161                                                |             |                          |       |         |          | 
     | CSA_BLOCKS[3].RCA_C1/full_adder_loop[4].FA/g122__7 | A ^ -> Y v  | sky130_fd_sc_hd__nand2_4 | 0.055 |   0.828 |    0.829 | 
     | 482                                                |             |                          |       |         |          | 
     | CSA_BLOCKS[3].RCA_C1/full_adder_loop[5].FA/g124__7 | A v -> Y ^  | sky130_fd_sc_hd__nand2_4 | 0.065 |   0.893 |    0.894 | 
     | 410                                                |             |                          |       |         |          | 
     | CSA_BLOCKS[3].RCA_C1/full_adder_loop[5].FA/g122__2 | A ^ -> Y v  | sky130_fd_sc_hd__nand2_4 | 0.051 |   0.944 |    0.945 | 
     | 346                                                |             |                          |       |         |          | 
     | CSA_BLOCKS[3].RCA_C1/full_adder_loop[6].FA/g124__4 | A v -> Y ^  | sky130_fd_sc_hd__nand2_4 | 0.063 |   1.007 |    1.008 | 
     | 319                                                |             |                          |       |         |          | 
     | CSA_BLOCKS[3].RCA_C1/full_adder_loop[6].FA/g122__5 | A ^ -> Y v  | sky130_fd_sc_hd__nand2_4 | 0.052 |   1.059 |    1.060 | 
     | 107                                                |             |                          |       |         |          | 
     | CSA_BLOCKS[3].RCA_C1/full_adder_loop[7].FA/g124__2 | A v -> Y ^  | sky130_fd_sc_hd__nand2_4 | 0.063 |   1.123 |    1.124 | 
     | 802                                                |             |                          |       |         |          | 
     | CSA_BLOCKS[3].RCA_C1/full_adder_loop[7].FA/g122__3 | A ^ -> Y v  | sky130_fd_sc_hd__nand2_4 | 0.051 |   1.173 |    1.175 | 
     | 680                                                |             |                          |       |         |          | 
     | CSA_BLOCKS[3].RCA_C1/full_adder_loop[8].FA/g124__1 | A v -> Y ^  | sky130_fd_sc_hd__nand2_4 | 0.064 |   1.237 |    1.238 | 
     | 881                                                |             |                          |       |         |          | 
     | CSA_BLOCKS[3].RCA_C1/full_adder_loop[8].FA/g122__7 | A ^ -> Y v  | sky130_fd_sc_hd__nand2_4 | 0.052 |   1.289 |    1.290 | 
     | 098                                                |             |                          |       |         |          | 
     | CSA_BLOCKS[3].RCA_C1/full_adder_loop[9].FA/g124__9 | A v -> Y ^  | sky130_fd_sc_hd__nand2_4 | 0.064 |   1.353 |    1.354 | 
     | 945                                                |             |                          |       |         |          | 
     | CSA_BLOCKS[3].RCA_C1/full_adder_loop[9].FA/g122__6 | A ^ -> Y v  | sky130_fd_sc_hd__nand2_4 | 0.051 |   1.403 |    1.405 | 
     | 161                                                |             |                          |       |         |          | 
     | CSA_BLOCKS[3].RCA_C1/full_adder_loop[10].FA/g124__ | A v -> Y ^  | sky130_fd_sc_hd__nand2_4 | 0.066 |   1.470 |    1.471 | 
     | 5477                                               |             |                          |       |         |          | 
     | CSA_BLOCKS[3].RCA_C1/full_adder_loop[10].FA/g122__ | A ^ -> Y v  | sky130_fd_sc_hd__nand2_4 | 0.056 |   1.525 |    1.527 | 
     | 7410                                               |             |                          |       |         |          | 
     | CSA_BLOCKS[3].RCA_C1/full_adder_loop[11].FA/g125__ | A v -> Y ^  | sky130_fd_sc_hd__nand2_4 | 0.065 |   1.590 |    1.591 | 
     | 5526                                               |             |                          |       |         |          | 
     | CSA_BLOCKS[3].RCA_C1/full_adder_loop[11].FA/g123__ | A ^ -> Y v  | sky130_fd_sc_hd__nand2_4 | 0.054 |   1.645 |    1.646 | 
     | 4319                                               |             |                          |       |         |          | 
     | CSA_BLOCKS[3].RCA_C1/full_adder_loop[12].FA/g125__ | A v -> Y ^  | sky130_fd_sc_hd__nand2_4 | 0.064 |   1.708 |    1.710 | 
     | 5122                                               |             |                          |       |         |          | 
     | CSA_BLOCKS[3].RCA_C1/full_adder_loop[12].FA/g123__ | A ^ -> Y v  | sky130_fd_sc_hd__nand2_4 | 0.054 |   1.762 |    1.763 | 
     | 2802                                               |             |                          |       |         |          | 
     | CSA_BLOCKS[3].RCA_C1/full_adder_loop[13].FA/g13    | A2 v -> Y ^ | sky130_fd_sc_hd__o21ai_2 | 0.121 |   1.883 |    1.884 | 
     | g903                                               | A ^ -> Y v  | sky130_fd_sc_hd__nand2_2 | 0.101 |   1.984 |    1.985 | 
     | g902                                               | A v -> Y ^  | sky130_fd_sc_hd__nand2_8 | 0.120 |   2.104 |    2.105 | 
     |                                                    | S[31] ^     |                          | 0.002 |   2.106 |    2.107 | 
     +--------------------------------------------------------------------------------------------------------------------------+ 

