    Hinst Name                                Module Name                  Inst Count           Total Area
-------------------------------------------------------------------------------------------------------
carry_select_adder                                                                413             3315.680
  CSA_BLOCKS[1].RCA_C0                        ripple_carry_adder_WIDTH6            33              210.202
    CSA_BLOCKS[1].RCA_C0/F1A                  full_adder_4                          4               22.522
    CSA_BLOCKS[1].RCA_C0/full_adder_loop[1].FA full_adder_227                        8               40.038
    CSA_BLOCKS[1].RCA_C0/full_adder_loop[2].FA full_adder_226                        6               35.034
    CSA_BLOCKS[1].RCA_C0/full_adder_loop[3].FA full_adder_225                        5               37.536
    CSA_BLOCKS[1].RCA_C0/full_adder_loop[4].FA full_adder_224                        5               37.536
    CSA_BLOCKS[1].RCA_C0/full_adder_loop[5].FA full_adder_223                        5               37.536
  CSA_BLOCKS[1].RCA_C1                        ripple_carry_adder_WIDTH6_1          33              212.704
    CSA_BLOCKS[1].RCA_C1/F1A                  full_adder_46_233                     4               25.024
    CSA_BLOCKS[1].RCA_C1/full_adder_loop[1].FA full_adder_202                        8               40.038
    CSA_BLOCKS[1].RCA_C1/full_adder_loop[2].FA full_adder_201                        6               37.536
    CSA_BLOCKS[1].RCA_C1/full_adder_loop[3].FA full_adder_200                        6               37.536
    CSA_BLOCKS[1].RCA_C1/full_adder_loop[4].FA full_adder_199                        4               35.034
    CSA_BLOCKS[1].RCA_C1/full_adder_loop[5].FA full_adder_198                        5               37.536
  CSA_BLOCKS[2].RCA_C0                        ripple_carry_adder_WIDTH8            46              297.786
    CSA_BLOCKS[2].RCA_C0/F1A                  full_adder_4_232                      4               22.522
    CSA_BLOCKS[2].RCA_C0/full_adder_loop[1].FA full_adder_222                        8               45.043
    CSA_BLOCKS[2].RCA_C0/full_adder_loop[2].FA full_adder_221                        6               37.536
    CSA_BLOCKS[2].RCA_C0/full_adder_loop[3].FA full_adder_220                        6               35.034
    CSA_BLOCKS[2].RCA_C0/full_adder_loop[4].FA full_adder_219                        6               40.038
    CSA_BLOCKS[2].RCA_C0/full_adder_loop[5].FA full_adder_218                        6               40.038
    CSA_BLOCKS[2].RCA_C0/full_adder_loop[6].FA full_adder_217                        5               40.038
    CSA_BLOCKS[2].RCA_C0/full_adder_loop[7].FA full_adder_216                        5               37.536
  CSA_BLOCKS[2].RCA_C1                        ripple_carry_adder_WIDTH8_1          44              292.781
    CSA_BLOCKS[2].RCA_C1/F1A                  full_adder_46_234                     4               20.019
    CSA_BLOCKS[2].RCA_C1/full_adder_loop[1].FA full_adder_197                        6               37.536
    CSA_BLOCKS[2].RCA_C1/full_adder_loop[2].FA full_adder_196                        6               40.038
    CSA_BLOCKS[2].RCA_C1/full_adder_loop[3].FA full_adder_195                        6               40.038
    CSA_BLOCKS[2].RCA_C1/full_adder_loop[4].FA full_adder_194                        6               40.038
    CSA_BLOCKS[2].RCA_C1/full_adder_loop[5].FA full_adder_193                        6               40.038
    CSA_BLOCKS[2].RCA_C1/full_adder_loop[6].FA full_adder_192                        5               37.536
    CSA_BLOCKS[2].RCA_C1/full_adder_loop[7].FA full_adder_191                        5               37.536
  CSA_BLOCKS[3].RCA_C0                        ripple_carry_adder_WIDTH14           95              817.034
    CSA_BLOCKS[3].RCA_C0/F1A                  full_adder_4_231                      4               48.797
    CSA_BLOCKS[3].RCA_C0/full_adder_loop[10].FA full_adder_206                        6               60.058
    CSA_BLOCKS[3].RCA_C0/full_adder_loop[11].FA full_adder_205                        7               65.062
    CSA_BLOCKS[3].RCA_C0/full_adder_loop[12].FA full_adder_204                        6               56.304
    CSA_BLOCKS[3].RCA_C0/full_adder_loop[13].FA full_adder_203                       10               53.802
    CSA_BLOCKS[3].RCA_C0/full_adder_loop[1].FA full_adder_215                        8               67.565
    CSA_BLOCKS[3].RCA_C0/full_adder_loop[2].FA full_adder_214                        8               57.555
    CSA_BLOCKS[3].RCA_C0/full_adder_loop[3].FA full_adder_213                        6               45.043
    CSA_BLOCKS[3].RCA_C0/full_adder_loop[4].FA full_adder_212                        6               60.058
    CSA_BLOCKS[3].RCA_C0/full_adder_loop[5].FA full_adder_211                        6               57.555
    CSA_BLOCKS[3].RCA_C0/full_adder_loop[6].FA full_adder_210                        6               57.555
    CSA_BLOCKS[3].RCA_C0/full_adder_loop[7].FA full_adder_209                        6               57.555
    CSA_BLOCKS[3].RCA_C0/full_adder_loop[8].FA full_adder_208                        6               57.555
    CSA_BLOCKS[3].RCA_C0/full_adder_loop[9].FA full_adder_207                        6               57.555
  CSA_BLOCKS[3].RCA_C1                        ripple_carry_adder_WIDTH14_1         96              858.323
    CSA_BLOCKS[3].RCA_C1/F1A                  full_adder_46                         5               43.792
    CSA_BLOCKS[3].RCA_C1/full_adder_loop[10].FA full_adder_181                        6               63.811
    CSA_BLOCKS[3].RCA_C1/full_adder_loop[11].FA full_adder_180                        7               73.821
    CSA_BLOCKS[3].RCA_C1/full_adder_loop[12].FA full_adder_179                        6               68.816
    CSA_BLOCKS[3].RCA_C1/full_adder_loop[13].FA full_adder_178                        7               41.290
    CSA_BLOCKS[3].RCA_C1/full_adder_loop[1].FA full_adder_190                        8               67.565
    CSA_BLOCKS[3].RCA_C1/full_adder_loop[2].FA full_adder_189                        8               65.062
    CSA_BLOCKS[3].RCA_C1/full_adder_loop[3].FA full_adder_188                        6               47.546
    CSA_BLOCKS[3].RCA_C1/full_adder_loop[4].FA full_adder_187                        6               60.058
    CSA_BLOCKS[3].RCA_C1/full_adder_loop[5].FA full_adder_186                        6               60.058
    CSA_BLOCKS[3].RCA_C1/full_adder_loop[6].FA full_adder_185                        6               60.058
    CSA_BLOCKS[3].RCA_C1/full_adder_loop[7].FA full_adder_184                        6               60.058
    CSA_BLOCKS[3].RCA_C1/full_adder_loop[8].FA full_adder_183                        6               60.058
    CSA_BLOCKS[3].RCA_C1/full_adder_loop[9].FA full_adder_182                        6               60.058
  RCA_LSB                                     ripple_carry_adder_WIDTH4            18              143.888
    RCA_LSB/F1A                               full_adder                            5               36.285
    RCA_LSB/full_adder_loop[1].FA             full_adder_230                        5               36.285
    RCA_LSB/full_adder_loop[2].FA             full_adder_229                        4               35.034
    RCA_LSB/full_adder_loop[3].FA             full_adder_228                        4               36.285
