###############################################################
#  Generated by:      Cadence Innovus 23.32-s091_1
#  OS:                Linux x86_64(Host ID cadmicro-inf-el8-623207)
#  Generated on:      Mon Apr  7 18:30:08 2025
#  Design:            carry_select_adder_56678_32bits
#  Command:           report_timing > reports/report_timing.rpt
###############################################################
Path 1: VIOLATED Path Delay Check
Endpoint:   S[23] (^)
Beginpoint: A[5]  (v) triggered by  leading edge of '@'
Path Groups: {default}
Analysis View: default_emulate_view
- External Delay                0.000
+ Path Delay                    1.700
= Required Time                 1.700
- Arrival Time                  1.838
= Slack Time                   -0.138
     Clock Rise Edge                      0.000
     + Input Delay                        0.000
     = Beginpoint Arrival Time            0.000
     +--------------------------------------------------------------------------------------------------------------------------+ 
     |                      Instance                      |    Arc     |           Cell            | Delay | Arrival | Required | 
     |                                                    |            |                           |       |  Time   |   Time   | 
     |----------------------------------------------------+------------+---------------------------+-------+---------+----------| 
     |                                                    | A[5] v     |                           |       |   0.000 |   -0.138 | 
     | CSA_BLOCKS[1].RCA_C0/F1A/g2                        | B v -> X v | sky130_fd_sc_hd__and2_4   | 0.532 |   0.532 |    0.394 | 
     | CSA_BLOCKS[1].RCA_C0/full_adder_loop[1].FA/g163__8 | A v -> Y ^ | sky130_fd_sc_hd__nand2_2  | 0.062 |   0.594 |    0.456 | 
     | 428                                                |            |                           |       |         |          | 
     | CSA_BLOCKS[1].RCA_C0/full_adder_loop[1].FA/g161__6 | A ^ -> Y v | sky130_fd_sc_hd__nand2_2  | 0.053 |   0.647 |    0.509 | 
     | 260                                                |            |                           |       |         |          | 
     | CSA_BLOCKS[1].RCA_C0/full_adder_loop[2].FA/g121__1 | A v -> Y ^ | sky130_fd_sc_hd__nand2_2  | 0.062 |   0.709 |    0.571 | 
     | 705                                                |            |                           |       |         |          | 
     | CSA_BLOCKS[1].RCA_C0/full_adder_loop[2].FA/g119__1 | A ^ -> Y v | sky130_fd_sc_hd__nand2_2  | 0.060 |   0.769 |    0.631 | 
     | 617                                                |            |                           |       |         |          | 
     | CSA_BLOCKS[1].RCA_C0/full_adder_loop[3].FA/g121__5 | A v -> Y ^ | sky130_fd_sc_hd__nand2_2  | 0.067 |   0.836 |    0.698 | 
     | 115                                                |            |                           |       |         |          | 
     | CSA_BLOCKS[1].RCA_C0/full_adder_loop[3].FA/g119__6 | A ^ -> Y v | sky130_fd_sc_hd__nand2_2  | 0.059 |   0.896 |    0.757 | 
     | 131                                                |            |                           |       |         |          | 
     | CSA_BLOCKS[1].RCA_C0/full_adder_loop[4].FA/g121__2 | A v -> Y ^ | sky130_fd_sc_hd__nand2_2  | 0.065 |   0.961 |    0.822 | 
     | 883                                                |            |                           |       |         |          | 
     | CSA_BLOCKS[1].RCA_C0/full_adder_loop[4].FA/g119__9 | A ^ -> Y v | sky130_fd_sc_hd__nand2_2  | 0.058 |   1.018 |    0.880 | 
     | 315                                                |            |                           |       |         |          | 
     | CSA_BLOCKS[1].RCA_C0/full_adder_loop[5].FA/g121__2 | A v -> Y ^ | sky130_fd_sc_hd__nand2_2  | 0.064 |   1.082 |    0.944 | 
     | 398                                                |            |                           |       |         |          | 
     | CSA_BLOCKS[1].RCA_C0/full_adder_loop[5].FA/g119__6 | A ^ -> Y v | sky130_fd_sc_hd__nand2_2  | 0.056 |   1.138 |    1.000 | 
     | 417                                                |            |                           |       |         |          | 
     | g69                                                | A v -> Y ^ | sky130_fd_sc_hd__nand2_4  | 0.084 |   1.222 |    1.084 | 
     | g12                                                | A ^ -> Y v | sky130_fd_sc_hd__nand2_8  | 0.092 |   1.314 |    1.176 | 
     | FE_DBTC0_n_524                                     | A v -> Y ^ | sky130_fd_sc_hd__clkinv_8 | 0.086 |   1.400 |    1.262 | 
     | g17236                                             | A ^ -> Y v | sky130_fd_sc_hd__nand2_4  | 0.062 |   1.462 |    1.324 | 
     | g17235                                             | A v -> Y ^ | sky130_fd_sc_hd__nand2_8  | 0.099 |   1.561 |    1.423 | 
     | g17082__17234                                      | A ^ -> Y v | sky130_fd_sc_hd__nand2_1  | 0.102 |   1.662 |    1.524 | 
     | g17059__9945                                       | B v -> Y ^ | sky130_fd_sc_hd__nand2_4  | 0.174 |   1.836 |    1.698 | 
     |                                                    | S[23] ^    |                           | 0.002 |   1.838 |    1.700 | 
     +--------------------------------------------------------------------------------------------------------------------------+ 

