Hinst Name                Module Name          Inst Count           Total Area               Buffer             Inverter        Combinational                 Flop                Latch           Clock Gate                Macro             Physical
---------------------------------------------------------------------------------------------------------------------------------------------------------------------------------------------------------------------------------------------------------------
carry_bypass8_32bits                                  661             3520.877              105.101               35.034             1903.075                0.000                0.000                0.000                0.000             1477.667
  BPS1                    bypass8                      73              517.997               18.768               31.280              467.949                0.000                0.000                0.000                0.000                0.000
    BPS1/FA1              full_adder                    7               82.579                3.754                8.758               70.067                0.000                0.000                0.000                0.000                0.000
    BPS1/FA2              full_adder_96                 8               45.043                0.000                7.507               37.536                0.000                0.000                0.000                0.000                0.000
    BPS1/FA3              full_adder_95                 8               45.043                0.000                7.507               37.536                0.000                0.000                0.000                0.000                0.000
    BPS1/FA4              full_adder_94                 8               45.043                0.000                7.507               37.536                0.000                0.000                0.000                0.000                0.000
    BPS1/FA5              full_adder_93                 6               40.038                0.000                0.000               40.038                0.000                0.000                0.000                0.000                0.000
    BPS1/FA6              full_adder_92                 6               40.038                0.000                0.000               40.038                0.000                0.000                0.000                0.000                0.000
    BPS1/FA7              full_adder_91                 6               40.038                0.000                0.000               40.038                0.000                0.000                0.000                0.000                0.000
    BPS1/FA8              full_adder_90                 6               40.038                0.000                0.000               40.038                0.000                0.000                0.000                0.000                0.000
  bypass_loop[1].BPS2     bypass8_7                    68              461.693               22.522                0.000              439.171                0.000                0.000                0.000                0.000                0.000
    bypass_loop[1].BPS2/FA1 full_adder_89                 7               43.792                3.754                0.000               40.038                0.000                0.000                0.000                0.000                0.000
    bypass_loop[1].BPS2/FA2 full_adder_88                 6               40.038                0.000                0.000               40.038                0.000                0.000                0.000                0.000                0.000
    bypass_loop[1].BPS2/FA3 full_adder_87                 6               40.038                0.000                0.000               40.038                0.000                0.000                0.000                0.000                0.000
    bypass_loop[1].BPS2/FA4 full_adder_86                 6               40.038                0.000                0.000               40.038                0.000                0.000                0.000                0.000                0.000
    bypass_loop[1].BPS2/FA5 full_adder_85                 6               40.038                0.000                0.000               40.038                0.000                0.000                0.000                0.000                0.000
    bypass_loop[1].BPS2/FA6 full_adder_84                 6               40.038                0.000                0.000               40.038                0.000                0.000                0.000                0.000                0.000
    bypass_loop[1].BPS2/FA7 full_adder_83                 6               40.038                0.000                0.000               40.038                0.000                0.000                0.000                0.000                0.000
    bypass_loop[1].BPS2/FA8 full_adder_82                 6               40.038                0.000                0.000               40.038                0.000                0.000                0.000                0.000                0.000
  bypass_loop[2].BPS2     bypass8_6                    65              475.456               26.275                0.000              449.181                0.000                0.000                0.000                0.000                0.000
    bypass_loop[2].BPS2/FA1 full_adder_81                 6               40.038                0.000                0.000               40.038                0.000                0.000                0.000                0.000                0.000
    bypass_loop[2].BPS2/FA2 full_adder_80                 6               40.038                0.000                0.000               40.038                0.000                0.000                0.000                0.000                0.000
    bypass_loop[2].BPS2/FA3 full_adder_79                 6               40.038                0.000                0.000               40.038                0.000                0.000                0.000                0.000                0.000
    bypass_loop[2].BPS2/FA4 full_adder_78                 6               40.038                0.000                0.000               40.038                0.000                0.000                0.000                0.000                0.000
    bypass_loop[2].BPS2/FA5 full_adder_77                 5               42.541                0.000                0.000               42.541                0.000                0.000                0.000                0.000                0.000
    bypass_loop[2].BPS2/FA6 full_adder_76                 5               42.541                0.000                0.000               42.541                0.000                0.000                0.000                0.000                0.000
    bypass_loop[2].BPS2/FA7 full_adder_75                 5               42.541                0.000                0.000               42.541                0.000                0.000                0.000                0.000                0.000
    bypass_loop[2].BPS2/FA8 full_adder_74                 5               42.541                0.000                0.000               42.541                0.000                0.000                0.000                0.000                0.000
  bypass_loop[3].BPS2     bypass8_5                    66              584.310               33.782                3.754              546.774                0.000                0.000                0.000                0.000                0.000
    bypass_loop[3].BPS2/FA1 full_adder_73                 6               46.294                3.754                0.000               42.541                0.000                0.000                0.000                0.000                0.000
    bypass_loop[3].BPS2/FA2 full_adder_72                 5               45.043                0.000                0.000               45.043                0.000                0.000                0.000                0.000                0.000
    bypass_loop[3].BPS2/FA3 full_adder_71                 5               47.546                0.000                0.000               47.546                0.000                0.000                0.000                0.000                0.000
    bypass_loop[3].BPS2/FA4 full_adder_70                 5               58.806                0.000                0.000               58.806                0.000                0.000                0.000                0.000                0.000
    bypass_loop[3].BPS2/FA5 full_adder_69                 5               60.058                0.000                0.000               60.058                0.000                0.000                0.000                0.000                0.000
    bypass_loop[3].BPS2/FA6 full_adder_68                 5               60.058                0.000                0.000               60.058                0.000                0.000                0.000                0.000                0.000
    bypass_loop[3].BPS2/FA7 full_adder_67                 6               61.309                0.000                0.000               61.309                0.000                0.000                0.000                0.000                0.000
    bypass_loop[3].BPS2/FA8 full_adder_66                 9               58.806                0.000                3.754               55.053                0.000                0.000                0.000                0.000                0.000
