###############################################################
#  Generated by:      Cadence Innovus 23.32-s091_1
#  OS:                Linux x86_64(Host ID cadmicro-inf-el8-623207)
#  Generated on:      Mon Apr  7 16:57:36 2025
#  Design:            carry_bypass8_32bits
#  Command:           report_timing > reports/report_timing.rpt
###############################################################
Path 1: VIOLATED Path Delay Check
Endpoint:   Cout (v)
Beginpoint: A[0] (v) triggered by  leading edge of '@'
Path Groups: {default}
Analysis View: default_emulate_view
- External Delay                0.000
+ Path Delay                    4.651
= Required Time                 4.651
- Arrival Time                  4.755
= Slack Time                   -0.104
     Clock Rise Edge                      0.000
     + Input Delay                        0.000
     = Beginpoint Arrival Time            0.000
     +-----------------------------------------------------------------------------------------------------------+ 
     |              Instance              |     Arc     |           Cell            | Delay | Arrival | Required | 
     |                                    |             |                           |       |  Time   |   Time   | 
     |------------------------------------+-------------+---------------------------+-------+---------+----------| 
     |                                    | A[0] v      |                           |       |   0.000 |   -0.104 | 
     | BPS1/FA1/g195__6260                | A v -> Y ^  | sky130_fd_sc_hd__nor2_8   | 0.329 |   0.329 |    0.225 | 
     | BPS1/FA1/g192__2398                | A2 ^ -> Y v | sky130_fd_sc_hd__o21ai_2  | 0.099 |   0.428 |    0.324 | 
     | BPS1/FA2/g124__3680                | A v -> Y ^  | sky130_fd_sc_hd__nand2_2  | 0.069 |   0.496 |    0.392 | 
     | BPS1/FA2/g122__5526                | A ^ -> Y v  | sky130_fd_sc_hd__nand2_2  | 0.053 |   0.549 |    0.445 | 
     | BPS1/FA3/g124__7098                | A v -> Y ^  | sky130_fd_sc_hd__nand2_2  | 0.065 |   0.614 |    0.510 | 
     | BPS1/FA3/g122__5122                | A ^ -> Y v  | sky130_fd_sc_hd__nand2_2  | 0.053 |   0.668 |    0.563 | 
     | BPS1/FA4/g124__6161                | A v -> Y ^  | sky130_fd_sc_hd__nand2_2  | 0.064 |   0.731 |    0.627 | 
     | BPS1/FA4/g122__7482                | A ^ -> Y v  | sky130_fd_sc_hd__nand2_2  | 0.052 |   0.783 |    0.679 | 
     | BPS1/FA5/g124__7410                | A v -> Y ^  | sky130_fd_sc_hd__nand2_2  | 0.065 |   0.848 |    0.744 | 
     | BPS1/FA5/g122__2346                | A ^ -> Y v  | sky130_fd_sc_hd__nand2_2  | 0.059 |   0.907 |    0.803 | 
     | BPS1/FA6/g124__4319                | A v -> Y ^  | sky130_fd_sc_hd__nand2_2  | 0.067 |   0.973 |    0.869 | 
     | BPS1/FA6/g122__5107                | A ^ -> Y v  | sky130_fd_sc_hd__nand2_2  | 0.062 |   1.036 |    0.932 | 
     | BPS1/FA7/g124__2802                | A v -> Y ^  | sky130_fd_sc_hd__nand2_2  | 0.069 |   1.105 |    1.001 | 
     | BPS1/FA7/g122__3680                | A ^ -> Y v  | sky130_fd_sc_hd__nand2_2  | 0.057 |   1.162 |    1.057 | 
     | BPS1/FA8/g124__1881                | A v -> Y ^  | sky130_fd_sc_hd__nand2_2  | 0.066 |   1.227 |    1.123 | 
     | BPS1/FA8/g122__7098                | A ^ -> Y v  | sky130_fd_sc_hd__nand2_2  | 0.046 |   1.273 |    1.169 | 
     | BPS1/g383__9315                    | A v -> Y ^  | sky130_fd_sc_hd__nand2_2  | 0.078 |   1.351 |    1.247 | 
     | BPS1/g382__6161                    | B ^ -> Y v  | sky130_fd_sc_hd__nand2b_4 | 0.062 |   1.412 |    1.308 | 
     | bypass_loop[1].BPS2/FA1/g124__3680 | A v -> Y ^  | sky130_fd_sc_hd__nand2_2  | 0.061 |   1.474 |    1.370 | 
     | bypass_loop[1].BPS2/FA1/g122__5526 | A ^ -> Y v  | sky130_fd_sc_hd__nand2_2  | 0.056 |   1.530 |    1.426 | 
     | bypass_loop[1].BPS2/FA2/g124__7098 | A v -> Y ^  | sky130_fd_sc_hd__nand2_2  | 0.066 |   1.596 |    1.492 | 
     | bypass_loop[1].BPS2/FA2/g122__5122 | A ^ -> Y v  | sky130_fd_sc_hd__nand2_2  | 0.056 |   1.652 |    1.548 | 
     | bypass_loop[1].BPS2/FA3/g124__6161 | A v -> Y ^  | sky130_fd_sc_hd__nand2_2  | 0.068 |   1.720 |    1.616 | 
     | bypass_loop[1].BPS2/FA3/g122__7482 | A ^ -> Y v  | sky130_fd_sc_hd__nand2_2  | 0.055 |   1.775 |    1.671 | 
     | bypass_loop[1].BPS2/FA4/g124__7410 | A v -> Y ^  | sky130_fd_sc_hd__nand2_2  | 0.063 |   1.838 |    1.734 | 
     | bypass_loop[1].BPS2/FA4/g122__2346 | A ^ -> Y v  | sky130_fd_sc_hd__nand2_2  | 0.055 |   1.893 |    1.789 | 
     | bypass_loop[1].BPS2/FA5/g124__4319 | A v -> Y ^  | sky130_fd_sc_hd__nand2_2  | 0.065 |   1.958 |    1.854 | 
     | bypass_loop[1].BPS2/FA5/g122__5107 | A ^ -> Y v  | sky130_fd_sc_hd__nand2_2  | 0.059 |   2.017 |    1.913 | 
     | bypass_loop[1].BPS2/FA6/g124__2802 | A v -> Y ^  | sky130_fd_sc_hd__nand2_2  | 0.066 |   2.083 |    1.979 | 
     | bypass_loop[1].BPS2/FA6/g122__3680 | A ^ -> Y v  | sky130_fd_sc_hd__nand2_2  | 0.059 |   2.142 |    2.038 | 
     | bypass_loop[1].BPS2/FA7/g124__1881 | A v -> Y ^  | sky130_fd_sc_hd__nand2_2  | 0.069 |   2.211 |    2.107 | 
     | bypass_loop[1].BPS2/FA7/g122__7098 | A ^ -> Y v  | sky130_fd_sc_hd__nand2_2  | 0.053 |   2.265 |    2.161 | 
     | bypass_loop[1].BPS2/FA8/g124__9945 | A v -> Y ^  | sky130_fd_sc_hd__nand2_2  | 0.063 |   2.328 |    2.224 | 
     | bypass_loop[1].BPS2/FA8/g122__6161 | A ^ -> Y v  | sky130_fd_sc_hd__nand2_2  | 0.046 |   2.374 |    2.270 | 
     | bypass_loop[1].BPS2/g393__6417     | A v -> Y ^  | sky130_fd_sc_hd__nand2_2  | 0.078 |   2.451 |    2.347 | 
     | bypass_loop[1].BPS2/g392__7410     | B ^ -> Y v  | sky130_fd_sc_hd__nand2b_4 | 0.071 |   2.522 |    2.418 | 
     | bypass_loop[2].BPS2/FA1/g124__7098 | A v -> Y ^  | sky130_fd_sc_hd__nand2_2  | 0.060 |   2.582 |    2.478 | 
     | bypass_loop[2].BPS2/FA1/g122__5122 | A ^ -> Y v  | sky130_fd_sc_hd__nand2_2  | 0.054 |   2.637 |    2.533 | 
     | bypass_loop[2].BPS2/FA2/g124__6161 | A v -> Y ^  | sky130_fd_sc_hd__nand2_2  | 0.065 |   2.701 |    2.597 | 
     | bypass_loop[2].BPS2/FA2/g122__7482 | A ^ -> Y v  | sky130_fd_sc_hd__nand2_2  | 0.054 |   2.755 |    2.651 | 
     | bypass_loop[2].BPS2/FA3/g124__7410 | A v -> Y ^  | sky130_fd_sc_hd__nand2_2  | 0.064 |   2.819 |    2.715 | 
     | bypass_loop[2].BPS2/FA3/g122__2346 | A ^ -> Y v  | sky130_fd_sc_hd__nand2_2  | 0.053 |   2.873 |    2.769 | 
     | bypass_loop[2].BPS2/FA4/g124__4319 | A v -> Y ^  | sky130_fd_sc_hd__nand2_2  | 0.065 |   2.938 |    2.834 | 
     | bypass_loop[2].BPS2/FA4/g122__5107 | A ^ -> Y v  | sky130_fd_sc_hd__nand2_2  | 0.055 |   2.993 |    2.889 | 
     | bypass_loop[2].BPS2/FA5/g124__1617 | A v -> Y ^  | sky130_fd_sc_hd__nand2_2  | 0.065 |   3.058 |    2.954 | 
     | bypass_loop[2].BPS2/FA5/g122__3680 | A ^ -> Y v  | sky130_fd_sc_hd__nand2_2  | 0.053 |   3.111 |    3.007 | 
     | bypass_loop[2].BPS2/FA6/g124__7098 | A v -> Y ^  | sky130_fd_sc_hd__nand2_2  | 0.065 |   3.176 |    3.072 | 
     | bypass_loop[2].BPS2/FA6/g122__8246 | A ^ -> Y v  | sky130_fd_sc_hd__nand2_2  | 0.056 |   3.232 |    3.128 | 
     | bypass_loop[2].BPS2/FA7/g124__4733 | A v -> Y ^  | sky130_fd_sc_hd__nand2_2  | 0.065 |   3.296 |    3.192 | 
     | bypass_loop[2].BPS2/FA7/g122__7482 | A ^ -> Y v  | sky130_fd_sc_hd__nand2_2  | 0.054 |   3.350 |    3.246 | 
     | bypass_loop[2].BPS2/FA8/g124__2346 | A v -> Y ^  | sky130_fd_sc_hd__nand2_2  | 0.064 |   3.414 |    3.310 | 
     | bypass_loop[2].BPS2/FA8/g122__2883 | A ^ -> Y v  | sky130_fd_sc_hd__nand2_2  | 0.046 |   3.460 |    3.356 | 
     | bypass_loop[2].BPS2/g393__2398     | A v -> Y ^  | sky130_fd_sc_hd__nand2_2  | 0.077 |   3.536 |    3.432 | 
     | bypass_loop[2].BPS2/g392__5477     | B ^ -> Y v  | sky130_fd_sc_hd__nand2b_4 | 0.064 |   3.600 |    3.496 | 
     | bypass_loop[3].BPS2/FA1/g124__1881 | A v -> Y ^  | sky130_fd_sc_hd__nand2_2  | 0.058 |   3.658 |    3.554 | 
     | bypass_loop[3].BPS2/FA1/g122__7098 | A ^ -> Y v  | sky130_fd_sc_hd__nand2_2  | 0.055 |   3.713 |    3.609 | 
     | bypass_loop[3].BPS2/FA2/g124__9945 | A v -> Y ^  | sky130_fd_sc_hd__nand2_2  | 0.065 |   3.778 |    3.674 | 
     | bypass_loop[3].BPS2/FA2/g122__6161 | A ^ -> Y v  | sky130_fd_sc_hd__nand2_2  | 0.056 |   3.834 |    3.730 | 
     | bypass_loop[3].BPS2/FA3/g124__5477 | A v -> Y ^  | sky130_fd_sc_hd__nand2_2  | 0.065 |   3.899 |    3.795 | 
     | bypass_loop[3].BPS2/FA3/g122__7410 | A ^ -> Y v  | sky130_fd_sc_hd__nand2_2  | 0.065 |   3.964 |    3.860 | 
     | bypass_loop[3].BPS2/FA4/g124__5526 | A v -> Y ^  | sky130_fd_sc_hd__nand2_4  | 0.072 |   4.036 |    3.932 | 
     | bypass_loop[3].BPS2/FA4/g122__4319 | A ^ -> Y v  | sky130_fd_sc_hd__nand2_4  | 0.052 |   4.089 |    3.985 | 
     | bypass_loop[3].BPS2/FA5/g124__5122 | A v -> Y ^  | sky130_fd_sc_hd__nand2_4  | 0.065 |   4.154 |    4.050 | 
     | bypass_loop[3].BPS2/FA5/g122__2802 | A ^ -> Y v  | sky130_fd_sc_hd__nand2_4  | 0.054 |   4.208 |    4.103 | 
     | bypass_loop[3].BPS2/FA6/g124__7482 | A v -> Y ^  | sky130_fd_sc_hd__nand2_4  | 0.067 |   4.274 |    4.170 | 
     | bypass_loop[3].BPS2/FA6/g122__1881 | A ^ -> Y v  | sky130_fd_sc_hd__nand2_4  | 0.055 |   4.329 |    4.225 | 
     | bypass_loop[3].BPS2/FA7/g124__2346 | A v -> Y ^  | sky130_fd_sc_hd__nand2_4  | 0.069 |   4.399 |    4.295 | 
     | bypass_loop[3].BPS2/FA7/g122__9945 | A ^ -> Y v  | sky130_fd_sc_hd__nand2_4  | 0.050 |   4.449 |    4.345 | 
     | bypass_loop[3].BPS2/FA8/g126__6260 | A v -> Y ^  | sky130_fd_sc_hd__nand2_2  | 0.064 |   4.513 |    4.409 | 
     | bypass_loop[3].BPS2/FA8/g122__5477 | A ^ -> Y v  | sky130_fd_sc_hd__nand2_2  | 0.046 |   4.559 |    4.455 | 
     | bypass_loop[3].BPS2/g401__3680     | A v -> Y ^  | sky130_fd_sc_hd__nand2_2  | 0.075 |   4.634 |    4.530 | 
     | bypass_loop[3].BPS2/g2__6161       | A ^ -> Y v  | sky130_fd_sc_hd__nand2_4  | 0.119 |   4.754 |    4.650 | 
     |                                    | Cout v      |                           | 0.001 |   4.755 |    4.651 | 
     +-----------------------------------------------------------------------------------------------------------+ 

