    Hinst Name            Module Name          Inst Count           Total Area
---------------------------------------------------------------------------
carry_bypass8_32bits                                  273             2043.210
  BPS1                    bypass8                      73              517.997
    BPS1/FA1              full_adder                    7               82.579
    BPS1/FA2              full_adder_96                 8               45.043
    BPS1/FA3              full_adder_95                 8               45.043
    BPS1/FA4              full_adder_94                 8               45.043
    BPS1/FA5              full_adder_93                 6               40.038
    BPS1/FA6              full_adder_92                 6               40.038
    BPS1/FA7              full_adder_91                 6               40.038
    BPS1/FA8              full_adder_90                 6               40.038
  bypass_loop[1].BPS2     bypass8_7                    68              461.693
    bypass_loop[1].BPS2/FA1 full_adder_89                 7               43.792
    bypass_loop[1].BPS2/FA2 full_adder_88                 6               40.038
    bypass_loop[1].BPS2/FA3 full_adder_87                 6               40.038
    bypass_loop[1].BPS2/FA4 full_adder_86                 6               40.038
    bypass_loop[1].BPS2/FA5 full_adder_85                 6               40.038
    bypass_loop[1].BPS2/FA6 full_adder_84                 6               40.038
    bypass_loop[1].BPS2/FA7 full_adder_83                 6               40.038
    bypass_loop[1].BPS2/FA8 full_adder_82                 6               40.038
  bypass_loop[2].BPS2     bypass8_6                    65              475.456
    bypass_loop[2].BPS2/FA1 full_adder_81                 6               40.038
    bypass_loop[2].BPS2/FA2 full_adder_80                 6               40.038
    bypass_loop[2].BPS2/FA3 full_adder_79                 6               40.038
    bypass_loop[2].BPS2/FA4 full_adder_78                 6               40.038
    bypass_loop[2].BPS2/FA5 full_adder_77                 5               42.541
    bypass_loop[2].BPS2/FA6 full_adder_76                 5               42.541
    bypass_loop[2].BPS2/FA7 full_adder_75                 5               42.541
    bypass_loop[2].BPS2/FA8 full_adder_74                 5               42.541
  bypass_loop[3].BPS2     bypass8_5                    66              584.310
    bypass_loop[3].BPS2/FA1 full_adder_73                 6               46.294
    bypass_loop[3].BPS2/FA2 full_adder_72                 5               45.043
    bypass_loop[3].BPS2/FA3 full_adder_71                 5               47.546
    bypass_loop[3].BPS2/FA4 full_adder_70                 5               58.806
    bypass_loop[3].BPS2/FA5 full_adder_69                 5               60.058
    bypass_loop[3].BPS2/FA6 full_adder_68                 5               60.058
    bypass_loop[3].BPS2/FA7 full_adder_67                 6               61.309
    bypass_loop[3].BPS2/FA8 full_adder_66                 9               58.806
