============================================================
  Generated by:           Genus(TM) Synthesis Solution 23.12-s086_1
  Generated on:           Apr 07 2025  06:33:29 pm
  Module:                 carry_select_adder_66668_32bits
  Operating conditions:   tt_025C_1v80 
  Interconnect mode:      global
  Area mode:              physical library
============================================================

Timing
-------
  Cost    Critical         Violating 
 Group   Path Slack  TNS     Paths   
-------------------------------------
default      2576.9   0.0          0 
-------------------------------------
Total                 0.0          0 

Instance Count
--------------
Leaf Instance Count             92 
Physical Instance count          0 
Sequential Instance Count        0 
Combinational Instance Count    92 
Hierarchical Instance Count     67 

Area
----
Cell Area                          1445.136
Physical Cell Area                 0.000
Total Cell Area (Cell+Physical)    1445.136
Net Area                           858.269
Total Area (Cell+Physical+Net)     2303.405

Max Fanout                         9 (n_2)
Min Fanout                         1 (C0[1])
Average Fanout                     1.4
Terms to net ratio                 1.9431
Terms to instance ratio            4.4565
Runtime                            12.673727 seconds
Elapsed Runtime                    14 seconds
Genus peak memory usage            1891.34 
Innovus peak memory usage          no_value 
Hostname                           cadmicro-inf-el8-623207
