###############################################################
#  Generated by:      Cadence Innovus 23.32-s091_1
#  OS:                Linux x86_64(Host ID cadmicro-inf-el8-623207)
#  Generated on:      Wed Apr  9 12:53:22 2025
#  Design:            carry_select_adder_68810_32bits
#  Command:           report_timing > reports/report_timing.rpt
###############################################################
Path 1: MET Path Delay Check
Endpoint:   Cout  (v)
Beginpoint: B[22] (v) triggered by  leading edge of '@'
Path Groups: {default}
Analysis View: default_emulate_view
- External Delay                0.000
+ Path Delay                    4.350
= Required Time                 4.350
- Arrival Time                  4.346
= Slack Time                    0.004
     Clock Rise Edge                      0.000
     + Input Delay                        0.000
     = Beginpoint Arrival Time            0.000
     +------------------------------------------------------------------------------------------------------------------------------+ 
     |                      Instance                      |       Arc       |           Cell           | Delay | Arrival | Required | 
     |                                                    |                 |                          |       |  Time   |   Time   | 
     |----------------------------------------------------+-----------------+--------------------------+-------+---------+----------| 
     |                                                    | B[22] v         |                          |       |   0.000 |    0.004 | 
     | CSA_BLOCKS[3].RCA_C0/F1A/g2                        | A v -> COUT v   | sky130_fd_sc_hd__ha_4    | 0.538 |   0.538 |    0.542 | 
     | CSA_BLOCKS[3].RCA_C0/full_adder_loop[1].FA/g67__62 | B1 v -> Y ^     | sky130_fd_sc_hd__o21ai_2 | 0.055 |   0.593 |    0.597 | 
     | 60                                                 |                 |                          |       |         |          | 
     | CSA_BLOCKS[3].RCA_C0/full_adder_loop[1].FA/g2      | B1 ^ -> Y v     | sky130_fd_sc_hd__o21ai_1 | 0.127 |   0.721 |    0.725 | 
     | CSA_BLOCKS[3].RCA_C0/full_adder_loop[2].FA/g57__55 | CIN v -> COUT v | sky130_fd_sc_hd__fa_1    | 0.400 |   1.121 |    1.125 | 
     | 26                                                 |                 |                          |       |         |          | 
     | CSA_BLOCKS[3].RCA_C0/full_adder_loop[3].FA/g57__67 | CIN v -> COUT v | sky130_fd_sc_hd__fa_1    | 0.408 |   1.529 |    1.533 | 
     | 83                                                 |                 |                          |       |         |          | 
     | CSA_BLOCKS[3].RCA_C0/full_adder_loop[4].FA/g57__36 | CIN v -> COUT v | sky130_fd_sc_hd__fa_1    | 0.392 |   1.921 |    1.925 | 
     | 80                                                 |                 |                          |       |         |          | 
     | CSA_BLOCKS[3].RCA_C0/full_adder_loop[5].FA/g57__16 | CIN v -> COUT v | sky130_fd_sc_hd__fa_1    | 0.411 |   2.332 |    2.336 | 
     | 17                                                 |                 |                          |       |         |          | 
     | CSA_BLOCKS[3].RCA_C0/full_adder_loop[6].FA/g57__28 | CIN v -> COUT v | sky130_fd_sc_hd__fa_1    | 0.417 |   2.749 |    2.753 | 
     | 02                                                 |                 |                          |       |         |          | 
     | CSA_BLOCKS[3].RCA_C0/full_adder_loop[7].FA/g57__17 | CIN v -> COUT v | sky130_fd_sc_hd__fa_1    | 0.400 |   3.148 |    3.153 | 
     | 05                                                 |                 |                          |       |         |          | 
     | CSA_BLOCKS[3].RCA_C0/full_adder_loop[8].FA/g57__51 | CIN v -> COUT v | sky130_fd_sc_hd__fa_1    | 0.398 |   3.546 |    3.550 | 
     | 22                                                 |                 |                          |       |         |          | 
     | CSA_BLOCKS[3].RCA_C0/full_adder_loop[9].FA/g57__82 | CIN v -> COUT v | sky130_fd_sc_hd__fa_1    | 0.385 |   3.931 |    3.936 | 
     | 46                                                 |                 |                          |       |         |          | 
     | g534__6131                                         | A1 v -> X v     | sky130_fd_sc_hd__mux2_2  | 0.413 |   4.345 |    4.349 | 
     |                                                    | Cout v          |                          | 0.001 |   4.346 |    4.350 | 
     +------------------------------------------------------------------------------------------------------------------------------+ 

