============================================================
  Generated by:           Genus(TM) Synthesis Solution 23.12-s086_1
  Generated on:           Apr 09 2025  12:38:48 pm
  Module:                 carry_bypass8_32bits
  Operating conditions:   tt_025C_1v80 
  Interconnect mode:      global
  Area mode:              physical library
============================================================


Path 1: VIOLATED (-70 ps) Path Delay Check
     Startpoint: (F) A[0]
       Endpoint: (R) S[31]

                   Capture    Launch  
      Path Delay:+    4350         -  
      Drv Adjust:+       0         0  
         Arrival:=    4350            
                                      
   Required Time:=    4350            
       Data Path:-    4420            
           Slack:=     -70            

Exceptions/Constraints:
  max_delay             4350            constraints.sdc_line_1 

#-----------------------------------------------------------------------------------------------------------------------------
#            Timing Point              Flags   Arc   Edge           Cell             Fanout Load Trans Delay Arrival Instance 
#                                                                                           (fF)  (ps)  (ps)   (ps)  Location 
#-----------------------------------------------------------------------------------------------------------------------------
  A[0]                                 -       -     F     (arrival)                      1  8.0  1000     0       0    (-,-) 
  g21/X                                -       A->X  F     sky130_fd_sc_hd__buf_8         4 18.0    54   422     422    (-,-) 
  BPS1/FA1/g60/Y                       -       A->Y  R     sky130_fd_sc_hd__nor2_4        1  6.0    72   104     527    (-,-) 
  BPS1/FA1/g58/Y                       -       A2->Y F     sky130_fd_sc_hd__o21ai_2       2  8.3    51    67     593    (-,-) 
  BPS1/FA2/g24/Y                       -       A->Y  R     sky130_fd_sc_hd__clkinv_2      1 10.4    45    59     653    (-,-) 
  BPS1/FA2/g21/Y                       -       A2->Y F     sky130_fd_sc_hd__o21ai_4       2 11.8    48    57     710    (-,-) 
  BPS1/FA3/g124__7098/Y                -       A->Y  R     sky130_fd_sc_hd__nand2_4       1 10.1    52    61     770    (-,-) 
  BPS1/FA3/g122__5122/Y                -       A->Y  F     sky130_fd_sc_hd__nand2_4       2 11.8    38    50     820    (-,-) 
  BPS1/FA4/g124__6161/Y                -       A->Y  R     sky130_fd_sc_hd__nand2_4       1 10.1    52    56     877    (-,-) 
  BPS1/FA4/g122__7482/Y                -       A->Y  F     sky130_fd_sc_hd__nand2_4       2 11.8    38    50     927    (-,-) 
  BPS1/FA5/g124__7410/Y                -       A->Y  R     sky130_fd_sc_hd__nand2_4       1 10.1    52    56     984    (-,-) 
  BPS1/FA5/g122__2346/Y                -       A->Y  F     sky130_fd_sc_hd__nand2_4       2 11.8    38    50    1034    (-,-) 
  BPS1/FA6/g124__4319/Y                -       A->Y  R     sky130_fd_sc_hd__nand2_4       1 10.1    52    56    1090    (-,-) 
  BPS1/FA6/g122__5107/Y                -       A->Y  F     sky130_fd_sc_hd__nand2_4       2 11.8    38    50    1141    (-,-) 
  BPS1/FA7/g124__2802/Y                -       A->Y  R     sky130_fd_sc_hd__nand2_4       1 10.1    52    56    1197    (-,-) 
  BPS1/FA7/g122__3680/Y                -       A->Y  F     sky130_fd_sc_hd__nand2_4       2 11.8    38    50    1248    (-,-) 
  BPS1/FA8/g124__1881/Y                -       A->Y  R     sky130_fd_sc_hd__nand2_4       1 10.1    52    56    1304    (-,-) 
  BPS1/FA8/g122__7098/Y                -       A->Y  F     sky130_fd_sc_hd__nand2_4       1  9.6    34    47    1351    (-,-) 
  BPS1/g5/Y                            -       A->Y  R     sky130_fd_sc_hd__nand2_4       1 10.1    52    55    1406    (-,-) 
  BPS1/g1/Y                            -       A->Y  F     sky130_fd_sc_hd__nand2_4       3 13.8    42    53    1459    (-,-) 
  bypass_loop[1].BPS2/FA1/g124__5526/Y -       A->Y  R     sky130_fd_sc_hd__nand2_4       1 10.1    52    58    1517    (-,-) 
  bypass_loop[1].BPS2/FA1/g122__4319/Y -       A->Y  F     sky130_fd_sc_hd__nand2_4       2 11.8    38    50    1568    (-,-) 
  bypass_loop[1].BPS2/FA2/g124__5122/Y -       A->Y  R     sky130_fd_sc_hd__nand2_4       1 10.1    52    56    1624    (-,-) 
  bypass_loop[1].BPS2/FA2/g122__2802/Y -       A->Y  F     sky130_fd_sc_hd__nand2_4       2 11.8    38    50    1674    (-,-) 
  bypass_loop[1].BPS2/FA3/g124__7482/Y -       A->Y  R     sky130_fd_sc_hd__nand2_4       1 10.1    52    56    1731    (-,-) 
  bypass_loop[1].BPS2/FA3/g122__1881/Y -       A->Y  F     sky130_fd_sc_hd__nand2_4       2 11.8    38    50    1781    (-,-) 
  bypass_loop[1].BPS2/FA4/g124__2346/Y -       A->Y  R     sky130_fd_sc_hd__nand2_4       1 10.1    52    56    1838    (-,-) 
  bypass_loop[1].BPS2/FA4/g122__9945/Y -       A->Y  F     sky130_fd_sc_hd__nand2_4       2 11.8    38    50    1888    (-,-) 
  bypass_loop[1].BPS2/FA5/g124__5107/Y -       A->Y  R     sky130_fd_sc_hd__nand2_4       1 10.1    52    56    1945    (-,-) 
  bypass_loop[1].BPS2/FA5/g122__5477/Y -       A->Y  F     sky130_fd_sc_hd__nand2_4       2 11.8    38    50    1995    (-,-) 
  bypass_loop[1].BPS2/FA6/g124__3680/Y -       A->Y  R     sky130_fd_sc_hd__nand2_4       1 10.1    52    56    2051    (-,-) 
  bypass_loop[1].BPS2/FA6/g122__5526/Y -       A->Y  F     sky130_fd_sc_hd__nand2_4       2 11.8    38    50    2102    (-,-) 
  bypass_loop[1].BPS2/FA7/g124__7098/Y -       A->Y  R     sky130_fd_sc_hd__nand2_4       1 10.1    52    56    2158    (-,-) 
  bypass_loop[1].BPS2/FA7/g122__5122/Y -       A->Y  F     sky130_fd_sc_hd__nand2_4       2 11.8    38    50    2208    (-,-) 
  bypass_loop[1].BPS2/FA8/g124__6161/Y -       A->Y  R     sky130_fd_sc_hd__nand2_4       1 10.1    52    56    2265    (-,-) 
  bypass_loop[1].BPS2/FA8/g122__7482/Y -       A->Y  F     sky130_fd_sc_hd__nand2_4       1  9.6    34    47    2312    (-,-) 
  bypass_loop[1].BPS2/g19/Y            -       A->Y  R     sky130_fd_sc_hd__nand2_4       1 10.1    66    55    2367    (-,-) 
  bypass_loop[1].BPS2/g18/Y            -       A->Y  F     sky130_fd_sc_hd__nand2_4       3 13.8    44    57    2424    (-,-) 
  bypass_loop[2].BPS2/FA1/g124__5122/Y -       A->Y  R     sky130_fd_sc_hd__nand2_4       1 10.1    52    59    2483    (-,-) 
  bypass_loop[2].BPS2/FA1/g122__2802/Y -       A->Y  F     sky130_fd_sc_hd__nand2_4       2 11.8    38    50    2533    (-,-) 
  bypass_loop[2].BPS2/FA2/g124__7482/Y -       A->Y  R     sky130_fd_sc_hd__nand2_4       1 10.1    52    56    2590    (-,-) 
  bypass_loop[2].BPS2/FA2/g122__1881/Y -       A->Y  F     sky130_fd_sc_hd__nand2_4       2 11.8    38    50    2640    (-,-) 
  bypass_loop[2].BPS2/FA3/g124__2883/Y -       A->Y  R     sky130_fd_sc_hd__nand2_4       1 10.1    52    56    2697    (-,-) 
  bypass_loop[2].BPS2/FA3/g122__9945/Y -       A->Y  F     sky130_fd_sc_hd__nand2_4       2 11.8    38    50    2747    (-,-) 
  bypass_loop[2].BPS2/FA4/g124__5477/Y -       A->Y  R     sky130_fd_sc_hd__nand2_4       1 10.1    52    56    2804    (-,-) 
  bypass_loop[2].BPS2/FA4/g122__6417/Y -       A->Y  F     sky130_fd_sc_hd__nand2_4       2 11.8    38    50    2854    (-,-) 
  bypass_loop[2].BPS2/FA5/g124__8428/Y -       A->Y  R     sky130_fd_sc_hd__nand2_4       1 10.1    52    56    2910    (-,-) 
  bypass_loop[2].BPS2/FA5/g122__4319/Y -       A->Y  F     sky130_fd_sc_hd__nand2_4       2 11.8    38    50    2961    (-,-) 
  bypass_loop[2].BPS2/FA6/g124__2802/Y -       A->Y  R     sky130_fd_sc_hd__nand2_4       1 10.1    52    56    3017    (-,-) 
  bypass_loop[2].BPS2/FA6/g122__1617/Y -       A->Y  F     sky130_fd_sc_hd__nand2_4       2 11.8    38    50    3067    (-,-) 
  bypass_loop[2].BPS2/FA7/g124__6131/Y -       A->Y  R     sky130_fd_sc_hd__nand2_4       1 10.1    52    56    3124    (-,-) 
  bypass_loop[2].BPS2/FA7/g122__7098/Y -       A->Y  F     sky130_fd_sc_hd__nand2_4       2 11.8    38    50    3174    (-,-) 
  bypass_loop[2].BPS2/FA8/g124__9315/Y -       A->Y  R     sky130_fd_sc_hd__nand2_4       1 10.1    52    56    3231    (-,-) 
  bypass_loop[2].BPS2/FA8/g122__4733/Y -       A->Y  F     sky130_fd_sc_hd__nand2_4       1  9.6    34    47    3278    (-,-) 
  bypass_loop[2].BPS2/g19/Y            -       A->Y  R     sky130_fd_sc_hd__nand2_4       1 10.1    66    55    3332    (-,-) 
  bypass_loop[2].BPS2/g18/Y            -       A->Y  F     sky130_fd_sc_hd__nand2_4       3 14.0    44    58    3390    (-,-) 
  bypass_loop[3].BPS2/FA1/g124__8246/Y -       A->Y  R     sky130_fd_sc_hd__nand2_4       1 10.1    52    59    3449    (-,-) 
  bypass_loop[3].BPS2/FA1/g122__1705/Y -       A->Y  F     sky130_fd_sc_hd__nand2_4       2 11.8    38    50    3500    (-,-) 
  bypass_loop[3].BPS2/FA2/g124__4733/Y -       A->Y  R     sky130_fd_sc_hd__nand2_4       1 10.1    52    57    3556    (-,-) 
  bypass_loop[3].BPS2/FA2/g122__5115/Y -       A->Y  F     sky130_fd_sc_hd__nand2_4       2 11.8    38    50    3606    (-,-) 
  bypass_loop[3].BPS2/FA3/g124__1666/Y -       A->Y  R     sky130_fd_sc_hd__nand2_4       1 10.1    52    57    3663    (-,-) 
  bypass_loop[3].BPS2/FA3/g122__2883/Y -       A->Y  F     sky130_fd_sc_hd__nand2_4       2 11.8    38    50    3713    (-,-) 
  bypass_loop[3].BPS2/FA4/g124__6260/Y -       A->Y  R     sky130_fd_sc_hd__nand2_4       1 10.1    52    57    3770    (-,-) 
  bypass_loop[3].BPS2/FA4/g122__2398/Y -       A->Y  F     sky130_fd_sc_hd__nand2_4       2 11.8    38    50    3820    (-,-) 
  bypass_loop[3].BPS2/FA5/g124__1617/Y -       A->Y  R     sky130_fd_sc_hd__nand2_4       1 10.1    52    57    3877    (-,-) 
  bypass_loop[3].BPS2/FA5/g122__6783/Y -       A->Y  F     sky130_fd_sc_hd__nand2_4       2 11.8    38    50    3927    (-,-) 
  bypass_loop[3].BPS2/FA6/g124__6131/Y -       A->Y  R     sky130_fd_sc_hd__nand2_4       1 10.1    52    57    3984    (-,-) 
  bypass_loop[3].BPS2/FA6/g122__8246/Y -       A->Y  F     sky130_fd_sc_hd__nand2_4       2 12.4    39    51    4035    (-,-) 
  bypass_loop[3].BPS2/FA7/g126__9945/Y -       A->Y  R     sky130_fd_sc_hd__nand2_4       1 10.1    52    57    4092    (-,-) 
  bypass_loop[3].BPS2/FA7/g122__4733/Y -       A->Y  F     sky130_fd_sc_hd__nand2_4       3 15.3    45    56    4148    (-,-) 
  bypass_loop[3].BPS2/FA8/fopt/Y       -       A->Y  R     sky130_fd_sc_hd__inv_1         1  5.9    59    66    4214    (-,-) 
  bypass_loop[3].BPS2/FA8/g125__2398/Y -       A->Y  F     sky130_fd_sc_hd__nand2_2       1  9.6    50    61    4276    (-,-) 
  bypass_loop[3].BPS2/FA8/g123__5477/Y -       A->Y  R     sky130_fd_sc_hd__nand2_4       1 51.3   165   144    4419    (-,-) 
  S[31]                                <<<     -     R     (port)                         -    -     -     0    4420    (-,-) 
#-----------------------------------------------------------------------------------------------------------------------------

