============================================================
  Generated by:           Genus(TM) Synthesis Solution 23.12-s086_1
  Generated on:           Apr 09 2025  12:38:48 pm
  Module:                 carry_bypass8_32bits
  Operating conditions:   tt_025C_1v80 
  Interconnect mode:      global
  Area mode:              physical library
============================================================

Timing
-------
  Cost    Critical            Violating 
 Group   Path Slack    TNS      Paths   
----------------------------------------
default       -69.8   -139.7          3 
----------------------------------------
Total                 -139.7          3 

Instance Count
--------------
Leaf Instance Count             383 
Physical Instance count           0 
Sequential Instance Count         0 
Combinational Instance Count    383 
Hierarchical Instance Count      36 

Area
----
Cell Area                          3110.483
Physical Cell Area                 0.000
Total Cell Area (Cell+Physical)    3110.483
Net Area                           1930.431
Total Area (Cell+Physical+Net)     5040.914

Max Fanout                         4 (n_1)
Min Fanout                         1 (Cout)
Average Fanout                     1.6
Terms to net ratio                 2.3549
Terms to instance ratio            2.7546
Runtime                            28.591255 seconds
Elapsed Runtime                    32 seconds
Genus peak memory usage            1900.51 
Innovus peak memory usage          no_value 
Hostname                           cadmicro-inf-el8-623207
