###############################################################
#  Generated by:      Cadence Innovus 23.32-s091_1
#  OS:                Linux x86_64(Host ID cadmicro-inf-el8-623207)
#  Generated on:      Wed Apr  9 12:49:15 2025
#  Design:            carry_select_adder_46814_32bits
#  Command:           report_timing > reports/report_timing.rpt
###############################################################
Path 1: MET Path Delay Check
Endpoint:   S[31] (v)
Beginpoint: B[18] (v) triggered by  leading edge of '@'
Path Groups: {default}
Analysis View: default_emulate_view
- External Delay                0.000
+ Path Delay                    4.350
= Required Time                 4.350
- Arrival Time                  4.346
= Slack Time                    0.004
     Clock Rise Edge                      0.000
     + Input Delay                        0.000
     = Beginpoint Arrival Time            0.000
     +--------------------------------------------------------------------------------------------------------------------------------+ 
     |                      Instance                      |       Arc       |            Cell            | Delay | Arrival | Required | 
     |                                                    |                 |                            |       |  Time   |   Time   | 
     |----------------------------------------------------+-----------------+----------------------------+-------+---------+----------| 
     |                                                    | B[18] v         |                            |       |   0.000 |    0.004 | 
     | g288                                               | A v -> Y ^      | sky130_fd_sc_hd__clkinv_4  | 0.271 |   0.271 |    0.275 | 
     | CSA_BLOCKS[3].RCA_C0/F1A/g29__4319                 | A ^ -> Y v      | sky130_fd_sc_hd__nor2_1    | 0.114 |   0.384 |    0.388 | 
     | CSA_BLOCKS[3].RCA_C0/full_adder_loop[1].FA/g3      | B1 v -> Y ^     | sky130_fd_sc_hd__o21ai_2   | 0.062 |   0.447 |    0.451 | 
     | CSA_BLOCKS[3].RCA_C0/full_adder_loop[1].FA/g2      | A ^ -> Y v      | sky130_fd_sc_hd__nand2_1   | 0.129 |   0.576 |    0.580 | 
     | CSA_BLOCKS[3].RCA_C0/full_adder_loop[2].FA/g62__70 | A v -> Y ^      | sky130_fd_sc_hd__nand2_1   | 0.075 |   0.650 |    0.654 | 
     | 98                                                 |                 |                            |       |         |          | 
     | CSA_BLOCKS[3].RCA_C0/full_adder_loop[2].FA/g60__51 | A ^ -> Y v      | sky130_fd_sc_hd__nand2_1   | 0.080 |   0.730 |    0.734 | 
     | 22                                                 |                 |                            |       |         |          | 
     | CSA_BLOCKS[3].RCA_C0/full_adder_loop[3].FA/g61     | A v -> Y ^      | sky130_fd_sc_hd__clkinv_1  | 0.077 |   0.808 |    0.812 | 
     | CSA_BLOCKS[3].RCA_C0/full_adder_loop[3].FA/g57__74 | B2 ^ -> Y v     | sky130_fd_sc_hd__o2bb2ai_2 | 0.070 |   0.878 |    0.882 | 
     | 82                                                 |                 |                            |       |         |          | 
     | CSA_BLOCKS[3].RCA_C0/full_adder_loop[4].FA/g59__23 | A v -> Y ^      | sky130_fd_sc_hd__nand2_1   | 0.075 |   0.952 |    0.957 | 
     | 46                                                 |                 |                            |       |         |          | 
     | CSA_BLOCKS[3].RCA_C0/full_adder_loop[4].FA/g57__99 | A ^ -> Y v      | sky130_fd_sc_hd__nand2_1   | 0.074 |   1.026 |    1.030 | 
     | 45                                                 |                 |                            |       |         |          | 
     | CSA_BLOCKS[3].RCA_C0/full_adder_loop[5].FA/g59__51 | A v -> Y ^      | sky130_fd_sc_hd__nand2_1   | 0.085 |   1.112 |    1.116 | 
     | 07                                                 |                 |                            |       |         |          | 
     | CSA_BLOCKS[3].RCA_C0/full_adder_loop[5].FA/g57__54 | A ^ -> Y v      | sky130_fd_sc_hd__nand2_2   | 0.067 |   1.179 |    1.183 | 
     | 77                                                 |                 |                            |       |         |          | 
     | CSA_BLOCKS[3].RCA_C0/full_adder_loop[6].FA/g2      | A1 v -> X v     | sky130_fd_sc_hd__a21o_1    | 0.165 |   1.344 |    1.348 | 
     | CSA_BLOCKS[3].RCA_C0/full_adder_loop[7].FA/g57__17 | CI v -> COUT v  | sky130_fd_sc_hd__fah_1     | 0.267 |   1.611 |    1.615 | 
     | 05                                                 |                 |                            |       |         |          | 
     | CSA_BLOCKS[3].RCA_C0/full_adder_loop[8].FA/g57__51 | CIN v -> COUT v | sky130_fd_sc_hd__fa_1      | 0.398 |   2.009 |    2.013 | 
     | 22                                                 |                 |                            |       |         |          | 
     | CSA_BLOCKS[3].RCA_C0/full_adder_loop[9].FA/g57__82 | CIN v -> COUT v | sky130_fd_sc_hd__fa_1      | 0.407 |   2.415 |    2.420 | 
     | 46                                                 |                 |                            |       |         |          | 
     | CSA_BLOCKS[3].RCA_C0/full_adder_loop[10].FA/g57__7 | CIN v -> COUT v | sky130_fd_sc_hd__fa_2      | 0.362 |   2.777 |    2.782 | 
     | 098                                                |                 |                            |       |         |          | 
     | CSA_BLOCKS[3].RCA_C0/full_adder_loop[11].FA/g57__6 | CIN v -> COUT v | sky130_fd_sc_hd__fa_1      | 0.401 |   3.178 |    3.182 | 
     | 131                                                |                 |                            |       |         |          | 
     | CSA_BLOCKS[3].RCA_C0/full_adder_loop[12].FA/g57__1 | CIN v -> COUT v | sky130_fd_sc_hd__fa_2      | 0.365 |   3.543 |    3.547 | 
     | 881                                                |                 |                            |       |         |          | 
     | CSA_BLOCKS[3].RCA_C0/full_adder_loop[13].FA/g57__5 | CIN v -> SUM v  | sky130_fd_sc_hd__fa_1      | 0.440 |   3.983 |    3.987 | 
     | 115                                                |                 |                            |       |         |          | 
     | g569__1881                                         | A1 v -> X v     | sky130_fd_sc_hd__mux2_4    | 0.361 |   4.344 |    4.348 | 
     |                                                    | S[31] v         |                            | 0.002 |   4.346 |    4.350 | 
     +--------------------------------------------------------------------------------------------------------------------------------+ 

