###############################################################
#  Generated by:      Cadence Innovus 23.32-s091_1
#  OS:                Linux x86_64(Host ID cadmicro-inf-el8-623207)
#  Generated on:      Thu Apr  3 15:01:35 2025
#  Design:            carry_select_adder_56678_32bits
#  Command:           report_timing > reports/report_timing.rpt
###############################################################
Path 1: MET Path Delay Check
Endpoint:   Cout (v)
Beginpoint: B[5] (v) triggered by  leading edge of '@'
Path Groups: {default}
Analysis View: default_emulate_view
- External Delay                0.000
+ Path Delay                  200.000
= Required Time               200.000
- Arrival Time                  5.429
= Slack Time                  194.571
     Clock Rise Edge                      0.000
     + Input Delay                        0.000
     = Beginpoint Arrival Time            0.000
     +------------------------------------------------------------------------------------------------------------------------------+ 
     |                      Instance                      |       Arc       |           Cell           | Delay | Arrival | Required | 
     |                                                    |                 |                          |       |  Time   |   Time   | 
     |----------------------------------------------------+-----------------+--------------------------+-------+---------+----------| 
     |                                                    | B[5] v          |                          |       |  -0.000 |  194.571 | 
     | CSA_BLOCKS[1].RCA_C0/F1A/g28__2398                 | A v -> COUT v   | sky130_fd_sc_hd__ha_1    | 0.617 |   0.617 |  195.187 | 
     | CSA_BLOCKS[1].RCA_C0/full_adder_loop[1].FA/g65__51 | A v -> COUT v   | sky130_fd_sc_hd__fa_1    | 0.455 |   1.071 |  195.642 | 
     | 07                                                 |                 |                          |       |         |          | 
     | CSA_BLOCKS[1].RCA_C0/full_adder_loop[2].FA/g65__62 | CIN v -> COUT v | sky130_fd_sc_hd__fa_1    | 0.412 |   1.483 |  196.054 | 
     | 60                                                 |                 |                          |       |         |          | 
     | CSA_BLOCKS[1].RCA_C0/full_adder_loop[3].FA/g65__43 | CIN v -> COUT v | sky130_fd_sc_hd__fa_1    | 0.408 |   1.891 |  196.462 | 
     | 19                                                 |                 |                          |       |         |          | 
     | CSA_BLOCKS[1].RCA_C0/full_adder_loop[4].FA/g65__84 | CIN v -> COUT v | sky130_fd_sc_hd__fa_1    | 0.395 |   2.286 |  196.856 | 
     | 28                                                 |                 |                          |       |         |          | 
     | CSA_BLOCKS[1].RCA_C0/full_adder_loop[5].FA/g65__55 | CIN v -> COUT v | sky130_fd_sc_hd__fa_1    | 0.378 |   2.664 |  197.235 | 
     | 26                                                 |                 |                          |       |         |          | 
     | g610__2802                                         | A0 v -> Y ^     | sky130_fd_sc_hd__mux2i_1 | 0.584 |   3.248 |  197.819 | 
     | g603__6260                                         | S ^ -> Y ^      | sky130_fd_sc_hd__mux2i_1 | 0.773 |   4.021 |  198.592 | 
     | g592__6161                                         | S ^ -> Y ^      | sky130_fd_sc_hd__mux2i_1 | 0.842 |   4.863 |  199.434 | 
     | g586__7098                                         | S ^ -> X v      | sky130_fd_sc_hd__mux2_2  | 0.565 |   5.428 |  199.999 | 
     |                                                    | Cout v          |                          | 0.001 |   5.429 |  200.000 | 
     +------------------------------------------------------------------------------------------------------------------------------+ 

