###############################################################
#  Generated by:      Cadence Innovus 23.32-s091_1
#  OS:                Linux x86_64(Host ID cadmicro-inf-el8-623207)
#  Generated on:      Mon Mar 31 17:29:24 2025
#  Design:            ripple_carry_adder_16bits
#  Command:           report_timing > reports/report_timing.rpt
###############################################################
Path 1: MET Path Delay Check
Endpoint:   S[15] (^)
Beginpoint: A[1]  (v) triggered by  leading edge of '@'
Path Groups: {default}
Analysis View: default_emulate_view
- External Delay                0.000
+ Path Delay                  200.000
= Required Time               200.000
- Arrival Time                  6.877
= Slack Time                  193.123
     Clock Rise Edge                      0.000
     + Input Delay                        0.000
     = Beginpoint Arrival Time            0.000
     +---------------------------------------------------------------------------------------------------------+ 
     |             Instance             |       Arc       |         Cell          | Delay | Arrival | Required | 
     |                                  |                 |                       |       |  Time   |   Time   | 
     |----------------------------------+-----------------+-----------------------+-------+---------+----------| 
     |                                  | A[1] v          |                       |       |  -0.000 |  193.123 | 
     | full_adder_loop[1].FA/g65__2398  | B v -> COUT v   | sky130_fd_sc_hd__fa_1 | 0.817 |   0.817 |  193.940 | 
     | full_adder_loop[2].FA/g65__5107  | CIN v -> COUT v | sky130_fd_sc_hd__fa_1 | 0.416 |   1.233 |  194.356 | 
     | full_adder_loop[3].FA/g65__6260  | CIN v -> COUT v | sky130_fd_sc_hd__fa_1 | 0.402 |   1.635 |  194.758 | 
     | full_adder_loop[4].FA/g65__4319  | CIN v -> COUT v | sky130_fd_sc_hd__fa_1 | 0.401 |   2.036 |  195.159 | 
     | full_adder_loop[5].FA/g65__8428  | CIN v -> COUT v | sky130_fd_sc_hd__fa_1 | 0.394 |   2.430 |  195.553 | 
     | full_adder_loop[6].FA/g65__5526  | CIN v -> COUT v | sky130_fd_sc_hd__fa_1 | 0.391 |   2.820 |  195.943 | 
     | full_adder_loop[7].FA/g65__6783  | CIN v -> COUT v | sky130_fd_sc_hd__fa_1 | 0.397 |   3.217 |  196.340 | 
     | full_adder_loop[8].FA/g65__3680  | CIN v -> COUT v | sky130_fd_sc_hd__fa_1 | 0.410 |   3.627 |  196.750 | 
     | full_adder_loop[9].FA/g65__1617  | CIN v -> COUT v | sky130_fd_sc_hd__fa_1 | 0.400 |   4.028 |  197.151 | 
     | full_adder_loop[10].FA/g65__2802 | CIN v -> COUT v | sky130_fd_sc_hd__fa_1 | 0.390 |   4.418 |  197.541 | 
     | full_adder_loop[11].FA/g65__1705 | CIN v -> COUT v | sky130_fd_sc_hd__fa_1 | 0.400 |   4.818 |  197.941 | 
     | full_adder_loop[12].FA/g65__5122 | CIN v -> COUT v | sky130_fd_sc_hd__fa_1 | 0.412 |   5.230 |  198.353 | 
     | full_adder_loop[13].FA/g65__8246 | CIN v -> COUT v | sky130_fd_sc_hd__fa_1 | 0.416 |   5.647 |  198.770 | 
     | full_adder_loop[14].FA/g65__7098 | CIN v -> COUT v | sky130_fd_sc_hd__fa_1 | 0.404 |   6.050 |  199.173 | 
     | full_adder_loop[15].FA/g65__6131 | CIN v -> SUM ^  | sky130_fd_sc_hd__fa_1 | 0.826 |   6.876 |  199.999 | 
     |                                  | S[15] ^         |                       | 0.001 |   6.877 |  200.000 | 
     +---------------------------------------------------------------------------------------------------------+ 

