    Hinst Name                                Module Name                  Inst Count           Total Area
-------------------------------------------------------------------------------------------------------
carry_select_adder_461012_32bits                                                  478             4013.850
  CSA_BLOCKS[1].RCA_C0                        ripple_carry_adder_WIDTH6            34              225.216
    CSA_BLOCKS[1].RCA_C0/F1A                  full_adder_4                          2               12.512
    CSA_BLOCKS[1].RCA_C0/full_adder_loop[1].FA full_adder_227                        8               50.048
    CSA_BLOCKS[1].RCA_C0/full_adder_loop[2].FA full_adder_226                        6               42.541
    CSA_BLOCKS[1].RCA_C0/full_adder_loop[3].FA full_adder_225                        6               42.541
    CSA_BLOCKS[1].RCA_C0/full_adder_loop[4].FA full_adder_224                        6               40.038
    CSA_BLOCKS[1].RCA_C0/full_adder_loop[5].FA full_adder_223                        6               37.536
  CSA_BLOCKS[1].RCA_C1                        ripple_carry_adder_WIDTH6_1          35              213.955
    CSA_BLOCKS[1].RCA_C1/F1A                  full_adder_48_233                     2               12.512
    CSA_BLOCKS[1].RCA_C1/full_adder_loop[1].FA full_adder_202                        8               42.541
    CSA_BLOCKS[1].RCA_C1/full_adder_loop[2].FA full_adder_201                        7               43.792
    CSA_BLOCKS[1].RCA_C1/full_adder_loop[3].FA full_adder_200                        6               40.038
    CSA_BLOCKS[1].RCA_C1/full_adder_loop[4].FA full_adder_199                        6               40.038
    CSA_BLOCKS[1].RCA_C1/full_adder_loop[5].FA full_adder_198                        6               35.034
  CSA_BLOCKS[2].RCA_C0                        ripple_carry_adder_WIDTH10           72              616.842
    CSA_BLOCKS[2].RCA_C0/F1A                  full_adder_4_232                      6               53.802
    CSA_BLOCKS[2].RCA_C0/full_adder_loop[1].FA full_adder_222                        8               65.062
    CSA_BLOCKS[2].RCA_C0/full_adder_loop[2].FA full_adder_221                        8               62.560
    CSA_BLOCKS[2].RCA_C0/full_adder_loop[3].FA full_adder_220                        7               61.309
    CSA_BLOCKS[2].RCA_C0/full_adder_loop[4].FA full_adder_219                        6               60.058
    CSA_BLOCKS[2].RCA_C0/full_adder_loop[5].FA full_adder_218                        6               57.555
    CSA_BLOCKS[2].RCA_C0/full_adder_loop[6].FA full_adder_217                        6               57.555
    CSA_BLOCKS[2].RCA_C0/full_adder_loop[7].FA full_adder_216                        6               57.555
    CSA_BLOCKS[2].RCA_C0/full_adder_loop[8].FA full_adder_215                        6               57.555
    CSA_BLOCKS[2].RCA_C0/full_adder_loop[9].FA full_adder_214                        6               57.555
  CSA_BLOCKS[2].RCA_C1                        ripple_carry_adder_WIDTH10_1         71              624.349
    CSA_BLOCKS[2].RCA_C1/F1A                  full_adder_48_234                     5               43.792
    CSA_BLOCKS[2].RCA_C1/full_adder_loop[1].FA full_adder_197                        8               67.565
    CSA_BLOCKS[2].RCA_C1/full_adder_loop[2].FA full_adder_196                        8               65.062
    CSA_BLOCKS[2].RCA_C1/full_adder_loop[3].FA full_adder_195                        8               65.062
    CSA_BLOCKS[2].RCA_C1/full_adder_loop[4].FA full_adder_194                        6               60.058
    CSA_BLOCKS[2].RCA_C1/full_adder_loop[5].FA full_adder_193                        6               60.058
    CSA_BLOCKS[2].RCA_C1/full_adder_loop[6].FA full_adder_192                        6               60.058
    CSA_BLOCKS[2].RCA_C1/full_adder_loop[7].FA full_adder_191                        6               60.058
    CSA_BLOCKS[2].RCA_C1/full_adder_loop[8].FA full_adder_190                        6               60.058
    CSA_BLOCKS[2].RCA_C1/full_adder_loop[9].FA full_adder_189                        6               60.058
  CSA_BLOCKS[3].RCA_C0                        ripple_carry_adder_WIDTH12           81              704.426
    CSA_BLOCKS[3].RCA_C0/F1A                  full_adder_4_231                      5               66.314
    CSA_BLOCKS[3].RCA_C0/full_adder_loop[10].FA full_adder_204                        6               60.058
    CSA_BLOCKS[3].RCA_C0/full_adder_loop[11].FA full_adder_203                        7               41.290
    CSA_BLOCKS[3].RCA_C0/full_adder_loop[1].FA full_adder_213                        8               67.565
    CSA_BLOCKS[3].RCA_C0/full_adder_loop[2].FA full_adder_212                        8               60.058
    CSA_BLOCKS[3].RCA_C0/full_adder_loop[3].FA full_adder_211                        6               47.546
    CSA_BLOCKS[3].RCA_C0/full_adder_loop[4].FA full_adder_210                        6               60.058
    CSA_BLOCKS[3].RCA_C0/full_adder_loop[5].FA full_adder_209                        6               60.058
    CSA_BLOCKS[3].RCA_C0/full_adder_loop[6].FA full_adder_208                        6               52.550
    CSA_BLOCKS[3].RCA_C0/full_adder_loop[7].FA full_adder_207                        6               52.550
    CSA_BLOCKS[3].RCA_C0/full_adder_loop[8].FA full_adder_206                        6               57.555
    CSA_BLOCKS[3].RCA_C0/full_adder_loop[9].FA full_adder_205                        6               60.058
  CSA_BLOCKS[3].RCA_C1                        ripple_carry_adder_WIDTH12_1         84              688.160
    CSA_BLOCKS[3].RCA_C1/F1A                  full_adder_48                         5               32.531
    CSA_BLOCKS[3].RCA_C1/full_adder_loop[10].FA full_adder_179                        6               56.304
    CSA_BLOCKS[3].RCA_C1/full_adder_loop[11].FA full_adder_178                       10               67.565
    CSA_BLOCKS[3].RCA_C1/full_adder_loop[1].FA full_adder_188                        8               57.555
    CSA_BLOCKS[3].RCA_C1/full_adder_loop[2].FA full_adder_187                        8               55.053
    CSA_BLOCKS[3].RCA_C1/full_adder_loop[3].FA full_adder_186                        6               50.048
    CSA_BLOCKS[3].RCA_C1/full_adder_loop[4].FA full_adder_185                        6               55.053
    CSA_BLOCKS[3].RCA_C1/full_adder_loop[5].FA full_adder_184                        6               55.053
    CSA_BLOCKS[3].RCA_C1/full_adder_loop[6].FA full_adder_183                        6               60.058
    CSA_BLOCKS[3].RCA_C1/full_adder_loop[7].FA full_adder_182                        6               60.058
    CSA_BLOCKS[3].RCA_C1/full_adder_loop[8].FA full_adder_181                        6               60.058
    CSA_BLOCKS[3].RCA_C1/full_adder_loop[9].FA full_adder_180                        6               60.058
  RCA_LSB                                     ripple_carry_adder_WIDTH4            22              168.912
    RCA_LSB/F1A                               full_adder                            6               41.290
    RCA_LSB/full_adder_loop[1].FA             full_adder_230                        6               37.536
    RCA_LSB/full_adder_loop[2].FA             full_adder_229                        5               42.541
    RCA_LSB/full_adder_loop[3].FA             full_adder_228                        5               47.546
