###############################################################
#  Generated by:      Cadence Innovus 23.32-s091_1
#  OS:                Linux x86_64(Host ID cadmicro-inf-el8-623207)
#  Generated on:      Mon Apr  7 19:14:44 2025
#  Design:            carry_select_adder_461012_32bits
#  Command:           report_timing > reports/report_timing.rpt
###############################################################
Path 1: VIOLATED Path Delay Check
Endpoint:   S[22] (^)
Beginpoint: A[10] (v) triggered by  leading edge of '@'
Path Groups: {default}
Analysis View: default_emulate_view
- External Delay                0.000
+ Path Delay                    1.880
= Required Time                 1.880
- Arrival Time                  1.886
= Slack Time                   -0.006
     Clock Rise Edge                      0.000
     + Input Delay                        0.000
     = Beginpoint Arrival Time            0.000
     +--------------------------------------------------------------------------------------------------------------------------+ 
     |                      Instance                      |    Arc     |           Cell            | Delay | Arrival | Required | 
     |                                                    |            |                           |       |  Time   |   Time   | 
     |----------------------------------------------------+------------+---------------------------+-------+---------+----------| 
     |                                                    | A[10] v    |                           |       |   0.000 |   -0.006 | 
     | CSA_BLOCKS[2].RCA_C0/F1A/g38                       | A v -> Y ^ | sky130_fd_sc_hd__inv_12   | 0.243 |   0.243 |    0.237 | 
     | CSA_BLOCKS[2].RCA_C0/F1A/g34__1617                 | A ^ -> Y v | sky130_fd_sc_hd__nor2_2   | 0.080 |   0.324 |    0.318 | 
     | CSA_BLOCKS[2].RCA_C0/full_adder_loop[1].FA/g194__8 | B v -> Y ^ | sky130_fd_sc_hd__nand2_4  | 0.073 |   0.397 |    0.391 | 
     | 246                                                |            |                           |       |         |          | 
     | CSA_BLOCKS[2].RCA_C0/full_adder_loop[1].FA/g192__1 | A ^ -> Y v | sky130_fd_sc_hd__nand2_4  | 0.051 |   0.448 |    0.442 | 
     | 705                                                |            |                           |       |         |          | 
     | CSA_BLOCKS[2].RCA_C0/full_adder_loop[2].FA/g124__4 | A v -> Y ^ | sky130_fd_sc_hd__nand2_4  | 0.063 |   0.511 |    0.505 | 
     | 733                                                |            |                           |       |         |          | 
     | CSA_BLOCKS[2].RCA_C0/full_adder_loop[2].FA/g122__5 | A ^ -> Y v | sky130_fd_sc_hd__nand2_4  | 0.053 |   0.564 |    0.558 | 
     | 115                                                |            |                           |       |         |          | 
     | CSA_BLOCKS[2].RCA_C0/full_adder_loop[3].FA/g124__1 | A v -> Y ^ | sky130_fd_sc_hd__nand2_4  | 0.063 |   0.628 |    0.622 | 
     | 666                                                |            |                           |       |         |          | 
     | CSA_BLOCKS[2].RCA_C0/full_adder_loop[3].FA/g122__2 | A ^ -> Y v | sky130_fd_sc_hd__nand2_4  | 0.052 |   0.680 |    0.674 | 
     | 883                                                |            |                           |       |         |          | 
     | CSA_BLOCKS[2].RCA_C0/full_adder_loop[4].FA/g121__6 | A v -> Y ^ | sky130_fd_sc_hd__nand2_4  | 0.063 |   0.743 |    0.737 | 
     | 260                                                |            |                           |       |         |          | 
     | CSA_BLOCKS[2].RCA_C0/full_adder_loop[4].FA/g119__2 | A ^ -> Y v | sky130_fd_sc_hd__nand2_4  | 0.053 |   0.797 |    0.790 | 
     | 398                                                |            |                           |       |         |          | 
     | CSA_BLOCKS[2].RCA_C0/full_adder_loop[5].FA/g121__1 | A v -> Y ^ | sky130_fd_sc_hd__nand2_4  | 0.063 |   0.860 |    0.854 | 
     | 617                                                |            |                           |       |         |          | 
     | CSA_BLOCKS[2].RCA_C0/full_adder_loop[5].FA/g119__6 | A ^ -> Y v | sky130_fd_sc_hd__nand2_4  | 0.054 |   0.914 |    0.908 | 
     | 783                                                |            |                           |       |         |          | 
     | CSA_BLOCKS[2].RCA_C0/full_adder_loop[6].FA/g121__6 | A v -> Y ^ | sky130_fd_sc_hd__nand2_4  | 0.066 |   0.980 |    0.974 | 
     | 131                                                |            |                           |       |         |          | 
     | CSA_BLOCKS[2].RCA_C0/full_adder_loop[6].FA/g119__8 | A ^ -> Y v | sky130_fd_sc_hd__nand2_4  | 0.052 |   1.032 |    1.026 | 
     | 246                                                |            |                           |       |         |          | 
     | CSA_BLOCKS[2].RCA_C0/full_adder_loop[7].FA/g16     | A v -> Y ^ | sky130_fd_sc_hd__nand2_4  | 0.063 |   1.095 |    1.089 | 
     | CSA_BLOCKS[2].RCA_C0/full_adder_loop[7].FA/g15     | A ^ -> Y v | sky130_fd_sc_hd__nand2_4  | 0.056 |   1.150 |    1.144 | 
     | CSA_BLOCKS[2].RCA_C0/full_adder_loop[8].FA/g121__6 | A v -> Y ^ | sky130_fd_sc_hd__nand2_4  | 0.066 |   1.216 |    1.210 | 
     | 417                                                |            |                           |       |         |          | 
     | CSA_BLOCKS[2].RCA_C0/full_adder_loop[8].FA/g119__1 | A ^ -> Y v | sky130_fd_sc_hd__nand2_4  | 0.057 |   1.273 |    1.267 | 
     | 666                                                |            |                           |       |         |          | 
     | CSA_BLOCKS[2].RCA_C0/full_adder_loop[9].FA/g121__8 | A v -> Y ^ | sky130_fd_sc_hd__nand2_4  | 0.066 |   1.339 |    1.333 | 
     | 428                                                |            |                           |       |         |          | 
     | CSA_BLOCKS[2].RCA_C0/full_adder_loop[9].FA/g119__6 | A ^ -> Y v | sky130_fd_sc_hd__nand2_4  | 0.087 |   1.426 |    1.420 | 
     | 260                                                |            |                           |       |         |          | 
     | g65                                                | A v -> Y ^ | sky130_fd_sc_hd__nand2_8  | 0.095 |   1.521 |    1.515 | 
     | g4888                                              | A ^ -> Y v | sky130_fd_sc_hd__nand2_8  | 0.075 |   1.596 |    1.590 | 
     | FE_DBTC0_n_548                                     | A v -> Y ^ | sky130_fd_sc_hd__clkinv_8 | 0.075 |   1.671 |    1.665 | 
     | g10                                                | A ^ -> Y v | sky130_fd_sc_hd__nand2_2  | 0.085 |   1.757 |    1.750 | 
     | g9                                                 | A v -> Y ^ | sky130_fd_sc_hd__nand2_8  | 0.127 |   1.884 |    1.878 | 
     |                                                    | S[22] ^    |                           | 0.002 |   1.886 |    1.880 | 
     +--------------------------------------------------------------------------------------------------------------------------+ 

