============================================================
  Generated by:           Genus(TM) Synthesis Solution 23.12-s086_1
  Generated on:           Apr 09 2025  12:27:46 pm
  Module:                 ripple_carry_adder_16bits
  Operating conditions:   tt_025C_1v80 
  Interconnect mode:      global
  Area mode:              physical library
============================================================

Timing
-------
  Cost    Critical         Violating 
 Group   Path Slack  TNS     Paths   
-------------------------------------
default         4.0   0.0          0 
-------------------------------------
Total                 0.0          0 

Instance Count
--------------
Leaf Instance Count             68 
Physical Instance count          0 
Sequential Instance Count        0 
Combinational Instance Count    68 
Hierarchical Instance Count     16 

Area
----
Cell Area                          505.485
Physical Cell Area                 0.000
Total Cell Area (Cell+Physical)    505.485
Net Area                           437.619
Total Area (Cell+Physical+Net)     943.104

Max Fanout                         3 (B[5])
Min Fanout                         1 (carry[9])
Average Fanout                     1.4
Terms to net ratio                 1.9444
Terms to instance ratio            3.0882
Runtime                            11.915388 seconds
Elapsed Runtime                    14 seconds
Genus peak memory usage            1888.71 
Innovus peak memory usage          no_value 
Hostname                           cadmicro-inf-el8-623207
