============================================================
  Generated by:           Genus(TM) Synthesis Solution 23.12-s086_1
  Generated on:           Apr 09 2025  12:27:46 pm
  Module:                 ripple_carry_adder_16bits
  Operating conditions:   tt_025C_1v80 
  Interconnect mode:      global
  Area mode:              physical library
============================================================

         Instance              Module       Cell-Count  Cell-Area  Net-Area   Total-Area 
-----------------------------------------------------------------------------------------
ripple_carry_adder_16bits NA                        68    505.485   437.619      943.104 
  F1A                     full_adder                 4     22.522    10.094       32.616 
  full_adder_loop[10].FA  full_adder_15_24           1     33.782     0.000       33.782 
  full_adder_loop[11].FA  full_adder_15_25           1     20.019     0.000       20.019 
  full_adder_loop[12].FA  full_adder_15_26           1     20.019     0.000       20.019 
  full_adder_loop[13].FA  full_adder_15_27           1     20.019     0.000       20.019 
  full_adder_loop[14].FA  full_adder_15_28           1     20.019     0.000       20.019 
  full_adder_loop[15].FA  full_adder_15              1     22.522     0.000       22.522 
  full_adder_loop[1].FA   full_adder_15_15           5     36.285    10.181       46.466 
  full_adder_loop[2].FA   full_adder_15_16           6     35.034    13.575       48.609 
  full_adder_loop[3].FA   full_adder_15_17           6     35.034    13.575       48.609 
  full_adder_loop[4].FA   full_adder_15_18           6     35.034    13.575       48.609 
  full_adder_loop[5].FA   full_adder_15_19           6     35.034    13.575       48.609 
  full_adder_loop[6].FA   full_adder_15_20           6     35.034    13.575       48.609 
  full_adder_loop[7].FA   full_adder_15_21           6     35.034    13.575       48.609 
  full_adder_loop[8].FA   full_adder_15_22           5     37.536    13.575       51.111 
  full_adder_loop[9].FA   full_adder_15_23           4     32.531    10.181       42.712 
