============================================================
  Generated by:           Genus(TM) Synthesis Solution 23.12-s086_1
  Generated on:           Apr 09 2025  12:27:46 pm
  Module:                 ripple_carry_adder_16bits
  Operating conditions:   tt_025C_1v80 
  Interconnect mode:      global
  Area mode:              physical library
============================================================


Path 1: MET (4 ps) Path Delay Check
     Startpoint: (F) A[1]
       Endpoint: (R) S[15]

                   Capture    Launch  
      Path Delay:+    4350         -  
      Drv Adjust:+       0         0  
         Arrival:=    4350            
                                      
   Required Time:=    4350            
       Data Path:-    4346            
           Slack:=       4            

Exceptions/Constraints:
  max_delay             4350            constraints.sdc_line_1 

#----------------------------------------------------------------------------------------------------------------------------------
#             Timing Point              Flags     Arc     Edge           Cell             Fanout Load Trans Delay Arrival Instance 
#                                                                                                (fF)  (ps)  (ps)   (ps)  Location 
#----------------------------------------------------------------------------------------------------------------------------------
  A[1]                                  -       -         F     (arrival)                      1  4.2  1000     0       0    (-,-) 
  g23/Y                                 -       A->Y      R     sky130_fd_sc_hd__clkinv_1      1  5.9   190   226     226    (-,-) 
  g22/Y                                 -       A->Y      F     sky130_fd_sc_hd__inv_2         3 13.5    63    82     308    (-,-) 
  full_adder_loop[1].FA/g3/Y            -       A1->Y     R     sky130_fd_sc_hd__o21ai_2       1  5.9   117   150     458    (-,-) 
  full_adder_loop[1].FA/g2/Y            -       A->Y      F     sky130_fd_sc_hd__nand2_2       2  8.4    56    73     532    (-,-) 
  full_adder_loop[2].FA/g62__1705/Y     -       A->Y      R     sky130_fd_sc_hd__nand2_1       1  3.7    55    64     596    (-,-) 
  full_adder_loop[2].FA/g60__1617/Y     -       A->Y      F     sky130_fd_sc_hd__nand2_1       2  8.4    83    77     672    (-,-) 
  full_adder_loop[3].FA/g62__5115/Y     -       A->Y      R     sky130_fd_sc_hd__nand2_1       1  3.7    55    76     748    (-,-) 
  full_adder_loop[3].FA/g60__6131/Y     -       A->Y      F     sky130_fd_sc_hd__nand2_1       2  8.4    83    77     825    (-,-) 
  full_adder_loop[4].FA/g59__2883/Y     -       A->Y      R     sky130_fd_sc_hd__nand2_1       1  3.7    55    76     900    (-,-) 
  full_adder_loop[4].FA/g57__9315/Y     -       A->Y      F     sky130_fd_sc_hd__nand2_1       2  8.4    83    77     977    (-,-) 
  full_adder_loop[5].FA/g59__2398/Y     -       A->Y      R     sky130_fd_sc_hd__nand2_1       1  3.7    54    76    1053    (-,-) 
  full_adder_loop[5].FA/g57__6417/Y     -       A->Y      F     sky130_fd_sc_hd__nand2_1       2  8.4    83    76    1129    (-,-) 
  full_adder_loop[6].FA/g59__6783/Y     -       A->Y      R     sky130_fd_sc_hd__nand2_1       1  3.7    55    76    1205    (-,-) 
  full_adder_loop[6].FA/g57__8428/Y     -       A->Y      F     sky130_fd_sc_hd__nand2_1       2  8.4    83    77    1282    (-,-) 
  full_adder_loop[7].FA/g59__8246/Y     -       A->Y      R     sky130_fd_sc_hd__nand2_1       1  3.7    55    76    1357    (-,-) 
  full_adder_loop[7].FA/g57__1705/Y     -       A->Y      F     sky130_fd_sc_hd__nand2_1       2  8.4    83    77    1434    (-,-) 
  full_adder_loop[8].FA/g59__4733/Y     -       A->Y      R     sky130_fd_sc_hd__nand2_1       1  3.8    56    76    1510    (-,-) 
  full_adder_loop[8].FA/g57__5115/Y     -       B->Y      F     sky130_fd_sc_hd__nand2b_1      2  8.1    77    82    1592    (-,-) 
  full_adder_loop[9].FA/g59__2346/Y     -       B1->Y     R     sky130_fd_sc_hd__o21ai_1       1  3.8   250    92    1684    (-,-) 
  full_adder_loop[9].FA/g57__9945/Y     -       B->Y      F     sky130_fd_sc_hd__nand2b_1      1  3.6    65    94    1778    (-,-) 
  full_adder_loop[10].FA/g57__7410/COUT -       CI->COUT  F     sky130_fd_sc_hd__fah_1         1  5.8    73   265    2043    (-,-) 
  full_adder_loop[11].FA/g57__6417/COUT -       CIN->COUT F     sky130_fd_sc_hd__fa_1          1  5.8    96   388    2431    (-,-) 
  full_adder_loop[12].FA/g57__5477/COUT -       CIN->COUT F     sky130_fd_sc_hd__fa_1          1  5.8    96   396    2827    (-,-) 
  full_adder_loop[13].FA/g57__2398/COUT -       CIN->COUT F     sky130_fd_sc_hd__fa_1          1  5.8    96   396    3224    (-,-) 
  full_adder_loop[14].FA/g57__5107/COUT -       CIN->COUT F     sky130_fd_sc_hd__fa_1          1  6.3    99   400    3624    (-,-) 
  full_adder_loop[15].FA/g57__6260/SUM  -       CIN->SUM  R     sky130_fd_sc_hd__fa_2          1 51.3   291   722    4346    (-,-) 
  S[15]                                 <<<     -         R     (port)                         -    -     -     0    4346    (-,-) 
#----------------------------------------------------------------------------------------------------------------------------------

