============================================================
  Generated by:           Genus(TM) Synthesis Solution 23.12-s086_1
  Generated on:           Apr 07 2025  05:45:19 pm
  Module:                 carry_select_adder_8888_32bits
  Operating conditions:   tt_025C_1v80 
  Interconnect mode:      global
  Area mode:              physical library
============================================================

           Instance                         Module              Cell-Count  Cell-Area  Net-Area   Total-Area 
-------------------------------------------------------------------------------------------------------------
carry_select_adder_8888_32bits NA                                      558   3779.875  2723.522     6503.397 
  CSA_BLOCKS[1].RCA_C0         ripple_carry_adder_WIDTH8_5_231          61    406.640   197.968      604.608 
    F1A                        full_adder_24_228                         4     25.024    10.094       35.118 
    full_adder_loop[1].FA      full_adder_219                           11     57.555    37.157       94.712 
    full_adder_loop[2].FA      full_adder_218                            9     50.048    23.756       73.804 
    full_adder_loop[3].FA      full_adder_217                            9     57.555    23.756       81.311 
    full_adder_loop[4].FA      full_adder_216                            7     55.053    16.969       72.022 
    full_adder_loop[5].FA      full_adder_215                            7     53.802    16.969       70.770 
    full_adder_loop[6].FA      full_adder_214                            7     53.802    16.969       70.770 
    full_adder_loop[7].FA      full_adder_213                            7     53.802    16.969       70.770 
  CSA_BLOCKS[1].RCA_C1         ripple_carry_adder_WIDTH8_6_233          68    424.157   233.298      657.455 
    F1A                        full_adder_32_230                         4     30.029    10.094       40.123 
    full_adder_loop[1].FA      full_adder_212                           13     67.565    43.945      111.509 
    full_adder_loop[2].FA      full_adder_211                           11     60.058    37.157       97.215 
    full_adder_loop[3].FA      full_adder_210                            9     55.053    23.756       78.809 
    full_adder_loop[4].FA      full_adder_209                            7     50.048    16.969       67.017 
    full_adder_loop[5].FA      full_adder_208                            7     50.048    16.969       67.017 
    full_adder_loop[6].FA      full_adder_207                            8     53.802    22.016       75.817 
    full_adder_loop[7].FA      full_adder_206                            9     57.555    27.063       84.618 
  CSA_BLOCKS[2].RCA_C0         ripple_carry_adder_WIDTH8_5_232          52    340.326   170.818      511.145 
    F1A                        full_adder_24                             4     26.275    10.094       36.369 
    full_adder_loop[1].FA      full_adder_205                           10     51.299    33.763       85.063 
    full_adder_loop[2].FA      full_adder_204                            7     42.541    16.969       59.510 
    full_adder_loop[3].FA      full_adder_203                            6     41.290    13.575       54.865 
    full_adder_loop[4].FA      full_adder_202                            6     43.792    13.575       57.367 
    full_adder_loop[5].FA      full_adder_201                            6     43.792    13.575       57.367 
    full_adder_loop[6].FA      full_adder_200                            6     43.792    13.575       57.367 
    full_adder_loop[7].FA      full_adder_199                            7     47.546    20.362       67.908 
  CSA_BLOCKS[2].RCA_C1         ripple_carry_adder_WIDTH8_6_234          55    355.341   181.000      536.340 
    F1A                        full_adder_32                             6     35.034    16.882       51.915 
    full_adder_loop[1].FA      full_adder_198                           10     52.550    33.763       86.314 
    full_adder_loop[2].FA      full_adder_197                            7     43.792    16.969       60.761 
    full_adder_loop[3].FA      full_adder_196                            7     48.797    16.969       65.766 
    full_adder_loop[4].FA      full_adder_195                            6     40.038    13.575       53.613 
    full_adder_loop[5].FA      full_adder_194                            7     45.043    16.969       62.012 
    full_adder_loop[6].FA      full_adder_193                            7     47.546    16.969       64.514 
    full_adder_loop[7].FA      full_adder_192                            5     42.541    13.575       56.116 
  CSA_BLOCKS[3].RCA_C0         ripple_carry_adder_WIDTH8_5              44    336.573   155.503      492.076 
    F1A                        full_adder_24_227                         4     26.275    10.094       36.369 
    full_adder_loop[1].FA      full_adder_191                           10     53.802    33.763       87.565 
    full_adder_loop[2].FA      full_adder_190                            7     47.546    16.969       64.514 
    full_adder_loop[3].FA      full_adder_189                            6     43.792    13.575       57.367 
    full_adder_loop[4].FA      full_adder_188                            5     41.290    13.575       54.865 
    full_adder_loop[5].FA      full_adder_187                            5     41.290    13.575       54.865 
    full_adder_loop[6].FA      full_adder_186                            1     33.782     0.000       33.782 
    full_adder_loop[7].FA      full_adder_185                            6     48.797    20.275       69.072 
  CSA_BLOCKS[3].RCA_C1         ripple_carry_adder_WIDTH8_6              45    317.805   152.196      470.001 
    F1A                        full_adder_32_229                         4     20.019    10.094       30.113 
    full_adder_loop[1].FA      full_adder_184                            8     50.048    23.669       73.717 
    full_adder_loop[2].FA      full_adder_183                            7     42.541    16.969       59.510 
    full_adder_loop[3].FA      full_adder_182                            7     43.792    16.969       60.761 
    full_adder_loop[4].FA      full_adder_181                            6     47.546    16.969       64.514 
    full_adder_loop[5].FA      full_adder_180                            5     41.290    13.575       54.865 
    full_adder_loop[6].FA      full_adder_179                            1     33.782     0.000       33.782 
    full_adder_loop[7].FA      full_adder_178                            7     38.787    18.622       57.409 
  RCA_LSB                      ripple_carry_adder_WIDTH8                60    591.818   199.535      791.352 
    F1A                        full_adder                                6     58.806    13.575       72.381 
    full_adder_loop[1].FA      full_adder_226                           11     83.830    37.157      120.988 
    full_adder_loop[2].FA      full_adder_225                           11     77.574    37.157      114.732 
    full_adder_loop[3].FA      full_adder_224                            7     78.826    16.969       95.794 
    full_adder_loop[4].FA      full_adder_223                            6     67.565    13.575       81.140 
    full_adder_loop[5].FA      full_adder_222                            6     70.067    13.575       83.642 
    full_adder_loop[6].FA      full_adder_221                            6     71.318    13.575       84.893 
    full_adder_loop[7].FA      full_adder_220                            7     83.830    18.622      102.452 
