============================================================
  Generated by:           Genus(TM) Synthesis Solution 23.12-s086_1
  Generated on:           Apr 07 2025  05:45:19 pm
  Module:                 carry_select_adder_8888_32bits
  Operating conditions:   tt_025C_1v80 
  Interconnect mode:      global
  Area mode:              physical library
============================================================


Path 1: VIOLATED (-76 ps) Path Delay Check
     Startpoint: (F) B[9]
       Endpoint: (R) S[26]

                   Capture    Launch  
      Path Delay:+    1760         -  
      Drv Adjust:+       0         0  
         Arrival:=    1760            
                                      
   Required Time:=    1760            
       Data Path:-    1836            
           Slack:=     -76            

Exceptions/Constraints:
  max_delay             1760            constraints.sdc_line_1 

#------------------------------------------------------------------------------------------------------------------------------------------------
#                      Timing Point                       Flags   Arc   Edge           Cell             Fanout Load Trans Delay Arrival Instance 
#                                                                                                              (fF)  (ps)  (ps)   (ps)  Location 
#------------------------------------------------------------------------------------------------------------------------------------------------
  B[9]                                                    -       -     F     (arrival)                      2  5.9  1000     0       0    (-,-) 
  g11445/X                                                -       A->X  F     sky130_fd_sc_hd__clkbuf_1      1  4.2    56   316     316    (-,-) 
  CSA_BLOCKS[1].RCA_C1/full_adder_loop[1].FA/fopt48/Y     -       A->Y  R     sky130_fd_sc_hd__clkinv_1      2  6.7    46    62     378    (-,-) 
  CSA_BLOCKS[1].RCA_C1/full_adder_loop[1].FA/fopt47/Y     -       A->Y  F     sky130_fd_sc_hd__inv_1         2  7.7    41    53     431    (-,-) 
  CSA_BLOCKS[1].RCA_C1/full_adder_loop[1].FA/g32/Y        -       B->Y  R     sky130_fd_sc_hd__nand2_2       1  5.9    51    66     497    (-,-) 
  CSA_BLOCKS[1].RCA_C1/full_adder_loop[1].FA/g201/Y       -       B->Y  F     sky130_fd_sc_hd__nand2_2       2  7.8    42    60     556    (-,-) 
  CSA_BLOCKS[1].RCA_C1/full_adder_loop[2].FA/g124__6417/Y -       A->Y  R     sky130_fd_sc_hd__nand2_2       1  5.9    51    57     614    (-,-) 
  CSA_BLOCKS[1].RCA_C1/full_adder_loop[2].FA/g122__1666/Y -       A->Y  F     sky130_fd_sc_hd__nand2_2       2  7.8    42    54     667    (-,-) 
  CSA_BLOCKS[1].RCA_C1/full_adder_loop[3].FA/g7/Y         -       A->Y  R     sky130_fd_sc_hd__nand2_2       1  5.9    52    57     725    (-,-) 
  CSA_BLOCKS[1].RCA_C1/full_adder_loop[3].FA/g122__6260/Y -       A->Y  F     sky130_fd_sc_hd__nand2_2       2  7.8    42    54     779    (-,-) 
  CSA_BLOCKS[1].RCA_C1/full_adder_loop[4].FA/g7/Y         -       A->Y  R     sky130_fd_sc_hd__nand2_2       1  5.9    51    57     836    (-,-) 
  CSA_BLOCKS[1].RCA_C1/full_adder_loop[4].FA/g122__1617/Y -       A->Y  F     sky130_fd_sc_hd__nand2_2       2  7.8    42    54     890    (-,-) 
  CSA_BLOCKS[1].RCA_C1/full_adder_loop[5].FA/g21/Y        -       A->Y  R     sky130_fd_sc_hd__nand2_2       1  5.9    51    57     947    (-,-) 
  CSA_BLOCKS[1].RCA_C1/full_adder_loop[5].FA/g20/Y        -       A->Y  F     sky130_fd_sc_hd__nand2_2       2  7.8    42    54    1001    (-,-) 
  CSA_BLOCKS[1].RCA_C1/full_adder_loop[6].FA/g124__2883/Y -       A->Y  R     sky130_fd_sc_hd__nand2_2       1  5.9    51    57    1058    (-,-) 
  CSA_BLOCKS[1].RCA_C1/full_adder_loop[6].FA/g122__9315/Y -       A->Y  F     sky130_fd_sc_hd__nand2_2       2  7.8    42    54    1112    (-,-) 
  CSA_BLOCKS[1].RCA_C1/full_adder_loop[7].FA/g124__2398/Y -       A->Y  R     sky130_fd_sc_hd__nand2_2       1  5.9    51    57    1169    (-,-) 
  CSA_BLOCKS[1].RCA_C1/full_adder_loop[7].FA/g122__6417/Y -       A->Y  F     sky130_fd_sc_hd__nand2_2       2  8.9    46    57    1226    (-,-) 
  g11461/Y                                                -       A->Y  R     sky130_fd_sc_hd__clkinv_2      1 10.1    44    57    1283    (-,-) 
  g98/Y                                                   -       A->Y  F     sky130_fd_sc_hd__nand2_4       3 17.5    51    56    1339    (-,-) 
  g95/Y                                                   -       B->Y  R     sky130_fd_sc_hd__nand2_4       1 10.1    52    72    1412    (-,-) 
  g94/Y                                                   -       A->Y  F     sky130_fd_sc_hd__nand2_4       3 21.4    58    65    1477    (-,-) 
  g43/Y                                                   -       A->Y  R     sky130_fd_sc_hd__nand2_4       8 24.7    95    95    1571    (-,-) 
  g11257__11370/Y                                         -       A->Y  F     sky130_fd_sc_hd__nand2_1       1  9.7    81    97    1668    (-,-) 
  g11248__5477/Y                                          -       B->Y  R     sky130_fd_sc_hd__nand2_4       1 51.3   165   167    1836    (-,-) 
  S[26]                                                   <<<     -     R     (port)                         -    -     -     0    1836    (-,-) 
#------------------------------------------------------------------------------------------------------------------------------------------------

