============================================================
  Generated by:           Genus(TM) Synthesis Solution 23.12-s086_1
  Generated on:           Apr 07 2025  05:45:19 pm
  Module:                 carry_select_adder_8888_32bits
  Operating conditions:   tt_025C_1v80 
  Interconnect mode:      global
  Area mode:              physical library
============================================================

Timing
-------
  Cost    Critical             Violating 
 Group   Path Slack    TNS       Paths   
-----------------------------------------
default       -75.9   -1733.3         25 
-----------------------------------------
Total                 -1733.3         25 

Instance Count
--------------
Leaf Instance Count             558 
Physical Instance count           0 
Sequential Instance Count         0 
Combinational Instance Count    558 
Hierarchical Instance Count      63 

Area
----
Cell Area                          3779.875
Physical Cell Area                 0.000
Total Cell Area (Cell+Physical)    3779.875
Net Area                           2723.522
Total Area (Cell+Physical+Net)     6503.397

Max Fanout                         8 (n_308)
Min Fanout                         1 (C0[2])
Average Fanout                     1.6
Terms to net ratio                 2.4256
Terms to instance ratio            2.7473
Runtime                            36.520326000000004 seconds
Elapsed Runtime                    38 seconds
Genus peak memory usage            1900.19 
Innovus peak memory usage          no_value 
Hostname                           cadmicro-inf-el8-623207
