Hinst Name                Module Name          Inst Count           Total Area               Buffer             Inverter        Combinational                 Flop                Latch           Clock Gate                Macro             Physical
---------------------------------------------------------------------------------------------------------------------------------------------------------------------------------------------------------------------------------------------------------------
ripple_carry_adder_32bits                              87              888.352                0.000                0.000              620.595                0.000                0.000                0.000                0.000              267.757
  HA                      half_adder                    0                0.000                0.000                0.000                0.000                0.000                0.000                0.000                0.000                0.000
  full_adder_loop[10].FA  full_adder_82                 1               20.019                0.000                0.000               20.019                0.000                0.000                0.000                0.000                0.000
  full_adder_loop[11].FA  full_adder_81                 1               20.019                0.000                0.000               20.019                0.000                0.000                0.000                0.000                0.000
  full_adder_loop[12].FA  full_adder_80                 1               20.019                0.000                0.000               20.019                0.000                0.000                0.000                0.000                0.000
  full_adder_loop[13].FA  full_adder_79                 1               20.019                0.000                0.000               20.019                0.000                0.000                0.000                0.000                0.000
  full_adder_loop[14].FA  full_adder_78                 1               20.019                0.000                0.000               20.019                0.000                0.000                0.000                0.000                0.000
  full_adder_loop[15].FA  full_adder_77                 1               20.019                0.000                0.000               20.019                0.000                0.000                0.000                0.000                0.000
  full_adder_loop[16].FA  full_adder_76                 1               20.019                0.000                0.000               20.019                0.000                0.000                0.000                0.000                0.000
  full_adder_loop[17].FA  full_adder_75                 1               20.019                0.000                0.000               20.019                0.000                0.000                0.000                0.000                0.000
  full_adder_loop[18].FA  full_adder_74                 1               20.019                0.000                0.000               20.019                0.000                0.000                0.000                0.000                0.000
  full_adder_loop[19].FA  full_adder_73                 1               20.019                0.000                0.000               20.019                0.000                0.000                0.000                0.000                0.000
  full_adder_loop[1].FA   full_adder                    1               20.019                0.000                0.000               20.019                0.000                0.000                0.000                0.000                0.000
  full_adder_loop[20].FA  full_adder_72                 1               20.019                0.000                0.000               20.019                0.000                0.000                0.000                0.000                0.000
  full_adder_loop[21].FA  full_adder_71                 1               20.019                0.000                0.000               20.019                0.000                0.000                0.000                0.000                0.000
  full_adder_loop[22].FA  full_adder_70                 1               20.019                0.000                0.000               20.019                0.000                0.000                0.000                0.000                0.000
  full_adder_loop[23].FA  full_adder_69                 1               20.019                0.000                0.000               20.019                0.000                0.000                0.000                0.000                0.000
  full_adder_loop[24].FA  full_adder_68                 1               20.019                0.000                0.000               20.019                0.000                0.000                0.000                0.000                0.000
  full_adder_loop[25].FA  full_adder_67                 1               20.019                0.000                0.000               20.019                0.000                0.000                0.000                0.000                0.000
  full_adder_loop[26].FA  full_adder_66                 1               20.019                0.000                0.000               20.019                0.000                0.000                0.000                0.000                0.000
  full_adder_loop[27].FA  full_adder_65                 1               20.019                0.000                0.000               20.019                0.000                0.000                0.000                0.000                0.000
  full_adder_loop[28].FA  full_adder_64                 1               20.019                0.000                0.000               20.019                0.000                0.000                0.000                0.000                0.000
  full_adder_loop[29].FA  full_adder_63                 1               20.019                0.000                0.000               20.019                0.000                0.000                0.000                0.000                0.000
  full_adder_loop[2].FA   full_adder_90                 1               20.019                0.000                0.000               20.019                0.000                0.000                0.000                0.000                0.000
  full_adder_loop[30].FA  full_adder_62                 1               20.019                0.000                0.000               20.019                0.000                0.000                0.000                0.000                0.000
  full_adder_loop[31].FA  full_adder_61                 1               20.019                0.000                0.000               20.019                0.000                0.000                0.000                0.000                0.000
  full_adder_loop[3].FA   full_adder_89                 1               20.019                0.000                0.000               20.019                0.000                0.000                0.000                0.000                0.000
  full_adder_loop[4].FA   full_adder_88                 1               20.019                0.000                0.000               20.019                0.000                0.000                0.000                0.000                0.000
  full_adder_loop[5].FA   full_adder_87                 1               20.019                0.000                0.000               20.019                0.000                0.000                0.000                0.000                0.000
  full_adder_loop[6].FA   full_adder_86                 1               20.019                0.000                0.000               20.019                0.000                0.000                0.000                0.000                0.000
  full_adder_loop[7].FA   full_adder_85                 1               20.019                0.000                0.000               20.019                0.000                0.000                0.000                0.000                0.000
  full_adder_loop[8].FA   full_adder_84                 1               20.019                0.000                0.000               20.019                0.000                0.000                0.000                0.000                0.000
  full_adder_loop[9].FA   full_adder_83                 1               20.019                0.000                0.000               20.019                0.000                0.000                0.000                0.000                0.000
