###############################################################
#  Generated by:      Cadence Innovus 23.32-s091_1
#  OS:                Linux x86_64(Host ID cadmicro-inf-el8-623207)
#  Generated on:      Mon Mar 31 17:28:07 2025
#  Design:            ripple_carry_adder_32bits
#  Command:           report_timing > reports/report_timing.rpt
###############################################################
Path 1: MET Path Delay Check
Endpoint:   S[31] (^)
Beginpoint: A[1]  (v) triggered by  leading edge of '@'
Path Groups: {default}
Analysis View: default_emulate_view
- External Delay                0.000
+ Path Delay                  200.000
= Required Time               200.000
- Arrival Time                 13.248
= Slack Time                  186.752
     Clock Rise Edge                      0.000
     + Input Delay                        0.000
     = Beginpoint Arrival Time            0.000
     +---------------------------------------------------------------------------------------------------------+ 
     |             Instance             |       Arc       |         Cell          | Delay | Arrival | Required | 
     |                                  |                 |                       |       |  Time   |   Time   | 
     |----------------------------------+-----------------+-----------------------+-------+---------+----------| 
     |                                  | A[1] v          |                       |       |  -0.000 |  186.751 | 
     | full_adder_loop[1].FA/g65__2398  | B v -> COUT v   | sky130_fd_sc_hd__fa_1 | 0.790 |   0.790 |  187.542 | 
     | full_adder_loop[2].FA/g65__5107  | CIN v -> COUT v | sky130_fd_sc_hd__fa_1 | 0.398 |   1.189 |  187.940 | 
     | full_adder_loop[3].FA/g65__6260  | CIN v -> COUT v | sky130_fd_sc_hd__fa_1 | 0.408 |   1.596 |  188.348 | 
     | full_adder_loop[4].FA/g65__4319  | CIN v -> COUT v | sky130_fd_sc_hd__fa_1 | 0.402 |   1.999 |  188.750 | 
     | full_adder_loop[5].FA/g65__8428  | CIN v -> COUT v | sky130_fd_sc_hd__fa_1 | 0.404 |   2.403 |  189.154 | 
     | full_adder_loop[6].FA/g65__5526  | CIN v -> COUT v | sky130_fd_sc_hd__fa_1 | 0.397 |   2.800 |  189.552 | 
     | full_adder_loop[7].FA/g65__6783  | CIN v -> COUT v | sky130_fd_sc_hd__fa_1 | 0.394 |   3.194 |  189.945 | 
     | full_adder_loop[8].FA/g65__3680  | CIN v -> COUT v | sky130_fd_sc_hd__fa_1 | 0.399 |   3.593 |  190.345 | 
     | full_adder_loop[9].FA/g65__1617  | CIN v -> COUT v | sky130_fd_sc_hd__fa_1 | 0.403 |   3.997 |  190.748 | 
     | full_adder_loop[10].FA/g65__2802 | CIN v -> COUT v | sky130_fd_sc_hd__fa_1 | 0.399 |   4.396 |  191.148 | 
     | full_adder_loop[11].FA/g65__1705 | CIN v -> COUT v | sky130_fd_sc_hd__fa_1 | 0.402 |   4.798 |  191.550 | 
     | full_adder_loop[12].FA/g65__5122 | CIN v -> COUT v | sky130_fd_sc_hd__fa_1 | 0.409 |   5.207 |  191.959 | 
     | full_adder_loop[13].FA/g65__8246 | CIN v -> COUT v | sky130_fd_sc_hd__fa_1 | 0.403 |   5.611 |  192.362 | 
     | full_adder_loop[14].FA/g65__7098 | CIN v -> COUT v | sky130_fd_sc_hd__fa_1 | 0.410 |   6.021 |  192.772 | 
     | full_adder_loop[15].FA/g65__6131 | CIN v -> COUT v | sky130_fd_sc_hd__fa_1 | 0.405 |   6.425 |  193.177 | 
     | full_adder_loop[16].FA/g65__1881 | CIN v -> COUT v | sky130_fd_sc_hd__fa_1 | 0.400 |   6.826 |  193.577 | 
     | full_adder_loop[17].FA/g65__5115 | CIN v -> COUT v | sky130_fd_sc_hd__fa_1 | 0.409 |   7.234 |  193.986 | 
     | full_adder_loop[18].FA/g65__7482 | CIN v -> COUT v | sky130_fd_sc_hd__fa_1 | 0.404 |   7.638 |  194.389 | 
     | full_adder_loop[19].FA/g65__4733 | CIN v -> COUT v | sky130_fd_sc_hd__fa_1 | 0.398 |   8.036 |  194.788 | 
     | full_adder_loop[20].FA/g65__6161 | CIN v -> COUT v | sky130_fd_sc_hd__fa_1 | 0.396 |   8.433 |  195.184 | 
     | full_adder_loop[21].FA/g65__9315 | CIN v -> COUT v | sky130_fd_sc_hd__fa_1 | 0.399 |   8.832 |  195.583 | 
     | full_adder_loop[22].FA/g65__9945 | CIN v -> COUT v | sky130_fd_sc_hd__fa_1 | 0.400 |   9.232 |  195.983 | 
     | full_adder_loop[23].FA/g65__2883 | CIN v -> COUT v | sky130_fd_sc_hd__fa_1 | 0.395 |   9.627 |  196.378 | 
     | full_adder_loop[24].FA/g65__2346 | CIN v -> COUT v | sky130_fd_sc_hd__fa_1 | 0.390 |  10.017 |  196.768 | 
     | full_adder_loop[25].FA/g65__1666 | CIN v -> COUT v | sky130_fd_sc_hd__fa_1 | 0.397 |  10.414 |  197.166 | 
     | full_adder_loop[26].FA/g65__7410 | CIN v -> COUT v | sky130_fd_sc_hd__fa_1 | 0.399 |  10.813 |  197.564 | 
     | full_adder_loop[27].FA/g65__6417 | CIN v -> COUT v | sky130_fd_sc_hd__fa_1 | 0.403 |  11.215 |  197.967 | 
     | full_adder_loop[28].FA/g65__5477 | CIN v -> COUT v | sky130_fd_sc_hd__fa_1 | 0.407 |  11.622 |  198.374 | 
     | full_adder_loop[29].FA/g65__2398 | CIN v -> COUT v | sky130_fd_sc_hd__fa_1 | 0.404 |  12.026 |  198.777 | 
     | full_adder_loop[30].FA/g65__5107 | CIN v -> COUT v | sky130_fd_sc_hd__fa_1 | 0.397 |  12.423 |  199.174 | 
     | full_adder_loop[31].FA/g65__6260 | CIN v -> SUM ^  | sky130_fd_sc_hd__fa_1 | 0.825 |  13.248 |  199.999 | 
     |                                  | S[31] ^         |                       | 0.001 |  13.248 |  200.000 | 
     +---------------------------------------------------------------------------------------------------------+ 

