============================================================
  Generated by:           Genus(TM) Synthesis Solution 23.12-s086_1
  Generated on:           Apr 07 2025  06:51:58 pm
  Module:                 carry_select_adder_68810_32bits
  Operating conditions:   tt_025C_1v80 
  Interconnect mode:      global
  Area mode:              physical library
============================================================

Timing
-------
  Cost    Critical         Violating 
 Group   Path Slack  TNS     Paths   
-------------------------------------
default      2537.2   0.0          0 
-------------------------------------
Total                 0.0          0 

Instance Count
--------------
Leaf Instance Count             90 
Physical Instance count          0 
Sequential Instance Count        0 
Combinational Instance Count    90 
Hierarchical Instance Count     65 

Area
----
Cell Area                          1447.638
Physical Cell Area                 0.000
Total Cell Area (Cell+Physical)    1447.638
Net Area                           851.569
Total Area (Cell+Physical+Net)     2299.207

Max Fanout                         11 (n_1)
Min Fanout                         1 (C0[1])
Average Fanout                     1.4
Terms to net ratio                 1.9333
Terms to instance ratio            4.5111
Runtime                            12.660542 seconds
Elapsed Runtime                    15 seconds
Genus peak memory usage            1890.52 
Innovus peak memory usage          no_value 
Hostname                           cadmicro-inf-el8-623207
