============================================================
  Generated by:           Genus(TM) Synthesis Solution 23.12-s086_1
  Generated on:           Mar 31 2025  05:29:36 pm
  Module:                 ripple_carry_adder_8bits
  Operating conditions:   tt_025C_1v80 
  Interconnect mode:      global
  Area mode:              physical library
============================================================

Timing
-------
  Cost    Critical         Violating 
 Group   Path Slack  TNS     Paths   
-------------------------------------
default    196410.5   0.0          0 
-------------------------------------
Total                 0.0          0 

Instance Count
--------------
Leaf Instance Count             7 
Physical Instance count         0 
Sequential Instance Count       0 
Combinational Instance Count    7 
Hierarchical Instance Count     8 

Area
----
Cell Area                          140.134
Physical Cell Area                 0.000
Total Cell Area (Cell+Physical)    140.134
Net Area                           108.600
Total Area (Cell+Physical+Net)     248.734

Max Fanout                         1 (carry[0])
Min Fanout                         1 (carry[0])
Average Fanout                     1.0
Terms to net ratio                 1.0938
Terms to instance ratio            5.0000
Runtime                            11.958711 seconds
Elapsed Runtime                    12 seconds
Genus peak memory usage            1887.48 
Innovus peak memory usage          no_value 
Hostname                           cadmicro-inf-el8-623207
