Hinst Name                                    Module Name                  Inst Count           Total Area               Buffer             Inverter        Combinational                 Flop                Latch           Clock Gate                Macro             Physical
-------------------------------------------------------------------------------------------------------------------------------------------------------------------------------------------------------------------------------------------------------------------------------------------
carry_select_adder_461012_32bits                                                  311             2635.027                0.000               63.811             1725.405                0.000                0.000                0.000                0.000              845.811
  CSA_BLOCKS[1].RCA_C0                        ripple_carry_adder_WIDTH6             6              112.608                0.000                0.000              112.608                0.000                0.000                0.000                0.000                0.000
    CSA_BLOCKS[1].RCA_C0/F1A                  full_adder_4                          1               12.512                0.000                0.000               12.512                0.000                0.000                0.000                0.000                0.000
    CSA_BLOCKS[1].RCA_C0/full_adder_loop[1].FA full_adder_227                        1               20.019                0.000                0.000               20.019                0.000                0.000                0.000                0.000                0.000
    CSA_BLOCKS[1].RCA_C0/full_adder_loop[2].FA full_adder_226                        1               20.019                0.000                0.000               20.019                0.000                0.000                0.000                0.000                0.000
    CSA_BLOCKS[1].RCA_C0/full_adder_loop[3].FA full_adder_225                        1               20.019                0.000                0.000               20.019                0.000                0.000                0.000                0.000                0.000
    CSA_BLOCKS[1].RCA_C0/full_adder_loop[4].FA full_adder_224                        1               20.019                0.000                0.000               20.019                0.000                0.000                0.000                0.000                0.000
    CSA_BLOCKS[1].RCA_C0/full_adder_loop[5].FA full_adder_223                        1               20.019                0.000                0.000               20.019                0.000                0.000                0.000                0.000                0.000
  CSA_BLOCKS[1].RCA_C1                        ripple_carry_adder_WIDTH6_1           7              115.110                0.000                0.000              115.110                0.000                0.000                0.000                0.000                0.000
    CSA_BLOCKS[1].RCA_C1/F1A                  full_adder_48_233                     2               15.014                0.000                0.000               15.014                0.000                0.000                0.000                0.000                0.000
    CSA_BLOCKS[1].RCA_C1/full_adder_loop[1].FA full_adder_202                        1               20.019                0.000                0.000               20.019                0.000                0.000                0.000                0.000                0.000
    CSA_BLOCKS[1].RCA_C1/full_adder_loop[2].FA full_adder_201                        1               20.019                0.000                0.000               20.019                0.000                0.000                0.000                0.000                0.000
    CSA_BLOCKS[1].RCA_C1/full_adder_loop[3].FA full_adder_200                        1               20.019                0.000                0.000               20.019                0.000                0.000                0.000                0.000                0.000
    CSA_BLOCKS[1].RCA_C1/full_adder_loop[4].FA full_adder_199                        1               20.019                0.000                0.000               20.019                0.000                0.000                0.000                0.000                0.000
    CSA_BLOCKS[1].RCA_C1/full_adder_loop[5].FA full_adder_198                        1               20.019                0.000                0.000               20.019                0.000                0.000                0.000                0.000                0.000
  CSA_BLOCKS[2].RCA_C0                        ripple_carry_adder_WIDTH10           18              240.230                0.000                7.507              232.723                0.000                0.000                0.000                0.000                0.000
    CSA_BLOCKS[2].RCA_C0/F1A                  full_adder_4_232                      2               12.512                0.000                0.000               12.512                0.000                0.000                0.000                0.000                0.000
    CSA_BLOCKS[2].RCA_C0/full_adder_loop[1].FA full_adder_222                        8               40.038                0.000                7.507               32.531                0.000                0.000                0.000                0.000                0.000
    CSA_BLOCKS[2].RCA_C0/full_adder_loop[2].FA full_adder_221                        1               33.782                0.000                0.000               33.782                0.000                0.000                0.000                0.000                0.000
    CSA_BLOCKS[2].RCA_C0/full_adder_loop[3].FA full_adder_220                        1               33.782                0.000                0.000               33.782                0.000                0.000                0.000                0.000                0.000
    CSA_BLOCKS[2].RCA_C0/full_adder_loop[4].FA full_adder_219                        1               20.019                0.000                0.000               20.019                0.000                0.000                0.000                0.000                0.000
    CSA_BLOCKS[2].RCA_C0/full_adder_loop[5].FA full_adder_218                        1               20.019                0.000                0.000               20.019                0.000                0.000                0.000                0.000                0.000
    CSA_BLOCKS[2].RCA_C0/full_adder_loop[6].FA full_adder_217                        1               20.019                0.000                0.000               20.019                0.000                0.000                0.000                0.000                0.000
    CSA_BLOCKS[2].RCA_C0/full_adder_loop[7].FA full_adder_216                        1               20.019                0.000                0.000               20.019                0.000                0.000                0.000                0.000                0.000
    CSA_BLOCKS[2].RCA_C0/full_adder_loop[8].FA full_adder_215                        1               20.019                0.000                0.000               20.019                0.000                0.000                0.000                0.000                0.000
    CSA_BLOCKS[2].RCA_C0/full_adder_loop[9].FA full_adder_214                        1               20.019                0.000                0.000               20.019                0.000                0.000                0.000                0.000                0.000
  CSA_BLOCKS[2].RCA_C1                        ripple_carry_adder_WIDTH10_1         21              230.221                0.000                7.507              222.714                0.000                0.000                0.000                0.000                0.000
    CSA_BLOCKS[2].RCA_C1/F1A                  full_adder_48_234                     2               12.512                0.000                0.000               12.512                0.000                0.000                0.000                0.000                0.000
    CSA_BLOCKS[2].RCA_C1/full_adder_loop[1].FA full_adder_197                        8               40.038                0.000                7.507               32.531                0.000                0.000                0.000                0.000                0.000
    CSA_BLOCKS[2].RCA_C1/full_adder_loop[2].FA full_adder_196                        1               22.522                0.000                0.000               22.522                0.000                0.000                0.000                0.000                0.000
    CSA_BLOCKS[2].RCA_C1/full_adder_loop[3].FA full_adder_195                        4               32.531                0.000                0.000               32.531                0.000                0.000                0.000                0.000                0.000
    CSA_BLOCKS[2].RCA_C1/full_adder_loop[4].FA full_adder_194                        1               20.019                0.000                0.000               20.019                0.000                0.000                0.000                0.000                0.000
    CSA_BLOCKS[2].RCA_C1/full_adder_loop[5].FA full_adder_193                        1               20.019                0.000                0.000               20.019                0.000                0.000                0.000                0.000                0.000
    CSA_BLOCKS[2].RCA_C1/full_adder_loop[6].FA full_adder_192                        1               20.019                0.000                0.000               20.019                0.000                0.000                0.000                0.000                0.000
    CSA_BLOCKS[2].RCA_C1/full_adder_loop[7].FA full_adder_191                        1               22.522                0.000                0.000               22.522                0.000                0.000                0.000                0.000                0.000
    CSA_BLOCKS[2].RCA_C1/full_adder_loop[8].FA full_adder_190                        1               20.019                0.000                0.000               20.019                0.000                0.000                0.000                0.000                0.000
    CSA_BLOCKS[2].RCA_C1/full_adder_loop[9].FA full_adder_189                        1               20.019                0.000                0.000               20.019                0.000                0.000                0.000                0.000                0.000
  CSA_BLOCKS[3].RCA_C0                        ripple_carry_adder_WIDTH12           28              311.549                0.000               15.014              296.534                0.000                0.000                0.000                0.000                0.000
    CSA_BLOCKS[3].RCA_C0/F1A                  full_adder_4_231                      4               20.019                0.000                7.507               12.512                0.000                0.000                0.000                0.000                0.000
    CSA_BLOCKS[3].RCA_C0/full_adder_loop[10].FA full_adder_204                        1               20.019                0.000                0.000               20.019                0.000                0.000                0.000                0.000                0.000
    CSA_BLOCKS[3].RCA_C0/full_adder_loop[11].FA full_adder_203                        1               22.522                0.000                0.000               22.522                0.000                0.000                0.000                0.000                0.000
    CSA_BLOCKS[3].RCA_C0/full_adder_loop[1].FA full_adder_213                        5               33.782                0.000                0.000               33.782                0.000                0.000                0.000                0.000                0.000
    CSA_BLOCKS[3].RCA_C0/full_adder_loop[2].FA full_adder_212                        7               41.290                0.000                7.507               33.782                0.000                0.000                0.000                0.000                0.000
    CSA_BLOCKS[3].RCA_C0/full_adder_loop[3].FA full_adder_211                        4               35.034                0.000                0.000               35.034                0.000                0.000                0.000                0.000                0.000
    CSA_BLOCKS[3].RCA_C0/full_adder_loop[4].FA full_adder_210                        1               33.782                0.000                0.000               33.782                0.000                0.000                0.000                0.000                0.000
    CSA_BLOCKS[3].RCA_C0/full_adder_loop[5].FA full_adder_209                        1               20.019                0.000                0.000               20.019                0.000                0.000                0.000                0.000                0.000
    CSA_BLOCKS[3].RCA_C0/full_adder_loop[6].FA full_adder_208                        1               22.522                0.000                0.000               22.522                0.000                0.000                0.000                0.000                0.000
    CSA_BLOCKS[3].RCA_C0/full_adder_loop[7].FA full_adder_207                        1               22.522                0.000                0.000               22.522                0.000                0.000                0.000                0.000                0.000
    CSA_BLOCKS[3].RCA_C0/full_adder_loop[8].FA full_adder_206                        1               20.019                0.000                0.000               20.019                0.000                0.000                0.000                0.000                0.000
    CSA_BLOCKS[3].RCA_C0/full_adder_loop[9].FA full_adder_205                        1               20.019                0.000                0.000               20.019                0.000                0.000                0.000                0.000                0.000
  CSA_BLOCKS[3].RCA_C1                        ripple_carry_adder_WIDTH12_1         27              316.554                0.000               15.014              301.539                0.000                0.000                0.000                0.000                0.000
    CSA_BLOCKS[3].RCA_C1/F1A                  full_adder_48                         4               20.019                0.000                7.507               12.512                0.000                0.000                0.000                0.000                0.000
    CSA_BLOCKS[3].RCA_C1/full_adder_loop[10].FA full_adder_179                        1               20.019                0.000                0.000               20.019                0.000                0.000                0.000                0.000                0.000
    CSA_BLOCKS[3].RCA_C1/full_adder_loop[11].FA full_adder_178                        1               22.522                0.000                0.000               22.522                0.000                0.000                0.000                0.000                0.000
    CSA_BLOCKS[3].RCA_C1/full_adder_loop[1].FA full_adder_188                        1               33.782                0.000                0.000               33.782                0.000                0.000                0.000                0.000                0.000
    CSA_BLOCKS[3].RCA_C1/full_adder_loop[2].FA full_adder_187                        7               41.290                0.000                7.507               33.782                0.000                0.000                0.000                0.000                0.000
    CSA_BLOCKS[3].RCA_C1/full_adder_loop[3].FA full_adder_186                        4               35.034                0.000                0.000               35.034                0.000                0.000                0.000                0.000                0.000
    CSA_BLOCKS[3].RCA_C1/full_adder_loop[4].FA full_adder_185                        4               36.285                0.000                0.000               36.285                0.000                0.000                0.000                0.000                0.000
    CSA_BLOCKS[3].RCA_C1/full_adder_loop[5].FA full_adder_184                        1               22.522                0.000                0.000               22.522                0.000                0.000                0.000                0.000                0.000
    CSA_BLOCKS[3].RCA_C1/full_adder_loop[6].FA full_adder_183                        1               22.522                0.000                0.000               22.522                0.000                0.000                0.000                0.000                0.000
    CSA_BLOCKS[3].RCA_C1/full_adder_loop[7].FA full_adder_182                        1               22.522                0.000                0.000               22.522                0.000                0.000                0.000                0.000                0.000
    CSA_BLOCKS[3].RCA_C1/full_adder_loop[8].FA full_adder_181                        1               20.019                0.000                0.000               20.019                0.000                0.000                0.000                0.000                0.000
    CSA_BLOCKS[3].RCA_C1/full_adder_loop[9].FA full_adder_180                        1               20.019                0.000                0.000               20.019                0.000                0.000                0.000                0.000                0.000
  RCA_LSB                                     ripple_carry_adder_WIDTH4             4               80.077                0.000                0.000               80.077                0.000                0.000                0.000                0.000                0.000
    RCA_LSB/F1A                               full_adder                            1               20.019                0.000                0.000               20.019                0.000                0.000                0.000                0.000                0.000
    RCA_LSB/full_adder_loop[1].FA             full_adder_230                        1               20.019                0.000                0.000               20.019                0.000                0.000                0.000                0.000                0.000
    RCA_LSB/full_adder_loop[2].FA             full_adder_229                        1               20.019                0.000                0.000               20.019                0.000                0.000                0.000                0.000                0.000
    RCA_LSB/full_adder_loop[3].FA             full_adder_228                        1               20.019                0.000                0.000               20.019                0.000                0.000                0.000                0.000                0.000
