###############################################################
#  Generated by:      Cadence Innovus 23.32-s091_1
#  OS:                Linux x86_64(Host ID cadmicro-inf-el8-623207)
#  Generated on:      Wed Apr  9 12:54:43 2025
#  Design:            carry_select_adder_461012_32bits
#  Command:           report_timing > reports/report_timing.rpt
###############################################################
Path 1: MET Path Delay Check
Endpoint:   S[20] (v)
Beginpoint: B[10] (v) triggered by  leading edge of '@'
Path Groups: {default}
Analysis View: default_emulate_view
- External Delay                0.000
+ Path Delay                    4.350
= Required Time                 4.350
- Arrival Time                  4.343
= Slack Time                    0.007
     Clock Rise Edge                      0.000
     + Input Delay                        0.000
     = Beginpoint Arrival Time            0.000
     +-------------------------------------------------------------------------------------------------------------------------------+ 
     |                      Instance                      |       Arc       |           Cell            | Delay | Arrival | Required | 
     |                                                    |                 |                           |       |  Time   |   Time   | 
     |----------------------------------------------------+-----------------+---------------------------+-------+---------+----------| 
     |                                                    | B[10] v         |                           |       |   0.000 |    0.007 | 
     | g344                                               | A v -> Y ^      | sky130_fd_sc_hd__inv_4    | 0.318 |   0.318 |    0.324 | 
     | CSA_BLOCKS[2].RCA_C0/F1A/g29__7098                 | A ^ -> Y v      | sky130_fd_sc_hd__nor2_1   | 0.111 |   0.428 |    0.435 | 
     | CSA_BLOCKS[2].RCA_C0/full_adder_loop[1].FA/g97__74 | A v -> Y ^      | sky130_fd_sc_hd__nand2_1  | 0.071 |   0.500 |    0.506 | 
     | 82                                                 |                 |                           |       |         |          | 
     | CSA_BLOCKS[2].RCA_C0/full_adder_loop[1].FA/g95__18 | A ^ -> Y v      | sky130_fd_sc_hd__nand2_1  | 0.050 |   0.549 |    0.556 | 
     | 81                                                 |                 |                           |       |         |          | 
     | CSA_BLOCKS[2].RCA_C0/full_adder_loop[2].FA/g65     | CI v -> COUT v  | sky130_fd_sc_hd__fah_1    | 0.248 |   0.797 |    0.804 | 
     | CSA_BLOCKS[2].RCA_C0/full_adder_loop[3].FA/g2      | CI v -> COUT v  | sky130_fd_sc_hd__fah_1    | 0.277 |   1.074 |    1.081 | 
     | CSA_BLOCKS[2].RCA_C0/full_adder_loop[4].FA/g57__51 | CIN v -> COUT v | sky130_fd_sc_hd__fa_1     | 0.394 |   1.468 |    1.475 | 
     | 07                                                 |                 |                           |       |         |          | 
     | CSA_BLOCKS[2].RCA_C0/full_adder_loop[5].FA/g57__62 | CIN v -> COUT v | sky130_fd_sc_hd__fa_1     | 0.406 |   1.874 |    1.881 | 
     | 60                                                 |                 |                           |       |         |          | 
     | CSA_BLOCKS[2].RCA_C0/full_adder_loop[6].FA/g57__43 | CIN v -> COUT v | sky130_fd_sc_hd__fa_1     | 0.411 |   2.285 |    2.292 | 
     | 19                                                 |                 |                           |       |         |          | 
     | CSA_BLOCKS[2].RCA_C0/full_adder_loop[7].FA/g57__84 | CIN v -> COUT v | sky130_fd_sc_hd__fa_1     | 0.404 |   2.689 |    2.696 | 
     | 28                                                 |                 |                           |       |         |          | 
     | CSA_BLOCKS[2].RCA_C0/full_adder_loop[8].FA/g57__55 | CIN v -> COUT v | sky130_fd_sc_hd__fa_1     | 0.405 |   3.095 |    3.102 | 
     | 26                                                 |                 |                           |       |         |          | 
     | CSA_BLOCKS[2].RCA_C0/full_adder_loop[9].FA/g57__67 | CIN v -> COUT v | sky130_fd_sc_hd__fa_1     | 0.400 |   3.494 |    3.501 | 
     | 83                                                 |                 |                           |       |         |          | 
     | g575__7410                                         | A2_N v -> X ^   | sky130_fd_sc_hd__o2bb2a_4 | 0.342 |   3.836 |    3.843 | 
     | g561__5122                                         | S ^ -> X v      | sky130_fd_sc_hd__mux2_2   | 0.506 |   4.342 |    4.349 | 
     |                                                    | S[20] v         |                           | 0.001 |   4.343 |    4.350 | 
     +-------------------------------------------------------------------------------------------------------------------------------+ 

