============================================================
  Generated by:           Genus(TM) Synthesis Solution 23.12-s086_1
  Generated on:           Apr 03 2025  03:04:18 pm
  Module:                 carry_select_adder_461012_32bits
  Operating conditions:   tt_025C_1v80 
  Interconnect mode:      global
  Area mode:              physical library
============================================================


Path 1: MET (194366 ps) Path Delay Check
     Startpoint: (F) B[10]
       Endpoint: (F) Cout

                   Capture    Launch  
      Path Delay:+  200000         -  
      Drv Adjust:+       0         0  
         Arrival:=  200000            
                                      
   Required Time:=  200000            
       Data Path:-    5634            
           Slack:=  194366            

Exceptions/Constraints:
  max_delay            200000           constraints.sdc_line_1 

#-----------------------------------------------------------------------------------------------------------------------------------------------------
#                       Timing Point                        Flags     Arc     Edge           Cell            Fanout Load Trans Delay Arrival Instance 
#                                                                                                                   (fF)  (ps)  (ps)   (ps)  Location 
#-----------------------------------------------------------------------------------------------------------------------------------------------------
  B[10]                                                     -       -         F     (arrival)                     3 11.3  1000     0       0    (-,-) 
  CSA_BLOCKS[2].RCA_C0/F1A/g28__7098/COUT                   -       A->COUT   F     sky130_fd_sc_hd__ha_1         1  7.9    86   601     601    (-,-) 
  CSA_BLOCKS[2].RCA_C0/full_adder_loop[1].FA/g65__6131/COUT -       A->COUT   F     sky130_fd_sc_hd__fa_1         1  5.8    96   445    1047    (-,-) 
  CSA_BLOCKS[2].RCA_C0/full_adder_loop[2].FA/g65__1881/COUT -       CIN->COUT F     sky130_fd_sc_hd__fa_1         1  5.8    96   396    1443    (-,-) 
  CSA_BLOCKS[2].RCA_C0/full_adder_loop[3].FA/g65__5115/COUT -       CIN->COUT F     sky130_fd_sc_hd__fa_1         1  5.8    96   396    1839    (-,-) 
  CSA_BLOCKS[2].RCA_C0/full_adder_loop[4].FA/g65__7482/COUT -       CIN->COUT F     sky130_fd_sc_hd__fa_1         1  5.8    96   396    2236    (-,-) 
  CSA_BLOCKS[2].RCA_C0/full_adder_loop[5].FA/g65__4733/COUT -       CIN->COUT F     sky130_fd_sc_hd__fa_1         1  5.8    96   396    2632    (-,-) 
  CSA_BLOCKS[2].RCA_C0/full_adder_loop[6].FA/g65__6161/COUT -       CIN->COUT F     sky130_fd_sc_hd__fa_1         1  5.8    96   396    3028    (-,-) 
  CSA_BLOCKS[2].RCA_C0/full_adder_loop[7].FA/g65__9315/COUT -       CIN->COUT F     sky130_fd_sc_hd__fa_1         1  5.8    96   396    3424    (-,-) 
  CSA_BLOCKS[2].RCA_C0/full_adder_loop[8].FA/g65__9945/COUT -       CIN->COUT F     sky130_fd_sc_hd__fa_1         1  5.8    96   396    3821    (-,-) 
  CSA_BLOCKS[2].RCA_C0/full_adder_loop[9].FA/g65__2883/COUT -       CIN->COUT F     sky130_fd_sc_hd__fa_1         1  3.5    84   378    4198    (-,-) 
  g575__1666/Y                                              -       A1->Y     R     sky130_fd_sc_hd__mux2i_1     13 52.8  1118   882    5080    (-,-) 
  g563__8246/X                                              -       S->X      F     sky130_fd_sc_hd__mux2_2       1 51.3   158   553    5633    (-,-) 
  Cout                                                      -       -         F     (port)                        -    -     -     0    5634    (-,-) 
#-----------------------------------------------------------------------------------------------------------------------------------------------------

