============================================================
  Generated by:           Genus(TM) Synthesis Solution 23.12-s086_1
  Generated on:           Apr 07 2025  05:56:55 pm
  Module:                 carry_select_adder_46688_32bits
  Operating conditions:   tt_025C_1v80 
  Interconnect mode:      global
  Area mode:              physical library
============================================================


Path 1: MET (0 ps) Path Delay Check
     Startpoint: (F) B[24]
       Endpoint: (F) S[31]

                   Capture    Launch  
      Path Delay:+    2750         -  
      Drv Adjust:+       0         0  
         Arrival:=    2750            
                                      
   Required Time:=    2750            
       Data Path:-    2750            
           Slack:=       0            

Exceptions/Constraints:
  max_delay             2750            constraints.sdc_line_1 

#------------------------------------------------------------------------------------------------------------------------------------------------------
#                       Timing Point                        Flags     Arc     Edge           Cell             Fanout Load Trans Delay Arrival Instance 
#                                                                                                                    (fF)  (ps)  (ps)   (ps)  Location 
#------------------------------------------------------------------------------------------------------------------------------------------------------
  B[24]                                                     -       -         F     (arrival)                      1  5.6  1000     0       0    (-,-) 
  g307/Y                                                    -       A->Y      R     sky130_fd_sc_hd__inv_2         1  3.7   144   207     207    (-,-) 
  g305/Y                                                    -       A->Y      F     sky130_fd_sc_hd__inv_1         2  7.7    58    83     289    (-,-) 
  CSA_BLOCKS[4].RCA_C1/F1A/g42/Y                            -       A->Y      R     sky130_fd_sc_hd__clkinv_1      2  9.0    58    72     361    (-,-) 
  CSA_BLOCKS[4].RCA_C1/F1A/g40__6260/Y                      -       B->Y      F     sky130_fd_sc_hd__nand2_1       2  8.4    69    81     442    (-,-) 
  CSA_BLOCKS[4].RCA_C1/full_adder_loop[1].FA/g62__6783/Y    -       A->Y      R     sky130_fd_sc_hd__nand2_1       1  3.7    52    69     512    (-,-) 
  CSA_BLOCKS[4].RCA_C1/full_adder_loop[1].FA/g60__8428/Y    -       A->Y      F     sky130_fd_sc_hd__nand2_1       2  8.4    68    76     587    (-,-) 
  CSA_BLOCKS[4].RCA_C1/full_adder_loop[2].FA/g59__8246/Y    -       A->Y      R     sky130_fd_sc_hd__nand2_1       1  5.8    71    83     670    (-,-) 
  CSA_BLOCKS[4].RCA_C1/full_adder_loop[2].FA/g2/Y           -       B1->Y     F     sky130_fd_sc_hd__o21ai_2       2  8.4    67    68     738    (-,-) 
  CSA_BLOCKS[4].RCA_C1/full_adder_loop[3].FA/g59__4733/Y    -       A->Y      R     sky130_fd_sc_hd__nand2_1       1  3.8    54    69     807    (-,-) 
  CSA_BLOCKS[4].RCA_C1/full_adder_loop[3].FA/g57__5115/Y    -       B->Y      F     sky130_fd_sc_hd__nand2b_1      1  3.6    48    57     864    (-,-) 
  CSA_BLOCKS[4].RCA_C1/full_adder_loop[4].FA/g57__9945/COUT -       CI->COUT  F     sky130_fd_sc_hd__fah_1         1  5.8    73   257    1122    (-,-) 
  CSA_BLOCKS[4].RCA_C1/full_adder_loop[5].FA/g57__2883/COUT -       CIN->COUT F     sky130_fd_sc_hd__fa_1          1  5.8    96   388    1510    (-,-) 
  CSA_BLOCKS[4].RCA_C1/full_adder_loop[6].FA/g57__2346/COUT -       CIN->COUT F     sky130_fd_sc_hd__fa_1          1  5.8    96   396    1906    (-,-) 
  CSA_BLOCKS[4].RCA_C1/full_adder_loop[7].FA/g57__1666/SUM  -       CIN->SUM  F     sky130_fd_sc_hd__fa_1          1  2.9    82   438    2344    (-,-) 
  g591__4733/X                                              -       A1->X     F     sky130_fd_sc_hd__mux2_2        1 51.3   158   406    2750    (-,-) 
  S[31]                                                     <<<     -         F     (port)                         -    -     -     0    2750    (-,-) 
#------------------------------------------------------------------------------------------------------------------------------------------------------

