============================================================
  Generated by:           Genus(TM) Synthesis Solution 23.12-s086_1
  Generated on:           Apr 07 2025  05:56:55 pm
  Module:                 carry_select_adder_46688_32bits
  Operating conditions:   tt_025C_1v80 
  Interconnect mode:      global
  Area mode:              physical library
============================================================

Timing
-------
  Cost    Critical         Violating 
 Group   Path Slack  TNS     Paths   
-------------------------------------
default         0.1   0.0          0 
-------------------------------------
Total                 0.0          0 

Instance Count
--------------
Leaf Instance Count             294 
Physical Instance count           0 
Sequential Instance Count         0 
Combinational Instance Count    294 
Hierarchical Instance Count      69 

Area
----
Cell Area                          2373.526
Physical Cell Area                 0.000
Total Cell Area (Cell+Physical)    2373.526
Net Area                           1717.408
Total Area (Cell+Physical+Net)     4090.934

Max Fanout                         9 (n_6)
Min Fanout                         1 (C0[1])
Average Fanout                     1.6
Terms to net ratio                 2.3350
Terms to instance ratio            3.1293
Runtime                            14.605476 seconds
Elapsed Runtime                    16 seconds
Genus peak memory usage            1891.05 
Innovus peak memory usage          no_value 
Hostname                           cadmicro-inf-el8-623207
