============================================================
  Generated by:           Genus(TM) Synthesis Solution 23.12-s086_1
  Generated on:           Apr 07 2025  05:56:55 pm
  Module:                 carry_select_adder_46688_32bits
  Operating conditions:   tt_025C_1v80 
  Interconnect mode:      global
  Area mode:              physical library
============================================================

            Instance                         Module              Cell-Count  Cell-Area  Net-Area   Total-Area 
--------------------------------------------------------------------------------------------------------------
carry_select_adder_46688_32bits NA                                      294   2373.526  1717.408     4090.934 
  CSA_BLOCKS[1].RCA_C0          ripple_carry_adder_WIDTH6                31    200.192   103.205      303.397 
    F1A                         full_adder_24_245                         4     20.019    10.094       30.113 
    full_adder_loop[1].FA       full_adder_239                            8     40.038    20.362       60.401 
    full_adder_loop[2].FA       full_adder_238                            6     35.034    13.575       48.609 
    full_adder_loop[3].FA       full_adder_237                            5     37.536    13.575       51.111 
    full_adder_loop[4].FA       full_adder_236                            4     35.034    10.181       45.215 
    full_adder_loop[5].FA       full_adder_235                            4     32.531    10.181       42.712 
  CSA_BLOCKS[1].RCA_C1          ripple_carry_adder_WIDTH6_3_250          33    200.192   106.598      306.790 
    F1A                         full_adder_52_246                         4     20.019    10.094       30.113 
    full_adder_loop[1].FA       full_adder_227                            8     40.038    20.362       60.401 
    full_adder_loop[2].FA       full_adder_226                            6     35.034    13.575       48.609 
    full_adder_loop[3].FA       full_adder_225                            6     35.034    13.575       48.609 
    full_adder_loop[4].FA       full_adder_224                            5     37.536    13.575       51.111 
    full_adder_loop[5].FA       full_adder_223                            4     32.531    10.181       42.712 
  CSA_BLOCKS[2].RCA_C0          ripple_carry_adder_WIDTH6_249            21    191.434    69.267      260.701 
    F1A                         full_adder_24                             4     20.019    10.094       30.113 
    full_adder_loop[1].FA       full_adder_222                            5     36.285    10.181       46.466 
    full_adder_loop[2].FA       full_adder_221                            6     48.797    16.882       65.678 
    full_adder_loop[3].FA       full_adder_220                            4     32.531    10.181       42.712 
    full_adder_loop[4].FA       full_adder_219                            1     33.782     0.000       33.782 
    full_adder_loop[5].FA       full_adder_218                            1     20.019     0.000       20.019 
  CSA_BLOCKS[2].RCA_C1          ripple_carry_adder_WIDTH6_3              16    173.917    50.732      224.649 
    F1A                         full_adder_52_247                         4     20.019    10.094       30.113 
    full_adder_loop[1].FA       full_adder_217                            5     33.782    11.835       45.617 
    full_adder_loop[2].FA       full_adder_216                            1     33.782     0.000       33.782 
    full_adder_loop[3].FA       full_adder_215                            4     32.531    10.181       42.712 
    full_adder_loop[4].FA       full_adder_214                            1     33.782     0.000       33.782 
    full_adder_loop[5].FA       full_adder_213                            1     20.019     0.000       20.019 
  CSA_BLOCKS[3].RCA_C0          ripple_carry_adder_WIDTH8                31    242.733   103.205      345.937 
    F1A                         full_adder_24_243                         4     20.019    10.094       30.113 
    full_adder_loop[1].FA       full_adder_234                            6     37.536    15.228       52.764 
    full_adder_loop[2].FA       full_adder_233                            5     37.536    10.181       47.717 
    full_adder_loop[3].FA       full_adder_232                            5     37.536    13.575       51.111 
    full_adder_loop[4].FA       full_adder_231                            5     37.536    13.575       51.111 
    full_adder_loop[5].FA       full_adder_230                            4     32.531    10.181       42.712 
    full_adder_loop[6].FA       full_adder_229                            1     20.019     0.000       20.019 
    full_adder_loop[7].FA       full_adder_228                            1     20.019     0.000       20.019 
  CSA_BLOCKS[3].RCA_C1          ripple_carry_adder_WIDTH8_3_252          27    251.491    87.976      339.467 
    F1A                         full_adder_52_248                         4     20.019    10.094       30.113 
    full_adder_loop[1].FA       full_adder_212                            5     40.038    11.835       51.873 
    full_adder_loop[2].FA       full_adder_211                            6     42.541    13.575       56.116 
    full_adder_loop[3].FA       full_adder_210                            5     40.038    13.575       53.613 
    full_adder_loop[4].FA       full_adder_209                            4     35.034    10.181       45.215 
    full_adder_loop[5].FA       full_adder_208                            1     33.782     0.000       33.782 
    full_adder_loop[6].FA       full_adder_207                            1     20.019     0.000       20.019 
    full_adder_loop[7].FA       full_adder_206                            1     20.019     0.000       20.019 
  CSA_BLOCKS[4].RCA_C0          ripple_carry_adder_WIDTH8_251            25    226.467    79.535      306.003 
    F1A                         full_adder_24_244                         4     20.019    10.094       30.113 
    full_adder_loop[1].FA       full_adder_205                            8     40.038    20.362       60.401 
    full_adder_loop[2].FA       full_adder_204                            5     40.038    10.181       50.220 
    full_adder_loop[3].FA       full_adder_203                            4     32.531    10.181       42.712 
    full_adder_loop[4].FA       full_adder_202                            1     33.782     0.000       33.782 
    full_adder_loop[5].FA       full_adder_201                            1     20.019     0.000       20.019 
    full_adder_loop[6].FA       full_adder_200                            1     20.019     0.000       20.019 
    full_adder_loop[7].FA       full_adder_199                            1     20.019     0.000       20.019 
  CSA_BLOCKS[4].RCA_C1          ripple_carry_adder_WIDTH8_3              30    240.230   106.424      346.655 
    F1A                         full_adder_52                             4     20.019    10.094       30.113 
    full_adder_loop[1].FA       full_adder_198                           10     47.546    33.763       81.309 
    full_adder_loop[2].FA       full_adder_197                            7     41.290    20.275       61.565 
    full_adder_loop[3].FA       full_adder_196                            5     37.536    13.575       51.111 
    full_adder_loop[4].FA       full_adder_195                            1     33.782     0.000       33.782 
    full_adder_loop[5].FA       full_adder_194                            1     20.019     0.000       20.019 
    full_adder_loop[6].FA       full_adder_193                            1     20.019     0.000       20.019 
    full_adder_loop[7].FA       full_adder_192                            1     20.019     0.000       20.019 
  RCA_LSB                       ripple_carry_adder_WIDTH4                16    151.395    50.819      202.214 
    F1A                         full_adder                                6     33.782    15.228       49.011 
    full_adder_loop[1].FA       full_adder_242                            5     48.797    13.575       62.372 
    full_adder_loop[2].FA       full_adder_241                            1     33.782     0.000       33.782 
    full_adder_loop[3].FA       full_adder_240                            4     35.034    10.181       45.215 
