============================================================
  Generated by:           Genus(TM) Synthesis Solution 23.12-s086_1
  Generated on:           Apr 07 2025  06:15:29 pm
  Module:                 carry_select_adder_46814_32bits
  Operating conditions:   tt_025C_1v80 
  Interconnect mode:      global
  Area mode:              physical library
============================================================

            Instance                       Module             Cell-Count  Cell-Area  Net-Area   Total-Area 
-----------------------------------------------------------------------------------------------------------
carry_select_adder_46814_32bits NA                                   546   3861.203  2722.217     6583.420 
  CSA_BLOCKS[1].RCA_C0          ripple_carry_adder_WIDTH6             36    202.694   109.992      312.686 
    F1A                         full_adder_4                           4     22.522    10.094       32.616 
    full_adder_loop[1].FA       full_adder_227                         8     40.038    20.362       60.401 
    full_adder_loop[2].FA       full_adder_226                         6     35.034    13.575       48.609 
    full_adder_loop[3].FA       full_adder_225                         6     35.034    13.575       48.609 
    full_adder_loop[4].FA       full_adder_224                         6     35.034    13.575       48.609 
    full_adder_loop[5].FA       full_adder_223                         6     35.034    13.575       48.609 
  CSA_BLOCKS[1].RCA_C1          ripple_carry_adder_WIDTH6_1           39    211.453   126.787      338.240 
    F1A                         full_adder_46_233                      4     20.019    10.094       30.113 
    full_adder_loop[1].FA       full_adder_202                        10     47.546    33.763       81.309 
    full_adder_loop[2].FA       full_adder_201                         7     38.787    16.969       55.756 
    full_adder_loop[3].FA       full_adder_200                         6     35.034    13.575       48.609 
    full_adder_loop[4].FA       full_adder_199                         6     35.034    13.575       48.609 
    full_adder_loop[5].FA       full_adder_198                         6     35.034    13.575       48.609 
  CSA_BLOCKS[2].RCA_C0          ripple_carry_adder_WIDTH8             47    301.539   157.243      458.783 
    F1A                         full_adder_4_232                       4     20.019    10.094       30.113 
    full_adder_loop[1].FA       full_adder_222                        10     50.048    33.763       83.811 
    full_adder_loop[2].FA       full_adder_221                         6     35.034    13.575       48.609 
    full_adder_loop[3].FA       full_adder_220                         6     40.038    13.575       53.613 
    full_adder_loop[4].FA       full_adder_219                         6     40.038    13.575       53.613 
    full_adder_loop[5].FA       full_adder_218                         6     40.038    13.575       53.613 
    full_adder_loop[6].FA       full_adder_217                         4     38.787    10.181       48.968 
    full_adder_loop[7].FA       full_adder_216                         5     37.536    13.575       51.111 
  CSA_BLOCKS[2].RCA_C1          ripple_carry_adder_WIDTH8_1           44    291.530   137.055      428.585 
    F1A                         full_adder_46_234                      4     20.019    10.094       30.113 
    full_adder_loop[1].FA       full_adder_197                         5     42.541    11.835       54.375 
    full_adder_loop[2].FA       full_adder_196                         6     35.034    13.575       48.609 
    full_adder_loop[3].FA       full_adder_195                         6     37.536    13.575       51.111 
    full_adder_loop[4].FA       full_adder_194                         6     37.536    13.575       51.111 
    full_adder_loop[5].FA       full_adder_193                         6     40.038    13.575       53.613 
    full_adder_loop[6].FA       full_adder_192                         6     37.536    13.575       51.111 
    full_adder_loop[7].FA       full_adder_191                         5     41.290    13.575       54.865 
  CSA_BLOCKS[3].RCA_C0          ripple_carry_adder_WIDTH14           107    919.632   366.785     1286.417 
    F1A                         full_adder_4_231                       4     26.275    10.094       36.369 
    full_adder_loop[10].FA      full_adder_206                         8     68.816    22.016       90.832 
    full_adder_loop[11].FA      full_adder_205                         6     72.570    13.575       86.145 
    full_adder_loop[12].FA      full_adder_204                         6     60.058    15.228       75.286 
    full_adder_loop[13].FA      full_adder_203                         6     63.811    15.228       79.040 
    full_adder_loop[1].FA       full_adder_215                        11     80.077    37.157      117.234 
    full_adder_loop[2].FA       full_adder_214                        11     77.574    37.157      114.732 
    full_adder_loop[3].FA       full_adder_213                         8     61.309    20.362       81.671 
    full_adder_loop[4].FA       full_adder_212                         7     65.062    16.969       82.031 
    full_adder_loop[5].FA       full_adder_211                         7     65.062    16.969       82.031 
    full_adder_loop[6].FA       full_adder_210                         9     72.570    27.063       99.633 
    full_adder_loop[7].FA       full_adder_209                         8     68.816    22.016       90.832 
    full_adder_loop[8].FA       full_adder_208                         8     68.816    22.016       90.832 
    full_adder_loop[9].FA       full_adder_207                         8     68.816    22.016       90.832 
  CSA_BLOCKS[3].RCA_C1          ripple_carry_adder_WIDTH14_1         113    933.395   390.542     1323.937 
    F1A                         full_adder_46                          4     30.029    10.094       40.123 
    full_adder_loop[10].FA      full_adder_181                         9     80.077    27.063      107.140 
    full_adder_loop[11].FA      full_adder_180                         7     65.062    20.362       85.425 
    full_adder_loop[12].FA      full_adder_179                         5     66.314    10.181       76.495 
    full_adder_loop[13].FA      full_adder_178                        10     58.806    28.803       87.610 
    full_adder_loop[1].FA       full_adder_190                        11     78.826    37.157      115.983 
    full_adder_loop[2].FA       full_adder_189                        11     77.574    37.157      114.732 
    full_adder_loop[3].FA       full_adder_188                         8     63.811    20.362       84.174 
    full_adder_loop[4].FA       full_adder_187                         7     65.062    16.969       82.031 
    full_adder_loop[5].FA       full_adder_186                         8     68.816    22.016       90.832 
    full_adder_loop[6].FA       full_adder_185                         7     65.062    16.969       82.031 
    full_adder_loop[7].FA       full_adder_184                         9     72.570    27.063       99.633 
    full_adder_loop[8].FA       full_adder_183                         8     68.816    22.016       90.832 
    full_adder_loop[9].FA       full_adder_182                         9     72.570    27.063       99.633 
  RCA_LSB                       ripple_carry_adder_WIDTH4             24    165.158    79.535      244.694 
    F1A                         full_adder                             7     45.043    20.275       65.319 
    full_adder_loop[1].FA       full_adder_230                         8     40.038    20.362       60.401 
    full_adder_loop[2].FA       full_adder_229                         5     37.536    13.575       51.111 
    full_adder_loop[3].FA       full_adder_228                         4     42.541    10.181       52.722 
