============================================================
  Generated by:           Genus(TM) Synthesis Solution 23.12-s086_1
  Generated on:           Apr 07 2025  06:17:43 pm
  Module:                 carry_select_adder_46814_32bits
  Operating conditions:   tt_025C_1v80 
  Interconnect mode:      global
  Area mode:              physical library
============================================================

Timing
-------
  Cost    Critical         Violating 
 Group   Path Slack  TNS     Paths   
-------------------------------------
default         0.0   0.0          0 
-------------------------------------
Total                 0.0          0 

Instance Count
--------------
Leaf Instance Count             511 
Physical Instance count           0 
Sequential Instance Count         0 
Combinational Instance Count    511 
Hierarchical Instance Count      67 

Area
----
Cell Area                          3707.306
Physical Cell Area                 0.000
Total Cell Area (Cell+Physical)    3707.306
Net Area                           2598.737
Total Area (Cell+Physical+Net)     6306.043

Max Fanout                         14 (n_239)
Min Fanout                         1 (C0[1])
Average Fanout                     1.6
Terms to net ratio                 2.4684
Terms to instance ratio            2.8258
Runtime                            19.547621 seconds
Elapsed Runtime                    21 seconds
Genus peak memory usage            1899.71 
Innovus peak memory usage          no_value 
Hostname                           cadmicro-inf-el8-623207
