============================================================
  Generated by:           Genus(TM) Synthesis Solution 23.12-s086_1
  Generated on:           Apr 07 2025  06:17:43 pm
  Module:                 carry_select_adder_46814_32bits
  Operating conditions:   tt_025C_1v80 
  Interconnect mode:      global
  Area mode:              physical library
============================================================

            Instance                       Module             Cell-Count  Cell-Area  Net-Area   Total-Area 
-----------------------------------------------------------------------------------------------------------
carry_select_adder_46814_32bits NA                                   511   3707.306  2598.737     6306.043 
  CSA_BLOCKS[1].RCA_C0          ripple_carry_adder_WIDTH6             35    210.202   119.999      330.201 
    F1A                         full_adder_4                           4     20.019    10.094       30.113 
    full_adder_loop[1].FA       full_adder_227                        10     47.546    33.763       81.309 
    full_adder_loop[2].FA       full_adder_226                         6     35.034    13.575       48.609 
    full_adder_loop[3].FA       full_adder_225                         6     35.034    13.575       48.609 
    full_adder_loop[4].FA       full_adder_224                         4     35.034    10.181       45.215 
    full_adder_loop[5].FA       full_adder_223                         5     37.536    13.575       51.111 
  CSA_BLOCKS[1].RCA_C1          ripple_carry_adder_WIDTH6_1           35    210.202   119.999      330.201 
    F1A                         full_adder_46_233                      4     20.019    10.094       30.113 
    full_adder_loop[1].FA       full_adder_202                        10     47.546    33.763       81.309 
    full_adder_loop[2].FA       full_adder_201                         6     35.034    13.575       48.609 
    full_adder_loop[3].FA       full_adder_200                         6     35.034    13.575       48.609 
    full_adder_loop[4].FA       full_adder_199                         4     35.034    10.181       45.215 
    full_adder_loop[5].FA       full_adder_198                         5     37.536    13.575       51.111 
  CSA_BLOCKS[2].RCA_C0          ripple_carry_adder_WIDTH8             47    296.534   150.630      447.164 
    F1A                         full_adder_4_232                       4     20.019    10.094       30.113 
    full_adder_loop[1].FA       full_adder_222                         8     45.043    20.362       65.406 
    full_adder_loop[2].FA       full_adder_221                         7     43.792    16.969       60.761 
    full_adder_loop[3].FA       full_adder_220                         6     35.034    13.575       48.609 
    full_adder_loop[4].FA       full_adder_219                         6     35.034    13.575       48.609 
    full_adder_loop[5].FA       full_adder_218                         6     37.536    13.575       51.111 
    full_adder_loop[6].FA       full_adder_217                         5     40.038    13.575       53.613 
    full_adder_loop[7].FA       full_adder_216                         5     40.038    13.575       53.613 
  CSA_BLOCKS[2].RCA_C1          ripple_carry_adder_WIDTH8_1           44    290.278   137.055      427.333 
    F1A                         full_adder_46_234                      4     20.019    10.094       30.113 
    full_adder_loop[1].FA       full_adder_197                         5     42.541    11.835       54.375 
    full_adder_loop[2].FA       full_adder_196                         7     38.787    16.969       55.756 
    full_adder_loop[3].FA       full_adder_195                         5     36.285    10.181       46.466 
    full_adder_loop[4].FA       full_adder_194                         6     35.034    13.575       48.609 
    full_adder_loop[5].FA       full_adder_193                         6     37.536    13.575       51.111 
    full_adder_loop[6].FA       full_adder_192                         6     40.038    13.575       53.613 
    full_adder_loop[7].FA       full_adder_191                         5     40.038    13.575       53.613 
  CSA_BLOCKS[3].RCA_C0          ripple_carry_adder_WIDTH14           104    872.086   345.031     1217.117 
    F1A                         full_adder_4_231                       4     26.275    10.094       36.369 
    full_adder_loop[10].FA      full_adder_206                         7     62.560    16.969       79.529 
    full_adder_loop[11].FA      full_adder_205                         8     78.826    22.016      100.841 
    full_adder_loop[12].FA      full_adder_204                         6     60.058    13.575       73.633 
    full_adder_loop[13].FA      full_adder_203                         7     46.294    18.622       64.916 
    full_adder_loop[1].FA       full_adder_215                        11     80.077    37.157      117.234 
    full_adder_loop[2].FA       full_adder_214                        11     76.323    37.157      113.480 
    full_adder_loop[3].FA       full_adder_213                         8     63.811    20.362       84.174 
    full_adder_loop[4].FA       full_adder_212                         7     65.062    16.969       82.031 
    full_adder_loop[5].FA       full_adder_211                         7     62.560    16.969       79.529 
    full_adder_loop[6].FA       full_adder_210                         7     62.560    16.969       79.529 
    full_adder_loop[7].FA       full_adder_209                         7     62.560    16.969       79.529 
    full_adder_loop[8].FA       full_adder_208                         7     62.560    16.969       79.529 
    full_adder_loop[9].FA       full_adder_207                         7     62.560    16.969       79.529 
  CSA_BLOCKS[3].RCA_C1          ripple_carry_adder_WIDTH14_1         119    944.656   417.430     1362.086 
    F1A                         full_adder_46                          4     30.029    10.094       40.123 
    full_adder_loop[10].FA      full_adder_181                         9     80.077    27.063      107.140 
    full_adder_loop[11].FA      full_adder_180                         9     82.579    27.063      109.642 
    full_adder_loop[12].FA      full_adder_179                         6     60.058    13.575       73.633 
    full_adder_loop[13].FA      full_adder_178                        10     51.299    28.803       80.103 
    full_adder_loop[1].FA       full_adder_190                        10     75.072    33.763      108.835 
    full_adder_loop[2].FA       full_adder_189                        11     77.574    37.157      114.732 
    full_adder_loop[3].FA       full_adder_188                         8     61.309    20.362       81.671 
    full_adder_loop[4].FA       full_adder_187                         7     65.062    16.969       82.031 
    full_adder_loop[5].FA       full_adder_186                         9     72.570    27.063       99.633 
    full_adder_loop[6].FA       full_adder_185                         9     72.570    27.063       99.633 
    full_adder_loop[7].FA       full_adder_184                         9     71.318    27.063       98.381 
    full_adder_loop[8].FA       full_adder_183                         9     72.570    27.063       99.633 
    full_adder_loop[9].FA       full_adder_182                         9     72.570    27.063       99.633 
  RCA_LSB                       ripple_carry_adder_WIDTH4             20    138.883    64.307      203.190 
    F1A                         full_adder                             6     33.782    15.228       49.011 
    full_adder_loop[1].FA       full_adder_230                         6     35.034    13.575       48.609 
    full_adder_loop[2].FA       full_adder_229                         4     35.034    10.181       45.215 
    full_adder_loop[3].FA       full_adder_228                         4     35.034    10.181       45.215 
