============================================================
  Generated by:           Genus(TM) Synthesis Solution 23.12-s086_1
  Generated on:           Apr 02 2025  05:42:00 pm
  Module:                 carry_skip4_32bits
  Operating conditions:   tt_025C_1v80 
  Interconnect mode:      global
  Area mode:              physical library
============================================================


Path 1: MET (185005 ps) Path Delay Check
     Startpoint: (F) A[0]
       Endpoint: (R) S[31]

                   Capture    Launch  
      Path Delay:+  200000         -  
      Drv Adjust:+       0         0  
         Arrival:=  200000            
                                      
   Required Time:=  200000            
       Data Path:-   14995            
           Slack:=  185005            

Exceptions/Constraints:
  max_delay            200000           constraints.sdc_line_1 

#---------------------------------------------------------------------------------------------------------------------------------
#             Timing Point               Flags     Arc     Edge          Cell            Fanout Load Trans Delay Arrival Instance 
#                                                                                               (fF)  (ps)  (ps)   (ps)  Location 
#---------------------------------------------------------------------------------------------------------------------------------
  A[0]                                   -       -         F     (arrival)                    2 12.1  1000     0       0    (-,-) 
  CSKIP1/FA1/g65__2398/COUT              -       B->COUT   F     sky130_fd_sc_hd__fa_1        1  5.8    96   786     786    (-,-) 
  CSKIP1/FA2/g65__5107/COUT              -       CIN->COUT F     sky130_fd_sc_hd__fa_1        1  5.8    96   396    1182    (-,-) 
  CSKIP1/FA3/g65__6260/COUT              -       CIN->COUT F     sky130_fd_sc_hd__fa_1        1  5.8    96   396    1578    (-,-) 
  CSKIP1/FA4/g65__4319/COUT              -       CIN->COUT F     sky130_fd_sc_hd__fa_1        1  3.5    84   378    1956    (-,-) 
  CSKIP1/g139__8428/X                    -       B1->X     F     sky130_fd_sc_hd__a41o_1      2  8.6    75   243    2199    (-,-) 
  skip_loop[1].CSKIP2/FA1/g65__1705/COUT -       CIN->COUT F     sky130_fd_sc_hd__fa_1        1  5.8    96   389    2588    (-,-) 
  skip_loop[1].CSKIP2/FA2/g65__5122/COUT -       CIN->COUT F     sky130_fd_sc_hd__fa_1        1  5.8    96   396    2984    (-,-) 
  skip_loop[1].CSKIP2/FA3/g65__8246/COUT -       CIN->COUT F     sky130_fd_sc_hd__fa_1        1  5.8    96   396    3380    (-,-) 
  skip_loop[1].CSKIP2/FA4/g65__7098/COUT -       CIN->COUT F     sky130_fd_sc_hd__fa_1        1  3.5    84   378    3758    (-,-) 
  skip_loop[1].CSKIP2/g139__6131/X       -       B1->X     F     sky130_fd_sc_hd__a41o_1      2  8.6    66   243    4001    (-,-) 
  skip_loop[2].CSKIP2/FA1/g65__9315/COUT -       CIN->COUT F     sky130_fd_sc_hd__fa_1        1  5.8    96   386    4386    (-,-) 
  skip_loop[2].CSKIP2/FA2/g65__9945/COUT -       CIN->COUT F     sky130_fd_sc_hd__fa_1        1  5.8    96   396    4783    (-,-) 
  skip_loop[2].CSKIP2/FA3/g65__2883/COUT -       CIN->COUT F     sky130_fd_sc_hd__fa_1        1  5.8    96   396    5179    (-,-) 
  skip_loop[2].CSKIP2/FA4/g65__2346/COUT -       CIN->COUT F     sky130_fd_sc_hd__fa_1        1  3.5    84   378    5557    (-,-) 
  skip_loop[2].CSKIP2/g139__1666/X       -       B1->X     F     sky130_fd_sc_hd__a41o_1      2  8.6    66   243    5800    (-,-) 
  skip_loop[3].CSKIP2/FA1/g65__6260/COUT -       CIN->COUT F     sky130_fd_sc_hd__fa_1        1  5.8    96   386    6185    (-,-) 
  skip_loop[3].CSKIP2/FA2/g65__4319/COUT -       CIN->COUT F     sky130_fd_sc_hd__fa_1        1  5.8    96   396    6582    (-,-) 
  skip_loop[3].CSKIP2/FA3/g65__8428/COUT -       CIN->COUT F     sky130_fd_sc_hd__fa_1        1  5.8    96   396    6978    (-,-) 
  skip_loop[3].CSKIP2/FA4/g65__5526/COUT -       CIN->COUT F     sky130_fd_sc_hd__fa_1        1  3.5    84   378    7356    (-,-) 
  skip_loop[3].CSKIP2/g139__6783/X       -       B1->X     F     sky130_fd_sc_hd__a41o_1      2  8.6    66   243    7598    (-,-) 
  skip_loop[4].CSKIP2/FA1/g65__8246/COUT -       CIN->COUT F     sky130_fd_sc_hd__fa_1        1  5.8    96   386    7984    (-,-) 
  skip_loop[4].CSKIP2/FA2/g65__7098/COUT -       CIN->COUT F     sky130_fd_sc_hd__fa_1        1  5.8    96   396    8380    (-,-) 
  skip_loop[4].CSKIP2/FA3/g65__6131/COUT -       CIN->COUT F     sky130_fd_sc_hd__fa_1        1  5.8    96   396    8777    (-,-) 
  skip_loop[4].CSKIP2/FA4/g65__1881/COUT -       CIN->COUT F     sky130_fd_sc_hd__fa_1        1  3.5    84   378    9154    (-,-) 
  skip_loop[4].CSKIP2/g139__5115/X       -       B1->X     F     sky130_fd_sc_hd__a41o_1      2  8.6    66   243    9397    (-,-) 
  skip_loop[5].CSKIP2/FA1/g65__2883/COUT -       CIN->COUT F     sky130_fd_sc_hd__fa_1        1  5.8    96   386    9783    (-,-) 
  skip_loop[5].CSKIP2/FA2/g65__2346/COUT -       CIN->COUT F     sky130_fd_sc_hd__fa_1        1  5.8    96   396   10179    (-,-) 
  skip_loop[5].CSKIP2/FA3/g65__1666/COUT -       CIN->COUT F     sky130_fd_sc_hd__fa_1        1  5.8    96   396   10576    (-,-) 
  skip_loop[5].CSKIP2/FA4/g65__7410/COUT -       CIN->COUT F     sky130_fd_sc_hd__fa_1        1  3.5    84   378   10953    (-,-) 
  skip_loop[5].CSKIP2/g139__6417/X       -       B1->X     F     sky130_fd_sc_hd__a41o_1      2  8.6    66   243   11196    (-,-) 
  skip_loop[6].CSKIP2/FA1/g65__8428/COUT -       CIN->COUT F     sky130_fd_sc_hd__fa_1        1  5.8    96   386   11582    (-,-) 
  skip_loop[6].CSKIP2/FA2/g65__5526/COUT -       CIN->COUT F     sky130_fd_sc_hd__fa_1        1  5.8    96   396   11978    (-,-) 
  skip_loop[6].CSKIP2/FA3/g65__6783/COUT -       CIN->COUT F     sky130_fd_sc_hd__fa_1        1  5.8    96   396   12374    (-,-) 
  skip_loop[6].CSKIP2/FA4/g65__3680/COUT -       CIN->COUT F     sky130_fd_sc_hd__fa_1        1  3.5    84   378   12752    (-,-) 
  skip_loop[6].CSKIP2/g139__1617/X       -       B1->X     F     sky130_fd_sc_hd__a41o_1      2  8.6    66   243   12995    (-,-) 
  skip_loop[7].CSKIP2/FA1/g65__6131/COUT -       CIN->COUT F     sky130_fd_sc_hd__fa_1        1  5.8    96   386   13380    (-,-) 
  skip_loop[7].CSKIP2/FA2/g65__1881/COUT -       CIN->COUT F     sky130_fd_sc_hd__fa_1        1  5.8    96   396   13777    (-,-) 
  skip_loop[7].CSKIP2/FA3/g65__5115/COUT -       CIN->COUT F     sky130_fd_sc_hd__fa_1        1  5.8    96   396   14173    (-,-) 
  skip_loop[7].CSKIP2/FA4/g65__7482/SUM  -       CIN->SUM  R     sky130_fd_sc_hd__fa_1        1 51.3   506   822   14995    (-,-) 
  S[31]                                  <<<     -         R     (port)                       -    -     -     0   14995    (-,-) 
#---------------------------------------------------------------------------------------------------------------------------------

