============================================================
  Generated by:           Genus(TM) Synthesis Solution 23.12-s086_1
  Generated on:           Apr 02 2025  05:42:00 pm
  Module:                 carry_skip4_32bits
  Operating conditions:   tt_025C_1v80 
  Interconnect mode:      global
  Area mode:              physical library
============================================================

Timing
-------
  Cost    Critical         Violating 
 Group   Path Slack  TNS     Paths   
-------------------------------------
default    185004.9   0.0          0 
-------------------------------------
Total                 0.0          0 

Instance Count
--------------
Leaf Instance Count             80 
Physical Instance count          0 
Sequential Instance Count        0 
Combinational Instance Count    80 
Hierarchical Instance Count     40 

Area
----
Cell Area                          1030.989
Physical Cell Area                 0.000
Total Cell Area (Cell+Physical)    1030.989
Net Area                           719.734
Total Area (Cell+Physical+Net)     1750.723

Max Fanout                         2 (C[0])
Min Fanout                         1 (Cout)
Average Fanout                     1.4
Terms to net ratio                 1.8531
Terms to instance ratio            4.1000
Runtime                            12.719394 seconds
Elapsed Runtime                    13 seconds
Genus peak memory usage            1890.53 
Innovus peak memory usage          no_value 
Hostname                           cadmicro-inf-el8-623207
