============================================================
  Generated by:           Genus(TM) Synthesis Solution 23.12-s086_1
  Generated on:           Apr 07 2025  06:56:03 pm
  Module:                 carry_select_adder_68810_32bits
  Operating conditions:   tt_025C_1v80 
  Interconnect mode:      global
  Area mode:              physical library
============================================================

            Instance                         Module              Cell-Count  Cell-Area  Net-Area   Total-Area 
--------------------------------------------------------------------------------------------------------------
carry_select_adder_68810_32bits NA                                      632   4471.789  3027.045     7498.833 
  CSA_BLOCKS[1].RCA_C0          ripple_carry_adder_WIDTH8                66    506.736   228.251      734.987 
    F1A                         full_adder_32_225                         5     35.034    13.488       48.522 
    full_adder_loop[1].FA       full_adder_219                           11     78.826    37.157      115.983 
    full_adder_loop[2].FA       full_adder_218                           11     73.821    37.157      110.978 
    full_adder_loop[3].FA       full_adder_217                            9     62.560    23.756       86.316 
    full_adder_loop[4].FA       full_adder_216                            7     62.560    16.969       79.529 
    full_adder_loop[5].FA       full_adder_215                            8     65.062    22.016       87.078 
    full_adder_loop[6].FA       full_adder_214                            8     66.314    22.016       88.329 
    full_adder_loop[7].FA       full_adder_213                            7     62.560    20.362       82.922 
  CSA_BLOCKS[1].RCA_C1          ripple_carry_adder_WIDTH8_3_228          68    549.277   233.298      782.575 
    F1A                         full_adder_40_226                         6     47.546    16.882       64.427 
    full_adder_loop[1].FA       full_adder_203                           11     77.574    37.157      114.732 
    full_adder_loop[2].FA       full_adder_202                           11     77.574    37.157      114.732 
    full_adder_loop[3].FA       full_adder_201                            9     66.314    23.756       90.070 
    full_adder_loop[4].FA       full_adder_200                            7     65.062    16.969       82.031 
    full_adder_loop[5].FA       full_adder_199                            8     68.816    22.016       90.832 
    full_adder_loop[6].FA       full_adder_198                            8     68.816    22.016       90.832 
    full_adder_loop[7].FA       full_adder_197                            8     77.574    22.016       99.590 
  CSA_BLOCKS[2].RCA_C0          ripple_carry_adder_WIDTH8_227            69    515.494   236.692      752.186 
    F1A                         full_adder_32                             5     28.778    13.488       42.266 
    full_adder_loop[1].FA       full_adder_196                           14     88.835    47.338      136.174 
    full_adder_loop[2].FA       full_adder_195                           11     60.058    37.157       97.215 
    full_adder_loop[3].FA       full_adder_194                            9     65.062    23.756       88.819 
    full_adder_loop[4].FA       full_adder_193                            7     65.062    16.969       82.031 
    full_adder_loop[5].FA       full_adder_192                            8     68.816    22.016       90.832 
    full_adder_loop[6].FA       full_adder_191                            8     68.816    22.016       90.832 
    full_adder_loop[7].FA       full_adder_190                            7     70.067    18.622       88.689 
  CSA_BLOCKS[2].RCA_C1          ripple_carry_adder_WIDTH8_3              69    531.760   233.385      765.145 
    F1A                         full_adder_40                             4     30.029    10.094       40.123 
    full_adder_loop[1].FA       full_adder_189                           14     86.333    44.032      130.364 
    full_adder_loop[2].FA       full_adder_188                           11     77.574    37.157      114.732 
    full_adder_loop[3].FA       full_adder_187                            9     66.314    23.756       90.070 
    full_adder_loop[4].FA       full_adder_186                            7     65.062    16.969       82.031 
    full_adder_loop[5].FA       full_adder_185                            8     68.816    22.016       90.832 
    full_adder_loop[6].FA       full_adder_184                            8     68.816    22.016       90.832 
    full_adder_loop[7].FA       full_adder_183                            8     68.816    22.016       90.832 
  CSA_BLOCKS[3].RCA_C0          ripple_carry_adder_WIDTH10               68    485.466   224.944      710.410 
    F1A                         full_adder_14                             4     22.522    10.094       32.616 
    full_adder_loop[1].FA       full_adder_212                           10     50.048    33.763       83.811 
    full_adder_loop[2].FA       full_adder_211                            6     40.038    13.575       53.613 
    full_adder_loop[3].FA       full_adder_210                            9     56.304    23.756       80.060 
    full_adder_loop[4].FA       full_adder_209                            7     53.802    16.969       70.770 
    full_adder_loop[5].FA       full_adder_208                            7     57.555    16.969       74.524 
    full_adder_loop[6].FA       full_adder_207                            7     53.802    16.969       70.770 
    full_adder_loop[7].FA       full_adder_206                            7     56.304    16.969       73.273 
    full_adder_loop[8].FA       full_adder_205                            6     50.048    13.575       63.623 
    full_adder_loop[9].FA       full_adder_204                            5     45.043    15.228       60.272 
  CSA_BLOCKS[3].RCA_C1          ripple_carry_adder_WIDTH10_1             73    460.442   248.526      708.968 
    F1A                         full_adder_48                             5     26.275    13.488       39.763 
    full_adder_loop[1].FA       full_adder_182                           11     53.802    37.157       90.959 
    full_adder_loop[2].FA       full_adder_181                           11     56.304    37.157       93.461 
    full_adder_loop[3].FA       full_adder_180                            8     47.546    20.362       67.908 
    full_adder_loop[4].FA       full_adder_179                            7     40.038    16.969       57.007 
    full_adder_loop[5].FA       full_adder_178                            7     41.290    16.969       58.258 
    full_adder_loop[6].FA       full_adder_177                            7     41.290    16.969       58.258 
    full_adder_loop[7].FA       full_adder_176                            6     56.304    13.575       69.879 
    full_adder_loop[8].FA       full_adder_175                            6     52.550    13.575       66.125 
    full_adder_loop[9].FA       full_adder_174                            5     45.043    15.228       60.272 
  RCA_LSB                       ripple_carry_adder_WIDTH6                35    311.549   104.945      416.494 
    F1A                         full_adder                                6     43.792    15.228       59.020 
    full_adder_loop[1].FA       full_adder_224                            9     50.048    23.756       73.804 
    full_adder_loop[2].FA       full_adder_223                            5     50.048    10.181       60.229 
    full_adder_loop[3].FA       full_adder_222                            5     42.541    10.181       52.722 
    full_adder_loop[4].FA       full_adder_221                            5     51.299    10.181       61.480 
    full_adder_loop[5].FA       full_adder_220                            5     73.821    10.181       84.002 
