============================================================
  Generated by:           Genus(TM) Synthesis Solution 23.12-s086_1
  Generated on:           Apr 07 2025  06:56:03 pm
  Module:                 carry_select_adder_68810_32bits
  Operating conditions:   tt_025C_1v80 
  Interconnect mode:      global
  Area mode:              physical library
============================================================

Timing
-------
  Cost    Critical            Violating 
 Group   Path Slack    TNS      Paths   
----------------------------------------
default       -48.4   -496.9         12 
----------------------------------------
Total                 -496.9         12 

Instance Count
--------------
Leaf Instance Count             632 
Physical Instance count           0 
Sequential Instance Count         0 
Combinational Instance Count    632 
Hierarchical Instance Count      65 

Area
----
Cell Area                          4471.789
Physical Cell Area                 0.000
Total Cell Area (Cell+Physical)    4471.789
Net Area                           3027.044
Total Area (Cell+Physical+Net)     7498.833

Max Fanout                         9 (n_486)
Min Fanout                         1 (C0[3])
Average Fanout                     1.6
Terms to net ratio                 2.4271
Terms to instance ratio            2.6883
Runtime                            36.509896 seconds
Elapsed Runtime                    39 seconds
Genus peak memory usage            1901.64 
Innovus peak memory usage          no_value 
Hostname                           cadmicro-inf-el8-623207
