============================================================
  Generated by:           Genus(TM) Synthesis Solution 23.12-s086_1
  Generated on:           Apr 07 2025  06:56:03 pm
  Module:                 carry_select_adder_68810_32bits
  Operating conditions:   tt_025C_1v80 
  Interconnect mode:      global
  Area mode:              physical library
============================================================


Path 1: VIOLATED (-48 ps) Path Delay Check
     Startpoint: (F) A[6]
       Endpoint: (R) S[30]

                   Capture    Launch  
      Path Delay:+    1760         -  
      Drv Adjust:+       0         0  
         Arrival:=    1760            
                                      
   Required Time:=    1760            
       Data Path:-    1808            
           Slack:=     -48            

Exceptions/Constraints:
  max_delay             1760            constraints.sdc_line_1 

#------------------------------------------------------------------------------------------------------------------------------------------------
#                      Timing Point                       Flags   Arc   Edge           Cell             Fanout Load Trans Delay Arrival Instance 
#                                                                                                              (fF)  (ps)  (ps)   (ps)  Location 
#------------------------------------------------------------------------------------------------------------------------------------------------
  A[6]                                                    -       -     F     (arrival)                      2  5.9  1000     0       0    (-,-) 
  g14631/X                                                -       A->X  F     sky130_fd_sc_hd__clkbuf_1      1  6.1    64   328     328    (-,-) 
  CSA_BLOCKS[1].RCA_C1/F1A/g10/Y                          -       A->Y  R     sky130_fd_sc_hd__clkinv_2      2 12.9    54    72     400    (-,-) 
  CSA_BLOCKS[1].RCA_C1/F1A/g9/Y                           -       B->Y  F     sky130_fd_sc_hd__nand2_4       2 12.3    39    56     456    (-,-) 
  CSA_BLOCKS[1].RCA_C1/full_adder_loop[1].FA/g181__9315/Y -       B->Y  R     sky130_fd_sc_hd__nand2_4       1 10.1    52    67     523    (-,-) 
  CSA_BLOCKS[1].RCA_C1/full_adder_loop[1].FA/g179__194/Y  -       A->Y  F     sky130_fd_sc_hd__nand2_4       2 11.8    38    50     573    (-,-) 
  CSA_BLOCKS[1].RCA_C1/full_adder_loop[2].FA/g124__6417/Y -       A->Y  R     sky130_fd_sc_hd__nand2_4       1 10.1    52    56     630    (-,-) 
  CSA_BLOCKS[1].RCA_C1/full_adder_loop[2].FA/g122__1666/Y -       A->Y  F     sky130_fd_sc_hd__nand2_4       2 11.8    38    50     680    (-,-) 
  CSA_BLOCKS[1].RCA_C1/full_adder_loop[3].FA/g21/Y        -       A->Y  R     sky130_fd_sc_hd__nand2_4       1 10.1    52    56     736    (-,-) 
  CSA_BLOCKS[1].RCA_C1/full_adder_loop[3].FA/g20/Y        -       A->Y  F     sky130_fd_sc_hd__nand2_4       2 11.8    44    50     787    (-,-) 
  CSA_BLOCKS[1].RCA_C1/full_adder_loop[4].FA/g124__1705/Y -       A->Y  R     sky130_fd_sc_hd__nand2_4       1 10.1    52    59     846    (-,-) 
  CSA_BLOCKS[1].RCA_C1/full_adder_loop[4].FA/g122__1617/Y -       A->Y  F     sky130_fd_sc_hd__nand2_4       2 11.8    38    50     896    (-,-) 
  CSA_BLOCKS[1].RCA_C1/full_adder_loop[5].FA/g124__5115/Y -       A->Y  R     sky130_fd_sc_hd__nand2_4       1 10.1    52    56     952    (-,-) 
  CSA_BLOCKS[1].RCA_C1/full_adder_loop[5].FA/g122__6131/Y -       A->Y  F     sky130_fd_sc_hd__nand2_4       2 11.8    38    50    1003    (-,-) 
  CSA_BLOCKS[1].RCA_C1/full_adder_loop[6].FA/g124__2883/Y -       A->Y  R     sky130_fd_sc_hd__nand2_4       1 10.1    52    56    1059    (-,-) 
  CSA_BLOCKS[1].RCA_C1/full_adder_loop[6].FA/g122__9315/Y -       A->Y  F     sky130_fd_sc_hd__nand2_4       2 11.8    38    50    1110    (-,-) 
  CSA_BLOCKS[1].RCA_C1/full_adder_loop[7].FA/g125__2398/Y -       A->Y  R     sky130_fd_sc_hd__nand2_4       1 10.1    52    56    1166    (-,-) 
  CSA_BLOCKS[1].RCA_C1/full_adder_loop[7].FA/g123__6417/Y -       A->Y  F     sky130_fd_sc_hd__nand2_4       3 23.3    60    68    1234    (-,-) 
  g10/Y                                                   -       A->Y  R     sky130_fd_sc_hd__clkinv_4      1 10.1    32    53    1286    (-,-) 
  g14828/Y                                                -       A->Y  F     sky130_fd_sc_hd__nand2_4       3 12.7    38    45    1332    (-,-) 
  g14920/Y                                                -       A->Y  R     sky130_fd_sc_hd__nand3_2       1 10.6    82    75    1406    (-,-) 
  g14853/Y                                                -       B->Y  F     sky130_fd_sc_hd__nand2_4       9 32.6    82    94    1500    (-,-) 
  g14763/Y                                                -       A->Y  R     sky130_fd_sc_hd__inv_2         2 19.5    97   110    1610    (-,-) 
  g14818/Y                                                -       A->Y  F     sky130_fd_sc_hd__nand2_4       1  9.6    42    57    1667    (-,-) 
  g15/Y                                                   -       A->Y  R     sky130_fd_sc_hd__nand2_4       1 51.3   165   141    1808    (-,-) 
  S[30]                                                   <<<     -     R     (port)                         -    -     -     0    1808    (-,-) 
#------------------------------------------------------------------------------------------------------------------------------------------------

