============================================================
  Generated by:           Genus(TM) Synthesis Solution 23.12-s086_1
  Generated on:           Apr 07 2025  02:37:18 pm
  Module:                 ripple_carry_adder_8bits
  Operating conditions:   tt_025C_1v80 
  Interconnect mode:      global
  Area mode:              physical library
============================================================


Path 1: VIOLATED (-9 ps) Path Delay Check
     Startpoint: (F) A[1]
       Endpoint: (R) S[7]

                   Capture    Launch  
      Path Delay:+    1340         -  
      Drv Adjust:+       0         0  
         Arrival:=    1340            
                                      
   Required Time:=    1340            
       Data Path:-    1349            
           Slack:=      -9            

Exceptions/Constraints:
  max_delay             1340            constraints.sdc_line_1 

#---------------------------------------------------------------------------------------------------------------------------
#           Timing Point             Flags   Arc   Edge           Cell             Fanout Load Trans Delay Arrival Instance 
#                                                                                         (fF)  (ps)  (ps)   (ps)  Location 
#---------------------------------------------------------------------------------------------------------------------------
  A[1]                               -       -     F     (arrival)                      1  3.3  1000     0       0    (-,-) 
  g5/X                               -       A->X  F     sky130_fd_sc_hd__clkbuf_1      1  6.1    64   328     328    (-,-) 
  full_adder_loop[1].FA/g135/Y       -       A->Y  R     sky130_fd_sc_hd__clkinv_2      2 11.1    49    67     395    (-,-) 
  full_adder_loop[1].FA/g125__1617/Y -       A->Y  F     sky130_fd_sc_hd__nand2_2       1  9.7    49    58     454    (-,-) 
  full_adder_loop[1].FA/g12/Y        -       B->Y  R     sky130_fd_sc_hd__nand2_4       1 10.1    52    71     525    (-,-) 
  full_adder_loop[1].FA/g11/Y        -       A->Y  F     sky130_fd_sc_hd__nand2_4       2 11.8    39    50     575    (-,-) 
  full_adder_loop[2].FA/g7/Y         -       A->Y  R     sky130_fd_sc_hd__nand2_4       1 10.1    52    57     632    (-,-) 
  full_adder_loop[2].FA/g122__1705/Y -       A->Y  F     sky130_fd_sc_hd__nand2_4       2 11.8    38    50     682    (-,-) 
  full_adder_loop[3].FA/g124__7482/Y -       A->Y  R     sky130_fd_sc_hd__nand2_4       1 10.1    52    56     739    (-,-) 
  full_adder_loop[3].FA/g122__1881/Y -       A->Y  F     sky130_fd_sc_hd__nand2_4       2 11.8    38    50     789    (-,-) 
  full_adder_loop[4].FA/g124__2883/Y -       A->Y  R     sky130_fd_sc_hd__nand2_4       1 10.1    52    56     846    (-,-) 
  full_adder_loop[4].FA/g122__9315/Y -       A->Y  F     sky130_fd_sc_hd__nand2_4       2 11.8    38    50     896    (-,-) 
  full_adder_loop[5].FA/g124__5477/Y -       A->Y  R     sky130_fd_sc_hd__nand2_4       1 10.1    52    56     952    (-,-) 
  full_adder_loop[5].FA/g122__7410/Y -       A->Y  F     sky130_fd_sc_hd__nand2_4       3 19.1    52    62    1014    (-,-) 
  full_adder_loop[6].FA/g125__5526/Y -       A->Y  R     sky130_fd_sc_hd__nand2_4       1 10.1    55    62    1076    (-,-) 
  full_adder_loop[6].FA/g123__4319/Y -       A->Y  F     sky130_fd_sc_hd__nand2_4       3 15.9    46    57    1134    (-,-) 
  full_adder_loop[7].FA/g32/Y        -       A->Y  R     sky130_fd_sc_hd__clkinv_2      1 10.1    44    56    1190    (-,-) 
  full_adder_loop[7].FA/g29/Y        -       A->Y  F     sky130_fd_sc_hd__nand2_4       1 17.7    48    57    1247    (-,-) 
  full_adder_loop[7].FA/g27/Y        -       A->Y  R     sky130_fd_sc_hd__nand2_8       1 51.3   110   102    1349    (-,-) 
  S[7]                               <<<     -     R     (port)                         -    -     -     0    1349    (-,-) 
#---------------------------------------------------------------------------------------------------------------------------

