============================================================
  Generated by:           Genus(TM) Synthesis Solution 23.12-s086_1
  Generated on:           Apr 09 2025  12:37:06 pm
  Module:                 signal_32bits
  Operating conditions:   tt_025C_1v80 
  Interconnect mode:      global
  Area mode:              physical library
============================================================


Path 1: MET (6 ps) Path Delay Check
     Startpoint: (F) B[1]
       Endpoint: (R) S[31]

                   Capture    Launch  
      Path Delay:+    4350         -  
      Drv Adjust:+       0         0  
         Arrival:=    4350            
                                      
   Required Time:=    4350            
       Data Path:-    4344            
           Slack:=       6            

Exceptions/Constraints:
  max_delay             4350            constraints.sdc_line_1 

#-----------------------------------------------------------------------------------------------------------------------------
#          Timing Point            Flags     Arc     Edge           Cell             Fanout Load Trans Delay Arrival Instance 
#                                                                                           (fF)  (ps)  (ps)   (ps)  Location 
#-----------------------------------------------------------------------------------------------------------------------------
  B[1]                             -       -         F     (arrival)                      2  5.6  1000     0       0    (-,-) 
  g2/X                             -       B->X      F     sky130_fd_sc_hd__or2_1         2  5.5    81   538     538    (-,-) 
  addinc_add_7_30_g2474__6131/Y    -       B->Y      R     sky130_fd_sc_hd__nand2_1       1  5.9    74    97     635    (-,-) 
  addinc_add_7_30_g2472__8246/Y    -       A->Y      F     sky130_fd_sc_hd__nand2_2       2  8.4    69    62     696    (-,-) 
  addinc_add_7_30_g2471__5122/Y    -       A->Y      R     sky130_fd_sc_hd__nand2_1       1  5.9    74    84     780    (-,-) 
  addinc_add_7_30_g2469__2802/Y    -       A->Y      F     sky130_fd_sc_hd__nand2_2       2  8.4    69    62     842    (-,-) 
  addinc_add_7_30_g2468__1617/Y    -       A->Y      R     sky130_fd_sc_hd__nand2_1       1  5.9    72    84     925    (-,-) 
  addinc_add_7_30_g2466__6783/Y    -       A->Y      F     sky130_fd_sc_hd__nand2_2       2  8.4    48    61     986    (-,-) 
  addinc_add_7_30_g2465__5526/Y    -       A->Y      R     sky130_fd_sc_hd__nand2_1       1  5.9    74    74    1061    (-,-) 
  addinc_add_7_30_g2463__4319/Y    -       A->Y      F     sky130_fd_sc_hd__nand2_2       2  8.4    69    62    1123    (-,-) 
  addinc_add_7_30_g2462__6260/Y    -       A->Y      R     sky130_fd_sc_hd__nand2_1       1  5.9    72    84    1206    (-,-) 
  addinc_add_7_30_g2460__2398/Y    -       A->Y      F     sky130_fd_sc_hd__nand2_2       2  8.4    48    61    1267    (-,-) 
  addinc_add_7_30_g2459__5477/Y    -       A->Y      R     sky130_fd_sc_hd__nand2_1       1  5.9    72    74    1342    (-,-) 
  addinc_add_7_30_g2457__7410/Y    -       A->Y      F     sky130_fd_sc_hd__nand2_2       2 10.4    55    68    1409    (-,-) 
  addinc_add_7_30_g2456__1666/Y    -       A->Y      R     sky130_fd_sc_hd__nand2_2       1  5.9    53    62    1472    (-,-) 
  addinc_add_7_30_g2454__2883/Y    -       A->Y      F     sky130_fd_sc_hd__nand2_2       4 14.1    67    72    1544    (-,-) 
  addinc_add_7_30_g2452__9945/Y    -       A->Y      R     sky130_fd_sc_hd__nand2_1       1  3.7    52    69    1613    (-,-) 
  addinc_add_7_30_g2448__7482/Y    -       A->Y      F     sky130_fd_sc_hd__nand2_1       2  8.4    73    76    1689    (-,-) 
  addinc_add_7_30_g2446__1881/X    -       A1->X     F     sky130_fd_sc_hd__a21o_1        2  8.4    58   188    1876    (-,-) 
  addinc_add_7_30_g2441__1705/Y    -       A->Y      R     sky130_fd_sc_hd__nand2_1       1  3.7    53    65    1941    (-,-) 
  addinc_add_7_30_g2439__1617/Y    -       A->Y      F     sky130_fd_sc_hd__nand2_1       2  8.4    69    76    2017    (-,-) 
  addinc_add_7_30_g2438__3680/Y    -       A->Y      R     sky130_fd_sc_hd__nand2_1       1  3.7    53    70    2087    (-,-) 
  addinc_add_7_30_g2436__5526/Y    -       A->Y      F     sky130_fd_sc_hd__nand2_1       2  8.4    69    76    2163    (-,-) 
  addinc_add_7_30_g2435__8428/Y    -       A->Y      R     sky130_fd_sc_hd__nand2_1       1  3.7    56    70    2232    (-,-) 
  addinc_add_7_30_g2433__6260/Y    -       A->Y      F     sky130_fd_sc_hd__nand2_1       4 14.1   121   106    2338    (-,-) 
  addinc_add_7_30_g2430__2398/X    -       A1->X     F     sky130_fd_sc_hd__a31o_1        4 14.1    86   251    2589    (-,-) 
  addinc_add_7_30_g2420__6161/X    -       A1->X     F     sky130_fd_sc_hd__a31o_2        4 16.1    70   252    2841    (-,-) 
  addinc_add_7_30_g2411__5122/Y    -       A1->Y     R     sky130_fd_sc_hd__a31oi_2       2 11.1   216   194    3035    (-,-) 
  addinc_add_7_30_g2406__6783/Y    -       A2->Y     F     sky130_fd_sc_hd__o21ai_2       2  9.0    85    96    3130    (-,-) 
  addinc_add_7_30_g2405/Y          -       A->Y      R     sky130_fd_sc_hd__clkinv_1      1  3.9    39    62    3192    (-,-) 
  addinc_add_7_30_g2403__8428/Y    -       A2->Y     F     sky130_fd_sc_hd__o21ai_1       2  6.4    75    69    3261    (-,-) 
  addinc_add_7_30_g2402/Y          -       A->Y      R     sky130_fd_sc_hd__clkinv_1      2  6.5    49    69    3330    (-,-) 
  addinc_add_7_30_g2400__6260/Y    -       A2->Y     F     sky130_fd_sc_hd__o21ai_1       1  6.3    72    71    3401    (-,-) 
  addinc_add_7_30_g2399__5107/COUT -       CIN->COUT F     sky130_fd_sc_hd__fa_2          1  3.6    73   333    3734    (-,-) 
  addinc_add_7_30_g2398__2398/SUM  -       CI->SUM   R     sky130_fd_sc_hd__fah_1         1 51.3   487   610    4344    (-,-) 
  S[31]                            <<<     -         R     (port)                         -    -     -     0    4344    (-,-) 
#-----------------------------------------------------------------------------------------------------------------------------

