============================================================
  Generated by:           Genus(TM) Synthesis Solution 23.12-s086_1
  Generated on:           Apr 09 2025  12:37:07 pm
  Module:                 signal_32bits
  Operating conditions:   tt_025C_1v80 
  Interconnect mode:      global
  Area mode:              physical library
============================================================

Timing
-------
  Cost    Critical         Violating 
 Group   Path Slack  TNS     Paths   
-------------------------------------
default         5.7   0.0          0 
-------------------------------------
Total                 0.0          0 

Instance Count
--------------
Leaf Instance Count             208 
Physical Instance count           0 
Sequential Instance Count         0 
Combinational Instance Count    208 
Hierarchical Instance Count       0 

Area
----
Cell Area                          1187.389
Physical Cell Area                 0.000
Total Cell Area (Cell+Physical)    1187.389
Net Area                           1237.498
Total Area (Cell+Physical+Net)     2424.887

Max Fanout                         4 (addinc_add_7_30_n_34)
Min Fanout                         1 (A[30])
Average Fanout                     1.7
Terms to net ratio                 2.3127
Terms to instance ratio            3.0577
Runtime                            14.322248 seconds
Elapsed Runtime                    17 seconds
Genus peak memory usage            1946.30 
Innovus peak memory usage          no_value 
Hostname                           cadmicro-inf-el8-623207
