============================================================
  Generated by:           Genus(TM) Synthesis Solution 23.12-s086_1
  Generated on:           Apr 07 2025  06:23:58 pm
  Module:                 carry_select_adder_56678_32bits
  Operating conditions:   tt_025C_1v80 
  Interconnect mode:      global
  Area mode:              physical library
============================================================

Timing
-------
  Cost    Critical            Violating 
 Group   Path Slack    TNS      Paths   
----------------------------------------
default       -24.8   -186.6          9 
----------------------------------------
Total                 -186.6          9 

Instance Count
--------------
Leaf Instance Count             643 
Physical Instance count           0 
Sequential Instance Count         0 
Combinational Instance Count    643 
Hierarchical Instance Count      68 

Area
----
Cell Area                          4261.587
Physical Cell Area                 0.000
Total Cell Area (Cell+Physical)    4261.587
Net Area                           3046.189
Total Area (Cell+Physical+Net)     7307.776

Max Fanout                         12 (n_620)
Min Fanout                         1 (C0[1])
Average Fanout                     1.5
Terms to net ratio                 2.4093
Terms to instance ratio            2.6641
Runtime                            32.491677 seconds
Elapsed Runtime                    34 seconds
Genus peak memory usage            1899.93 
Innovus peak memory usage          no_value 
Hostname                           cadmicro-inf-el8-623207
