============================================================
  Generated by:           Genus(TM) Synthesis Solution 23.12-s086_1
  Generated on:           Apr 07 2025  06:23:58 pm
  Module:                 carry_select_adder_56678_32bits
  Operating conditions:   tt_025C_1v80 
  Interconnect mode:      global
  Area mode:              physical library
============================================================


Path 1: VIOLATED (-25 ps) Path Delay Check
     Startpoint: (F) B[18]
       Endpoint: (R) S[24]

                   Capture    Launch  
      Path Delay:+    1650         -  
      Drv Adjust:+       0         0  
         Arrival:=    1650            
                                      
   Required Time:=    1650            
       Data Path:-    1675            
           Slack:=     -25            

Exceptions/Constraints:
  max_delay             1650            constraints.sdc_line_1 

#-----------------------------------------------------------------------------------------------------------------------------------------------
#                     Timing Point                       Flags   Arc   Edge           Cell             Fanout Load Trans Delay Arrival Instance 
#                                                                                                             (fF)  (ps)  (ps)   (ps)  Location 
#-----------------------------------------------------------------------------------------------------------------------------------------------
  B[18]                                                  -       -     F     (arrival)                      2  5.9  1000     0       0    (-,-) 
  g9789/X                                                -       A->X  F     sky130_fd_sc_hd__clkbuf_1      3 10.5    85   352     352    (-,-) 
  CSA_BLOCKS[3].RCA_C0/full_adder_loop[1].FA/g52/Y       -       A->Y  R     sky130_fd_sc_hd__nor2_2        1  6.0    96   132     484    (-,-) 
  CSA_BLOCKS[3].RCA_C0/full_adder_loop[1].FA/g50/Y       -       A2->Y F     sky130_fd_sc_hd__o21ai_2       2 11.8    63    83     566    (-,-) 
  CSA_BLOCKS[3].RCA_C0/full_adder_loop[2].FA/g86__6417/Y -       A->Y  R     sky130_fd_sc_hd__nand2_4       1 10.1    52    67     634    (-,-) 
  CSA_BLOCKS[3].RCA_C0/full_adder_loop[2].FA/g84__1666/Y -       A->Y  F     sky130_fd_sc_hd__nand2_4       2 11.8    38    50     684    (-,-) 
  CSA_BLOCKS[3].RCA_C0/full_adder_loop[3].FA/g16/Y       -       A->Y  R     sky130_fd_sc_hd__nand2_4       1 10.1    52    56     740    (-,-) 
  CSA_BLOCKS[3].RCA_C0/full_adder_loop[3].FA/g15/Y       -       A->Y  F     sky130_fd_sc_hd__nand2_4       2 11.8    44    50     791    (-,-) 
  CSA_BLOCKS[3].RCA_C0/full_adder_loop[4].FA/g86__1705/Y -       A->Y  R     sky130_fd_sc_hd__nand2_4       1 10.1    52    59     850    (-,-) 
  CSA_BLOCKS[3].RCA_C0/full_adder_loop[4].FA/g84__1617/Y -       A->Y  F     sky130_fd_sc_hd__nand2_4       2 11.8    38    50     900    (-,-) 
  CSA_BLOCKS[3].RCA_C0/full_adder_loop[5].FA/g86__5115/Y -       A->Y  R     sky130_fd_sc_hd__nand2_4       1 10.1    52    56     956    (-,-) 
  CSA_BLOCKS[3].RCA_C0/full_adder_loop[5].FA/g84__6131/Y -       A->Y  F     sky130_fd_sc_hd__nand2_4       2 11.8    38    50    1007    (-,-) 
  CSA_BLOCKS[3].RCA_C0/full_adder_loop[6].FA/g86__2883/Y -       A->Y  R     sky130_fd_sc_hd__nand2_4       1  5.9    41    48    1054    (-,-) 
  CSA_BLOCKS[3].RCA_C0/full_adder_loop[6].FA/g84__9315/Y -       A->Y  F     sky130_fd_sc_hd__nand2_2       2  6.5    37    47    1101    (-,-) 
  g25/Y                                                  -       A->Y  R     sky130_fd_sc_hd__nand2_1       1  5.9    71    70    1171    (-,-) 
  g38/Y                                                  -       A->Y  F     sky130_fd_sc_hd__nand2_2       2 10.5    55    68    1239    (-,-) 
  g60/Y                                                  -       A->Y  R     sky130_fd_sc_hd__nand2_2       2 13.1    87    88    1327    (-,-) 
  g51/Y                                                  -       A->Y  F     sky130_fd_sc_hd__nand2_4       5 23.2    65    78    1405    (-,-) 
  g193/Y                                                 -       A->Y  R     sky130_fd_sc_hd__clkinv_2      2 11.1    49    67    1473    (-,-) 
  g190/Y                                                 -       A->Y  F     sky130_fd_sc_hd__nand2_2       1  9.6    49    58    1531    (-,-) 
  g15/Y                                                  -       A->Y  R     sky130_fd_sc_hd__nand2_4       1 51.3   165   144    1674    (-,-) 
  S[24]                                                  <<<     -     R     (port)                         -    -     -     0    1675    (-,-) 
#-----------------------------------------------------------------------------------------------------------------------------------------------

