============================================================
  Generated by:           Genus(TM) Synthesis Solution 23.12-s086_1
  Generated on:           Apr 07 2025  06:23:58 pm
  Module:                 carry_select_adder_56678_32bits
  Operating conditions:   tt_025C_1v80 
  Interconnect mode:      global
  Area mode:              physical library
============================================================

            Instance                         Module              Cell-Count  Cell-Area  Net-Area   Total-Area 
--------------------------------------------------------------------------------------------------------------
carry_select_adder_56678_32bits NA                                      643   4261.587  3046.189     7307.776 
  CSA_BLOCKS[1].RCA_C0          ripple_carry_adder_WIDTH6                49    349.085   167.338      516.422 
    F1A                         full_adder_32_230                         4     25.024     6.787       31.811 
    full_adder_loop[1].FA       full_adder_224                           10     73.821    33.763      107.584 
    full_adder_loop[2].FA       full_adder_223                           11     68.816    37.157      105.973 
    full_adder_loop[3].FA       full_adder_222                            8     61.309    20.362       81.671 
    full_adder_loop[4].FA       full_adder_221                            7     56.304    16.969       73.273 
    full_adder_loop[5].FA       full_adder_220                            9     63.811    27.063       90.874 
  CSA_BLOCKS[1].RCA_C1          ripple_carry_adder_WIDTH6_3_234          49    356.592   167.338      523.930 
    F1A                         full_adder_38_231                         4     22.522    10.094       32.616 
    full_adder_loop[1].FA       full_adder_206                           12     72.570    40.551      113.120 
    full_adder_loop[2].FA       full_adder_205                           11     70.067    37.157      107.224 
    full_adder_loop[3].FA       full_adder_204                            8     61.309    20.362       81.671 
    full_adder_loop[4].FA       full_adder_203                            7     65.062    16.969       82.031 
    full_adder_loop[5].FA       full_adder_202                            7     65.062    16.969       82.031 
  CSA_BLOCKS[2].RCA_C0          ripple_carry_adder_WIDTH6_233            46    305.293   150.543      455.836 
    F1A                         full_adder_32                             4     23.773    10.094       33.867 
    full_adder_loop[1].FA       full_adder_201                           11     81.328    37.157      118.485 
    full_adder_loop[2].FA       full_adder_200                            9     50.048    23.756       73.804 
    full_adder_loop[3].FA       full_adder_199                            8     52.550    20.362       72.913 
    full_adder_loop[4].FA       full_adder_198                            7     47.546    16.969       64.514 
    full_adder_loop[5].FA       full_adder_197                            7     50.048    16.969       67.017 
  CSA_BLOCKS[2].RCA_C1          ripple_carry_adder_WIDTH6_3              48    327.814   163.944      491.758 
    F1A                         full_adder_38                             4     25.024    10.094       35.118 
    full_adder_loop[1].FA       full_adder_196                           11     81.328    37.157      118.485 
    full_adder_loop[2].FA       full_adder_195                           11     62.560    37.157       99.717 
    full_adder_loop[3].FA       full_adder_194                            8     53.802    20.362       74.164 
    full_adder_loop[4].FA       full_adder_193                            7     50.048    16.969       67.017 
    full_adder_loop[5].FA       full_adder_192                            7     55.053    16.969       72.022 
  CSA_BLOCKS[3].RCA_C0          ripple_carry_adder_WIDTH7                57    420.403   191.094      611.497 
    F1A                         full_adder_11                             4     25.024    10.094       35.118 
    full_adder_loop[1].FA       full_adder_219                            8     52.550    20.362       72.913 
    full_adder_loop[2].FA       full_adder_218                           11     77.574    37.157      114.732 
    full_adder_loop[3].FA       full_adder_217                           11     72.570    32.197      104.767 
    full_adder_loop[4].FA       full_adder_216                            7     65.062    16.969       82.031 
    full_adder_loop[5].FA       full_adder_215                            8     68.816    22.016       90.832 
    full_adder_loop[6].FA       full_adder_214                            8     58.806    22.016       80.822 
  CSA_BLOCKS[3].RCA_C1          ripple_carry_adder_WIDTH7_1              59    440.422   204.495      644.917 
    F1A                         full_adder_51_232                         4     22.522    10.094       32.616 
    full_adder_loop[1].FA       full_adder_191                           12     87.584    40.551      128.135 
    full_adder_loop[2].FA       full_adder_190                           11     70.067    37.157      107.224 
    full_adder_loop[3].FA       full_adder_189                           10     71.318    30.457      101.775 
    full_adder_loop[4].FA       full_adder_188                            7     65.062    16.969       82.031 
    full_adder_loop[5].FA       full_adder_187                            7     65.062    16.969       82.031 
    full_adder_loop[6].FA       full_adder_186                            8     58.806    22.016       80.822 
  CSA_BLOCKS[4].RCA_C0          ripple_carry_adder_WIDTH8                53    320.307   174.125      494.432 
    F1A                         full_adder_11_229                         4     20.019    10.094       30.113 
    full_adder_loop[1].FA       full_adder_213                            9     62.560    30.370       92.930 
    full_adder_loop[2].FA       full_adder_212                            9     51.299    27.063       78.362 
    full_adder_loop[3].FA       full_adder_211                            6     35.034    13.575       48.609 
    full_adder_loop[4].FA       full_adder_210                            7     41.290    16.969       58.258 
    full_adder_loop[5].FA       full_adder_209                            6     37.536    13.575       51.111 
    full_adder_loop[6].FA       full_adder_208                            6     37.536    13.575       51.111 
    full_adder_loop[7].FA       full_adder_207                            6     35.034    13.575       48.609 
  CSA_BLOCKS[4].RCA_C1          ripple_carry_adder_WIDTH8_1              50    324.061   170.818      494.879 
    F1A                         full_adder_51                             4     22.522    10.094       32.616 
    full_adder_loop[1].FA       full_adder_185                           10     52.550    33.763       86.314 
    full_adder_loop[2].FA       full_adder_184                            8     47.546    20.362       67.908 
    full_adder_loop[3].FA       full_adder_183                            6     37.536    13.575       51.111 
    full_adder_loop[4].FA       full_adder_182                            6     37.536    13.575       51.111 
    full_adder_loop[5].FA       full_adder_181                            7     48.797    20.362       69.159 
    full_adder_loop[6].FA       full_adder_180                            5     42.541    13.575       56.116 
    full_adder_loop[7].FA       full_adder_179                            4     35.034    10.181       45.215 
  RCA_LSB                       ripple_carry_adder_WIDTH5                40    299.037   135.228      434.264 
    F1A                         full_adder                                9     60.058    30.370       90.427 
    full_adder_loop[1].FA       full_adder_228                           11     56.304    37.157       93.461 
    full_adder_loop[2].FA       full_adder_227                            8     56.304    20.362       76.666 
    full_adder_loop[3].FA       full_adder_226                            6     57.555    13.575       71.130 
    full_adder_loop[4].FA       full_adder_225                            6     68.816    13.575       82.391 
