============================================================
  Generated by:           Genus(TM) Synthesis Solution 23.12-s086_1
  Generated on:           Apr 07 2025  04:30:29 pm
  Module:                 signal_32bits
  Operating conditions:   tt_025C_1v80 
  Interconnect mode:      global
  Area mode:              physical library
============================================================

Timing
-------
  Cost    Critical             Violating 
 Group   Path Slack    TNS       Paths   
-----------------------------------------
default       -55.9   -1260.1         26 
-----------------------------------------
Total                 -1260.1         26 

Instance Count
--------------
Leaf Instance Count             636 
Physical Instance count           0 
Sequential Instance Count         0 
Combinational Instance Count    636 
Hierarchical Instance Count       0 

Area
----
Cell Area                          4406.726
Physical Cell Area                 0.000
Total Cell Area (Cell+Physical)    4406.726
Net Area                           3101.533
Total Area (Cell+Physical+Net)     7508.259

Max Fanout                         9 (n_2780)
Min Fanout                         1 (n_16)
Average Fanout                     1.6
Terms to net ratio                 2.4836
Terms to instance ratio            2.7374
Runtime                            40.10033599999999 seconds
Elapsed Runtime                    41 seconds
Genus peak memory usage            2041.32 
Innovus peak memory usage          no_value 
Hostname                           cadmicro-inf-el8-623207
