============================================================
  Generated by:           Genus(TM) Synthesis Solution 23.12-s086_1
  Generated on:           Apr 07 2025  04:30:29 pm
  Module:                 signal_32bits
  Operating conditions:   tt_025C_1v80 
  Interconnect mode:      global
  Area mode:              physical library
============================================================


Path 1: VIOLATED (-56 ps) Path Delay Check
     Startpoint: (F) B[16]
       Endpoint: (F) S[29]

                   Capture    Launch  
      Path Delay:+    1150         -  
      Drv Adjust:+       0         0  
         Arrival:=    1150            
                                      
   Required Time:=    1150            
       Data Path:-    1206            
           Slack:=     -56            

Exceptions/Constraints:
  max_delay             1150            constraints.sdc_line_1 

#----------------------------------------------------------------------------------------------------------------------
#         Timing Point          Flags   Arc   Edge           Cell             Fanout Load Trans Delay Arrival Instance 
#                                                                                    (fF)  (ps)  (ps)   (ps)  Location 
#----------------------------------------------------------------------------------------------------------------------
  B[16]                         -       -     F     (arrival)                      1 33.2  1000     0       0    (-,-) 
  g3120/Y                       -       A->Y  R     sky130_fd_sc_hd__inv_16        1 10.7   127   233     233    (-,-) 
  g3119/Y                       -       A->Y  F     sky130_fd_sc_hd__inv_4         1 10.8    36    48     281    (-,-) 
  g3118/Y                       -       A->Y  R     sky130_fd_sc_hd__clkinv_4      3 13.2    34    47     328    (-,-) 
  g3117/Y                       -       A->Y  F     sky130_fd_sc_hd__nor2_2        1  5.6    24    36     363    (-,-) 
  g169/Y                        -       A->Y  R     sky130_fd_sc_hd__nand2_2       1 10.1    73    65     428    (-,-) 
  g162/Y                        -       A->Y  F     sky130_fd_sc_hd__nand2_4       2 11.8    42    56     483    (-,-) 
  g72/Y                         -       A->Y  R     sky130_fd_sc_hd__nand2_4       1 10.1    52    58     542    (-,-) 
  g155/Y                        -       A->Y  F     sky130_fd_sc_hd__nand2_4       3 15.1    44    55     597    (-,-) 
  g4209/Y                       -       A->Y  R     sky130_fd_sc_hd__nand2_4       1 10.1    52    59     656    (-,-) 
  g4207/Y                       -       A->Y  F     sky130_fd_sc_hd__nand2_4       9 25.6    64    71     727    (-,-) 
  addinc_add_7_30_g1963__4218/Y -       A->Y  R     sky130_fd_sc_hd__nand2_1       2  5.8    70    81     808    (-,-) 
  g2/X                          -       A->X  R     sky130_fd_sc_hd__and2_1        1  3.7    56   125     933    (-,-) 
  g3207/Y                       -       B->Y  F     sky130_fd_sc_hd__nand2_1       1  9.6    78    87    1020    (-,-) 
  g4047/Y                       -       A->Y  R     sky130_fd_sc_hd__nand2_4       1 19.4    78    93    1113    (-,-) 
  g4046/Y                       -       B->Y  F     sky130_fd_sc_hd__nand2_8       1 51.3    99    92    1206    (-,-) 
  S[29]                         <<<     -     F     (port)                         -    -     -     0    1206    (-,-) 
#----------------------------------------------------------------------------------------------------------------------

