###############################################################
#  Generated by:      Cadence Innovus 23.32-s091_1
#  OS:                Linux x86_64(Host ID cadmicro-inf-el8-623207)
#  Generated on:      Mon Apr  7 19:27:15 2025
#  Design:            carry_select_adder_661010_32bits
#  Command:           report_timing > reports/report_timing.rpt
###############################################################
Path 1: VIOLATED Path Delay Check
Endpoint:   S[28] (^)
Beginpoint: B[6]  (v) triggered by  leading edge of '@'
Path Groups: {default}
Analysis View: default_emulate_view
- External Delay                0.000
+ Path Delay                    1.870
= Required Time                 1.870
- Arrival Time                  2.040
= Slack Time                   -0.170
     Clock Rise Edge                      0.000
     + Input Delay                        0.000
     = Beginpoint Arrival Time            0.000
     +-------------------------------------------------------------------------------------------------------------------------------+ 
     |                      Instance                      |      Arc       |            Cell            | Delay | Arrival | Required | 
     |                                                    |                |                            |       |  Time   |   Time   | 
     |----------------------------------------------------+----------------+----------------------------+-------+---------+----------| 
     |                                                    | B[6] v         |                            |       |   0.000 |   -0.170 | 
     | CSA_BLOCKS[1].RCA_C0/F1A/g2                        | A v -> COUT v  | sky130_fd_sc_hd__ha_4      | 0.539 |   0.539 |    0.369 | 
     | CSA_BLOCKS[1].RCA_C0/full_adder_loop[1].FA/g22     | A v -> Y ^     | sky130_fd_sc_hd__nand2_2   | 0.066 |   0.605 |    0.435 | 
     | CSA_BLOCKS[1].RCA_C0/full_adder_loop[1].FA/g21     | A ^ -> Y v     | sky130_fd_sc_hd__nand2_2   | 0.063 |   0.669 |    0.499 | 
     | CSA_BLOCKS[1].RCA_C0/full_adder_loop[2].FA/g84__17 | A v -> Y ^     | sky130_fd_sc_hd__nand2_2   | 0.068 |   0.737 |    0.567 | 
     | 05                                                 |                |                            |       |         |          | 
     | CSA_BLOCKS[1].RCA_C0/full_adder_loop[2].FA/g82__16 | A ^ -> Y v     | sky130_fd_sc_hd__nand2_2   | 0.061 |   0.798 |    0.628 | 
     | 17                                                 |                |                            |       |         |          | 
     | CSA_BLOCKS[1].RCA_C0/full_adder_loop[3].FA/g81__51 | A v -> Y ^     | sky130_fd_sc_hd__nand2_2   | 0.085 |   0.882 |    0.712 | 
     | 15                                                 |                |                            |       |         |          | 
     | CSA_BLOCKS[1].RCA_C0/full_adder_loop[3].FA/g79__61 | B ^ -> Y v     | sky130_fd_sc_hd__nand2b_4  | 0.060 |   0.942 |    0.772 | 
     | 31                                                 |                |                            |       |         |          | 
     | CSA_BLOCKS[1].RCA_C0/full_adder_loop[4].FA/g59__93 | B1 v -> Y ^    | sky130_fd_sc_hd__o21ai_2   | 0.060 |   1.002 |    0.832 | 
     | 15                                                 |                |                            |       |         |          | 
     | CSA_BLOCKS[1].RCA_C0/full_adder_loop[4].FA/g57__61 | B ^ -> Y v     | sky130_fd_sc_hd__nand2b_2  | 0.084 |   1.086 |    0.916 | 
     | 61                                                 |                |                            |       |         |          | 
     | CSA_BLOCKS[1].RCA_C0/full_adder_loop[5].FA/g79__23 | CI v -> COUT v | sky130_fd_sc_hd__fah_1     | 0.295 |   1.381 |    1.211 | 
     | 46                                                 |                |                            |       |         |          | 
     | g3897__4125                                        | A v -> Y ^     | sky130_fd_sc_hd__nand2_4   | 0.104 |   1.484 |    1.314 | 
     | g3930__4035                                        | A ^ -> Y v     | sky130_fd_sc_hd__nand2_4   | 0.120 |   1.604 |    1.434 | 
     | FE_DBTC0_n_413                                     | A v -> Y ^     | sky130_fd_sc_hd__clkinv_8  | 0.132 |   1.735 |    1.566 | 
     | FE_PSBC13_FE_DBTN0_n_413                           | A ^ -> Y v     | sky130_fd_sc_hd__inv_6     | 0.066 |   1.801 |    1.632 | 
     | FE_PSBC12_FE_DBTN0_n_413                           | A v -> Y ^     | sky130_fd_sc_hd__clkinv_16 | 0.066 |   1.867 |    1.697 | 
     | g3832__3994                                        | B ^ -> Y v     | sky130_fd_sc_hd__nand2_4   | 0.066 |   1.933 |    1.763 | 
     | g3799__6260                                        | A v -> Y ^     | sky130_fd_sc_hd__nand2_8   | 0.105 |   2.038 |    1.868 | 
     |                                                    | S[28] ^        |                            | 0.002 |   2.040 |    1.870 | 
     +-------------------------------------------------------------------------------------------------------------------------------+ 

