    Hinst Name                               Module Name                      Inst Count           Total Area
----------------------------------------------------------------------------------------------------------
carry_select_adder_661010_32bits                                                     471             4184.013
  CSA_BLOCKS[1].RCA_C0                       ripple_carry_adder_WIDTH6_1              26              237.728
    CSA_BLOCKS[1].RCA_C0/F1A                 full_adder_16                             1               25.024
    CSA_BLOCKS[1].RCA_C0/full_adder_loop[1].FA full_adder_210                            8               45.043
    CSA_BLOCKS[1].RCA_C0/full_adder_loop[2].FA full_adder_209                            6               40.038
    CSA_BLOCKS[1].RCA_C0/full_adder_loop[3].FA full_adder_208                            5               47.546
    CSA_BLOCKS[1].RCA_C0/full_adder_loop[4].FA full_adder_207                            4               42.541
    CSA_BLOCKS[1].RCA_C0/full_adder_loop[5].FA full_adder_206                            1               33.782
  CSA_BLOCKS[1].RCA_C1                       ripple_carry_adder_WIDTH6_2              29              225.216
    CSA_BLOCKS[1].RCA_C1/F1A                 full_adder_22                             4               37.536
    CSA_BLOCKS[1].RCA_C1/full_adder_loop[1].FA full_adder_205                            8               40.038
    CSA_BLOCKS[1].RCA_C1/full_adder_loop[2].FA full_adder_204                            6               37.536
    CSA_BLOCKS[1].RCA_C1/full_adder_loop[3].FA full_adder_203                            6               40.038
    CSA_BLOCKS[1].RCA_C1/full_adder_loop[4].FA full_adder_202                            4               36.285
    CSA_BLOCKS[1].RCA_C1/full_adder_loop[5].FA full_adder_201                            1               33.782
  CSA_BLOCKS[2].RCA_C0                       ripple_carry_adder_WIDTH10               62              605.581
    CSA_BLOCKS[2].RCA_C0/F1A                 full_adder_38_225                         4               41.290
    CSA_BLOCKS[2].RCA_C0/full_adder_loop[1].FA full_adder_219                            8               65.062
    CSA_BLOCKS[2].RCA_C0/full_adder_loop[2].FA full_adder_218                            8               65.062
    CSA_BLOCKS[2].RCA_C0/full_adder_loop[3].FA full_adder_217                            6               57.555
    CSA_BLOCKS[2].RCA_C0/full_adder_loop[4].FA full_adder_216                            6               60.058
    CSA_BLOCKS[2].RCA_C0/full_adder_loop[5].FA full_adder_215                            6               60.058
    CSA_BLOCKS[2].RCA_C0/full_adder_loop[6].FA full_adder_214                            6               60.058
    CSA_BLOCKS[2].RCA_C0/full_adder_loop[7].FA full_adder_213                            6               60.058
    CSA_BLOCKS[2].RCA_C0/full_adder_loop[8].FA full_adder_212                            6               60.058
    CSA_BLOCKS[2].RCA_C0/full_adder_loop[9].FA full_adder_211                            6               76.323
  CSA_BLOCKS[2].RCA_C1                       ripple_carry_adder_WIDTH10_3_228         61              585.562
    CSA_BLOCKS[2].RCA_C1/F1A                 full_adder_48_226                         4               38.787
    CSA_BLOCKS[2].RCA_C1/full_adder_loop[1].FA full_adder_200                            8               65.062
    CSA_BLOCKS[2].RCA_C1/full_adder_loop[2].FA full_adder_199                            8               65.062
    CSA_BLOCKS[2].RCA_C1/full_adder_loop[3].FA full_adder_198                            6               60.058
    CSA_BLOCKS[2].RCA_C1/full_adder_loop[4].FA full_adder_197                            6               56.304
    CSA_BLOCKS[2].RCA_C1/full_adder_loop[5].FA full_adder_196                            6               56.304
    CSA_BLOCKS[2].RCA_C1/full_adder_loop[6].FA full_adder_195                            6               56.304
    CSA_BLOCKS[2].RCA_C1/full_adder_loop[7].FA full_adder_194                            6               56.304
    CSA_BLOCKS[2].RCA_C1/full_adder_loop[8].FA full_adder_193                            5               66.314
    CSA_BLOCKS[2].RCA_C1/full_adder_loop[9].FA full_adder_192                            6               65.062
  CSA_BLOCKS[3].RCA_C0                       ripple_carry_adder_WIDTH10_227           56              436.669
    CSA_BLOCKS[3].RCA_C0/F1A                 full_adder_38                             2               18.768
    CSA_BLOCKS[3].RCA_C0/full_adder_loop[1].FA full_adder_191                            8               48.797
    CSA_BLOCKS[3].RCA_C0/full_adder_loop[2].FA full_adder_190                            8               46.294
    CSA_BLOCKS[3].RCA_C0/full_adder_loop[3].FA full_adder_189                            6               41.290
    CSA_BLOCKS[3].RCA_C0/full_adder_loop[4].FA full_adder_188                            6               41.290
    CSA_BLOCKS[3].RCA_C0/full_adder_loop[5].FA full_adder_187                            6               41.290
    CSA_BLOCKS[3].RCA_C0/full_adder_loop[6].FA full_adder_186                            6               43.792
    CSA_BLOCKS[3].RCA_C0/full_adder_loop[7].FA full_adder_185                            5               51.299
    CSA_BLOCKS[3].RCA_C0/full_adder_loop[8].FA full_adder_184                            5               60.058
    CSA_BLOCKS[3].RCA_C0/full_adder_loop[9].FA full_adder_183                            4               43.792
  CSA_BLOCKS[3].RCA_C1                       ripple_carry_adder_WIDTH10_3             57              429.162
    CSA_BLOCKS[3].RCA_C1/F1A                 full_adder_48                             2               12.512
    CSA_BLOCKS[3].RCA_C1/full_adder_loop[1].FA full_adder_182                            8               45.043
    CSA_BLOCKS[3].RCA_C1/full_adder_loop[2].FA full_adder_181                            5               40.038
    CSA_BLOCKS[3].RCA_C1/full_adder_loop[3].FA full_adder_180                            6               40.038
    CSA_BLOCKS[3].RCA_C1/full_adder_loop[4].FA full_adder_179                            6               43.792
    CSA_BLOCKS[3].RCA_C1/full_adder_loop[5].FA full_adder_178                            6               43.792
    CSA_BLOCKS[3].RCA_C1/full_adder_loop[6].FA full_adder_177                            6               51.299
    CSA_BLOCKS[3].RCA_C1/full_adder_loop[7].FA full_adder_176                            6               58.806
    CSA_BLOCKS[3].RCA_C1/full_adder_loop[8].FA full_adder_175                            6               52.550
    CSA_BLOCKS[3].RCA_C1/full_adder_loop[9].FA full_adder_174                            6               41.290
  RCA_LSB                                    ripple_carry_adder_WIDTH6                34              351.587
    RCA_LSB/F1A                              full_adder                                5               61.309
    RCA_LSB/full_adder_loop[1].FA            full_adder_224                            8               48.797
    RCA_LSB/full_adder_loop[2].FA            full_adder_223                            6               47.546
    RCA_LSB/full_adder_loop[3].FA            full_adder_222                            5               62.560
    RCA_LSB/full_adder_loop[4].FA            full_adder_221                            5               58.806
    RCA_LSB/full_adder_loop[5].FA            full_adder_220                            5               72.570
