============================================================
  Generated by:           Genus(TM) Synthesis Solution 23.12-s086_1
  Generated on:           Apr 07 2025  06:37:17 pm
  Module:                 carry_select_adder_66668_32bits
  Operating conditions:   tt_025C_1v80 
  Interconnect mode:      global
  Area mode:              physical library
============================================================

            Instance                         Module              Cell-Count  Cell-Area  Net-Area   Total-Area 
--------------------------------------------------------------------------------------------------------------
carry_select_adder_66668_32bits NA                                      575   3463.322  2808.975     6272.297 
  CSA_BLOCKS[1].RCA_C0          ripple_carry_adder_WIDTH6_5_235          43    243.984   137.055      381.039 
    F1A                         full_adder_26_232                         5     23.773    10.181       33.954 
    full_adder_loop[1].FA       full_adder_218                           11     51.299    37.157       88.456 
    full_adder_loop[2].FA       full_adder_217                            7     41.290    16.969       58.258 
    full_adder_loop[3].FA       full_adder_216                            7     43.792    16.969       60.761 
    full_adder_loop[4].FA       full_adder_215                            7     43.792    16.969       60.761 
    full_adder_loop[5].FA       full_adder_214                            6     40.038    13.575       53.613 
  CSA_BLOCKS[1].RCA_C1          ripple_carry_adder_WIDTH6_6_237          43    251.491   140.362      391.853 
    F1A                         full_adder_32_234                         4     22.522    10.094       32.616 
    full_adder_loop[1].FA       full_adder_213                           11     56.304    37.157       93.461 
    full_adder_loop[2].FA       full_adder_212                            7     41.290    16.969       58.258 
    full_adder_loop[3].FA       full_adder_211                            7     43.792    16.969       60.761 
    full_adder_loop[4].FA       full_adder_210                            7     43.792    16.969       60.761 
    full_adder_loop[5].FA       full_adder_209                            7     43.792    16.969       60.761 
  CSA_BLOCKS[2].RCA_C0          ripple_carry_adder_WIDTH6_5_236          44    245.235   147.062      392.297 
    F1A                         full_adder_26                             4     20.019    10.094       30.113 
    full_adder_loop[1].FA       full_adder_208                           10     47.546    33.763       81.309 
    full_adder_loop[2].FA       full_adder_207                            9     48.797    27.063       75.860 
    full_adder_loop[3].FA       full_adder_206                            7     41.290    16.969       58.258 
    full_adder_loop[4].FA       full_adder_205                            7     43.792    16.969       60.761 
    full_adder_loop[5].FA       full_adder_204                            7     43.792    16.969       60.761 
  CSA_BLOCKS[2].RCA_C1          ripple_carry_adder_WIDTH6_6_238          43    231.472   140.362      371.834 
    F1A                         full_adder_32                             4     20.019    10.094       30.113 
    full_adder_loop[1].FA       full_adder_203                           11     51.299    37.157       88.456 
    full_adder_loop[2].FA       full_adder_202                            7     38.787    16.969       55.756 
    full_adder_loop[3].FA       full_adder_201                            7     38.787    16.969       55.756 
    full_adder_loop[4].FA       full_adder_200                            7     38.787    16.969       55.756 
    full_adder_loop[5].FA       full_adder_199                            7     43.792    16.969       60.761 
  CSA_BLOCKS[3].RCA_C0          ripple_carry_adder_WIDTH6_5              46    243.984   153.850      397.834 
    F1A                         full_adder_26_231                         4     20.019    10.094       30.113 
    full_adder_loop[1].FA       full_adder_198                           10     47.546    30.457       78.002 
    full_adder_loop[2].FA       full_adder_197                           11     51.299    37.157       88.456 
    full_adder_loop[3].FA       full_adder_196                            7     38.787    16.969       55.756 
    full_adder_loop[4].FA       full_adder_195                            7     41.290    16.969       58.258 
    full_adder_loop[5].FA       full_adder_194                            7     45.043    16.969       62.012 
  CSA_BLOCKS[3].RCA_C1          ripple_carry_adder_WIDTH6_6              47    264.003   160.550      424.553 
    F1A                         full_adder_32_233                         4     20.019    10.094       30.113 
    full_adder_loop[1].FA       full_adder_193                           11     53.802    37.157       90.959 
    full_adder_loop[2].FA       full_adder_192                           11     57.555    37.157       94.712 
    full_adder_loop[3].FA       full_adder_191                            7     43.792    16.969       60.761 
    full_adder_loop[4].FA       full_adder_190                            7     43.792    16.969       60.761 
    full_adder_loop[5].FA       full_adder_189                            7     45.043    16.969       62.012 
  CSA_BLOCKS[4].RCA_C0          ripple_carry_adder_WIDTH8                46    300.288   150.543      450.831 
    F1A                         full_adder_6                              4     20.019    10.094       30.113 
    full_adder_loop[1].FA       full_adder_225                            6     38.787    13.575       52.362 
    full_adder_loop[2].FA       full_adder_224                            7     45.043    16.969       62.012 
    full_adder_loop[3].FA       full_adder_223                            6     35.034    13.575       48.609 
    full_adder_loop[4].FA       full_adder_222                            6     38.787    13.575       52.362 
    full_adder_loop[5].FA       full_adder_221                            5     41.290    13.575       54.865 
    full_adder_loop[6].FA       full_adder_220                            7     38.787    16.969       55.756 
    full_adder_loop[7].FA       full_adder_219                            5     42.541    16.882       59.422 
  CSA_BLOCKS[4].RCA_C1          ripple_carry_adder_WIDTH8_1              49    296.534   170.731      467.266 
    F1A                         full_adder_50                             4     20.019    10.094       30.113 
    full_adder_loop[1].FA       full_adder_188                           10     47.546    33.763       81.309 
    full_adder_loop[2].FA       full_adder_187                            6     35.034    13.575       48.609 
    full_adder_loop[3].FA       full_adder_186                            6     35.034    13.575       48.609 
    full_adder_loop[4].FA       full_adder_185                            5     37.536    13.575       51.111 
    full_adder_loop[5].FA       full_adder_184                            6     41.290    16.969       58.258 
    full_adder_loop[6].FA       full_adder_183                            7     43.792    16.969       60.761 
    full_adder_loop[7].FA       full_adder_182                            5     36.285    15.228       51.513 
  RCA_LSB                       ripple_carry_adder_WIDTH6                41    372.858   130.268      503.125 
    F1A                         full_adder                                5     47.546    10.181       57.727 
    full_adder_loop[1].FA       full_adder_230                            9     48.797    23.756       72.553 
    full_adder_loop[2].FA       full_adder_229                           11     77.574    37.157      114.732 
    full_adder_loop[3].FA       full_adder_228                            5     62.560    10.181       72.741 
    full_adder_loop[4].FA       full_adder_227                            5     66.314    10.181       76.495 
    full_adder_loop[5].FA       full_adder_226                            6     70.067    13.575       83.642 
