============================================================
  Generated by:           Genus(TM) Synthesis Solution 23.12-s086_1
  Generated on:           Apr 07 2025  06:37:17 pm
  Module:                 carry_select_adder_66668_32bits
  Operating conditions:   tt_025C_1v80 
  Interconnect mode:      global
  Area mode:              physical library
============================================================

Timing
-------
  Cost    Critical         Violating 
 Group   Path Slack  TNS     Paths   
-------------------------------------
default         0.0   0.0          0 
-------------------------------------
Total                 0.0          0 

Instance Count
--------------
Leaf Instance Count             575 
Physical Instance count           0 
Sequential Instance Count         0 
Combinational Instance Count    575 
Hierarchical Instance Count      67 

Area
----
Cell Area                          3463.322
Physical Cell Area                 0.000
Total Cell Area (Cell+Physical)    3463.322
Net Area                           2808.975
Total Area (Cell+Physical+Net)     6272.297

Max Fanout                         9 (n_393)
Min Fanout                         1 (C0[4])
Average Fanout                     1.6
Terms to net ratio                 2.4372
Terms to instance ratio            2.7339
Runtime                            26.516435 seconds
Elapsed Runtime                    28 seconds
Genus peak memory usage            1901.12 
Innovus peak memory usage          no_value 
Hostname                           cadmicro-inf-el8-623207
