============================================================
  Generated by:           Genus(TM) Synthesis Solution 23.12-s086_1
  Generated on:           Apr 07 2025  06:37:17 pm
  Module:                 carry_select_adder_66668_32bits
  Operating conditions:   tt_025C_1v80 
  Interconnect mode:      global
  Area mode:              physical library
============================================================


Path 1: MET (0 ps) Path Delay Check
     Startpoint: (F) A[13]
       Endpoint: (R) S[29]

                   Capture    Launch  
      Path Delay:+    1760         -  
      Drv Adjust:+       0         0  
         Arrival:=    1760            
                                      
   Required Time:=    1760            
       Data Path:-    1760            
           Slack:=       0            

Exceptions/Constraints:
  max_delay             1760            constraints.sdc_line_1 

#------------------------------------------------------------------------------------------------------------------------------------------------
#                      Timing Point                       Flags   Arc   Edge           Cell             Fanout Load Trans Delay Arrival Instance 
#                                                                                                              (fF)  (ps)  (ps)   (ps)  Location 
#------------------------------------------------------------------------------------------------------------------------------------------------
  A[13]                                                   -       -     F     (arrival)                      2  5.9  1000     0       0    (-,-) 
  g21300/X                                                -       A->X  F     sky130_fd_sc_hd__clkbuf_1      1  5.6    62   325     325    (-,-) 
  CSA_BLOCKS[2].RCA_C1/full_adder_loop[1].FA/g118/Y       -       A->Y  R     sky130_fd_sc_hd__inv_2         2  8.9    50    67     392    (-,-) 
  CSA_BLOCKS[2].RCA_C1/full_adder_loop[1].FA/g113__5115/Y -       A->Y  F     sky130_fd_sc_hd__nand2_1       1  3.5    52    50     442    (-,-) 
  CSA_BLOCKS[2].RCA_C1/full_adder_loop[1].FA/g111__6131/Y -       B->Y  R     sky130_fd_sc_hd__nand2_1       1  3.7    52    70     512    (-,-) 
  CSA_BLOCKS[2].RCA_C1/full_adder_loop[1].FA/g109__8246/Y -       A->Y  F     sky130_fd_sc_hd__nand2_1       2  6.2    54    64     576    (-,-) 
  CSA_BLOCKS[2].RCA_C1/full_adder_loop[2].FA/g83__9315/Y  -       A->Y  R     sky130_fd_sc_hd__nand2_1       1  3.7    55    63     639    (-,-) 
  CSA_BLOCKS[2].RCA_C1/full_adder_loop[2].FA/g81__4733/Y  -       A->Y  F     sky130_fd_sc_hd__nand2_1       2  6.2    70    65     704    (-,-) 
  CSA_BLOCKS[2].RCA_C1/full_adder_loop[3].FA/g83__6417/Y  -       A->Y  R     sky130_fd_sc_hd__nand2_1       1  3.7    53    70     774    (-,-) 
  CSA_BLOCKS[2].RCA_C1/full_adder_loop[3].FA/g81__1666/Y  -       A->Y  F     sky130_fd_sc_hd__nand2_1       2  6.2    54    64     839    (-,-) 
  CSA_BLOCKS[2].RCA_C1/full_adder_loop[4].FA/g83__8428/Y  -       A->Y  R     sky130_fd_sc_hd__nand2_1       1  3.7    53    63     902    (-,-) 
  CSA_BLOCKS[2].RCA_C1/full_adder_loop[4].FA/g81__6260/Y  -       A->Y  F     sky130_fd_sc_hd__nand2_1       2  8.2    67    75     977    (-,-) 
  CSA_BLOCKS[2].RCA_C1/full_adder_loop[5].FA/g18/Y        -       A->Y  R     sky130_fd_sc_hd__nand2_2       1  5.9    54    68    1045    (-,-) 
  CSA_BLOCKS[2].RCA_C1/full_adder_loop[5].FA/g17/Y        -       A->Y  F     sky130_fd_sc_hd__nand2_2       3 12.0    59    66    1111    (-,-) 
  g104/Y                                                  -       A->Y  R     sky130_fd_sc_hd__clkinv_1      1  3.7    32    51    1162    (-,-) 
  g21277/Y                                                -       A->Y  F     sky130_fd_sc_hd__nand2_1       1  3.6    37    44    1206    (-,-) 
  g21276/Y                                                -       A->Y  R     sky130_fd_sc_hd__nand2_1       1  5.9    71    70    1276    (-,-) 
  g21323/Y                                                -       A->Y  F     sky130_fd_sc_hd__nand2_2       2 18.7    84    91    1367    (-,-) 
  g18/Y                                                   -       B->Y  R     sky130_fd_sc_hd__nand2_4       9 27.7   101   122    1490    (-,-) 
  g21196__8428/Y                                          -       B->Y  F     sky130_fd_sc_hd__nand2_1       1  9.7    85   101    1591    (-,-) 
  g21160__1666/Y                                          -       B->Y  R     sky130_fd_sc_hd__nand2_4       1 51.3   165   169    1760    (-,-) 
  S[29]                                                   <<<     -     R     (port)                         -    -     -     0    1760    (-,-) 
#------------------------------------------------------------------------------------------------------------------------------------------------

