============================================================
  Generated by:           Genus(TM) Synthesis Solution 23.12-s086_1
  Generated on:           Apr 07 2025  05:06:39 pm
  Module:                 carry_increment_32bits
  Operating conditions:   tt_025C_1v80 
  Interconnect mode:      global
  Area mode:              physical library
============================================================

         Instance                      Module              Cell-Count  Cell-Area  Net-Area   Total-Area 
--------------------------------------------------------------------------------------------------------
carry_increment_32bits    NA                                      663   4402.973  3277.573     7680.545 
  RCA1                    ripple_carry_adder_WIDTH4                32    256.496   111.471      367.967 
    F1A                   full_adder                               10     78.826    35.417      114.242 
    full_adder_loop[1].FA full_adder_91                            10     62.560    33.763       96.323 
    full_adder_loop[2].FA full_adder_90                             6     56.304    13.575       69.879 
    full_adder_loop[3].FA full_adder_89                             6     58.806    13.575       72.381 
  RCAS[1].RCA2            ripple_carry_adder_WIDTH4_7_98           37    228.970   135.054      364.023 
    F1A                   full_adder_24_93                          3     22.522     3.394       25.915 
    full_adder_loop[1].FA full_adder_88                            11     67.565    37.157      104.722 
    full_adder_loop[2].FA full_adder_87                            13     75.072    45.598      120.670 
    full_adder_loop[3].FA full_adder_86                            10     63.811    28.803       92.615 
  RCAS[2].RCA2            ripple_carry_adder_WIDTH4_7_99           35    243.984   128.266      372.250 
    F1A                   full_adder_24_94                          4     27.526    10.094       37.621 
    full_adder_loop[1].FA full_adder_85                             9     82.579    27.063      109.642 
    full_adder_loop[2].FA full_adder_84                            12     67.565    42.204      109.769 
    full_adder_loop[3].FA full_adder_83                            10     66.314    28.803       95.117 
  RCAS[3].RCA2            ripple_carry_adder_WIDTH4_7_100          41    262.752   166.816      429.568 
    F1A                   full_adder_24_95                          4     27.526    10.094       37.621 
    full_adder_loop[1].FA full_adder_82                            14     98.845    53.952      152.797 
    full_adder_loop[2].FA full_adder_81                            11     71.318    38.810      110.129 
    full_adder_loop[3].FA full_adder_80                            12     65.062    42.204      107.267 
  RCAS[4].RCA2            ripple_carry_adder_WIDTH4_7_101          45    295.283   175.430      470.714 
    F1A                   full_adder_24_96                          5     32.531    13.488       46.019 
    full_adder_loop[1].FA full_adder_79                            15     93.840    54.039      147.879 
    full_adder_loop[2].FA full_adder_78                            12     75.072    42.204      117.276 
    full_adder_loop[3].FA full_adder_77                            13     93.840    43.945      137.785 
  RCAS[5].RCA2            ripple_carry_adder_WIDTH4_7_102          39    231.472   155.068      386.540 
    F1A                   full_adder_24_97                          5     27.526    13.488       41.014 
    full_adder_loop[1].FA full_adder_76                            10     55.053    33.763       88.816 
    full_adder_loop[2].FA full_adder_75                            12     75.072    45.511      120.583 
    full_adder_loop[3].FA full_adder_74                            12     73.821    42.204      116.025 
  RCAS[6].RCA2            ripple_carry_adder_WIDTH4_7_103          30    213.955   117.911      331.866 
    F1A                   full_adder_24                             4     18.768    10.094       28.862 
    full_adder_loop[1].FA full_adder_73                            10     62.560    33.763       96.323 
    full_adder_loop[2].FA full_adder_72                             9     57.555    30.370       87.925 
    full_adder_loop[3].FA full_adder_71                             7     75.072    23.582       98.654 
  RCAS[7].RCA2            ripple_carry_adder_WIDTH4_7              15    152.646    50.471      203.117 
    F1A                   full_adder_24_92                          3     27.526     3.394       30.920 
    full_adder_loop[1].FA full_adder_70                             6     48.797    21.842       70.639 
    full_adder_loop[2].FA full_adder_69                             4     41.290     6.787       48.077 
    full_adder_loop[3].FA full_adder_68                             2     35.034     0.000       35.034 
