============================================================
  Generated by:           Genus(TM) Synthesis Solution 23.12-s086_1
  Generated on:           Apr 07 2025  05:47:24 pm
  Module:                 carry_select_adder_8888_32bits
  Operating conditions:   tt_025C_1v80 
  Interconnect mode:      global
  Area mode:              physical library
============================================================

Timing
-------
  Cost    Critical            Violating 
 Group   Path Slack    TNS      Paths   
----------------------------------------
default       -16.9   -195.2         14 
----------------------------------------
Total                 -195.2         14 

Instance Count
--------------
Leaf Instance Count             528 
Physical Instance count           0 
Sequential Instance Count         0 
Combinational Instance Count    528 
Hierarchical Instance Count      63 

Area
----
Cell Area                          3902.493
Physical Cell Area                 0.000
Total Cell Area (Cell+Physical)    3902.493
Net Area                           2600.477
Total Area (Cell+Physical+Net)     6502.970

Max Fanout                         9 (n_290)
Min Fanout                         1 (C0[2])
Average Fanout                     1.5
Terms to net ratio                 2.4083
Terms to instance ratio            2.7595
Runtime                            31.520249 seconds
Elapsed Runtime                    33 seconds
Genus peak memory usage            1900.02 
Innovus peak memory usage          no_value 
Hostname                           cadmicro-inf-el8-623207
