============================================================
  Generated by:           Genus(TM) Synthesis Solution 23.12-s086_1
  Generated on:           Apr 07 2025  05:47:24 pm
  Module:                 carry_select_adder_8888_32bits
  Operating conditions:   tt_025C_1v80 
  Interconnect mode:      global
  Area mode:              physical library
============================================================

           Instance                         Module              Cell-Count  Cell-Area  Net-Area   Total-Area 
-------------------------------------------------------------------------------------------------------------
carry_select_adder_8888_32bits NA                                      528   3902.493  2600.477     6502.970 
  CSA_BLOCKS[1].RCA_C0         ripple_carry_adder_WIDTH8_5_231          63    451.683   211.369      663.052 
    F1A                        full_adder_24_228                         4     26.275    10.094       36.369 
    full_adder_loop[1].FA      full_adder_219                           11     72.570    37.157      109.727 
    full_adder_loop[2].FA      full_adder_218                           11     60.058    37.157       97.215 
    full_adder_loop[3].FA      full_adder_217                            9     60.058    23.756       83.814 
    full_adder_loop[4].FA      full_adder_216                            7     57.555    16.969       74.524 
    full_adder_loop[5].FA      full_adder_215                            7     57.555    16.969       74.524 
    full_adder_loop[6].FA      full_adder_214                            7     60.058    16.969       77.026 
    full_adder_loop[7].FA      full_adder_213                            7     57.555    16.969       74.524 
  CSA_BLOCKS[1].RCA_C1         ripple_carry_adder_WIDTH8_6_233          63    461.693   218.157      679.850 
    F1A                        full_adder_32_230                         4     22.522    10.094       32.616 
    full_adder_loop[1].FA      full_adder_212                           11     78.826    37.157      115.983 
    full_adder_loop[2].FA      full_adder_211                           11     70.067    37.157      107.224 
    full_adder_loop[3].FA      full_adder_210                            9     65.062    23.756       88.819 
    full_adder_loop[4].FA      full_adder_209                            7     57.555    16.969       74.524 
    full_adder_loop[5].FA      full_adder_208                            7     61.309    20.362       81.671 
    full_adder_loop[6].FA      full_adder_207                            7     55.053    16.969       72.022 
    full_adder_loop[7].FA      full_adder_206                            7     51.299    20.362       71.662 
  CSA_BLOCKS[2].RCA_C0         ripple_carry_adder_WIDTH8_5_232          51    360.346   174.212      534.558 
    F1A                        full_adder_24                             5     26.275    13.488       39.763 
    full_adder_loop[1].FA      full_adder_205                           10     50.048    33.763       83.811 
    full_adder_loop[2].FA      full_adder_204                            6     40.038    13.575       53.613 
    full_adder_loop[3].FA      full_adder_203                            6     40.038    13.575       53.613 
    full_adder_loop[4].FA      full_adder_202                            7     45.043    16.969       62.012 
    full_adder_loop[5].FA      full_adder_201                            5     47.546    13.575       61.121 
    full_adder_loop[6].FA      full_adder_200                            7     58.806    20.362       79.169 
    full_adder_loop[7].FA      full_adder_199                            5     52.550    13.575       66.125 
  CSA_BLOCKS[2].RCA_C1         ripple_carry_adder_WIDTH8_6_234          51    366.602   174.038      540.640 
    F1A                        full_adder_32                             4     23.773    10.094       33.867 
    full_adder_loop[1].FA      full_adder_198                           10     56.304    33.763       90.067 
    full_adder_loop[2].FA      full_adder_197                            7     41.290    16.969       58.258 
    full_adder_loop[3].FA      full_adder_196                            7     43.792    16.969       60.761 
    full_adder_loop[4].FA      full_adder_195                            5     50.048    10.181       60.229 
    full_adder_loop[5].FA      full_adder_194                            6     40.038    13.575       53.613 
    full_adder_loop[6].FA      full_adder_193                            5     47.546    13.575       61.121 
    full_adder_loop[7].FA      full_adder_192                            7     63.811    23.582       87.393 
  CSA_BLOCKS[3].RCA_C0         ripple_carry_adder_WIDTH8_5              41    334.070   136.968      471.038 
    F1A                        full_adder_24_227                         4     23.773    10.094       33.867 
    full_adder_loop[1].FA      full_adder_191                           10     53.802    33.763       87.565 
    full_adder_loop[2].FA      full_adder_190                            7     47.546    16.969       64.514 
    full_adder_loop[3].FA      full_adder_189                            6     46.294    13.575       59.869 
    full_adder_loop[4].FA      full_adder_188                            6     43.792    13.575       57.367 
    full_adder_loop[5].FA      full_adder_187                            6     51.299    16.969       68.268 
    full_adder_loop[6].FA      full_adder_186                            1     33.782     0.000       33.782 
    full_adder_loop[7].FA      full_adder_185                            1     33.782     0.000       33.782 
  CSA_BLOCKS[3].RCA_C1         ripple_carry_adder_WIDTH8_6              39    346.582   130.181      476.763 
    F1A                        full_adder_32_229                         4     20.019    10.094       30.113 
    full_adder_loop[1].FA      full_adder_184                           10     58.806    33.763       92.570 
    full_adder_loop[2].FA      full_adder_183                            6     48.797    15.228       64.025 
    full_adder_loop[3].FA      full_adder_182                            7     50.048    16.969       67.017 
    full_adder_loop[4].FA      full_adder_181                            5     56.304    13.575       69.879 
    full_adder_loop[5].FA      full_adder_180                            5     45.043    10.181       55.224 
    full_adder_loop[6].FA      full_adder_179                            1     33.782     0.000       33.782 
    full_adder_loop[7].FA      full_adder_178                            1     33.782     0.000       33.782 
  RCA_LSB                      ripple_carry_adder_WIDTH8                63    573.050   208.063      781.112 
    F1A                        full_adder                                8     60.058    20.362       80.420 
    full_adder_loop[1].FA      full_adder_226                           12     83.830    40.551      124.381 
    full_adder_loop[2].FA      full_adder_225                           10     73.821    30.457      104.277 
    full_adder_loop[3].FA      full_adder_224                            8     75.072    22.016       97.088 
    full_adder_loop[4].FA      full_adder_223                            6     67.565    13.575       81.140 
    full_adder_loop[5].FA      full_adder_222                            6     67.565    13.575       81.140 
    full_adder_loop[6].FA      full_adder_221                            6     70.067    13.575       83.642 
    full_adder_loop[7].FA      full_adder_220                            7     75.072    18.622       93.694 
