============================================================
  Generated by:           Genus(TM) Synthesis Solution 23.12-s086_1
  Generated on:           Apr 07 2025  05:47:24 pm
  Module:                 carry_select_adder_8888_32bits
  Operating conditions:   tt_025C_1v80 
  Interconnect mode:      global
  Area mode:              physical library
============================================================


Path 1: VIOLATED (-17 ps) Path Delay Check
     Startpoint: (F) A[1]
       Endpoint: (R) S[24]

                   Capture    Launch  
      Path Delay:+    1820         -  
      Drv Adjust:+       0         0  
         Arrival:=    1820            
                                      
   Required Time:=    1820            
       Data Path:-    1837            
           Slack:=     -17            

Exceptions/Constraints:
  max_delay             1820            constraints.sdc_line_1 

#-----------------------------------------------------------------------------------------------------------------------------------
#               Timing Point                 Flags   Arc   Edge           Cell             Fanout Load Trans Delay Arrival Instance 
#                                                                                                 (fF)  (ps)  (ps)   (ps)  Location 
#-----------------------------------------------------------------------------------------------------------------------------------
  A[1]                                       -       -     F     (arrival)                      1  3.3  1000     0       0    (-,-) 
  g5419/X                                    -       A->X  F     sky130_fd_sc_hd__clkbuf_1      1  6.1    64   328     328    (-,-) 
  RCA_LSB/full_adder_loop[1].FA/g4/Y         -       A->Y  R     sky130_fd_sc_hd__clkinv_2      2 11.1    49    67     395    (-,-) 
  RCA_LSB/full_adder_loop[1].FA/g154/Y       -       B->Y  F     sky130_fd_sc_hd__nand2_2       1  9.6    49    64     459    (-,-) 
  RCA_LSB/full_adder_loop[1].FA/g153/Y       -       A->Y  R     sky130_fd_sc_hd__nand2_4       1 10.1    52    61     520    (-,-) 
  RCA_LSB/full_adder_loop[1].FA/g26/Y        -       A->Y  F     sky130_fd_sc_hd__nand2_4       2 11.8    38    50     570    (-,-) 
  RCA_LSB/full_adder_loop[2].FA/g124__9945/Y -       A->Y  R     sky130_fd_sc_hd__nand2_4       1 10.1    52    56     627    (-,-) 
  RCA_LSB/full_adder_loop[2].FA/g122__6161/Y -       A->Y  F     sky130_fd_sc_hd__nand2_4       2 11.8    38    50     677    (-,-) 
  RCA_LSB/full_adder_loop[3].FA/g124__6417/Y -       A->Y  R     sky130_fd_sc_hd__nand2_4       1 10.1    52    56     734    (-,-) 
  RCA_LSB/full_adder_loop[3].FA/g122__7410/Y -       A->Y  F     sky130_fd_sc_hd__nand2_4       2 11.8    38    50     784    (-,-) 
  RCA_LSB/full_adder_loop[4].FA/g124__4319/Y -       A->Y  R     sky130_fd_sc_hd__nand2_4       1 10.1    52    56     840    (-,-) 
  RCA_LSB/full_adder_loop[4].FA/g122__6260/Y -       A->Y  F     sky130_fd_sc_hd__nand2_4       2 11.8    38    50     891    (-,-) 
  RCA_LSB/full_adder_loop[5].FA/g124__2802/Y -       A->Y  R     sky130_fd_sc_hd__nand2_4       1 10.1    52    56     947    (-,-) 
  RCA_LSB/full_adder_loop[5].FA/g122__3680/Y -       A->Y  F     sky130_fd_sc_hd__nand2_4       2 11.8    38    50     998    (-,-) 
  RCA_LSB/full_adder_loop[6].FA/g124__6131/Y -       A->Y  R     sky130_fd_sc_hd__nand2_4       1 10.1    52    56    1054    (-,-) 
  RCA_LSB/full_adder_loop[6].FA/g122__8246/Y -       A->Y  F     sky130_fd_sc_hd__nand2_4       2 11.8    38    50    1104    (-,-) 
  RCA_LSB/full_adder_loop[7].FA/g121__6161/Y -       A->Y  R     sky130_fd_sc_hd__nand2_4       1 10.1    52    56    1161    (-,-) 
  RCA_LSB/full_adder_loop[7].FA/g119__7482/Y -       A->Y  F     sky130_fd_sc_hd__nand2_4       6 27.9    69    75    1235    (-,-) 
  g59/Y                                      -       B->Y  R     sky130_fd_sc_hd__nand2_4       2 20.1    80   100    1336    (-,-) 
  g56/Y                                      -       B->Y  F     sky130_fd_sc_hd__nand3_4       2 22.4    97   108    1444    (-,-) 
  g18/Y                                      -       B->Y  R     sky130_fd_sc_hd__nand2_2       5 15.7   101   126    1570    (-,-) 
  g8148__8253/Y                              -       A->Y  F     sky130_fd_sc_hd__nand2_1       1  9.7    82    99    1669    (-,-) 
  g8133__5107/Y                              -       B->Y  R     sky130_fd_sc_hd__nand2_4       1 51.3   165   168    1836    (-,-) 
  S[24]                                      <<<     -     R     (port)                         -    -     -     0    1837    (-,-) 
#-----------------------------------------------------------------------------------------------------------------------------------

