###############################################################
#  Generated by:      Cadence Innovus 23.32-s091_1
#  OS:                Linux x86_64(Host ID cadmicro-inf-el8-623207)
#  Generated on:      Mon Apr  7 18:47:06 2025
#  Design:            carry_select_adder_66668_32bits
#  Command:           report_timing > reports/report_timing.rpt
###############################################################
Path 1: VIOLATED Path Delay Check
Endpoint:   S[24] (v)
Beginpoint: A[12] (v) triggered by  leading edge of '@'
Path Groups: {default}
Analysis View: default_emulate_view
- External Delay                0.000
+ Path Delay                    1.852
= Required Time                 1.852
- Arrival Time                  1.882
= Slack Time                   -0.030
     Clock Rise Edge                      0.000
     + Input Delay                        0.000
     = Beginpoint Arrival Time            0.000
     +---------------------------------------------------------------------------------------------------------------------------+ 
     |                      Instance                      |     Arc     |           Cell            | Delay | Arrival | Required | 
     |                                                    |             |                           |       |  Time   |   Time   | 
     |----------------------------------------------------+-------------+---------------------------+-------+---------+----------| 
     |                                                    | A[12] v     |                           |       |   0.000 |   -0.030 | 
     | CSA_BLOCKS[2].RCA_C0/F1A/g2                        | B v -> X v  | sky130_fd_sc_hd__and2_4   | 0.531 |   0.531 |    0.502 | 
     | CSA_BLOCKS[2].RCA_C0/full_adder_loop[1].FA/g123__8 | A v -> Y ^  | sky130_fd_sc_hd__nand2_2  | 0.065 |   0.597 |    0.567 | 
     | 246                                                |             |                           |       |         |          | 
     | CSA_BLOCKS[2].RCA_C0/full_adder_loop[1].FA/g121__1 | A ^ -> Y v  | sky130_fd_sc_hd__nand2_2  | 0.059 |   0.656 |    0.626 | 
     | 705                                                |             |                           |       |         |          | 
     | CSA_BLOCKS[2].RCA_C0/full_adder_loop[2].FA/g83__47 | A v -> Y ^  | sky130_fd_sc_hd__nand2_2  | 0.066 |   0.722 |    0.692 | 
     | 33                                                 |             |                           |       |         |          | 
     | CSA_BLOCKS[2].RCA_C0/full_adder_loop[2].FA/g81__51 | A ^ -> Y v  | sky130_fd_sc_hd__nand2_2  | 0.054 |   0.777 |    0.747 | 
     | 15                                                 |             |                           |       |         |          | 
     | CSA_BLOCKS[2].RCA_C0/full_adder_loop[3].FA/g21     | A v -> Y ^  | sky130_fd_sc_hd__nand2_2  | 0.064 |   0.841 |    0.811 | 
     | CSA_BLOCKS[2].RCA_C0/full_adder_loop[3].FA/g20     | A ^ -> Y v  | sky130_fd_sc_hd__nand2_2  | 0.059 |   0.900 |    0.870 | 
     | CSA_BLOCKS[2].RCA_C0/full_adder_loop[4].FA/g61__62 | A v -> Y ^  | sky130_fd_sc_hd__nand2_2  | 0.065 |   0.965 |    0.935 | 
     | 60                                                 |             |                           |       |         |          | 
     | CSA_BLOCKS[2].RCA_C0/full_adder_loop[4].FA/g59__23 | A ^ -> Y v  | sky130_fd_sc_hd__nand2_2  | 0.064 |   1.029 |    0.999 | 
     | 98                                                 |             |                           |       |         |          | 
     | CSA_BLOCKS[2].RCA_C0/full_adder_loop[5].FA/g83__16 | A v -> Y ^  | sky130_fd_sc_hd__nand2_2  | 0.070 |   1.098 |    1.069 | 
     | 17                                                 |             |                           |       |         |          | 
     | CSA_BLOCKS[2].RCA_C0/full_adder_loop[5].FA/g81__67 | A ^ -> Y v  | sky130_fd_sc_hd__nand2_2  | 0.071 |   1.169 |    1.139 | 
     | 83                                                 |             |                           |       |         |          | 
     | g57                                                | A v -> Y ^  | sky130_fd_sc_hd__clkinv_2 | 0.059 |   1.228 |    1.198 | 
     | g56                                                | A ^ -> Y v  | sky130_fd_sc_hd__nand2_2  | 0.053 |   1.280 |    1.250 | 
     | g50                                                | A v -> Y ^  | sky130_fd_sc_hd__nand2_4  | 0.061 |   1.341 |    1.311 | 
     | g49                                                | A ^ -> Y v  | sky130_fd_sc_hd__nand3_4  | 0.087 |   1.428 |    1.398 | 
     | g6281                                              | A v -> Y ^  | sky130_fd_sc_hd__nand2_8  | 0.134 |   1.562 |    1.532 | 
     | g6184__2346                                        | B ^ -> Y v  | sky130_fd_sc_hd__nor2_1   | 0.069 |   1.631 |    1.601 | 
     | g6162__5107                                        | B1 v -> X v | sky130_fd_sc_hd__a21o_4   | 0.250 |   1.880 |    1.850 | 
     |                                                    | S[24] v     |                           | 0.002 |   1.882 |    1.852 | 
     +---------------------------------------------------------------------------------------------------------------------------+ 

