###############################################################
#  Generated by:      Cadence Innovus 23.32-s091_1
#  OS:                Linux x86_64(Host ID cadmicro-inf-el8-623207)
#  Generated on:      Mon Apr  7 14:40:49 2025
#  Design:            ripple_carry_adder_8bits
#  Command:           report_timing > reports/report_timing.rpt
###############################################################
Path 1: VIOLATED Path Delay Check
Endpoint:   S[6] (^)
Beginpoint: A[0] (v) triggered by  leading edge of '@'
Path Groups: {default}
Analysis View: default_emulate_view
- External Delay                0.000
+ Path Delay                    1.409
= Required Time                 1.409
- Arrival Time                  1.410
= Slack Time                   -0.001
     Clock Rise Edge                      0.000
     + Input Delay                        0.000
     = Beginpoint Arrival Time            0.000
     +---------------------------------------------------------------------------------------------------------+ 
     |             Instance             |     Arc     |           Cell            | Delay | Arrival | Required | 
     |                                  |             |                           |       |  Time   |   Time   | 
     |----------------------------------+-------------+---------------------------+-------+---------+----------| 
     |                                  | A[0] v      |                           |       |   0.000 |   -0.001 | 
     | F1A/g196__6260                   | A v -> Y ^  | sky130_fd_sc_hd__nor2_8   | 0.333 |   0.333 |    0.332 | 
     | F1A/g192__209                    | A2 ^ -> Y v | sky130_fd_sc_hd__o21ai_2  | 0.093 |   0.426 |    0.425 | 
     | full_adder_loop[1].FA/g121__3680 | A v -> Y ^  | sky130_fd_sc_hd__nand2_2  | 0.062 |   0.488 |    0.487 | 
     | full_adder_loop[1].FA/g119__5526 | A ^ -> Y v  | sky130_fd_sc_hd__nand2_2  | 0.065 |   0.553 |    0.552 | 
     | full_adder_loop[2].FA/g121__8246 | A v -> Y ^  | sky130_fd_sc_hd__nand2_2  | 0.083 |   0.636 |    0.635 | 
     | full_adder_loop[2].FA/g119__1705 | A ^ -> Y v  | sky130_fd_sc_hd__nand2_4  | 0.058 |   0.694 |    0.693 | 
     | full_adder_loop[3].FA/g121__7482 | A v -> Y ^  | sky130_fd_sc_hd__nand2_4  | 0.065 |   0.759 |    0.758 | 
     | full_adder_loop[3].FA/g119__1881 | A ^ -> Y v  | sky130_fd_sc_hd__nand2_4  | 0.050 |   0.809 |    0.808 | 
     | full_adder_loop[4].FA/g121__2883 | A v -> Y ^  | sky130_fd_sc_hd__nand2_4  | 0.062 |   0.871 |    0.870 | 
     | full_adder_loop[4].FA/g119__9315 | A ^ -> Y v  | sky130_fd_sc_hd__nand2_4  | 0.056 |   0.928 |    0.927 | 
     | full_adder_loop[5].FA/g118__5477 | A v -> Y ^  | sky130_fd_sc_hd__nand2_4  | 0.066 |   0.993 |    0.992 | 
     | full_adder_loop[5].FA/g116__7410 | A ^ -> Y v  | sky130_fd_sc_hd__nand2_4  | 0.050 |   1.044 |    1.042 | 
     | FE_PSC0_carry_5                  | A v -> X v  | sky130_fd_sc_hd__clkbuf_2 | 0.123 |   1.166 |    1.165 | 
     | full_adder_loop[6].FA/g5         | A v -> Y ^  | sky130_fd_sc_hd__clkinv_2 | 0.046 |   1.212 |    1.211 | 
     | full_adder_loop[6].FA/g3         | A ^ -> Y v  | sky130_fd_sc_hd__nand2_2  | 0.052 |   1.264 |    1.263 | 
     | full_adder_loop[6].FA/g1         | A v -> Y ^  | sky130_fd_sc_hd__nand2_4  | 0.145 |   1.409 |    1.408 | 
     |                                  | S[6] ^      |                           | 0.001 |   1.410 |    1.409 | 
     +---------------------------------------------------------------------------------------------------------+ 

