###############################################################
#  Generated by:      Cadence Innovus 23.32-s091_1
#  OS:                Linux x86_64(Host ID cadmicro-inf-el8-623207)
#  Generated on:      Mon Apr  7 16:36:12 2025
#  Design:            signal_32bits
#  Command:           report_timing > reports/report_timing.rpt
###############################################################
Path 1: VIOLATED Path Delay Check
Endpoint:   S[26] (v)
Beginpoint: A[5]  (v) triggered by  leading edge of '@'
Path Groups: {default}
Analysis View: default_emulate_view
- External Delay                0.000
+ Path Delay                    1.180
= Required Time                 1.180
- Arrival Time                  1.310
= Slack Time                   -0.130
     Clock Rise Edge                      0.000
     + Input Delay                        0.000
     = Beginpoint Arrival Time            0.000
     +----------------------------------------------------------------------------------------+ 
     |    Instance     |     Arc     |           Cell            | Delay | Arrival | Required | 
     |                 |             |                           |       |  Time   |   Time   | 
     |-----------------+-------------+---------------------------+-------+---------+----------| 
     |                 | A[5] v      |                           |       |   0.000 |   -0.130 | 
     | g5141           | A2 v -> X v | sky130_fd_sc_hd__o21a_1   | 0.524 |   0.524 |    0.394 | 
     | g4495           | A v -> Y ^  | sky130_fd_sc_hd__nand4_2  | 0.084 |   0.608 |    0.477 | 
     | g4494           | A ^ -> Y v  | sky130_fd_sc_hd__inv_2    | 0.051 |   0.659 |    0.528 | 
     | g4674           | B v -> Y ^  | sky130_fd_sc_hd__nand3_4  | 0.072 |   0.731 |    0.600 | 
     | g55             | A ^ -> Y v  | sky130_fd_sc_hd__nand2_4  | 0.055 |   0.786 |    0.656 | 
     | FE_DBTC1_n_2452 | A v -> Y ^  | sky130_fd_sc_hd__clkinv_4 | 0.064 |   0.850 |    0.720 | 
     | g5096           | A ^ -> Y v  | sky130_fd_sc_hd__nand2_4  | 0.092 |   0.942 |    0.811 | 
     | g3691           | A v -> Y ^  | sky130_fd_sc_hd__nand2_1  | 0.108 |   1.050 |    0.919 | 
     | g3860           | A ^ -> Y v  | sky130_fd_sc_hd__nand2_1  | 0.070 |   1.120 |    0.990 | 
     | g3859           | A v -> Y ^  | sky130_fd_sc_hd__nand2_2  | 0.074 |   1.194 |    1.064 | 
     | g3174           | A ^ -> Y v  | sky130_fd_sc_hd__nand2_4  | 0.115 |   1.309 |    1.179 | 
     |                 | S[26] v     |                           | 0.001 |   1.310 |    1.180 | 
     +----------------------------------------------------------------------------------------+ 

