============================================================
  Generated by:           Genus(TM) Synthesis Solution 23.12-s086_1
  Generated on:           Apr 07 2025  05:16:31 pm
  Module:                 carry_skip4_32bits
  Operating conditions:   tt_025C_1v80 
  Interconnect mode:      global
  Area mode:              physical library
============================================================

Timing
-------
  Cost    Critical         Violating 
 Group   Path Slack  TNS     Paths   
-------------------------------------
default         0.0   0.0          0 
-------------------------------------
Total                 0.0          0 

Instance Count
--------------
Leaf Instance Count             386 
Physical Instance count           0 
Sequential Instance Count         0 
Combinational Instance Count    386 
Hierarchical Instance Count      40 

Area
----
Cell Area                          2453.603
Physical Cell Area                 0.000
Total Cell Area (Cell+Physical)    2453.603
Net Area                           1920.772
Total Area (Cell+Physical+Net)     4374.375

Max Fanout                         4 (n_0)
Min Fanout                         1 (Cout)
Average Fanout                     1.5
Terms to net ratio                 2.3237
Terms to instance ratio            2.7150
Runtime                            15.655045000000001 seconds
Elapsed Runtime                    17 seconds
Genus peak memory usage            1893.85 
Innovus peak memory usage          no_value 
Hostname                           cadmicro-inf-el8-623207
