============================================================
  Generated by:           Genus(TM) Synthesis Solution 23.12-s086_1
  Generated on:           Apr 07 2025  05:16:31 pm
  Module:                 carry_skip4_32bits
  Operating conditions:   tt_025C_1v80 
  Interconnect mode:      global
  Area mode:              physical library
============================================================


Path 1: MET (0 ps) Path Delay Check
     Startpoint: (F) B[0]
       Endpoint: (F) Cout

                   Capture    Launch  
      Path Delay:+    4930         -  
      Drv Adjust:+       0         0  
         Arrival:=    4930            
                                      
   Required Time:=    4930            
       Data Path:-    4930            
           Slack:=       0            

Exceptions/Constraints:
  max_delay             4930            constraints.sdc_line_1 

#-----------------------------------------------------------------------------------------------------------------------------
#            Timing Point              Flags   Arc   Edge           Cell             Fanout Load Trans Delay Arrival Instance 
#                                                                                           (fF)  (ps)  (ps)   (ps)  Location 
#-----------------------------------------------------------------------------------------------------------------------------
  B[0]                                 -       -     F     (arrival)                      1  8.0  1000     0       0    (-,-) 
  g15/X                                -       A->X  F     sky130_fd_sc_hd__buf_8         4 20.7    56   425     425    (-,-) 
  CSKIP1/FA1/g194__6260/Y              -       A->Y  R     sky130_fd_sc_hd__nor2_4        1  6.0    72   105     530    (-,-) 
  CSKIP1/FA1/g191__2398/Y              -       A2->Y F     sky130_fd_sc_hd__o21ai_2       2  7.8    49    65     595    (-,-) 
  CSKIP1/FA2/g124__3680/Y              -       A->Y  R     sky130_fd_sc_hd__nand2_2       1  5.9    51    60     655    (-,-) 
  CSKIP1/FA2/g122__5526/Y              -       A->Y  F     sky130_fd_sc_hd__nand2_2       2  7.8    44    54     709    (-,-) 
  CSKIP1/FA3/g124__7098/Y              -       A->Y  R     sky130_fd_sc_hd__nand2_2       1  5.9    51    58     767    (-,-) 
  CSKIP1/FA3/g122__5122/Y              -       A->Y  F     sky130_fd_sc_hd__nand2_2       2  7.8    44    54     821    (-,-) 
  CSKIP1/FA4/g124__6161/Y              -       A->Y  R     sky130_fd_sc_hd__nand2_2       1  5.9    54    58     878    (-,-) 
  CSKIP1/FA4/g122__7482/Y              -       A->Y  F     sky130_fd_sc_hd__nand2_2       1  6.1    38    50     928    (-,-) 
  CSKIP1/g74/Y                         -       A->Y  R     sky130_fd_sc_hd__clkinv_2      1 10.1    44    53     981    (-,-) 
  CSKIP1/g183__2346/Y                  -       A->Y  F     sky130_fd_sc_hd__nand2_4       3 10.6    40    46    1027    (-,-) 
  skip_loop[1].CSKIP2/FA1/g124__8428/Y -       A->Y  R     sky130_fd_sc_hd__nand2_2       1  5.9    52    56    1083    (-,-) 
  skip_loop[1].CSKIP2/FA1/g122__6260/Y -       A->Y  F     sky130_fd_sc_hd__nand2_2       2  7.8    44    54    1138    (-,-) 
  skip_loop[1].CSKIP2/FA2/g124__1705/Y -       A->Y  R     sky130_fd_sc_hd__nand2_2       1  5.9    54    58    1195    (-,-) 
  skip_loop[1].CSKIP2/FA2/g122__1617/Y -       A->Y  F     sky130_fd_sc_hd__nand2_2       2  7.8    44    55    1250    (-,-) 
  skip_loop[1].CSKIP2/FA3/g124__5115/Y -       A->Y  R     sky130_fd_sc_hd__nand2_2       1  5.9    54    58    1308    (-,-) 
  skip_loop[1].CSKIP2/FA3/g122__6131/Y -       A->Y  F     sky130_fd_sc_hd__nand2_2       2  7.8    44    55    1362    (-,-) 
  skip_loop[1].CSKIP2/FA4/g124__2883/Y -       A->Y  R     sky130_fd_sc_hd__nand2_2       1  5.9    54    58    1420    (-,-) 
  skip_loop[1].CSKIP2/FA4/g122__9315/Y -       A->Y  F     sky130_fd_sc_hd__nand2_2       1  5.6    36    48    1468    (-,-) 
  skip_loop[1].CSKIP2/g74/Y            -       A->Y  R     sky130_fd_sc_hd__inv_2         1 10.1    53    60    1528    (-,-) 
  skip_loop[1].CSKIP2/g152__6417/Y     -       A->Y  F     sky130_fd_sc_hd__nand2_4       3 11.0    42    49    1577    (-,-) 
  skip_loop[2].CSKIP2/FA1/g124__3680/Y -       A->Y  R     sky130_fd_sc_hd__nand2_2       1  5.9    54    57    1634    (-,-) 
  skip_loop[2].CSKIP2/FA1/g122__5526/Y -       A->Y  F     sky130_fd_sc_hd__nand2_2       2  7.8    44    55    1689    (-,-) 
  skip_loop[2].CSKIP2/FA2/g124__7098/Y -       A->Y  R     sky130_fd_sc_hd__nand2_2       1  5.9    54    58    1747    (-,-) 
  skip_loop[2].CSKIP2/FA2/g122__5122/Y -       A->Y  F     sky130_fd_sc_hd__nand2_2       2  7.8    44    55    1802    (-,-) 
  skip_loop[2].CSKIP2/FA3/g124__6161/Y -       A->Y  R     sky130_fd_sc_hd__nand2_2       1  5.9    54    58    1859    (-,-) 
  skip_loop[2].CSKIP2/FA3/g122__7482/Y -       A->Y  F     sky130_fd_sc_hd__nand2_2       2  7.8    44    55    1914    (-,-) 
  skip_loop[2].CSKIP2/FA4/g124__7410/Y -       A->Y  R     sky130_fd_sc_hd__nand2_2       1  5.9    54    58    1972    (-,-) 
  skip_loop[2].CSKIP2/FA4/g122__2346/Y -       A->Y  F     sky130_fd_sc_hd__nand2_2       1  5.6    36    48    2020    (-,-) 
  skip_loop[2].CSKIP2/g74/Y            -       A->Y  R     sky130_fd_sc_hd__inv_2         1  5.9    35    47    2066    (-,-) 
  skip_loop[2].CSKIP2/g152__5107/Y     -       A->Y  F     sky130_fd_sc_hd__nand2_2       3 10.8    54    57    2123    (-,-) 
  skip_loop[3].CSKIP2/FA1/g124__1705/Y -       A->Y  R     sky130_fd_sc_hd__nand2_2       1  5.9    54    62    2186    (-,-) 
  skip_loop[3].CSKIP2/FA1/g122__1617/Y -       A->Y  F     sky130_fd_sc_hd__nand2_2       2  7.8    44    55    2240    (-,-) 
  skip_loop[3].CSKIP2/FA2/g124__5115/Y -       A->Y  R     sky130_fd_sc_hd__nand2_2       1  5.9    54    58    2298    (-,-) 
  skip_loop[3].CSKIP2/FA2/g122__6131/Y -       A->Y  F     sky130_fd_sc_hd__nand2_2       2  7.8    44    55    2352    (-,-) 
  skip_loop[3].CSKIP2/FA3/g124__2883/Y -       A->Y  R     sky130_fd_sc_hd__nand2_2       1  5.9    54    58    2410    (-,-) 
  skip_loop[3].CSKIP2/FA3/g122__9315/Y -       A->Y  F     sky130_fd_sc_hd__nand2_2       2  7.8    44    55    2465    (-,-) 
  skip_loop[3].CSKIP2/FA4/g124__2398/Y -       A->Y  R     sky130_fd_sc_hd__nand2_2       1  5.9    54    58    2522    (-,-) 
  skip_loop[3].CSKIP2/FA4/g122__6417/Y -       A->Y  F     sky130_fd_sc_hd__nand2_2       1  5.6    36    48    2571    (-,-) 
  skip_loop[3].CSKIP2/g74/Y            -       A->Y  R     sky130_fd_sc_hd__inv_2         1  5.9    35    47    2617    (-,-) 
  skip_loop[3].CSKIP2/g152__8428/Y     -       A->Y  F     sky130_fd_sc_hd__nand2_2       3 10.0    51    55    2672    (-,-) 
  skip_loop[4].CSKIP2/FA1/g124__7098/Y -       A->Y  R     sky130_fd_sc_hd__nand2_2       1  5.9    52    61    2733    (-,-) 
  skip_loop[4].CSKIP2/FA1/g122__5122/Y -       A->Y  F     sky130_fd_sc_hd__nand2_2       2  7.8    44    54    2787    (-,-) 
  skip_loop[4].CSKIP2/FA2/g124__6161/Y -       A->Y  R     sky130_fd_sc_hd__nand2_2       1  5.9    54    58    2845    (-,-) 
  skip_loop[4].CSKIP2/FA2/g122__7482/Y -       A->Y  F     sky130_fd_sc_hd__nand2_2       2  7.8    44    55    2900    (-,-) 
  skip_loop[4].CSKIP2/FA3/g124__7410/Y -       A->Y  R     sky130_fd_sc_hd__nand2_2       1  5.9    54    58    2958    (-,-) 
  skip_loop[4].CSKIP2/FA3/g122__2346/Y -       A->Y  F     sky130_fd_sc_hd__nand2_2       2  7.8    44    55    3012    (-,-) 
  skip_loop[4].CSKIP2/FA4/g124__4319/Y -       A->Y  R     sky130_fd_sc_hd__nand2_2       1  5.9    54    58    3070    (-,-) 
  skip_loop[4].CSKIP2/FA4/g122__5107/Y -       A->Y  F     sky130_fd_sc_hd__nand2_2       1  5.6    36    48    3119    (-,-) 
  skip_loop[4].CSKIP2/g74/Y            -       A->Y  R     sky130_fd_sc_hd__inv_2         1  5.9    35    47    3165    (-,-) 
  skip_loop[4].CSKIP2/g152__3680/Y     -       A->Y  F     sky130_fd_sc_hd__nand2_2       3 10.0    51    55    3220    (-,-) 
  skip_loop[5].CSKIP2/FA1/g124__1881/Y -       A->Y  R     sky130_fd_sc_hd__nand2_2       1  5.9    52    61    3281    (-,-) 
  skip_loop[5].CSKIP2/FA1/g122__6131/Y -       A->Y  F     sky130_fd_sc_hd__nand2_2       2  7.8    42    54    3335    (-,-) 
  skip_loop[5].CSKIP2/FA2/g124__9315/Y -       A->Y  R     sky130_fd_sc_hd__nand2_2       1  5.9    54    57    3393    (-,-) 
  skip_loop[5].CSKIP2/FA2/g122__6161/Y -       A->Y  F     sky130_fd_sc_hd__nand2_2       2  7.8    43    55    3447    (-,-) 
  skip_loop[5].CSKIP2/FA3/g124__7410/Y -       A->Y  R     sky130_fd_sc_hd__nand2_2       1  5.9    54    57    3505    (-,-) 
  skip_loop[5].CSKIP2/FA3/g122__1666/Y -       A->Y  F     sky130_fd_sc_hd__nand2_2       2  7.8    43    55    3559    (-,-) 
  skip_loop[5].CSKIP2/FA4/g124__6260/Y -       A->Y  R     sky130_fd_sc_hd__nand2_2       1  5.9    54    57    3617    (-,-) 
  skip_loop[5].CSKIP2/FA4/g122__5107/Y -       A->Y  F     sky130_fd_sc_hd__nand2_2       1  5.6    36    48    3665    (-,-) 
  skip_loop[5].CSKIP2/g74/Y            -       A->Y  R     sky130_fd_sc_hd__inv_2         1  5.9    35    47    3712    (-,-) 
  skip_loop[5].CSKIP2/g157__6783/Y     -       A->Y  F     sky130_fd_sc_hd__nand2_2       3 10.0    51    55    3767    (-,-) 
  skip_loop[6].CSKIP2/FA1/g124__1881/Y -       A->Y  R     sky130_fd_sc_hd__nand2_2       1  5.9    54    61    3828    (-,-) 
  skip_loop[6].CSKIP2/FA1/g122__7098/Y -       A->Y  F     sky130_fd_sc_hd__nand2_2       2  7.8    44    55    3882    (-,-) 
  skip_loop[6].CSKIP2/FA2/g124__9945/Y -       A->Y  R     sky130_fd_sc_hd__nand2_2       1  5.9    54    58    3940    (-,-) 
  skip_loop[6].CSKIP2/FA2/g122__6161/Y -       A->Y  F     sky130_fd_sc_hd__nand2_2       2  7.8    44    55    3995    (-,-) 
  skip_loop[6].CSKIP2/FA3/g124__5477/Y -       A->Y  R     sky130_fd_sc_hd__nand2_2       1  5.9    54    58    4053    (-,-) 
  skip_loop[6].CSKIP2/FA3/g122__7410/Y -       A->Y  F     sky130_fd_sc_hd__nand2_2       2  7.8    43    55    4107    (-,-) 
  skip_loop[6].CSKIP2/FA4/g124__5526/Y -       A->Y  R     sky130_fd_sc_hd__nand2_2       1  5.9    54    57    4165    (-,-) 
  skip_loop[6].CSKIP2/FA4/g122__4319/Y -       A->Y  F     sky130_fd_sc_hd__nand2_2       1  5.6    36    48    4213    (-,-) 
  skip_loop[6].CSKIP2/g174/Y           -       A->Y  R     sky130_fd_sc_hd__inv_2         1 10.1    53    60    4273    (-,-) 
  skip_loop[6].CSKIP2/g167__2802/Y     -       A->Y  F     sky130_fd_sc_hd__nand2_4       3 14.0    42    54    4327    (-,-) 
  skip_loop[7].CSKIP2/FA1/g124__4733/Y -       A->Y  R     sky130_fd_sc_hd__nand2_4       1 10.1    55    58    4386    (-,-) 
  skip_loop[7].CSKIP2/FA1/g122__5115/Y -       A->Y  F     sky130_fd_sc_hd__nand2_4       2  8.2    37    45    4431    (-,-) 
  skip_loop[7].CSKIP2/FA2/g124__1666/Y -       A->Y  R     sky130_fd_sc_hd__nand2_2       1  5.9    54    55    4486    (-,-) 
  skip_loop[7].CSKIP2/FA2/g122__2883/Y -       A->Y  F     sky130_fd_sc_hd__nand2_2       2  7.8    43    55    4541    (-,-) 
  skip_loop[7].CSKIP2/FA3/g127__8428/Y -       A->Y  R     sky130_fd_sc_hd__nand2_2       1 10.1    72    72    4613    (-,-) 
  skip_loop[7].CSKIP2/FA3/g123__2398/Y -       A->Y  F     sky130_fd_sc_hd__nand2_4       3 12.0    42    56    4669    (-,-) 
  skip_loop[7].CSKIP2/FA4/g127__5122/Y -       A->Y  R     sky130_fd_sc_hd__nand2_2       1  5.9    54    57    4726    (-,-) 
  skip_loop[7].CSKIP2/FA4/g123__1617/Y -       A->Y  F     sky130_fd_sc_hd__nand2_2       1 10.8    53    63    4789    (-,-) 
  skip_loop[7].CSKIP2/g79/Y            -       A->Y  R     sky130_fd_sc_hd__clkinv_4      1 18.7    44    62    4850    (-,-) 
  skip_loop[7].CSKIP2/g167__5115/Y     -       A->Y  F     sky130_fd_sc_hd__nand2_8       1 51.3    91    79    4930    (-,-) 
  Cout                                 -       -     F     (port)                         -    -     -     0    4930    (-,-) 
#-----------------------------------------------------------------------------------------------------------------------------

