============================================================
  Generated by:           Genus(TM) Synthesis Solution 23.12-s086_1
  Generated on:           Apr 07 2025  06:07:24 pm
  Module:                 carry_select_adder_46688_32bits
  Operating conditions:   tt_025C_1v80 
  Interconnect mode:      global
  Area mode:              physical library
============================================================

Timing
-------
  Cost    Critical         Violating 
 Group   Path Slack  TNS     Paths   
-------------------------------------
default         0.0   0.0          0 
-------------------------------------
Total                 0.0          0 

Instance Count
--------------
Leaf Instance Count             602 
Physical Instance count           0 
Sequential Instance Count         0 
Combinational Instance Count    602 
Hierarchical Instance Count      69 

Area
----
Cell Area                          3951.290
Physical Cell Area                 0.000
Total Cell Area (Cell+Physical)    3951.290
Net Area                           2918.880
Total Area (Cell+Physical+Net)     6870.170

Max Fanout                         18 (n_37)
Min Fanout                         1 (C0[2])
Average Fanout                     1.6
Terms to net ratio                 2.4339
Terms to instance ratio            2.7209
Runtime                            21.515588 seconds
Elapsed Runtime                    23 seconds
Genus peak memory usage            1900.88 
Innovus peak memory usage          no_value 
Hostname                           cadmicro-inf-el8-623207
