============================================================
  Generated by:           Genus(TM) Synthesis Solution 23.12-s086_1
  Generated on:           Apr 07 2025  06:07:24 pm
  Module:                 carry_select_adder_46688_32bits
  Operating conditions:   tt_025C_1v80 
  Interconnect mode:      global
  Area mode:              physical library
============================================================

            Instance                         Module              Cell-Count  Cell-Area  Net-Area   Total-Area 
--------------------------------------------------------------------------------------------------------------
carry_select_adder_46688_32bits NA                                      602   3951.290  2918.880     6870.170 
  CSA_BLOCKS[1].RCA_C0          ripple_carry_adder_WIDTH6                48    369.104   163.944      533.048 
    F1A                         full_adder_24_245                         4     28.778    10.094       38.872 
    full_adder_loop[1].FA       full_adder_239                           12     77.574    40.551      118.125 
    full_adder_loop[2].FA       full_adder_238                           11     76.323    37.157      113.480 
    full_adder_loop[3].FA       full_adder_237                            7     56.304    16.969       73.273 
    full_adder_loop[4].FA       full_adder_236                            7     65.062    16.969       82.031 
    full_adder_loop[5].FA       full_adder_235                            7     65.062    16.969       82.031 
  CSA_BLOCKS[1].RCA_C1          ripple_carry_adder_WIDTH6_3_250          47    342.829   160.550      503.379 
    F1A                         full_adder_52_246                         4     25.024    10.094       35.118 
    full_adder_loop[1].FA       full_adder_227                           10     70.067    33.763      103.831 
    full_adder_loop[2].FA       full_adder_226                           11     75.072    37.157      112.229 
    full_adder_loop[3].FA       full_adder_225                            8     60.058    20.362       80.420 
    full_adder_loop[4].FA       full_adder_224                            7     56.304    16.969       73.273 
    full_adder_loop[5].FA       full_adder_223                            7     56.304    16.969       73.273 
  CSA_BLOCKS[2].RCA_C0          ripple_carry_adder_WIDTH6_249            49    299.037   168.991      468.028 
    F1A                         full_adder_24                             4     25.024    10.094       35.118 
    full_adder_loop[1].FA       full_adder_222                           11     62.560    37.157       99.717 
    full_adder_loop[2].FA       full_adder_221                           11     57.555    37.157       94.712 
    full_adder_loop[3].FA       full_adder_220                            9     53.802    25.410       79.211 
    full_adder_loop[4].FA       full_adder_219                            7     50.048    16.969       67.017 
    full_adder_loop[5].FA       full_adder_218                            7     50.048    16.969       67.017 
  CSA_BLOCKS[2].RCA_C1          ripple_carry_adder_WIDTH6_3              47    360.346   163.944      524.289 
    F1A                         full_adder_52_247                         4     36.285    10.094       46.379 
    full_adder_loop[1].FA       full_adder_217                           11     70.067    37.157      107.224 
    full_adder_loop[2].FA       full_adder_216                           11     72.570    37.157      109.727 
    full_adder_loop[3].FA       full_adder_215                            7     60.058    16.969       77.026 
    full_adder_loop[4].FA       full_adder_214                            7     61.309    20.362       81.671 
    full_adder_loop[5].FA       full_adder_213                            7     60.058    16.969       77.026 
  CSA_BLOCKS[3].RCA_C0          ripple_carry_adder_WIDTH8                63    356.592   211.369      567.961 
    F1A                         full_adder_24_243                         4     20.019    10.094       30.113 
    full_adder_loop[1].FA       full_adder_234                           11     56.304    37.157       93.461 
    full_adder_loop[2].FA       full_adder_233                            9     46.294    23.756       70.051 
    full_adder_loop[3].FA       full_adder_232                            7     43.792    16.969       60.761 
    full_adder_loop[4].FA       full_adder_231                            7     43.792    16.969       60.761 
    full_adder_loop[5].FA       full_adder_230                            9     51.299    27.063       78.362 
    full_adder_loop[6].FA       full_adder_229                            9     51.299    27.063       78.362 
    full_adder_loop[7].FA       full_adder_228                            7     43.792    16.969       60.761 
  CSA_BLOCKS[3].RCA_C1          ripple_carry_adder_WIDTH8_3_252          64    365.350   211.456      576.807 
    F1A                         full_adder_52_248                         5     27.526    13.488       41.014 
    full_adder_loop[1].FA       full_adder_212                           13     67.565    43.945      111.509 
    full_adder_loop[2].FA       full_adder_211                           10     52.550    30.457       83.007 
    full_adder_loop[3].FA       full_adder_210                            8     47.546    20.362       67.908 
    full_adder_loop[4].FA       full_adder_209                            7     43.792    16.969       60.761 
    full_adder_loop[5].FA       full_adder_208                            7     43.792    16.969       60.761 
    full_adder_loop[6].FA       full_adder_207                            7     43.792    16.969       60.761 
    full_adder_loop[7].FA       full_adder_206                            7     38.787    16.969       55.756 
  CSA_BLOCKS[4].RCA_C0          ripple_carry_adder_WIDTH8_251            50    305.293   170.731      476.024 
    F1A                         full_adder_24_244                         4     22.522    10.094       32.616 
    full_adder_loop[1].FA       full_adder_205                           10     52.550    33.763       86.314 
    full_adder_loop[2].FA       full_adder_204                            6     37.536    13.575       51.111 
    full_adder_loop[3].FA       full_adder_203                            6     40.038    13.575       53.613 
    full_adder_loop[4].FA       full_adder_202                            6     37.536    13.575       51.111 
    full_adder_loop[5].FA       full_adder_201                            5     40.038    13.575       53.613 
    full_adder_loop[6].FA       full_adder_200                            7     38.787    16.969       55.756 
    full_adder_loop[7].FA       full_adder_199                            6     36.285    18.622       54.907 
  CSA_BLOCKS[4].RCA_C1          ripple_carry_adder_WIDTH8_3              45    312.800   148.803      461.603 
    F1A                         full_adder_52                             4     22.522    10.094       32.616 
    full_adder_loop[1].FA       full_adder_198                           10     52.550    33.763       86.314 
    full_adder_loop[2].FA       full_adder_197                            6     43.792    13.575       57.367 
    full_adder_loop[3].FA       full_adder_196                            6     40.038    13.575       53.613 
    full_adder_loop[4].FA       full_adder_195                            6     43.792    13.575       57.367 
    full_adder_loop[5].FA       full_adder_194                            6     37.536    13.575       51.111 
    full_adder_loop[6].FA       full_adder_193                            6     38.787    16.969       55.756 
    full_adder_loop[7].FA       full_adder_192                            1     33.782     0.000       33.782 
  RCA_LSB                       ripple_carry_adder_WIDTH4                22    200.192    69.354      269.546 
    F1A                         full_adder                                7     48.797    20.275       69.072 
    full_adder_loop[1].FA       full_adder_242                            5     40.038    10.181       50.220 
    full_adder_loop[2].FA       full_adder_241                            5     43.792    13.575       57.367 
    full_adder_loop[3].FA       full_adder_240                            5     67.565    10.181       77.746 
