============================================================
  Generated by:           Genus(TM) Synthesis Solution 23.12-s086_1
  Generated on:           Apr 07 2025  06:07:24 pm
  Module:                 carry_select_adder_46688_32bits
  Operating conditions:   tt_025C_1v80 
  Interconnect mode:      global
  Area mode:              physical library
============================================================


Path 1: MET (0 ps) Path Delay Check
     Startpoint: (F) B[17]
       Endpoint: (R) Cout

                   Capture    Launch  
      Path Delay:+    1790         -  
      Drv Adjust:+       0         0  
         Arrival:=    1790            
                                      
   Required Time:=    1790            
       Data Path:-    1790            
           Slack:=       0            

Exceptions/Constraints:
  max_delay             1790            constraints.sdc_line_1 

#------------------------------------------------------------------------------------------------------------------------------------------------
#                      Timing Point                       Flags   Arc   Edge           Cell             Fanout Load Trans Delay Arrival Instance 
#                                                                                                              (fF)  (ps)  (ps)   (ps)  Location 
#------------------------------------------------------------------------------------------------------------------------------------------------
  B[17]                                                   -       -     F     (arrival)                      2  5.9  1000     0       0    (-,-) 
  g10066/X                                                -       A->X  F     sky130_fd_sc_hd__clkbuf_1      1  6.1    64   328     328    (-,-) 
  CSA_BLOCKS[3].RCA_C1/full_adder_loop[1].FA/g44/Y        -       A->Y  R     sky130_fd_sc_hd__clkinv_2      2 11.1    49    67     395    (-,-) 
  CSA_BLOCKS[3].RCA_C1/full_adder_loop[1].FA/g40/Y        -       B->Y  F     sky130_fd_sc_hd__nand2_2       1  5.5    38    52     447    (-,-) 
  CSA_BLOCKS[3].RCA_C1/full_adder_loop[1].FA/g38/Y        -       B->Y  R     sky130_fd_sc_hd__nand2_2       1  5.9    51    64     512    (-,-) 
  CSA_BLOCKS[3].RCA_C1/full_adder_loop[1].FA/g179__6783/Y -       A->Y  F     sky130_fd_sc_hd__nand2_2       2  8.2    45    55     567    (-,-) 
  CSA_BLOCKS[3].RCA_C1/full_adder_loop[2].FA/g118__6131/Y -       A->Y  R     sky130_fd_sc_hd__nand2_2       1  5.9    51    58     625    (-,-) 
  CSA_BLOCKS[3].RCA_C1/full_adder_loop[2].FA/g116__8246/Y -       A->Y  F     sky130_fd_sc_hd__nand2_2       2  8.2    46    55     680    (-,-) 
  CSA_BLOCKS[3].RCA_C1/full_adder_loop[3].FA/g118__9315/Y -       A->Y  R     sky130_fd_sc_hd__nand2_2       1  5.9    52    59     739    (-,-) 
  CSA_BLOCKS[3].RCA_C1/full_adder_loop[3].FA/g116__4733/Y -       A->Y  F     sky130_fd_sc_hd__nand2_2       2  8.2    46    55     794    (-,-) 
  CSA_BLOCKS[3].RCA_C1/full_adder_loop[4].FA/g119__6417/Y -       A->Y  R     sky130_fd_sc_hd__nand2_2       1  5.9    52    59     853    (-,-) 
  CSA_BLOCKS[3].RCA_C1/full_adder_loop[4].FA/g117__1666/Y -       A->Y  F     sky130_fd_sc_hd__nand2_2       2  8.2    45    55     908    (-,-) 
  CSA_BLOCKS[3].RCA_C1/full_adder_loop[5].FA/g96__8428/Y  -       A->Y  R     sky130_fd_sc_hd__nand2_2       1  5.9    52    58     966    (-,-) 
  CSA_BLOCKS[3].RCA_C1/full_adder_loop[5].FA/g94__6260/Y  -       A->Y  F     sky130_fd_sc_hd__nand2_2       2  8.2    45    55    1022    (-,-) 
  CSA_BLOCKS[3].RCA_C1/full_adder_loop[6].FA/g118__1705/Y -       A->Y  R     sky130_fd_sc_hd__nand2_2       1  5.9    54    59    1080    (-,-) 
  CSA_BLOCKS[3].RCA_C1/full_adder_loop[6].FA/g116__1617/Y -       A->Y  F     sky130_fd_sc_hd__nand2_2       2  6.2    38    50    1130    (-,-) 
  CSA_BLOCKS[3].RCA_C1/full_adder_loop[7].FA/g119__5115/Y -       A->Y  R     sky130_fd_sc_hd__nand2_1       1  3.7    53    57    1187    (-,-) 
  CSA_BLOCKS[3].RCA_C1/full_adder_loop[7].FA/g117__6131/Y -       A->Y  F     sky130_fd_sc_hd__nand2_1       1  9.6    77    82    1269    (-,-) 
  g102/Y                                                  -       A->Y  R     sky130_fd_sc_hd__nand2_4       1 19.4    78    93    1362    (-,-) 
  g9983__5477/Y                                           -       B->Y  F     sky130_fd_sc_hd__nand2_8      18 55.4    89    96    1458    (-,-) 
  g9974__4733/Y                                           -       B->Y  R     sky130_fd_sc_hd__nor2_1        1  6.1   134   139    1596    (-,-) 
  g9965__2802/X                                           -       B1->X R     sky130_fd_sc_hd__a21o_4        1 51.3   148   193    1790    (-,-) 
  Cout                                                    -       -     R     (port)                         -    -     -     0    1790    (-,-) 
#------------------------------------------------------------------------------------------------------------------------------------------------

