============================================================
  Generated by:           Genus(TM) Synthesis Solution 23.12-s086_1
  Generated on:           Apr 07 2025  07:18:58 pm
  Module:                 carry_select_adder_661010_32bits
  Operating conditions:   tt_025C_1v80 
  Interconnect mode:      global
  Area mode:              physical library
============================================================

Timing
-------
  Cost    Critical         Violating 
 Group   Path Slack  TNS     Paths   
-------------------------------------
default         1.5   0.0          0 
-------------------------------------
Total                 0.0          0 

Instance Count
--------------
Leaf Instance Count             100 
Physical Instance count           0 
Sequential Instance Count         0 
Combinational Instance Count    100 
Hierarchical Instance Count      65 

Area
----
Cell Area                          1594.029
Physical Cell Area                 0.000
Total Cell Area (Cell+Physical)    1594.029
Net Area                           890.379
Total Area (Cell+Physical+Net)     2484.408

Max Fanout                         11 (n_2)
Min Fanout                         1 (C0[1])
Average Fanout                     1.4
Terms to net ratio                 1.9589
Terms to instance ratio            4.2900
Runtime                            13.663747 seconds
Elapsed Runtime                    15 seconds
Genus peak memory usage            1891.74 
Innovus peak memory usage          no_value 
Hostname                           cadmicro-inf-el8-623207
