============================================================
  Generated by:           Genus(TM) Synthesis Solution 23.12-s086_1
  Generated on:           Apr 07 2025  07:06:33 pm
  Module:                 carry_select_adder_461012_32bits
  Operating conditions:   tt_025C_1v80 
  Interconnect mode:      global
  Area mode:              physical library
============================================================

            Instance                        Module             Cell-Count  Cell-Area  Net-Area   Total-Area 
------------------------------------------------------------------------------------------------------------
carry_select_adder_461012_32bits NA                                   133   1735.414  1045.099     2780.513 
  CSA_BLOCKS[1].RCA_C0           ripple_carry_adder_WIDTH6              6    112.608    16.969      129.577 
    F1A                          full_adder_4                           1     12.512     0.000       12.512 
    full_adder_loop[1].FA        full_adder_227                         1     20.019     0.000       20.019 
    full_adder_loop[2].FA        full_adder_226                         1     20.019     0.000       20.019 
    full_adder_loop[3].FA        full_adder_225                         1     20.019     0.000       20.019 
    full_adder_loop[4].FA        full_adder_224                         1     20.019     0.000       20.019 
    full_adder_loop[5].FA        full_adder_223                         1     20.019     0.000       20.019 
  CSA_BLOCKS[1].RCA_C1           ripple_carry_adder_WIDTH6_1            7    115.110    16.969      132.079 
    F1A                          full_adder_48_233                      2     15.014     0.000       15.014 
    full_adder_loop[1].FA        full_adder_202                         1     20.019     0.000       20.019 
    full_adder_loop[2].FA        full_adder_201                         1     20.019     0.000       20.019 
    full_adder_loop[3].FA        full_adder_200                         1     20.019     0.000       20.019 
    full_adder_loop[4].FA        full_adder_199                         1     20.019     0.000       20.019 
    full_adder_loop[5].FA        full_adder_198                         1     20.019     0.000       20.019 
  CSA_BLOCKS[2].RCA_C0           ripple_carry_adder_WIDTH10            13    241.482    40.638      282.119 
    F1A                          full_adder_4_232                       4     20.019    10.094       30.113 
    full_adder_loop[1].FA        full_adder_222                         1     33.782     0.000       33.782 
    full_adder_loop[2].FA        full_adder_221                         1     33.782     0.000       33.782 
    full_adder_loop[3].FA        full_adder_220                         1     33.782     0.000       33.782 
    full_adder_loop[4].FA        full_adder_219                         1     20.019     0.000       20.019 
    full_adder_loop[5].FA        full_adder_218                         1     20.019     0.000       20.019 
    full_adder_loop[6].FA        full_adder_217                         1     20.019     0.000       20.019 
    full_adder_loop[7].FA        full_adder_216                         1     20.019     0.000       20.019 
    full_adder_loop[8].FA        full_adder_215                         1     20.019     0.000       20.019 
    full_adder_loop[9].FA        full_adder_214                         1     20.019     0.000       20.019 
  CSA_BLOCKS[2].RCA_C1           ripple_carry_adder_WIDTH10_1          18    246.486    62.480      308.966 
    F1A                          full_adder_48_234                      4     20.019    10.094       30.113 
    full_adder_loop[1].FA        full_adder_197                         6     38.787    20.188       58.976 
    full_adder_loop[2].FA        full_adder_196                         1     33.782     0.000       33.782 
    full_adder_loop[3].FA        full_adder_195                         1     33.782     0.000       33.782 
    full_adder_loop[4].FA        full_adder_194                         1     20.019     0.000       20.019 
    full_adder_loop[5].FA        full_adder_193                         1     20.019     0.000       20.019 
    full_adder_loop[6].FA        full_adder_192                         1     20.019     0.000       20.019 
    full_adder_loop[7].FA        full_adder_191                         1     20.019     0.000       20.019 
    full_adder_loop[8].FA        full_adder_190                         1     20.019     0.000       20.019 
    full_adder_loop[9].FA        full_adder_189                         1     20.019     0.000       20.019 
  CSA_BLOCKS[3].RCA_C0           ripple_carry_adder_WIDTH12            27    296.534    88.063      384.598 
    F1A                          full_adder_4_231                       4     20.019    10.094       30.113 
    full_adder_loop[10].FA       full_adder_204                         1     20.019     0.000       20.019 
    full_adder_loop[11].FA       full_adder_203                         1     20.019     0.000       20.019 
    full_adder_loop[1].FA        full_adder_213                         5     30.029    10.181       40.210 
    full_adder_loop[2].FA        full_adder_212                         5     48.797    13.575       62.372 
    full_adder_loop[3].FA        full_adder_211                         5     37.536    13.575       51.111 
    full_adder_loop[4].FA        full_adder_210                         1     20.019     0.000       20.019 
    full_adder_loop[5].FA        full_adder_209                         1     20.019     0.000       20.019 
    full_adder_loop[6].FA        full_adder_208                         1     20.019     0.000       20.019 
    full_adder_loop[7].FA        full_adder_207                         1     20.019     0.000       20.019 
    full_adder_loop[8].FA        full_adder_206                         1     20.019     0.000       20.019 
    full_adder_loop[9].FA        full_adder_205                         1     20.019     0.000       20.019 
  CSA_BLOCKS[3].RCA_C1           ripple_carry_adder_WIDTH12_1          26    287.776    82.929      370.705 
    F1A                          full_adder_48                          4     20.019    10.094       30.113 
    full_adder_loop[10].FA       full_adder_179                         1     20.019     0.000       20.019 
    full_adder_loop[11].FA       full_adder_178                         1     20.019     0.000       20.019 
    full_adder_loop[1].FA        full_adder_188                         5     32.531    10.181       42.712 
    full_adder_loop[2].FA        full_adder_187                         5     40.038    11.835       51.873 
    full_adder_loop[3].FA        full_adder_186                         4     32.531    10.181       42.712 
    full_adder_loop[4].FA        full_adder_185                         1     20.019     0.000       20.019 
    full_adder_loop[5].FA        full_adder_184                         1     20.019     0.000       20.019 
    full_adder_loop[6].FA        full_adder_183                         1     22.522     0.000       22.522 
    full_adder_loop[7].FA        full_adder_182                         1     20.019     0.000       20.019 
    full_adder_loop[8].FA        full_adder_181                         1     20.019     0.000       20.019 
    full_adder_loop[9].FA        full_adder_180                         1     20.019     0.000       20.019 
  RCA_LSB                        ripple_carry_adder_WIDTH4              4     80.077    10.181       90.258 
    F1A                          full_adder                             1     20.019     0.000       20.019 
    full_adder_loop[1].FA        full_adder_230                         1     20.019     0.000       20.019 
    full_adder_loop[2].FA        full_adder_229                         1     20.019     0.000       20.019 
    full_adder_loop[3].FA        full_adder_228                         1     20.019     0.000       20.019 
