============================================================
  Generated by:           Genus(TM) Synthesis Solution 23.12-s086_1
  Generated on:           Apr 07 2025  07:06:33 pm
  Module:                 carry_select_adder_461012_32bits
  Operating conditions:   tt_025C_1v80 
  Interconnect mode:      global
  Area mode:              physical library
============================================================

Timing
-------
  Cost    Critical         Violating 
 Group   Path Slack  TNS     Paths   
-------------------------------------
default         0.9   0.0          0 
-------------------------------------
Total                 0.0          0 

Instance Count
--------------
Leaf Instance Count             133 
Physical Instance count           0 
Sequential Instance Count         0 
Combinational Instance Count    133 
Hierarchical Instance Count      67 

Area
----
Cell Area                          1735.414
Physical Cell Area                 0.000
Total Cell Area (Cell+Physical)    1735.414
Net Area                           1045.099
Total Area (Cell+Physical+Net)     2780.513

Max Fanout                         13 (n_1)
Min Fanout                         1 (C0[1])
Average Fanout                     1.5
Terms to net ratio                 2.0924
Terms to instance ratio            3.9173
Runtime                            13.649383 seconds
Elapsed Runtime                    15 seconds
Genus peak memory usage            1890.66 
Innovus peak memory usage          no_value 
Hostname                           cadmicro-inf-el8-623207
