============================================================
  Generated by:           Genus(TM) Synthesis Solution 23.12-s086_1
  Generated on:           Apr 07 2025  07:06:33 pm
  Module:                 carry_select_adder_461012_32bits
  Operating conditions:   tt_025C_1v80 
  Interconnect mode:      global
  Area mode:              physical library
============================================================


Path 1: MET (1 ps) Path Delay Check
     Startpoint: (F) A[20]
       Endpoint: (F) S[31]

                   Capture    Launch  
      Path Delay:+    4500         -  
      Drv Adjust:+       0         0  
         Arrival:=    4500            
                                      
   Required Time:=    4500            
       Data Path:-    4499            
           Slack:=       1            

Exceptions/Constraints:
  max_delay             4500            constraints.sdc_line_1 

#--------------------------------------------------------------------------------------------------------------------------------------------------------
#                       Timing Point                         Flags     Arc     Edge            Cell             Fanout Load Trans Delay Arrival Instance 
#                                                                                                                      (fF)  (ps)  (ps)   (ps)  Location 
#--------------------------------------------------------------------------------------------------------------------------------------------------------
  A[20]                                                      -       -         F     (arrival)                       2  7.7  1000     0       0    (-,-) 
  CSA_BLOCKS[3].RCA_C1/F1A/g44/Y                             -       A->Y      R     sky130_fd_sc_hd__clkinv_1       2  9.0   221   277     277    (-,-) 
  CSA_BLOCKS[3].RCA_C1/F1A/g40__2883/Y                       -       A->Y      F     sky130_fd_sc_hd__nand2_1        2  8.1    95   122     399    (-,-) 
  CSA_BLOCKS[3].RCA_C1/full_adder_loop[1].FA/g3/Y            -       B1->Y     R     sky130_fd_sc_hd__o21ai_1        1  5.9   292   119     518    (-,-) 
  CSA_BLOCKS[3].RCA_C1/full_adder_loop[1].FA/g99/Y           -       A->Y      F     sky130_fd_sc_hd__nand2_2        1  5.6    76    85     602    (-,-) 
  CSA_BLOCKS[3].RCA_C1/full_adder_loop[2].FA/g64/Y           -       A->Y      R     sky130_fd_sc_hd__inv_2          2 11.2    61    81     683    (-,-) 
  CSA_BLOCKS[3].RCA_C1/full_adder_loop[2].FA/g60__6260/Y     -       B2->Y     F     sky130_fd_sc_hd__o2bb2ai_2      2  7.7    73    65     748    (-,-) 
  CSA_BLOCKS[3].RCA_C1/full_adder_loop[3].FA/g59__1617/Y     -       B1->Y     R     sky130_fd_sc_hd__o21ai_0        1  3.8   299    91     839    (-,-) 
  CSA_BLOCKS[3].RCA_C1/full_adder_loop[3].FA/g57__6783/Y     -       B->Y      F     sky130_fd_sc_hd__nand2b_1       1  5.8    86   119     957    (-,-) 
  CSA_BLOCKS[3].RCA_C1/full_adder_loop[4].FA/g57__1705/COUT  -       CIN->COUT F     sky130_fd_sc_hd__fa_1           1  5.8    96   392    1350    (-,-) 
  CSA_BLOCKS[3].RCA_C1/full_adder_loop[5].FA/g57__5122/COUT  -       CIN->COUT F     sky130_fd_sc_hd__fa_1           1  6.3    99   400    1750    (-,-) 
  CSA_BLOCKS[3].RCA_C1/full_adder_loop[6].FA/g57__8246/COUT  -       CIN->COUT F     sky130_fd_sc_hd__fa_2           1  5.8    81   355    2105    (-,-) 
  CSA_BLOCKS[3].RCA_C1/full_adder_loop[7].FA/g57__7098/COUT  -       CIN->COUT F     sky130_fd_sc_hd__fa_1           1  5.8    96   391    2496    (-,-) 
  CSA_BLOCKS[3].RCA_C1/full_adder_loop[8].FA/g57__6131/COUT  -       CIN->COUT F     sky130_fd_sc_hd__fa_1           1  5.8    96   396    2892    (-,-) 
  CSA_BLOCKS[3].RCA_C1/full_adder_loop[9].FA/g57__1881/COUT  -       CIN->COUT F     sky130_fd_sc_hd__fa_1           1  5.8    96   396    3288    (-,-) 
  CSA_BLOCKS[3].RCA_C1/full_adder_loop[10].FA/g57__5115/COUT -       CIN->COUT F     sky130_fd_sc_hd__fa_1           1  5.8    96   396    3685    (-,-) 
  CSA_BLOCKS[3].RCA_C1/full_adder_loop[11].FA/g57__7482/SUM  -       CIN->SUM  F     sky130_fd_sc_hd__fa_1           1  3.4    85   444    4128    (-,-) 
  g558__2883/X                                               -       A0->X     F     sky130_fd_sc_hd__mux2_4         1 51.3   115   370    4499    (-,-) 
  S[31]                                                      <<<     -         F     (port)                          -    -     -     0    4499    (-,-) 
#--------------------------------------------------------------------------------------------------------------------------------------------------------

