============================================================
  Generated by:           Genus(TM) Synthesis Solution 23.12-s086_1
  Generated on:           Apr 07 2025  07:27:34 pm
  Module:                 carry_select_adder_661010_32bits
  Operating conditions:   tt_025C_1v80 
  Interconnect mode:      global
  Area mode:              physical library
============================================================

Timing
-------
  Cost    Critical         Violating 
 Group   Path Slack  TNS     Paths   
-------------------------------------
default         0.0   0.0          0 
-------------------------------------
Total                 0.0          0 

Instance Count
--------------
Leaf Instance Count             531 
Physical Instance count           0 
Sequential Instance Count         0 
Combinational Instance Count    531 
Hierarchical Instance Count      65 

Area
----
Cell Area                          3226.845
Physical Cell Area                 0.000
Total Cell Area (Cell+Physical)    3226.845
Net Area                           2641.811
Total Area (Cell+Physical+Net)     5868.656

Max Fanout                         12 (n_17)
Min Fanout                         1 (C0[1])
Average Fanout                     1.6
Terms to net ratio                 2.4281
Terms to instance ratio            2.7665
Runtime                            16.537639000000002 seconds
Elapsed Runtime                    18 seconds
Genus peak memory usage            1892.96 
Innovus peak memory usage          no_value 
Hostname                           cadmicro-inf-el8-623207
