============================================================
  Generated by:           Genus(TM) Synthesis Solution 23.12-s086_1
  Generated on:           Apr 07 2025  07:27:34 pm
  Module:                 carry_select_adder_661010_32bits
  Operating conditions:   tt_025C_1v80 
  Interconnect mode:      global
  Area mode:              physical library
============================================================

            Instance                          Module               Cell-Count  Cell-Area  Net-Area   Total-Area 
----------------------------------------------------------------------------------------------------------------
carry_select_adder_661010_32bits NA                                       531   3226.845  2641.811     5868.656 
  CSA_BLOCKS[1].RCA_C0           ripple_carry_adder_WIDTH6_1               34    216.458   116.693      333.150 
    F1A                          full_adder_16                              1     15.014     0.000       15.014 
    full_adder_loop[1].FA        full_adder_210                            10     47.546    33.763       81.309 
    full_adder_loop[2].FA        full_adder_209                             7     41.290    16.969       58.258 
    full_adder_loop[3].FA        full_adder_208                             6     35.034    13.575       48.609 
    full_adder_loop[4].FA        full_adder_207                             5     37.536    13.575       51.111 
    full_adder_loop[5].FA        full_adder_206                             5     40.038    13.575       53.613 
  CSA_BLOCKS[1].RCA_C1           ripple_carry_adder_WIDTH6_2               39    217.709   130.181      347.889 
    F1A                          full_adder_22                              4     20.019    10.094       30.113 
    full_adder_loop[1].FA        full_adder_205                            10     47.546    33.763       81.309 
    full_adder_loop[2].FA        full_adder_204                             8     42.541    20.362       62.903 
    full_adder_loop[3].FA        full_adder_203                             6     35.034    13.575       48.609 
    full_adder_loop[4].FA        full_adder_202                             6     35.034    13.575       48.609 
    full_adder_loop[5].FA        full_adder_201                             5     37.536    13.575       51.111 
  CSA_BLOCKS[2].RCA_C0           ripple_carry_adder_WIDTH10                81    464.195   278.896      743.091 
    F1A                          full_adder_38_225                          4     22.522    10.094       32.616 
    full_adder_loop[1].FA        full_adder_219                            11     56.304    37.157       93.461 
    full_adder_loop[2].FA        full_adder_218                            11     56.304    37.157       93.461 
    full_adder_loop[3].FA        full_adder_217                             7     43.792    16.969       60.761 
    full_adder_loop[4].FA        full_adder_216                             7     43.792    16.969       60.761 
    full_adder_loop[5].FA        full_adder_215                             9     51.299    27.063       78.362 
    full_adder_loop[6].FA        full_adder_214                             8     47.546    22.016       69.561 
    full_adder_loop[7].FA        full_adder_213                             7     43.792    16.969       60.761 
    full_adder_loop[8].FA        full_adder_212                             9     51.299    27.063       78.362 
    full_adder_loop[9].FA        full_adder_211                             8     47.546    22.016       69.561 
  CSA_BLOCKS[2].RCA_C1           ripple_carry_adder_WIDTH10_3_228          80    471.702   272.196      743.898 
    F1A                          full_adder_48_226                          4     25.024    10.094       35.118 
    full_adder_loop[1].FA        full_adder_200                            11     61.309    37.157       98.466 
    full_adder_loop[2].FA        full_adder_199                            11     57.555    37.157       94.712 
    full_adder_loop[3].FA        full_adder_198                             8     47.546    20.362       67.908 
    full_adder_loop[4].FA        full_adder_197                             8     48.797    22.016       70.813 
    full_adder_loop[5].FA        full_adder_196                             7     43.792    16.969       60.761 
    full_adder_loop[6].FA        full_adder_195                             8     47.546    22.016       69.561 
    full_adder_loop[7].FA        full_adder_194                             9     52.550    27.063       79.613 
    full_adder_loop[8].FA        full_adder_193                             7     43.792    16.969       60.761 
    full_adder_loop[9].FA        full_adder_192                             7     43.792    16.969       60.761 
  CSA_BLOCKS[3].RCA_C0           ripple_carry_adder_WIDTH10_227            65    404.138   221.463      625.601 
    F1A                          full_adder_38                              4     22.522    10.094       32.616 
    full_adder_loop[1].FA        full_adder_191                            10     50.048    33.763       83.811 
    full_adder_loop[2].FA        full_adder_190                            10     50.048    33.763       83.811 
    full_adder_loop[3].FA        full_adder_189                             6     37.536    13.575       51.111 
    full_adder_loop[4].FA        full_adder_188                             6     40.038    13.575       53.613 
    full_adder_loop[5].FA        full_adder_187                             6     40.038    13.575       53.613 
    full_adder_loop[6].FA        full_adder_186                             6     40.038    13.575       53.613 
    full_adder_loop[7].FA        full_adder_185                             6     40.038    13.575       53.613 
    full_adder_loop[8].FA        full_adder_184                             5     42.541    13.575       56.116 
    full_adder_loop[9].FA        full_adder_183                             6     41.290    16.969       58.258 
  CSA_BLOCKS[3].RCA_C1           ripple_carry_adder_WIDTH10_3              58    376.611   194.488      571.099 
    F1A                          full_adder_48                              4     23.773    10.094       33.867 
    full_adder_loop[1].FA        full_adder_182                            10     50.048    33.763       83.811 
    full_adder_loop[2].FA        full_adder_181                             6     37.536    13.575       51.111 
    full_adder_loop[3].FA        full_adder_180                             6     37.536    13.575       51.111 
    full_adder_loop[4].FA        full_adder_179                             6     37.536    13.575       51.111 
    full_adder_loop[5].FA        full_adder_178                             6     37.536    13.575       51.111 
    full_adder_loop[6].FA        full_adder_177                             6     37.536    13.575       51.111 
    full_adder_loop[7].FA        full_adder_176                             5     40.038    13.575       53.613 
    full_adder_loop[8].FA        full_adder_175                             5     42.541    13.575       56.116 
    full_adder_loop[9].FA        full_adder_174                             4     32.531    10.181       42.712 
  RCA_LSB                        ripple_carry_adder_WIDTH6                 41    265.254   131.921      397.175 
    F1A                          full_adder                                 8     50.048    28.629       78.677 
    full_adder_loop[1].FA        full_adder_224                             9     48.797    23.756       72.553 
    full_adder_loop[2].FA        full_adder_223                             7     43.792    16.969       60.761 
    full_adder_loop[3].FA        full_adder_222                             6     40.038    13.575       53.613 
    full_adder_loop[4].FA        full_adder_221                             6     40.038    13.575       53.613 
    full_adder_loop[5].FA        full_adder_220                             5     42.541    10.181       52.722 
