============================================================
  Generated by:           Genus(TM) Synthesis Solution 23.12-s086_1
  Generated on:           Apr 07 2025  06:05:44 pm
  Module:                 carry_select_adder_46688_32bits
  Operating conditions:   tt_025C_1v80 
  Interconnect mode:      global
  Area mode:              physical library
============================================================


Path 1: VIOLATED (-10 ps) Path Delay Check
     Startpoint: (F) A[5]
       Endpoint: (R) S[24]

                   Capture    Launch  
      Path Delay:+    1740         -  
      Drv Adjust:+       0         0  
         Arrival:=    1740            
                                      
   Required Time:=    1740            
       Data Path:-    1750            
           Slack:=     -10            

Exceptions/Constraints:
  max_delay             1740            constraints.sdc_line_1 

#------------------------------------------------------------------------------------------------------------------------------------------------
#                      Timing Point                       Flags   Arc   Edge           Cell             Fanout Load Trans Delay Arrival Instance 
#                                                                                                              (fF)  (ps)  (ps)   (ps)  Location 
#------------------------------------------------------------------------------------------------------------------------------------------------
  A[5]                                                    -       -     F     (arrival)                      2  5.9  1000     0       0    (-,-) 
  g9905/X                                                 -       A->X  F     sky130_fd_sc_hd__clkbuf_1      1  6.1    64   328     328    (-,-) 
  CSA_BLOCKS[1].RCA_C1/full_adder_loop[1].FA/g188/Y       -       A->Y  R     sky130_fd_sc_hd__clkinv_2      2  8.9    42    61     390    (-,-) 
  CSA_BLOCKS[1].RCA_C1/full_adder_loop[1].FA/g183__1705/Y -       A->Y  F     sky130_fd_sc_hd__nand2_1       1  5.5    49    57     447    (-,-) 
  CSA_BLOCKS[1].RCA_C1/full_adder_loop[1].FA/g181__1617/Y -       B->Y  R     sky130_fd_sc_hd__nand2_2       1 10.1    72    84     531    (-,-) 
  CSA_BLOCKS[1].RCA_C1/full_adder_loop[1].FA/g179__6783/Y -       A->Y  F     sky130_fd_sc_hd__nand2_4       2 11.8    42    55     586    (-,-) 
  CSA_BLOCKS[1].RCA_C1/full_adder_loop[2].FA/g121__6131/Y -       A->Y  R     sky130_fd_sc_hd__nand2_4       1 10.1    52    58     644    (-,-) 
  CSA_BLOCKS[1].RCA_C1/full_adder_loop[2].FA/g119__8246/Y -       A->Y  F     sky130_fd_sc_hd__nand2_4       2 11.8    38    50     695    (-,-) 
  CSA_BLOCKS[1].RCA_C1/full_adder_loop[3].FA/g121__130/Y  -       A->Y  R     sky130_fd_sc_hd__nand2_4       1 10.1    52    56     751    (-,-) 
  CSA_BLOCKS[1].RCA_C1/full_adder_loop[3].FA/g119__4733/Y -       A->Y  F     sky130_fd_sc_hd__nand2_4       2 11.8    40    50     802    (-,-) 
  CSA_BLOCKS[1].RCA_C1/full_adder_loop[4].FA/g7/Y         -       A->Y  R     sky130_fd_sc_hd__nand2_4       1 10.1    52    57     859    (-,-) 
  CSA_BLOCKS[1].RCA_C1/full_adder_loop[4].FA/g119__1666/Y -       A->Y  F     sky130_fd_sc_hd__nand2_4       2 11.8    38    50     909    (-,-) 
  CSA_BLOCKS[1].RCA_C1/full_adder_loop[5].FA/g121__8428/Y -       A->Y  R     sky130_fd_sc_hd__nand2_4       1 10.1    52    56     966    (-,-) 
  CSA_BLOCKS[1].RCA_C1/full_adder_loop[5].FA/g119__6260/Y -       A->Y  F     sky130_fd_sc_hd__nand2_4       3 11.2    37    49    1015    (-,-) 
  fopt/Y                                                  -       A->Y  R     sky130_fd_sc_hd__inv_2         1  5.9    35    47    1062    (-,-) 
  g24/Y                                                   -       A->Y  F     sky130_fd_sc_hd__nand2_2       1  5.6    34    42    1104    (-,-) 
  g23/Y                                                   -       B->Y  R     sky130_fd_sc_hd__nand3_2       1 10.1    79    83    1187    (-,-) 
  g27/Y                                                   -       A->Y  F     sky130_fd_sc_hd__nand2_4       3 13.4    46    60    1247    (-,-) 
  g10119/Y                                                -       A->Y  R     sky130_fd_sc_hd__nand2_2       2 22.4   132   117    1364    (-,-) 
  g10122/Y                                                -       B->Y  F     sky130_fd_sc_hd__nand2_8      13 45.6    78    98    1462    (-,-) 
  g10045/Y                                                -       A->Y  R     sky130_fd_sc_hd__inv_2         2 11.1    61    81    1543    (-,-) 
  g10068/Y                                                -       A->Y  F     sky130_fd_sc_hd__nand2_2       1  9.6    50    62    1605    (-,-) 
  g10067/Y                                                -       A->Y  R     sky130_fd_sc_hd__nand2_4       1 51.3   165   144    1749    (-,-) 
  S[24]                                                   <<<     -     R     (port)                         -    -     -     0    1750    (-,-) 
#------------------------------------------------------------------------------------------------------------------------------------------------

