============================================================
  Generated by:           Genus(TM) Synthesis Solution 23.12-s086_1
  Generated on:           Apr 07 2025  03:17:58 pm
  Module:                 brent_kung_32bits
  Operating conditions:   tt_025C_1v80 
  Interconnect mode:      global
  Area mode:              physical library
============================================================

Timing
-------
  Cost    Critical         Violating 
 Group   Path Slack  TNS     Paths   
-------------------------------------
default         0.8   0.0          0 
-------------------------------------
Total                 0.0          0 

Instance Count
--------------
Leaf Instance Count             357 
Physical Instance count           0 
Sequential Instance Count         0 
Combinational Instance Count    357 
Hierarchical Instance Count     299 

Area
----
Cell Area                          2543.690
Physical Cell Area                 0.000
Total Cell Area (Cell+Physical)    2543.690
Net Area                           1987.689
Total Area (Cell+Physical+Net)     4531.379

Max Fanout                         28 (n_76)
Min Fanout                         1 (C[0])
Average Fanout                     1.8
Terms to net ratio                 2.5924
Terms to instance ratio            3.0644
Runtime                            14.888515 seconds
Elapsed Runtime                    15 seconds
Genus peak memory usage            1892.54 
Innovus peak memory usage          no_value 
Hostname                           cadmicro-inf-el8-623207
