###############################################################
#  Generated by:      Cadence Innovus 23.32-s091_1
#  OS:                Linux x86_64(Host ID cadmicro-inf-el8-623207)
#  Generated on:      Mon Apr  7 17:55:42 2025
#  Design:            carry_select_adder_8888_32bits
#  Command:           report_timing > reports/report_timing.rpt
###############################################################
Path 1: MET Path Delay Check
Endpoint:   S[31] (^)
Beginpoint: B[24] (v) triggered by  leading edge of '@'
Path Groups: {default}
Analysis View: default_emulate_view
- External Delay                0.000
+ Path Delay                    2.099
= Required Time                 2.099
- Arrival Time                  2.096
= Slack Time                    0.003
     Clock Rise Edge                      0.000
     + Input Delay                        0.000
     = Beginpoint Arrival Time            0.000
     +------------------------------------------------------------------------------------------------------------------------------+ 
     |                      Instance                      |      Arc       |           Cell            | Delay | Arrival | Required | 
     |                                                    |                |                           |       |  Time   |   Time   | 
     |----------------------------------------------------+----------------+---------------------------+-------+---------+----------| 
     |                                                    | B[24] v        |                           |       |   0.000 |    0.003 | 
     | g2522                                              | A v -> Y ^     | sky130_fd_sc_hd__clkinv_4 | 0.273 |   0.273 |    0.275 | 
     | CSA_BLOCKS[3].RCA_C0/F1A/g29__5477                 | A ^ -> Y v     | sky130_fd_sc_hd__nor2_1   | 0.100 |   0.373 |    0.375 | 
     | CSA_BLOCKS[3].RCA_C0/full_adder_loop[1].FA/g67__43 | A v -> Y ^     | sky130_fd_sc_hd__nand2_1  | 0.079 |   0.452 |    0.455 | 
     | 19                                                 |                |                           |       |         |          | 
     | CSA_BLOCKS[3].RCA_C0/full_adder_loop[1].FA/g65__51 | A ^ -> Y v     | sky130_fd_sc_hd__nand2_2  | 0.065 |   0.517 |    0.519 | 
     | 07                                                 |                |                           |       |         |          | 
     | CSA_BLOCKS[3].RCA_C0/full_adder_loop[2].FA/fopt69  | A v -> Y ^     | sky130_fd_sc_hd__inv_2    | 0.060 |   0.577 |    0.579 | 
     | CSA_BLOCKS[3].RCA_C0/full_adder_loop[2].FA/g25     | A2 ^ -> Y v    | sky130_fd_sc_hd__o21ai_2  | 0.052 |   0.629 |    0.631 | 
     | CSA_BLOCKS[3].RCA_C0/full_adder_loop[3].FA/g2      | A1 v -> X v    | sky130_fd_sc_hd__a21o_1   | 0.195 |   0.823 |    0.826 | 
     | CSA_BLOCKS[3].RCA_C0/full_adder_loop[4].FA/g2      | A1 v -> X v    | sky130_fd_sc_hd__a21o_1   | 0.193 |   1.017 |    1.020 | 
     | CSA_BLOCKS[3].RCA_C0/full_adder_loop[5].FA/g59__23 | B1 v -> Y ^    | sky130_fd_sc_hd__o21ai_2  | 0.058 |   1.075 |    1.078 | 
     | 46                                                 |                |                           |       |         |          | 
     | CSA_BLOCKS[3].RCA_C0/full_adder_loop[5].FA/g57__99 | B ^ -> Y v     | sky130_fd_sc_hd__nand2b_1 | 0.103 |   1.178 |    1.181 | 
     | 45                                                 |                |                           |       |         |          | 
     | CSA_BLOCKS[3].RCA_C0/full_adder_loop[6].FA/g57__74 | CI v -> COUT v | sky130_fd_sc_hd__fah_1    | 0.249 |   1.427 |    1.430 | 
     | 10                                                 |                |                           |       |         |          | 
     | CSA_BLOCKS[3].RCA_C0/full_adder_loop[7].FA/g2      | CI v -> SUM ^  | sky130_fd_sc_hd__fah_1    | 0.306 |   1.734 |    1.737 | 
     | g3012                                              | A ^ -> Y v     | sky130_fd_sc_hd__inv_1    | 0.043 |   1.776 |    1.779 | 
     | g2980__1705                                        | A v -> Y ^     | sky130_fd_sc_hd__nor2_1   | 0.122 |   1.899 |    1.901 | 
     | g2968__6417                                        | B1 ^ -> X ^    | sky130_fd_sc_hd__a21o_4   | 0.196 |   2.095 |    2.098 | 
     |                                                    | S[31] ^        |                           | 0.001 |   2.096 |    2.099 | 
     +------------------------------------------------------------------------------------------------------------------------------+ 

