
Power Net Detected:
        Voltage	    Name
             0V	    VGND
           1.8V	    VPWR
Using Power View: default_emulate_view.
Load RC corner of view default_emulate_view
Set Default Frequency 100MHz.

Begin Power Analysis

             0V	    VGND
           1.8V	    VPWR

Begin Processing Timing Library for Power Calculation

Ended Processing Timing Library for Power Calculation: (cpu=0:00:00, real=0:00:00, mem(process/total/peak)=2657.42MB/5065.46MB/2678.38MB)



Begin Processing Power Net/Grid for Power Calculation

Ended Processing Power Net/Grid for Power Calculation: (cpu=0:00:00, real=0:00:00, mem(process/total/peak)=2657.42MB/5065.46MB/2678.38MB)

Begin Processing Timing Window Data for Power Calculation

Ended Processing Timing Window Data for Power Calculation: (cpu=0:00:00, real=0:00:00, mem(process/total/peak)=2657.42MB/5065.46MB/2678.38MB)

Begin Processing User Attributes

Ended Processing User Attributes: (cpu=0:00:00, real=0:00:00, mem(process/total/peak)=2657.42MB/5065.46MB/2678.38MB)

Begin Processing Signal Activity


Starting Levelizing
2025-Apr-07 16:59:00 (2025-Apr-07 19:59:00 GMT)
2025-Apr-07 16:59:00 (2025-Apr-07 19:59:00 GMT): 10%
2025-Apr-07 16:59:00 (2025-Apr-07 19:59:00 GMT): 20%
2025-Apr-07 16:59:00 (2025-Apr-07 19:59:00 GMT): 30%
2025-Apr-07 16:59:00 (2025-Apr-07 19:59:00 GMT): 40%
2025-Apr-07 16:59:00 (2025-Apr-07 19:59:00 GMT): 50%
2025-Apr-07 16:59:00 (2025-Apr-07 19:59:00 GMT): 60%
2025-Apr-07 16:59:00 (2025-Apr-07 19:59:00 GMT): 70%
2025-Apr-07 16:59:00 (2025-Apr-07 19:59:00 GMT): 80%
2025-Apr-07 16:59:00 (2025-Apr-07 19:59:00 GMT): 90%

Finished Levelizing
2025-Apr-07 16:59:00 (2025-Apr-07 19:59:00 GMT)

Starting Activity Propagation
2025-Apr-07 16:59:00 (2025-Apr-07 19:59:00 GMT)
** INFO:  (VOLTUS_POWR-1356): No default input activity has been set. Defaulting to 0.2.
Use 'set_default_switching_activity -input_activity' command to change the default activity value.

2025-Apr-07 16:59:00 (2025-Apr-07 19:59:00 GMT): 10%
2025-Apr-07 16:59:00 (2025-Apr-07 19:59:00 GMT): 20%
2025-Apr-07 16:59:00 (2025-Apr-07 19:59:00 GMT): 30%

Finished Activity Propagation
2025-Apr-07 16:59:00 (2025-Apr-07 19:59:00 GMT)
Ended Processing Signal Activity: (cpu=0:00:00, real=0:00:00, mem(process/total/peak)=2657.42MB/5065.46MB/2678.38MB)

Begin Power Computation

      ----------------------------------------------------------
      # of cell(s) missing both power/leakage table: 0
      # of cell(s) missing power table: 0
      # of cell(s) missing leakage table: 0
      ----------------------------------------------------------



Starting Calculating power
2025-Apr-07 16:59:00 (2025-Apr-07 19:59:00 GMT)
 ... Calculating switching power
2025-Apr-07 16:59:00 (2025-Apr-07 19:59:00 GMT): 10%
2025-Apr-07 16:59:00 (2025-Apr-07 19:59:00 GMT): 20%
2025-Apr-07 16:59:00 (2025-Apr-07 19:59:00 GMT): 30%
2025-Apr-07 16:59:00 (2025-Apr-07 19:59:00 GMT): 40%
2025-Apr-07 16:59:00 (2025-Apr-07 19:59:00 GMT): 50%
 ... Calculating internal and leakage power
2025-Apr-07 16:59:00 (2025-Apr-07 19:59:00 GMT): 60%
2025-Apr-07 16:59:00 (2025-Apr-07 19:59:00 GMT): 70%
2025-Apr-07 16:59:00 (2025-Apr-07 19:59:00 GMT): 80%
2025-Apr-07 16:59:00 (2025-Apr-07 19:59:00 GMT): 90%

Finished Calculating power
2025-Apr-07 16:59:00 (2025-Apr-07 19:59:00 GMT)
      # of MSMV cell(s) missing power_level: 0
Ended Power Computation: (cpu=0:00:00, real=0:00:00, mem(process/total/peak)=2657.42MB/5065.46MB/2678.38MB)

Begin Processing User Attributes

Begin Processing set_power
Ended Processing set_power: (cpu=0:00:00, real=0:00:00,
mem(process/total/peak)=2658.86MB/5065.46MB/2678.38MB)
Ended Processing User Attributes: (cpu=0:00:00, real=0:00:00, mem(process/total/peak)=2658.86MB/5065.46MB/2678.38MB)

Ended Power Analysis: (cpu=0:00:00, real=0:00:00, mem(process/total/peak)=2658.86MB/5065.46MB/2678.38MB)

Begin Boundary Leakage Calculation
Ended Boundary Leakage Calculation: (cpu=0:00:00, real=0:00:00,
mem(process/total/peak)=2658.86MB/5065.46MB/2678.38MB)
Begin Static Power Report Generation
*----------------------------------------------------------------------------------------
*	Innovus 23.32-s091_1 (64bit) 07/30/2024 17:21 (Linux 3.10.0-693.el7.x86_64)
*	
*
* 	Date & Time:	2025-Apr-07 16:59:00 (2025-Apr-07 19:59:00 GMT)
*
*----------------------------------------------------------------------------------------
*
*	Design: carry_bypass8_32bits
*
*	Liberty Libraries used:
*	        default_emulate_view: /home/gme/guilherme.manske/sky130_workspace/libs.ref/sky130_fd_sc_hd/lib/sky130_fd_sc_hd__tt_025C_1v80.lib
*
*	Parasitic Files used:
*
*       Power View : default_emulate_view
*
*       User-Defined Activity : N.A.
*
*       Activity File: N.A.
*
*       Hierarchical Global Activity: N.A.
*
*       Global Activity: N.A.
*
*       Sequential Element Activity: 0.200000
*
*       Primary Input Activity: 0.200000
*
*       Default icg ratio: N.A.
*
*       Global Comb ClockGate Ratio: N.A.
*
*	Power Units = 1mW
*
*	Time Units = 1e-09 secs
*
*       report_power
*
-----------------------------------------------------------------------------------------
*



Total Power
-----------------------------------------------------------------------------------------
Total Internal Power:        0.08557751 	   27.9177%
Total Switching Power:       0.22095616 	   72.0820%
Total Leakage Power:         0.00000085 	    0.0003%
Total Power:                 0.30653452
-----------------------------------------------------------------------------------------


Group                           Internal   Switching     Leakage       Total  Percentage 
                                Power      Power         Power         Power  (%)        
-----------------------------------------------------------------------------------------
Sequential                             0           0           0           0           0
Macro                                  0           0           0           0           0
IO                                     0           0           0           0           0
Combinational                    0.08558       0.221   8.526e-07      0.3065         100
Clock (Combinational)                  0           0           0           0           0
Clock (Sequential)                     0           0           0           0           0
-----------------------------------------------------------------------------------------
Total                            0.08558       0.221   8.526e-07      0.3065         100
-----------------------------------------------------------------------------------------


Rail                  Voltage   Internal   Switching     Leakage       Total  Percentage 
                                Power      Power         Power         Power  (%)        
-----------------------------------------------------------------------------------------
VPWR                      1.8    0.08558       0.221   8.526e-07      0.3065         100
 
 
-----------------------------------------------------------------------------------------
*	Power Distribution Summary: 
*              Highest Average Power: bypass_loop[3].BPS2/FA1/g2 (sky130_fd_sc_hd__xor3_1):         0.007035
*              Highest Leakage Power: bypass_loop[3].BPS2/FA6/g2 (sky130_fd_sc_hd__xor3_2):        1.588e-08
*                Total Cap:      3.0588e-12 F
*                Total instances in design:   269
*                Total instances in design with no power:     0
*                Total instances in design with no activty:     0

*                Total Fillers and Decap:     0
-----------------------------------------------------------------------------------------
 
** INFO:  (VOLTUS_POWR-3465): There are 0 decaps and 0 fillers in the design

Ended Static Power Report Generation: (cpu=0:00:00, real=0:00:00,
mem(process/total/peak)=2658.86MB/5065.46MB/2678.38MB)

