###############################################################
#  Generated by:      Cadence Innovus 23.32-s091_1
#  OS:                Linux x86_64(Host ID cadmicro-inf-el8-623207)
#  Generated on:      Mon Apr  7 16:59:00 2025
#  Design:            carry_bypass8_32bits
#  Command:           report_timing > reports/report_timing.rpt
###############################################################
Path 1: MET Path Delay Check
Endpoint:   Cout (v)
Beginpoint: A[0] (v) triggered by  leading edge of '@'
Path Groups: {default}
Analysis View: default_emulate_view
- External Delay                0.000
+ Path Delay                    4.755
= Required Time                 4.755
- Arrival Time                  4.753
= Slack Time                    0.002
     Clock Rise Edge                      0.000
     + Input Delay                        0.000
     = Beginpoint Arrival Time            0.000
     +-----------------------------------------------------------------------------------------------------------+ 
     |              Instance              |     Arc     |           Cell            | Delay | Arrival | Required | 
     |                                    |             |                           |       |  Time   |   Time   | 
     |------------------------------------+-------------+---------------------------+-------+---------+----------| 
     |                                    | A[0] v      |                           |       |   0.000 |    0.002 | 
     | BPS1/FA1/g194__4319                | A v -> Y ^  | sky130_fd_sc_hd__nor2_4   | 0.338 |   0.338 |    0.339 | 
     | BPS1/FA1/g191__2398                | A2 ^ -> Y v | sky130_fd_sc_hd__o21ai_2  | 0.092 |   0.430 |    0.431 | 
     | BPS1/FA2/g124__3680                | A v -> Y ^  | sky130_fd_sc_hd__nand2_2  | 0.065 |   0.494 |    0.496 | 
     | BPS1/FA2/g122__5526                | A ^ -> Y v  | sky130_fd_sc_hd__nand2_2  | 0.051 |   0.545 |    0.547 | 
     | BPS1/FA3/g124__7098                | A v -> Y ^  | sky130_fd_sc_hd__nand2_2  | 0.065 |   0.610 |    0.611 | 
     | BPS1/FA3/g122__5122                | A ^ -> Y v  | sky130_fd_sc_hd__nand2_2  | 0.056 |   0.666 |    0.667 | 
     | BPS1/FA4/g124__6161                | A v -> Y ^  | sky130_fd_sc_hd__nand2_2  | 0.065 |   0.731 |    0.732 | 
     | BPS1/FA4/g122__7482                | A ^ -> Y v  | sky130_fd_sc_hd__nand2_2  | 0.054 |   0.785 |    0.787 | 
     | BPS1/FA5/g124__7410                | A v -> Y ^  | sky130_fd_sc_hd__nand2_2  | 0.065 |   0.850 |    0.852 | 
     | BPS1/FA5/g122__2346                | A ^ -> Y v  | sky130_fd_sc_hd__nand2_2  | 0.058 |   0.909 |    0.911 | 
     | BPS1/FA6/g124__4319                | A v -> Y ^  | sky130_fd_sc_hd__nand2_2  | 0.066 |   0.975 |    0.977 | 
     | BPS1/FA6/g122__5107                | A ^ -> Y v  | sky130_fd_sc_hd__nand2_2  | 0.058 |   1.033 |    1.035 | 
     | BPS1/FA7/g124__2802                | A v -> Y ^  | sky130_fd_sc_hd__nand2_2  | 0.070 |   1.104 |    1.105 | 
     | BPS1/FA7/g122__3680                | A ^ -> Y v  | sky130_fd_sc_hd__nand2_2  | 0.054 |   1.158 |    1.159 | 
     | BPS1/FA8/g124__1881                | A v -> Y ^  | sky130_fd_sc_hd__nand2_2  | 0.066 |   1.223 |    1.225 | 
     | BPS1/FA8/g122__7098                | A ^ -> Y v  | sky130_fd_sc_hd__nand2_2  | 0.047 |   1.270 |    1.272 | 
     | BPS1/g383__9315                    | A v -> Y ^  | sky130_fd_sc_hd__nand2_2  | 0.077 |   1.347 |    1.348 | 
     | BPS1/g382__6161                    | B ^ -> Y v  | sky130_fd_sc_hd__nand2b_4 | 0.065 |   1.412 |    1.414 | 
     | bypass_loop[1].BPS2/FA1/g124__3680 | A v -> Y ^  | sky130_fd_sc_hd__nand2_2  | 0.058 |   1.470 |    1.472 | 
     | bypass_loop[1].BPS2/FA1/g122__5526 | A ^ -> Y v  | sky130_fd_sc_hd__nand2_2  | 0.052 |   1.522 |    1.524 | 
     | bypass_loop[1].BPS2/FA2/g124__7098 | A v -> Y ^  | sky130_fd_sc_hd__nand2_2  | 0.064 |   1.586 |    1.588 | 
     | bypass_loop[1].BPS2/FA2/g122__5122 | A ^ -> Y v  | sky130_fd_sc_hd__nand2_2  | 0.053 |   1.639 |    1.641 | 
     | bypass_loop[1].BPS2/FA3/g124__6161 | A v -> Y ^  | sky130_fd_sc_hd__nand2_2  | 0.064 |   1.703 |    1.705 | 
     | bypass_loop[1].BPS2/FA3/g122__7482 | A ^ -> Y v  | sky130_fd_sc_hd__nand2_2  | 0.059 |   1.762 |    1.763 | 
     | bypass_loop[1].BPS2/FA4/g124__7410 | A v -> Y ^  | sky130_fd_sc_hd__nand2_2  | 0.067 |   1.829 |    1.830 | 
     | bypass_loop[1].BPS2/FA4/g122__2346 | A ^ -> Y v  | sky130_fd_sc_hd__nand2_2  | 0.059 |   1.888 |    1.889 | 
     | bypass_loop[1].BPS2/FA5/g124__4319 | A v -> Y ^  | sky130_fd_sc_hd__nand2_2  | 0.067 |   1.954 |    1.956 | 
     | bypass_loop[1].BPS2/FA5/g122__5107 | A ^ -> Y v  | sky130_fd_sc_hd__nand2_2  | 0.059 |   2.014 |    2.015 | 
     | bypass_loop[1].BPS2/FA6/g124__2802 | A v -> Y ^  | sky130_fd_sc_hd__nand2_2  | 0.069 |   2.083 |    2.084 | 
     | bypass_loop[1].BPS2/FA6/g122__3680 | A ^ -> Y v  | sky130_fd_sc_hd__nand2_2  | 0.058 |   2.140 |    2.142 | 
     | bypass_loop[1].BPS2/FA7/g124__1881 | A v -> Y ^  | sky130_fd_sc_hd__nand2_2  | 0.066 |   2.206 |    2.208 | 
     | bypass_loop[1].BPS2/FA7/g122__7098 | A ^ -> Y v  | sky130_fd_sc_hd__nand2_2  | 0.055 |   2.261 |    2.263 | 
     | bypass_loop[1].BPS2/FA8/g124__9945 | A v -> Y ^  | sky130_fd_sc_hd__nand2_2  | 0.064 |   2.325 |    2.327 | 
     | bypass_loop[1].BPS2/FA8/g122__6161 | A ^ -> Y v  | sky130_fd_sc_hd__nand2_2  | 0.047 |   2.372 |    2.374 | 
     | bypass_loop[1].BPS2/g393__6417     | A v -> Y ^  | sky130_fd_sc_hd__nand2_2  | 0.078 |   2.450 |    2.452 | 
     | bypass_loop[1].BPS2/g392__7410     | B ^ -> Y v  | sky130_fd_sc_hd__nand2b_4 | 0.063 |   2.514 |    2.515 | 
     | bypass_loop[2].BPS2/FA1/g124__7098 | A v -> Y ^  | sky130_fd_sc_hd__nand2_2  | 0.057 |   2.571 |    2.572 | 
     | bypass_loop[2].BPS2/FA1/g122__5122 | A ^ -> Y v  | sky130_fd_sc_hd__nand2_2  | 0.053 |   2.623 |    2.625 | 
     | bypass_loop[2].BPS2/FA2/g124__6161 | A v -> Y ^  | sky130_fd_sc_hd__nand2_2  | 0.063 |   2.687 |    2.689 | 
     | bypass_loop[2].BPS2/FA2/g122__7482 | A ^ -> Y v  | sky130_fd_sc_hd__nand2_2  | 0.059 |   2.745 |    2.747 | 
     | bypass_loop[2].BPS2/FA3/g124__7410 | A v -> Y ^  | sky130_fd_sc_hd__nand2_2  | 0.066 |   2.812 |    2.814 | 
     | bypass_loop[2].BPS2/FA3/g122__2346 | A ^ -> Y v  | sky130_fd_sc_hd__nand2_2  | 0.053 |   2.864 |    2.866 | 
     | bypass_loop[2].BPS2/FA4/g124__4319 | A v -> Y ^  | sky130_fd_sc_hd__nand2_2  | 0.063 |   2.928 |    2.930 | 
     | bypass_loop[2].BPS2/FA4/g122__5107 | A ^ -> Y v  | sky130_fd_sc_hd__nand2_2  | 0.053 |   2.981 |    2.983 | 
     | bypass_loop[2].BPS2/FA5/g124__1617 | A v -> Y ^  | sky130_fd_sc_hd__nand2_2  | 0.063 |   3.044 |    3.046 | 
     | bypass_loop[2].BPS2/FA5/g122__3680 | A ^ -> Y v  | sky130_fd_sc_hd__nand2_2  | 0.057 |   3.101 |    3.103 | 
     | bypass_loop[2].BPS2/FA6/g124__7098 | A v -> Y ^  | sky130_fd_sc_hd__nand2_2  | 0.066 |   3.167 |    3.168 | 
     | bypass_loop[2].BPS2/FA6/g122__8246 | A ^ -> Y v  | sky130_fd_sc_hd__nand2_2  | 0.056 |   3.223 |    3.225 | 
     | bypass_loop[2].BPS2/FA7/g124__4733 | A v -> Y ^  | sky130_fd_sc_hd__nand2_2  | 0.065 |   3.288 |    3.290 | 
     | bypass_loop[2].BPS2/FA7/g122__7482 | A ^ -> Y v  | sky130_fd_sc_hd__nand2_2  | 0.054 |   3.342 |    3.344 | 
     | bypass_loop[2].BPS2/FA8/g124__2346 | A v -> Y ^  | sky130_fd_sc_hd__nand2_2  | 0.065 |   3.407 |    3.409 | 
     | bypass_loop[2].BPS2/FA8/g122__2883 | A ^ -> Y v  | sky130_fd_sc_hd__nand2_2  | 0.045 |   3.452 |    3.454 | 
     | bypass_loop[2].BPS2/g393__2398     | A v -> Y ^  | sky130_fd_sc_hd__nand2_2  | 0.076 |   3.529 |    3.530 | 
     | bypass_loop[2].BPS2/g392__5477     | B ^ -> Y v  | sky130_fd_sc_hd__nand2b_4 | 0.058 |   3.587 |    3.589 | 
     | bypass_loop[3].BPS2/FA1/g124__1881 | A v -> Y ^  | sky130_fd_sc_hd__nand2_2  | 0.054 |   3.641 |    3.643 | 
     | bypass_loop[3].BPS2/FA1/g122__7098 | A ^ -> Y v  | sky130_fd_sc_hd__nand2_2  | 0.059 |   3.700 |    3.702 | 
     | bypass_loop[3].BPS2/FA2/g124__9945 | A v -> Y ^  | sky130_fd_sc_hd__nand2_2  | 0.067 |   3.767 |    3.769 | 
     | bypass_loop[3].BPS2/FA2/g122__6161 | A ^ -> Y v  | sky130_fd_sc_hd__nand2_2  | 0.057 |   3.824 |    3.825 | 
     | bypass_loop[3].BPS2/FA3/g124__5477 | A v -> Y ^  | sky130_fd_sc_hd__nand2_2  | 0.066 |   3.890 |    3.892 | 
     | bypass_loop[3].BPS2/FA3/g122__7410 | A ^ -> Y v  | sky130_fd_sc_hd__nand2_2  | 0.054 |   3.945 |    3.946 | 
     | bypass_loop[3].BPS2/FA4/g124__5526 | A v -> Y ^  | sky130_fd_sc_hd__nand2_2  | 0.064 |   4.009 |    4.010 | 
     | bypass_loop[3].BPS2/FA4/g122__4319 | A ^ -> Y v  | sky130_fd_sc_hd__nand2_2  | 0.054 |   4.062 |    4.064 | 
     | bypass_loop[3].BPS2/FA5/g124__5122 | A v -> Y ^  | sky130_fd_sc_hd__nand2_2  | 0.064 |   4.126 |    4.127 | 
     | bypass_loop[3].BPS2/FA5/g122__2802 | A ^ -> Y v  | sky130_fd_sc_hd__nand2_2  | 0.054 |   4.180 |    4.182 | 
     | bypass_loop[3].BPS2/FA6/g124__7482 | A v -> Y ^  | sky130_fd_sc_hd__nand2_2  | 0.080 |   4.260 |    4.262 | 
     | bypass_loop[3].BPS2/FA6/g122__1881 | A ^ -> Y v  | sky130_fd_sc_hd__nand2_4  | 0.059 |   4.319 |    4.321 | 
     | bypass_loop[3].BPS2/FA7/g124__2346 | A v -> Y ^  | sky130_fd_sc_hd__nand2_4  | 0.069 |   4.388 |    4.389 | 
     | bypass_loop[3].BPS2/FA7/g122__9945 | A ^ -> Y v  | sky130_fd_sc_hd__nand2_4  | 0.054 |   4.442 |    4.444 | 
     | bypass_loop[3].BPS2/FA8/g126__6260 | A v -> Y ^  | sky130_fd_sc_hd__nand2_2  | 0.066 |   4.508 |    4.510 | 
     | bypass_loop[3].BPS2/FA8/g122__5477 | A ^ -> Y v  | sky130_fd_sc_hd__nand2_2  | 0.046 |   4.554 |    4.556 | 
     | bypass_loop[3].BPS2/g401__3680     | A v -> Y ^  | sky130_fd_sc_hd__nand2_2  | 0.075 |   4.629 |    4.630 | 
     | bypass_loop[3].BPS2/g2__6161       | A ^ -> Y v  | sky130_fd_sc_hd__nand2_4  | 0.123 |   4.751 |    4.753 | 
     |                                    | Cout v      |                           | 0.002 |   4.753 |    4.755 | 
     +-----------------------------------------------------------------------------------------------------------+ 

