============================================================
  Generated by:           Genus(TM) Synthesis Solution 23.12-s086_1
  Generated on:           Apr 07 2025  05:42:43 pm
  Module:                 carry_select_adder_8888_32bits
  Operating conditions:   tt_025C_1v80 
  Interconnect mode:      global
  Area mode:              physical library
============================================================

           Instance                         Module              Cell-Count  Cell-Area  Net-Area   Total-Area 
-------------------------------------------------------------------------------------------------------------
carry_select_adder_8888_32bits NA                                      502   3439.549  2512.327     5951.876 
  CSA_BLOCKS[1].RCA_C0         ripple_carry_adder_WIDTH8_5_231          58    361.597   187.787      549.384 
    F1A                        full_adder_24_228                         4     23.773    10.094       33.867 
    full_adder_loop[1].FA      full_adder_219                            9     51.299    23.756       75.055 
    full_adder_loop[2].FA      full_adder_218                           10     52.550    33.763       86.314 
    full_adder_loop[3].FA      full_adder_217                            7     43.792    16.969       60.761 
    full_adder_loop[4].FA      full_adder_216                            7     53.802    16.969       70.770 
    full_adder_loop[5].FA      full_adder_215                            7     43.792    16.969       60.761 
    full_adder_loop[6].FA      full_adder_214                            7     43.792    16.969       60.761 
    full_adder_loop[7].FA      full_adder_213                            7     48.797    16.969       65.766 
  CSA_BLOCKS[1].RCA_C1         ripple_carry_adder_WIDTH8_6_233          59    371.606   192.834      564.441 
    F1A                        full_adder_32_230                         4     22.522    10.094       32.616 
    full_adder_loop[1].FA      full_adder_212                            9     50.048    23.756       73.804 
    full_adder_loop[2].FA      full_adder_211                           11     57.555    37.157       94.712 
    full_adder_loop[3].FA      full_adder_210                            8     51.299    22.016       73.315 
    full_adder_loop[4].FA      full_adder_209                            7     45.043    16.969       62.012 
    full_adder_loop[5].FA      full_adder_208                            7     50.048    16.969       67.017 
    full_adder_loop[6].FA      full_adder_207                            6     45.043    13.575       58.618 
    full_adder_loop[7].FA      full_adder_206                            7     50.048    16.969       67.017 
  CSA_BLOCKS[2].RCA_C0         ripple_carry_adder_WIDTH8_5_232          50    327.814   169.078      496.892 
    F1A                        full_adder_24                             4     22.522    10.094       32.616 
    full_adder_loop[1].FA      full_adder_205                           10     50.048    33.763       83.811 
    full_adder_loop[2].FA      full_adder_204                            8     47.546    22.016       69.561 
    full_adder_loop[3].FA      full_adder_203                            6     40.038    13.575       53.613 
    full_adder_loop[4].FA      full_adder_202                            6     40.038    13.575       53.613 
    full_adder_loop[5].FA      full_adder_201                            6     40.038    13.575       53.613 
    full_adder_loop[6].FA      full_adder_200                            5     40.038    13.575       53.613 
    full_adder_loop[7].FA      full_adder_199                            5     47.546    13.575       61.121 
  CSA_BLOCKS[2].RCA_C1         ripple_carry_adder_WIDTH8_6_234          47    345.331   157.243      502.575 
    F1A                        full_adder_32                             4     22.522    10.094       32.616 
    full_adder_loop[1].FA      full_adder_198                            8     63.811    26.976       90.787 
    full_adder_loop[2].FA      full_adder_197                            5     47.546    13.575       61.121 
    full_adder_loop[3].FA      full_adder_196                            6     40.038    13.575       53.613 
    full_adder_loop[4].FA      full_adder_195                            6     40.038    13.575       53.613 
    full_adder_loop[5].FA      full_adder_194                            6     40.038    13.575       53.613 
    full_adder_loop[6].FA      full_adder_193                            6     40.038    13.575       53.613 
    full_adder_loop[7].FA      full_adder_192                            6     51.299    16.969       68.268 
  CSA_BLOCKS[3].RCA_C0         ripple_carry_adder_WIDTH8_5              40    316.554   133.574      450.128 
    F1A                        full_adder_24_227                         4     23.773    10.094       33.867 
    full_adder_loop[1].FA      full_adder_191                           10     51.299    33.763       85.063 
    full_adder_loop[2].FA      full_adder_190                            7     47.546    16.969       64.514 
    full_adder_loop[3].FA      full_adder_189                            6     41.290    13.575       54.865 
    full_adder_loop[4].FA      full_adder_188                            6     41.290    13.575       54.865 
    full_adder_loop[5].FA      full_adder_187                            5     43.792    13.575       57.367 
    full_adder_loop[6].FA      full_adder_186                            1     33.782     0.000       33.782 
    full_adder_loop[7].FA      full_adder_185                            1     33.782     0.000       33.782 
  CSA_BLOCKS[3].RCA_C1         ripple_carry_adder_WIDTH8_6              39    349.085   140.362      489.447 
    F1A                        full_adder_32_229                         4     20.019    10.094       30.113 
    full_adder_loop[1].FA      full_adder_184                           10     61.309    33.763       95.072 
    full_adder_loop[2].FA      full_adder_183                            6     55.053    16.969       72.022 
    full_adder_loop[3].FA      full_adder_182                            6     51.299    16.969       68.268 
    full_adder_loop[4].FA      full_adder_181                            6     56.304    16.969       73.273 
    full_adder_loop[5].FA      full_adder_180                            5     37.536    13.575       51.111 
    full_adder_loop[6].FA      full_adder_179                            1     33.782     0.000       33.782 
    full_adder_loop[7].FA      full_adder_178                            1     33.782     0.000       33.782 
  RCA_LSB                      ripple_carry_adder_WIDTH8                63    499.229   213.023      712.251 
    F1A                        full_adder                               11     83.830    35.504      119.334 
    full_adder_loop[1].FA      full_adder_226                           11     60.058    37.157       97.215 
    full_adder_loop[2].FA      full_adder_225                           11     57.555    37.157       94.712 
    full_adder_loop[3].FA      full_adder_224                            7     45.043    16.969       62.012 
    full_adder_loop[4].FA      full_adder_223                            6     52.550    13.575       66.125 
    full_adder_loop[5].FA      full_adder_222                            5     58.806    10.181       68.988 
    full_adder_loop[6].FA      full_adder_221                            6     61.309    13.575       74.884 
    full_adder_loop[7].FA      full_adder_220                            6     80.077    13.575       93.652 
