============================================================
  Generated by:           Genus(TM) Synthesis Solution 23.12-s086_1
  Generated on:           Apr 07 2025  04:46:52 pm
  Module:                 carry_bypass8_32bits
  Operating conditions:   tt_025C_1v80 
  Interconnect mode:      global
  Area mode:              physical library
============================================================

       Instance           Module     Cell-Count  Cell-Area  Net-Area   Total-Area 
----------------------------------------------------------------------------------
carry_bypass8_32bits  NA                    360   2987.866  1835.841     4823.706 
  BPS1                bypass8                75    603.078   242.174      845.252 
    FA1               full_adder              6     48.797    15.228       64.025 
    FA2               full_adder_96           9     52.550    23.756       76.307 
    FA3               full_adder_95           9     57.555    23.756       81.311 
    FA4               full_adder_94           7     60.058    16.969       77.026 
    FA5               full_adder_93           7     60.058    16.969       77.026 
    FA6               full_adder_92           7     60.058    16.969       77.026 
    FA7               full_adder_91           7     60.058    16.969       77.026 
    FA8               full_adder_90           7     60.058    16.969       77.026 
  bypass_loop[1].BPS2 bypass8_7              77    679.402   255.575      934.977 
    FA1               full_adder_89           8     68.816    22.016       90.832 
    FA2               full_adder_88           8     68.816    22.016       90.832 
    FA3               full_adder_87           8     68.816    22.016       90.832 
    FA4               full_adder_86           8     68.816    22.016       90.832 
    FA5               full_adder_85           8     68.816    22.016       90.832 
    FA6               full_adder_84           8     68.816    22.016       90.832 
    FA7               full_adder_83           8     68.816    22.016       90.832 
    FA8               full_adder_82           7     65.062    16.969       82.031 
  bypass_loop[2].BPS2 bypass8_6              70    690.662   230.165      920.828 
    FA1               full_adder_81           8     68.816    22.016       90.832 
    FA2               full_adder_80           8     68.816    22.016       90.832 
    FA3               full_adder_79           7     71.318    18.622       89.940 
    FA4               full_adder_78           7     71.318    18.622       89.940 
    FA5               full_adder_77           7     71.318    18.622       89.940 
    FA6               full_adder_76           6     67.565    13.575       81.140 
    FA7               full_adder_75           7     71.318    18.622       89.940 
    FA8               full_adder_74           6     67.565    13.575       81.140 
  bypass_loop[3].BPS2 bypass8_5              69    734.454   226.772      961.226 
    FA1               full_adder_73           6     67.565    13.575       81.140 
    FA2               full_adder_72           6     72.570    13.575       86.145 
    FA3               full_adder_71           6     71.318    13.575       84.893 
    FA4               full_adder_70           7     71.318    20.275       91.594 
    FA5               full_adder_69           6     72.570    13.575       86.145 
    FA6               full_adder_68           7     76.323    20.275       96.599 
    FA7               full_adder_67           7     82.579    16.969       99.548 
    FA8               full_adder_66           9     85.082    25.410      110.491 
