============================================================
  Generated by:           Genus(TM) Synthesis Solution 23.12-s086_1
  Generated on:           Apr 07 2025  04:46:52 pm
  Module:                 carry_bypass8_32bits
  Operating conditions:   tt_025C_1v80 
  Interconnect mode:      global
  Area mode:              physical library
============================================================

Timing
-------
  Cost    Critical         Violating 
 Group   Path Slack  TNS     Paths   
-------------------------------------
default         0.0   0.0          0 
-------------------------------------
Total                 0.0          0 

Instance Count
--------------
Leaf Instance Count             360 
Physical Instance count           0 
Sequential Instance Count         0 
Combinational Instance Count    360 
Hierarchical Instance Count      36 

Area
----
Cell Area                          2987.866
Physical Cell Area                 0.000
Total Cell Area (Cell+Physical)    2987.866
Net Area                           1835.840
Total Area (Cell+Physical+Net)     4823.706

Max Fanout                         4 (n_0)
Min Fanout                         1 (Cout)
Average Fanout                     1.6
Terms to net ratio                 2.3529
Terms to instance ratio            2.7778
Runtime                            17.585703000000002 seconds
Elapsed Runtime                    19 seconds
Genus peak memory usage            1892.77 
Innovus peak memory usage          no_value 
Hostname                           cadmicro-inf-el8-623207
