============================================================
  Generated by:           Genus(TM) Synthesis Solution 23.12-s086_1
  Generated on:           Apr 07 2025  04:46:52 pm
  Module:                 carry_bypass8_32bits
  Operating conditions:   tt_025C_1v80 
  Interconnect mode:      global
  Area mode:              physical library
============================================================


Path 1: MET (0 ps) Path Delay Check
     Startpoint: (F) A[0]
       Endpoint: (R) S[31]

                   Capture    Launch  
      Path Delay:+    4440         -  
      Drv Adjust:+       0         0  
         Arrival:=    4440            
                                      
   Required Time:=    4440            
       Data Path:-    4440            
           Slack:=       0            

Exceptions/Constraints:
  max_delay             4440            constraints.sdc_line_1 

#----------------------------------------------------------------------------------------------------------------------------
#            Timing Point              Flags   Arc   Edge           Cell            Fanout Load Trans Delay Arrival Instance 
#                                                                                          (fF)  (ps)  (ps)   (ps)  Location 
#----------------------------------------------------------------------------------------------------------------------------
  A[0]                                 -       -     F     (arrival)                     1  8.0  1000     0       0    (-,-) 
  g21/X                                -       A->X  F     sky130_fd_sc_hd__buf_8        4 19.2    55   424     424    (-,-) 
  BPS1/FA1/g195__6260/Y                -       A->Y  R     sky130_fd_sc_hd__nor2_4       1  6.0    72   104     528    (-,-) 
  BPS1/FA1/g192__2398/Y                -       A2->Y F     sky130_fd_sc_hd__o21ai_2      2  7.8    49    65     593    (-,-) 
  BPS1/FA2/g124__3680/Y                -       A->Y  R     sky130_fd_sc_hd__nand2_2      1  5.9    51    60     653    (-,-) 
  BPS1/FA2/g122__5526/Y                -       A->Y  F     sky130_fd_sc_hd__nand2_2      2  7.8    42    54     707    (-,-) 
  BPS1/FA3/g124__7098/Y                -       A->Y  R     sky130_fd_sc_hd__nand2_2      1 10.1    72    72     780    (-,-) 
  BPS1/FA3/g122__5122/Y                -       A->Y  F     sky130_fd_sc_hd__nand2_4      2 11.8    42    55     835    (-,-) 
  BPS1/FA4/g124__6161/Y                -       A->Y  R     sky130_fd_sc_hd__nand2_4      1 10.1    52    58     893    (-,-) 
  BPS1/FA4/g122__7482/Y                -       A->Y  F     sky130_fd_sc_hd__nand2_4      2 11.8    40    50     943    (-,-) 
  BPS1/FA5/g124__7410/Y                -       A->Y  R     sky130_fd_sc_hd__nand2_4      1 10.1    52    57    1000    (-,-) 
  BPS1/FA5/g122__2346/Y                -       A->Y  F     sky130_fd_sc_hd__nand2_4      2 11.8    39    50    1051    (-,-) 
  BPS1/FA6/g124__4319/Y                -       A->Y  R     sky130_fd_sc_hd__nand2_4      1 10.1    52    57    1108    (-,-) 
  BPS1/FA6/g122__5107/Y                -       A->Y  F     sky130_fd_sc_hd__nand2_4      2 11.8    39    50    1158    (-,-) 
  BPS1/FA7/g124__2802/Y                -       A->Y  R     sky130_fd_sc_hd__nand2_4      1 10.1    52    57    1215    (-,-) 
  BPS1/FA7/g122__3680/Y                -       A->Y  F     sky130_fd_sc_hd__nand2_4      2 11.8    40    50    1266    (-,-) 
  BPS1/FA8/g124__1881/Y                -       A->Y  R     sky130_fd_sc_hd__nand2_4      1 10.1    52    57    1323    (-,-) 
  BPS1/FA8/g122__7098/Y                -       A->Y  F     sky130_fd_sc_hd__nand2_4      1  9.6    35    47    1370    (-,-) 
  BPS1/g367__382/Y                     -       A->Y  R     sky130_fd_sc_hd__nand2_4      1 10.1    52    55    1425    (-,-) 
  BPS1/g1/Y                            -       A->Y  F     sky130_fd_sc_hd__nand2_4      3 13.8    42    54    1479    (-,-) 
  bypass_loop[1].BPS2/FA1/g124__6783/Y -       A->Y  R     sky130_fd_sc_hd__nand2_4      1 10.1    52    58    1537    (-,-) 
  bypass_loop[1].BPS2/FA1/g122__8428/Y -       A->Y  F     sky130_fd_sc_hd__nand2_4      2 11.8    38    50    1587    (-,-) 
  bypass_loop[1].BPS2/FA2/g124__8246/Y -       A->Y  R     sky130_fd_sc_hd__nand2_4      1 10.1    52    56    1644    (-,-) 
  bypass_loop[1].BPS2/FA2/g122__1705/Y -       A->Y  F     sky130_fd_sc_hd__nand2_4      2 11.8    38    50    1694    (-,-) 
  bypass_loop[1].BPS2/FA3/g124__4733/Y -       A->Y  R     sky130_fd_sc_hd__nand2_4      1 10.1    52    56    1750    (-,-) 
  bypass_loop[1].BPS2/FA3/g122__5115/Y -       A->Y  F     sky130_fd_sc_hd__nand2_4      2 11.8    38    50    1801    (-,-) 
  bypass_loop[1].BPS2/FA4/g124__1666/Y -       A->Y  R     sky130_fd_sc_hd__nand2_4      1 10.1    52    56    1857    (-,-) 
  bypass_loop[1].BPS2/FA4/g122__2883/Y -       A->Y  F     sky130_fd_sc_hd__nand2_4      2 11.8    38    50    1908    (-,-) 
  bypass_loop[1].BPS2/FA5/g124__6260/Y -       A->Y  R     sky130_fd_sc_hd__nand2_4      1 10.1    52    56    1964    (-,-) 
  bypass_loop[1].BPS2/FA5/g122__2398/Y -       A->Y  F     sky130_fd_sc_hd__nand2_4      2 11.8    38    50    2014    (-,-) 
  bypass_loop[1].BPS2/FA6/g124__1617/Y -       A->Y  R     sky130_fd_sc_hd__nand2_4      1 10.1    52    56    2071    (-,-) 
  bypass_loop[1].BPS2/FA6/g122__6783/Y -       A->Y  F     sky130_fd_sc_hd__nand2_4      2 11.8    38    50    2121    (-,-) 
  bypass_loop[1].BPS2/FA7/g124__6131/Y -       A->Y  R     sky130_fd_sc_hd__nand2_4      1 10.1    52    56    2178    (-,-) 
  bypass_loop[1].BPS2/FA7/g122__8246/Y -       A->Y  F     sky130_fd_sc_hd__nand2_4      2 11.8    38    50    2228    (-,-) 
  bypass_loop[1].BPS2/FA8/g124__9315/Y -       A->Y  R     sky130_fd_sc_hd__nand2_4      1 10.1    52    56    2284    (-,-) 
  bypass_loop[1].BPS2/FA8/g122__4733/Y -       A->Y  F     sky130_fd_sc_hd__nand2_4      1  9.6    34    47    2331    (-,-) 
  bypass_loop[1].BPS2/g393__407/Y      -       A->Y  R     sky130_fd_sc_hd__nand2_4      1 10.1    66    55    2386    (-,-) 
  bypass_loop[1].BPS2/g1/Y             -       A->Y  F     sky130_fd_sc_hd__nand2_4      3 13.8    44    57    2443    (-,-) 
  bypass_loop[2].BPS2/FA1/g124__8246/Y -       A->Y  R     sky130_fd_sc_hd__nand2_4      1 10.1    52    59    2503    (-,-) 
  bypass_loop[2].BPS2/FA1/g122__1705/Y -       A->Y  F     sky130_fd_sc_hd__nand2_4      2 11.8    38    50    2553    (-,-) 
  bypass_loop[2].BPS2/FA2/g124__4733/Y -       A->Y  R     sky130_fd_sc_hd__nand2_4      1 10.1    52    56    2609    (-,-) 
  bypass_loop[2].BPS2/FA2/g122__5115/Y -       A->Y  F     sky130_fd_sc_hd__nand2_4      2 11.8    38    50    2660    (-,-) 
  bypass_loop[2].BPS2/FA3/g124__2346/Y -       A->Y  R     sky130_fd_sc_hd__nand2_4      1 10.1    52    56    2716    (-,-) 
  bypass_loop[2].BPS2/FA3/g122__2883/Y -       A->Y  F     sky130_fd_sc_hd__nand2_4      2 11.8    38    50    2766    (-,-) 
  bypass_loop[2].BPS2/FA4/g124__2398/Y -       A->Y  R     sky130_fd_sc_hd__nand2_4      1 10.1    52    56    2823    (-,-) 
  bypass_loop[2].BPS2/FA4/g122__5477/Y -       A->Y  F     sky130_fd_sc_hd__nand2_4      2 11.8    38    50    2873    (-,-) 
  bypass_loop[2].BPS2/FA5/g124__5526/Y -       A->Y  R     sky130_fd_sc_hd__nand2_4      1 10.1    52    56    2930    (-,-) 
  bypass_loop[2].BPS2/FA5/g122__8428/Y -       A->Y  F     sky130_fd_sc_hd__nand2_4      2 11.8    38    50    2980    (-,-) 
  bypass_loop[2].BPS2/FA6/g124__1705/Y -       A->Y  R     sky130_fd_sc_hd__nand2_4      1 10.1    52    56    3037    (-,-) 
  bypass_loop[2].BPS2/FA6/g122__2802/Y -       A->Y  F     sky130_fd_sc_hd__nand2_4      2 11.8    38    50    3087    (-,-) 
  bypass_loop[2].BPS2/FA7/g124__1881/Y -       A->Y  R     sky130_fd_sc_hd__nand2_4      1 10.1    52    57    3144    (-,-) 
  bypass_loop[2].BPS2/FA7/g122__6131/Y -       A->Y  F     sky130_fd_sc_hd__nand2_4      2 11.8    38    50    3194    (-,-) 
  bypass_loop[2].BPS2/FA8/g124__9945/Y -       A->Y  R     sky130_fd_sc_hd__nand2_4      1 10.1    52    56    3250    (-,-) 
  bypass_loop[2].BPS2/FA8/g122__6161/Y -       A->Y  F     sky130_fd_sc_hd__nand2_4      1  9.6    34    47    3297    (-,-) 
  bypass_loop[2].BPS2/g393__407/Y      -       A->Y  R     sky130_fd_sc_hd__nand2_4      1 10.1    66    55    3352    (-,-) 
  bypass_loop[2].BPS2/g1/Y             -       A->Y  F     sky130_fd_sc_hd__nand2_4      3 14.0    44    58    3410    (-,-) 
  bypass_loop[3].BPS2/FA1/g124__7098/Y -       A->Y  R     sky130_fd_sc_hd__nand2_4      1 10.1    52    59    3469    (-,-) 
  bypass_loop[3].BPS2/FA1/g122__5122/Y -       A->Y  F     sky130_fd_sc_hd__nand2_4      2 11.8    38    50    3519    (-,-) 
  bypass_loop[3].BPS2/FA2/g124__6161/Y -       A->Y  R     sky130_fd_sc_hd__nand2_4      1 10.1    52    57    3576    (-,-) 
  bypass_loop[3].BPS2/FA2/g122__7482/Y -       A->Y  F     sky130_fd_sc_hd__nand2_4      2 11.8    38    50    3626    (-,-) 
  bypass_loop[3].BPS2/FA3/g124__7410/Y -       A->Y  R     sky130_fd_sc_hd__nand2_4      1 10.1    52    57    3683    (-,-) 
  bypass_loop[3].BPS2/FA3/g122__2346/Y -       A->Y  F     sky130_fd_sc_hd__nand2_4      2 11.8    38    50    3733    (-,-) 
  bypass_loop[3].BPS2/FA4/g124__4319/Y -       A->Y  R     sky130_fd_sc_hd__nand2_4      1 10.1    52    57    3790    (-,-) 
  bypass_loop[3].BPS2/FA4/g122__5107/Y -       A->Y  F     sky130_fd_sc_hd__nand2_4      2 11.8    38    50    3840    (-,-) 
  bypass_loop[3].BPS2/FA5/g124__2802/Y -       A->Y  R     sky130_fd_sc_hd__nand2_4      1 10.1    52    57    3897    (-,-) 
  bypass_loop[3].BPS2/FA5/g122__3680/Y -       A->Y  F     sky130_fd_sc_hd__nand2_4      2 11.8    38    50    3947    (-,-) 
  bypass_loop[3].BPS2/FA6/g124__1881/Y -       A->Y  R     sky130_fd_sc_hd__nand2_4      1 10.1    52    57    4004    (-,-) 
  bypass_loop[3].BPS2/FA6/g122__7098/Y -       A->Y  F     sky130_fd_sc_hd__nand2_4      2 12.4    39    51    4055    (-,-) 
  bypass_loop[3].BPS2/FA7/g126__2883/Y -       A->Y  R     sky130_fd_sc_hd__nand2_4      1 10.1    52    57    4112    (-,-) 
  bypass_loop[3].BPS2/FA7/g122__6161/Y -       A->Y  F     sky130_fd_sc_hd__nand2_4      3 15.3    45    56    4168    (-,-) 
  bypass_loop[3].BPS2/FA8/fopt/Y       -       A->Y  R     sky130_fd_sc_hd__inv_1        1  5.9    59    66    4234    (-,-) 
  bypass_loop[3].BPS2/FA8/g125__5107/Y -       A->Y  F     sky130_fd_sc_hd__nand2_2      1  9.6    50    61    4296    (-,-) 
  bypass_loop[3].BPS2/FA8/g123__2398/Y -       A->Y  R     sky130_fd_sc_hd__nand2_4      1 51.3   165   144    4440    (-,-) 
  S[31]                                <<<     -     R     (port)                        -    -     -     0    4440    (-,-) 
#----------------------------------------------------------------------------------------------------------------------------

