Hinst Name                                   Module Name                      Inst Count           Total Area               Buffer             Inverter        Combinational                 Flop                Latch           Clock Gate                Macro             Physical
----------------------------------------------------------------------------------------------------------------------------------------------------------------------------------------------------------------------------------------------------------------------------------------------
carry_select_adder_661010_32bits                                                     256             2318.474               11.261               43.792             1630.314                0.000                0.000                0.000                0.000              633.107
  CSA_BLOCKS[1].RCA_C0                       ripple_carry_adder_WIDTH6_1               6              120.115                0.000                0.000              120.115                0.000                0.000                0.000                0.000                0.000
    CSA_BLOCKS[1].RCA_C0/F1A                 full_adder_16                             1               15.014                0.000                0.000               15.014                0.000                0.000                0.000                0.000                0.000
    CSA_BLOCKS[1].RCA_C0/full_adder_loop[1].FA full_adder_210                            1               22.522                0.000                0.000               22.522                0.000                0.000                0.000                0.000                0.000
    CSA_BLOCKS[1].RCA_C0/full_adder_loop[2].FA full_adder_209                            1               22.522                0.000                0.000               22.522                0.000                0.000                0.000                0.000                0.000
    CSA_BLOCKS[1].RCA_C0/full_adder_loop[3].FA full_adder_208                            1               20.019                0.000                0.000               20.019                0.000                0.000                0.000                0.000                0.000
    CSA_BLOCKS[1].RCA_C0/full_adder_loop[4].FA full_adder_207                            1               20.019                0.000                0.000               20.019                0.000                0.000                0.000                0.000                0.000
    CSA_BLOCKS[1].RCA_C0/full_adder_loop[5].FA full_adder_206                            1               20.019                0.000                0.000               20.019                0.000                0.000                0.000                0.000                0.000
  CSA_BLOCKS[1].RCA_C1                       ripple_carry_adder_WIDTH6_2               8              118.864                0.000                3.754              115.110                0.000                0.000                0.000                0.000                0.000
    CSA_BLOCKS[1].RCA_C1/F1A                 full_adder_22                             3               18.768                0.000                3.754               15.014                0.000                0.000                0.000                0.000                0.000
    CSA_BLOCKS[1].RCA_C1/full_adder_loop[1].FA full_adder_205                            1               20.019                0.000                0.000               20.019                0.000                0.000                0.000                0.000                0.000
    CSA_BLOCKS[1].RCA_C1/full_adder_loop[2].FA full_adder_204                            1               20.019                0.000                0.000               20.019                0.000                0.000                0.000                0.000                0.000
    CSA_BLOCKS[1].RCA_C1/full_adder_loop[3].FA full_adder_203                            1               20.019                0.000                0.000               20.019                0.000                0.000                0.000                0.000                0.000
    CSA_BLOCKS[1].RCA_C1/full_adder_loop[4].FA full_adder_202                            1               20.019                0.000                0.000               20.019                0.000                0.000                0.000                0.000                0.000
    CSA_BLOCKS[1].RCA_C1/full_adder_loop[5].FA full_adder_201                            1               20.019                0.000                0.000               20.019                0.000                0.000                0.000                0.000                0.000
  CSA_BLOCKS[2].RCA_C0                       ripple_carry_adder_WIDTH10               20              247.738                0.000                7.507              240.230                0.000                0.000                0.000                0.000                0.000
    CSA_BLOCKS[2].RCA_C0/F1A                 full_adder_38_225                         4               20.019                0.000                7.507               12.512                0.000                0.000                0.000                0.000                0.000
    CSA_BLOCKS[2].RCA_C0/full_adder_loop[1].FA full_adder_219                            5               33.782                0.000                0.000               33.782                0.000                0.000                0.000                0.000                0.000
    CSA_BLOCKS[2].RCA_C0/full_adder_loop[2].FA full_adder_218                            1               33.782                0.000                0.000               33.782                0.000                0.000                0.000                0.000                0.000
    CSA_BLOCKS[2].RCA_C0/full_adder_loop[3].FA full_adder_217                            4               35.034                0.000                0.000               35.034                0.000                0.000                0.000                0.000                0.000
    CSA_BLOCKS[2].RCA_C0/full_adder_loop[4].FA full_adder_216                            1               20.019                0.000                0.000               20.019                0.000                0.000                0.000                0.000                0.000
    CSA_BLOCKS[2].RCA_C0/full_adder_loop[5].FA full_adder_215                            1               20.019                0.000                0.000               20.019                0.000                0.000                0.000                0.000                0.000
    CSA_BLOCKS[2].RCA_C0/full_adder_loop[6].FA full_adder_214                            1               20.019                0.000                0.000               20.019                0.000                0.000                0.000                0.000                0.000
    CSA_BLOCKS[2].RCA_C0/full_adder_loop[7].FA full_adder_213                            1               22.522                0.000                0.000               22.522                0.000                0.000                0.000                0.000                0.000
    CSA_BLOCKS[2].RCA_C0/full_adder_loop[8].FA full_adder_212                            1               22.522                0.000                0.000               22.522                0.000                0.000                0.000                0.000                0.000
    CSA_BLOCKS[2].RCA_C0/full_adder_loop[9].FA full_adder_211                            1               20.019                0.000                0.000               20.019                0.000                0.000                0.000                0.000                0.000
  CSA_BLOCKS[2].RCA_C1                       ripple_carry_adder_WIDTH10_3_228         20              251.491                0.000               17.517              233.974                0.000                0.000                0.000                0.000                0.000
    CSA_BLOCKS[2].RCA_C1/F1A                 full_adder_48_226                         4               30.029                0.000               17.517               12.512                0.000                0.000                0.000                0.000                0.000
    CSA_BLOCKS[2].RCA_C1/full_adder_loop[1].FA full_adder_200                            5               30.029                0.000                0.000               30.029                0.000                0.000                0.000                0.000                0.000
    CSA_BLOCKS[2].RCA_C1/full_adder_loop[2].FA full_adder_199                            1               33.782                0.000                0.000               33.782                0.000                0.000                0.000                0.000                0.000
    CSA_BLOCKS[2].RCA_C1/full_adder_loop[3].FA full_adder_198                            4               35.034                0.000                0.000               35.034                0.000                0.000                0.000                0.000                0.000
    CSA_BLOCKS[2].RCA_C1/full_adder_loop[4].FA full_adder_197                            1               20.019                0.000                0.000               20.019                0.000                0.000                0.000                0.000                0.000
    CSA_BLOCKS[2].RCA_C1/full_adder_loop[5].FA full_adder_196                            1               20.019                0.000                0.000               20.019                0.000                0.000                0.000                0.000                0.000
    CSA_BLOCKS[2].RCA_C1/full_adder_loop[6].FA full_adder_195                            1               20.019                0.000                0.000               20.019                0.000                0.000                0.000                0.000                0.000
    CSA_BLOCKS[2].RCA_C1/full_adder_loop[7].FA full_adder_194                            1               20.019                0.000                0.000               20.019                0.000                0.000                0.000                0.000                0.000
    CSA_BLOCKS[2].RCA_C1/full_adder_loop[8].FA full_adder_193                            1               20.019                0.000                0.000               20.019                0.000                0.000                0.000                0.000                0.000
    CSA_BLOCKS[2].RCA_C1/full_adder_loop[9].FA full_adder_192                            1               22.522                0.000                0.000               22.522                0.000                0.000                0.000                0.000                0.000
  CSA_BLOCKS[3].RCA_C0                       ripple_carry_adder_WIDTH10_227           15              235.226                0.000                7.507              227.718                0.000                0.000                0.000                0.000                0.000
    CSA_BLOCKS[3].RCA_C0/F1A                 full_adder_38                             1               25.024                0.000                0.000               25.024                0.000                0.000                0.000                0.000                0.000
    CSA_BLOCKS[3].RCA_C0/full_adder_loop[1].FA full_adder_191                            6               50.048                0.000                7.507               42.541                0.000                0.000                0.000                0.000                0.000
    CSA_BLOCKS[3].RCA_C0/full_adder_loop[2].FA full_adder_190                            1               20.019                0.000                0.000               20.019                0.000                0.000                0.000                0.000                0.000
    CSA_BLOCKS[3].RCA_C0/full_adder_loop[3].FA full_adder_189                            1               20.019                0.000                0.000               20.019                0.000                0.000                0.000                0.000                0.000
    CSA_BLOCKS[3].RCA_C0/full_adder_loop[4].FA full_adder_188                            1               20.019                0.000                0.000               20.019                0.000                0.000                0.000                0.000                0.000
    CSA_BLOCKS[3].RCA_C0/full_adder_loop[5].FA full_adder_187                            1               20.019                0.000                0.000               20.019                0.000                0.000                0.000                0.000                0.000
    CSA_BLOCKS[3].RCA_C0/full_adder_loop[6].FA full_adder_186                            1               20.019                0.000                0.000               20.019                0.000                0.000                0.000                0.000                0.000
    CSA_BLOCKS[3].RCA_C0/full_adder_loop[7].FA full_adder_185                            1               20.019                0.000                0.000               20.019                0.000                0.000                0.000                0.000                0.000
    CSA_BLOCKS[3].RCA_C0/full_adder_loop[8].FA full_adder_184                            1               20.019                0.000                0.000               20.019                0.000                0.000                0.000                0.000                0.000
    CSA_BLOCKS[3].RCA_C0/full_adder_loop[9].FA full_adder_183                            1               20.019                0.000                0.000               20.019                0.000                0.000                0.000                0.000                0.000
  CSA_BLOCKS[3].RCA_C1                       ripple_carry_adder_WIDTH10_3             13              205.197                0.000                7.507              197.690                0.000                0.000                0.000                0.000                0.000
    CSA_BLOCKS[3].RCA_C1/F1A                 full_adder_48                             4               20.019                0.000                7.507               12.512                0.000                0.000                0.000                0.000                0.000
    CSA_BLOCKS[3].RCA_C1/full_adder_loop[1].FA full_adder_182                            1               22.522                0.000                0.000               22.522                0.000                0.000                0.000                0.000                0.000
    CSA_BLOCKS[3].RCA_C1/full_adder_loop[2].FA full_adder_181                            1               20.019                0.000                0.000               20.019                0.000                0.000                0.000                0.000                0.000
    CSA_BLOCKS[3].RCA_C1/full_adder_loop[3].FA full_adder_180                            1               20.019                0.000                0.000               20.019                0.000                0.000                0.000                0.000                0.000
    CSA_BLOCKS[3].RCA_C1/full_adder_loop[4].FA full_adder_179                            1               20.019                0.000                0.000               20.019                0.000                0.000                0.000                0.000                0.000
    CSA_BLOCKS[3].RCA_C1/full_adder_loop[5].FA full_adder_178                            1               20.019                0.000                0.000               20.019                0.000                0.000                0.000                0.000                0.000
    CSA_BLOCKS[3].RCA_C1/full_adder_loop[6].FA full_adder_177                            1               20.019                0.000                0.000               20.019                0.000                0.000                0.000                0.000                0.000
    CSA_BLOCKS[3].RCA_C1/full_adder_loop[7].FA full_adder_176                            1               20.019                0.000                0.000               20.019                0.000                0.000                0.000                0.000                0.000
    CSA_BLOCKS[3].RCA_C1/full_adder_loop[8].FA full_adder_175                            1               22.522                0.000                0.000               22.522                0.000                0.000                0.000                0.000                0.000
    CSA_BLOCKS[3].RCA_C1/full_adder_loop[9].FA full_adder_174                            1               20.019                0.000                0.000               20.019                0.000                0.000                0.000                0.000                0.000
  RCA_LSB                                    ripple_carry_adder_WIDTH6                 6              155.149                0.000                0.000              155.149                0.000                0.000                0.000                0.000                0.000
    RCA_LSB/F1A                              full_adder                                1               33.782                0.000                0.000               33.782                0.000                0.000                0.000                0.000                0.000
    RCA_LSB/full_adder_loop[1].FA            full_adder_224                            1               33.782                0.000                0.000               33.782                0.000                0.000                0.000                0.000                0.000
    RCA_LSB/full_adder_loop[2].FA            full_adder_223                            1               20.019                0.000                0.000               20.019                0.000                0.000                0.000                0.000                0.000
    RCA_LSB/full_adder_loop[3].FA            full_adder_222                            1               22.522                0.000                0.000               22.522                0.000                0.000                0.000                0.000                0.000
    RCA_LSB/full_adder_loop[4].FA            full_adder_221                            1               22.522                0.000                0.000               22.522                0.000                0.000                0.000                0.000                0.000
    RCA_LSB/full_adder_loop[5].FA            full_adder_220                            1               22.522                0.000                0.000               22.522                0.000                0.000                0.000                0.000                0.000
