###############################################################
#  Generated by:      Cadence Innovus 23.32-s091_1
#  OS:                Linux x86_64(Host ID cadmicro-inf-el8-623207)
#  Generated on:      Wed Apr  9 12:56:11 2025
#  Design:            carry_select_adder_661010_32bits
#  Command:           report_timing > reports/report_timing.rpt
###############################################################
Path 1: MET Path Delay Check
Endpoint:   S[31] (v)
Beginpoint: A[22] (v) triggered by  leading edge of '@'
Path Groups: {default}
Analysis View: default_emulate_view
- External Delay                0.000
+ Path Delay                    4.350
= Required Time                 4.350
- Arrival Time                  4.343
= Slack Time                    0.007
     Clock Rise Edge                      0.000
     + Input Delay                        0.000
     = Beginpoint Arrival Time            0.000
     +-------------------------------------------------------------------------------------------------------------------------------+ 
     |                      Instance                      |       Arc       |           Cell            | Delay | Arrival | Required | 
     |                                                    |                 |                           |       |  Time   |   Time   | 
     |----------------------------------------------------+-----------------+---------------------------+-------+---------+----------| 
     |                                                    | A[22] v         |                           |       |   0.000 |    0.007 | 
     | CSA_BLOCKS[3].RCA_C1/F1A/g42                       | A v -> Y ^      | sky130_fd_sc_hd__clkinv_1 | 0.278 |   0.278 |    0.285 | 
     | CSA_BLOCKS[3].RCA_C1/F1A/g38__2346                 | A ^ -> Y v      | sky130_fd_sc_hd__nand2_1  | 0.116 |   0.395 |    0.402 | 
     | CSA_BLOCKS[3].RCA_C1/full_adder_loop[1].FA/g66     | CIN v -> COUT v | sky130_fd_sc_hd__fa_2     | 0.354 |   0.749 |    0.756 | 
     | CSA_BLOCKS[3].RCA_C1/full_adder_loop[2].FA/g57__62 | CIN v -> COUT v | sky130_fd_sc_hd__fa_1     | 0.393 |   1.142 |    1.149 | 
     | 60                                                 |                 |                           |       |         |          | 
     | CSA_BLOCKS[3].RCA_C1/full_adder_loop[3].FA/g57__43 | CIN v -> COUT v | sky130_fd_sc_hd__fa_1     | 0.395 |   1.537 |    1.544 | 
     | 19                                                 |                 |                           |       |         |          | 
     | CSA_BLOCKS[3].RCA_C1/full_adder_loop[4].FA/g57__84 | CIN v -> COUT v | sky130_fd_sc_hd__fa_1     | 0.395 |   1.932 |    1.939 | 
     | 28                                                 |                 |                           |       |         |          | 
     | CSA_BLOCKS[3].RCA_C1/full_adder_loop[5].FA/g57__55 | CIN v -> COUT v | sky130_fd_sc_hd__fa_1     | 0.393 |   2.325 |    2.332 | 
     | 26                                                 |                 |                           |       |         |          | 
     | CSA_BLOCKS[3].RCA_C1/full_adder_loop[6].FA/g57__67 | CIN v -> COUT v | sky130_fd_sc_hd__fa_1     | 0.392 |   2.717 |    2.724 | 
     | 83                                                 |                 |                           |       |         |          | 
     | CSA_BLOCKS[3].RCA_C1/full_adder_loop[7].FA/g57__36 | CIN v -> COUT v | sky130_fd_sc_hd__fa_1     | 0.419 |   3.136 |    3.143 | 
     | 80                                                 |                 |                           |       |         |          | 
     | CSA_BLOCKS[3].RCA_C1/full_adder_loop[8].FA/g57__16 | CIN v -> COUT v | sky130_fd_sc_hd__fa_2     | 0.365 |   3.501 |    3.509 | 
     | 17                                                 |                 |                           |       |         |          | 
     | CSA_BLOCKS[3].RCA_C1/full_adder_loop[9].FA/g57__28 | CIN v -> SUM v  | sky130_fd_sc_hd__fa_1     | 0.433 |   3.935 |    3.942 | 
     | 02                                                 |                 |                           |       |         |          | 
     | g539__6417                                         | A0 v -> X v     | sky130_fd_sc_hd__mux2_2   | 0.407 |   4.342 |    4.349 | 
     |                                                    | S[31] v         |                           | 0.001 |   4.343 |    4.350 | 
     +-------------------------------------------------------------------------------------------------------------------------------+ 

