============================================================
  Generated by:           Genus(TM) Synthesis Solution 23.12-s086_1
  Generated on:           Apr 07 2025  05:29:48 pm
  Module:                 carry_select_adder
  Operating conditions:   tt_025C_1v80 
  Interconnect mode:      global
  Area mode:              physical library
============================================================

Timing
-------
  Cost    Critical         Violating 
 Group   Path Slack  TNS     Paths   
-------------------------------------
default         5.0   0.0          0 
-------------------------------------
Total                 0.0          0 

Instance Count
--------------
Leaf Instance Count             153 
Physical Instance count           0 
Sequential Instance Count         0 
Combinational Instance Count    153 
Hierarchical Instance Count      67 

Area
----
Cell Area                          1749.178
Physical Cell Area                 0.000
Total Cell Area (Cell+Physical)    1749.178
Net Area                           1142.560
Total Area (Cell+Physical+Net)     2891.738

Max Fanout                         15 (n_2)
Min Fanout                         1 (C0[1])
Average Fanout                     1.5
Terms to net ratio                 2.1685
Terms to instance ratio            3.7843
Runtime                            13.622464 seconds
Elapsed Runtime                    15 seconds
Genus peak memory usage            1891.25 
Innovus peak memory usage          no_value 
Hostname                           cadmicro-inf-el8-623207
