============================================================
  Generated by:           Genus(TM) Synthesis Solution 23.12-s086_1
  Generated on:           Apr 07 2025  05:29:20 pm
  Module:                 carry_select_adder
  Operating conditions:   tt_025C_1v80 
  Interconnect mode:      global
  Area mode:              physical library
============================================================

Timing
-------
  Cost    Critical         Violating 
 Group   Path Slack  TNS     Paths   
-------------------------------------
default      1750.1   0.0          0 
-------------------------------------
Total                 0.0          0 

Instance Count
--------------
Leaf Instance Count             94 
Physical Instance count          0 
Sequential Instance Count        0 
Combinational Instance Count    94 
Hierarchical Instance Count     67 

Area
----
Cell Area                          1510.198
Physical Cell Area                 0.000
Total Cell Area (Cell+Physical)    1510.198
Net Area                           881.851
Total Area (Cell+Physical+Net)     2392.049

Max Fanout                         15 (n_0)
Min Fanout                         1 (C0[1])
Average Fanout                     1.4
Terms to net ratio                 1.9630
Terms to instance ratio            4.5106
Runtime                            13.644567 seconds
Elapsed Runtime                    15 seconds
Genus peak memory usage            1891.61 
Innovus peak memory usage          no_value 
Hostname                           cadmicro-inf-el8-623207
