============================================================
  Generated by:           Genus(TM) Synthesis Solution 23.12-s086_1
  Generated on:           Apr 07 2025  06:38:51 pm
  Module:                 carry_select_adder_66668_32bits
  Operating conditions:   tt_025C_1v80 
  Interconnect mode:      global
  Area mode:              physical library
============================================================


Path 1: VIOLATED (-33 ps) Path Delay Check
     Startpoint: (F) B[1]
       Endpoint: (R) S[20]

                   Capture    Launch  
      Path Delay:+    1670         -  
      Drv Adjust:+       0         0  
         Arrival:=    1670            
                                      
   Required Time:=    1670            
       Data Path:-    1703            
           Slack:=     -33            

Exceptions/Constraints:
  max_delay             1670            constraints.sdc_line_1 

#-----------------------------------------------------------------------------------------------------------------------------------
#               Timing Point                 Flags   Arc   Edge           Cell             Fanout Load Trans Delay Arrival Instance 
#                                                                                                 (fF)  (ps)  (ps)   (ps)  Location 
#-----------------------------------------------------------------------------------------------------------------------------------
  B[1]                                       -       -     F     (arrival)                      1  3.3  1000     0       0    (-,-) 
  g9867/X                                    -       A->X  F     sky130_fd_sc_hd__clkbuf_1      1  6.1    64   328     328    (-,-) 
  RCA_LSB/full_adder_loop[1].FA/g16/Y        -       A->Y  R     sky130_fd_sc_hd__clkinv_2      2 11.1    49    67     395    (-,-) 
  RCA_LSB/full_adder_loop[1].FA/g15/Y        -       B->Y  F     sky130_fd_sc_hd__nand2_2       1  9.6    49    64     459    (-,-) 
  RCA_LSB/full_adder_loop[1].FA/g14/Y        -       A->Y  R     sky130_fd_sc_hd__nand2_4       1 10.1    54    61     520    (-,-) 
  RCA_LSB/full_adder_loop[1].FA/g122__9315/Y -       A->Y  F     sky130_fd_sc_hd__nand2_4       2 11.8    38    51     571    (-,-) 
  RCA_LSB/full_adder_loop[2].FA/g124__5477/Y -       A->Y  R     sky130_fd_sc_hd__nand2_4       1 10.1    52    57     628    (-,-) 
  RCA_LSB/full_adder_loop[2].FA/g122__6417/Y -       A->Y  F     sky130_fd_sc_hd__nand2_4       2 11.8    38    50     678    (-,-) 
  RCA_LSB/full_adder_loop[3].FA/g124__8428/Y -       A->Y  R     sky130_fd_sc_hd__nand2_4       1 10.1    52    56     734    (-,-) 
  RCA_LSB/full_adder_loop[3].FA/g122__4319/Y -       A->Y  F     sky130_fd_sc_hd__nand2_4       2 11.8    38    50     785    (-,-) 
  RCA_LSB/full_adder_loop[4].FA/g124__1705/Y -       A->Y  R     sky130_fd_sc_hd__nand2_4       1 10.1    52    56     841    (-,-) 
  RCA_LSB/full_adder_loop[4].FA/g122__1617/Y -       A->Y  F     sky130_fd_sc_hd__nand2_4       2 11.8    38    50     891    (-,-) 
  RCA_LSB/full_adder_loop[5].FA/g121__1881/Y -       A->Y  R     sky130_fd_sc_hd__nand2_4       1 10.1    52    56     948    (-,-) 
  RCA_LSB/full_adder_loop[5].FA/g119__7098/Y -       A->Y  F     sky130_fd_sc_hd__nand2_4       3 17.8    49    60    1008    (-,-) 
  g26/Y                                      -       A->Y  R     sky130_fd_sc_hd__clkinv_4      1 10.1    30    48    1056    (-,-) 
  g25/Y                                      -       A->Y  F     sky130_fd_sc_hd__nand2_4       1  9.6    33    40    1096    (-,-) 
  g35/Y                                      -       A->Y  R     sky130_fd_sc_hd__nand2_4       6 22.9    87    80    1176    (-,-) 
  g34/Y                                      -       A->Y  F     sky130_fd_sc_hd__nand2_1       2 11.9    94   106    1282    (-,-) 
  g29/Y                                      -       B->Y  R     sky130_fd_sc_hd__nand2_4       7 28.7   104   129    1410    (-,-) 
  g17094__5115/Y                             -       A->Y  F     sky130_fd_sc_hd__nand2_1       1 17.6   133   140    1551    (-,-) 
  g17192/Y                                   -       B->Y  R     sky130_fd_sc_hd__nand2_8       1 51.3   112   152    1703    (-,-) 
  S[20]                                      <<<     -     R     (port)                         -    -     -     0    1703    (-,-) 
#-----------------------------------------------------------------------------------------------------------------------------------

