============================================================
  Generated by:           Genus(TM) Synthesis Solution 23.12-s086_1
  Generated on:           Apr 07 2025  06:38:51 pm
  Module:                 carry_select_adder_66668_32bits
  Operating conditions:   tt_025C_1v80 
  Interconnect mode:      global
  Area mode:              physical library
============================================================

            Instance                         Module              Cell-Count  Cell-Area  Net-Area   Total-Area 
--------------------------------------------------------------------------------------------------------------
carry_select_adder_66668_32bits NA                                      600   4085.168  2899.040     6984.208 
  CSA_BLOCKS[1].RCA_C0          ripple_carry_adder_WIDTH6_5_235          50    349.085   170.731      519.816 
    F1A                         full_adder_26_232                         5     26.275    13.488       39.763 
    full_adder_loop[1].FA       full_adder_218                           11     76.323    37.157      113.480 
    full_adder_loop[2].FA       full_adder_217                           11     73.821    37.157      110.978 
    full_adder_loop[3].FA       full_adder_216                            9     67.565    23.756       91.321 
    full_adder_loop[4].FA       full_adder_215                            7     50.048    16.969       67.017 
    full_adder_loop[5].FA       full_adder_214                            7     55.053    16.969       72.022 
  CSA_BLOCKS[1].RCA_C1          ripple_carry_adder_WIDTH6_6_237          50    359.094   174.125      533.220 
    F1A                         full_adder_32_234                         5     33.782    13.488       47.270 
    full_adder_loop[1].FA       full_adder_213                           11     77.574    37.157      114.732 
    full_adder_loop[2].FA       full_adder_212                           11     77.574    37.157      114.732 
    full_adder_loop[3].FA       full_adder_211                            9     65.062    23.756       88.819 
    full_adder_loop[4].FA       full_adder_210                            7     57.555    16.969       74.524 
    full_adder_loop[5].FA       full_adder_209                            7     47.546    20.362       67.908 
  CSA_BLOCKS[2].RCA_C0          ripple_carry_adder_WIDTH6_5_236          44    316.554   150.630      467.184 
    F1A                         full_adder_26                             1     15.014     0.000       15.014 
    full_adder_loop[1].FA       full_adder_208                           12     75.072    40.551      115.623 
    full_adder_loop[2].FA       full_adder_207                            9     58.806    23.756       82.563 
    full_adder_loop[3].FA       full_adder_206                            8     52.550    20.362       72.913 
    full_adder_loop[4].FA       full_adder_205                            7     57.555    20.362       77.918 
    full_adder_loop[5].FA       full_adder_204                            7     57.555    20.362       77.918 
  CSA_BLOCKS[2].RCA_C1          ripple_carry_adder_WIDTH6_6_238          43    260.250   140.362      400.611 
    F1A                         full_adder_32                             4     20.019    10.094       30.113 
    full_adder_loop[1].FA       full_adder_203                            9     62.560    30.370       92.930 
    full_adder_loop[2].FA       full_adder_202                            9     46.294    23.756       70.051 
    full_adder_loop[3].FA       full_adder_201                            7     43.792    16.969       60.761 
    full_adder_loop[4].FA       full_adder_200                            7     43.792    16.969       60.761 
    full_adder_loop[5].FA       full_adder_199                            7     43.792    16.969       60.761 
  CSA_BLOCKS[3].RCA_C0          ripple_carry_adder_WIDTH6_5              44    290.278   143.755      434.034 
    F1A                         full_adder_26_231                         4     26.275    10.094       36.369 
    full_adder_loop[1].FA       full_adder_198                           11     62.560    37.157       99.717 
    full_adder_loop[2].FA       full_adder_197                            7     47.546    16.969       64.514 
    full_adder_loop[3].FA       full_adder_196                            8     53.802    20.362       74.164 
    full_adder_loop[4].FA       full_adder_195                            7     50.048    16.969       67.017 
    full_adder_loop[5].FA       full_adder_194                            7     50.048    16.969       67.017 
  CSA_BLOCKS[3].RCA_C1          ripple_carry_adder_WIDTH6_6              43    266.506   140.362      406.867 
    F1A                         full_adder_32_233                         4     23.773    10.094       33.867 
    full_adder_loop[1].FA       full_adder_193                           10     63.811    33.763       97.575 
    full_adder_loop[2].FA       full_adder_192                            7     43.792    16.969       60.761 
    full_adder_loop[3].FA       full_adder_191                            8     47.546    20.362       67.908 
    full_adder_loop[4].FA       full_adder_190                            7     43.792    16.969       60.761 
    full_adder_loop[5].FA       full_adder_189                            7     43.792    16.969       60.761 
  CSA_BLOCKS[4].RCA_C0          ripple_carry_adder_WIDTH8                47    345.331   157.243      502.575 
    F1A                         full_adder_6                              4     26.275    10.094       36.369 
    full_adder_loop[1].FA       full_adder_225                           10     53.802    33.763       87.565 
    full_adder_loop[2].FA       full_adder_224                            7     48.797    16.969       65.766 
    full_adder_loop[3].FA       full_adder_223                            6     43.792    13.575       57.367 
    full_adder_loop[4].FA       full_adder_222                            6     43.792    13.575       57.367 
    full_adder_loop[5].FA       full_adder_221                            5     41.290    13.575       54.865 
    full_adder_loop[6].FA       full_adder_220                            5     47.546    10.181       57.727 
    full_adder_loop[7].FA       full_adder_219                            4     40.038    10.181       50.220 
  CSA_BLOCKS[4].RCA_C1          ripple_carry_adder_WIDTH8_1              52    351.587   179.172      530.759 
    F1A                         full_adder_50                             4     22.522    10.094       32.616 
    full_adder_loop[1].FA       full_adder_188                           11     61.309    37.157       98.466 
    full_adder_loop[2].FA       full_adder_187                            8     48.797    22.016       70.813 
    full_adder_loop[3].FA       full_adder_186                            5     45.043    10.181       55.224 
    full_adder_loop[4].FA       full_adder_185                            6     42.541    13.575       56.116 
    full_adder_loop[5].FA       full_adder_184                            5     40.038    13.575       53.613 
    full_adder_loop[6].FA       full_adder_183                            7     43.792    16.969       60.761 
    full_adder_loop[7].FA       full_adder_182                            6     47.546    20.275       67.821 
  RCA_LSB                       ripple_carry_adder_WIDTH6                50    440.422   172.385      612.807 
    F1A                         full_adder                                9     63.811    27.063       90.874 
    full_adder_loop[1].FA       full_adder_230                           11     80.077    37.157      117.234 
    full_adder_loop[2].FA       full_adder_229                           10     80.077    33.763      113.840 
    full_adder_loop[3].FA       full_adder_228                            7     71.318    16.969       88.287 
    full_adder_loop[4].FA       full_adder_227                            6     70.067    13.575       83.642 
    full_adder_loop[5].FA       full_adder_226                            7     75.072    18.622       93.694 
