============================================================
  Generated by:           Genus(TM) Synthesis Solution 23.12-s086_1
  Generated on:           Apr 07 2025  06:38:51 pm
  Module:                 carry_select_adder_66668_32bits
  Operating conditions:   tt_025C_1v80 
  Interconnect mode:      global
  Area mode:              physical library
============================================================

Timing
-------
  Cost    Critical            Violating 
 Group   Path Slack    TNS      Paths   
----------------------------------------
default       -33.1   -526.5         21 
----------------------------------------
Total                 -526.5         21 

Instance Count
--------------
Leaf Instance Count             600 
Physical Instance count           0 
Sequential Instance Count         0 
Combinational Instance Count    600 
Hierarchical Instance Count      67 

Area
----
Cell Area                          4085.168
Physical Cell Area                 0.000
Total Cell Area (Cell+Physical)    4085.168
Net Area                           2899.040
Total Area (Cell+Physical+Net)     6984.208

Max Fanout                         9 (n_388)
Min Fanout                         1 (C0[1])
Average Fanout                     1.6
Terms to net ratio                 2.4220
Terms to instance ratio            2.7167
Runtime                            29.503188 seconds
Elapsed Runtime                    32 seconds
Genus peak memory usage            1902.51 
Innovus peak memory usage          no_value 
Hostname                           cadmicro-inf-el8-623207
