============================================================
  Generated by:           Genus(TM) Synthesis Solution 23.12-s086_1
  Generated on:           Apr 07 2025  07:15:19 pm
  Module:                 carry_select_adder_461012_32bits
  Operating conditions:   tt_025C_1v80 
  Interconnect mode:      global
  Area mode:              physical library
============================================================

            Instance                        Module             Cell-Count  Cell-Area  Net-Area   Total-Area 
------------------------------------------------------------------------------------------------------------
carry_select_adder_461012_32bits NA                                   586   4399.219  2866.408     7265.627 
  CSA_BLOCKS[1].RCA_C0           ripple_carry_adder_WIDTH6             34    211.453   109.905      321.358 
    F1A                          full_adder_4                           1     15.014     0.000       15.014 
    full_adder_loop[1].FA        full_adder_227                        10     47.546    33.763       81.309 
    full_adder_loop[2].FA        full_adder_226                         6     38.787    13.575       52.362 
    full_adder_loop[3].FA        full_adder_225                         6     37.536    13.575       51.111 
    full_adder_loop[4].FA        full_adder_224                         5     33.782    10.181       43.964 
    full_adder_loop[5].FA        full_adder_223                         6     38.787    13.575       52.362 
  CSA_BLOCKS[1].RCA_C1           ripple_carry_adder_WIDTH6_1           40    221.462   133.487      354.950 
    F1A                          full_adder_48_233                      4     20.019    10.094       30.113 
    full_adder_loop[1].FA        full_adder_202                        10     47.546    33.763       81.309 
    full_adder_loop[2].FA        full_adder_201                         9     47.546    27.063       74.609 
    full_adder_loop[3].FA        full_adder_200                         6     35.034    13.575       48.609 
    full_adder_loop[4].FA        full_adder_199                         5     36.285    10.181       46.466 
    full_adder_loop[5].FA        full_adder_198                         6     35.034    13.575       48.609 
  CSA_BLOCKS[2].RCA_C0           ripple_carry_adder_WIDTH10            80    641.866   275.676      917.542 
    F1A                          full_adder_4_232                       7     31.280    20.275       51.555 
    full_adder_loop[1].FA        full_adder_222                         6     51.299    13.575       64.874 
    full_adder_loop[2].FA        full_adder_221                        11     77.574    37.157      114.732 
    full_adder_loop[3].FA        full_adder_220                        10     73.821    30.457      104.277 
    full_adder_loop[4].FA        full_adder_219                         8     68.816    20.362       89.178 
    full_adder_loop[5].FA        full_adder_218                         7     65.062    16.969       82.031 
    full_adder_loop[6].FA        full_adder_217                         9     72.570    27.063       99.633 
    full_adder_loop[7].FA        full_adder_216                         7     61.309    20.362       81.671 
    full_adder_loop[8].FA        full_adder_215                         7     61.309    20.362       81.671 
    full_adder_loop[9].FA        full_adder_214                         8     78.826    23.669      102.495 
  CSA_BLOCKS[2].RCA_C1           ripple_carry_adder_WIDTH10_1          78    645.619   270.455      916.074 
    F1A                          full_adder_48_234                      4     22.522    10.094       32.616 
    full_adder_loop[1].FA        full_adder_197                        10     86.333    33.763      120.096 
    full_adder_loop[2].FA        full_adder_196                        11     72.570    37.157      109.727 
    full_adder_loop[3].FA        full_adder_195                        11     72.570    37.157      109.727 
    full_adder_loop[4].FA        full_adder_194                         7     60.058    16.969       77.026 
    full_adder_loop[5].FA        full_adder_193                         7     65.062    16.969       82.031 
    full_adder_loop[6].FA        full_adder_192                         7     65.062    16.969       82.031 
    full_adder_loop[7].FA        full_adder_191                         7     61.309    20.362       81.671 
    full_adder_loop[8].FA        full_adder_190                         7     65.062    16.969       82.031 
    full_adder_loop[9].FA        full_adder_189                         7     75.072    18.622       93.694 
  CSA_BLOCKS[3].RCA_C0           ripple_carry_adder_WIDTH12            84    745.715   285.771     1031.486 
    F1A                          full_adder_4_231                       4     31.280    10.094       41.374 
    full_adder_loop[10].FA       full_adder_204                         5     63.811    10.181       73.992 
    full_adder_loop[11].FA       full_adder_203                         6     57.555    15.228       72.784 
    full_adder_loop[1].FA        full_adder_213                        10     82.579    33.763      116.343 
    full_adder_loop[2].FA        full_adder_212                        11     72.570    37.157      109.727 
    full_adder_loop[3].FA        full_adder_211                         8     62.560    20.362       82.922 
    full_adder_loop[4].FA        full_adder_210                         7     65.062    16.969       82.031 
    full_adder_loop[5].FA        full_adder_209                         7     65.062    16.969       82.031 
    full_adder_loop[6].FA        full_adder_208                         7     61.309    20.362       81.671 
    full_adder_loop[7].FA        full_adder_207                         6     53.802    16.969       70.770 
    full_adder_loop[8].FA        full_adder_206                         7     65.062    16.969       82.031 
    full_adder_loop[9].FA        full_adder_205                         6     65.062    13.575       78.637 
  CSA_BLOCKS[3].RCA_C1           ripple_carry_adder_WIDTH12_1          94    711.933   314.574     1026.507 
    F1A                          full_adder_48                          5     33.782    13.488       47.270 
    full_adder_loop[10].FA       full_adder_179                         6     52.550    13.575       66.125 
    full_adder_loop[11].FA       full_adder_178                        10     51.299    28.803       80.103 
    full_adder_loop[1].FA        full_adder_188                        11     78.826    37.157      115.983 
    full_adder_loop[2].FA        full_adder_187                        11     70.067    37.157      107.224 
    full_adder_loop[3].FA        full_adder_186                         8     63.811    20.362       84.174 
    full_adder_loop[4].FA        full_adder_185                         7     58.806    16.969       75.775 
    full_adder_loop[5].FA        full_adder_184                         7     60.058    16.969       77.026 
    full_adder_loop[6].FA        full_adder_183                         7     60.058    16.969       77.026 
    full_adder_loop[7].FA        full_adder_182                         7     60.058    16.969       77.026 
    full_adder_loop[8].FA        full_adder_181                         8     63.811    22.016       85.827 
    full_adder_loop[9].FA        full_adder_180                         7     58.806    16.969       75.775 
  RCA_LSB                        ripple_carry_adder_WIDTH4             24    168.912    82.842      251.754 
    F1A                          full_adder                             7     43.792    20.275       64.067 
    full_adder_loop[1].FA        full_adder_230                         8     45.043    23.669       68.712 
    full_adder_loop[2].FA        full_adder_229                         5     37.536    13.575       51.111 
    full_adder_loop[3].FA        full_adder_228                         4     42.541    10.181       52.722 
