============================================================
  Generated by:           Genus(TM) Synthesis Solution 23.12-s086_1
  Generated on:           Apr 07 2025  06:30:28 pm
  Module:                 carry_select_adder_56678_32bits
  Operating conditions:   tt_025C_1v80 
  Interconnect mode:      global
  Area mode:              physical library
============================================================

Timing
-------
  Cost    Critical         Violating 
 Group   Path Slack  TNS     Paths   
-------------------------------------
default         0.0   0.0          0 
-------------------------------------
Total                 0.0          0 

Instance Count
--------------
Leaf Instance Count             545 
Physical Instance count           0 
Sequential Instance Count         0 
Combinational Instance Count    545 
Hierarchical Instance Count      68 

Area
----
Cell Area                          3418.278
Physical Cell Area                 0.000
Total Cell Area (Cell+Physical)    3418.278
Net Area                           2697.678
Total Area (Cell+Physical+Net)     6115.956

Max Fanout                         10 (n_24)
Min Fanout                         1 (C0[1])
Average Fanout                     1.6
Terms to net ratio                 2.4306
Terms to instance ratio            2.7651
Runtime                            17.496356 seconds
Elapsed Runtime                    19 seconds
Genus peak memory usage            1894.36 
Innovus peak memory usage          no_value 
Hostname                           cadmicro-inf-el8-623207
