============================================================
  Generated by:           Genus(TM) Synthesis Solution 23.12-s086_1
  Generated on:           Apr 07 2025  06:30:28 pm
  Module:                 carry_select_adder_56678_32bits
  Operating conditions:   tt_025C_1v80 
  Interconnect mode:      global
  Area mode:              physical library
============================================================


Path 1: MET (0 ps) Path Delay Check
     Startpoint: (F) A[0]
       Endpoint: (F) Cout

                   Capture    Launch  
      Path Delay:+    1848         -  
      Drv Adjust:+       0         0  
         Arrival:=    1848            
                                      
   Required Time:=    1848            
       Data Path:-    1848            
           Slack:=       0            

Exceptions/Constraints:
  max_delay             1848            constraints.sdc_line_1 

#-----------------------------------------------------------------------------------------------------------------------------------
#               Timing Point                 Flags   Arc   Edge           Cell             Fanout Load Trans Delay Arrival Instance 
#                                                                                                 (fF)  (ps)  (ps)   (ps)  Location 
#-----------------------------------------------------------------------------------------------------------------------------------
  A[0]                                       -       -     F     (arrival)                      1  3.3  1000     0       0    (-,-) 
  g5119/X                                    -       A->X  F     sky130_fd_sc_hd__clkbuf_1      1  5.6    62   325     325    (-,-) 
  RCA_LSB/F1A/g170/Y                         -       A->Y  R     sky130_fd_sc_hd__inv_2         3 14.3    73    85     410    (-,-) 
  RCA_LSB/F1A/g177/X                         -       A1->X R     sky130_fd_sc_hd__a21o_4        1 10.6    45   125     535    (-,-) 
  RCA_LSB/F1A/g160__4733/Y                   -       B->Y  F     sky130_fd_sc_hd__nand2_4       2 14.4    42    57     592    (-,-) 
  RCA_LSB/full_adder_loop[1].FA/g119__7410/Y -       A->Y  R     sky130_fd_sc_hd__nand2_4       1 10.1    57    58     650    (-,-) 
  RCA_LSB/full_adder_loop[1].FA/g117__2346/Y -       A->Y  F     sky130_fd_sc_hd__nand2_4       2 12.2    40    52     702    (-,-) 
  RCA_LSB/full_adder_loop[2].FA/g91__4319/Y  -       A->Y  R     sky130_fd_sc_hd__nand2_4       1 10.1    55    58     760    (-,-) 
  RCA_LSB/full_adder_loop[2].FA/g89__5107/Y  -       A->Y  F     sky130_fd_sc_hd__nand2_4       2 14.7    45    56     816    (-,-) 
  RCA_LSB/full_adder_loop[3].FA/g83__1617/Y  -       A->Y  R     sky130_fd_sc_hd__nand2_4       1 10.1    55    60     875    (-,-) 
  RCA_LSB/full_adder_loop[3].FA/g81__3680/Y  -       A->Y  F     sky130_fd_sc_hd__nand2_4       2 12.2    40    52     927    (-,-) 
  RCA_LSB/full_adder_loop[4].FA/g83__7098/Y  -       A->Y  R     sky130_fd_sc_hd__nand2_4       1 10.1    57    58     984    (-,-) 
  RCA_LSB/full_adder_loop[4].FA/g81__8246/Y  -       A->Y  F     sky130_fd_sc_hd__nand2_4       2 10.4    41    49    1033    (-,-) 
  g10757/Y                                   -       A->Y  R     sky130_fd_sc_hd__inv_2         2 14.5    73    76    1110    (-,-) 
  g10747__5115/Y                             -       B->Y  F     sky130_fd_sc_hd__nand2_4       1  9.6    38    56    1165    (-,-) 
  g10743__10813/Y                            -       A->Y  R     sky130_fd_sc_hd__nand2_4       5 17.1    71    71    1236    (-,-) 
  g1/Y                                       -       C->Y  F     sky130_fd_sc_hd__nand3_1       1  3.5    60    82    1318    (-,-) 
  g10723__10814/Y                            -       B->Y  R     sky130_fd_sc_hd__nand2_1       1  5.9    72    87    1406    (-,-) 
  g10722/Y                                   -       A->Y  F     sky130_fd_sc_hd__inv_2         1 17.6    47    62    1468    (-,-) 
  g10721__2346/Y                             -       B->Y  R     sky130_fd_sc_hd__nand2_8      10 46.8   101   107    1575    (-,-) 
  g10720/Y                                   -       A->Y  F     sky130_fd_sc_hd__inv_8         9 26.8    35    49    1624    (-,-) 
  g10695__6417/Y                             -       A->Y  R     sky130_fd_sc_hd__nand2_1       1 10.1   108    96    1719    (-,-) 
  g10692__2346/Y                             -       A->Y  F     sky130_fd_sc_hd__nand2_4       1 51.3   118   128    1848    (-,-) 
  Cout                                       -       -     F     (port)                         -    -     -     0    1848    (-,-) 
#-----------------------------------------------------------------------------------------------------------------------------------

