============================================================
  Generated by:           Genus(TM) Synthesis Solution 23.12-s086_1
  Generated on:           Apr 07 2025  06:30:28 pm
  Module:                 carry_select_adder_56678_32bits
  Operating conditions:   tt_025C_1v80 
  Interconnect mode:      global
  Area mode:              physical library
============================================================

            Instance                         Module              Cell-Count  Cell-Area  Net-Area   Total-Area 
--------------------------------------------------------------------------------------------------------------
carry_select_adder_56678_32bits NA                                      545   3418.278  2697.678     6115.956 
  CSA_BLOCKS[1].RCA_C0          ripple_carry_adder_WIDTH6                46    281.520   157.156      438.676 
    F1A                         full_adder_32_230                         4     20.019    10.094       30.113 
    full_adder_loop[1].FA       full_adder_224                           11     56.304    37.157       93.461 
    full_adder_loop[2].FA       full_adder_223                           11     60.058    37.157       97.215 
    full_adder_loop[3].FA       full_adder_222                            7     50.048    16.969       67.017 
    full_adder_loop[4].FA       full_adder_221                            6     45.043    13.575       58.618 
    full_adder_loop[5].FA       full_adder_220                            7     50.048    16.969       67.017 
  CSA_BLOCKS[1].RCA_C1          ripple_carry_adder_WIDTH6_3_234          41    253.994   133.574      387.568 
    F1A                         full_adder_38_231                         4     22.522    10.094       32.616 
    full_adder_loop[1].FA       full_adder_206                            5     43.792    10.181       53.973 
    full_adder_loop[2].FA       full_adder_205                           11     56.304    37.157       93.461 
    full_adder_loop[3].FA       full_adder_204                            7     43.792    16.969       60.761 
    full_adder_loop[4].FA       full_adder_203                            7     43.792    16.969       60.761 
    full_adder_loop[5].FA       full_adder_202                            7     43.792    16.969       60.761 
  CSA_BLOCKS[2].RCA_C0          ripple_carry_adder_WIDTH6_233            37    232.723   120.086      352.809 
    F1A                         full_adder_32                             1     15.014     0.000       15.014 
    full_adder_loop[1].FA       full_adder_201                           10     52.550    33.763       86.314 
    full_adder_loop[2].FA       full_adder_200                            8     45.043    20.362       65.406 
    full_adder_loop[3].FA       full_adder_199                            7     43.792    16.969       60.761 
    full_adder_loop[4].FA       full_adder_198                            6     40.038    13.575       53.613 
    full_adder_loop[5].FA       full_adder_197                            5     36.285    10.181       46.466 
  CSA_BLOCKS[2].RCA_C1          ripple_carry_adder_WIDTH6_3              42    222.714   136.968      359.682 
    F1A                         full_adder_38                             4     20.019    10.094       30.113 
    full_adder_loop[1].FA       full_adder_196                           10     50.048    33.763       83.811 
    full_adder_loop[2].FA       full_adder_195                            9     43.792    23.756       67.548 
    full_adder_loop[3].FA       full_adder_194                            7     38.787    16.969       55.756 
    full_adder_loop[4].FA       full_adder_193                            6     35.034    13.575       48.609 
    full_adder_loop[5].FA       full_adder_192                            6     35.034    13.575       48.609 
  CSA_BLOCKS[3].RCA_C0          ripple_carry_adder_WIDTH7                53    315.302   182.566      497.868 
    F1A                         full_adder_11                             4     27.526    10.094       37.621 
    full_adder_loop[1].FA       full_adder_219                           11     56.304    37.157       93.461 
    full_adder_loop[2].FA       full_adder_218                           11     57.555    37.157       94.712 
    full_adder_loop[3].FA       full_adder_217                            7     45.043    16.969       62.012 
    full_adder_loop[4].FA       full_adder_216                            7     45.043    16.969       62.012 
    full_adder_loop[5].FA       full_adder_215                            7     45.043    16.969       62.012 
    full_adder_loop[6].FA       full_adder_214                            6     38.787    16.969       55.756 
  CSA_BLOCKS[3].RCA_C1          ripple_carry_adder_WIDTH7_1              53    314.051   182.566      496.617 
    F1A                         full_adder_51_232                         4     25.024    10.094       35.118 
    full_adder_loop[1].FA       full_adder_191                           11     57.555    37.157       94.712 
    full_adder_loop[2].FA       full_adder_190                           11     57.555    37.157       94.712 
    full_adder_loop[3].FA       full_adder_189                            7     46.294    16.969       63.263 
    full_adder_loop[4].FA       full_adder_188                            7     43.792    16.969       60.761 
    full_adder_loop[5].FA       full_adder_187                            7     43.792    16.969       60.761 
    full_adder_loop[6].FA       full_adder_186                            6     40.038    16.969       57.007 
  CSA_BLOCKS[4].RCA_C0          ripple_carry_adder_WIDTH8                42    307.795   145.409      453.204 
    F1A                         full_adder_11_229                         4     20.019    10.094       30.113 
    full_adder_loop[1].FA       full_adder_213                           10     51.299    33.763       85.063 
    full_adder_loop[2].FA       full_adder_212                            7     41.290    16.969       58.258 
    full_adder_loop[3].FA       full_adder_211                            6     40.038    13.575       53.613 
    full_adder_loop[4].FA       full_adder_210                            5     37.536    13.575       51.111 
    full_adder_loop[5].FA       full_adder_209                            5     43.792    13.575       57.367 
    full_adder_loop[6].FA       full_adder_208                            4     40.038    10.181       50.220 
    full_adder_loop[7].FA       full_adder_207                            1     33.782     0.000       33.782 
  CSA_BLOCKS[4].RCA_C1          ripple_carry_adder_WIDTH8_1              46    307.795   155.590      463.385 
    F1A                         full_adder_51                             4     22.522    10.094       32.616 
    full_adder_loop[1].FA       full_adder_185                           10     52.550    33.763       86.314 
    full_adder_loop[2].FA       full_adder_184                            8     47.546    20.362       67.908 
    full_adder_loop[3].FA       full_adder_183                            6     37.536    13.575       51.111 
    full_adder_loop[4].FA       full_adder_182                            6     35.034    13.575       48.609 
    full_adder_loop[5].FA       full_adder_181                            6     41.290    16.969       58.258 
    full_adder_loop[6].FA       full_adder_180                            5     37.536    13.575       51.111 
    full_adder_loop[7].FA       full_adder_179                            1     33.782     0.000       33.782 
  RCA_LSB                       ripple_carry_adder_WIDTH5                36    296.534   121.653      418.187 
    F1A                         full_adder                                8     63.811    26.976       90.787 
    full_adder_loop[1].FA       full_adder_228                           10     65.062    33.763       98.826 
    full_adder_loop[2].FA       full_adder_227                            7     56.304    16.969       73.273 
    full_adder_loop[3].FA       full_adder_226                            5     55.053    10.181       65.234 
    full_adder_loop[4].FA       full_adder_225                            6     56.304    13.575       69.879 
