============================================================
  Generated by:           Genus(TM) Synthesis Solution 23.12-s086_1
  Generated on:           Apr 09 2025  12:40:17 pm
  Module:                 carry_increment_32bits
  Operating conditions:   tt_025C_1v80 
  Interconnect mode:      global
  Area mode:              physical library
============================================================


Path 1: MET (0 ps) Path Delay Check
     Startpoint: (R) B[0]
       Endpoint: (R) S[31]

                   Capture    Launch  
      Path Delay:+    4350         -  
      Drv Adjust:+       0         0  
         Arrival:=    4350            
                                      
   Required Time:=    4350            
       Data Path:-    4350            
           Slack:=       0            

Exceptions/Constraints:
  max_delay             4350            constraints.sdc_line_1 

#---------------------------------------------------------------------------------------------------------------------------------
#             Timing Point               Flags    Arc    Edge           Cell             Fanout Load Trans Delay Arrival Instance 
#                                                                                               (fF)  (ps)  (ps)   (ps)  Location 
#---------------------------------------------------------------------------------------------------------------------------------
  B[0]                                   -       -       R     (arrival)                      1  3.5  1000     0       0    (-,-) 
  g224/X                                 -       A->X    R     sky130_fd_sc_hd__clkbuf_1      1  5.9    90   179     179    (-,-) 
  RCA1/F1A/g107/Y                        -       A->Y    F     sky130_fd_sc_hd__inv_2         3 10.3    37    53     232    (-,-) 
  RCA1/F1A/g108__6260/X                  -       A->X    F     sky130_fd_sc_hd__or2_1         1  3.5    53   223     455    (-,-) 
  RCA1/F1A/g95__2398/Y                   -       B->Y    R     sky130_fd_sc_hd__nand2_1       2  8.8    97   102     557    (-,-) 
  RCA1/full_adder_loop[1].FA/g62__3680/Y -       A->Y    F     sky130_fd_sc_hd__nand2_1       1  3.6    46    63     621    (-,-) 
  RCA1/full_adder_loop[1].FA/g60__5526/Y -       A->Y    R     sky130_fd_sc_hd__nand2_1       2  8.8   106    92     712    (-,-) 
  RCA1/full_adder_loop[2].FA/g62__7098/Y -       A->Y    F     sky130_fd_sc_hd__nand2_1       1  3.6    48    66     779    (-,-) 
  RCA1/full_adder_loop[2].FA/g60__5122/Y -       A->Y    R     sky130_fd_sc_hd__nand2_1       2  8.4    99    90     869    (-,-) 
  RCA1/full_adder_loop[3].FA/g59__6161/Y -       B1->Y   F     sky130_fd_sc_hd__o21ai_1       1  3.6    55    78     947    (-,-) 
  RCA1/full_adder_loop[3].FA/g57__7482/Y -       B->Y    R     sky130_fd_sc_hd__nand2b_1      2  6.2    81    92    1039    (-,-) 
  g777__9315/X                           -       A->X    R     sky130_fd_sc_hd__and3_1        2  6.6    85   174    1214    (-,-) 
  g775__4733/COUT                        -       B->COUT R     sky130_fd_sc_hd__ha_2          2  8.9    70   191    1405    (-,-) 
  g773__5115/X                           -       A1->X   R     sky130_fd_sc_hd__a21o_1        2  7.1    74   133    1538    (-,-) 
  g770__7098/X                           -       A->X    R     sky130_fd_sc_hd__and4_4        3 10.9    71   221    1759    (-,-) 
  g767__1705/X                           -       A1->X   R     sky130_fd_sc_hd__a21o_1        2  6.2    66   128    1888    (-,-) 
  g764__3680/X                           -       A->X    R     sky130_fd_sc_hd__and4_2        3 13.0   101   248    2135    (-,-) 
  g761__8428/Y                           -       A1->Y   F     sky130_fd_sc_hd__a21oi_2       2 14.7    73    92    2227    (-,-) 
  g2__2883/Y                             -       A->Y    R     sky130_fd_sc_hd__nor2b_4       2  9.0    89   128    2355    (-,-) 
  g757/Y                                 -       A->Y    F     sky130_fd_sc_hd__inv_2         1  5.4    28    41    2396    (-,-) 
  g756__6260/Y                           -       A->Y    R     sky130_fd_sc_hd__nor2b_2       2  6.1    95   113    2509    (-,-) 
  g754__2398/COUT                        -       B->COUT R     sky130_fd_sc_hd__ha_1          2  8.9   103   192    2701    (-,-) 
  g752__6417/X                           -       A1->X   R     sky130_fd_sc_hd__a21o_1        2  7.1    74   144    2845    (-,-) 
  g749__2346/X                           -       A->X    R     sky130_fd_sc_hd__and4_4        3 10.9    71   221    3066    (-,-) 
  g746__9315/X                           -       A1->X   R     sky130_fd_sc_hd__a21o_1        2  7.1    74   134    3200    (-,-) 
  g743__7482/X                           -       A->X    R     sky130_fd_sc_hd__and4_4        3 10.8    70   221    3421    (-,-) 
  g741__1881/Y                           -       A->Y    F     sky130_fd_sc_hd__nand2_1       1  5.6    56    67    3488    (-,-) 
  g739__7098/Y                           -       A->Y    R     sky130_fd_sc_hd__nand2_2       1  9.4    69    75    3563    (-,-) 
  g738__8246/COUT                        -       B->COUT R     sky130_fd_sc_hd__ha_4          2  6.0    38   123    3686    (-,-) 
  g780__2346/X                           -       B->X    R     sky130_fd_sc_hd__and2_1        2  6.6    82   139    3825    (-,-) 
  g734__1705/COUT                        -       B->COUT R     sky130_fd_sc_hd__ha_2          2  8.9    70   190    4016    (-,-) 
  g733/Y                                 -       A->Y    F     sky130_fd_sc_hd__inv_2         2 10.2    33    48    4063    (-,-) 
  g732__2802/X                           -       A2_N->X R     sky130_fd_sc_hd__a2bb2o_4      1 51.3   168   286    4350    (-,-) 
  S[31]                                  <<<     -       R     (port)                         -    -     -     0    4350    (-,-) 
#---------------------------------------------------------------------------------------------------------------------------------

