============================================================
  Generated by:           Genus(TM) Synthesis Solution 23.12-s086_1
  Generated on:           Apr 09 2025  12:40:17 pm
  Module:                 carry_increment_32bits
  Operating conditions:   tt_025C_1v80 
  Interconnect mode:      global
  Area mode:              physical library
============================================================

Timing
-------
  Cost    Critical         Violating 
 Group   Path Slack  TNS     Paths   
-------------------------------------
default         0.0   0.0          0 
-------------------------------------
Total                 0.0          0 

Instance Count
--------------
Leaf Instance Count             124 
Physical Instance count           0 
Sequential Instance Count         0 
Combinational Instance Count    124 
Hierarchical Instance Count      40 

Area
----
Cell Area                          1247.446
Physical Cell Area                 0.000
Total Cell Area (Cell+Physical)    1247.446
Net Area                           902.823
Total Area (Cell+Physical+Net)     2150.269

Max Fanout                         3 (S1[7][3])
Min Fanout                         1 (C2[0])
Average Fanout                     1.3
Terms to net ratio                 1.9039
Terms to instance ratio            3.5161
Runtime                            12.80012 seconds
Elapsed Runtime                    15 seconds
Genus peak memory usage            1891.44 
Innovus peak memory usage          no_value 
Hostname                           cadmicro-inf-el8-623207
