============================================================
  Generated by:           Genus(TM) Synthesis Solution 23.12-s086_1
  Generated on:           Apr 07 2025  05:35:52 pm
  Module:                 carry_select_adder
  Operating conditions:   tt_025C_1v80 
  Interconnect mode:      global
  Area mode:              physical library
============================================================

Timing
-------
  Cost    Critical          Violating 
 Group   Path Slack   TNS     Paths   
--------------------------------------
default        -5.6   -8.6          2 
--------------------------------------
Total                 -8.6          2 

Instance Count
--------------
Leaf Instance Count             546 
Physical Instance count           0 
Sequential Instance Count         0 
Combinational Instance Count    546 
Hierarchical Instance Count      67 

Area
----
Cell Area                          3861.203
Physical Cell Area                 0.000
Total Cell Area (Cell+Physical)    3861.203
Net Area                           2722.217
Total Area (Cell+Physical+Net)     6583.420

Max Fanout                         13 (n_309)
Min Fanout                         1 (C0[1])
Average Fanout                     1.6
Terms to net ratio                 2.4619
Terms to instance ratio            2.7821
Runtime                            24.535842 seconds
Elapsed Runtime                    26 seconds
Genus peak memory usage            1900.48 
Innovus peak memory usage          no_value 
Hostname                           cadmicro-inf-el8-623207
