============================================================
  Generated by:           Genus(TM) Synthesis Solution 23.12-s086_1
  Generated on:           Apr 07 2025  04:57:53 pm
  Module:                 carry_bypass8_32bits
  Operating conditions:   tt_025C_1v80 
  Interconnect mode:      global
  Area mode:              physical library
============================================================

       Instance           Module     Cell-Count  Cell-Area  Net-Area   Total-Area 
----------------------------------------------------------------------------------
carry_bypass8_32bits  NA                    376   2333.488  1883.527     4217.015 
  BPS1                bypass8                82    505.485   280.810      786.295 
    FA1               full_adder              6     45.043    15.228       60.272 
    FA2               full_adder_96          11     56.304    37.157       93.461 
    FA3               full_adder_95          11     57.555    37.157       94.712 
    FA4               full_adder_94           9     48.797    23.756       72.553 
    FA5               full_adder_93           7     45.043    16.969       62.012 
    FA6               full_adder_92           8     47.546    22.016       69.561 
    FA7               full_adder_91           7     43.792    16.969       60.761 
    FA8               full_adder_90           7     38.787    16.969       55.756 
  bypass_loop[1].BPS2 bypass8_7              83    511.741   285.858      797.598 
    FA1               full_adder_89           9     51.299    27.063       78.362 
    FA2               full_adder_88           8     47.546    22.016       69.561 
    FA3               full_adder_87           9     52.550    27.063       79.613 
    FA4               full_adder_86           8     47.546    22.016       69.561 
    FA5               full_adder_85           9     51.299    27.063       78.362 
    FA6               full_adder_84           9     51.299    27.063       78.362 
    FA7               full_adder_83           8     48.797    22.016       70.813 
    FA8               full_adder_82           9     48.797    27.063       75.860 
  bypass_loop[2].BPS2 bypass8_6              75    504.234   252.094      756.328 
    FA1               full_adder_81           9     51.299    27.063       78.362 
    FA2               full_adder_80           8     47.546    22.016       69.561 
    FA3               full_adder_79           9     51.299    27.063       78.362 
    FA4               full_adder_78           8     47.546    22.016       69.561 
    FA5               full_adder_77           7     50.048    18.622       68.670 
    FA6               full_adder_76           7     50.048    18.622       68.670 
    FA7               full_adder_75           7     50.048    18.622       68.670 
    FA8               full_adder_74           6     43.792    13.575       57.367 
  bypass_loop[3].BPS2 bypass8_5              63    519.248   199.796      719.044 
    FA1               full_adder_73           5     46.294    10.181       56.476 
    FA2               full_adder_72           6     46.294    13.575       59.869 
    FA3               full_adder_71           6     48.797    13.575       62.372 
    FA4               full_adder_70           5     46.294    10.181       56.476 
    FA5               full_adder_69           6     50.048    13.575       63.623 
    FA6               full_adder_68           6     56.304    13.575       69.879 
    FA7               full_adder_67           5     57.555    10.181       67.736 
    FA8               full_adder_66           9     53.802    25.410       79.211 
