============================================================
  Generated by:           Genus(TM) Synthesis Solution 23.12-s086_1
  Generated on:           Apr 07 2025  04:57:53 pm
  Module:                 carry_bypass8_32bits
  Operating conditions:   tt_025C_1v80 
  Interconnect mode:      global
  Area mode:              physical library
============================================================

Timing
-------
  Cost    Critical         Violating 
 Group   Path Slack  TNS     Paths   
-------------------------------------
default         0.0   0.0          0 
-------------------------------------
Total                 0.0          0 

Instance Count
--------------
Leaf Instance Count             376 
Physical Instance count           0 
Sequential Instance Count         0 
Combinational Instance Count    376 
Hierarchical Instance Count      36 

Area
----
Cell Area                          2333.488
Physical Cell Area                 0.000
Total Cell Area (Cell+Physical)    2333.488
Net Area                           1883.527
Total Area (Cell+Physical+Net)     4217.015

Max Fanout                         4 (n_3)
Min Fanout                         1 (Cout)
Average Fanout                     1.5
Terms to net ratio                 2.3220
Terms to instance ratio            2.7234
Runtime                            15.594746000000002 seconds
Elapsed Runtime                    17 seconds
Genus peak memory usage            1892.61 
Innovus peak memory usage          no_value 
Hostname                           cadmicro-inf-el8-623207
