============================================================
  Generated by:           Genus(TM) Synthesis Solution 23.12-s086_1
  Generated on:           Apr 07 2025  06:23:09 pm
  Module:                 carry_select_adder_56678_32bits
  Operating conditions:   tt_025C_1v80 
  Interconnect mode:      global
  Area mode:              physical library
============================================================


Path 1: VIOLATED (-244 ps) Path Delay Check
     Startpoint: (F) B[18]
       Endpoint: (R) S[29]

                   Capture    Launch  
      Path Delay:+    1430         -  
      Drv Adjust:+       0         0  
         Arrival:=    1430            
                                      
   Required Time:=    1430            
       Data Path:-    1674            
           Slack:=    -244            

Exceptions/Constraints:
  max_delay             1430            constraints.sdc_line_1 

#------------------------------------------------------------------------------------------------------------------------------------------------
#                      Timing Point                       Flags   Arc   Edge           Cell             Fanout Load Trans Delay Arrival Instance 
#                                                                                                              (fF)  (ps)  (ps)   (ps)  Location 
#------------------------------------------------------------------------------------------------------------------------------------------------
  B[18]                                                   -       -     F     (arrival)                      2  5.9  1000     0       0    (-,-) 
  g11498/X                                                -       A->X  F     sky130_fd_sc_hd__clkbuf_1      1  6.1    64   328     328    (-,-) 
  CSA_BLOCKS[3].RCA_C1/full_adder_loop[1].FA/g191/Y       -       A->Y  R     sky130_fd_sc_hd__clkinv_2      2 11.1    49    67     395    (-,-) 
  CSA_BLOCKS[3].RCA_C1/full_adder_loop[1].FA/g183__8428/Y -       B->Y  F     sky130_fd_sc_hd__nand2_2       1  9.7    49    64     459    (-,-) 
  CSA_BLOCKS[3].RCA_C1/full_adder_loop[1].FA/g181__6260/Y -       B->Y  R     sky130_fd_sc_hd__nand2_4       1 10.1    52    71     531    (-,-) 
  CSA_BLOCKS[3].RCA_C1/full_adder_loop[1].FA/g179__2398/Y -       A->Y  F     sky130_fd_sc_hd__nand2_4       2 11.8    38    50     581    (-,-) 
  CSA_BLOCKS[3].RCA_C1/full_adder_loop[2].FA/g124__1617/Y -       A->Y  R     sky130_fd_sc_hd__nand2_4       1 10.1    54    56     637    (-,-) 
  CSA_BLOCKS[3].RCA_C1/full_adder_loop[2].FA/g122__6783/Y -       A->Y  F     sky130_fd_sc_hd__nand2_4       2 11.8    38    51     688    (-,-) 
  CSA_BLOCKS[3].RCA_C1/full_adder_loop[3].FA/g16/Y        -       A->Y  R     sky130_fd_sc_hd__nand2_4       1 10.1    52    57     744    (-,-) 
  CSA_BLOCKS[3].RCA_C1/full_adder_loop[3].FA/g15/Y        -       A->Y  F     sky130_fd_sc_hd__nand2_4       2 11.8    38    50     795    (-,-) 
  CSA_BLOCKS[3].RCA_C1/full_adder_loop[4].FA/g124__9315/Y -       A->Y  R     sky130_fd_sc_hd__nand2_4       1 10.1    52    56     851    (-,-) 
  CSA_BLOCKS[3].RCA_C1/full_adder_loop[4].FA/g122__4733/Y -       A->Y  F     sky130_fd_sc_hd__nand2_4       2 11.8    38    50     902    (-,-) 
  CSA_BLOCKS[3].RCA_C1/full_adder_loop[5].FA/g124__6417/Y -       A->Y  R     sky130_fd_sc_hd__nand2_4       1 10.1    52    56     958    (-,-) 
  CSA_BLOCKS[3].RCA_C1/full_adder_loop[5].FA/g122__1666/Y -       A->Y  F     sky130_fd_sc_hd__nand2_4       2 11.8    38    50    1008    (-,-) 
  CSA_BLOCKS[3].RCA_C1/full_adder_loop[6].FA/g21/Y        -       A->Y  R     sky130_fd_sc_hd__nand2_4       1 10.1    52    56    1065    (-,-) 
  CSA_BLOCKS[3].RCA_C1/full_adder_loop[6].FA/g20/Y        -       A->Y  F     sky130_fd_sc_hd__nand2_4       2 10.5    36    48    1113    (-,-) 
  g158/Y                                                  -       A->Y  R     sky130_fd_sc_hd__nand2_2       1  5.9    51    54    1168    (-,-) 
  g11846/Y                                                -       B->Y  F     sky130_fd_sc_hd__nand2_2       1  9.6    49    65    1232    (-,-) 
  g11845/Y                                                -       A->Y  R     sky130_fd_sc_hd__nand2_4       4 24.0    90    89    1322    (-,-) 
  g11837/Y                                                -       B->Y  F     sky130_fd_sc_hd__nand2_4       5 21.9    60    80    1401    (-,-) 
  fopt11606/Y                                             -       A->Y  R     sky130_fd_sc_hd__clkinv_2      2 11.1    48    65    1466    (-,-) 
  g11373__1666/Y                                          -       A->Y  F     sky130_fd_sc_hd__nand2_2       1  9.6    62    58    1524    (-,-) 
  g11362__7098/Y                                          -       A->Y  R     sky130_fd_sc_hd__nand2_4       1 51.3   165   149    1674    (-,-) 
  S[29]                                                   <<<     -     R     (port)                         -    -     -     0    1674    (-,-) 
#------------------------------------------------------------------------------------------------------------------------------------------------

