============================================================
  Generated by:           Genus(TM) Synthesis Solution 23.12-s086_1
  Generated on:           Apr 07 2025  06:23:09 pm
  Module:                 carry_select_adder_56678_32bits
  Operating conditions:   tt_025C_1v80 
  Interconnect mode:      global
  Area mode:              physical library
============================================================

Timing
-------
  Cost    Critical             Violating 
 Group   Path Slack    TNS       Paths   
-----------------------------------------
default      -244.1   -5001.4         27 
-----------------------------------------
Total                 -5001.4         27 

Instance Count
--------------
Leaf Instance Count             670 
Physical Instance count           0 
Sequential Instance Count         0 
Combinational Instance Count    670 
Hierarchical Instance Count      68 

Area
----
Cell Area                          4715.773
Physical Cell Area                 0.000
Total Cell Area (Cell+Physical)    4715.773
Net Area                           3166.362
Total Area (Cell+Physical+Net)     7882.135

Max Fanout                         7 (n_265)
Min Fanout                         1 (C0[4])
Average Fanout                     1.5
Terms to net ratio                 2.4038
Terms to instance ratio            2.6657
Runtime                            36.441068 seconds
Elapsed Runtime                    38 seconds
Genus peak memory usage            1900.95 
Innovus peak memory usage          no_value 
Hostname                           cadmicro-inf-el8-623207
