============================================================
  Generated by:           Genus(TM) Synthesis Solution 23.12-s086_1
  Generated on:           Apr 07 2025  06:23:09 pm
  Module:                 carry_select_adder_56678_32bits
  Operating conditions:   tt_025C_1v80 
  Interconnect mode:      global
  Area mode:              physical library
============================================================

            Instance                         Module              Cell-Count  Cell-Area  Net-Area   Total-Area 
--------------------------------------------------------------------------------------------------------------
carry_select_adder_56678_32bits NA                                      670   4715.773  3166.362     7882.135 
  CSA_BLOCKS[1].RCA_C0          ripple_carry_adder_WIDTH6                49    365.350   168.991      534.341 
    F1A                         full_adder_32_230                         4     27.526    10.094       37.621 
    full_adder_loop[1].FA       full_adder_224                            7     63.811    16.969       80.780 
    full_adder_loop[2].FA       full_adder_223                           10     66.314    33.763      100.077 
    full_adder_loop[3].FA       full_adder_222                           11     68.816    33.850      102.666 
    full_adder_loop[4].FA       full_adder_221                            9     67.565    27.063       94.628 
    full_adder_loop[5].FA       full_adder_220                            8     71.318    22.016       93.334 
  CSA_BLOCKS[1].RCA_C1          ripple_carry_adder_WIDTH6_3_234          50    342.829   170.731      513.560 
    F1A                         full_adder_38_231                         4     27.526    10.094       37.621 
    full_adder_loop[1].FA       full_adder_206                            9     58.806    23.756       82.563 
    full_adder_loop[2].FA       full_adder_205                           11     71.318    37.157      108.476 
    full_adder_loop[3].FA       full_adder_204                            9     63.811    25.410       89.221 
    full_adder_loop[4].FA       full_adder_203                            9     63.811    27.063       90.874 
    full_adder_loop[5].FA       full_adder_202                            8     57.555    22.016       79.571 
  CSA_BLOCKS[2].RCA_C0          ripple_carry_adder_WIDTH6_233            49    311.549   170.644      482.193 
    F1A                         full_adder_32                             4     27.526    10.094       37.621 
    full_adder_loop[1].FA       full_adder_201                            9     63.811    30.370       94.181 
    full_adder_loop[2].FA       full_adder_200                           11     56.304    37.157       93.461 
    full_adder_loop[3].FA       full_adder_199                            9     51.299    23.756       75.055 
    full_adder_loop[4].FA       full_adder_198                            7     48.797    16.969       65.766 
    full_adder_loop[5].FA       full_adder_197                            9     63.811    27.063       90.874 
  CSA_BLOCKS[2].RCA_C1          ripple_carry_adder_WIDTH6_3              49    355.341   164.031      519.372 
    F1A                         full_adder_38                             5     37.536    13.488       51.024 
    full_adder_loop[1].FA       full_adder_196                           11     58.806    37.157       95.964 
    full_adder_loop[2].FA       full_adder_195                            8     63.811    20.362       84.174 
    full_adder_loop[3].FA       full_adder_194                           11     70.067    30.544      100.611 
    full_adder_loop[4].FA       full_adder_193                            5     56.304    10.181       66.485 
    full_adder_loop[5].FA       full_adder_192                            9     68.816    27.063       95.879 
  CSA_BLOCKS[3].RCA_C0          ripple_carry_adder_WIDTH7                55    449.181   195.967      645.148 
    F1A                         full_adder_11                             4     28.778    10.094       38.872 
    full_adder_loop[1].FA       full_adder_219                           11     80.077    37.157      117.234 
    full_adder_loop[2].FA       full_adder_218                           10     76.323    33.763      110.087 
    full_adder_loop[3].FA       full_adder_217                            8     73.821    23.669       97.490 
    full_adder_loop[4].FA       full_adder_216                            9     72.570    27.063       99.633 
    full_adder_loop[5].FA       full_adder_215                            6     61.309    13.575       74.884 
    full_adder_loop[6].FA       full_adder_214                            7     56.304    20.362       76.666 
  CSA_BLOCKS[3].RCA_C1          ripple_carry_adder_WIDTH7_1              60    480.461   211.195      691.656 
    F1A                         full_adder_51_232                         5     37.536    13.488       51.024 
    full_adder_loop[1].FA       full_adder_191                           10     75.072    33.763      108.835 
    full_adder_loop[2].FA       full_adder_190                           11     82.579    37.157      119.736 
    full_adder_loop[3].FA       full_adder_189                           10     78.826    30.457      109.282 
    full_adder_loop[4].FA       full_adder_188                            9     72.570    27.063       99.633 
    full_adder_loop[5].FA       full_adder_187                            8     68.816    22.016       90.832 
    full_adder_loop[6].FA       full_adder_186                            7     65.062    16.969       82.031 
  CSA_BLOCKS[4].RCA_C0          ripple_carry_adder_WIDTH8                50    370.355   172.472      542.827 
    F1A                         full_adder_11_229                         4     36.285    10.094       46.379 
    full_adder_loop[1].FA       full_adder_213                           10     56.304    33.763       90.067 
    full_adder_loop[2].FA       full_adder_212                            7     45.043    16.969       62.012 
    full_adder_loop[3].FA       full_adder_211                            6     41.290    13.575       54.865 
    full_adder_loop[4].FA       full_adder_210                            7     47.546    18.622       66.168 
    full_adder_loop[5].FA       full_adder_209                            5     47.546    13.575       61.121 
    full_adder_loop[6].FA       full_adder_208                            6     51.299    16.969       68.268 
    full_adder_loop[7].FA       full_adder_207                            5     45.043    13.575       58.618 
  CSA_BLOCKS[4].RCA_C1          ripple_carry_adder_WIDTH8_1              53    350.336   189.353      539.689 
    F1A                         full_adder_51                             5     32.531    13.488       46.019 
    full_adder_loop[1].FA       full_adder_185                           10     56.304    33.763       90.067 
    full_adder_loop[2].FA       full_adder_184                            9     52.550    25.410       77.960 
    full_adder_loop[3].FA       full_adder_183                            8     47.546    23.669       71.215 
    full_adder_loop[4].FA       full_adder_182                            6     43.792    16.969       60.761 
    full_adder_loop[5].FA       full_adder_181                            5     40.038    13.575       53.613 
    full_adder_loop[6].FA       full_adder_180                            5     40.038    13.575       53.613 
    full_adder_loop[7].FA       full_adder_179                            5     37.536    13.575       51.111 
  RCA_LSB                       ripple_carry_adder_WIDTH5                46    409.142   165.510      574.653 
    F1A                         full_adder                               12     91.338    42.204      133.542 
    full_adder_loop[1].FA       full_adder_228                           10     82.579    33.763      116.343 
    full_adder_loop[2].FA       full_adder_227                           10     83.830    33.763      117.594 
    full_adder_loop[3].FA       full_adder_226                            8     78.826    22.016      100.841 
    full_adder_loop[4].FA       full_adder_225                            6     72.570    13.575       86.145 
