============================================================
  Generated by:           Genus(TM) Synthesis Solution 23.12-s086_1
  Generated on:           Apr 07 2025  05:15:00 pm
  Module:                 carry_skip4_32bits
  Operating conditions:   tt_025C_1v80 
  Interconnect mode:      global
  Area mode:              physical library
============================================================

Timing
-------
  Cost    Critical            Violating 
 Group   Path Slack    TNS      Paths   
----------------------------------------
default      -235.9   -889.9          5 
----------------------------------------
Total                 -889.9          5 

Instance Count
--------------
Leaf Instance Count             407 
Physical Instance count           0 
Sequential Instance Count         0 
Combinational Instance Count    407 
Hierarchical Instance Count      40 

Area
----
Cell Area                          3369.482
Physical Cell Area                 0.000
Total Cell Area (Cell+Physical)    3369.482
Net Area                           2008.573
Total Area (Cell+Physical+Net)     5378.055

Max Fanout                         4 (n_0)
Min Fanout                         1 (Cout)
Average Fanout                     1.5
Terms to net ratio                 2.3284
Terms to instance ratio            2.7002
Runtime                            40.643384000000005 seconds
Elapsed Runtime                    42 seconds
Genus peak memory usage            1899.96 
Innovus peak memory usage          no_value 
Hostname                           cadmicro-inf-el8-623207
