============================================================
  Generated by:           Genus(TM) Synthesis Solution 23.12-s086_1
  Generated on:           Apr 07 2025  05:15:00 pm
  Module:                 carry_skip4_32bits
  Operating conditions:   tt_025C_1v80 
  Interconnect mode:      global
  Area mode:              physical library
============================================================


Path 1: VIOLATED (-236 ps) Path Delay Check
     Startpoint: (F) A[0]
       Endpoint: (F) Cout

                   Capture    Launch  
      Path Delay:+    4500         -  
      Drv Adjust:+       0         0  
         Arrival:=    4500            
                                      
   Required Time:=    4500            
       Data Path:-    4736            
           Slack:=    -236            

Exceptions/Constraints:
  max_delay             4500            constraints.sdc_line_1 

#-----------------------------------------------------------------------------------------------------------------------------
#            Timing Point              Flags   Arc   Edge           Cell             Fanout Load Trans Delay Arrival Instance 
#                                                                                           (fF)  (ps)  (ps)   (ps)  Location 
#-----------------------------------------------------------------------------------------------------------------------------
  A[0]                                 -       -     F     (arrival)                      1  8.0  1000     0       0    (-,-) 
  g59/X                                -       A->X  F     sky130_fd_sc_hd__buf_8         4 20.7    56   425     425    (-,-) 
  CSKIP1/FA1/g194__6260/Y              -       A->Y  R     sky130_fd_sc_hd__nor2_4        1  6.0    72   105     530    (-,-) 
  CSKIP1/FA1/g191__2398/Y              -       A2->Y F     sky130_fd_sc_hd__o21ai_2       2  7.8    49    65     595    (-,-) 
  CSKIP1/FA2/g124__3680/Y              -       A->Y  R     sky130_fd_sc_hd__nand2_2       1  5.9    51    60     655    (-,-) 
  CSKIP1/FA2/g122__5526/Y              -       A->Y  F     sky130_fd_sc_hd__nand2_2       2  7.8    42    54     709    (-,-) 
  CSKIP1/FA3/g124__7098/Y              -       A->Y  R     sky130_fd_sc_hd__nand2_2       1  5.9    51    57     766    (-,-) 
  CSKIP1/FA3/g122__5122/Y              -       A->Y  F     sky130_fd_sc_hd__nand2_2       2  7.8    42    54     820    (-,-) 
  CSKIP1/FA4/g124__6161/Y              -       A->Y  R     sky130_fd_sc_hd__nand2_2       1  5.9    51    57     878    (-,-) 
  CSKIP1/FA4/g122__7482/Y              -       A->Y  F     sky130_fd_sc_hd__nand2_2       1  6.1    36    49     926    (-,-) 
  CSKIP1/g199/Y                        -       A->Y  R     sky130_fd_sc_hd__clkinv_2      1 10.1    43    52     979    (-,-) 
  CSKIP1/g67/Y                         -       A->Y  F     sky130_fd_sc_hd__nand2_4       3 14.0    43    51    1030    (-,-) 
  skip_loop[1].CSKIP2/FA1/g124__8428/Y -       A->Y  R     sky130_fd_sc_hd__nand2_4       1 10.1    52    59    1089    (-,-) 
  skip_loop[1].CSKIP2/FA1/g122__6260/Y -       A->Y  F     sky130_fd_sc_hd__nand2_4       2 11.8    38    50    1139    (-,-) 
  skip_loop[1].CSKIP2/FA2/g124__1705/Y -       A->Y  R     sky130_fd_sc_hd__nand2_4       1 10.1    52    56    1196    (-,-) 
  skip_loop[1].CSKIP2/FA2/g122__1617/Y -       A->Y  F     sky130_fd_sc_hd__nand2_4       2 11.8    38    50    1246    (-,-) 
  skip_loop[1].CSKIP2/FA3/g124__5115/Y -       A->Y  R     sky130_fd_sc_hd__nand2_4       1 10.1    52    56    1302    (-,-) 
  skip_loop[1].CSKIP2/FA3/g122__6131/Y -       A->Y  F     sky130_fd_sc_hd__nand2_4       2 11.8    38    50    1353    (-,-) 
  skip_loop[1].CSKIP2/FA4/g124__2883/Y -       A->Y  R     sky130_fd_sc_hd__nand2_4       1 10.1    52    56    1409    (-,-) 
  skip_loop[1].CSKIP2/FA4/g122__9315/Y -       A->Y  F     sky130_fd_sc_hd__nand2_4       1  9.9    35    47    1456    (-,-) 
  skip_loop[1].CSKIP2/g15/Y            -       A->Y  R     sky130_fd_sc_hd__inv_4         1 10.1    37    49    1505    (-,-) 
  skip_loop[1].CSKIP2/g13/Y            -       A->Y  F     sky130_fd_sc_hd__nand2_4       3 14.0    41    49    1554    (-,-) 
  skip_loop[2].CSKIP2/FA1/g124__3680/Y -       A->Y  R     sky130_fd_sc_hd__nand2_4       1 10.1    52    58    1612    (-,-) 
  skip_loop[2].CSKIP2/FA1/g122__5526/Y -       A->Y  F     sky130_fd_sc_hd__nand2_4       2 11.8    38    50    1662    (-,-) 
  skip_loop[2].CSKIP2/FA2/g124__7098/Y -       A->Y  R     sky130_fd_sc_hd__nand2_4       1 10.1    52    56    1719    (-,-) 
  skip_loop[2].CSKIP2/FA2/g122__5122/Y -       A->Y  F     sky130_fd_sc_hd__nand2_4       2 11.8    38    50    1769    (-,-) 
  skip_loop[2].CSKIP2/FA3/g124__6161/Y -       A->Y  R     sky130_fd_sc_hd__nand2_4       1 10.1    52    56    1826    (-,-) 
  skip_loop[2].CSKIP2/FA3/g122__7482/Y -       A->Y  F     sky130_fd_sc_hd__nand2_4       2 11.8    38    50    1876    (-,-) 
  skip_loop[2].CSKIP2/FA4/g124__7410/Y -       A->Y  R     sky130_fd_sc_hd__nand2_4       1 10.1    52    56    1932    (-,-) 
  skip_loop[2].CSKIP2/FA4/g122__2346/Y -       A->Y  F     sky130_fd_sc_hd__nand2_4       1  9.9    35    47    1980    (-,-) 
  skip_loop[2].CSKIP2/g37/Y            -       A->Y  R     sky130_fd_sc_hd__inv_4         1 10.1    37    49    2028    (-,-) 
  skip_loop[2].CSKIP2/g159/Y           -       A->Y  F     sky130_fd_sc_hd__nand2_4       3 14.0    41    49    2078    (-,-) 
  skip_loop[3].CSKIP2/FA1/g124__1705/Y -       A->Y  R     sky130_fd_sc_hd__nand2_4       1 10.1    52    58    2135    (-,-) 
  skip_loop[3].CSKIP2/FA1/g122__1617/Y -       A->Y  F     sky130_fd_sc_hd__nand2_4       2 11.8    38    50    2186    (-,-) 
  skip_loop[3].CSKIP2/FA2/g124__5115/Y -       A->Y  R     sky130_fd_sc_hd__nand2_4       1 10.1    52    56    2242    (-,-) 
  skip_loop[3].CSKIP2/FA2/g122__6131/Y -       A->Y  F     sky130_fd_sc_hd__nand2_4       2 11.8    38    50    2292    (-,-) 
  skip_loop[3].CSKIP2/FA3/g124__2883/Y -       A->Y  R     sky130_fd_sc_hd__nand2_4       1 10.1    52    56    2349    (-,-) 
  skip_loop[3].CSKIP2/FA3/g122__9315/Y -       A->Y  F     sky130_fd_sc_hd__nand2_4       2 11.8    38    50    2399    (-,-) 
  skip_loop[3].CSKIP2/FA4/g124__2398/Y -       A->Y  R     sky130_fd_sc_hd__nand2_4       1 10.1    52    56    2456    (-,-) 
  skip_loop[3].CSKIP2/FA4/g122__6417/Y -       A->Y  F     sky130_fd_sc_hd__nand2_4       1  9.9    35    47    2503    (-,-) 
  skip_loop[3].CSKIP2/g37/Y            -       A->Y  R     sky130_fd_sc_hd__inv_4         1 10.1    37    49    2552    (-,-) 
  skip_loop[3].CSKIP2/g159/Y           -       A->Y  F     sky130_fd_sc_hd__nand2_4       3 14.0    41    49    2601    (-,-) 
  skip_loop[4].CSKIP2/FA1/g124__7098/Y -       A->Y  R     sky130_fd_sc_hd__nand2_4       1 10.1    52    58    2659    (-,-) 
  skip_loop[4].CSKIP2/FA1/g122__5122/Y -       A->Y  F     sky130_fd_sc_hd__nand2_4       2 11.8    38    50    2709    (-,-) 
  skip_loop[4].CSKIP2/FA2/g124__6161/Y -       A->Y  R     sky130_fd_sc_hd__nand2_4       1 10.1    52    56    2766    (-,-) 
  skip_loop[4].CSKIP2/FA2/g122__7482/Y -       A->Y  F     sky130_fd_sc_hd__nand2_4       2 11.8    38    50    2816    (-,-) 
  skip_loop[4].CSKIP2/FA3/g124__1666/Y -       A->Y  R     sky130_fd_sc_hd__nand2_4       1 10.1    52    56    2872    (-,-) 
  skip_loop[4].CSKIP2/FA3/g122__2346/Y -       A->Y  F     sky130_fd_sc_hd__nand2_4       2 11.8    38    50    2923    (-,-) 
  skip_loop[4].CSKIP2/FA4/g124__6260/Y -       A->Y  R     sky130_fd_sc_hd__nand2_4       1 10.1    52    56    2979    (-,-) 
  skip_loop[4].CSKIP2/FA4/g122__2398/Y -       A->Y  F     sky130_fd_sc_hd__nand2_4       1 10.8    36    49    3028    (-,-) 
  skip_loop[4].CSKIP2/g74/Y            -       A->Y  R     sky130_fd_sc_hd__clkinv_4      1 10.1    29    42    3070    (-,-) 
  skip_loop[4].CSKIP2/g152__5526/Y     -       A->Y  F     sky130_fd_sc_hd__nand2_4       3 14.0    41    46    3116    (-,-) 
  skip_loop[5].CSKIP2/FA1/g124__7098/Y -       A->Y  R     sky130_fd_sc_hd__nand2_4       1 10.1    52    58    3174    (-,-) 
  skip_loop[5].CSKIP2/FA1/g122__8246/Y -       A->Y  F     sky130_fd_sc_hd__nand2_4       2 11.8    38    50    3225    (-,-) 
  skip_loop[5].CSKIP2/FA2/g124__4733/Y -       A->Y  R     sky130_fd_sc_hd__nand2_4       1 10.1    52    56    3281    (-,-) 
  skip_loop[5].CSKIP2/FA2/g122__7482/Y -       A->Y  F     sky130_fd_sc_hd__nand2_4       2 11.8    38    50    3331    (-,-) 
  skip_loop[5].CSKIP2/FA3/g124__1666/Y -       A->Y  R     sky130_fd_sc_hd__nand2_4       1 10.1    52    56    3388    (-,-) 
  skip_loop[5].CSKIP2/FA3/g122__2883/Y -       A->Y  F     sky130_fd_sc_hd__nand2_4       2 11.8    38    50    3438    (-,-) 
  skip_loop[5].CSKIP2/FA4/g124__6260/Y -       A->Y  R     sky130_fd_sc_hd__nand2_4       1 10.1    52    57    3495    (-,-) 
  skip_loop[5].CSKIP2/FA4/g122__2398/Y -       A->Y  F     sky130_fd_sc_hd__nand2_4       1 10.8    36    49    3544    (-,-) 
  skip_loop[5].CSKIP2/g74/Y            -       A->Y  R     sky130_fd_sc_hd__clkinv_4      1 10.1    29    42    3586    (-,-) 
  skip_loop[5].CSKIP2/g157__6783/Y     -       A->Y  F     sky130_fd_sc_hd__nand2_4       3 14.0    41    46    3632    (-,-) 
  skip_loop[6].CSKIP2/FA1/g124__1881/Y -       A->Y  R     sky130_fd_sc_hd__nand2_4       1 10.1    52    58    3690    (-,-) 
  skip_loop[6].CSKIP2/FA1/g122__7098/Y -       A->Y  F     sky130_fd_sc_hd__nand2_4       2 11.8    38    50    3740    (-,-) 
  skip_loop[6].CSKIP2/FA2/g124__9945/Y -       A->Y  R     sky130_fd_sc_hd__nand2_4       1 10.1    52    57    3797    (-,-) 
  skip_loop[6].CSKIP2/FA2/g122__6161/Y -       A->Y  F     sky130_fd_sc_hd__nand2_4       2 11.8    38    50    3847    (-,-) 
  skip_loop[6].CSKIP2/FA3/g124__5477/Y -       A->Y  R     sky130_fd_sc_hd__nand2_4       1 10.1    52    57    3904    (-,-) 
  skip_loop[6].CSKIP2/FA3/g122__7410/Y -       A->Y  F     sky130_fd_sc_hd__nand2_4       2 11.8    38    50    3954    (-,-) 
  skip_loop[6].CSKIP2/FA4/g124__5526/Y -       A->Y  R     sky130_fd_sc_hd__nand2_4       1  5.9    41    48    4002    (-,-) 
  skip_loop[6].CSKIP2/FA4/g122__4319/Y -       A->Y  F     sky130_fd_sc_hd__nand2_2       1  5.6    34    44    4046    (-,-) 
  skip_loop[6].CSKIP2/g74/Y            -       A->Y  R     sky130_fd_sc_hd__inv_2         1 10.1    53    59    4105    (-,-) 
  skip_loop[6].CSKIP2/g157__2802/Y     -       A->Y  F     sky130_fd_sc_hd__nand2_4       3 14.0    42    54    4159    (-,-) 
  skip_loop[7].CSKIP2/FA1/g124__4733/Y -       A->Y  R     sky130_fd_sc_hd__nand2_4       1 10.1    52    58    4218    (-,-) 
  skip_loop[7].CSKIP2/FA1/g122__5115/Y -       A->Y  F     sky130_fd_sc_hd__nand2_4       2 11.8    38    50    4268    (-,-) 
  skip_loop[7].CSKIP2/FA2/g126__6417/Y -       A->Y  R     sky130_fd_sc_hd__nand2_4       1 10.1    52    57    4324    (-,-) 
  skip_loop[7].CSKIP2/FA2/g122__2883/Y -       A->Y  F     sky130_fd_sc_hd__nand2_4       2 11.8    38    50    4375    (-,-) 
  skip_loop[7].CSKIP2/FA3/g127__6783/Y -       A->Y  R     sky130_fd_sc_hd__nand2_4       1 10.1    52    57    4431    (-,-) 
  skip_loop[7].CSKIP2/FA3/g123__6260/Y -       A->Y  F     sky130_fd_sc_hd__nand2_4       3 18.0    50    60    4491    (-,-) 
  skip_loop[7].CSKIP2/FA4/g127__7098/Y -       A->Y  R     sky130_fd_sc_hd__nand2_4       1 10.1    55    62    4553    (-,-) 
  skip_loop[7].CSKIP2/FA4/g123__1705/Y -       A->Y  F     sky130_fd_sc_hd__nand2_4       1 10.8    36    49    4602    (-,-) 
  skip_loop[7].CSKIP2/g79/Y            -       A->Y  R     sky130_fd_sc_hd__clkinv_4      1 18.7    44    54    4656    (-,-) 
  skip_loop[7].CSKIP2/g167__4733/Y     -       A->Y  F     sky130_fd_sc_hd__nand2_8       1 51.3    91    79    4736    (-,-) 
  Cout                                 -       -     F     (port)                         -    -     -     0    4736    (-,-) 
#-----------------------------------------------------------------------------------------------------------------------------

