============================================================
  Generated by:           Genus(TM) Synthesis Solution 23.12-s086_1
  Generated on:           Apr 07 2025  06:36:35 pm
  Module:                 carry_select_adder_66668_32bits
  Operating conditions:   tt_025C_1v80 
  Interconnect mode:      global
  Area mode:              physical library
============================================================

Timing
-------
  Cost    Critical            Violating 
 Group   Path Slack    TNS      Paths   
----------------------------------------
default       -20.0   -200.9         13 
----------------------------------------
Total                 -200.9         13 

Instance Count
--------------
Leaf Instance Count             622 
Physical Instance count           0 
Sequential Instance Count         0 
Combinational Instance Count    622 
Hierarchical Instance Count      67 

Area
----
Cell Area                          4017.603
Physical Cell Area                 0.000
Total Cell Area (Cell+Physical)    4017.603
Net Area                           2978.488
Total Area (Cell+Physical+Net)     6996.091

Max Fanout                         10 (n_314)
Min Fanout                         1 (C0[4])
Average Fanout                     1.5
Terms to net ratio                 2.4228
Terms to instance ratio            2.6994
Runtime                            28.501147 seconds
Elapsed Runtime                    30 seconds
Genus peak memory usage            1900.28 
Innovus peak memory usage          no_value 
Hostname                           cadmicro-inf-el8-623207
