============================================================
  Generated by:           Genus(TM) Synthesis Solution 23.12-s086_1
  Generated on:           Apr 07 2025  06:36:35 pm
  Module:                 carry_select_adder_66668_32bits
  Operating conditions:   tt_025C_1v80 
  Interconnect mode:      global
  Area mode:              physical library
============================================================

            Instance                         Module              Cell-Count  Cell-Area  Net-Area   Total-Area 
--------------------------------------------------------------------------------------------------------------
carry_select_adder_66668_32bits NA                                      622   4017.603  2978.488     6996.091 
  CSA_BLOCKS[1].RCA_C0          ripple_carry_adder_WIDTH6_5_235          50    294.032   167.425      461.457 
    F1A                         full_adder_26_232                         5     26.275    10.181       36.456 
    full_adder_loop[1].FA       full_adder_218                           11     65.062    37.157      102.220 
    full_adder_loop[2].FA       full_adder_217                           11     56.304    37.157       93.461 
    full_adder_loop[3].FA       full_adder_216                            9     52.550    23.756       76.307 
    full_adder_loop[4].FA       full_adder_215                            7     43.792    16.969       60.761 
    full_adder_loop[5].FA       full_adder_214                            7     50.048    16.969       67.017 
  CSA_BLOCKS[1].RCA_C1          ripple_carry_adder_WIDTH6_6_237          50    299.037   170.731      469.768 
    F1A                         full_adder_32_234                         5     33.782    13.488       47.270 
    full_adder_loop[1].FA       full_adder_213                           12     68.816    40.551      109.367 
    full_adder_loop[2].FA       full_adder_212                           11     60.058    37.157       97.215 
    full_adder_loop[3].FA       full_adder_211                            8     48.797    20.362       69.159 
    full_adder_loop[4].FA       full_adder_210                            7     42.541    16.969       59.510 
    full_adder_loop[5].FA       full_adder_209                            7     45.043    16.969       62.012 
  CSA_BLOCKS[2].RCA_C0          ripple_carry_adder_WIDTH6_5_236          47    324.061   153.937      477.998 
    F1A                         full_adder_26                             4     22.522    10.094       32.616 
    full_adder_loop[1].FA       full_adder_208                           11     65.062    37.157      102.220 
    full_adder_loop[2].FA       full_adder_207                            9     61.309    23.756       85.065 
    full_adder_loop[3].FA       full_adder_206                            9     62.560    23.756       86.316 
    full_adder_loop[4].FA       full_adder_205                            7     56.304    16.969       73.273 
    full_adder_loop[5].FA       full_adder_204                            7     56.304    16.969       73.273 
  CSA_BLOCKS[2].RCA_C1          ripple_carry_adder_WIDTH6_6_238          45    270.259   147.149      417.408 
    F1A                         full_adder_32                             4     22.522    10.094       32.616 
    full_adder_loop[1].FA       full_adder_203                           10     58.806    33.763       92.570 
    full_adder_loop[2].FA       full_adder_202                            9     50.048    23.756       73.804 
    full_adder_loop[3].FA       full_adder_201                            8     48.797    20.362       69.159 
    full_adder_loop[4].FA       full_adder_200                            7     45.043    16.969       62.012 
    full_adder_loop[5].FA       full_adder_199                            7     45.043    16.969       62.012 
  CSA_BLOCKS[3].RCA_C0          ripple_carry_adder_WIDTH6_5              41    301.539   140.362      441.901 
    F1A                         full_adder_26_231                         4     31.280    10.094       41.374 
    full_adder_loop[1].FA       full_adder_198                           10     67.565    33.763      101.328 
    full_adder_loop[2].FA       full_adder_197                            9     50.048    23.756       73.804 
    full_adder_loop[3].FA       full_adder_196                            6     55.053    13.575       68.628 
    full_adder_loop[4].FA       full_adder_195                            6     53.802    16.969       70.770 
    full_adder_loop[5].FA       full_adder_194                            6     43.792    16.969       60.761 
  CSA_BLOCKS[3].RCA_C1          ripple_carry_adder_WIDTH6_6              44    261.501   143.755      405.256 
    F1A                         full_adder_32_233                         4     23.773    10.094       33.867 
    full_adder_loop[1].FA       full_adder_193                           10     56.304    33.763       90.067 
    full_adder_loop[2].FA       full_adder_192                            9     46.294    23.756       70.051 
    full_adder_loop[3].FA       full_adder_191                            7     45.043    16.969       62.012 
    full_adder_loop[4].FA       full_adder_190                            7     45.043    16.969       62.012 
    full_adder_loop[5].FA       full_adder_189                            7     45.043    16.969       62.012 
  CSA_BLOCKS[4].RCA_C0          ripple_carry_adder_WIDTH8                47    342.829   157.330      500.159 
    F1A                         full_adder_6                              1     15.014     0.000       15.014 
    full_adder_loop[1].FA       full_adder_225                           10     56.304    33.763       90.067 
    full_adder_loop[2].FA       full_adder_224                            8     52.550    20.362       72.913 
    full_adder_loop[3].FA       full_adder_223                            6     43.792    13.575       57.367 
    full_adder_loop[4].FA       full_adder_222                            6     46.294    13.575       59.869 
    full_adder_loop[5].FA       full_adder_221                            6     47.546    16.969       64.514 
    full_adder_loop[6].FA       full_adder_220                            6     41.290    13.575       54.865 
    full_adder_loop[7].FA       full_adder_219                            4     40.038    10.181       50.220 
  CSA_BLOCKS[4].RCA_C1          ripple_carry_adder_WIDTH8_1              52    334.070   167.512      501.582 
    F1A                         full_adder_50                             4     20.019    10.094       30.113 
    full_adder_loop[1].FA       full_adder_188                           10     57.555    27.150       84.705 
    full_adder_loop[2].FA       full_adder_187                            7     45.043    16.969       62.012 
    full_adder_loop[3].FA       full_adder_186                            6     40.038    13.575       53.613 
    full_adder_loop[4].FA       full_adder_185                            7     45.043    16.969       62.012 
    full_adder_loop[5].FA       full_adder_184                            7     45.043    16.969       62.012 
    full_adder_loop[6].FA       full_adder_183                            6     37.536    13.575       51.111 
    full_adder_loop[7].FA       full_adder_182                            5     43.792    16.882       60.674 
  RCA_LSB                       ripple_carry_adder_WIDTH6                52    445.427   179.172      624.599 
    F1A                         full_adder                               10     65.062    30.457       95.519 
    full_adder_loop[1].FA       full_adder_230                           12     83.830    40.551      124.381 
    full_adder_loop[2].FA       full_adder_229                           10     80.077    33.763      113.840 
    full_adder_loop[3].FA       full_adder_228                            7     71.318    16.969       88.287 
    full_adder_loop[4].FA       full_adder_227                            6     70.067    13.575       83.642 
    full_adder_loop[5].FA       full_adder_226                            7     75.072    18.622       93.694 
