============================================================
  Generated by:           Genus(TM) Synthesis Solution 23.12-s086_1
  Generated on:           Apr 07 2025  06:36:35 pm
  Module:                 carry_select_adder_66668_32bits
  Operating conditions:   tt_025C_1v80 
  Interconnect mode:      global
  Area mode:              physical library
============================================================


Path 1: VIOLATED (-20 ps) Path Delay Check
     Startpoint: (F) B[1]
       Endpoint: (F) S[25]

                   Capture    Launch  
      Path Delay:+    1650         -  
      Drv Adjust:+       0         0  
         Arrival:=    1650            
                                      
   Required Time:=    1650            
       Data Path:-    1670            
           Slack:=     -20            

Exceptions/Constraints:
  max_delay             1650            constraints.sdc_line_1 

#-----------------------------------------------------------------------------------------------------------------------------------
#               Timing Point                 Flags   Arc   Edge           Cell             Fanout Load Trans Delay Arrival Instance 
#                                                                                                 (fF)  (ps)  (ps)   (ps)  Location 
#-----------------------------------------------------------------------------------------------------------------------------------
  B[1]                                       -       -     F     (arrival)                      1  3.3  1000     0       0    (-,-) 
  g10703/X                                   -       A->X  F     sky130_fd_sc_hd__clkbuf_1      1  6.1    64   328     328    (-,-) 
  RCA_LSB/full_adder_loop[1].FA/g136/Y       -       A->Y  R     sky130_fd_sc_hd__clkinv_2      2 11.1    49    67     395    (-,-) 
  RCA_LSB/full_adder_loop[1].FA/g31/Y        -       B->Y  F     sky130_fd_sc_hd__nand2_2       1  9.6    49    64     459    (-,-) 
  RCA_LSB/full_adder_loop[1].FA/g14/Y        -       A->Y  R     sky130_fd_sc_hd__nand2_4       1 10.1    54    61     520    (-,-) 
  RCA_LSB/full_adder_loop[1].FA/g122__9315/Y -       A->Y  F     sky130_fd_sc_hd__nand2_4       2 11.8    38    51     571    (-,-) 
  RCA_LSB/full_adder_loop[2].FA/g124__5477/Y -       A->Y  R     sky130_fd_sc_hd__nand2_4       1 10.1    52    57     628    (-,-) 
  RCA_LSB/full_adder_loop[2].FA/g122__6417/Y -       A->Y  F     sky130_fd_sc_hd__nand2_4       2 11.8    38    50     678    (-,-) 
  RCA_LSB/full_adder_loop[3].FA/g124__8428/Y -       A->Y  R     sky130_fd_sc_hd__nand2_4       1 10.1    52    56     734    (-,-) 
  RCA_LSB/full_adder_loop[3].FA/g122__4319/Y -       A->Y  F     sky130_fd_sc_hd__nand2_4       2 11.8    38    50     785    (-,-) 
  RCA_LSB/full_adder_loop[4].FA/g124__1705/Y -       A->Y  R     sky130_fd_sc_hd__nand2_4       1 10.1    52    56     841    (-,-) 
  RCA_LSB/full_adder_loop[4].FA/g122__1617/Y -       A->Y  F     sky130_fd_sc_hd__nand2_4       2 11.8    38    50     891    (-,-) 
  RCA_LSB/full_adder_loop[5].FA/g124__1881/Y -       A->Y  R     sky130_fd_sc_hd__nand2_4       1 10.1    52    56     948    (-,-) 
  RCA_LSB/full_adder_loop[5].FA/g122__7098/Y -       A->Y  F     sky130_fd_sc_hd__nand2_4       6 25.7    65    71    1019    (-,-) 
  g29/Y                                      -       A->Y  R     sky130_fd_sc_hd__clkinv_2      1 10.1    46    64    1084    (-,-) 
  g28/Y                                      -       A->Y  F     sky130_fd_sc_hd__nand2_4       1  9.6    35    45    1129    (-,-) 
  g11/Y                                      -       A->Y  R     sky130_fd_sc_hd__nand2_4       2 11.1    55    57    1186    (-,-) 
  g46/Y                                      -       A->Y  F     sky130_fd_sc_hd__nand2_2       2 14.5    71    74    1260    (-,-) 
  g45/Y                                      -       B->Y  R     sky130_fd_sc_hd__nand2_2       1 12.2    83   102    1362    (-,-) 
  g43/Y                                      -       A->Y  F     sky130_fd_sc_hd__clkinv_4      8 39.9    85   100    1462    (-,-) 
  g17944__5107/Y                             -       A->Y  R     sky130_fd_sc_hd__nand2_2       1 10.1    73    91    1553    (-,-) 
  g17905__4733/Y                             -       A->Y  F     sky130_fd_sc_hd__nand2_4       1 51.3   117   116    1670    (-,-) 
  S[25]                                      <<<     -     F     (port)                         -    -     -     0    1670    (-,-) 
#-----------------------------------------------------------------------------------------------------------------------------------

