============================================================
  Generated by:           Genus(TM) Synthesis Solution 23.12-s086_1
  Generated on:           Apr 07 2025  06:42:35 pm
  Module:                 carry_select_adder_66668_32bits
  Operating conditions:   tt_025C_1v80 
  Interconnect mode:      global
  Area mode:              physical library
============================================================

Timing
-------
  Cost    Critical            Violating 
 Group   Path Slack    TNS      Paths   
----------------------------------------
default       -22.8   -226.0         14 
----------------------------------------
Total                 -226.0         14 

Instance Count
--------------
Leaf Instance Count             601 
Physical Instance count           0 
Sequential Instance Count         0 
Combinational Instance Count    601 
Hierarchical Instance Count      67 

Area
----
Cell Area                          3960.048
Physical Cell Area                 0.000
Total Cell Area (Cell+Physical)    3960.048
Net Area                           2893.993
Total Area (Cell+Physical+Net)     6854.041

Max Fanout                         11 (n_321)
Min Fanout                         1 (C0[1])
Average Fanout                     1.6
Terms to net ratio                 2.4226
Terms to instance ratio            2.7088
Runtime                            29.50701 seconds
Elapsed Runtime                    31 seconds
Genus peak memory usage            1901.65 
Innovus peak memory usage          no_value 
Hostname                           cadmicro-inf-el8-623207
