============================================================
  Generated by:           Genus(TM) Synthesis Solution 23.12-s086_1
  Generated on:           Apr 07 2025  06:52:26 pm
  Module:                 carry_select_adder_68810_32bits
  Operating conditions:   tt_025C_1v80 
  Interconnect mode:      global
  Area mode:              physical library
============================================================

Timing
-------
  Cost    Critical         Violating 
 Group   Path Slack  TNS     Paths   
-------------------------------------
default         3.2   0.0          0 
-------------------------------------
Total                 0.0          0 

Instance Count
--------------
Leaf Instance Count             105 
Physical Instance count           0 
Sequential Instance Count         0 
Combinational Instance Count    105 
Hierarchical Instance Count      65 

Area
----
Cell Area                          1571.507
Physical Cell Area                 0.000
Total Cell Area (Cell+Physical)    1571.507
Net Area                           912.308
Total Area (Cell+Physical+Net)     2483.815

Max Fanout                         11 (n_1)
Min Fanout                         1 (C0[1])
Average Fanout                     1.4
Terms to net ratio                 1.9732
Terms to instance ratio            4.2095
Runtime                            13.671992 seconds
Elapsed Runtime                    15 seconds
Genus peak memory usage            1891.50 
Innovus peak memory usage          no_value 
Hostname                           cadmicro-inf-el8-623207
