============================================================
  Generated by:           Genus(TM) Synthesis Solution 23.12-s086_1
  Generated on:           Apr 07 2025  06:52:26 pm
  Module:                 carry_select_adder_68810_32bits
  Operating conditions:   tt_025C_1v80 
  Interconnect mode:      global
  Area mode:              physical library
============================================================


Path 1: MET (3 ps) Path Delay Check
     Startpoint: (F) B[14]
       Endpoint: (F) Cout

                   Capture    Launch  
      Path Delay:+    4500         -  
      Drv Adjust:+       0         0  
         Arrival:=    4500            
                                      
   Required Time:=    4500            
       Data Path:-    4497            
           Slack:=       3            

Exceptions/Constraints:
  max_delay             4500            constraints.sdc_line_1 

#-----------------------------------------------------------------------------------------------------------------------------------------------------
#                       Timing Point                        Flags     Arc     Edge           Cell            Fanout Load Trans Delay Arrival Instance 
#                                                                                                                   (fF)  (ps)  (ps)   (ps)  Location 
#-----------------------------------------------------------------------------------------------------------------------------------------------------
  B[14]                                                     -       -         F     (arrival)                     3 11.3  1000     0       0    (-,-) 
  CSA_BLOCKS[2].RCA_C0/F1A/g2/COUT                          -       A->COUT   F     sky130_fd_sc_hd__ha_1         1  7.9    86   601     601    (-,-) 
  CSA_BLOCKS[2].RCA_C0/full_adder_loop[1].FA/g65__1617/COUT -       A->COUT   F     sky130_fd_sc_hd__fa_1         1  5.8    96   445    1047    (-,-) 
  CSA_BLOCKS[2].RCA_C0/full_adder_loop[2].FA/g57__2802/COUT -       CIN->COUT F     sky130_fd_sc_hd__fa_1         1  5.8    96   396    1443    (-,-) 
  CSA_BLOCKS[2].RCA_C0/full_adder_loop[3].FA/g57__1705/COUT -       CIN->COUT F     sky130_fd_sc_hd__fa_1         1  5.8    96   396    1839    (-,-) 
  CSA_BLOCKS[2].RCA_C0/full_adder_loop[4].FA/g57__5122/COUT -       CIN->COUT F     sky130_fd_sc_hd__fa_1         1  5.8    96   396    2236    (-,-) 
  CSA_BLOCKS[2].RCA_C0/full_adder_loop[5].FA/g57__8246/COUT -       CIN->COUT F     sky130_fd_sc_hd__fa_1         1  5.8    96   396    2632    (-,-) 
  CSA_BLOCKS[2].RCA_C0/full_adder_loop[6].FA/g57__7098/COUT -       CIN->COUT F     sky130_fd_sc_hd__fa_1         1  5.8    96   396    3028    (-,-) 
  CSA_BLOCKS[2].RCA_C0/full_adder_loop[7].FA/g57__6131/COUT -       CIN->COUT F     sky130_fd_sc_hd__fa_1         1  5.2    93   391    3420    (-,-) 
  g545__6131/Y                                              -       A1->Y     R     sky130_fd_sc_hd__mux2i_2     11 44.7   652   539    3958    (-,-) 
  g534__4319/X                                              -       S->X      F     sky130_fd_sc_hd__mux2_2       1 51.3   158   538    4496    (-,-) 
  Cout                                                      -       -         F     (port)                        -    -     -     0    4497    (-,-) 
#-----------------------------------------------------------------------------------------------------------------------------------------------------

