###############################################################
#  Generated by:      Cadence Innovus 23.32-s091_1
#  OS:                Linux x86_64(Host ID cadmicro-inf-el8-623207)
#  Generated on:      Mon Apr  7 14:42:18 2025
#  Design:            ripple_carry_adder_8bits
#  Command:           report_timing > reports/report_timing.rpt
###############################################################
Path 1: MET Path Delay Check
Endpoint:   S[5] (^)
Beginpoint: B[2] (v) triggered by  leading edge of '@'
Path Groups: {default}
Analysis View: default_emulate_view
- External Delay                0.000
+ Path Delay                    1.410
= Required Time                 1.410
- Arrival Time                  1.408
= Slack Time                    0.002
     Clock Rise Edge                      0.000
     + Input Delay                        0.000
     = Beginpoint Arrival Time            0.000
     +-------------------------------------------------------------------------------------------------------+ 
     |             Instance             |    Arc     |           Cell           | Delay | Arrival | Required | 
     |                                  |            |                          |       |  Time   |   Time   | 
     |----------------------------------+------------+--------------------------+-------+---------+----------| 
     |                                  | B[2] v     |                          |       |   0.000 |    0.002 | 
     | full_adder_loop[2].FA/g2__6131   | B v -> X v | sky130_fd_sc_hd__or2_0   | 0.533 |   0.533 |    0.536 | 
     | full_adder_loop[2].FA/g121__8246 | B v -> Y ^ | sky130_fd_sc_hd__nand2_2 | 0.101 |   0.634 |    0.636 | 
     | full_adder_loop[2].FA/g119__1705 | A ^ -> Y v | sky130_fd_sc_hd__nand2_4 | 0.057 |   0.690 |    0.693 | 
     | full_adder_loop[3].FA/g121__7482 | A v -> Y ^ | sky130_fd_sc_hd__nand2_4 | 0.067 |   0.757 |    0.759 | 
     | full_adder_loop[3].FA/g119__1881 | A ^ -> Y v | sky130_fd_sc_hd__nand2_4 | 0.051 |   0.808 |    0.811 | 
     | full_adder_loop[4].FA/g121__2883 | A v -> Y ^ | sky130_fd_sc_hd__nand2_4 | 0.062 |   0.871 |    0.873 | 
     | full_adder_loop[4].FA/g119__9315 | A ^ -> Y v | sky130_fd_sc_hd__nand2_4 | 0.052 |   0.923 |    0.925 | 
     | FE_PSC4_carry_4                  | A v -> X v | sky130_fd_sc_hd__buf_1   | 0.098 |   1.021 |    1.024 | 
     | full_adder_loop[5].FA/g117__6417 | C v -> X ^ | sky130_fd_sc_hd__xor3_2  | 0.385 |   1.407 |    1.409 | 
     |                                  | S[5] ^     |                          | 0.001 |   1.408 |    1.410 | 
     +-------------------------------------------------------------------------------------------------------+ 

