============================================================
  Generated by:           Genus(TM) Synthesis Solution 23.12-s086_1
  Generated on:           Apr 07 2025  07:19:28 pm
  Module:                 carry_select_adder_661010_32bits
  Operating conditions:   tt_025C_1v80 
  Interconnect mode:      global
  Area mode:              physical library
============================================================

Timing
-------
  Cost    Critical         Violating 
 Group   Path Slack  TNS     Paths   
-------------------------------------
default         0.0   0.0          0 
-------------------------------------
Total                 0.0          0 

Instance Count
--------------
Leaf Instance Count             351 
Physical Instance count           0 
Sequential Instance Count         0 
Combinational Instance Count    351 
Hierarchical Instance Count      65 

Area
----
Cell Area                          2449.850
Physical Cell Area                 0.000
Total Cell Area (Cell+Physical)    2449.850
Net Area                           1944.614
Total Area (Cell+Physical+Net)     4394.464

Max Fanout                         11 (n_1)
Min Fanout                         1 (C0[1])
Average Fanout                     1.6
Terms to net ratio                 2.3977
Terms to instance ratio            3.0057
Runtime                            14.574557 seconds
Elapsed Runtime                    16 seconds
Genus peak memory usage            1891.95 
Innovus peak memory usage          no_value 
Hostname                           cadmicro-inf-el8-623207
