============================================================
  Generated by:           Genus(TM) Synthesis Solution 23.12-s086_1
  Generated on:           Apr 07 2025  07:19:28 pm
  Module:                 carry_select_adder_661010_32bits
  Operating conditions:   tt_025C_1v80 
  Interconnect mode:      global
  Area mode:              physical library
============================================================

            Instance                          Module               Cell-Count  Cell-Area  Net-Area   Total-Area 
----------------------------------------------------------------------------------------------------------------
carry_select_adder_661010_32bits NA                                       351   2449.850  1944.615     4394.464 
  CSA_BLOCKS[1].RCA_C0           ripple_carry_adder_WIDTH6_1               25    178.922    87.802      266.724 
    F1A                          full_adder_16                              4     20.019    10.094       30.113 
    full_adder_loop[1].FA        full_adder_210                             5     30.029    10.181       40.210 
    full_adder_loop[2].FA        full_adder_209                             7     41.290    23.582       64.872 
    full_adder_loop[3].FA        full_adder_208                             4     35.034    10.181       45.215 
    full_adder_loop[4].FA        full_adder_207                             4     32.531    10.181       42.712 
    full_adder_loop[5].FA        full_adder_206                             1     20.019     0.000       20.019 
  CSA_BLOCKS[1].RCA_C1           ripple_carry_adder_WIDTH6_2               23    180.173    77.795      257.968 
    F1A                          full_adder_22                              4     20.019    10.094       30.113 
    full_adder_loop[1].FA        full_adder_205                             5     33.782    11.835       45.617 
    full_adder_loop[2].FA        full_adder_204                             5     38.787    13.575       52.362 
    full_adder_loop[3].FA        full_adder_203                             4     35.034    10.181       45.215 
    full_adder_loop[4].FA        full_adder_202                             4     32.531    10.181       42.712 
    full_adder_loop[5].FA        full_adder_201                             1     20.019     0.000       20.019 
  CSA_BLOCKS[2].RCA_C0           ripple_carry_adder_WIDTH10                53    345.331   169.165      514.496 
    F1A                          full_adder_38_225                          4     20.019    10.094       30.113 
    full_adder_loop[1].FA        full_adder_219                             9     43.792    27.063       70.855 
    full_adder_loop[2].FA        full_adder_218                             6     35.034    13.575       48.609 
    full_adder_loop[3].FA        full_adder_217                             6     37.536    13.575       51.111 
    full_adder_loop[4].FA        full_adder_216                             6     37.536    13.575       51.111 
    full_adder_loop[5].FA        full_adder_215                             5     40.038    10.181       50.220 
    full_adder_loop[6].FA        full_adder_214                             6     37.536    13.575       51.111 
    full_adder_loop[7].FA        full_adder_213                             6     37.536    13.575       51.111 
    full_adder_loop[8].FA        full_adder_212                             4     36.285    10.181       46.466 
    full_adder_loop[9].FA        full_adder_211                             1     20.019     0.000       20.019 
  CSA_BLOCKS[2].RCA_C1           ripple_carry_adder_WIDTH10_3_228          50    335.322   159.071      494.392 
    F1A                          full_adder_48_226                          4     20.019    10.094       30.113 
    full_adder_loop[1].FA        full_adder_200                             6     37.536    15.228       52.764 
    full_adder_loop[2].FA        full_adder_199                             6     35.034    13.575       48.609 
    full_adder_loop[3].FA        full_adder_198                             6     37.536    13.575       51.111 
    full_adder_loop[4].FA        full_adder_197                             5     40.038    10.181       50.220 
    full_adder_loop[5].FA        full_adder_196                             6     35.034    13.575       48.609 
    full_adder_loop[6].FA        full_adder_195                             6     35.034    13.575       48.609 
    full_adder_loop[7].FA        full_adder_194                             5     37.536    13.575       51.111 
    full_adder_loop[8].FA        full_adder_193                             5     37.536    13.575       51.111 
    full_adder_loop[9].FA        full_adder_192                             1     20.019     0.000       20.019 
  CSA_BLOCKS[3].RCA_C0           ripple_carry_adder_WIDTH10_227            39    315.302   128.614      443.917 
    F1A                          full_adder_38                              4     20.019    10.094       30.113 
    full_adder_loop[1].FA        full_adder_191                             6     37.536    15.228       52.764 
    full_adder_loop[2].FA        full_adder_190                             5     33.782    10.181       43.964 
    full_adder_loop[3].FA        full_adder_189                             5     40.038    13.575       53.613 
    full_adder_loop[4].FA        full_adder_188                             6     35.034    13.575       48.609 
    full_adder_loop[5].FA        full_adder_187                             5     37.536    13.575       51.111 
    full_adder_loop[6].FA        full_adder_186                             5     37.536    13.575       51.111 
    full_adder_loop[7].FA        full_adder_185                             1     33.782     0.000       33.782 
    full_adder_loop[8].FA        full_adder_184                             1     20.019     0.000       20.019 
    full_adder_loop[9].FA        full_adder_183                             1     20.019     0.000       20.019 
  CSA_BLOCKS[3].RCA_C1           ripple_carry_adder_WIDTH10_3              40    312.800   125.220      438.020 
    F1A                          full_adder_48                              4     20.019    10.094       30.113 
    full_adder_loop[1].FA        full_adder_182                             6     37.536    15.228       52.764 
    full_adder_loop[2].FA        full_adder_181                             5     33.782    10.181       43.964 
    full_adder_loop[3].FA        full_adder_180                             5     40.038    10.181       50.220 
    full_adder_loop[4].FA        full_adder_179                             6     35.034    13.575       48.609 
    full_adder_loop[5].FA        full_adder_178                             6     35.034    13.575       48.609 
    full_adder_loop[6].FA        full_adder_177                             5     37.536    13.575       51.111 
    full_adder_loop[7].FA        full_adder_176                             1     33.782     0.000       33.782 
    full_adder_loop[8].FA        full_adder_175                             1     20.019     0.000       20.019 
    full_adder_loop[9].FA        full_adder_174                             1     20.019     0.000       20.019 
  RCA_LSB                        ripple_carry_adder_WIDTH6                 33    212.704   104.945      317.649 
    F1A                          full_adder                                 6     33.782    15.228       49.011 
    full_adder_loop[1].FA        full_adder_224                             6     35.034    13.575       48.609 
    full_adder_loop[2].FA        full_adder_223                             6     35.034    13.575       48.609 
    full_adder_loop[3].FA        full_adder_222                             5     37.536    13.575       51.111 
    full_adder_loop[4].FA        full_adder_221                             4     32.531    10.181       42.712 
    full_adder_loop[5].FA        full_adder_220                             6     38.787    13.575       52.362 
