###############################################################
#  Generated by:      Cadence Innovus 23.32-s091_1
#  OS:                Linux x86_64(Host ID cadmicro-inf-el8-623207)
#  Generated on:      Mon Apr  7 14:29:57 2025
#  Design:            ripple_carry_adder_16bits
#  Command:           report_timing > reports/report_timing.rpt
###############################################################
Path 1: VIOLATED Path Delay Check
Endpoint:   S[15] (^)
Beginpoint: B[3]  (v) triggered by  leading edge of '@'
Path Groups: {default}
Analysis View: default_emulate_view
- External Delay                0.000
+ Path Delay                    2.251
= Required Time                 2.251
- Arrival Time                  2.275
= Slack Time                   -0.024
     Clock Rise Edge                      0.000
     + Input Delay                        0.000
     = Beginpoint Arrival Time            0.000
     +------------------------------------------------------------------------------------------------------------+ 
     |             Instance              |      Arc      |           Cell            | Delay | Arrival | Required | 
     |                                   |               |                           |       |  Time   |   Time   | 
     |-----------------------------------+---------------+---------------------------+-------+---------+----------| 
     |                                   | B[3] v        |                           |       |   0.000 |   -0.024 | 
     | full_adder_loop[3].FA/g2__6161    | B v -> X v    | sky130_fd_sc_hd__or2_0    | 0.537 |   0.537 |    0.513 | 
     | full_adder_loop[3].FA/g124__5115  | B v -> Y ^    | sky130_fd_sc_hd__nand2_2  | 0.102 |   0.640 |    0.616 | 
     | full_adder_loop[3].FA/g122__6131  | A ^ -> Y v    | sky130_fd_sc_hd__nand2_4  | 0.059 |   0.699 |    0.675 | 
     | full_adder_loop[4].FA/g124__2883  | A v -> Y ^    | sky130_fd_sc_hd__nand2_4  | 0.066 |   0.765 |    0.741 | 
     | full_adder_loop[4].FA/g122__9315  | A ^ -> Y v    | sky130_fd_sc_hd__nand2_4  | 0.051 |   0.816 |    0.792 | 
     | full_adder_loop[5].FA/g124__2398  | A v -> Y ^    | sky130_fd_sc_hd__nand2_4  | 0.063 |   0.879 |    0.855 | 
     | full_adder_loop[5].FA/g122__6417  | A ^ -> Y v    | sky130_fd_sc_hd__nand2_4  | 0.054 |   0.933 |    0.909 | 
     | full_adder_loop[6].FA/g124__6783  | A v -> Y ^    | sky130_fd_sc_hd__nand2_4  | 0.065 |   0.998 |    0.974 | 
     | full_adder_loop[6].FA/g122__8428  | A ^ -> Y v    | sky130_fd_sc_hd__nand2_4  | 0.052 |   1.049 |    1.025 | 
     | full_adder_loop[7].FA/g124__5122  | A v -> Y ^    | sky130_fd_sc_hd__nand2_4  | 0.057 |   1.107 |    1.083 | 
     | full_adder_loop[7].FA/g122__1705  | A ^ -> Y v    | sky130_fd_sc_hd__nand2_4  | 0.051 |   1.158 |    1.134 | 
     | full_adder_loop[8].FA/g124__5115  | A v -> Y ^    | sky130_fd_sc_hd__nand2_4  | 0.063 |   1.220 |    1.196 | 
     | full_adder_loop[8].FA/g122__1881  | A ^ -> Y v    | sky130_fd_sc_hd__nand2_4  | 0.052 |   1.272 |    1.248 | 
     | full_adder_loop[9].FA/g124__2883  | A v -> Y ^    | sky130_fd_sc_hd__nand2_4  | 0.063 |   1.335 |    1.311 | 
     | full_adder_loop[9].FA/g122__9315  | A ^ -> Y v    | sky130_fd_sc_hd__nand2_4  | 0.050 |   1.386 |    1.362 | 
     | full_adder_loop[10].FA/g124__5477 | A v -> Y ^    | sky130_fd_sc_hd__nand2_4  | 0.063 |   1.449 |    1.425 | 
     | full_adder_loop[10].FA/g122__7410 | A ^ -> Y v    | sky130_fd_sc_hd__nand2_4  | 0.051 |   1.499 |    1.475 | 
     | full_adder_loop[11].FA/g124__8428 | A v -> Y ^    | sky130_fd_sc_hd__nand2_4  | 0.063 |   1.562 |    1.538 | 
     | full_adder_loop[11].FA/g122__6260 | A ^ -> Y v    | sky130_fd_sc_hd__nand2_4  | 0.056 |   1.618 |    1.594 | 
     | full_adder_loop[12].FA/g124__2802 | A v -> Y ^    | sky130_fd_sc_hd__nand2_4  | 0.066 |   1.683 |    1.659 | 
     | full_adder_loop[12].FA/g122__3680 | A ^ -> Y v    | sky130_fd_sc_hd__nand2_4  | 0.051 |   1.735 |    1.711 | 
     | full_adder_loop[13].FA/g121__1881 | A v -> Y ^    | sky130_fd_sc_hd__nand2_4  | 0.063 |   1.797 |    1.773 | 
     | full_adder_loop[13].FA/g119__7098 | A ^ -> Y v    | sky130_fd_sc_hd__nand2_4  | 0.051 |   1.848 |    1.824 | 
     | full_adder_loop[14].FA/g122__9945 | A v -> Y ^    | sky130_fd_sc_hd__nand2_4  | 0.064 |   1.912 |    1.888 | 
     | full_adder_loop[14].FA/g120__6161 | A ^ -> Y v    | sky130_fd_sc_hd__nand2_4  | 0.057 |   1.969 |    1.945 | 
     | full_adder_loop[15].FA/g115__6417 | A2_N v -> X ^ | sky130_fd_sc_hd__a2bb2o_4 | 0.305 |   2.274 |    2.250 | 
     |                                   | S[15] ^       |                           | 0.001 |   2.275 |    2.251 | 
     +------------------------------------------------------------------------------------------------------------+ 

