###############################################################
#  Generated by:      Cadence Innovus 23.32-s091_1
#  OS:                Linux x86_64(Host ID cadmicro-inf-el8-623207)
#  Generated on:      Thu Apr  3 15:02:50 2025
#  Design:            carry_select_adder_66668_32bits
#  Command:           report_timing > reports/report_timing.rpt
###############################################################
Path 1: MET Path Delay Check
Endpoint:   S[28] (v)
Beginpoint: A[0]  (v) triggered by  leading edge of '@'
Path Groups: {default}
Analysis View: default_emulate_view
- External Delay                0.000
+ Path Delay                  200.000
= Required Time               200.000
- Arrival Time                  5.678
= Slack Time                  194.322
     Clock Rise Edge                      0.000
     + Input Delay                        0.000
     = Beginpoint Arrival Time            0.000
     +-------------------------------------------------------------------------------------------------------------------+ 
     |                Instance                 |       Arc       |           Cell           | Delay | Arrival | Required | 
     |                                         |                 |                          |       |  Time   |   Time   | 
     |-----------------------------------------+-----------------+--------------------------+-------+---------+----------| 
     |                                         | A[0] v          |                          |       |  -0.000 |  194.322 | 
     | RCA_LSB/F1A/g65__2398                   | B v -> COUT v   | sky130_fd_sc_hd__fa_1    | 0.799 |   0.799 |  195.121 | 
     | RCA_LSB/full_adder_loop[1].FA/g65__5107 | CIN v -> COUT v | sky130_fd_sc_hd__fa_1    | 0.398 |   1.198 |  195.520 | 
     | RCA_LSB/full_adder_loop[2].FA/g65__6260 | CIN v -> COUT v | sky130_fd_sc_hd__fa_1    | 0.400 |   1.597 |  195.919 | 
     | RCA_LSB/full_adder_loop[3].FA/g65__4319 | CIN v -> COUT v | sky130_fd_sc_hd__fa_1    | 0.400 |   1.997 |  196.319 | 
     | RCA_LSB/full_adder_loop[4].FA/g65__8428 | CIN v -> COUT v | sky130_fd_sc_hd__fa_1    | 0.391 |   2.388 |  196.710 | 
     | RCA_LSB/full_adder_loop[5].FA/g65__5526 | CIN v -> COUT v | sky130_fd_sc_hd__fa_1    | 0.536 |   2.924 |  197.246 | 
     | g600__3680                              | S v -> Y ^      | sky130_fd_sc_hd__mux2i_1 | 0.652 |   3.576 |  197.898 | 
     | g593__2398                              | S ^ -> Y ^      | sky130_fd_sc_hd__mux2i_1 | 0.702 |   4.279 |  198.600 | 
     | g582__7482                              | S ^ -> Y ^      | sky130_fd_sc_hd__mux2i_1 | 0.833 |   5.112 |  199.434 | 
     | g571__6783                              | S ^ -> X v      | sky130_fd_sc_hd__mux2_2  | 0.564 |   5.676 |  199.998 | 
     |                                         | S[28] v         |                          | 0.002 |   5.678 |  200.000 | 
     +-------------------------------------------------------------------------------------------------------------------+ 

