Hinst Name                                   Module Name                     Inst Count           Total Area               Buffer             Inverter        Combinational                 Flop                Latch           Clock Gate                Macro             Physical
---------------------------------------------------------------------------------------------------------------------------------------------------------------------------------------------------------------------------------------------------------------------------------------------
carry_select_adder_8888_32bits                                                      866             4474.291               77.574              162.656             2638.781                0.000                0.000                0.000                0.000             1595.280
  CSA_BLOCKS[1].RCA_C0                       ripple_carry_adder_WIDTH8_5_231         52              334.070               18.768               15.014              300.288                0.000                0.000                0.000                0.000                0.000
    CSA_BLOCKS[1].RCA_C0/F1A                 full_adder_24_228                        1               25.024                0.000                0.000               25.024                0.000                0.000                0.000                0.000                0.000
    CSA_BLOCKS[1].RCA_C0/full_adder_loop[1].FA full_adder_219                           8               45.043                0.000                7.507               37.536                0.000                0.000                0.000                0.000                0.000
    CSA_BLOCKS[1].RCA_C0/full_adder_loop[2].FA full_adder_218                           8               45.043                0.000                7.507               37.536                0.000                0.000                0.000                0.000                0.000
    CSA_BLOCKS[1].RCA_C0/full_adder_loop[3].FA full_adder_217                           6               40.038                0.000                0.000               40.038                0.000                0.000                0.000                0.000                0.000
    CSA_BLOCKS[1].RCA_C0/full_adder_loop[4].FA full_adder_216                           6               40.038                0.000                0.000               40.038                0.000                0.000                0.000                0.000                0.000
    CSA_BLOCKS[1].RCA_C0/full_adder_loop[5].FA full_adder_215                           6               40.038                0.000                0.000               40.038                0.000                0.000                0.000                0.000                0.000
    CSA_BLOCKS[1].RCA_C0/full_adder_loop[6].FA full_adder_214                           6               40.038                0.000                0.000               40.038                0.000                0.000                0.000                0.000                0.000
    CSA_BLOCKS[1].RCA_C0/full_adder_loop[7].FA full_adder_213                           6               40.038                0.000                0.000               40.038                0.000                0.000                0.000                0.000                0.000
  CSA_BLOCKS[1].RCA_C1                       ripple_carry_adder_WIDTH8_6_233         53              314.051               11.261               22.522              280.269                0.000                0.000                0.000                0.000                0.000
    CSA_BLOCKS[1].RCA_C1/F1A                 full_adder_32_230                        6               27.526                7.507                7.507               12.512                0.000                0.000                0.000                0.000                0.000
    CSA_BLOCKS[1].RCA_C1/full_adder_loop[1].FA full_adder_212                           8               42.541                0.000                7.507               35.034                0.000                0.000                0.000                0.000                0.000
    CSA_BLOCKS[1].RCA_C1/full_adder_loop[2].FA full_adder_211                           8               42.541                0.000                7.507               35.034                0.000                0.000                0.000                0.000                0.000
    CSA_BLOCKS[1].RCA_C1/full_adder_loop[3].FA full_adder_210                           6               40.038                0.000                0.000               40.038                0.000                0.000                0.000                0.000                0.000
    CSA_BLOCKS[1].RCA_C1/full_adder_loop[4].FA full_adder_209                           6               40.038                0.000                0.000               40.038                0.000                0.000                0.000                0.000                0.000
    CSA_BLOCKS[1].RCA_C1/full_adder_loop[5].FA full_adder_208                           6               40.038                0.000                0.000               40.038                0.000                0.000                0.000                0.000                0.000
    CSA_BLOCKS[1].RCA_C1/full_adder_loop[6].FA full_adder_207                           6               40.038                0.000                0.000               40.038                0.000                0.000                0.000                0.000                0.000
    CSA_BLOCKS[1].RCA_C1/full_adder_loop[7].FA full_adder_206                           6               37.536                0.000                0.000               37.536                0.000                0.000                0.000                0.000                0.000
  CSA_BLOCKS[2].RCA_C0                       ripple_carry_adder_WIDTH8_5_232         46              279.018                0.000               15.014              264.003                0.000                0.000                0.000                0.000                0.000
    CSA_BLOCKS[2].RCA_C0/F1A                 full_adder_24                            4               20.019                0.000                7.507               12.512                0.000                0.000                0.000                0.000                0.000
    CSA_BLOCKS[2].RCA_C0/full_adder_loop[1].FA full_adder_205                           8               40.038                0.000                7.507               32.531                0.000                0.000                0.000                0.000                0.000
    CSA_BLOCKS[2].RCA_C0/full_adder_loop[2].FA full_adder_204                           6               35.034                0.000                0.000               35.034                0.000                0.000                0.000                0.000                0.000
    CSA_BLOCKS[2].RCA_C0/full_adder_loop[3].FA full_adder_203                           6               35.034                0.000                0.000               35.034                0.000                0.000                0.000                0.000                0.000
    CSA_BLOCKS[2].RCA_C0/full_adder_loop[4].FA full_adder_202                           6               35.034                0.000                0.000               35.034                0.000                0.000                0.000                0.000                0.000
    CSA_BLOCKS[2].RCA_C0/full_adder_loop[5].FA full_adder_201                           6               35.034                0.000                0.000               35.034                0.000                0.000                0.000                0.000                0.000
    CSA_BLOCKS[2].RCA_C0/full_adder_loop[6].FA full_adder_200                           6               40.038                0.000                0.000               40.038                0.000                0.000                0.000                0.000                0.000
    CSA_BLOCKS[2].RCA_C0/full_adder_loop[7].FA full_adder_199                           4               38.787                0.000                0.000               38.787                0.000                0.000                0.000                0.000                0.000
  CSA_BLOCKS[2].RCA_C1                       ripple_carry_adder_WIDTH8_6_234         47              291.530                0.000               16.266              275.264                0.000                0.000                0.000                0.000                0.000
    CSA_BLOCKS[2].RCA_C1/F1A                 full_adder_32                            4               21.270                0.000                8.758               12.512                0.000                0.000                0.000                0.000                0.000
    CSA_BLOCKS[2].RCA_C1/full_adder_loop[1].FA full_adder_198                           8               40.038                0.000                7.507               32.531                0.000                0.000                0.000                0.000                0.000
    CSA_BLOCKS[2].RCA_C1/full_adder_loop[2].FA full_adder_197                           6               35.034                0.000                0.000               35.034                0.000                0.000                0.000                0.000                0.000
    CSA_BLOCKS[2].RCA_C1/full_adder_loop[3].FA full_adder_196                           6               35.034                0.000                0.000               35.034                0.000                0.000                0.000                0.000                0.000
    CSA_BLOCKS[2].RCA_C1/full_adder_loop[4].FA full_adder_195                           6               40.038                0.000                0.000               40.038                0.000                0.000                0.000                0.000                0.000
    CSA_BLOCKS[2].RCA_C1/full_adder_loop[5].FA full_adder_194                           6               40.038                0.000                0.000               40.038                0.000                0.000                0.000                0.000                0.000
    CSA_BLOCKS[2].RCA_C1/full_adder_loop[6].FA full_adder_193                           6               40.038                0.000                0.000               40.038                0.000                0.000                0.000                0.000                0.000
    CSA_BLOCKS[2].RCA_C1/full_adder_loop[7].FA full_adder_192                           5               40.038                0.000                0.000               40.038                0.000                0.000                0.000                0.000                0.000
  CSA_BLOCKS[3].RCA_C0                       ripple_carry_adder_WIDTH8_5             31              274.013                0.000               11.261              262.752                0.000                0.000                0.000                0.000                0.000
    CSA_BLOCKS[3].RCA_C0/F1A                 full_adder_24_227                        2               12.512                0.000                0.000               12.512                0.000                0.000                0.000                0.000                0.000
    CSA_BLOCKS[3].RCA_C0/full_adder_loop[1].FA full_adder_191                           8               43.792                0.000                7.507               36.285                0.000                0.000                0.000                0.000                0.000
    CSA_BLOCKS[3].RCA_C0/full_adder_loop[2].FA full_adder_190                           6               38.787                0.000                0.000               38.787                0.000                0.000                0.000                0.000                0.000
    CSA_BLOCKS[3].RCA_C0/full_adder_loop[3].FA full_adder_189                           5               37.536                0.000                3.754               33.782                0.000                0.000                0.000                0.000                0.000
    CSA_BLOCKS[3].RCA_C0/full_adder_loop[4].FA full_adder_188                           4               38.787                0.000                0.000               38.787                0.000                0.000                0.000                0.000                0.000
    CSA_BLOCKS[3].RCA_C0/full_adder_loop[5].FA full_adder_187                           4               35.034                0.000                0.000               35.034                0.000                0.000                0.000                0.000                0.000
    CSA_BLOCKS[3].RCA_C0/full_adder_loop[6].FA full_adder_186                           1               33.782                0.000                0.000               33.782                0.000                0.000                0.000                0.000                0.000
    CSA_BLOCKS[3].RCA_C0/full_adder_loop[7].FA full_adder_185                           1               33.782                0.000                0.000               33.782                0.000                0.000                0.000                0.000                0.000
  CSA_BLOCKS[3].RCA_C1                       ripple_carry_adder_WIDTH8_6             31              264.003                0.000                3.754              260.250                0.000                0.000                0.000                0.000                0.000
    CSA_BLOCKS[3].RCA_C1/F1A                 full_adder_32_229                        2               12.512                0.000                0.000               12.512                0.000                0.000                0.000                0.000                0.000
    CSA_BLOCKS[3].RCA_C1/full_adder_loop[1].FA full_adder_184                           6               33.782                0.000                3.754               30.029                0.000                0.000                0.000                0.000                0.000
    CSA_BLOCKS[3].RCA_C1/full_adder_loop[2].FA full_adder_183                           6               38.787                0.000                0.000               38.787                0.000                0.000                0.000                0.000                0.000
    CSA_BLOCKS[3].RCA_C1/full_adder_loop[3].FA full_adder_182                           6               38.787                0.000                0.000               38.787                0.000                0.000                0.000                0.000                0.000
    CSA_BLOCKS[3].RCA_C1/full_adder_loop[4].FA full_adder_181                           5               37.536                0.000                0.000               37.536                0.000                0.000                0.000                0.000                0.000
    CSA_BLOCKS[3].RCA_C1/full_adder_loop[5].FA full_adder_180                           4               35.034                0.000                0.000               35.034                0.000                0.000                0.000                0.000                0.000
    CSA_BLOCKS[3].RCA_C1/full_adder_loop[6].FA full_adder_179                           1               33.782                0.000                0.000               33.782                0.000                0.000                0.000                0.000                0.000
    CSA_BLOCKS[3].RCA_C1/full_adder_loop[7].FA full_adder_178                           1               33.782                0.000                0.000               33.782                0.000                0.000                0.000                0.000                0.000
  RCA_LSB                                    ripple_carry_adder_WIDTH8               51              519.248               18.768               15.014              485.466                0.000                0.000                0.000                0.000                0.000
    RCA_LSB/F1A                              full_adder                               6               56.304                0.000                3.754               52.550                0.000                0.000                0.000                0.000                0.000
    RCA_LSB/full_adder_loop[1].FA            full_adder_226                           8               61.309                0.000               11.261               50.048                0.000                0.000                0.000                0.000                0.000
    RCA_LSB/full_adder_loop[2].FA            full_adder_225                           6               57.555                0.000                0.000               57.555                0.000                0.000                0.000                0.000                0.000
    RCA_LSB/full_adder_loop[3].FA            full_adder_224                           6               60.058                0.000                0.000               60.058                0.000                0.000                0.000                0.000                0.000
    RCA_LSB/full_adder_loop[4].FA            full_adder_223                           5               62.560                0.000                0.000               62.560                0.000                0.000                0.000                0.000                0.000
    RCA_LSB/full_adder_loop[5].FA            full_adder_222                           5               62.560                0.000                0.000               62.560                0.000                0.000                0.000                0.000                0.000
    RCA_LSB/full_adder_loop[6].FA            full_adder_221                           5               65.062                0.000                0.000               65.062                0.000                0.000                0.000                0.000                0.000
    RCA_LSB/full_adder_loop[7].FA            full_adder_220                           5               75.072                0.000                0.000               75.072                0.000                0.000                0.000                0.000                0.000
