    Hinst Name                               Module Name                     Inst Count           Total Area
---------------------------------------------------------------------------------------------------------
carry_select_adder_8888_32bits                                                      395             2879.011
  CSA_BLOCKS[1].RCA_C0                       ripple_carry_adder_WIDTH8_5_231         52              334.070
    CSA_BLOCKS[1].RCA_C0/F1A                 full_adder_24_228                        1               25.024
    CSA_BLOCKS[1].RCA_C0/full_adder_loop[1].FA full_adder_219                           8               45.043
    CSA_BLOCKS[1].RCA_C0/full_adder_loop[2].FA full_adder_218                           8               45.043
    CSA_BLOCKS[1].RCA_C0/full_adder_loop[3].FA full_adder_217                           6               40.038
    CSA_BLOCKS[1].RCA_C0/full_adder_loop[4].FA full_adder_216                           6               40.038
    CSA_BLOCKS[1].RCA_C0/full_adder_loop[5].FA full_adder_215                           6               40.038
    CSA_BLOCKS[1].RCA_C0/full_adder_loop[6].FA full_adder_214                           6               40.038
    CSA_BLOCKS[1].RCA_C0/full_adder_loop[7].FA full_adder_213                           6               40.038
  CSA_BLOCKS[1].RCA_C1                       ripple_carry_adder_WIDTH8_6_233         53              314.051
    CSA_BLOCKS[1].RCA_C1/F1A                 full_adder_32_230                        6               27.526
    CSA_BLOCKS[1].RCA_C1/full_adder_loop[1].FA full_adder_212                           8               42.541
    CSA_BLOCKS[1].RCA_C1/full_adder_loop[2].FA full_adder_211                           8               42.541
    CSA_BLOCKS[1].RCA_C1/full_adder_loop[3].FA full_adder_210                           6               40.038
    CSA_BLOCKS[1].RCA_C1/full_adder_loop[4].FA full_adder_209                           6               40.038
    CSA_BLOCKS[1].RCA_C1/full_adder_loop[5].FA full_adder_208                           6               40.038
    CSA_BLOCKS[1].RCA_C1/full_adder_loop[6].FA full_adder_207                           6               40.038
    CSA_BLOCKS[1].RCA_C1/full_adder_loop[7].FA full_adder_206                           6               37.536
  CSA_BLOCKS[2].RCA_C0                       ripple_carry_adder_WIDTH8_5_232         46              279.018
    CSA_BLOCKS[2].RCA_C0/F1A                 full_adder_24                            4               20.019
    CSA_BLOCKS[2].RCA_C0/full_adder_loop[1].FA full_adder_205                           8               40.038
    CSA_BLOCKS[2].RCA_C0/full_adder_loop[2].FA full_adder_204                           6               35.034
    CSA_BLOCKS[2].RCA_C0/full_adder_loop[3].FA full_adder_203                           6               35.034
    CSA_BLOCKS[2].RCA_C0/full_adder_loop[4].FA full_adder_202                           6               35.034
    CSA_BLOCKS[2].RCA_C0/full_adder_loop[5].FA full_adder_201                           6               35.034
    CSA_BLOCKS[2].RCA_C0/full_adder_loop[6].FA full_adder_200                           6               40.038
    CSA_BLOCKS[2].RCA_C0/full_adder_loop[7].FA full_adder_199                           4               38.787
  CSA_BLOCKS[2].RCA_C1                       ripple_carry_adder_WIDTH8_6_234         47              291.530
    CSA_BLOCKS[2].RCA_C1/F1A                 full_adder_32                            4               21.270
    CSA_BLOCKS[2].RCA_C1/full_adder_loop[1].FA full_adder_198                           8               40.038
    CSA_BLOCKS[2].RCA_C1/full_adder_loop[2].FA full_adder_197                           6               35.034
    CSA_BLOCKS[2].RCA_C1/full_adder_loop[3].FA full_adder_196                           6               35.034
    CSA_BLOCKS[2].RCA_C1/full_adder_loop[4].FA full_adder_195                           6               40.038
    CSA_BLOCKS[2].RCA_C1/full_adder_loop[5].FA full_adder_194                           6               40.038
    CSA_BLOCKS[2].RCA_C1/full_adder_loop[6].FA full_adder_193                           6               40.038
    CSA_BLOCKS[2].RCA_C1/full_adder_loop[7].FA full_adder_192                           5               40.038
  CSA_BLOCKS[3].RCA_C0                       ripple_carry_adder_WIDTH8_5             31              274.013
    CSA_BLOCKS[3].RCA_C0/F1A                 full_adder_24_227                        2               12.512
    CSA_BLOCKS[3].RCA_C0/full_adder_loop[1].FA full_adder_191                           8               43.792
    CSA_BLOCKS[3].RCA_C0/full_adder_loop[2].FA full_adder_190                           6               38.787
    CSA_BLOCKS[3].RCA_C0/full_adder_loop[3].FA full_adder_189                           5               37.536
    CSA_BLOCKS[3].RCA_C0/full_adder_loop[4].FA full_adder_188                           4               38.787
    CSA_BLOCKS[3].RCA_C0/full_adder_loop[5].FA full_adder_187                           4               35.034
    CSA_BLOCKS[3].RCA_C0/full_adder_loop[6].FA full_adder_186                           1               33.782
    CSA_BLOCKS[3].RCA_C0/full_adder_loop[7].FA full_adder_185                           1               33.782
  CSA_BLOCKS[3].RCA_C1                       ripple_carry_adder_WIDTH8_6             31              264.003
    CSA_BLOCKS[3].RCA_C1/F1A                 full_adder_32_229                        2               12.512
    CSA_BLOCKS[3].RCA_C1/full_adder_loop[1].FA full_adder_184                           6               33.782
    CSA_BLOCKS[3].RCA_C1/full_adder_loop[2].FA full_adder_183                           6               38.787
    CSA_BLOCKS[3].RCA_C1/full_adder_loop[3].FA full_adder_182                           6               38.787
    CSA_BLOCKS[3].RCA_C1/full_adder_loop[4].FA full_adder_181                           5               37.536
    CSA_BLOCKS[3].RCA_C1/full_adder_loop[5].FA full_adder_180                           4               35.034
    CSA_BLOCKS[3].RCA_C1/full_adder_loop[6].FA full_adder_179                           1               33.782
    CSA_BLOCKS[3].RCA_C1/full_adder_loop[7].FA full_adder_178                           1               33.782
  RCA_LSB                                    ripple_carry_adder_WIDTH8               51              519.248
    RCA_LSB/F1A                              full_adder                               6               56.304
    RCA_LSB/full_adder_loop[1].FA            full_adder_226                           8               61.309
    RCA_LSB/full_adder_loop[2].FA            full_adder_225                           6               57.555
    RCA_LSB/full_adder_loop[3].FA            full_adder_224                           6               60.058
    RCA_LSB/full_adder_loop[4].FA            full_adder_223                           5               62.560
    RCA_LSB/full_adder_loop[5].FA            full_adder_222                           5               62.560
    RCA_LSB/full_adder_loop[6].FA            full_adder_221                           5               65.062
    RCA_LSB/full_adder_loop[7].FA            full_adder_220                           5               75.072
