###############################################################
#  Generated by:      Cadence Innovus 23.32-s091_1
#  OS:                Linux x86_64(Host ID cadmicro-inf-el8-623207)
#  Generated on:      Mon Apr  7 17:52:30 2025
#  Design:            carry_select_adder_8888_32bits
#  Command:           report_timing > reports/report_timing.rpt
###############################################################
Path 1: VIOLATED Path Delay Check
Endpoint:   S[25] (^)
Beginpoint: B[8]  (v) triggered by  leading edge of '@'
Path Groups: {default}
Analysis View: default_emulate_view
- External Delay                0.000
+ Path Delay                    1.974
= Required Time                 1.974
- Arrival Time                  2.016
= Slack Time                   -0.042
     Clock Rise Edge                      0.000
     + Input Delay                        0.000
     = Beginpoint Arrival Time            0.000
     +-----------------------------------------------------------------------------------------------------------------------------+ 
     |                      Instance                      |      Arc      |           Cell            | Delay | Arrival | Required | 
     |                                                    |               |                           |       |  Time   |   Time   | 
     |----------------------------------------------------+---------------+---------------------------+-------+---------+----------| 
     |                                                    | B[8] v        |                           |       |   0.000 |   -0.042 | 
     | CSA_BLOCKS[1].RCA_C0/F1A/g2                        | A v -> COUT v | sky130_fd_sc_hd__ha_4     | 0.535 |   0.535 |    0.493 | 
     | CSA_BLOCKS[1].RCA_C0/full_adder_loop[1].FA/g136__8 | A v -> Y ^    | sky130_fd_sc_hd__nand2_2  | 0.064 |   0.599 |    0.556 | 
     | 428                                                |               |                           |       |         |          | 
     | CSA_BLOCKS[1].RCA_C0/full_adder_loop[1].FA/g134__6 | A ^ -> Y v    | sky130_fd_sc_hd__nand2_2  | 0.052 |   0.651 |    0.609 | 
     | 260                                                |               |                           |       |         |          | 
     | CSA_BLOCKS[1].RCA_C0/full_adder_loop[2].FA/g119__1 | A v -> Y ^    | sky130_fd_sc_hd__nand2_2  | 0.065 |   0.716 |    0.674 | 
     | 705                                                |               |                           |       |         |          | 
     | CSA_BLOCKS[1].RCA_C0/full_adder_loop[2].FA/g117__1 | A ^ -> Y v    | sky130_fd_sc_hd__nand2_2  | 0.060 |   0.776 |    0.733 | 
     | 617                                                |               |                           |       |         |          | 
     | CSA_BLOCKS[1].RCA_C0/full_adder_loop[3].FA/g119__5 | A v -> Y ^    | sky130_fd_sc_hd__nand2_2  | 0.067 |   0.842 |    0.800 | 
     | 115                                                |               |                           |       |         |          | 
     | CSA_BLOCKS[1].RCA_C0/full_adder_loop[3].FA/g117__6 | A ^ -> Y v    | sky130_fd_sc_hd__nand2_2  | 0.052 |   0.894 |    0.851 | 
     | 131                                                |               |                           |       |         |          | 
     | CSA_BLOCKS[1].RCA_C0/full_adder_loop[4].FA/g91__28 | A v -> Y ^    | sky130_fd_sc_hd__nand2_2  | 0.064 |   0.958 |    0.916 | 
     | 83                                                 |               |                           |       |         |          | 
     | CSA_BLOCKS[1].RCA_C0/full_adder_loop[4].FA/g89__93 | A ^ -> Y v    | sky130_fd_sc_hd__nand2_2  | 0.061 |   1.019 |    0.977 | 
     | 15                                                 |               |                           |       |         |          | 
     | CSA_BLOCKS[1].RCA_C0/full_adder_loop[5].FA/g84__23 | A v -> Y ^    | sky130_fd_sc_hd__nand2_2  | 0.068 |   1.087 |    1.045 | 
     | 98                                                 |               |                           |       |         |          | 
     | CSA_BLOCKS[1].RCA_C0/full_adder_loop[5].FA/g82__64 | A ^ -> Y v    | sky130_fd_sc_hd__nand2_2  | 0.059 |   1.146 |    1.103 | 
     | 17                                                 |               |                           |       |         |          | 
     | CSA_BLOCKS[1].RCA_C0/full_adder_loop[6].FA/g84__67 | A v -> Y ^    | sky130_fd_sc_hd__nand2_2  | 0.067 |   1.212 |    1.170 | 
     | 83                                                 |               |                           |       |         |          | 
     | CSA_BLOCKS[1].RCA_C0/full_adder_loop[6].FA/g82__84 | A ^ -> Y v    | sky130_fd_sc_hd__nand2_2  | 0.059 |   1.271 |    1.228 | 
     | 28                                                 |               |                           |       |         |          | 
     | CSA_BLOCKS[1].RCA_C0/full_adder_loop[7].FA/g96__82 | A v -> Y ^    | sky130_fd_sc_hd__nand2_2  | 0.066 |   1.337 |    1.295 | 
     | 46                                                 |               |                           |       |         |          | 
     | CSA_BLOCKS[1].RCA_C0/full_adder_loop[7].FA/g94__17 | A ^ -> Y v    | sky130_fd_sc_hd__nand2_2  | 0.055 |   1.392 |    1.350 | 
     | 05                                                 |               |                           |       |         |          | 
     | g10                                                | A v -> Y ^    | sky130_fd_sc_hd__clkinv_2 | 0.066 |   1.458 |    1.416 | 
     | g23                                                | A ^ -> Y v    | sky130_fd_sc_hd__nand2_2  | 0.043 |   1.502 |    1.459 | 
     | g21                                                | A v -> Y ^    | sky130_fd_sc_hd__nand2_2  | 0.065 |   1.566 |    1.524 | 
     | g219                                               | A ^ -> Y v    | sky130_fd_sc_hd__nand2_4  | 0.065 |   1.631 |    1.588 | 
     | g12                                                | A v -> Y ^    | sky130_fd_sc_hd__nand2_4  | 0.115 |   1.745 |    1.703 | 
     | g5398                                              | A ^ -> Y v    | sky130_fd_sc_hd__nand2_1  | 0.104 |   1.849 |    1.807 | 
     | g5397                                              | A v -> Y ^    | sky130_fd_sc_hd__nand2_4  | 0.166 |   2.015 |    1.973 | 
     |                                                    | S[25] ^       |                           | 0.001 |   2.016 |    1.974 | 
     +-----------------------------------------------------------------------------------------------------------------------------+ 

