============================================================
  Generated by:           Genus(TM) Synthesis Solution 23.12-s086_1
  Generated on:           Apr 07 2025  07:03:07 pm
  Module:                 carry_select_adder_68810_32bits
  Operating conditions:   tt_025C_1v80 
  Interconnect mode:      global
  Area mode:              physical library
============================================================

Timing
-------
  Cost    Critical         Violating 
 Group   Path Slack  TNS     Paths   
-------------------------------------
default         0.0   0.0          0 
-------------------------------------
Total                 0.0          0 

Instance Count
--------------
Leaf Instance Count             494 
Physical Instance count           0 
Sequential Instance Count         0 
Combinational Instance Count    494 
Hierarchical Instance Count      65 

Area
----
Cell Area                          3224.342
Physical Cell Area                 0.000
Total Cell Area (Cell+Physical)    3224.342
Net Area                           2512.762
Total Area (Cell+Physical+Net)     5737.104

Max Fanout                         11 (n_30)
Min Fanout                         1 (C0[2])
Average Fanout                     1.6
Terms to net ratio                 2.4664
Terms to instance ratio            2.8259
Runtime                            17.514296 seconds
Elapsed Runtime                    19 seconds
Genus peak memory usage            1893.62 
Innovus peak memory usage          no_value 
Hostname                           cadmicro-inf-el8-623207
