============================================================
  Generated by:           Genus(TM) Synthesis Solution 23.12-s086_1
  Generated on:           Apr 07 2025  02:24:27 pm
  Module:                 ripple_carry_adder_16bits
  Operating conditions:   tt_025C_1v80 
  Interconnect mode:      global
  Area mode:              physical library
============================================================

         Instance              Module       Cell-Count  Cell-Area  Net-Area   Total-Area 
-----------------------------------------------------------------------------------------
ripple_carry_adder_16bits NA                       155   1274.973   771.859     2046.832 
  F1A                     full_adder                 6     38.787    16.882       55.669 
  full_adder_loop[10].FA  full_adder_15_24           7     78.826    18.622       97.448 
  full_adder_loop[11].FA  full_adder_15_25           6     76.323    13.575       89.898 
  full_adder_loop[12].FA  full_adder_15_26           6     80.077    13.575       93.652 
  full_adder_loop[13].FA  full_adder_15_27           8     80.077    25.323      105.399 
  full_adder_loop[14].FA  full_adder_15_28           6     68.816    15.228       84.044 
  full_adder_loop[15].FA  full_adder_15             11    101.347    33.850      135.198 
  full_adder_loop[1].FA   full_adder_15_15          10     68.816    28.803       97.619 
  full_adder_loop[2].FA   full_adder_15_16          11     77.574    37.157      114.732 
  full_adder_loop[3].FA   full_adder_15_17           8     63.811    20.362       84.174 
  full_adder_loop[4].FA   full_adder_15_18           7     65.062    16.969       82.031 
  full_adder_loop[5].FA   full_adder_15_19           7     65.062    16.969       82.031 
  full_adder_loop[6].FA   full_adder_15_20           7     65.062    16.969       82.031 
  full_adder_loop[7].FA   full_adder_15_21           7     71.318    18.622       89.940 
  full_adder_loop[8].FA   full_adder_15_22           7     71.318    18.622       89.940 
  full_adder_loop[9].FA   full_adder_15_23           7     75.072    18.622       93.694 
