============================================================
  Generated by:           Genus(TM) Synthesis Solution 23.12-s086_1
  Generated on:           Apr 07 2025  02:24:27 pm
  Module:                 ripple_carry_adder_16bits
  Operating conditions:   tt_025C_1v80 
  Interconnect mode:      global
  Area mode:              physical library
============================================================

Timing
-------
  Cost    Critical           Violating 
 Group   Path Slack   TNS      Paths   
---------------------------------------
default       -17.5   -17.5          1 
---------------------------------------
Total                 -17.5          1 

Instance Count
--------------
Leaf Instance Count             155 
Physical Instance count           0 
Sequential Instance Count         0 
Combinational Instance Count    155 
Hierarchical Instance Count      16 

Area
----
Cell Area                          1274.973
Physical Cell Area                 0.000
Total Cell Area (Cell+Physical)    1274.973
Net Area                           771.859
Total Area (Cell+Physical+Net)     2046.832

Max Fanout                         3 (carry[13])
Min Fanout                         1 (Cout)
Average Fanout                     1.4
Terms to net ratio                 2.1979
Terms to instance ratio            2.6516
Runtime                            19.897543 seconds
Elapsed Runtime                    20 seconds
Genus peak memory usage            1897.16 
Innovus peak memory usage          no_value 
Hostname                           cadmicro-inf-el8-623207
