============================================================
  Generated by:           Genus(TM) Synthesis Solution 23.12-s086_1
  Generated on:           Apr 07 2025  05:01:56 pm
  Module:                 carry_increment_32bits
  Operating conditions:   tt_025C_1v80 
  Interconnect mode:      global
  Area mode:              physical library
============================================================

Timing
-------
  Cost    Critical             Violating 
 Group   Path Slack    TNS       Paths   
-----------------------------------------
default      -121.1   -2517.8         26 
-----------------------------------------
Total                 -2517.8         26 

Instance Count
--------------
Leaf Instance Count             801 
Physical Instance count           0 
Sequential Instance Count         0 
Combinational Instance Count    801 
Hierarchical Instance Count      40 

Area
----
Cell Area                          5209.997
Physical Cell Area                 0.000
Total Cell Area (Cell+Physical)    5209.997
Net Area                           3864.864
Total Area (Cell+Physical+Net)     9074.861

Max Fanout                         10 (S1[6][0])
Min Fanout                         1 (C2[5])
Average Fanout                     1.6
Terms to net ratio                 2.5346
Terms to instance ratio            2.7403
Runtime                            51.01471 seconds
Elapsed Runtime                    52 seconds
Genus peak memory usage            2022.01 
Innovus peak memory usage          no_value 
Hostname                           cadmicro-inf-el8-623207
