============================================================
  Generated by:           Genus(TM) Synthesis Solution 23.12-s086_1
  Generated on:           Apr 07 2025  05:01:56 pm
  Module:                 carry_increment_32bits
  Operating conditions:   tt_025C_1v80 
  Interconnect mode:      global
  Area mode:              physical library
============================================================

         Instance                      Module              Cell-Count  Cell-Area  Net-Area   Total-Area 
--------------------------------------------------------------------------------------------------------
carry_increment_32bits    NA                                      801   5209.997  3864.864     9074.861 
  RCA1                    ripple_carry_adder_WIDTH4                34    300.288   111.645      411.933 
    F1A                   full_adder                               11     80.077    32.197      112.274 
    full_adder_loop[1].FA full_adder_91                             9     71.318    30.370      101.688 
    full_adder_loop[2].FA full_adder_90                             8     76.323    20.362       96.686 
    full_adder_loop[3].FA full_adder_89                             6     72.570    13.575       86.145 
  RCAS[1].RCA2            ripple_carry_adder_WIDTH4_7_98           47    269.008   185.525      454.533 
    F1A                   full_adder_24_93                          5     31.280    13.488       44.768 
    full_adder_loop[1].FA full_adder_88                            15     82.579    57.346      139.925 
    full_adder_loop[2].FA full_adder_87                            15     86.333    50.732      137.065 
    full_adder_loop[3].FA full_adder_86                            12     68.816    42.204      111.020 
  RCAS[2].RCA2            ripple_carry_adder_WIDTH4_7_99           38    246.486   148.367      394.854 
    F1A                   full_adder_24_94                          5     25.024    13.488       38.512 
    full_adder_loop[1].FA full_adder_85                            11     68.816    37.157      105.973 
    full_adder_loop[2].FA full_adder_84                             8     87.584    31.936      119.520 
    full_adder_loop[3].FA full_adder_83                            14     65.062    45.685      110.747 
  RCAS[3].RCA2            ripple_carry_adder_WIDTH4_7_100          43    275.264   166.990      442.254 
    F1A                   full_adder_24_95                          4     25.024    13.401       38.425 
    full_adder_loop[1].FA full_adder_82                             9     62.560    28.716       91.276 
    full_adder_loop[2].FA full_adder_81                            17    105.101    60.826      165.927 
    full_adder_loop[3].FA full_adder_80                            13     82.579    47.251      129.831 
  RCAS[4].RCA2            ripple_carry_adder_WIDTH4_7_101          38    257.747   146.714      404.461 
    F1A                   full_adder_24_96                          4     26.275    13.401       39.676 
    full_adder_loop[1].FA full_adder_79                            10     73.821    37.070      110.891 
    full_adder_loop[2].FA full_adder_78                            12     70.067    38.898      108.965 
    full_adder_loop[3].FA full_adder_77                            12     87.584    38.898      126.482 
  RCAS[5].RCA2            ripple_carry_adder_WIDTH4_7_102          49    304.042   187.352      491.394 
    F1A                   full_adder_24_97                          6     43.792    20.188       63.980 
    full_adder_loop[1].FA full_adder_76                            16     82.579    54.126      136.705 
    full_adder_loop[2].FA full_adder_75                            14     91.338    48.992      140.329 
    full_adder_loop[3].FA full_adder_74                            13     86.333    45.598      131.931 
  RCAS[6].RCA2            ripple_carry_adder_WIDTH4_7_103          35    243.984   139.840      383.824 
    F1A                   full_adder_24                             4     27.526    13.401       40.927 
    full_adder_loop[1].FA full_adder_73                            10     73.821    33.763      107.584 
    full_adder_loop[2].FA full_adder_72                             8     65.062    31.936       96.998 
    full_adder_loop[3].FA full_adder_71                            13     77.574    42.291      119.866 
  RCAS[7].RCA2            ripple_carry_adder_WIDTH4_7              29    172.666   111.210      283.876 
    F1A                   full_adder_24_92                          6     37.536    16.882       54.418 
    full_adder_loop[1].FA full_adder_70                            11     56.304    37.157       93.461 
    full_adder_loop[2].FA full_adder_69                             9     48.797    30.370       79.166 
    full_adder_loop[3].FA full_adder_68                             3     30.029     5.047       35.076 
