###############################################################
#  Generated by:      Cadence Innovus 23.32-s091_1
#  OS:                Linux x86_64(Host ID cadmicro-inf-el8-623207)
#  Generated on:      Thu Apr  3 14:57:49 2025
#  Design:            carry_select_adder_8888_32bits
#  Command:           report_timing > reports/report_timing.rpt
###############################################################
Path 1: MET Path Delay Check
Endpoint:   S[24] (v)
Beginpoint: A[0]  (v) triggered by  leading edge of '@'
Path Groups: {default}
Analysis View: default_emulate_view
- External Delay                0.000
+ Path Delay                  200.000
= Required Time               200.000
- Arrival Time                  5.954
= Slack Time                  194.046
     Clock Rise Edge                      0.000
     + Input Delay                        0.000
     = Beginpoint Arrival Time            0.000
     +-------------------------------------------------------------------------------------------------------------------+ 
     |                Instance                 |       Arc       |           Cell           | Delay | Arrival | Required | 
     |                                         |                 |                          |       |  Time   |   Time   | 
     |-----------------------------------------+-----------------+--------------------------+-------+---------+----------| 
     |                                         | A[0] v          |                          |       |  -0.000 |  194.045 | 
     | RCA_LSB/F1A/g65__2346                   | B v -> COUT v   | sky130_fd_sc_hd__fa_1    | 0.798 |   0.797 |  194.843 | 
     | RCA_LSB/full_adder_loop[1].FA/g65__1666 | CIN v -> COUT v | sky130_fd_sc_hd__fa_1    | 0.399 |   1.197 |  195.242 | 
     | RCA_LSB/full_adder_loop[2].FA/g65__7410 | CIN v -> COUT v | sky130_fd_sc_hd__fa_1    | 0.400 |   1.597 |  195.642 | 
     | RCA_LSB/full_adder_loop[3].FA/g65__6417 | CIN v -> COUT v | sky130_fd_sc_hd__fa_1    | 0.399 |   1.995 |  196.041 | 
     | RCA_LSB/full_adder_loop[4].FA/g65__5477 | CIN v -> COUT v | sky130_fd_sc_hd__fa_1    | 0.400 |   2.395 |  196.440 | 
     | RCA_LSB/full_adder_loop[5].FA/g65__2398 | CIN v -> COUT v | sky130_fd_sc_hd__fa_1    | 0.401 |   2.796 |  196.842 | 
     | RCA_LSB/full_adder_loop[6].FA/g65__5107 | CIN v -> COUT v | sky130_fd_sc_hd__fa_1    | 0.400 |   3.196 |  197.242 | 
     | RCA_LSB/full_adder_loop[7].FA/g65__6260 | CIN v -> COUT v | sky130_fd_sc_hd__fa_1    | 0.578 |   3.774 |  197.820 | 
     | g522__1666                              | S v -> Y ^      | sky130_fd_sc_hd__mux2i_1 | 0.782 |   4.556 |  198.601 | 
     | g513__1881                              | S ^ -> Y ^      | sky130_fd_sc_hd__mux2i_1 | 0.834 |   5.390 |  199.436 | 
     | g508__1705                              | S ^ -> X v      | sky130_fd_sc_hd__mux2_2  | 0.563 |   5.953 |  199.998 | 
     |                                         | S[24] v         |                          | 0.002 |   5.954 |  200.000 | 
     +-------------------------------------------------------------------------------------------------------------------+ 

