============================================================
  Generated by:           Genus(TM) Synthesis Solution 23.12-s086_1
  Generated on:           Apr 07 2025  05:39:40 pm
  Module:                 carry_select_adder
  Operating conditions:   tt_025C_1v80 
  Interconnect mode:      global
  Area mode:              physical library
============================================================

         Instance                     Module             Cell-Count  Cell-Area  Net-Area   Total-Area 
------------------------------------------------------------------------------------------------------
carry_select_adder         NA                                   509   3664.765  2593.864     6258.629 
  CSA_BLOCKS[1].RCA_C0     ripple_carry_adder_WIDTH6             35    217.709   123.393      341.102 
    F1A                    full_adder_4                           4     22.522    10.094       32.616 
    full_adder_loop[1].FA  full_adder_227                        10     47.546    33.763       81.309 
    full_adder_loop[2].FA  full_adder_226                         6     35.034    13.575       48.609 
    full_adder_loop[3].FA  full_adder_225                         5     37.536    13.575       51.111 
    full_adder_loop[4].FA  full_adder_224                         5     37.536    13.575       51.111 
    full_adder_loop[5].FA  full_adder_223                         5     37.536    13.575       51.111 
  CSA_BLOCKS[1].RCA_C1     ripple_carry_adder_WIDTH6_1           36    221.462   123.393      344.855 
    F1A                    full_adder_46_233                      4     22.522    10.094       32.616 
    full_adder_loop[1].FA  full_adder_202                        10     47.546    33.763       81.309 
    full_adder_loop[2].FA  full_adder_201                         7     41.290    16.969       58.258 
    full_adder_loop[3].FA  full_adder_200                         6     37.536    13.575       51.111 
    full_adder_loop[4].FA  full_adder_199                         4     35.034    10.181       45.215 
    full_adder_loop[5].FA  full_adder_198                         5     37.536    13.575       51.111 
  CSA_BLOCKS[2].RCA_C0     ripple_carry_adder_WIDTH8             48    305.293   160.637      465.930 
    F1A                    full_adder_4_232                       4     22.522    10.094       32.616 
    full_adder_loop[1].FA  full_adder_222                        10     52.550    33.763       86.314 
    full_adder_loop[2].FA  full_adder_221                         6     37.536    13.575       51.111 
    full_adder_loop[3].FA  full_adder_220                         6     35.034    13.575       48.609 
    full_adder_loop[4].FA  full_adder_219                         6     40.038    13.575       53.613 
    full_adder_loop[5].FA  full_adder_218                         6     40.038    13.575       53.613 
    full_adder_loop[6].FA  full_adder_217                         5     40.038    13.575       53.613 
    full_adder_loop[7].FA  full_adder_216                         5     37.536    13.575       51.111 
  CSA_BLOCKS[2].RCA_C1     ripple_carry_adder_WIDTH8_1           45    296.534   143.842      440.377 
    F1A                    full_adder_46_234                      4     20.019    10.094       30.113 
    full_adder_loop[1].FA  full_adder_197                         6     37.536    15.228       52.764 
    full_adder_loop[2].FA  full_adder_196                         7     43.792    16.969       60.761 
    full_adder_loop[3].FA  full_adder_195                         6     40.038    13.575       53.613 
    full_adder_loop[4].FA  full_adder_194                         6     40.038    13.575       53.613 
    full_adder_loop[5].FA  full_adder_193                         6     40.038    13.575       53.613 
    full_adder_loop[6].FA  full_adder_192                         5     37.536    13.575       51.111 
    full_adder_loop[7].FA  full_adder_191                         5     37.536    13.575       51.111 
  CSA_BLOCKS[3].RCA_C0     ripple_carry_adder_WIDTH14           106    853.318   355.212     1208.530 
    F1A                    full_adder_4_231                       4     28.778    10.094       38.872 
    full_adder_loop[10].FA full_adder_206                         7     65.062    16.969       82.031 
    full_adder_loop[11].FA full_adder_205                         8     70.067    22.016       92.083 
    full_adder_loop[12].FA full_adder_204                         6     56.304    16.969       73.273 
    full_adder_loop[13].FA full_adder_203                        10     51.299    28.803       80.103 
    full_adder_loop[1].FA  full_adder_215                        11     78.826    37.157      115.983 
    full_adder_loop[2].FA  full_adder_214                        10     65.062    33.763       98.826 
    full_adder_loop[3].FA  full_adder_213                         8     61.309    20.362       81.671 
    full_adder_loop[4].FA  full_adder_212                         7     65.062    16.969       82.031 
    full_adder_loop[5].FA  full_adder_211                         7     62.560    16.969       79.529 
    full_adder_loop[6].FA  full_adder_210                         7     62.560    16.969       79.529 
    full_adder_loop[7].FA  full_adder_209                         7     61.309    16.969       78.278 
    full_adder_loop[8].FA  full_adder_208                         7     62.560    16.969       79.529 
    full_adder_loop[9].FA  full_adder_207                         7     62.560    16.969       79.529 
  CSA_BLOCKS[3].RCA_C1     ripple_carry_adder_WIDTH14_1         112    923.386   387.061     1310.446 
    F1A                    full_adder_46                          4     23.773    10.094       33.867 
    full_adder_loop[10].FA full_adder_181                         9     80.077    27.063      107.140 
    full_adder_loop[11].FA full_adder_180                         9     82.579    27.063      109.642 
    full_adder_loop[12].FA full_adder_179                         6     68.816    13.575       82.391 
    full_adder_loop[13].FA full_adder_178                         7     38.787    18.622       57.409 
    full_adder_loop[1].FA  full_adder_190                        11     80.077    37.157      117.234 
    full_adder_loop[2].FA  full_adder_189                        11     77.574    37.157      114.732 
    full_adder_loop[3].FA  full_adder_188                         7     60.058    16.969       77.026 
    full_adder_loop[4].FA  full_adder_187                         7     65.062    16.969       82.031 
    full_adder_loop[5].FA  full_adder_186                         7     65.062    16.969       82.031 
    full_adder_loop[6].FA  full_adder_185                         9     72.570    27.063       99.633 
    full_adder_loop[7].FA  full_adder_184                         7     63.811    16.969       80.780 
    full_adder_loop[8].FA  full_adder_183                         9     72.570    27.063       99.633 
    full_adder_loop[9].FA  full_adder_182                         9     72.570    27.063       99.633 
  RCA_LSB                  ripple_carry_adder_WIDTH4             19    141.386    60.913      202.299 
    F1A                    full_adder                             6     40.038    15.228       55.267 
    full_adder_loop[1].FA  full_adder_230                         5     30.029    10.181       40.210 
    full_adder_loop[2].FA  full_adder_229                         4     35.034    10.181       45.215 
    full_adder_loop[3].FA  full_adder_228                         4     36.285    10.181       46.466 
