============================================================
  Generated by:           Genus(TM) Synthesis Solution 23.12-s086_1
  Generated on:           Apr 07 2025  05:39:40 pm
  Module:                 carry_select_adder
  Operating conditions:   tt_025C_1v80 
  Interconnect mode:      global
  Area mode:              physical library
============================================================

Timing
-------
  Cost    Critical         Violating 
 Group   Path Slack  TNS     Paths   
-------------------------------------
default         0.1   0.0          0 
-------------------------------------
Total                 0.0          0 

Instance Count
--------------
Leaf Instance Count             509 
Physical Instance count           0 
Sequential Instance Count         0 
Combinational Instance Count    509 
Hierarchical Instance Count      67 

Area
----
Cell Area                          3664.765
Physical Cell Area                 0.000
Total Cell Area (Cell+Physical)    3664.765
Net Area                           2593.864
Total Area (Cell+Physical+Net)     6258.629

Max Fanout                         15 (n_209)
Min Fanout                         1 (C0[1])
Average Fanout                     1.6
Terms to net ratio                 2.4608
Terms to instance ratio            2.8330
Runtime                            18.542398000000002 seconds
Elapsed Runtime                    20 seconds
Genus peak memory usage            1898.17 
Innovus peak memory usage          no_value 
Hostname                           cadmicro-inf-el8-623207
