Hinst Name                Module Name          Inst Count           Total Area               Buffer             Inverter        Combinational                 Flop                Latch           Clock Gate                Macro             Physical
---------------------------------------------------------------------------------------------------------------------------------------------------------------------------------------------------------------------------------------------------------------
carry_bypass8_32bits                                  607             3661.011               93.840               31.280             2117.030                0.000                0.000                0.000                0.000             1418.861
  BPS1                    bypass8                      71              538.016               18.768               23.773              495.475                0.000                0.000                0.000                0.000                0.000
    BPS1/FA1              full_adder                    6               78.826                0.000                8.758               70.067                0.000                0.000                0.000                0.000                0.000
    BPS1/FA2              full_adder_96                 8               47.546                0.000                7.507               40.038                0.000                0.000                0.000                0.000                0.000
    BPS1/FA3              full_adder_95                 8               47.546                0.000                7.507               40.038                0.000                0.000                0.000                0.000                0.000
    BPS1/FA4              full_adder_94                 6               45.043                0.000                0.000               45.043                0.000                0.000                0.000                0.000                0.000
    BPS1/FA5              full_adder_93                 6               45.043                0.000                0.000               45.043                0.000                0.000                0.000                0.000                0.000
    BPS1/FA6              full_adder_92                 6               45.043                0.000                0.000               45.043                0.000                0.000                0.000                0.000                0.000
    BPS1/FA7              full_adder_91                 6               45.043                0.000                0.000               45.043                0.000                0.000                0.000                0.000                0.000
    BPS1/FA8              full_adder_90                 6               45.043                0.000                0.000               45.043                0.000                0.000                0.000                0.000                0.000
  bypass_loop[1].BPS2     bypass8_7                    67              499.229               18.768                0.000              480.461                0.000                0.000                0.000                0.000                0.000
    bypass_loop[1].BPS2/FA1 full_adder_89                 7               46.294                3.754                0.000               42.541                0.000                0.000                0.000                0.000                0.000
    bypass_loop[1].BPS2/FA2 full_adder_88                 6               45.043                0.000                0.000               45.043                0.000                0.000                0.000                0.000                0.000
    bypass_loop[1].BPS2/FA3 full_adder_87                 6               45.043                0.000                0.000               45.043                0.000                0.000                0.000                0.000                0.000
    bypass_loop[1].BPS2/FA4 full_adder_86                 6               45.043                0.000                0.000               45.043                0.000                0.000                0.000                0.000                0.000
    bypass_loop[1].BPS2/FA5 full_adder_85                 6               45.043                0.000                0.000               45.043                0.000                0.000                0.000                0.000                0.000
    bypass_loop[1].BPS2/FA6 full_adder_84                 6               45.043                0.000                0.000               45.043                0.000                0.000                0.000                0.000                0.000
    bypass_loop[1].BPS2/FA7 full_adder_83                 6               45.043                0.000                0.000               45.043                0.000                0.000                0.000                0.000                0.000
    bypass_loop[1].BPS2/FA8 full_adder_82                 6               45.043                0.000                0.000               45.043                0.000                0.000                0.000                0.000                0.000
  bypass_loop[2].BPS2     bypass8_6                    66              523.002               33.782                0.000              489.219                0.000                0.000                0.000                0.000                0.000
    bypass_loop[2].BPS2/FA1 full_adder_81                 7               46.294                3.754                0.000               42.541                0.000                0.000                0.000                0.000                0.000
    bypass_loop[2].BPS2/FA2 full_adder_80                 6               45.043                0.000                0.000               45.043                0.000                0.000                0.000                0.000                0.000
    bypass_loop[2].BPS2/FA3 full_adder_79                 6               45.043                0.000                0.000               45.043                0.000                0.000                0.000                0.000                0.000
    bypass_loop[2].BPS2/FA4 full_adder_78                 5               47.546                0.000                0.000               47.546                0.000                0.000                0.000                0.000                0.000
    bypass_loop[2].BPS2/FA5 full_adder_77                 5               47.546                0.000                0.000               47.546                0.000                0.000                0.000                0.000                0.000
    bypass_loop[2].BPS2/FA6 full_adder_76                 5               47.546                0.000                0.000               47.546                0.000                0.000                0.000                0.000                0.000
    bypass_loop[2].BPS2/FA7 full_adder_75                 5               47.546                0.000                0.000               47.546                0.000                0.000                0.000                0.000                0.000
    bypass_loop[2].BPS2/FA8 full_adder_74                 5               47.546                0.000                0.000               47.546                0.000                0.000                0.000                0.000                0.000
  bypass_loop[3].BPS2     bypass8_5                    67              678.150               18.768                7.507              651.875                0.000                0.000                0.000                0.000                0.000
    bypass_loop[3].BPS2/FA1 full_adder_73                 5               62.560                0.000                0.000               62.560                0.000                0.000                0.000                0.000                0.000
    bypass_loop[3].BPS2/FA2 full_adder_72                 5               62.560                0.000                0.000               62.560                0.000                0.000                0.000                0.000                0.000
    bypass_loop[3].BPS2/FA3 full_adder_71                 5               65.062                0.000                0.000               65.062                0.000                0.000                0.000                0.000                0.000
    bypass_loop[3].BPS2/FA4 full_adder_70                 5               67.565                0.000                0.000               67.565                0.000                0.000                0.000                0.000                0.000
    bypass_loop[3].BPS2/FA5 full_adder_69                 6               71.318                0.000                0.000               71.318                0.000                0.000                0.000                0.000                0.000
    bypass_loop[3].BPS2/FA6 full_adder_68                 5               67.565                0.000                0.000               67.565                0.000                0.000                0.000                0.000                0.000
    bypass_loop[3].BPS2/FA7 full_adder_67                 8               77.574                0.000                3.754               73.821                0.000                0.000                0.000                0.000                0.000
    bypass_loop[3].BPS2/FA8 full_adder_66                 9               68.816                0.000                3.754               65.062                0.000                0.000                0.000                0.000                0.000
