###############################################################
#  Generated by:      Cadence Innovus 23.32-s091_1
#  OS:                Linux x86_64(Host ID cadmicro-inf-el8-623207)
#  Generated on:      Mon Apr  7 16:54:21 2025
#  Design:            carry_bypass8_32bits
#  Command:           report_timing > reports/report_timing.rpt
###############################################################
Path 1: VIOLATED Path Delay Check
Endpoint:   Cout (v)
Beginpoint: A[0] (v) triggered by  leading edge of '@'
Path Groups: {default}
Analysis View: default_emulate_view
- External Delay                0.000
+ Path Delay                    4.564
= Required Time                 4.564
- Arrival Time                  4.571
= Slack Time                   -0.007
     Clock Rise Edge                      0.000
     + Input Delay                        0.000
     = Beginpoint Arrival Time            0.000
     +----------------------------------------------------------------------------------------------------------+ 
     |              Instance              |     Arc     |           Cell           | Delay | Arrival | Required | 
     |                                    |             |                          |       |  Time   |   Time   | 
     |------------------------------------+-------------+--------------------------+-------+---------+----------| 
     |                                    | A[0] v      |                          |       |   0.000 |   -0.007 | 
     | BPS1/FA1/g194__6260                | A v -> Y ^  | sky130_fd_sc_hd__nor2_8  | 0.332 |   0.332 |    0.325 | 
     | BPS1/FA1/g191__2398                | A2 ^ -> Y v | sky130_fd_sc_hd__o21ai_2 | 0.087 |   0.419 |    0.412 | 
     | BPS1/FA2/g124__3680                | A v -> Y ^  | sky130_fd_sc_hd__nand2_2 | 0.064 |   0.483 |    0.476 | 
     | BPS1/FA2/g122__5526                | A ^ -> Y v  | sky130_fd_sc_hd__nand2_2 | 0.055 |   0.538 |    0.531 | 
     | BPS1/FA3/g124__7098                | A v -> Y ^  | sky130_fd_sc_hd__nand2_2 | 0.062 |   0.600 |    0.593 | 
     | BPS1/FA3/g122__5122                | A ^ -> Y v  | sky130_fd_sc_hd__nand2_2 | 0.053 |   0.653 |    0.646 | 
     | BPS1/FA4/g124__6161                | A v -> Y ^  | sky130_fd_sc_hd__nand2_2 | 0.061 |   0.714 |    0.707 | 
     | BPS1/FA4/g122__7482                | A ^ -> Y v  | sky130_fd_sc_hd__nand2_2 | 0.058 |   0.772 |    0.765 | 
     | BPS1/FA5/g124__7410                | A v -> Y ^  | sky130_fd_sc_hd__nand2_2 | 0.064 |   0.836 |    0.828 | 
     | BPS1/FA5/g122__2346                | A ^ -> Y v  | sky130_fd_sc_hd__nand2_2 | 0.058 |   0.893 |    0.886 | 
     | BPS1/FA6/g124__4319                | A v -> Y ^  | sky130_fd_sc_hd__nand2_2 | 0.068 |   0.961 |    0.954 | 
     | BPS1/FA6/g122__5107                | A ^ -> Y v  | sky130_fd_sc_hd__nand2_2 | 0.055 |   1.016 |    1.009 | 
     | BPS1/FA7/g124__2802                | A v -> Y ^  | sky130_fd_sc_hd__nand2_2 | 0.062 |   1.078 |    1.071 | 
     | BPS1/FA7/g122__3680                | A ^ -> Y v  | sky130_fd_sc_hd__nand2_2 | 0.058 |   1.136 |    1.128 | 
     | BPS1/FA8/g124__1881                | A v -> Y ^  | sky130_fd_sc_hd__nand2_2 | 0.064 |   1.199 |    1.192 | 
     | BPS1/FA8/g122__7098                | A ^ -> Y v  | sky130_fd_sc_hd__nand2_2 | 0.044 |   1.244 |    1.236 | 
     | BPS1/g367__6161                    | A v -> Y ^  | sky130_fd_sc_hd__nand2_2 | 0.058 |   1.301 |    1.294 | 
     | BPS1/g2__5107                      | A ^ -> Y v  | sky130_fd_sc_hd__nand2_2 | 0.062 |   1.363 |    1.356 | 
     | bypass_loop[1].BPS2/FA1/g124__3680 | A v -> Y ^  | sky130_fd_sc_hd__nand2_2 | 0.067 |   1.430 |    1.423 | 
     | bypass_loop[1].BPS2/FA1/g122__5526 | A ^ -> Y v  | sky130_fd_sc_hd__nand2_2 | 0.053 |   1.483 |    1.476 | 
     | bypass_loop[1].BPS2/FA2/g124__7098 | A v -> Y ^  | sky130_fd_sc_hd__nand2_2 | 0.064 |   1.547 |    1.540 | 
     | bypass_loop[1].BPS2/FA2/g122__5122 | A ^ -> Y v  | sky130_fd_sc_hd__nand2_2 | 0.059 |   1.606 |    1.599 | 
     | bypass_loop[1].BPS2/FA3/g124__6161 | A v -> Y ^  | sky130_fd_sc_hd__nand2_2 | 0.065 |   1.671 |    1.664 | 
     | bypass_loop[1].BPS2/FA3/g122__7482 | A ^ -> Y v  | sky130_fd_sc_hd__nand2_2 | 0.052 |   1.724 |    1.716 | 
     | bypass_loop[1].BPS2/FA4/g124__7410 | A v -> Y ^  | sky130_fd_sc_hd__nand2_2 | 0.062 |   1.785 |    1.778 | 
     | bypass_loop[1].BPS2/FA4/g122__2346 | A ^ -> Y v  | sky130_fd_sc_hd__nand2_2 | 0.054 |   1.839 |    1.832 | 
     | bypass_loop[1].BPS2/FA5/g124__4319 | A v -> Y ^  | sky130_fd_sc_hd__nand2_2 | 0.064 |   1.904 |    1.896 | 
     | bypass_loop[1].BPS2/FA5/g122__5107 | A ^ -> Y v  | sky130_fd_sc_hd__nand2_2 | 0.059 |   1.963 |    1.956 | 
     | bypass_loop[1].BPS2/FA6/g124__2802 | A v -> Y ^  | sky130_fd_sc_hd__nand2_2 | 0.066 |   2.029 |    2.022 | 
     | bypass_loop[1].BPS2/FA6/g122__3680 | A ^ -> Y v  | sky130_fd_sc_hd__nand2_2 | 0.059 |   2.089 |    2.081 | 
     | bypass_loop[1].BPS2/FA7/g124__1881 | A v -> Y ^  | sky130_fd_sc_hd__nand2_2 | 0.067 |   2.156 |    2.148 | 
     | bypass_loop[1].BPS2/FA7/g122__7098 | A ^ -> Y v  | sky130_fd_sc_hd__nand2_2 | 0.055 |   2.210 |    2.203 | 
     | bypass_loop[1].BPS2/FA8/g124__9945 | A v -> Y ^  | sky130_fd_sc_hd__nand2_2 | 0.062 |   2.273 |    2.265 | 
     | bypass_loop[1].BPS2/FA8/g122__6161 | A ^ -> Y v  | sky130_fd_sc_hd__nand2_2 | 0.046 |   2.319 |    2.312 | 
     | bypass_loop[1].BPS2/g5             | A v -> Y ^  | sky130_fd_sc_hd__nand2_2 | 0.060 |   2.379 |    2.372 | 
     | bypass_loop[1].BPS2/g409           | A ^ -> Y v  | sky130_fd_sc_hd__nand2_2 | 0.064 |   2.444 |    2.436 | 
     | bypass_loop[2].BPS2/FA1/g124__5122 | A v -> Y ^  | sky130_fd_sc_hd__nand2_2 | 0.059 |   2.502 |    2.495 | 
     | bypass_loop[2].BPS2/FA1/g122__2802 | A ^ -> Y v  | sky130_fd_sc_hd__nand2_2 | 0.054 |   2.556 |    2.549 | 
     | bypass_loop[2].BPS2/FA2/g124__7482 | A v -> Y ^  | sky130_fd_sc_hd__nand2_2 | 0.061 |   2.618 |    2.611 | 
     | bypass_loop[2].BPS2/FA2/g122__1881 | A ^ -> Y v  | sky130_fd_sc_hd__nand2_2 | 0.055 |   2.673 |    2.665 | 
     | bypass_loop[2].BPS2/FA3/g124__2346 | A v -> Y ^  | sky130_fd_sc_hd__nand2_2 | 0.063 |   2.735 |    2.728 | 
     | bypass_loop[2].BPS2/FA3/g122__9945 | A ^ -> Y v  | sky130_fd_sc_hd__nand2_2 | 0.051 |   2.786 |    2.779 | 
     | bypass_loop[2].BPS2/FA4/g124__2398 | A v -> Y ^  | sky130_fd_sc_hd__nand2_2 | 0.060 |   2.846 |    2.839 | 
     | bypass_loop[2].BPS2/FA4/g122__5477 | A ^ -> Y v  | sky130_fd_sc_hd__nand2_2 | 0.052 |   2.898 |    2.891 | 
     | bypass_loop[2].BPS2/FA5/g124__5526 | A v -> Y ^  | sky130_fd_sc_hd__nand2_2 | 0.061 |   2.959 |    2.952 | 
     | bypass_loop[2].BPS2/FA5/g122__8428 | A ^ -> Y v  | sky130_fd_sc_hd__nand2_2 | 0.053 |   3.012 |    3.005 | 
     | bypass_loop[2].BPS2/FA6/g124__1705 | A v -> Y ^  | sky130_fd_sc_hd__nand2_2 | 0.061 |   3.073 |    3.066 | 
     | bypass_loop[2].BPS2/FA6/g122__2802 | A ^ -> Y v  | sky130_fd_sc_hd__nand2_2 | 0.054 |   3.127 |    3.120 | 
     | bypass_loop[2].BPS2/FA7/g124__1881 | A v -> Y ^  | sky130_fd_sc_hd__nand2_2 | 0.062 |   3.189 |    3.182 | 
     | bypass_loop[2].BPS2/FA7/g122__6131 | A ^ -> Y v  | sky130_fd_sc_hd__nand2_2 | 0.053 |   3.242 |    3.235 | 
     | bypass_loop[2].BPS2/FA8/g124__9315 | A v -> Y ^  | sky130_fd_sc_hd__nand2_2 | 0.063 |   3.305 |    3.298 | 
     | bypass_loop[2].BPS2/FA8/g122__6161 | A ^ -> Y v  | sky130_fd_sc_hd__nand2_2 | 0.045 |   3.350 |    3.343 | 
     | bypass_loop[2].BPS2/g393__407      | A v -> Y ^  | sky130_fd_sc_hd__nand2_2 | 0.073 |   3.423 |    3.416 | 
     | bypass_loop[2].BPS2/g1             | A ^ -> Y v  | sky130_fd_sc_hd__nand2_4 | 0.056 |   3.479 |    3.472 | 
     | bypass_loop[3].BPS2/FA1/g124__8246 | A v -> Y ^  | sky130_fd_sc_hd__nand2_4 | 0.057 |   3.536 |    3.529 | 
     | bypass_loop[3].BPS2/FA1/g122__1705 | A ^ -> Y v  | sky130_fd_sc_hd__nand2_4 | 0.052 |   3.588 |    3.581 | 
     | bypass_loop[3].BPS2/FA2/g124__4733 | A v -> Y ^  | sky130_fd_sc_hd__nand2_4 | 0.064 |   3.652 |    3.645 | 
     | bypass_loop[3].BPS2/FA2/g122__5115 | A ^ -> Y v  | sky130_fd_sc_hd__nand2_4 | 0.053 |   3.705 |    3.697 | 
     | bypass_loop[3].BPS2/FA3/g124__1666 | A v -> Y ^  | sky130_fd_sc_hd__nand2_4 | 0.064 |   3.769 |    3.761 | 
     | bypass_loop[3].BPS2/FA3/g122__2883 | A ^ -> Y v  | sky130_fd_sc_hd__nand2_4 | 0.052 |   3.820 |    3.813 | 
     | bypass_loop[3].BPS2/FA4/g124__6260 | A v -> Y ^  | sky130_fd_sc_hd__nand2_4 | 0.062 |   3.883 |    3.875 | 
     | bypass_loop[3].BPS2/FA4/g122__2398 | A ^ -> Y v  | sky130_fd_sc_hd__nand2_4 | 0.052 |   3.935 |    3.927 | 
     | bypass_loop[3].BPS2/FA5/g124__1617 | A v -> Y ^  | sky130_fd_sc_hd__nand2_4 | 0.063 |   3.997 |    3.990 | 
     | bypass_loop[3].BPS2/FA5/g122__6783 | A ^ -> Y v  | sky130_fd_sc_hd__nand2_4 | 0.050 |   4.047 |    4.040 | 
     | bypass_loop[3].BPS2/FA6/g124__6131 | A v -> Y ^  | sky130_fd_sc_hd__nand2_4 | 0.062 |   4.110 |    4.102 | 
     | bypass_loop[3].BPS2/FA6/g122__8246 | A ^ -> Y v  | sky130_fd_sc_hd__nand2_4 | 0.050 |   4.160 |    4.153 | 
     | bypass_loop[3].BPS2/FA7/g126__9945 | A v -> Y ^  | sky130_fd_sc_hd__nand2_4 | 0.062 |   4.222 |    4.215 | 
     | bypass_loop[3].BPS2/FA7/g122__4733 | A ^ -> Y v  | sky130_fd_sc_hd__nand2_4 | 0.054 |   4.276 |    4.269 | 
     | bypass_loop[3].BPS2/FA8/g126__5107 | A v -> Y ^  | sky130_fd_sc_hd__nand2_4 | 0.057 |   4.333 |    4.326 | 
     | bypass_loop[3].BPS2/FA8/g122__6417 | A ^ -> Y v  | sky130_fd_sc_hd__nand2_2 | 0.043 |   4.376 |    4.369 | 
     | bypass_loop[3].BPS2/g401__6783     | A v -> Y ^  | sky130_fd_sc_hd__nand2_2 | 0.072 |   4.449 |    4.441 | 
     | bypass_loop[3].BPS2/g2__4733       | A ^ -> Y v  | sky130_fd_sc_hd__nand2_4 | 0.121 |   4.570 |    4.562 | 
     |                                    | Cout v      |                          | 0.002 |   4.571 |    4.564 | 
     +----------------------------------------------------------------------------------------------------------+ 

