###############################################################
#  Generated by:      Cadence Innovus 23.32-s091_1
#  OS:                Linux x86_64(Host ID cadmicro-inf-el8-623207)
#  Generated on:      Wed Apr  9 12:28:48 2025
#  Design:            ripple_carry_adder_16bits
#  Command:           report_timing > reports/report_timing.rpt
###############################################################
Path 1: MET Path Delay Check
Endpoint:   S[15] (^)
Beginpoint: B[0]  (v) triggered by  leading edge of '@'
Path Groups: {default}
Analysis View: default_emulate_view
- External Delay                0.000
+ Path Delay                    4.350
= Required Time                 4.350
- Arrival Time                  4.327
= Slack Time                    0.023
     Clock Rise Edge                      0.000
     + Input Delay                        0.000
     = Beginpoint Arrival Time            0.000
     +-------------------------------------------------------------------------------------------------------------+ 
     |             Instance             |       Arc       |           Cell            | Delay | Arrival | Required | 
     |                                  |                 |                           |       |  Time   |   Time   | 
     |----------------------------------+-----------------+---------------------------+-------+---------+----------| 
     |                                  | B[0] v          |                           |       |   0.000 |    0.023 | 
     | g5                               | A v -> Y ^      | sky130_fd_sc_hd__clkinv_1 | 0.308 |   0.308 |    0.331 | 
     | F1A/g29__2398                    | A ^ -> Y v      | sky130_fd_sc_hd__nor2_2   | 0.093 |   0.402 |    0.425 | 
     | full_adder_loop[1].FA/g3         | B1 v -> Y ^     | sky130_fd_sc_hd__o21ai_2  | 0.068 |   0.470 |    0.493 | 
     | full_adder_loop[1].FA/g2         | A ^ -> Y v      | sky130_fd_sc_hd__nand2_2  | 0.093 |   0.562 |    0.585 | 
     | full_adder_loop[2].FA/g62__1705  | A v -> Y ^      | sky130_fd_sc_hd__nand2_1  | 0.066 |   0.629 |    0.652 | 
     | full_adder_loop[2].FA/g60__1617  | A ^ -> Y v      | sky130_fd_sc_hd__nand2_1  | 0.077 |   0.706 |    0.729 | 
     | full_adder_loop[3].FA/g62__5115  | A v -> Y ^      | sky130_fd_sc_hd__nand2_1  | 0.075 |   0.781 |    0.804 | 
     | full_adder_loop[3].FA/g60__6131  | A ^ -> Y v      | sky130_fd_sc_hd__nand2_1  | 0.072 |   0.852 |    0.875 | 
     | full_adder_loop[4].FA/g59__2883  | A v -> Y ^      | sky130_fd_sc_hd__nand2_1  | 0.067 |   0.919 |    0.942 | 
     | full_adder_loop[4].FA/g57__9315  | A ^ -> Y v      | sky130_fd_sc_hd__nand2_1  | 0.073 |   0.992 |    1.015 | 
     | full_adder_loop[5].FA/g59__2398  | A v -> Y ^      | sky130_fd_sc_hd__nand2_1  | 0.068 |   1.060 |    1.083 | 
     | full_adder_loop[5].FA/g57__6417  | A ^ -> Y v      | sky130_fd_sc_hd__nand2_1  | 0.073 |   1.133 |    1.156 | 
     | full_adder_loop[6].FA/g59__6783  | A v -> Y ^      | sky130_fd_sc_hd__nand2_1  | 0.069 |   1.202 |    1.225 | 
     | full_adder_loop[6].FA/g57__8428  | A ^ -> Y v      | sky130_fd_sc_hd__nand2_1  | 0.071 |   1.273 |    1.296 | 
     | full_adder_loop[7].FA/g59__8246  | A v -> Y ^      | sky130_fd_sc_hd__nand2_1  | 0.068 |   1.341 |    1.364 | 
     | full_adder_loop[7].FA/g57__1705  | A ^ -> Y v      | sky130_fd_sc_hd__nand2_1  | 0.072 |   1.413 |    1.436 | 
     | full_adder_loop[8].FA/g59__4733  | A v -> Y ^      | sky130_fd_sc_hd__nand2_1  | 0.069 |   1.482 |    1.505 | 
     | full_adder_loop[8].FA/g57__5115  | B ^ -> Y v      | sky130_fd_sc_hd__nand2b_1 | 0.078 |   1.560 |    1.583 | 
     | full_adder_loop[9].FA/g59__2346  | B1 v -> Y ^     | sky130_fd_sc_hd__o21ai_1  | 0.088 |   1.649 |    1.672 | 
     | full_adder_loop[9].FA/g57__9945  | B ^ -> Y v      | sky130_fd_sc_hd__nand2b_1 | 0.091 |   1.739 |    1.762 | 
     | full_adder_loop[10].FA/g57__7410 | CI v -> COUT v  | sky130_fd_sc_hd__fah_1    | 0.270 |   2.010 |    2.033 | 
     | full_adder_loop[11].FA/g57__6417 | CIN v -> COUT v | sky130_fd_sc_hd__fa_1     | 0.398 |   2.407 |    2.430 | 
     | full_adder_loop[12].FA/g57__5477 | CIN v -> COUT v | sky130_fd_sc_hd__fa_1     | 0.400 |   2.807 |    2.830 | 
     | full_adder_loop[13].FA/g57__2398 | CIN v -> COUT v | sky130_fd_sc_hd__fa_1     | 0.392 |   3.199 |    3.222 | 
     | full_adder_loop[14].FA/g57__5107 | CIN v -> COUT v | sky130_fd_sc_hd__fa_1     | 0.402 |   3.601 |    3.624 | 
     | full_adder_loop[15].FA/g57__6260 | CIN v -> SUM ^  | sky130_fd_sc_hd__fa_2     | 0.725 |   4.326 |    4.349 | 
     |                                  | S[15] ^         |                           | 0.001 |   4.327 |    4.350 | 
     +-------------------------------------------------------------------------------------------------------------+ 

