Hinst Name                                   Module Name                     Inst Count           Total Area               Buffer             Inverter        Combinational                 Flop                Latch           Clock Gate                Macro             Physical
---------------------------------------------------------------------------------------------------------------------------------------------------------------------------------------------------------------------------------------------------------------------------------------------
carry_select_adder_56678_32bits                                                     850             4910.960               33.782              315.302             2752.640                0.000                0.000                0.000                0.000             1809.235
  CSA_BLOCKS[1].RCA_C0                       ripple_carry_adder_WIDTH6               37              248.989                0.000               23.773              225.216                0.000                0.000                0.000                0.000                0.000
    CSA_BLOCKS[1].RCA_C0/F1A                 full_adder_32_230                        3               21.270                0.000                8.758               12.512                0.000                0.000                0.000                0.000                0.000
    CSA_BLOCKS[1].RCA_C0/full_adder_loop[1].FA full_adder_224                           8               45.043                0.000                7.507               37.536                0.000                0.000                0.000                0.000                0.000
    CSA_BLOCKS[1].RCA_C0/full_adder_loop[2].FA full_adder_223                           8               47.546                0.000                7.507               40.038                0.000                0.000                0.000                0.000                0.000
    CSA_BLOCKS[1].RCA_C0/full_adder_loop[3].FA full_adder_222                           6               45.043                0.000                0.000               45.043                0.000                0.000                0.000                0.000                0.000
    CSA_BLOCKS[1].RCA_C0/full_adder_loop[4].FA full_adder_221                           6               45.043                0.000                0.000               45.043                0.000                0.000                0.000                0.000                0.000
    CSA_BLOCKS[1].RCA_C0/full_adder_loop[5].FA full_adder_220                           6               45.043                0.000                0.000               45.043                0.000                0.000                0.000                0.000                0.000
  CSA_BLOCKS[1].RCA_C1                       ripple_carry_adder_WIDTH6_3_234         34              240.230                0.000               20.019              220.211                0.000                0.000                0.000                0.000                0.000
    CSA_BLOCKS[1].RCA_C1/F1A                 full_adder_38_231                        3               23.773                0.000                8.758               15.014                0.000                0.000                0.000                0.000                0.000
    CSA_BLOCKS[1].RCA_C1/full_adder_loop[1].FA full_adder_206                           5               51.299                0.000                3.754               47.546                0.000                0.000                0.000                0.000                0.000
    CSA_BLOCKS[1].RCA_C1/full_adder_loop[2].FA full_adder_205                           8               45.043                0.000                7.507               37.536                0.000                0.000                0.000                0.000                0.000
    CSA_BLOCKS[1].RCA_C1/full_adder_loop[3].FA full_adder_204                           6               40.038                0.000                0.000               40.038                0.000                0.000                0.000                0.000                0.000
    CSA_BLOCKS[1].RCA_C1/full_adder_loop[4].FA full_adder_203                           6               40.038                0.000                0.000               40.038                0.000                0.000                0.000                0.000                0.000
    CSA_BLOCKS[1].RCA_C1/full_adder_loop[5].FA full_adder_202                           6               40.038                0.000                0.000               40.038                0.000                0.000                0.000                0.000                0.000
  CSA_BLOCKS[2].RCA_C0                       ripple_carry_adder_WIDTH6_233           37              250.240               15.014               11.261              223.965                0.000                0.000                0.000                0.000                0.000
    CSA_BLOCKS[2].RCA_C0/F1A                 full_adder_32                            1               25.024                0.000                0.000               25.024                0.000                0.000                0.000                0.000                0.000
    CSA_BLOCKS[2].RCA_C0/full_adder_loop[1].FA full_adder_201                           8               45.043                0.000                7.507               37.536                0.000                0.000                0.000                0.000                0.000
    CSA_BLOCKS[2].RCA_C0/full_adder_loop[2].FA full_adder_200                           7               43.792                0.000                3.754               40.038                0.000                0.000                0.000                0.000                0.000
    CSA_BLOCKS[2].RCA_C0/full_adder_loop[3].FA full_adder_199                           6               40.038                0.000                0.000               40.038                0.000                0.000                0.000                0.000                0.000
    CSA_BLOCKS[2].RCA_C0/full_adder_loop[4].FA full_adder_198                           6               40.038                0.000                0.000               40.038                0.000                0.000                0.000                0.000                0.000
    CSA_BLOCKS[2].RCA_C0/full_adder_loop[5].FA full_adder_197                           5               41.290                0.000                0.000               41.290                0.000                0.000                0.000                0.000                0.000
  CSA_BLOCKS[2].RCA_C1                       ripple_carry_adder_WIDTH6_3             38              208.950                0.000               23.773              185.178                0.000                0.000                0.000                0.000                0.000
    CSA_BLOCKS[2].RCA_C1/F1A                 full_adder_38                            4               21.270                0.000                8.758               12.512                0.000                0.000                0.000                0.000                0.000
    CSA_BLOCKS[2].RCA_C1/full_adder_loop[1].FA full_adder_196                           8               42.541                0.000                7.507               35.034                0.000                0.000                0.000                0.000                0.000
    CSA_BLOCKS[2].RCA_C1/full_adder_loop[2].FA full_adder_195                           8               40.038                0.000                7.507               32.531                0.000                0.000                0.000                0.000                0.000
    CSA_BLOCKS[2].RCA_C1/full_adder_loop[3].FA full_adder_194                           6               35.034                0.000                0.000               35.034                0.000                0.000                0.000                0.000                0.000
    CSA_BLOCKS[2].RCA_C1/full_adder_loop[4].FA full_adder_193                           6               35.034                0.000                0.000               35.034                0.000                0.000                0.000                0.000                0.000
    CSA_BLOCKS[2].RCA_C1/full_adder_loop[5].FA full_adder_192                           6               35.034                0.000                0.000               35.034                0.000                0.000                0.000                0.000                0.000
  CSA_BLOCKS[3].RCA_C0                       ripple_carry_adder_WIDTH7               44              292.781                0.000               41.290              251.491                0.000                0.000                0.000                0.000                0.000
    CSA_BLOCKS[3].RCA_C0/F1A                 full_adder_11                            4               41.290                0.000               22.522               18.768                0.000                0.000                0.000                0.000                0.000
    CSA_BLOCKS[3].RCA_C0/full_adder_loop[1].FA full_adder_219                           8               45.043                0.000                7.507               37.536                0.000                0.000                0.000                0.000                0.000
    CSA_BLOCKS[3].RCA_C0/full_adder_loop[2].FA full_adder_218                           8               45.043                0.000                7.507               37.536                0.000                0.000                0.000                0.000                0.000
    CSA_BLOCKS[3].RCA_C0/full_adder_loop[3].FA full_adder_217                           6               40.038                0.000                0.000               40.038                0.000                0.000                0.000                0.000                0.000
    CSA_BLOCKS[3].RCA_C0/full_adder_loop[4].FA full_adder_216                           6               40.038                0.000                0.000               40.038                0.000                0.000                0.000                0.000                0.000
    CSA_BLOCKS[3].RCA_C0/full_adder_loop[5].FA full_adder_215                           6               40.038                0.000                0.000               40.038                0.000                0.000                0.000                0.000                0.000
    CSA_BLOCKS[3].RCA_C0/full_adder_loop[6].FA full_adder_214                           6               41.290                0.000                3.754               37.536                0.000                0.000                0.000                0.000                0.000
  CSA_BLOCKS[3].RCA_C1                       ripple_carry_adder_WIDTH7_1             44              277.766                0.000               30.029              247.738                0.000                0.000                0.000                0.000                0.000
    CSA_BLOCKS[3].RCA_C1/F1A                 full_adder_51_232                        4               25.024                0.000               10.010               15.014                0.000                0.000                0.000                0.000                0.000
    CSA_BLOCKS[3].RCA_C1/full_adder_loop[1].FA full_adder_191                           8               45.043                0.000                7.507               37.536                0.000                0.000                0.000                0.000                0.000
    CSA_BLOCKS[3].RCA_C1/full_adder_loop[2].FA full_adder_190                           8               45.043                0.000                7.507               37.536                0.000                0.000                0.000                0.000                0.000
    CSA_BLOCKS[3].RCA_C1/full_adder_loop[3].FA full_adder_189                           6               42.541                0.000                0.000               42.541                0.000                0.000                0.000                0.000                0.000
    CSA_BLOCKS[3].RCA_C1/full_adder_loop[4].FA full_adder_188                           6               40.038                0.000                0.000               40.038                0.000                0.000                0.000                0.000                0.000
    CSA_BLOCKS[3].RCA_C1/full_adder_loop[5].FA full_adder_187                           6               40.038                0.000                0.000               40.038                0.000                0.000                0.000                0.000                0.000
    CSA_BLOCKS[3].RCA_C1/full_adder_loop[6].FA full_adder_186                           6               40.038                0.000                5.005               35.034                0.000                0.000                0.000                0.000                0.000
  CSA_BLOCKS[4].RCA_C0                       ripple_carry_adder_WIDTH8               39              296.534                0.000               15.014              281.520                0.000                0.000                0.000                0.000                0.000
    CSA_BLOCKS[4].RCA_C0/F1A                 full_adder_11_229                        4               20.019                0.000                7.507               12.512                0.000                0.000                0.000                0.000                0.000
    CSA_BLOCKS[4].RCA_C0/full_adder_loop[1].FA full_adder_213                           8               43.792                0.000                7.507               36.285                0.000                0.000                0.000                0.000                0.000
    CSA_BLOCKS[4].RCA_C0/full_adder_loop[2].FA full_adder_212                           6               37.536                0.000                0.000               37.536                0.000                0.000                0.000                0.000                0.000
    CSA_BLOCKS[4].RCA_C0/full_adder_loop[3].FA full_adder_211                           6               40.038                0.000                0.000               40.038                0.000                0.000                0.000                0.000                0.000
    CSA_BLOCKS[4].RCA_C0/full_adder_loop[4].FA full_adder_210                           5               37.536                0.000                0.000               37.536                0.000                0.000                0.000                0.000                0.000
    CSA_BLOCKS[4].RCA_C0/full_adder_loop[5].FA full_adder_209                           5               43.792                0.000                0.000               43.792                0.000                0.000                0.000                0.000                0.000
    CSA_BLOCKS[4].RCA_C0/full_adder_loop[6].FA full_adder_208                           4               40.038                0.000                0.000               40.038                0.000                0.000                0.000                0.000                0.000
    CSA_BLOCKS[4].RCA_C0/full_adder_loop[7].FA full_adder_207                           1               33.782                0.000                0.000               33.782                0.000                0.000                0.000                0.000                0.000
  CSA_BLOCKS[4].RCA_C1                       ripple_carry_adder_WIDTH8_1             42              292.781                0.000               18.768              274.013                0.000                0.000                0.000                0.000                0.000
    CSA_BLOCKS[4].RCA_C1/F1A                 full_adder_51                            4               22.522                0.000                7.507               15.014                0.000                0.000                0.000                0.000                0.000
    CSA_BLOCKS[4].RCA_C1/full_adder_loop[1].FA full_adder_185                           8               45.043                0.000                7.507               37.536                0.000                0.000                0.000                0.000                0.000
    CSA_BLOCKS[4].RCA_C1/full_adder_loop[2].FA full_adder_184                           6               40.038                0.000                0.000               40.038                0.000                0.000                0.000                0.000                0.000
    CSA_BLOCKS[4].RCA_C1/full_adder_loop[3].FA full_adder_183                           6               37.536                0.000                0.000               37.536                0.000                0.000                0.000                0.000                0.000
    CSA_BLOCKS[4].RCA_C1/full_adder_loop[4].FA full_adder_182                           6               35.034                0.000                0.000               35.034                0.000                0.000                0.000                0.000                0.000
    CSA_BLOCKS[4].RCA_C1/full_adder_loop[5].FA full_adder_181                           6               41.290                0.000                3.754               37.536                0.000                0.000                0.000                0.000                0.000
    CSA_BLOCKS[4].RCA_C1/full_adder_loop[6].FA full_adder_180                           5               37.536                0.000                0.000               37.536                0.000                0.000                0.000                0.000                0.000
    CSA_BLOCKS[4].RCA_C1/full_adder_loop[7].FA full_adder_179                           1               33.782                0.000                0.000               33.782                0.000                0.000                0.000                0.000                0.000
  RCA_LSB                                    ripple_carry_adder_WIDTH5               32              294.032                3.754               32.531              257.747                0.000                0.000                0.000                0.000                0.000
    RCA_LSB/F1A                              full_adder                               7               77.574                0.000               25.024               52.550                0.000                0.000                0.000                0.000                0.000
    RCA_LSB/full_adder_loop[1].FA            full_adder_228                           8               57.555                0.000                7.507               50.048                0.000                0.000                0.000                0.000                0.000
    RCA_LSB/full_adder_loop[2].FA            full_adder_227                           6               47.546                0.000                0.000               47.546                0.000                0.000                0.000                0.000                0.000
    RCA_LSB/full_adder_loop[3].FA            full_adder_226                           5               55.053                0.000                0.000               55.053                0.000                0.000                0.000                0.000                0.000
    RCA_LSB/full_adder_loop[4].FA            full_adder_225                           5               52.550                0.000                0.000               52.550                0.000                0.000                0.000                0.000                0.000
