###############################################################
#  Generated by:      Cadence Innovus 23.32-s091_1
#  OS:                Linux x86_64(Host ID cadmicro-inf-el8-623207)
#  Generated on:      Mon Apr  7 18:31:43 2025
#  Design:            carry_select_adder_56678_32bits
#  Command:           report_timing > reports/report_timing.rpt
###############################################################
Path 1: VIOLATED Path Delay Check
Endpoint:   Cout  (^)
Beginpoint: B[11] (v) triggered by  leading edge of '@'
Path Groups: {default}
Analysis View: default_emulate_view
- External Delay                0.000
+ Path Delay                    1.848
= Required Time                 1.848
- Arrival Time                  1.872
= Slack Time                   -0.024
     Clock Rise Edge                      0.000
     + Input Delay                        0.000
     = Beginpoint Arrival Time            0.000
     +-----------------------------------------------------------------------------------------------------------------------------+ 
     |                      Instance                      |      Arc      |           Cell            | Delay | Arrival | Required | 
     |                                                    |               |                           |       |  Time   |   Time   | 
     |----------------------------------------------------+---------------+---------------------------+-------+---------+----------| 
     |                                                    | B[11] v       |                           |       |   0.000 |   -0.024 | 
     | CSA_BLOCKS[2].RCA_C0/F1A/g2                        | A v -> COUT v | sky130_fd_sc_hd__ha_4     | 0.537 |   0.537 |    0.513 | 
     | CSA_BLOCKS[2].RCA_C0/full_adder_loop[1].FA/g123__5 | A v -> Y ^    | sky130_fd_sc_hd__nand2_2  | 0.065 |   0.602 |    0.578 | 
     | 122                                                |               |                           |       |         |          | 
     | CSA_BLOCKS[2].RCA_C0/full_adder_loop[1].FA/g121__2 | A ^ -> Y v    | sky130_fd_sc_hd__nand2_2  | 0.053 |   0.655 |    0.631 | 
     | 802                                                |               |                           |       |         |          | 
     | CSA_BLOCKS[2].RCA_C0/full_adder_loop[2].FA/g84__74 | A v -> Y ^    | sky130_fd_sc_hd__nand2_2  | 0.063 |   0.717 |    0.693 | 
     | 82                                                 |               |                           |       |         |          | 
     | CSA_BLOCKS[2].RCA_C0/full_adder_loop[2].FA/g82__18 | A ^ -> Y v    | sky130_fd_sc_hd__nand2_2  | 0.057 |   0.774 |    0.750 | 
     | 81                                                 |               |                           |       |         |          | 
     | CSA_BLOCKS[2].RCA_C0/full_adder_loop[3].FA/g84__23 | A v -> Y ^    | sky130_fd_sc_hd__nand2_2  | 0.066 |   0.840 |    0.816 | 
     | 46                                                 |               |                           |       |         |          | 
     | CSA_BLOCKS[2].RCA_C0/full_adder_loop[3].FA/g82__99 | A ^ -> Y v    | sky130_fd_sc_hd__nand2_2  | 0.057 |   0.897 |    0.873 | 
     | 45                                                 |               |                           |       |         |          | 
     | CSA_BLOCKS[2].RCA_C0/full_adder_loop[4].FA/g84__51 | A v -> Y ^    | sky130_fd_sc_hd__nand2_2  | 0.064 |   0.961 |    0.937 | 
     | 07                                                 |               |                           |       |         |          | 
     | CSA_BLOCKS[2].RCA_C0/full_adder_loop[4].FA/g82__54 | A ^ -> Y v    | sky130_fd_sc_hd__nand2_2  | 0.060 |   1.021 |    0.997 | 
     | 77                                                 |               |                           |       |         |          | 
     | CSA_BLOCKS[2].RCA_C0/full_adder_loop[5].FA/g2      | B1 v -> Y ^   | sky130_fd_sc_hd__o21ai_2  | 0.086 |   1.107 |    1.083 | 
     | CSA_BLOCKS[2].RCA_C0/full_adder_loop[5].FA/g82__55 | A ^ -> Y v    | sky130_fd_sc_hd__nand2_4  | 0.079 |   1.186 |    1.162 | 
     | 26                                                 |               |                           |       |         |          | 
     | g10744__6131                                       | A v -> Y ^    | sky130_fd_sc_hd__nand2_1  | 0.117 |   1.302 |    1.278 | 
     | g3                                                 | B ^ -> Y v    | sky130_fd_sc_hd__nand2_4  | 0.065 |   1.368 |    1.344 | 
     | g2                                                 | B v -> Y ^    | sky130_fd_sc_hd__nand2b_4 | 0.085 |   1.452 |    1.428 | 
     | g10721__2346                                       | A ^ -> Y v    | sky130_fd_sc_hd__nand2_8  | 0.095 |   1.547 |    1.523 | 
     | FE_PSBC6_n_24                                      | A v -> Y ^    | sky130_fd_sc_hd__inv_6    | 0.086 |   1.633 |    1.609 | 
     | g10695__6417                                       | A ^ -> Y v    | sky130_fd_sc_hd__nand2_1  | 0.078 |   1.712 |    1.688 | 
     | g10692__2346                                       | A v -> Y ^    | sky130_fd_sc_hd__nand2_4  | 0.159 |   1.871 |    1.847 | 
     |                                                    | Cout ^        |                           | 0.001 |   1.872 |    1.848 | 
     +-----------------------------------------------------------------------------------------------------------------------------+ 

