============================================================
  Generated by:           Genus(TM) Synthesis Solution 23.12-s086_1
  Generated on:           Apr 07 2025  06:47:27 pm
  Module:                 carry_select_adder_66668_32bits
  Operating conditions:   tt_025C_1v80 
  Interconnect mode:      global
  Area mode:              physical library
============================================================

Timing
-------
  Cost    Critical         Violating 
 Group   Path Slack  TNS     Paths   
-------------------------------------
default         0.1   0.0          0 
-------------------------------------
Total                 0.0          0 

Instance Count
--------------
Leaf Instance Count             496 
Physical Instance count           0 
Sequential Instance Count         0 
Combinational Instance Count    496 
Hierarchical Instance Count      67 

Area
----
Cell Area                          3363.226
Physical Cell Area                 0.000
Total Cell Area (Cell+Physical)    3363.226
Net Area                           2513.545
Total Area (Cell+Physical+Net)     5876.771

Max Fanout                         12 (n_263)
Min Fanout                         1 (C0[3])
Average Fanout                     1.6
Terms to net ratio                 2.4330
Terms to instance ratio            2.8206
Runtime                            18.529326 seconds
Elapsed Runtime                    20 seconds
Genus peak memory usage            1895.79 
Innovus peak memory usage          no_value 
Hostname                           cadmicro-inf-el8-623207
