============================================================
  Generated by:           Genus(TM) Synthesis Solution 23.12-s086_1
  Generated on:           Apr 07 2025  06:47:26 pm
  Module:                 carry_select_adder_66668_32bits
  Operating conditions:   tt_025C_1v80 
  Interconnect mode:      global
  Area mode:              physical library
============================================================


Path 1: MET (0 ps) Path Delay Check
     Startpoint: (F) B[7]
       Endpoint: (F) S[27]

                   Capture    Launch  
      Path Delay:+    1882         -  
      Drv Adjust:+       0         0  
         Arrival:=    1882            
                                      
   Required Time:=    1882            
       Data Path:-    1882            
           Slack:=       0            

Exceptions/Constraints:
  max_delay             1882            constraints.sdc_line_1 

#--------------------------------------------------------------------------------------------------------------------------------------------------
#                      Timing Point                       Flags    Arc    Edge           Cell             Fanout Load Trans Delay Arrival Instance 
#                                                                                                                (fF)  (ps)  (ps)   (ps)  Location 
#--------------------------------------------------------------------------------------------------------------------------------------------------
  B[7]                                                    -       -       F     (arrival)                      2  5.9  1000     0       0    (-,-) 
  g5319_dup/X                                             -       A->X    F     sky130_fd_sc_hd__clkbuf_1      1  4.2    56   316     316    (-,-) 
  CSA_BLOCKS[1].RCA_C1/full_adder_loop[1].FA/g128/Y       -       A->Y    R     sky130_fd_sc_hd__clkinv_1      2  8.9    57    70     386    (-,-) 
  CSA_BLOCKS[1].RCA_C1/full_adder_loop[1].FA/g120__1705/Y -       B->Y    F     sky130_fd_sc_hd__nand2_1       1  5.6    66    66     453    (-,-) 
  CSA_BLOCKS[1].RCA_C1/full_adder_loop[1].FA/g118__1617/Y -       A->Y    R     sky130_fd_sc_hd__nand2_2       1 10.1    75    82     535    (-,-) 
  CSA_BLOCKS[1].RCA_C1/full_adder_loop[1].FA/g116__6783/Y -       A->Y    F     sky130_fd_sc_hd__nand2_4       2 11.8    58    56     591    (-,-) 
  CSA_BLOCKS[1].RCA_C1/full_adder_loop[2].FA/g83__6131/Y  -       A->Y    R     sky130_fd_sc_hd__nand2_4       1 10.1    56    65     656    (-,-) 
  CSA_BLOCKS[1].RCA_C1/full_adder_loop[2].FA/g81__8246/Y  -       A->Y    F     sky130_fd_sc_hd__nand2_4       2 11.8    40    51     708    (-,-) 
  CSA_BLOCKS[1].RCA_C1/full_adder_loop[3].FA/g83__9315/Y  -       A->Y    R     sky130_fd_sc_hd__nand2_4       1 10.1    55    57     765    (-,-) 
  CSA_BLOCKS[1].RCA_C1/full_adder_loop[3].FA/g81__4733/Y  -       A->Y    F     sky130_fd_sc_hd__nand2_4       2 12.2    44    52     817    (-,-) 
  CSA_BLOCKS[1].RCA_C1/full_adder_loop[4].FA/g83__6417/Y  -       A->Y    R     sky130_fd_sc_hd__nand2_4       1 10.1    55    59     876    (-,-) 
  CSA_BLOCKS[1].RCA_C1/full_adder_loop[4].FA/g81__1666/Y  -       A->Y    F     sky130_fd_sc_hd__nand2_4       2 12.2    39    52     928    (-,-) 
  CSA_BLOCKS[1].RCA_C1/full_adder_loop[5].FA/g83__8428/Y  -       A->Y    R     sky130_fd_sc_hd__nand2_4       1 10.1    55    57     984    (-,-) 
  CSA_BLOCKS[1].RCA_C1/full_adder_loop[5].FA/g81__6260/Y  -       A->Y    F     sky130_fd_sc_hd__nand2_4       3 11.2    37    50    1035    (-,-) 
  g8236/Y                                                 -       A->Y    R     sky130_fd_sc_hd__clkinv_2      1  5.9    30    42    1077    (-,-) 
  g8224__2398/Y                                           -       A->Y    F     sky130_fd_sc_hd__nand2_2       1  5.6    37    41    1118    (-,-) 
  g8217__9945/Y                                           -       A->Y    R     sky130_fd_sc_hd__nand2_2       1  5.9    51    55    1172    (-,-) 
  g42/Y                                                   -       A->Y    F     sky130_fd_sc_hd__nand2_2       1  5.5    35    47    1220    (-,-) 
  g41/Y                                                   -       B->Y    R     sky130_fd_sc_hd__nand2_2       5 14.4    93    93    1313    (-,-) 
  g8187__8249/X                                           -       A1_N->X F     sky130_fd_sc_hd__a2bb2o_2      5 15.2    77   321    1634    (-,-) 
  g8173__8252/Y                                           -       A->Y    R     sky130_fd_sc_hd__nand2_1       1 10.6   112   117    1751    (-,-) 
  g8160__6417/Y                                           -       B->Y    F     sky130_fd_sc_hd__nand2_4       1 51.3   117   131    1882    (-,-) 
  S[27]                                                   <<<     -       F     (port)                         -    -     -     0    1882    (-,-) 
#--------------------------------------------------------------------------------------------------------------------------------------------------

