============================================================
  Generated by:           Genus(TM) Synthesis Solution 23.12-s086_1
  Generated on:           Apr 07 2025  06:47:27 pm
  Module:                 carry_select_adder_66668_32bits
  Operating conditions:   tt_025C_1v80 
  Interconnect mode:      global
  Area mode:              physical library
============================================================

            Instance                         Module              Cell-Count  Cell-Area  Net-Area   Total-Area 
--------------------------------------------------------------------------------------------------------------
carry_select_adder_66668_32bits NA                                      496   3363.226  2513.545     5876.771 
  CSA_BLOCKS[1].RCA_C0          ripple_carry_adder_WIDTH6_5_235          46    292.781   153.850      446.630 
    F1A                         full_adder_26_232                         4     20.019    10.094       30.113 
    full_adder_loop[1].FA       full_adder_218                            9     51.299    27.063       78.362 
    full_adder_loop[2].FA       full_adder_217                           11     57.555    37.157       94.712 
    full_adder_loop[3].FA       full_adder_216                            8     53.802    20.362       74.164 
    full_adder_loop[4].FA       full_adder_215                            7     50.048    16.969       67.017 
    full_adder_loop[5].FA       full_adder_214                            7     60.058    16.969       77.026 
  CSA_BLOCKS[1].RCA_C1          ripple_carry_adder_WIDTH6_6_237          46    327.814   150.543      478.357 
    F1A                         full_adder_32_234                         4     20.019    10.094       30.113 
    full_adder_loop[1].FA       full_adder_213                            9     56.304    27.063       83.367 
    full_adder_loop[2].FA       full_adder_212                           10     66.314    30.457       96.770 
    full_adder_loop[3].FA       full_adder_211                            9     62.560    23.756       86.316 
    full_adder_loop[4].FA       full_adder_210                            7     61.309    16.969       78.278 
    full_adder_loop[5].FA       full_adder_209                            7     61.309    16.969       78.278 
  CSA_BLOCKS[2].RCA_C0          ripple_carry_adder_WIDTH6_5_236          43    253.994   140.362      394.355 
    F1A                         full_adder_26                             4     20.019    10.094       30.113 
    full_adder_loop[1].FA       full_adder_208                           10     57.555    33.763       91.319 
    full_adder_loop[2].FA       full_adder_207                            9     48.797    23.756       72.553 
    full_adder_loop[3].FA       full_adder_206                            6     40.038    13.575       53.613 
    full_adder_loop[4].FA       full_adder_205                            7     43.792    16.969       60.761 
    full_adder_loop[5].FA       full_adder_204                            7     43.792    16.969       60.761 
  CSA_BLOCKS[2].RCA_C1          ripple_carry_adder_WIDTH6_6_238          44    256.496   143.755      400.251 
    F1A                         full_adder_32                             4     20.019    10.094       30.113 
    full_adder_loop[1].FA       full_adder_203                           10     52.550    33.763       86.314 
    full_adder_loop[2].FA       full_adder_202                            9     48.797    23.756       72.553 
    full_adder_loop[3].FA       full_adder_201                            7     45.043    16.969       62.012 
    full_adder_loop[4].FA       full_adder_200                            7     45.043    16.969       62.012 
    full_adder_loop[5].FA       full_adder_199                            7     45.043    16.969       62.012 
  CSA_BLOCKS[3].RCA_C0          ripple_carry_adder_WIDTH6_5              31    233.974   108.165      342.139 
    F1A                         full_adder_26_231                         4     20.019    10.094       30.113 
    full_adder_loop[1].FA       full_adder_198                           10     52.550    33.763       86.314 
    full_adder_loop[2].FA       full_adder_197                            6     40.038    13.575       53.613 
    full_adder_loop[3].FA       full_adder_196                            5     47.546    13.575       61.121 
    full_adder_loop[4].FA       full_adder_195                            5     40.038    13.575       53.613 
    full_adder_loop[5].FA       full_adder_194                            1     33.782     0.000       33.782 
  CSA_BLOCKS[3].RCA_C1          ripple_carry_adder_WIDTH6_6              28    202.694    87.976      290.671 
    F1A                         full_adder_32_233                         4     20.019    10.094       30.113 
    full_adder_loop[1].FA       full_adder_193                            6     41.290    15.228       56.518 
    full_adder_loop[2].FA       full_adder_192                            6     35.034    13.575       48.609 
    full_adder_loop[3].FA       full_adder_191                            6     35.034    13.575       48.609 
    full_adder_loop[4].FA       full_adder_190                            5     37.536    13.575       51.111 
    full_adder_loop[5].FA       full_adder_189                            1     33.782     0.000       33.782 
  CSA_BLOCKS[4].RCA_C0          ripple_carry_adder_WIDTH8                40    325.312   135.315      460.627 
    F1A                         full_adder_6                              4     31.280    10.094       41.374 
    full_adder_loop[1].FA       full_adder_225                            9     48.797    27.063       75.860 
    full_adder_loop[2].FA       full_adder_224                            7     53.802    18.622       72.424 
    full_adder_loop[3].FA       full_adder_223                            7     41.290    16.969       58.258 
    full_adder_loop[4].FA       full_adder_222                            5     41.290    13.575       54.865 
    full_adder_loop[5].FA       full_adder_221                            6     41.290    16.969       58.258 
    full_adder_loop[6].FA       full_adder_220                            1     33.782     0.000       33.782 
    full_adder_loop[7].FA       full_adder_219                            1     33.782     0.000       33.782 
  CSA_BLOCKS[4].RCA_C1          ripple_carry_adder_WIDTH8_1              41    300.288   145.409      445.697 
    F1A                         full_adder_50                             4     20.019    10.094       30.113 
    full_adder_loop[1].FA       full_adder_188                            7     41.290    21.929       63.218 
    full_adder_loop[2].FA       full_adder_187                            8     45.043    22.016       67.059 
    full_adder_loop[3].FA       full_adder_186                            5     37.536    13.575       51.111 
    full_adder_loop[4].FA       full_adder_185                            5     41.290    13.575       54.865 
    full_adder_loop[5].FA       full_adder_184                            6     43.792    16.969       60.761 
    full_adder_loop[6].FA       full_adder_183                            5     37.536    13.575       51.111 
    full_adder_loop[7].FA       full_adder_182                            1     33.782     0.000       33.782 
  RCA_LSB                       ripple_carry_adder_WIDTH6                42    375.360   135.315      510.675 
    F1A                         full_adder                                7     43.792    18.622       62.414 
    full_adder_loop[1].FA       full_adder_230                           11     75.072    37.157      112.229 
    full_adder_loop[2].FA       full_adder_229                            6     60.058    13.575       73.633 
    full_adder_loop[3].FA       full_adder_228                            6     60.058    13.575       73.633 
    full_adder_loop[4].FA       full_adder_227                            6     66.314    13.575       79.889 
    full_adder_loop[5].FA       full_adder_226                            6     70.067    13.575       83.642 
