============================================================
  Generated by:           Genus(TM) Synthesis Solution 23.12-s086_1
  Generated on:           Apr 07 2025  05:32:48 pm
  Module:                 carry_select_adder
  Operating conditions:   tt_025C_1v80 
  Interconnect mode:      global
  Area mode:              physical library
============================================================

Timing
-------
  Cost    Critical         Violating 
 Group   Path Slack  TNS     Paths   
-------------------------------------
default         0.0   0.0          0 
-------------------------------------
Total                 0.0          0 

Instance Count
--------------
Leaf Instance Count             471 
Physical Instance count           0 
Sequential Instance Count         0 
Combinational Instance Count    471 
Hierarchical Instance Count      67 

Area
----
Cell Area                          3110.483
Physical Cell Area                 0.000
Total Cell Area (Cell+Physical)    3110.483
Net Area                           2466.468
Total Area (Cell+Physical+Net)     5576.951

Max Fanout                         15 (n_210)
Min Fanout                         1 (C0[1])
Average Fanout                     1.7
Terms to net ratio                 2.4973
Terms to instance ratio            2.9002
Runtime                            16.536518 seconds
Elapsed Runtime                    17 seconds
Genus peak memory usage            1892.40 
Innovus peak memory usage          no_value 
Hostname                           cadmicro-inf-el8-623207
