============================================================
  Generated by:           Genus(TM) Synthesis Solution 23.12-s086_1
  Generated on:           Apr 07 2025  04:45:28 pm
  Module:                 carry_bypass8_32bits
  Operating conditions:   tt_025C_1v80 
  Interconnect mode:      global
  Area mode:              physical library
============================================================

       Instance           Module     Cell-Count  Cell-Area  Net-Area   Total-Area 
----------------------------------------------------------------------------------
carry_bypass8_32bits  NA                    384   3145.517  1933.824     5079.341 
  BPS1                bypass8                83    689.411   279.244      968.655 
    FA1               full_adder              7     50.048    16.969       67.017 
    FA2               full_adder_96          11     78.826    37.157      115.983 
    FA3               full_adder_95          11     77.574    37.157      114.732 
    FA4               full_adder_94           7     65.062    16.969       82.031 
    FA5               full_adder_93           7     65.062    16.969       82.031 
    FA6               full_adder_92           7     65.062    16.969       82.031 
    FA7               full_adder_91           8     68.816    22.016       90.832 
    FA8               full_adder_90           7     65.062    16.969       82.031 
  bypass_loop[1].BPS2 bypass8_7              77    679.402   255.575      934.977 
    FA1               full_adder_89           8     68.816    22.016       90.832 
    FA2               full_adder_88           8     68.816    22.016       90.832 
    FA3               full_adder_87           8     68.816    22.016       90.832 
    FA4               full_adder_86           8     68.816    22.016       90.832 
    FA5               full_adder_85           8     68.816    22.016       90.832 
    FA6               full_adder_84           8     68.816    22.016       90.832 
    FA7               full_adder_83           8     68.816    22.016       90.832 
    FA8               full_adder_82           7     65.062    16.969       82.031 
  bypass_loop[2].BPS2 bypass8_6              71    691.914   233.559      925.473 
    FA1               full_adder_81           8     72.570    22.016       94.585 
    FA2               full_adder_80           8     68.816    22.016       90.832 
    FA3               full_adder_79           7     71.318    18.622       89.940 
    FA4               full_adder_78           7     71.318    18.622       89.940 
    FA5               full_adder_77           7     71.318    18.622       89.940 
    FA6               full_adder_76           7     71.318    18.622       89.940 
    FA7               full_adder_75           7     65.062    16.969       82.031 
    FA8               full_adder_74           6     67.565    13.575       81.140 
  bypass_loop[3].BPS2 bypass8_5              83    797.014   290.818     1087.832 
    FA1               full_adder_73           7     70.067    20.275       90.343 
    FA2               full_adder_72           7     66.314    20.275       86.589 
    FA3               full_adder_71           7     71.318    20.275       91.594 
    FA4               full_adder_70           7     67.565    20.275       87.840 
    FA5               full_adder_69           7     76.323    20.275       96.599 
    FA6               full_adder_68          12    111.357    37.244      148.601 
    FA7               full_adder_67          12    105.101    37.244      142.345 
    FA8               full_adder_66           9     85.082    25.410      110.491 
