============================================================
  Generated by:           Genus(TM) Synthesis Solution 23.12-s086_1
  Generated on:           Apr 07 2025  04:45:28 pm
  Module:                 carry_bypass8_32bits
  Operating conditions:   tt_025C_1v80 
  Interconnect mode:      global
  Area mode:              physical library
============================================================


Path 1: VIOLATED (-145 ps) Path Delay Check
     Startpoint: (F) A[0]
       Endpoint: (R) S[31]

                   Capture    Launch  
      Path Delay:+    4280         -  
      Drv Adjust:+       0         0  
         Arrival:=    4280            
                                      
   Required Time:=    4280            
       Data Path:-    4425            
           Slack:=    -145            

Exceptions/Constraints:
  max_delay             4280            constraints.sdc_line_1 

#-----------------------------------------------------------------------------------------------------------------------------
#            Timing Point              Flags   Arc   Edge           Cell             Fanout Load Trans Delay Arrival Instance 
#                                                                                           (fF)  (ps)  (ps)   (ps)  Location 
#-----------------------------------------------------------------------------------------------------------------------------
  A[0]                                 -       -     F     (arrival)                      1  8.0  1000     0       0    (-,-) 
  g21/X                                -       A->X  F     sky130_fd_sc_hd__buf_8         4 18.0    54   422     422    (-,-) 
  BPS1/FA1/g109/Y                      -       A->Y  R     sky130_fd_sc_hd__nor2_4        1  6.0    72   104     527    (-,-) 
  BPS1/FA1/g106/Y                      -       A2->Y F     sky130_fd_sc_hd__o21ai_2       2 11.8    62    77     603    (-,-) 
  BPS1/FA2/g124__3680/Y                -       A->Y  R     sky130_fd_sc_hd__nand2_4       1 10.1    55    67     670    (-,-) 
  BPS1/FA2/g122__5526/Y                -       A->Y  F     sky130_fd_sc_hd__nand2_4       2 11.8    38    51     721    (-,-) 
  BPS1/FA3/g124__7098/Y                -       A->Y  R     sky130_fd_sc_hd__nand2_4       1 10.1    52    57     778    (-,-) 
  BPS1/FA3/g122__5122/Y                -       A->Y  F     sky130_fd_sc_hd__nand2_4       2 11.8    38    50     828    (-,-) 
  BPS1/FA4/g124__6161/Y                -       A->Y  R     sky130_fd_sc_hd__nand2_4       1 10.1    52    56     885    (-,-) 
  BPS1/FA4/g122__7482/Y                -       A->Y  F     sky130_fd_sc_hd__nand2_4       2 11.8    38    50     935    (-,-) 
  BPS1/FA5/g124__7410/Y                -       A->Y  R     sky130_fd_sc_hd__nand2_4       1 10.1    52    56     991    (-,-) 
  BPS1/FA5/g122__2346/Y                -       A->Y  F     sky130_fd_sc_hd__nand2_4       2 11.8    38    50    1042    (-,-) 
  BPS1/FA6/g124__4319/Y                -       A->Y  R     sky130_fd_sc_hd__nand2_4       1 10.1    52    56    1098    (-,-) 
  BPS1/FA6/g122__5107/Y                -       A->Y  F     sky130_fd_sc_hd__nand2_4       2 11.8    38    50    1148    (-,-) 
  BPS1/FA7/g124__2802/Y                -       A->Y  R     sky130_fd_sc_hd__nand2_4       1 10.1    52    56    1205    (-,-) 
  BPS1/FA7/g122__3680/Y                -       A->Y  F     sky130_fd_sc_hd__nand2_4       2 11.8    38    50    1255    (-,-) 
  BPS1/FA8/g124__1881/Y                -       A->Y  R     sky130_fd_sc_hd__nand2_4       1 10.1    52    56    1312    (-,-) 
  BPS1/FA8/g122__7098/Y                -       A->Y  F     sky130_fd_sc_hd__nand2_4       1  9.6    34    47    1359    (-,-) 
  BPS1/g5/Y                            -       A->Y  R     sky130_fd_sc_hd__nand2_4       1 10.1    52    55    1414    (-,-) 
  BPS1/g1/Y                            -       A->Y  F     sky130_fd_sc_hd__nand2_4       3 13.8    42    53    1467    (-,-) 
  bypass_loop[1].BPS2/FA1/g124__5526/Y -       A->Y  R     sky130_fd_sc_hd__nand2_4       1 10.1    52    58    1525    (-,-) 
  bypass_loop[1].BPS2/FA1/g122__4319/Y -       A->Y  F     sky130_fd_sc_hd__nand2_4       2 11.8    38    50    1575    (-,-) 
  bypass_loop[1].BPS2/FA2/g124__5122/Y -       A->Y  R     sky130_fd_sc_hd__nand2_4       1 10.1    52    56    1632    (-,-) 
  bypass_loop[1].BPS2/FA2/g122__2802/Y -       A->Y  F     sky130_fd_sc_hd__nand2_4       2 11.8    38    50    1682    (-,-) 
  bypass_loop[1].BPS2/FA3/g124__7482/Y -       A->Y  R     sky130_fd_sc_hd__nand2_4       1 10.1    52    56    1739    (-,-) 
  bypass_loop[1].BPS2/FA3/g122__1881/Y -       A->Y  F     sky130_fd_sc_hd__nand2_4       2 11.8    38    50    1789    (-,-) 
  bypass_loop[1].BPS2/FA4/g124__2346/Y -       A->Y  R     sky130_fd_sc_hd__nand2_4       1 10.1    52    56    1846    (-,-) 
  bypass_loop[1].BPS2/FA4/g122__9945/Y -       A->Y  F     sky130_fd_sc_hd__nand2_4       2 11.8    38    50    1896    (-,-) 
  bypass_loop[1].BPS2/FA5/g124__5107/Y -       A->Y  R     sky130_fd_sc_hd__nand2_4       1 10.1    52    56    1952    (-,-) 
  bypass_loop[1].BPS2/FA5/g122__5477/Y -       A->Y  F     sky130_fd_sc_hd__nand2_4       2 11.8    38    50    2003    (-,-) 
  bypass_loop[1].BPS2/FA6/g124__3680/Y -       A->Y  R     sky130_fd_sc_hd__nand2_4       1 10.1    52    56    2059    (-,-) 
  bypass_loop[1].BPS2/FA6/g122__5526/Y -       A->Y  F     sky130_fd_sc_hd__nand2_4       2 11.8    38    50    2109    (-,-) 
  bypass_loop[1].BPS2/FA7/g124__7098/Y -       A->Y  R     sky130_fd_sc_hd__nand2_4       1 10.1    52    56    2166    (-,-) 
  bypass_loop[1].BPS2/FA7/g122__5122/Y -       A->Y  F     sky130_fd_sc_hd__nand2_4       2 11.8    38    50    2216    (-,-) 
  bypass_loop[1].BPS2/FA8/g124__6161/Y -       A->Y  R     sky130_fd_sc_hd__nand2_4       1 10.1    52    56    2273    (-,-) 
  bypass_loop[1].BPS2/FA8/g122__7482/Y -       A->Y  F     sky130_fd_sc_hd__nand2_4       1  9.6    34    47    2320    (-,-) 
  bypass_loop[1].BPS2/g19/Y            -       A->Y  R     sky130_fd_sc_hd__nand2_4       1 10.1    66    55    2374    (-,-) 
  bypass_loop[1].BPS2/g18/Y            -       A->Y  F     sky130_fd_sc_hd__nand2_4       3 13.8    44    57    2432    (-,-) 
  bypass_loop[2].BPS2/FA1/g124__5122/Y -       A->Y  R     sky130_fd_sc_hd__nand2_4       1 10.1    52    59    2491    (-,-) 
  bypass_loop[2].BPS2/FA1/g122__2802/Y -       A->Y  F     sky130_fd_sc_hd__nand2_4       2 11.8    38    50    2541    (-,-) 
  bypass_loop[2].BPS2/FA2/g124__7482/Y -       A->Y  R     sky130_fd_sc_hd__nand2_4       1 10.1    52    56    2598    (-,-) 
  bypass_loop[2].BPS2/FA2/g122__1881/Y -       A->Y  F     sky130_fd_sc_hd__nand2_4       2 11.8    38    50    2648    (-,-) 
  bypass_loop[2].BPS2/FA3/g124__2883/Y -       A->Y  R     sky130_fd_sc_hd__nand2_4       1 10.1    52    56    2704    (-,-) 
  bypass_loop[2].BPS2/FA3/g122__9945/Y -       A->Y  F     sky130_fd_sc_hd__nand2_4       2 11.8    38    50    2755    (-,-) 
  bypass_loop[2].BPS2/FA4/g124__5477/Y -       A->Y  R     sky130_fd_sc_hd__nand2_4       1 10.1    52    56    2811    (-,-) 
  bypass_loop[2].BPS2/FA4/g122__6417/Y -       A->Y  F     sky130_fd_sc_hd__nand2_4       2 11.8    38    50    2862    (-,-) 
  bypass_loop[2].BPS2/FA5/g124__8428/Y -       A->Y  R     sky130_fd_sc_hd__nand2_4       1 10.1    52    56    2918    (-,-) 
  bypass_loop[2].BPS2/FA5/g122__4319/Y -       A->Y  F     sky130_fd_sc_hd__nand2_4       2 11.8    38    50    2968    (-,-) 
  bypass_loop[2].BPS2/FA6/g124__2802/Y -       A->Y  R     sky130_fd_sc_hd__nand2_4       1 10.1    52    56    3025    (-,-) 
  bypass_loop[2].BPS2/FA6/g122__1617/Y -       A->Y  F     sky130_fd_sc_hd__nand2_4       2 11.8    38    50    3075    (-,-) 
  bypass_loop[2].BPS2/FA7/g124__6131/Y -       A->Y  R     sky130_fd_sc_hd__nand2_4       1 10.1    52    56    3132    (-,-) 
  bypass_loop[2].BPS2/FA7/g122__7098/Y -       A->Y  F     sky130_fd_sc_hd__nand2_4       2 11.8    38    50    3182    (-,-) 
  bypass_loop[2].BPS2/FA8/g124__9945/Y -       A->Y  R     sky130_fd_sc_hd__nand2_4       1 10.1    52    57    3238    (-,-) 
  bypass_loop[2].BPS2/FA8/g122__6161/Y -       A->Y  F     sky130_fd_sc_hd__nand2_4       1  9.6    34    47    3285    (-,-) 
  bypass_loop[2].BPS2/g19/Y            -       A->Y  R     sky130_fd_sc_hd__nand2_4       1 10.1    66    55    3340    (-,-) 
  bypass_loop[2].BPS2/g18/Y            -       A->Y  F     sky130_fd_sc_hd__nand2_4       3 14.0    44    58    3398    (-,-) 
  bypass_loop[3].BPS2/FA1/g124__7098/Y -       A->Y  R     sky130_fd_sc_hd__nand2_4       1 10.1    52    59    3457    (-,-) 
  bypass_loop[3].BPS2/FA1/g122__5122/Y -       A->Y  F     sky130_fd_sc_hd__nand2_4       2 11.8    38    50    3507    (-,-) 
  bypass_loop[3].BPS2/FA2/g124__6161/Y -       A->Y  R     sky130_fd_sc_hd__nand2_4       1 10.1    52    57    3564    (-,-) 
  bypass_loop[3].BPS2/FA2/g122__7482/Y -       A->Y  F     sky130_fd_sc_hd__nand2_4       2 11.8    38    50    3614    (-,-) 
  bypass_loop[3].BPS2/FA3/g124__7410/Y -       A->Y  R     sky130_fd_sc_hd__nand2_4       1 10.1    52    57    3671    (-,-) 
  bypass_loop[3].BPS2/FA3/g122__2346/Y -       A->Y  F     sky130_fd_sc_hd__nand2_4       2 11.8    38    50    3721    (-,-) 
  bypass_loop[3].BPS2/FA4/g124__4319/Y -       A->Y  R     sky130_fd_sc_hd__nand2_4       1 10.1    52    57    3778    (-,-) 
  bypass_loop[3].BPS2/FA4/g122__5107/Y -       A->Y  F     sky130_fd_sc_hd__nand2_4       2 11.8    38    50    3828    (-,-) 
  bypass_loop[3].BPS2/FA5/g124__2802/Y -       A->Y  R     sky130_fd_sc_hd__nand2_4       1 10.1    52    57    3885    (-,-) 
  bypass_loop[3].BPS2/FA5/g122__3680/Y -       A->Y  F     sky130_fd_sc_hd__nand2_4       2 13.0    40    52    3937    (-,-) 
  bypass_loop[3].BPS2/FA6/g16/Y        -       A->Y  R     sky130_fd_sc_hd__clkinv_4      1 10.4    30    45    3982    (-,-) 
  bypass_loop[3].BPS2/FA6/g14/Y        -       A2->Y F     sky130_fd_sc_hd__o21ai_4       2 12.2    49    53    4035    (-,-) 
  bypass_loop[3].BPS2/FA7/g136/Y       -       A->Y  R     sky130_fd_sc_hd__nand2_4       1 10.1    55    62    4096    (-,-) 
  bypass_loop[3].BPS2/FA7/g15/Y        -       A->Y  F     sky130_fd_sc_hd__nand2_4       3 15.3    44    57    4153    (-,-) 
  bypass_loop[3].BPS2/FA8/fopt/Y       -       A->Y  R     sky130_fd_sc_hd__inv_1         1  5.9    59    66    4219    (-,-) 
  bypass_loop[3].BPS2/FA8/g125__5107/Y -       A->Y  F     sky130_fd_sc_hd__nand2_2       1  9.6    50    61    4280    (-,-) 
  bypass_loop[3].BPS2/FA8/g123__2398/Y -       A->Y  R     sky130_fd_sc_hd__nand2_4       1 51.3   165   144    4424    (-,-) 
  S[31]                                <<<     -     R     (port)                         -    -     -     0    4425    (-,-) 
#-----------------------------------------------------------------------------------------------------------------------------

