============================================================
  Generated by:           Genus(TM) Synthesis Solution 23.12-s086_1
  Generated on:           Apr 07 2025  04:45:28 pm
  Module:                 carry_bypass8_32bits
  Operating conditions:   tt_025C_1v80 
  Interconnect mode:      global
  Area mode:              physical library
============================================================

Timing
-------
  Cost    Critical            Violating 
 Group   Path Slack    TNS      Paths   
----------------------------------------
default      -144.8   -430.8          4 
----------------------------------------
Total                 -430.8          4 

Instance Count
--------------
Leaf Instance Count             384 
Physical Instance count           0 
Sequential Instance Count         0 
Combinational Instance Count    384 
Hierarchical Instance Count      36 

Area
----
Cell Area                          3145.517
Physical Cell Area                 0.000
Total Cell Area (Cell+Physical)    3145.517
Net Area                           1933.824
Total Area (Cell+Physical+Net)     5079.341

Max Fanout                         4 (n_1)
Min Fanout                         1 (Cout)
Average Fanout                     1.6
Terms to net ratio                 2.3519
Terms to instance ratio            2.7500
Runtime                            38.593976000000005 seconds
Elapsed Runtime                    40 seconds
Genus peak memory usage            1902.14 
Innovus peak memory usage          no_value 
Hostname                           cadmicro-inf-el8-623207
