============================================================
  Generated by:           Genus(TM) Synthesis Solution 23.12-s086_1
  Generated on:           Apr 07 2025  05:52:49 pm
  Module:                 carry_select_adder_8888_32bits
  Operating conditions:   tt_025C_1v80 
  Interconnect mode:      global
  Area mode:              physical library
============================================================

Timing
-------
  Cost    Critical         Violating 
 Group   Path Slack  TNS     Paths   
-------------------------------------
default         0.1   0.0          0 
-------------------------------------
Total                 0.0          0 

Instance Count
--------------
Leaf Instance Count             489 
Physical Instance count           0 
Sequential Instance Count         0 
Combinational Instance Count    489 
Hierarchical Instance Count      63 

Area
----
Cell Area                          3259.376
Physical Cell Area                 0.000
Total Cell Area (Cell+Physical)    3259.376
Net Area                           2466.381
Total Area (Cell+Physical+Net)     5725.757

Max Fanout                         10 (n_17)
Min Fanout                         1 (C0[2])
Average Fanout                     1.6
Terms to net ratio                 2.4248
Terms to instance ratio            2.8016
Runtime                            16.534086000000002 seconds
Elapsed Runtime                    18 seconds
Genus peak memory usage            1891.92 
Innovus peak memory usage          no_value 
Hostname                           cadmicro-inf-el8-623207
