============================================================
  Generated by:           Genus(TM) Synthesis Solution 23.12-s086_1
  Generated on:           Apr 07 2025  05:52:49 pm
  Module:                 carry_select_adder_8888_32bits
  Operating conditions:   tt_025C_1v80 
  Interconnect mode:      global
  Area mode:              physical library
============================================================


Path 1: MET (0 ps) Path Delay Check
     Startpoint: (F) A[26]
       Endpoint: (R) S[31]

                   Capture    Launch  
      Path Delay:+    2016         -  
      Drv Adjust:+       0         0  
         Arrival:=    2016            
                                      
   Required Time:=    2016            
       Data Path:-    2016            
           Slack:=       0            

Exceptions/Constraints:
  max_delay             2016            constraints.sdc_line_1 

#-------------------------------------------------------------------------------------------------------------------------------------------------------
#                       Timing Point                        Flags     Arc     Edge            Cell             Fanout Load Trans Delay Arrival Instance 
#                                                                                                                     (fF)  (ps)  (ps)   (ps)  Location 
#-------------------------------------------------------------------------------------------------------------------------------------------------------
  A[26]                                                     -       -         F     (arrival)                       1 10.8  1000     0       0    (-,-) 
  g2475/Y                                                   -       A->Y      R     sky130_fd_sc_hd__clkinv_4       1  5.9   140   194     194    (-,-) 
  g2473/Y                                                   -       A->Y      F     sky130_fd_sc_hd__inv_2          6 20.1    65    86     280    (-,-) 
  CSA_BLOCKS[3].RCA_C1/full_adder_loop[2].FA/g2__9315/X     -       A->X      F     sky130_fd_sc_hd__or2_0          1  3.5    60   226     506    (-,-) 
  CSA_BLOCKS[3].RCA_C1/full_adder_loop[2].FA/g59__7482/Y    -       B->Y      R     sky130_fd_sc_hd__nand2_1        1  5.9    72    87     593    (-,-) 
  CSA_BLOCKS[3].RCA_C1/full_adder_loop[2].FA/g57__1881/Y    -       A->Y      F     sky130_fd_sc_hd__nand2_2        2  9.0    50    63     656    (-,-) 
  CSA_BLOCKS[3].RCA_C1/full_adder_loop[3].FA/g61/Y          -       A->Y      R     sky130_fd_sc_hd__clkinv_1       1  5.9    42    56     712    (-,-) 
  CSA_BLOCKS[3].RCA_C1/full_adder_loop[3].FA/g57__9945/Y    -       B2->Y     F     sky130_fd_sc_hd__o2bb2ai_2      2  8.4    57    62     774    (-,-) 
  CSA_BLOCKS[3].RCA_C1/full_adder_loop[4].FA/g59__5477/Y    -       A->Y      R     sky130_fd_sc_hd__nand2_1        1  3.8    56    65     839    (-,-) 
  CSA_BLOCKS[3].RCA_C1/full_adder_loop[4].FA/g57__7410/Y    -       B->Y      F     sky130_fd_sc_hd__nand2b_1       2  8.4    79    84     923    (-,-) 
  CSA_BLOCKS[3].RCA_C1/full_adder_loop[5].FA/g59__8428/Y    -       A->Y      R     sky130_fd_sc_hd__nand2_1        1  3.8    56    75     998    (-,-) 
  CSA_BLOCKS[3].RCA_C1/full_adder_loop[5].FA/g57__6260/Y    -       B->Y      F     sky130_fd_sc_hd__nand2b_1       1  5.8    62    70    1067    (-,-) 
  CSA_BLOCKS[3].RCA_C1/full_adder_loop[6].FA/g57__3680/COUT -       CIN->COUT F     sky130_fd_sc_hd__fa_1           1  3.6    84   366    1434    (-,-) 
  CSA_BLOCKS[3].RCA_C1/full_adder_loop[7].FA/g57__1617/SUM  -       CI->SUM   R     sky130_fd_sc_hd__fah_1          1  3.7    58   304    1738    (-,-) 
  g5211__7098/Y                                             -       A->Y      F     sky130_fd_sc_hd__nand2_1        1 17.6   136   124    1862    (-,-) 
  g5196__6417/Y                                             -       B->Y      R     sky130_fd_sc_hd__nand2_8        1 51.3   112   153    2016    (-,-) 
  S[31]                                                     <<<     -         R     (port)                          -    -     -     0    2016    (-,-) 
#-------------------------------------------------------------------------------------------------------------------------------------------------------

