============================================================
  Generated by:           Genus(TM) Synthesis Solution 23.12-s086_1
  Generated on:           Apr 07 2025  05:52:49 pm
  Module:                 carry_select_adder_8888_32bits
  Operating conditions:   tt_025C_1v80 
  Interconnect mode:      global
  Area mode:              physical library
============================================================

           Instance                         Module              Cell-Count  Cell-Area  Net-Area   Total-Area 
-------------------------------------------------------------------------------------------------------------
carry_select_adder_8888_32bits NA                                      489   3259.376  2466.381     5725.757 
  CSA_BLOCKS[1].RCA_C0         ripple_carry_adder_WIDTH8_5_231          60    365.350   197.881      563.232 
    F1A                        full_adder_24_228                         4     20.019    10.094       30.113 
    full_adder_loop[1].FA      full_adder_219                           10     52.550    30.457       83.007 
    full_adder_loop[2].FA      full_adder_218                           11     56.304    37.157       93.461 
    full_adder_loop[3].FA      full_adder_217                            7     43.792    16.969       60.761 
    full_adder_loop[4].FA      full_adder_216                            7     43.792    16.969       60.761 
    full_adder_loop[5].FA      full_adder_215                            7     43.792    16.969       60.761 
    full_adder_loop[6].FA      full_adder_214                            7     48.797    16.969       65.766 
    full_adder_loop[7].FA      full_adder_213                            7     56.304    16.969       73.273 
  CSA_BLOCKS[1].RCA_C1         ripple_carry_adder_WIDTH8_6_233          61    404.138   201.275      605.413 
    F1A                        full_adder_32_230                         6     37.536    16.882       54.418 
    full_adder_loop[1].FA      full_adder_212                           11     61.309    37.157       98.466 
    full_adder_loop[2].FA      full_adder_211                            9     55.053    27.063       82.116 
    full_adder_loop[3].FA      full_adder_210                            7     50.048    16.969       67.017 
    full_adder_loop[4].FA      full_adder_209                            7     50.048    16.969       67.017 
    full_adder_loop[5].FA      full_adder_208                            7     50.048    16.969       67.017 
    full_adder_loop[6].FA      full_adder_207                            7     50.048    16.969       67.017 
    full_adder_loop[7].FA      full_adder_206                            7     50.048    16.969       67.017 
  CSA_BLOCKS[2].RCA_C0         ripple_carry_adder_WIDTH8_5_232          48    302.790   157.330      460.121 
    F1A                        full_adder_24                             4     22.522    10.094       32.616 
    full_adder_loop[1].FA      full_adder_205                            9     46.294    27.063       73.357 
    full_adder_loop[2].FA      full_adder_204                            7     41.290    16.969       58.258 
    full_adder_loop[3].FA      full_adder_203                            6     37.536    13.575       51.111 
    full_adder_loop[4].FA      full_adder_202                            6     37.536    13.575       51.111 
    full_adder_loop[5].FA      full_adder_201                            6     37.536    13.575       51.111 
    full_adder_loop[6].FA      full_adder_200                            5     42.541    13.575       56.116 
    full_adder_loop[7].FA      full_adder_199                            5     37.536    13.575       51.111 
  CSA_BLOCKS[2].RCA_C1         ripple_carry_adder_WIDTH8_6_234          49    314.051   157.330      471.382 
    F1A                        full_adder_32                             4     25.024    10.094       35.118 
    full_adder_loop[1].FA      full_adder_198                            9     46.294    27.063       73.357 
    full_adder_loop[2].FA      full_adder_197                            7     41.290    16.969       58.258 
    full_adder_loop[3].FA      full_adder_196                            6     43.792    13.575       57.367 
    full_adder_loop[4].FA      full_adder_195                            6     37.536    13.575       51.111 
    full_adder_loop[5].FA      full_adder_194                            6     40.038    13.575       53.613 
    full_adder_loop[6].FA      full_adder_193                            6     40.038    13.575       53.613 
    full_adder_loop[7].FA      full_adder_192                            5     40.038    13.575       53.613 
  CSA_BLOCKS[3].RCA_C0         ripple_carry_adder_WIDTH8_5              33    255.245   106.598      361.843 
    F1A                        full_adder_24_227                         4     20.019    10.094       30.113 
    full_adder_loop[1].FA      full_adder_191                            5     33.782    10.181       43.964 
    full_adder_loop[2].FA      full_adder_190                            6     35.034    13.575       48.609 
    full_adder_loop[3].FA      full_adder_189                            6     37.536    13.575       51.111 
    full_adder_loop[4].FA      full_adder_188                            5     37.536    13.575       51.111 
    full_adder_loop[5].FA      full_adder_187                            5     37.536    13.575       51.111 
    full_adder_loop[6].FA      full_adder_186                            1     20.019     0.000       20.019 
    full_adder_loop[7].FA      full_adder_185                            1     33.782     0.000       33.782 
  CSA_BLOCKS[3].RCA_C1         ripple_carry_adder_WIDTH8_6              32    272.762   103.205      375.966 
    F1A                        full_adder_32_229                         4     20.019    10.094       30.113 
    full_adder_loop[1].FA      full_adder_184                            5     42.541    11.835       54.375 
    full_adder_loop[2].FA      full_adder_183                            6     41.290    13.575       54.865 
    full_adder_loop[3].FA      full_adder_182                            5     40.038    10.181       50.220 
    full_adder_loop[4].FA      full_adder_181                            5     37.536    13.575       51.111 
    full_adder_loop[5].FA      full_adder_180                            5     37.536    13.575       51.111 
    full_adder_loop[6].FA      full_adder_179                            1     20.019     0.000       20.019 
    full_adder_loop[7].FA      full_adder_178                            1     33.782     0.000       33.782 
  RCA_LSB                      ripple_carry_adder_WIDTH8                59    454.186   197.794      651.980 
    F1A                        full_adder                                8     57.555    23.669       81.224 
    full_adder_loop[1].FA      full_adder_226                           11     61.309    37.157       98.466 
    full_adder_loop[2].FA      full_adder_225                           11     56.304    37.157       93.461 
    full_adder_loop[3].FA      full_adder_224                            6     45.043    13.575       58.618 
    full_adder_loop[4].FA      full_adder_223                            5     55.053    10.181       65.234 
    full_adder_loop[5].FA      full_adder_222                            6     58.806    13.575       72.381 
    full_adder_loop[6].FA      full_adder_221                            6     58.806    13.575       72.381 
    full_adder_loop[7].FA      full_adder_220                            6     61.309    13.575       74.884 
