============================================================
  Generated by:           Genus(TM) Synthesis Solution 23.12-s086_1
  Generated on:           Apr 07 2025  05:59:10 pm
  Module:                 carry_select_adder_46688_32bits
  Operating conditions:   tt_025C_1v80 
  Interconnect mode:      global
  Area mode:              physical library
============================================================

Timing
-------
  Cost    Critical             Violating 
 Group   Path Slack    TNS       Paths   
-----------------------------------------
default      -129.5   -1741.7         17 
-----------------------------------------
Total                 -1741.7         17 

Instance Count
--------------
Leaf Instance Count             620 
Physical Instance count           0 
Sequential Instance Count         0 
Combinational Instance Count    620 
Hierarchical Instance Count      69 

Area
----
Cell Area                          4230.307
Physical Cell Area                 0.000
Total Cell Area (Cell+Physical)    4230.307
Net Area                           2993.456
Total Area (Cell+Physical+Net)     7223.763

Max Fanout                         11 (n_706)
Min Fanout                         1 (C0[1])
Average Fanout                     1.6
Terms to net ratio                 2.4395
Terms to instance ratio            2.7306
Runtime                            31.456983 seconds
Elapsed Runtime                    33 seconds
Genus peak memory usage            1901.22 
Innovus peak memory usage          no_value 
Hostname                           cadmicro-inf-el8-623207
