============================================================
  Generated by:           Genus(TM) Synthesis Solution 23.12-s086_1
  Generated on:           Apr 07 2025  05:59:10 pm
  Module:                 carry_select_adder_46688_32bits
  Operating conditions:   tt_025C_1v80 
  Interconnect mode:      global
  Area mode:              physical library
============================================================

            Instance                         Module              Cell-Count  Cell-Area  Net-Area   Total-Area 
--------------------------------------------------------------------------------------------------------------
carry_select_adder_46688_32bits NA                                      620   4230.307  2993.455     7223.763 
  CSA_BLOCKS[1].RCA_C0          ripple_carry_adder_WIDTH6                51    311.549   174.125      485.674 
    F1A                         full_adder_24_245                         6     37.536    16.882       54.418 
    full_adder_loop[1].FA       full_adder_239                           11     66.314    37.157      103.471 
    full_adder_loop[2].FA       full_adder_238                           11     60.058    37.157       97.215 
    full_adder_loop[3].FA       full_adder_237                            9     52.550    23.756       76.307 
    full_adder_loop[4].FA       full_adder_236                            7     47.546    16.969       64.514 
    full_adder_loop[5].FA       full_adder_235                            7     47.546    16.969       64.514 
  CSA_BLOCKS[1].RCA_C1          ripple_carry_adder_WIDTH6_3_250          54    322.810   187.613      510.423 
    F1A                         full_adder_52_246                         5     32.531    13.488       46.019 
    full_adder_loop[1].FA       full_adder_227                           13     67.565    43.945      111.509 
    full_adder_loop[2].FA       full_adder_226                           11     60.058    37.157       97.215 
    full_adder_loop[3].FA       full_adder_225                            9     55.053    23.756       78.809 
    full_adder_loop[4].FA       full_adder_224                            7     50.048    16.969       67.017 
    full_adder_loop[5].FA       full_adder_223                            9     57.555    27.063       84.618 
  CSA_BLOCKS[2].RCA_C0          ripple_carry_adder_WIDTH6_249            44    289.027   153.763      442.790 
    F1A                         full_adder_24                             4     27.526    10.094       37.621 
    full_adder_loop[1].FA       full_adder_222                           10     52.550    33.763       86.314 
    full_adder_loop[2].FA       full_adder_221                           12     66.314    40.551      106.864 
    full_adder_loop[3].FA       full_adder_220                            6     46.294    13.575       59.869 
    full_adder_loop[4].FA       full_adder_219                            6     43.792    13.575       57.367 
    full_adder_loop[5].FA       full_adder_218                            6     52.550    16.969       69.519 
  CSA_BLOCKS[2].RCA_C1          ripple_carry_adder_WIDTH6_3              40    252.742   133.574      386.317 
    F1A                         full_adder_52_247                         4     22.522    10.094       32.616 
    full_adder_loop[1].FA       full_adder_217                           10     50.048    33.763       83.811 
    full_adder_loop[2].FA       full_adder_216                            6     37.536    13.575       51.111 
    full_adder_loop[3].FA       full_adder_215                            7     45.043    16.969       62.012 
    full_adder_loop[4].FA       full_adder_214                            7     45.043    16.969       62.012 
    full_adder_loop[5].FA       full_adder_213                            6     52.550    16.969       69.519 
  CSA_BLOCKS[3].RCA_C0          ripple_carry_adder_WIDTH8                66    502.982   223.204      726.186 
    F1A                         full_adder_24_243                         4     26.275    10.094       36.369 
    full_adder_loop[1].FA       full_adder_234                           11     76.323    37.157      113.480 
    full_adder_loop[2].FA       full_adder_233                           11     72.570    37.157      109.727 
    full_adder_loop[3].FA       full_adder_232                           11     71.318    30.544      101.862 
    full_adder_loop[4].FA       full_adder_231                            7     65.062    16.969       82.031 
    full_adder_loop[5].FA       full_adder_230                            8     68.816    22.016       90.832 
    full_adder_loop[6].FA       full_adder_229                            7     68.816    16.969       85.785 
    full_adder_loop[7].FA       full_adder_228                            7     53.802    16.969       70.770 
  CSA_BLOCKS[3].RCA_C1          ripple_carry_adder_WIDTH8_3_252          69    499.229   239.999      739.227 
    F1A                         full_adder_52_248                         5     33.782    13.488       47.270 
    full_adder_loop[1].FA       full_adder_212                           11     63.811    37.157      100.968 
    full_adder_loop[2].FA       full_adder_211                           11     60.058    37.157       97.215 
    full_adder_loop[3].FA       full_adder_210                            9     58.806    23.756       82.563 
    full_adder_loop[4].FA       full_adder_209                            7     65.062    16.969       82.031 
    full_adder_loop[5].FA       full_adder_208                            8     68.816    22.016       90.832 
    full_adder_loop[6].FA       full_adder_207                            9     72.570    27.063       99.633 
    full_adder_loop[7].FA       full_adder_206                            9     76.323    27.063      103.386 
  CSA_BLOCKS[4].RCA_C0          ripple_carry_adder_WIDTH8_251            38    346.582   131.834      478.416 
    F1A                         full_adder_24_244                         4     31.280    10.094       41.374 
    full_adder_loop[1].FA       full_adder_205                           10     51.299    33.763       85.063 
    full_adder_loop[2].FA       full_adder_204                            4     46.294     6.787       53.082 
    full_adder_loop[3].FA       full_adder_203                            5     46.294    10.181       56.476 
    full_adder_loop[4].FA       full_adder_202                            5     51.299    13.575       64.874 
    full_adder_loop[5].FA       full_adder_201                            5     46.294    13.575       59.869 
    full_adder_loop[6].FA       full_adder_200                            4     40.038    10.181       50.220 
    full_adder_loop[7].FA       full_adder_199                            1     33.782     0.000       33.782 
  CSA_BLOCKS[4].RCA_C1          ripple_carry_adder_WIDTH8_3              44    341.578   143.842      485.420 
    F1A                         full_adder_52                             4     32.531    10.094       42.625 
    full_adder_loop[1].FA       full_adder_198                            7     48.797    16.969       65.766 
    full_adder_loop[2].FA       full_adder_197                            8     46.294    20.362       66.657 
    full_adder_loop[3].FA       full_adder_196                            7     43.792    16.969       60.761 
    full_adder_loop[4].FA       full_adder_195                            5     46.294    13.575       59.869 
    full_adder_loop[5].FA       full_adder_194                            5     51.299    13.575       64.874 
    full_adder_loop[6].FA       full_adder_193                            4     36.285    10.181       46.466 
    full_adder_loop[7].FA       full_adder_192                            4     36.285     6.787       43.072 
  RCA_LSB                       ripple_carry_adder_WIDTH4                28    235.226    84.670      319.895 
    F1A                         full_adder                                8     48.797    22.016       70.813 
    full_adder_loop[1].FA       full_adder_242                            9     55.053    23.756       78.809 
    full_adder_loop[2].FA       full_adder_241                            6     60.058    13.575       73.633 
    full_adder_loop[3].FA       full_adder_240                            5     71.318    10.181       81.500 
