============================================================
  Generated by:           Genus(TM) Synthesis Solution 23.12-s086_1
  Generated on:           Apr 07 2025  05:59:10 pm
  Module:                 carry_select_adder_46688_32bits
  Operating conditions:   tt_025C_1v80 
  Interconnect mode:      global
  Area mode:              physical library
============================================================


Path 1: VIOLATED (-130 ps) Path Delay Check
     Startpoint: (F) B[17]
       Endpoint: (R) Cout

                   Capture    Launch  
      Path Delay:+    1650         -  
      Drv Adjust:+       0         0  
         Arrival:=    1650            
                                      
   Required Time:=    1650            
       Data Path:-    1780            
           Slack:=    -130            

Exceptions/Constraints:
  max_delay             1650            constraints.sdc_line_1 

#------------------------------------------------------------------------------------------------------------------------------------------------
#                      Timing Point                       Flags   Arc   Edge           Cell             Fanout Load Trans Delay Arrival Instance 
#                                                                                                              (fF)  (ps)  (ps)   (ps)  Location 
#------------------------------------------------------------------------------------------------------------------------------------------------
  B[17]                                                   -       -     F     (arrival)                      2  5.9  1000     0       0    (-,-) 
  g12438/X                                                -       A->X  F     sky130_fd_sc_hd__clkbuf_1      1  6.1    64   328     328    (-,-) 
  CSA_BLOCKS[3].RCA_C1/full_adder_loop[1].FA/g191/Y       -       A->Y  R     sky130_fd_sc_hd__clkinv_2      2 11.1    49    67     395    (-,-) 
  CSA_BLOCKS[3].RCA_C1/full_adder_loop[1].FA/g183__3680/Y -       B->Y  F     sky130_fd_sc_hd__nand2_2       1  5.5    34    52     447    (-,-) 
  CSA_BLOCKS[3].RCA_C1/full_adder_loop[1].FA/g181__5526/Y -       B->Y  R     sky130_fd_sc_hd__nand2_2       1  5.9    51    63     510    (-,-) 
  CSA_BLOCKS[3].RCA_C1/full_adder_loop[1].FA/g179__4319/Y -       A->Y  F     sky130_fd_sc_hd__nand2_2       2  7.8    42    54     564    (-,-) 
  CSA_BLOCKS[3].RCA_C1/full_adder_loop[2].FA/g124__5122/Y -       A->Y  R     sky130_fd_sc_hd__nand2_2       1  5.9    51    57     622    (-,-) 
  CSA_BLOCKS[3].RCA_C1/full_adder_loop[2].FA/g122__2802/Y -       A->Y  F     sky130_fd_sc_hd__nand2_2       2  7.8    42    54     675    (-,-) 
  CSA_BLOCKS[3].RCA_C1/full_adder_loop[3].FA/g124__7482/Y -       A->Y  R     sky130_fd_sc_hd__nand2_2       1 10.1    72    72     748    (-,-) 
  CSA_BLOCKS[3].RCA_C1/full_adder_loop[3].FA/g122__1881/Y -       A->Y  F     sky130_fd_sc_hd__nand2_4       2 11.8    44    55     803    (-,-) 
  CSA_BLOCKS[3].RCA_C1/full_adder_loop[4].FA/g124__2346/Y -       A->Y  R     sky130_fd_sc_hd__nand2_4       1 10.1    52    59     862    (-,-) 
  CSA_BLOCKS[3].RCA_C1/full_adder_loop[4].FA/g122__9945/Y -       A->Y  F     sky130_fd_sc_hd__nand2_4       2 11.8    38    50     912    (-,-) 
  CSA_BLOCKS[3].RCA_C1/full_adder_loop[5].FA/g124__5107/Y -       A->Y  R     sky130_fd_sc_hd__nand2_4       1 10.1    52    56     969    (-,-) 
  CSA_BLOCKS[3].RCA_C1/full_adder_loop[5].FA/g122__5477/Y -       A->Y  F     sky130_fd_sc_hd__nand2_4       2 11.8    38    50    1019    (-,-) 
  CSA_BLOCKS[3].RCA_C1/full_adder_loop[6].FA/g124__3680/Y -       A->Y  R     sky130_fd_sc_hd__nand2_4       1 10.1    52    56    1076    (-,-) 
  CSA_BLOCKS[3].RCA_C1/full_adder_loop[6].FA/g122__5526/Y -       A->Y  F     sky130_fd_sc_hd__nand2_4       2 11.8    38    50    1126    (-,-) 
  CSA_BLOCKS[3].RCA_C1/full_adder_loop[7].FA/g125__7098/Y -       A->Y  R     sky130_fd_sc_hd__nand2_4       1 10.1    52    56    1182    (-,-) 
  CSA_BLOCKS[3].RCA_C1/full_adder_loop[7].FA/g123__5122/Y -       A->Y  F     sky130_fd_sc_hd__nand2_4       2 14.7    43    55    1237    (-,-) 
  g180/Y                                                  -       A->Y  R     sky130_fd_sc_hd__nand3_4       3 12.1    76    65    1302    (-,-) 
  g177/Y                                                  -       D->Y  F     sky130_fd_sc_hd__nand4_2       1  6.1    85   114    1416    (-,-) 
  g80/Y                                                   -       A->Y  R     sky130_fd_sc_hd__clkinv_2      8 24.7    95   109    1525    (-,-) 
  g12332__5122/Y                                          -       A->Y  F     sky130_fd_sc_hd__nand2_1       1  9.6    80    97    1622    (-,-) 
  g12322__5107/Y                                          -       A->Y  R     sky130_fd_sc_hd__nand2_4       1 51.3   165   157    1779    (-,-) 
  Cout                                                    -       -     R     (port)                         -    -     -     0    1780    (-,-) 
#------------------------------------------------------------------------------------------------------------------------------------------------

