============================================================
  Generated by:           Genus(TM) Synthesis Solution 23.12-s086_1
  Generated on:           Apr 09 2025  12:52:16 pm
  Module:                 carry_select_adder_68810_32bits
  Operating conditions:   tt_025C_1v80 
  Interconnect mode:      global
  Area mode:              physical library
============================================================

Timing
-------
  Cost    Critical         Violating 
 Group   Path Slack  TNS     Paths   
-------------------------------------
default         4.1   0.0          0 
-------------------------------------
Total                 0.0          0 

Instance Count
--------------
Leaf Instance Count             122 
Physical Instance count           0 
Sequential Instance Count         0 
Combinational Instance Count    122 
Hierarchical Instance Count      65 

Area
----
Cell Area                          1637.821
Physical Cell Area                 0.000
Total Cell Area (Cell+Physical)    1637.821
Net Area                           979.573
Total Area (Cell+Physical+Net)     2617.394

Max Fanout                         11 (n_3)
Min Fanout                         1 (C0[1])
Average Fanout                     1.4
Terms to net ratio                 2.0338
Terms to instance ratio            3.9508
Runtime                            13.657094 seconds
Elapsed Runtime                    16 seconds
Genus peak memory usage            1890.35 
Innovus peak memory usage          no_value 
Hostname                           cadmicro-inf-el8-623207
