###############################################################
#  Generated by:      Cadence Innovus 23.32-s091_1
#  OS:                Linux x86_64(Host ID cadmicro-inf-el8-623207)
#  Generated on:      Mon Mar 31 17:30:39 2025
#  Design:            ripple_carry_adder_8bits
#  Command:           report_timing > reports/report_timing.rpt
###############################################################
Path 1: MET Path Delay Check
Endpoint:   S[7] (^)
Beginpoint: A[1] (v) triggered by  leading edge of '@'
Path Groups: {default}
Analysis View: default_emulate_view
- External Delay                0.000
+ Path Delay                  200.000
= Required Time               200.000
- Arrival Time                  3.636
= Slack Time                  196.364
     Clock Rise Edge                      0.000
     + Input Delay                        0.000
     = Beginpoint Arrival Time            0.000
     +--------------------------------------------------------------------------------------------------------+ 
     |            Instance             |       Arc       |         Cell          | Delay | Arrival | Required | 
     |                                 |                 |                       |       |  Time   |   Time   | 
     |---------------------------------+-----------------+-----------------------+-------+---------+----------| 
     |                                 | A[1] v          |                       |       |  -0.000 |  196.364 | 
     | full_adder_loop[1].FA/g65__2398 | B v -> COUT v   | sky130_fd_sc_hd__fa_1 | 0.789 |   0.789 |  197.154 | 
     | full_adder_loop[2].FA/g65__5107 | CIN v -> COUT v | sky130_fd_sc_hd__fa_1 | 0.396 |   1.185 |  197.549 | 
     | full_adder_loop[3].FA/g65__6260 | CIN v -> COUT v | sky130_fd_sc_hd__fa_1 | 0.406 |   1.591 |  197.955 | 
     | full_adder_loop[4].FA/g65__4319 | CIN v -> COUT v | sky130_fd_sc_hd__fa_1 | 0.420 |   2.011 |  198.375 | 
     | full_adder_loop[5].FA/g65__8428 | CIN v -> COUT v | sky130_fd_sc_hd__fa_1 | 0.410 |   2.421 |  198.785 | 
     | full_adder_loop[6].FA/g65__5526 | CIN v -> COUT v | sky130_fd_sc_hd__fa_1 | 0.391 |   2.812 |  199.177 | 
     | full_adder_loop[7].FA/g65__6783 | CIN v -> SUM ^  | sky130_fd_sc_hd__fa_1 | 0.822 |   3.635 |  199.999 | 
     |                                 | S[7] ^          |                       | 0.001 |   3.636 |  200.000 | 
     +--------------------------------------------------------------------------------------------------------+ 

