============================================================
  Generated by:           Genus(TM) Synthesis Solution 23.12-s086_1
  Generated on:           Apr 07 2025  07:07:52 pm
  Module:                 carry_select_adder_461012_32bits
  Operating conditions:   tt_025C_1v80 
  Interconnect mode:      global
  Area mode:              physical library
============================================================

            Instance                        Module             Cell-Count  Cell-Area  Net-Area   Total-Area 
------------------------------------------------------------------------------------------------------------
carry_select_adder_461012_32bits NA                                   616   4470.538  2976.226     7446.763 
  CSA_BLOCKS[1].RCA_C0           ripple_carry_adder_WIDTH6             35    217.709   113.299      331.008 
    F1A                          full_adder_4                           1     15.014     0.000       15.014 
    full_adder_loop[1].FA        full_adder_227                        10     50.048    33.763       83.811 
    full_adder_loop[2].FA        full_adder_226                         6     40.038    13.575       53.613 
    full_adder_loop[3].FA        full_adder_225                         6     40.038    13.575       53.613 
    full_adder_loop[4].FA        full_adder_224                         6     37.536    13.575       51.111 
    full_adder_loop[5].FA        full_adder_223                         6     35.034    13.575       48.609 
  CSA_BLOCKS[1].RCA_C1           ripple_carry_adder_WIDTH6_1           39    233.974   126.787      360.761 
    F1A                          full_adder_48_233                      4     20.019    10.094       30.113 
    full_adder_loop[1].FA        full_adder_202                        10     47.546    33.763       81.309 
    full_adder_loop[2].FA        full_adder_201                         7     42.541    16.969       59.510 
    full_adder_loop[3].FA        full_adder_200                         7     38.787    16.969       55.756 
    full_adder_loop[4].FA        full_adder_199                         5     45.043    10.181       55.224 
    full_adder_loop[5].FA        full_adder_198                         6     40.038    13.575       53.613 
  CSA_BLOCKS[2].RCA_C0           ripple_carry_adder_WIDTH10            86    685.658   300.825      986.482 
    F1A                          full_adder_4_232                       5     26.275    13.488       39.763 
    full_adder_loop[1].FA        full_adder_222                        11     80.077    37.157      117.234 
    full_adder_loop[2].FA        full_adder_221                        11     76.323    37.157      113.480 
    full_adder_loop[3].FA        full_adder_220                        11     76.323    37.157      113.480 
    full_adder_loop[4].FA        full_adder_219                         9     72.570    23.756       96.326 
    full_adder_loop[5].FA        full_adder_218                         7     65.062    16.969       82.031 
    full_adder_loop[6].FA        full_adder_217                         8     68.816    22.016       90.832 
    full_adder_loop[7].FA        full_adder_216                         8     72.570    22.016       94.585 
    full_adder_loop[8].FA        full_adder_215                         7     75.072    18.622       93.694 
    full_adder_loop[9].FA        full_adder_214                         9     72.570    27.063       99.633 
  CSA_BLOCKS[2].RCA_C1           ripple_carry_adder_WIDTH10_1          87    680.653   309.353      990.006 
    F1A                          full_adder_48_234                      4     27.526    10.094       37.621 
    full_adder_loop[1].FA        full_adder_197                        13     85.082    43.945      129.026 
    full_adder_loop[2].FA        full_adder_196                        11     72.570    37.157      109.727 
    full_adder_loop[3].FA        full_adder_195                        11     77.574    37.157      114.732 
    full_adder_loop[4].FA        full_adder_194                         9     70.067    23.756       93.823 
    full_adder_loop[5].FA        full_adder_193                         7     65.062    20.362       85.425 
    full_adder_loop[6].FA        full_adder_192                         9     76.323    27.063      103.386 
    full_adder_loop[7].FA        full_adder_191                         7     65.062    20.362       85.425 
    full_adder_loop[8].FA        full_adder_190                         8     72.570    22.016       94.585 
    full_adder_loop[9].FA        full_adder_189                         8     68.816    22.016       90.832 
  CSA_BLOCKS[3].RCA_C0           ripple_carry_adder_WIDTH12            93    664.387   309.527      973.914 
    F1A                          full_adder_4_231                       4     26.275    10.094       36.369 
    full_adder_loop[10].FA       full_adder_204                         6     62.560    13.575       76.135 
    full_adder_loop[11].FA       full_adder_203                        10     51.299    28.803       80.103 
    full_adder_loop[1].FA        full_adder_213                        11     68.816    37.157      105.973 
    full_adder_loop[2].FA        full_adder_212                        11     60.058    37.157       97.215 
    full_adder_loop[3].FA        full_adder_211                         9     51.299    23.756       75.055 
    full_adder_loop[4].FA        full_adder_210                         7     50.048    16.969       67.017 
    full_adder_loop[5].FA        full_adder_209                         7     60.058    16.969       77.026 
    full_adder_loop[6].FA        full_adder_208                         7     55.053    16.969       72.022 
    full_adder_loop[7].FA        full_adder_207                         7     60.058    16.969       77.026 
    full_adder_loop[8].FA        full_adder_206                         7     60.058    16.969       77.026 
    full_adder_loop[9].FA        full_adder_205                         7     58.806    16.969       75.775 
  CSA_BLOCKS[3].RCA_C1           ripple_carry_adder_WIDTH12_1         101    780.749   353.210     1133.959 
    F1A                          full_adder_48                          4     25.024    10.094       35.118 
    full_adder_loop[10].FA       full_adder_179                         5     66.314    10.181       76.495 
    full_adder_loop[11].FA       full_adder_178                         7     46.294    18.622       64.916 
    full_adder_loop[1].FA        full_adder_188                        11     65.062    37.157      102.220 
    full_adder_loop[2].FA        full_adder_187                        11     77.574    37.157      114.732 
    full_adder_loop[3].FA        full_adder_186                        11     72.570    30.544      103.113 
    full_adder_loop[4].FA        full_adder_185                         7     65.062    16.969       82.031 
    full_adder_loop[5].FA        full_adder_184                         9     72.570    27.063       99.633 
    full_adder_loop[6].FA        full_adder_183                         9     72.570    27.063       99.633 
    full_adder_loop[7].FA        full_adder_182                         9     72.570    27.063       99.633 
    full_adder_loop[8].FA        full_adder_181                         9     72.570    27.063       99.633 
    full_adder_loop[9].FA        full_adder_180                         9     72.570    27.063       99.633 
  RCA_LSB                        ripple_carry_adder_WIDTH4             24    177.670    82.842      260.513 
    F1A                          full_adder                             7     47.546    20.275       67.821 
    full_adder_loop[1].FA        full_adder_230                         8     45.043    23.669       68.712 
    full_adder_loop[2].FA        full_adder_229                         5     42.541    13.575       56.116 
    full_adder_loop[3].FA        full_adder_228                         4     42.541    10.181       52.722 
