============================================================
  Generated by:           Genus(TM) Synthesis Solution 23.12-s086_1
  Generated on:           Apr 07 2025  07:07:52 pm
  Module:                 carry_select_adder_461012_32bits
  Operating conditions:   tt_025C_1v80 
  Interconnect mode:      global
  Area mode:              physical library
============================================================

Timing
-------
  Cost    Critical            Violating 
 Group   Path Slack    TNS      Paths   
----------------------------------------
default       -35.8   -175.7         12 
----------------------------------------
Total                 -175.7         12 

Instance Count
--------------
Leaf Instance Count             616 
Physical Instance count           0 
Sequential Instance Count         0 
Combinational Instance Count    616 
Hierarchical Instance Count      67 

Area
----
Cell Area                          4470.538
Physical Cell Area                 0.000
Total Cell Area (Cell+Physical)    4470.538
Net Area                           2976.225
Total Area (Cell+Physical+Net)     7446.763

Max Fanout                         12 (n_375)
Min Fanout                         1 (C0[3])
Average Fanout                     1.6
Terms to net ratio                 2.4329
Terms to instance ratio            2.7094
Runtime                            31.508561 seconds
Elapsed Runtime                    34 seconds
Genus peak memory usage            1901.23 
Innovus peak memory usage          no_value 
Hostname                           cadmicro-inf-el8-623207
