###############################################################
#  Generated by:      Cadence Innovus 23.32-s091_1
#  OS:                Linux x86_64(Host ID cadmicro-inf-el8-623207)
#  Generated on:      Wed Apr  9 12:38:16 2025
#  Design:            signal_32bits
#  Command:           report_timing > reports/report_timing.rpt
###############################################################
Path 1: MET Path Delay Check
Endpoint:   S[31] (^)
Beginpoint: B[1]  (v) triggered by  leading edge of '@'
Path Groups: {default}
Analysis View: default_emulate_view
- External Delay                0.000
+ Path Delay                    4.350
= Required Time                 4.350
- Arrival Time                  4.340
= Slack Time                    0.010
     Clock Rise Edge                      0.000
     + Input Delay                        0.000
     = Beginpoint Arrival Time            0.000
     +--------------------------------------------------------------------------------------------------------+ 
     |          Instance           |       Arc       |           Cell            | Delay | Arrival | Required | 
     |                             |                 |                           |       |  Time   |   Time   | 
     |-----------------------------+-----------------+---------------------------+-------+---------+----------| 
     |                             | B[1] v          |                           |       |   0.000 |    0.010 | 
     | g2                          | B v -> X v      | sky130_fd_sc_hd__or2_1    | 0.548 |   0.548 |    0.558 | 
     | addinc_add_7_30_g2474__6131 | B v -> Y ^      | sky130_fd_sc_hd__nand2_1  | 0.092 |   0.640 |    0.651 | 
     | addinc_add_7_30_g2472__8246 | A ^ -> Y v      | sky130_fd_sc_hd__nand2_2  | 0.060 |   0.700 |    0.711 | 
     | addinc_add_7_30_g2471__5122 | A v -> Y ^      | sky130_fd_sc_hd__nand2_1  | 0.080 |   0.780 |    0.790 | 
     | addinc_add_7_30_g2469__2802 | A ^ -> Y v      | sky130_fd_sc_hd__nand2_2  | 0.062 |   0.842 |    0.852 | 
     | addinc_add_7_30_g2468__1617 | A v -> Y ^      | sky130_fd_sc_hd__nand2_1  | 0.084 |   0.926 |    0.936 | 
     | addinc_add_7_30_g2466__6783 | A ^ -> Y v      | sky130_fd_sc_hd__nand2_2  | 0.062 |   0.988 |    0.998 | 
     | addinc_add_7_30_g2465__5526 | A v -> Y ^      | sky130_fd_sc_hd__nand2_1  | 0.079 |   1.066 |    1.076 | 
     | addinc_add_7_30_g2463__4319 | A ^ -> Y v      | sky130_fd_sc_hd__nand2_2  | 0.059 |   1.125 |    1.135 | 
     | addinc_add_7_30_g2462__6260 | A v -> Y ^      | sky130_fd_sc_hd__nand2_1  | 0.079 |   1.203 |    1.214 | 
     | addinc_add_7_30_g2460__2398 | A ^ -> Y v      | sky130_fd_sc_hd__nand2_2  | 0.059 |   1.263 |    1.273 | 
     | addinc_add_7_30_g2459__5477 | A v -> Y ^      | sky130_fd_sc_hd__nand2_1  | 0.077 |   1.340 |    1.350 | 
     | addinc_add_7_30_g2457__7410 | A ^ -> Y v      | sky130_fd_sc_hd__nand2_2  | 0.065 |   1.405 |    1.415 | 
     | addinc_add_7_30_g2456__1666 | A v -> Y ^      | sky130_fd_sc_hd__nand2_2  | 0.069 |   1.474 |    1.485 | 
     | addinc_add_7_30_g2454__2883 | A ^ -> Y v      | sky130_fd_sc_hd__nand2_2  | 0.069 |   1.543 |    1.553 | 
     | addinc_add_7_30_g2452__9945 | A v -> Y ^      | sky130_fd_sc_hd__nand2_1  | 0.077 |   1.620 |    1.630 | 
     | addinc_add_7_30_g2448__7482 | A ^ -> Y v      | sky130_fd_sc_hd__nand2_1  | 0.075 |   1.695 |    1.705 | 
     | addinc_add_7_30_g2446__1881 | A1 v -> X v     | sky130_fd_sc_hd__a21o_1   | 0.184 |   1.879 |    1.889 | 
     | addinc_add_7_30_g2441__1705 | A v -> Y ^      | sky130_fd_sc_hd__nand2_1  | 0.062 |   1.941 |    1.951 | 
     | addinc_add_7_30_g2439__1617 | A ^ -> Y v      | sky130_fd_sc_hd__nand2_1  | 0.069 |   2.010 |    2.020 | 
     | addinc_add_7_30_g2438__3680 | A v -> Y ^      | sky130_fd_sc_hd__nand2_1  | 0.069 |   2.079 |    2.089 | 
     | addinc_add_7_30_g2436__5526 | A ^ -> Y v      | sky130_fd_sc_hd__nand2_1  | 0.072 |   2.151 |    2.161 | 
     | addinc_add_7_30_g2435__8428 | A v -> Y ^      | sky130_fd_sc_hd__nand2_1  | 0.070 |   2.220 |    2.230 | 
     | addinc_add_7_30_g2433__6260 | A ^ -> Y v      | sky130_fd_sc_hd__nand2_1  | 0.100 |   2.320 |    2.331 | 
     | addinc_add_7_30_g2430__2398 | A1 v -> X v     | sky130_fd_sc_hd__a31o_1   | 0.255 |   2.575 |    2.586 | 
     | addinc_add_7_30_g2420__6161 | A1 v -> X v     | sky130_fd_sc_hd__a31o_2   | 0.271 |   2.847 |    2.857 | 
     | addinc_add_7_30_g2411__5122 | A1 v -> Y ^     | sky130_fd_sc_hd__a31oi_4  | 0.170 |   3.017 |    3.027 | 
     | addinc_add_7_30_g2406__6783 | A2 ^ -> Y v     | sky130_fd_sc_hd__o21ai_2  | 0.090 |   3.107 |    3.118 | 
     | addinc_add_7_30_g2405       | A v -> Y ^      | sky130_fd_sc_hd__clkinv_1 | 0.058 |   3.166 |    3.176 | 
     | addinc_add_7_30_g2403__8428 | A2 ^ -> Y v     | sky130_fd_sc_hd__o21ai_1  | 0.066 |   3.232 |    3.242 | 
     | addinc_add_7_30_g2402       | A v -> Y ^      | sky130_fd_sc_hd__clkinv_1 | 0.074 |   3.307 |    3.317 | 
     | addinc_add_7_30_g2400__6260 | A2 ^ -> Y v     | sky130_fd_sc_hd__o21ai_1  | 0.071 |   3.378 |    3.388 | 
     | addinc_add_7_30_g2399__5107 | CIN v -> COUT v | sky130_fd_sc_hd__fa_2     | 0.345 |   3.723 |    3.733 | 
     | addinc_add_7_30_g2398__2398 | CI v -> SUM ^   | sky130_fd_sc_hd__fah_1    | 0.616 |   4.339 |    4.349 | 
     |                             | S[31] ^         |                           | 0.001 |   4.340 |    4.350 | 
     +--------------------------------------------------------------------------------------------------------+ 

