============================================================
  Generated by:           Genus(TM) Synthesis Solution 23.12-s086_1
  Generated on:           Apr 07 2025  02:23:53 pm
  Module:                 ripple_carry_adder_16bits
  Operating conditions:   tt_025C_1v80 
  Interconnect mode:      global
  Area mode:              physical library
============================================================

         Instance              Module       Cell-Count  Cell-Area  Net-Area   Total-Area 
-----------------------------------------------------------------------------------------
ripple_carry_adder_16bits NA                       162   1308.755   798.922     2107.677 
  F1A                     full_adder                 6     40.038    16.882       56.920 
  full_adder_loop[10].FA  full_adder_15_24           6     71.318    13.575       84.893 
  full_adder_loop[11].FA  full_adder_15_25           6     76.323    13.575       89.898 
  full_adder_loop[12].FA  full_adder_15_26           7     83.830    20.275      104.106 
  full_adder_loop[13].FA  full_adder_15_27          11     82.579    33.850      116.430 
  full_adder_loop[14].FA  full_adder_15_28           9     87.584    25.410      112.994 
  full_adder_loop[15].FA  full_adder_15             10     83.830    28.803      112.634 
  full_adder_loop[1].FA   full_adder_15_15          14     93.840    47.338      141.178 
  full_adder_loop[2].FA   full_adder_15_16          11     77.574    37.157      114.732 
  full_adder_loop[3].FA   full_adder_15_17           9     76.323    25.410      101.733 
  full_adder_loop[4].FA   full_adder_15_18           7     65.062    16.969       82.031 
  full_adder_loop[5].FA   full_adder_15_19           7     68.816    16.969       85.785 
  full_adder_loop[6].FA   full_adder_15_20           7     65.062    16.969       82.031 
  full_adder_loop[7].FA   full_adder_15_21           6     71.318    13.575       84.893 
  full_adder_loop[8].FA   full_adder_15_22           6     67.565    13.575       81.140 
  full_adder_loop[9].FA   full_adder_15_23           6     70.067    13.575       83.642 
