============================================================
  Generated by:           Genus(TM) Synthesis Solution 23.12-s086_1
  Generated on:           Apr 07 2025  02:23:53 pm
  Module:                 ripple_carry_adder_16bits
  Operating conditions:   tt_025C_1v80 
  Interconnect mode:      global
  Area mode:              physical library
============================================================

Timing
-------
  Cost    Critical           Violating 
 Group   Path Slack   TNS      Paths   
---------------------------------------
default       -34.2   -43.4          2 
---------------------------------------
Total                 -43.4          2 

Instance Count
--------------
Leaf Instance Count             162 
Physical Instance count           0 
Sequential Instance Count         0 
Combinational Instance Count    162 
Hierarchical Instance Count      16 

Area
----
Cell Area                          1308.755
Physical Cell Area                 0.000
Total Cell Area (Cell+Physical)    1308.755
Net Area                           798.922
Total Area (Cell+Physical+Net)     2107.677

Max Fanout                         3 (carry[13])
Min Fanout                         1 (Cout)
Average Fanout                     1.4
Terms to net ratio                 2.2010
Terms to instance ratio            2.6358
Runtime                            25.892887 seconds
Elapsed Runtime                    26 seconds
Genus peak memory usage            1897.14 
Innovus peak memory usage          no_value 
Hostname                           cadmicro-inf-el8-623207
