============================================================
  Generated by:           Genus(TM) Synthesis Solution 23.12-s086_1
  Generated on:           Apr 07 2025  04:54:39 pm
  Module:                 carry_bypass8_32bits
  Operating conditions:   tt_025C_1v80 
  Interconnect mode:      global
  Area mode:              physical library
============================================================

Timing
-------
  Cost    Critical         Violating 
 Group   Path Slack  TNS     Paths   
-------------------------------------
default         0.0   0.0          0 
-------------------------------------
Total                 0.0          0 

Instance Count
--------------
Leaf Instance Count             349 
Physical Instance count           0 
Sequential Instance Count         0 
Combinational Instance Count    349 
Hierarchical Instance Count      36 

Area
----
Cell Area                          2544.941
Physical Cell Area                 0.000
Total Cell Area (Cell+Physical)    2544.941
Net Area                           1806.776
Total Area (Cell+Physical+Net)     4351.717

Max Fanout                         4 (n_1)
Min Fanout                         1 (Cout)
Average Fanout                     1.6
Terms to net ratio                 2.3720
Terms to instance ratio            2.8138
Runtime                            16.58877 seconds
Elapsed Runtime                    17 seconds
Genus peak memory usage            1894.24 
Innovus peak memory usage          no_value 
Hostname                           cadmicro-inf-el8-623207
