============================================================
  Generated by:           Genus(TM) Synthesis Solution 23.12-s086_1
  Generated on:           Apr 07 2025  04:54:39 pm
  Module:                 carry_bypass8_32bits
  Operating conditions:   tt_025C_1v80 
  Interconnect mode:      global
  Area mode:              physical library
============================================================


Path 1: MET (0 ps) Path Delay Check
     Startpoint: (F) A[0]
       Endpoint: (F) Cout

                   Capture    Launch  
      Path Delay:+    4571         -  
      Drv Adjust:+       0         0  
         Arrival:=    4571            
                                      
   Required Time:=    4571            
       Data Path:-    4571            
           Slack:=       0            

Exceptions/Constraints:
  max_delay             4571            constraints.sdc_line_1 

#--------------------------------------------------------------------------------------------------------------------------------
#            Timing Point              Flags    Arc    Edge            Cell             Fanout Load Trans Delay Arrival Instance 
#                                                                                              (fF)  (ps)  (ps)   (ps)  Location 
#--------------------------------------------------------------------------------------------------------------------------------
  A[0]                                 -       -       F     (arrival)                       1  8.0  1000     0       0    (-,-) 
  g21/X                                -       A->X    F     sky130_fd_sc_hd__buf_8          4 19.2    55   424     424    (-,-) 
  BPS1/FA1/g194__6260/Y                -       A->Y    R     sky130_fd_sc_hd__nor2_4         1  6.0    72   104     528    (-,-) 
  BPS1/FA1/g191__2398/Y                -       A2->Y   F     sky130_fd_sc_hd__o21ai_2        2  7.8    49    65     593    (-,-) 
  BPS1/FA2/g124__3680/Y                -       A->Y    R     sky130_fd_sc_hd__nand2_2        1  5.9    51    60     653    (-,-) 
  BPS1/FA2/g122__5526/Y                -       A->Y    F     sky130_fd_sc_hd__nand2_2        2  7.8    42    54     707    (-,-) 
  BPS1/FA3/g124__7098/Y                -       A->Y    R     sky130_fd_sc_hd__nand2_2        1  5.9    51    57     764    (-,-) 
  BPS1/FA3/g122__5122/Y                -       A->Y    F     sky130_fd_sc_hd__nand2_2        2  7.8    42    54     818    (-,-) 
  BPS1/FA4/g124__6161/Y                -       A->Y    R     sky130_fd_sc_hd__nand2_2        1  5.9    51    57     876    (-,-) 
  BPS1/FA4/g122__7482/Y                -       A->Y    F     sky130_fd_sc_hd__nand2_2        2  7.8    42    54     929    (-,-) 
  BPS1/FA5/g124__7410/Y                -       A->Y    R     sky130_fd_sc_hd__nand2_2        1  5.9    51    57     987    (-,-) 
  BPS1/FA5/g122__2346/Y                -       A->Y    F     sky130_fd_sc_hd__nand2_2        2  7.8    43    54    1040    (-,-) 
  BPS1/FA6/g124__4319/Y                -       A->Y    R     sky130_fd_sc_hd__nand2_2        1  5.9    51    57    1098    (-,-) 
  BPS1/FA6/g122__5107/Y                -       A->Y    F     sky130_fd_sc_hd__nand2_2        2  7.8    42    54    1152    (-,-) 
  BPS1/FA7/g124__2802/Y                -       A->Y    R     sky130_fd_sc_hd__nand2_2        1  5.9    51    57    1209    (-,-) 
  BPS1/FA7/g122__3680/Y                -       A->Y    F     sky130_fd_sc_hd__nand2_2        2  7.8    42    54    1263    (-,-) 
  BPS1/FA8/g124__1881/Y                -       A->Y    R     sky130_fd_sc_hd__nand2_2        1  5.9    51    57    1320    (-,-) 
  BPS1/FA8/g122__7098/Y                -       A->Y    F     sky130_fd_sc_hd__nand2_2        1  5.6    35    48    1368    (-,-) 
  BPS1/g367__6161/Y                    -       A->Y    R     sky130_fd_sc_hd__nand2_2        1  5.9    51    54    1422    (-,-) 
  BPS1/g2__5107/Y                      -       A->Y    F     sky130_fd_sc_hd__nand2_2        3 10.0    50    60    1482    (-,-) 
  bypass_loop[1].BPS2/FA1/g124__3680/Y -       A->Y    R     sky130_fd_sc_hd__nand2_2        1  5.9    52    61    1542    (-,-) 
  bypass_loop[1].BPS2/FA1/g122__5526/Y -       A->Y    F     sky130_fd_sc_hd__nand2_2        2  7.8    42    54    1597    (-,-) 
  bypass_loop[1].BPS2/FA2/g124__7098/Y -       A->Y    R     sky130_fd_sc_hd__nand2_2        1  5.9    51    57    1654    (-,-) 
  bypass_loop[1].BPS2/FA2/g122__5122/Y -       A->Y    F     sky130_fd_sc_hd__nand2_2        2  7.8    42    54    1708    (-,-) 
  bypass_loop[1].BPS2/FA3/g124__6161/Y -       A->Y    R     sky130_fd_sc_hd__nand2_2        1  5.9    51    57    1765    (-,-) 
  bypass_loop[1].BPS2/FA3/g122__7482/Y -       A->Y    F     sky130_fd_sc_hd__nand2_2        2  7.8    42    54    1819    (-,-) 
  bypass_loop[1].BPS2/FA4/g124__7410/Y -       A->Y    R     sky130_fd_sc_hd__nand2_2        1  5.9    51    57    1876    (-,-) 
  bypass_loop[1].BPS2/FA4/g122__2346/Y -       A->Y    F     sky130_fd_sc_hd__nand2_2        2  7.8    42    54    1930    (-,-) 
  bypass_loop[1].BPS2/FA5/g124__4319/Y -       A->Y    R     sky130_fd_sc_hd__nand2_2        1  5.9    51    57    1987    (-,-) 
  bypass_loop[1].BPS2/FA5/g122__5107/Y -       A->Y    F     sky130_fd_sc_hd__nand2_2        2  7.8    42    54    2041    (-,-) 
  bypass_loop[1].BPS2/FA6/g124__2802/Y -       A->Y    R     sky130_fd_sc_hd__nand2_2        1  5.9    51    57    2098    (-,-) 
  bypass_loop[1].BPS2/FA6/g122__3680/Y -       A->Y    F     sky130_fd_sc_hd__nand2_2        2  7.8    42    54    2152    (-,-) 
  bypass_loop[1].BPS2/FA7/g124__1881/Y -       A->Y    R     sky130_fd_sc_hd__nand2_2        1  5.9    51    57    2209    (-,-) 
  bypass_loop[1].BPS2/FA7/g122__7098/Y -       A->Y    F     sky130_fd_sc_hd__nand2_2        2  7.8    42    54    2263    (-,-) 
  bypass_loop[1].BPS2/FA8/g124__9945/Y -       A->Y    R     sky130_fd_sc_hd__nand2_2        1  5.9    51    57    2320    (-,-) 
  bypass_loop[1].BPS2/FA8/g122__6161/Y -       A->Y    F     sky130_fd_sc_hd__nand2_2        1  5.6    35    48    2368    (-,-) 
  bypass_loop[1].BPS2/g392__7410/Y     -       A2_N->Y F     sky130_fd_sc_hd__o2bb2ai_2      3  9.8    58   128    2496    (-,-) 
  bypass_loop[2].BPS2/FA1/g124__5122/Y -       A->Y    R     sky130_fd_sc_hd__nand2_2        1  5.9    52    64    2560    (-,-) 
  bypass_loop[2].BPS2/FA1/g122__2802/Y -       A->Y    F     sky130_fd_sc_hd__nand2_2        2  7.8    42    54    2614    (-,-) 
  bypass_loop[2].BPS2/FA2/g124__7482/Y -       A->Y    R     sky130_fd_sc_hd__nand2_2        1  5.9    51    57    2672    (-,-) 
  bypass_loop[2].BPS2/FA2/g122__1881/Y -       A->Y    F     sky130_fd_sc_hd__nand2_2        2  7.8    42    54    2726    (-,-) 
  bypass_loop[2].BPS2/FA3/g124__2346/Y -       A->Y    R     sky130_fd_sc_hd__nand2_2        1  5.9    51    57    2783    (-,-) 
  bypass_loop[2].BPS2/FA3/g122__9945/Y -       A->Y    F     sky130_fd_sc_hd__nand2_2        2  7.8    42    54    2837    (-,-) 
  bypass_loop[2].BPS2/FA4/g124__2398/Y -       A->Y    R     sky130_fd_sc_hd__nand2_2        1  5.9    51    57    2894    (-,-) 
  bypass_loop[2].BPS2/FA4/g122__5477/Y -       A->Y    F     sky130_fd_sc_hd__nand2_2        2  7.8    42    54    2948    (-,-) 
  bypass_loop[2].BPS2/FA5/g124__5526/Y -       A->Y    R     sky130_fd_sc_hd__nand2_2        1  5.9    51    57    3005    (-,-) 
  bypass_loop[2].BPS2/FA5/g122__8428/Y -       A->Y    F     sky130_fd_sc_hd__nand2_2        2  7.8    42    54    3059    (-,-) 
  bypass_loop[2].BPS2/FA6/g124__1705/Y -       A->Y    R     sky130_fd_sc_hd__nand2_2        1  5.9    51    57    3116    (-,-) 
  bypass_loop[2].BPS2/FA6/g122__2802/Y -       A->Y    F     sky130_fd_sc_hd__nand2_2        2  7.8    42    54    3170    (-,-) 
  bypass_loop[2].BPS2/FA7/g124__1881/Y -       A->Y    R     sky130_fd_sc_hd__nand2_2        1  5.9    51    57    3227    (-,-) 
  bypass_loop[2].BPS2/FA7/g122__6131/Y -       A->Y    F     sky130_fd_sc_hd__nand2_2        2  7.8    42    54    3281    (-,-) 
  bypass_loop[2].BPS2/FA8/g124__9315/Y -       A->Y    R     sky130_fd_sc_hd__nand2_2        1  5.9    51    57    3338    (-,-) 
  bypass_loop[2].BPS2/FA8/g122__6161/Y -       A->Y    F     sky130_fd_sc_hd__nand2_2        1  5.6    35    48    3386    (-,-) 
  bypass_loop[2].BPS2/g393__7410/Y     -       A->Y    R     sky130_fd_sc_hd__nand2_2        1 10.6    81    71    3457    (-,-) 
  bypass_loop[2].BPS2/g392__1666/Y     -       B->Y    F     sky130_fd_sc_hd__nand2b_4       3 14.0    54    70    3526    (-,-) 
  bypass_loop[3].BPS2/FA1/g124__8246/Y -       A->Y    R     sky130_fd_sc_hd__nand2_4        1 10.1    52    63    3590    (-,-) 
  bypass_loop[3].BPS2/FA1/g122__1705/Y -       A->Y    F     sky130_fd_sc_hd__nand2_4        2 11.8    38    50    3640    (-,-) 
  bypass_loop[3].BPS2/FA2/g124__4733/Y -       A->Y    R     sky130_fd_sc_hd__nand2_4        1 10.1    52    57    3697    (-,-) 
  bypass_loop[3].BPS2/FA2/g122__5115/Y -       A->Y    F     sky130_fd_sc_hd__nand2_4        2 11.8    38    50    3747    (-,-) 
  bypass_loop[3].BPS2/FA3/g124__1666/Y -       A->Y    R     sky130_fd_sc_hd__nand2_4        1 10.1    52    57    3804    (-,-) 
  bypass_loop[3].BPS2/FA3/g122__2883/Y -       A->Y    F     sky130_fd_sc_hd__nand2_4        2 11.8    38    50    3854    (-,-) 
  bypass_loop[3].BPS2/FA4/g124__6260/Y -       A->Y    R     sky130_fd_sc_hd__nand2_4        1 10.1    52    57    3911    (-,-) 
  bypass_loop[3].BPS2/FA4/g122__2398/Y -       A->Y    F     sky130_fd_sc_hd__nand2_4        2 11.8    38    50    3961    (-,-) 
  bypass_loop[3].BPS2/FA5/g124__1617/Y -       A->Y    R     sky130_fd_sc_hd__nand2_4        1 10.1    52    57    4018    (-,-) 
  bypass_loop[3].BPS2/FA5/g122__6783/Y -       A->Y    F     sky130_fd_sc_hd__nand2_4        2 11.8    38    50    4068    (-,-) 
  bypass_loop[3].BPS2/FA6/g124__6131/Y -       A->Y    R     sky130_fd_sc_hd__nand2_4        1 10.1    52    57    4124    (-,-) 
  bypass_loop[3].BPS2/FA6/g122__8246/Y -       A->Y    F     sky130_fd_sc_hd__nand2_4        2 12.4    39    51    4176    (-,-) 
  bypass_loop[3].BPS2/FA7/g126__9945/Y -       A->Y    R     sky130_fd_sc_hd__nand2_4        1 10.1    52    57    4233    (-,-) 
  bypass_loop[3].BPS2/FA7/g122__4733/Y -       A->Y    F     sky130_fd_sc_hd__nand2_4        3 15.3    45    56    4289    (-,-) 
  bypass_loop[3].BPS2/FA8/g126__5107/Y -       A->Y    R     sky130_fd_sc_hd__nand2_4        1  5.9    41    51    4339    (-,-) 
  bypass_loop[3].BPS2/FA8/g122__6417/Y -       A->Y    F     sky130_fd_sc_hd__nand2_2        1  5.6    34    44    4384    (-,-) 
  bypass_loop[3].BPS2/g401__6783/Y     -       A->Y    R     sky130_fd_sc_hd__nand2_2        1 10.1    78    69    4452    (-,-) 
  bypass_loop[3].BPS2/g2__4733/Y       -       A->Y    F     sky130_fd_sc_hd__nand2_4        1 51.3   118   118    4571    (-,-) 
  Cout                                 -       -       F     (port)                          -    -     -     0    4571    (-,-) 
#--------------------------------------------------------------------------------------------------------------------------------

