============================================================
  Generated by:           Genus(TM) Synthesis Solution 23.12-s086_1
  Generated on:           Apr 07 2025  04:54:39 pm
  Module:                 carry_bypass8_32bits
  Operating conditions:   tt_025C_1v80 
  Interconnect mode:      global
  Area mode:              physical library
============================================================

       Instance           Module     Cell-Count  Cell-Area  Net-Area   Total-Area 
----------------------------------------------------------------------------------
carry_bypass8_32bits  NA                    349   2544.941  1806.777     4351.717 
  BPS1                bypass8                73    524.253   233.733      757.986 
    FA1               full_adder              6     48.797    15.228       64.025 
    FA2               full_adder_96           9     52.550    23.756       76.307 
    FA3               full_adder_95           9     52.550    23.756       76.307 
    FA4               full_adder_94           7     50.048    16.969       67.017 
    FA5               full_adder_93           7     50.048    16.969       67.017 
    FA6               full_adder_92           7     50.048    16.969       67.017 
    FA7               full_adder_91           7     50.048    16.969       67.017 
    FA8               full_adder_90           7     50.048    16.969       67.017 
  bypass_loop[1].BPS2 bypass8_7              70    523.002   220.245      743.247 
    FA1               full_adder_89           7     47.546    16.969       64.514 
    FA2               full_adder_88           7     50.048    16.969       67.017 
    FA3               full_adder_87           7     50.048    16.969       67.017 
    FA4               full_adder_86           7     50.048    16.969       67.017 
    FA5               full_adder_85           7     50.048    16.969       67.017 
    FA6               full_adder_84           7     50.048    16.969       67.017 
    FA7               full_adder_83           7     50.048    16.969       67.017 
    FA8               full_adder_82           7     50.048    16.969       67.017 
  bypass_loop[2].BPS2 bypass8_6              65    529.258   203.277      732.534 
    FA1               full_adder_81           7     47.546    16.969       64.514 
    FA2               full_adder_80           7     50.048    16.969       67.017 
    FA3               full_adder_79           7     50.048    16.969       67.017 
    FA4               full_adder_78           6     52.550    13.575       66.125 
    FA5               full_adder_77           6     52.550    13.575       66.125 
    FA6               full_adder_76           6     52.550    13.575       66.125 
    FA7               full_adder_75           6     52.550    13.575       66.125 
    FA8               full_adder_74           6     52.550    13.575       66.125 
  bypass_loop[3].BPS2 bypass8_5              71    686.909   240.173      927.081 
    FA1               full_adder_73           6     67.565    13.575       81.140 
    FA2               full_adder_72           6     67.565    13.575       81.140 
    FA3               full_adder_71           6     72.570    13.575       86.145 
    FA4               full_adder_70           7     66.314    20.275       86.589 
    FA5               full_adder_69           7     80.077    20.275      100.352 
    FA6               full_adder_68           7     67.565    20.275       87.840 
    FA7               full_adder_67           8     75.072    23.669       98.741 
    FA8               full_adder_66           9     68.816    25.410       94.226 
