============================================================
  Generated by:           Genus(TM) Synthesis Solution 23.12-s086_1
  Generated on:           Apr 07 2025  04:18:38 pm
  Module:                 han_carlson_32bits
  Operating conditions:   tt_025C_1v80 
  Interconnect mode:      global
  Area mode:              physical library
============================================================

Timing
-------
  Cost    Critical         Violating 
 Group   Path Slack  TNS     Paths   
-------------------------------------
default         0.8   0.0          0 
-------------------------------------
Total                 0.0          0 

Instance Count
--------------
Leaf Instance Count             424 
Physical Instance count           0 
Sequential Instance Count         0 
Combinational Instance Count    424 
Hierarchical Instance Count     368 

Area
----
Cell Area                          2874.006
Physical Cell Area                 0.000
Total Cell Area (Cell+Physical)    2874.006
Net Area                           2353.953
Total Area (Cell+Physical+Net)     5227.959

Max Fanout                         20 (n_66)
Min Fanout                         1 (C[0])
Average Fanout                     1.9
Terms to net ratio                 2.7117
Terms to instance ratio            3.1274
Runtime                            15.856879 seconds
Elapsed Runtime                    16 seconds
Genus peak memory usage            1893.83 
Innovus peak memory usage          no_value 
Hostname                           cadmicro-inf-el8-623207
