============================================================
  Generated by:           Genus(TM) Synthesis Solution 23.12-s086_1
  Generated on:           Apr 07 2025  05:46:02 pm
  Module:                 carry_select_adder_8888_32bits
  Operating conditions:   tt_025C_1v80 
  Interconnect mode:      global
  Area mode:              physical library
============================================================


Path 1: VIOLATED (-21 ps) Path Delay Check
     Startpoint: (F) B[1]
       Endpoint: (R) S[24]

                   Capture    Launch  
      Path Delay:+    1810         -  
      Drv Adjust:+       0         0  
         Arrival:=    1810            
                                      
   Required Time:=    1810            
       Data Path:-    1831            
           Slack:=     -21            

Exceptions/Constraints:
  max_delay             1810            constraints.sdc_line_1 

#-----------------------------------------------------------------------------------------------------------------------------------
#               Timing Point                 Flags   Arc   Edge           Cell             Fanout Load Trans Delay Arrival Instance 
#                                                                                                 (fF)  (ps)  (ps)   (ps)  Location 
#-----------------------------------------------------------------------------------------------------------------------------------
  B[1]                                       -       -     F     (arrival)                      1  3.3  1000     0       0    (-,-) 
  g5625/X                                    -       A->X  F     sky130_fd_sc_hd__clkbuf_1      1  6.1    64   328     328    (-,-) 
  RCA_LSB/full_adder_loop[1].FA/g134/Y       -       A->Y  R     sky130_fd_sc_hd__clkinv_2      2 11.1    49    67     395    (-,-) 
  RCA_LSB/full_adder_loop[1].FA/g126__4733/Y -       B->Y  F     sky130_fd_sc_hd__nand2_2       1  9.6    49    64     459    (-,-) 
  RCA_LSB/full_adder_loop[1].FA/g15/Y        -       A->Y  R     sky130_fd_sc_hd__nand2_4       1 10.1    52    61     520    (-,-) 
  RCA_LSB/full_adder_loop[1].FA/g14/Y        -       A->Y  F     sky130_fd_sc_hd__nand2_4       2 11.8    38    50     570    (-,-) 
  RCA_LSB/full_adder_loop[2].FA/g124__2883/Y -       A->Y  R     sky130_fd_sc_hd__nand2_4       1 10.1    52    56     627    (-,-) 
  RCA_LSB/full_adder_loop[2].FA/g122__9315/Y -       A->Y  F     sky130_fd_sc_hd__nand2_4       2 11.8    38    50     677    (-,-) 
  RCA_LSB/full_adder_loop[3].FA/g124__5477/Y -       A->Y  R     sky130_fd_sc_hd__nand2_4       1 10.1    52    56     734    (-,-) 
  RCA_LSB/full_adder_loop[3].FA/g122__6417/Y -       A->Y  F     sky130_fd_sc_hd__nand2_4       2 11.8    38    50     784    (-,-) 
  RCA_LSB/full_adder_loop[4].FA/g124__5526/Y -       A->Y  R     sky130_fd_sc_hd__nand2_4       1 10.1    52    56     840    (-,-) 
  RCA_LSB/full_adder_loop[4].FA/g122__4319/Y -       A->Y  F     sky130_fd_sc_hd__nand2_4       2 11.8    38    50     891    (-,-) 
  RCA_LSB/full_adder_loop[5].FA/g124__1705/Y -       A->Y  R     sky130_fd_sc_hd__nand2_4       1 10.1    52    56     947    (-,-) 
  RCA_LSB/full_adder_loop[5].FA/g122__1617/Y -       A->Y  F     sky130_fd_sc_hd__nand2_4       2 11.8    38    50     998    (-,-) 
  RCA_LSB/full_adder_loop[6].FA/g124__1881/Y -       A->Y  R     sky130_fd_sc_hd__nand2_4       1 10.1    52    56    1054    (-,-) 
  RCA_LSB/full_adder_loop[6].FA/g122__7098/Y -       A->Y  F     sky130_fd_sc_hd__nand2_4       2 11.8    38    50    1104    (-,-) 
  RCA_LSB/full_adder_loop[7].FA/g124__9315/Y -       A->Y  R     sky130_fd_sc_hd__nand2_4       1 10.1    52    56    1161    (-,-) 
  RCA_LSB/full_adder_loop[7].FA/g122__4733/Y -       A->Y  F     sky130_fd_sc_hd__nand2_4       6 28.3    70    75    1236    (-,-) 
  g102/Y                                     -       A->Y  R     sky130_fd_sc_hd__clkinv_2      1 10.1    47    66    1302    (-,-) 
  g22/Y                                      -       A->Y  F     sky130_fd_sc_hd__nand2_4       1  9.6    34    45    1348    (-,-) 
  g21/Y                                      -       A->Y  R     sky130_fd_sc_hd__nand2_4       3 18.3    75    72    1419    (-,-) 
  g60/Y                                      -       A->Y  F     sky130_fd_sc_hd__nand2_4       1  9.6    38    52    1471    (-,-) 
  g56/Y                                      -       A->Y  R     sky130_fd_sc_hd__nand2_4       9 27.8   101    92    1564    (-,-) 
  g12/Y                                      -       A->Y  F     sky130_fd_sc_hd__nand2_1       1  9.7    82    99    1663    (-,-) 
  g11/Y                                      -       B->Y  R     sky130_fd_sc_hd__nand2_4       1 51.3   165   168    1831    (-,-) 
  S[24]                                      <<<     -     R     (port)                         -    -     -     0    1831    (-,-) 
#-----------------------------------------------------------------------------------------------------------------------------------

