============================================================
  Generated by:           Genus(TM) Synthesis Solution 23.12-s086_1
  Generated on:           Apr 07 2025  05:46:02 pm
  Module:                 carry_select_adder_8888_32bits
  Operating conditions:   tt_025C_1v80 
  Interconnect mode:      global
  Area mode:              physical library
============================================================

           Instance                         Module              Cell-Count  Cell-Area  Net-Area   Total-Area 
-------------------------------------------------------------------------------------------------------------
carry_select_adder_8888_32bits NA                                      553   4037.622  2709.860     6747.483 
  CSA_BLOCKS[1].RCA_C0         ripple_carry_adder_WIDTH8_5_231          64    455.437   216.416      671.853 
    F1A                        full_adder_24_228                         4     22.522    10.094       32.616 
    full_adder_loop[1].FA      full_adder_219                           11     70.067    37.157      107.224 
    full_adder_loop[2].FA      full_adder_218                           11     60.058    37.157       97.215 
    full_adder_loop[3].FA      full_adder_217                            9     58.806    23.756       82.563 
    full_adder_loop[4].FA      full_adder_216                            7     60.058    16.969       77.026 
    full_adder_loop[5].FA      full_adder_215                            7     60.058    16.969       77.026 
    full_adder_loop[6].FA      full_adder_214                            7     60.058    16.969       77.026 
    full_adder_loop[7].FA      full_adder_213                            8     63.811    22.016       85.827 
  CSA_BLOCKS[1].RCA_C1         ripple_carry_adder_WIDTH8_6_233          62    505.485   207.976      713.460 
    F1A                        full_adder_32_230                         4     30.029    10.094       40.123 
    full_adder_loop[1].FA      full_adder_212                           10     81.328    33.763      115.091 
    full_adder_loop[2].FA      full_adder_211                           11     77.574    37.157      114.732 
    full_adder_loop[3].FA      full_adder_210                            9     66.314    23.756       90.070 
    full_adder_loop[4].FA      full_adder_209                            7     65.062    16.969       82.031 
    full_adder_loop[5].FA      full_adder_208                            7     65.062    16.969       82.031 
    full_adder_loop[6].FA      full_adder_207                            7     65.062    16.969       82.031 
    full_adder_loop[7].FA      full_adder_206                            7     55.053    16.969       72.022 
  CSA_BLOCKS[2].RCA_C0         ripple_carry_adder_WIDTH8_5_232          53    342.829   177.519      520.348 
    F1A                        full_adder_24                             4     23.773    10.094       33.867 
    full_adder_loop[1].FA      full_adder_205                           10     56.304    33.763       90.067 
    full_adder_loop[2].FA      full_adder_204                            9     51.299    27.063       78.362 
    full_adder_loop[3].FA      full_adder_203                            6     40.038    13.575       53.613 
    full_adder_loop[4].FA      full_adder_202                            6     37.536    13.575       51.111 
    full_adder_loop[5].FA      full_adder_201                            6     40.038    13.575       53.613 
    full_adder_loop[6].FA      full_adder_200                            5     42.541    13.575       56.116 
    full_adder_loop[7].FA      full_adder_199                            7     51.299    16.969       68.268 
  CSA_BLOCKS[2].RCA_C1         ripple_carry_adder_WIDTH8_6_234          48    377.862   155.590      533.452 
    F1A                        full_adder_32                             4     22.522     8.441       30.962 
    full_adder_loop[1].FA      full_adder_198                            7     47.546    23.582       71.128 
    full_adder_loop[2].FA      full_adder_197                            5     42.541    13.575       56.116 
    full_adder_loop[3].FA      full_adder_196                            7     50.048    16.969       67.017 
    full_adder_loop[4].FA      full_adder_195                            7     55.053    16.969       72.022 
    full_adder_loop[5].FA      full_adder_194                            6     56.304    13.575       69.879 
    full_adder_loop[6].FA      full_adder_193                            6     50.048    13.575       63.623 
    full_adder_loop[7].FA      full_adder_192                            6     53.802    13.575       67.377 
  CSA_BLOCKS[3].RCA_C0         ripple_carry_adder_WIDTH8_5              41    327.814   136.968      464.782 
    F1A                        full_adder_24_227                         4     20.019    10.094       30.113 
    full_adder_loop[1].FA      full_adder_191                           11     58.806    37.157       95.964 
    full_adder_loop[2].FA      full_adder_190                            6     46.294    13.575       59.869 
    full_adder_loop[3].FA      full_adder_189                            6     43.792    13.575       57.367 
    full_adder_loop[4].FA      full_adder_188                            6     40.038    13.575       53.613 
    full_adder_loop[5].FA      full_adder_187                            6     51.299    16.969       68.268 
    full_adder_loop[6].FA      full_adder_186                            1     33.782     0.000       33.782 
    full_adder_loop[7].FA      full_adder_185                            1     33.782     0.000       33.782 
  CSA_BLOCKS[3].RCA_C1         ripple_carry_adder_WIDTH8_6              42    350.336   145.409      495.745 
    F1A                        full_adder_32_229                         5     23.773    13.488       37.261 
    full_adder_loop[1].FA      full_adder_184                           10     58.806    33.763       92.570 
    full_adder_loop[2].FA      full_adder_183                            6     46.294    13.575       59.869 
    full_adder_loop[3].FA      full_adder_182                            6     53.802    13.575       67.377 
    full_adder_loop[4].FA      full_adder_181                            5     58.806    13.575       72.381 
    full_adder_loop[5].FA      full_adder_180                            5     40.038    13.575       53.613 
    full_adder_loop[6].FA      full_adder_179                            4     35.034    10.181       45.215 
    full_adder_loop[7].FA      full_adder_178                            1     33.782     0.000       33.782 
  RCA_LSB                      ripple_carry_adder_WIDTH8                68    600.576   231.645      832.221 
    F1A                        full_adder                               14     87.584    45.685      133.269 
    full_adder_loop[1].FA      full_adder_226                           11     78.826    37.157      115.983 
    full_adder_loop[2].FA      full_adder_225                           11     77.574    37.157      114.732 
    full_adder_loop[3].FA      full_adder_224                            7     71.318    16.969       88.287 
    full_adder_loop[4].FA      full_adder_223                            6     67.565    13.575       81.140 
    full_adder_loop[5].FA      full_adder_222                            6     70.067    13.575       83.642 
    full_adder_loop[6].FA      full_adder_221                            6     72.570    13.575       86.145 
    full_adder_loop[7].FA      full_adder_220                            7     75.072    18.622       93.694 
