============================================================
  Generated by:           Genus(TM) Synthesis Solution 23.12-s086_1
  Generated on:           Apr 07 2025  05:46:02 pm
  Module:                 carry_select_adder_8888_32bits
  Operating conditions:   tt_025C_1v80 
  Interconnect mode:      global
  Area mode:              physical library
============================================================

Timing
-------
  Cost    Critical            Violating 
 Group   Path Slack    TNS      Paths   
----------------------------------------
default       -21.0   -149.1          9 
----------------------------------------
Total                 -149.1          9 

Instance Count
--------------
Leaf Instance Count             553 
Physical Instance count           0 
Sequential Instance Count         0 
Combinational Instance Count    553 
Hierarchical Instance Count      63 

Area
----
Cell Area                          4037.622
Physical Cell Area                 0.000
Total Cell Area (Cell+Physical)    4037.622
Net Area                           2709.861
Total Area (Cell+Physical+Net)     6747.483

Max Fanout                         16 (n_1)
Min Fanout                         1 (C0[3])
Average Fanout                     1.6
Terms to net ratio                 2.4290
Terms to instance ratio            2.7541
Runtime                            28.521337 seconds
Elapsed Runtime                    29 seconds
Genus peak memory usage            1901.02 
Innovus peak memory usage          no_value 
Hostname                           cadmicro-inf-el8-623207
