============================================================
  Generated by:           Genus(TM) Synthesis Solution 23.12-s086_1
  Generated on:           Apr 07 2025  05:23:19 pm
  Module:                 carry_skip4_32bits
  Operating conditions:   tt_025C_1v80 
  Interconnect mode:      global
  Area mode:              physical library
============================================================


Path 1: VIOLATED (-3 ps) Path Delay Check
     Startpoint: (F) A[0]
       Endpoint: (F) Cout

                   Capture    Launch  
      Path Delay:+    4730         -  
      Drv Adjust:+       0         0  
         Arrival:=    4730            
                                      
   Required Time:=    4730            
       Data Path:-    4733            
           Slack:=      -3            

Exceptions/Constraints:
  max_delay             4730            constraints.sdc_line_1 

#-----------------------------------------------------------------------------------------------------------------------------
#            Timing Point              Flags   Arc   Edge           Cell             Fanout Load Trans Delay Arrival Instance 
#                                                                                           (fF)  (ps)  (ps)   (ps)  Location 
#-----------------------------------------------------------------------------------------------------------------------------
  A[0]                                 -       -     F     (arrival)                      1  8.0  1000     0       0    (-,-) 
  g59/X                                -       A->X  F     sky130_fd_sc_hd__buf_8         4 20.7    56   425     425    (-,-) 
  CSKIP1/FA1/g194__6260/Y              -       A->Y  R     sky130_fd_sc_hd__nor2_4        1  6.0    72   105     530    (-,-) 
  CSKIP1/FA1/g191__2398/Y              -       A2->Y F     sky130_fd_sc_hd__o21ai_2       2 11.8    62    77     607    (-,-) 
  CSKIP1/FA2/g14/Y                     -       A->Y  R     sky130_fd_sc_hd__nand2_4       1 10.1    52    67     674    (-,-) 
  CSKIP1/FA2/g122__5526/Y              -       A->Y  F     sky130_fd_sc_hd__nand2_4       2 11.8    38    50     724    (-,-) 
  CSKIP1/FA3/g124__7098/Y              -       A->Y  R     sky130_fd_sc_hd__nand2_4       1 10.1    52    56     780    (-,-) 
  CSKIP1/FA3/g122__5122/Y              -       A->Y  F     sky130_fd_sc_hd__nand2_4       2 11.8    38    50     831    (-,-) 
  CSKIP1/FA4/g124__6161/Y              -       A->Y  R     sky130_fd_sc_hd__nand2_4       1 10.1    52    56     887    (-,-) 
  CSKIP1/FA4/g122__7482/Y              -       A->Y  F     sky130_fd_sc_hd__nand2_4       1 10.8    36    49     936    (-,-) 
  CSKIP1/g61/Y                         -       A->Y  R     sky130_fd_sc_hd__clkinv_4      1 10.1    29    42     978    (-,-) 
  CSKIP1/g55/Y                         -       A->Y  F     sky130_fd_sc_hd__nand2_4       3 14.0    43    46    1024    (-,-) 
  skip_loop[1].CSKIP2/FA1/g124__8428/Y -       A->Y  R     sky130_fd_sc_hd__nand2_4       1 10.1    52    59    1083    (-,-) 
  skip_loop[1].CSKIP2/FA1/g122__6260/Y -       A->Y  F     sky130_fd_sc_hd__nand2_4       2 11.8    38    50    1134    (-,-) 
  skip_loop[1].CSKIP2/FA2/g124__1705/Y -       A->Y  R     sky130_fd_sc_hd__nand2_4       1 10.1    52    56    1190    (-,-) 
  skip_loop[1].CSKIP2/FA2/g122__1617/Y -       A->Y  F     sky130_fd_sc_hd__nand2_4       2 11.8    38    50    1240    (-,-) 
  skip_loop[1].CSKIP2/FA3/g124__5115/Y -       A->Y  R     sky130_fd_sc_hd__nand2_4       1 10.1    52    56    1297    (-,-) 
  skip_loop[1].CSKIP2/FA3/g122__6131/Y -       A->Y  F     sky130_fd_sc_hd__nand2_4       2 11.8    38    50    1347    (-,-) 
  skip_loop[1].CSKIP2/FA4/g124__2883/Y -       A->Y  R     sky130_fd_sc_hd__nand2_4       1 10.1    52    56    1404    (-,-) 
  skip_loop[1].CSKIP2/FA4/g122__9315/Y -       A->Y  F     sky130_fd_sc_hd__nand2_4       1  9.9    35    47    1451    (-,-) 
  skip_loop[1].CSKIP2/g37/Y            -       A->Y  R     sky130_fd_sc_hd__inv_4         1 10.1    37    49    1500    (-,-) 
  skip_loop[1].CSKIP2/g159/Y           -       A->Y  F     sky130_fd_sc_hd__nand2_4       3 14.0    41    49    1549    (-,-) 
  skip_loop[2].CSKIP2/FA1/g124__3680/Y -       A->Y  R     sky130_fd_sc_hd__nand2_4       1 10.1    52    58    1607    (-,-) 
  skip_loop[2].CSKIP2/FA1/g122__5526/Y -       A->Y  F     sky130_fd_sc_hd__nand2_4       2 11.8    38    50    1657    (-,-) 
  skip_loop[2].CSKIP2/FA2/g124__7098/Y -       A->Y  R     sky130_fd_sc_hd__nand2_4       1 10.1    52    56    1714    (-,-) 
  skip_loop[2].CSKIP2/FA2/g122__5122/Y -       A->Y  F     sky130_fd_sc_hd__nand2_4       2 11.8    38    50    1764    (-,-) 
  skip_loop[2].CSKIP2/FA3/g124__6161/Y -       A->Y  R     sky130_fd_sc_hd__nand2_4       1 10.1    52    56    1820    (-,-) 
  skip_loop[2].CSKIP2/FA3/g122__7482/Y -       A->Y  F     sky130_fd_sc_hd__nand2_4       2 11.8    38    50    1871    (-,-) 
  skip_loop[2].CSKIP2/FA4/g124__7410/Y -       A->Y  R     sky130_fd_sc_hd__nand2_4       1 10.1    52    56    1927    (-,-) 
  skip_loop[2].CSKIP2/FA4/g122__2346/Y -       A->Y  F     sky130_fd_sc_hd__nand2_4       1  9.9    35    47    1974    (-,-) 
  skip_loop[2].CSKIP2/g37/Y            -       A->Y  R     sky130_fd_sc_hd__inv_4         1 10.1    37    49    2023    (-,-) 
  skip_loop[2].CSKIP2/g159/Y           -       A->Y  F     sky130_fd_sc_hd__nand2_4       3 14.0    41    49    2072    (-,-) 
  skip_loop[3].CSKIP2/FA1/g124__1705/Y -       A->Y  R     sky130_fd_sc_hd__nand2_4       1 10.1    52    58    2130    (-,-) 
  skip_loop[3].CSKIP2/FA1/g122__1617/Y -       A->Y  F     sky130_fd_sc_hd__nand2_4       2 11.8    38    50    2180    (-,-) 
  skip_loop[3].CSKIP2/FA2/g124__5115/Y -       A->Y  R     sky130_fd_sc_hd__nand2_4       1 10.1    52    56    2237    (-,-) 
  skip_loop[3].CSKIP2/FA2/g122__6131/Y -       A->Y  F     sky130_fd_sc_hd__nand2_4       2 11.8    38    50    2287    (-,-) 
  skip_loop[3].CSKIP2/FA3/g124__2883/Y -       A->Y  R     sky130_fd_sc_hd__nand2_4       1 10.1    52    56    2344    (-,-) 
  skip_loop[3].CSKIP2/FA3/g122__9315/Y -       A->Y  F     sky130_fd_sc_hd__nand2_4       2 11.8    38    50    2394    (-,-) 
  skip_loop[3].CSKIP2/FA4/g124__2398/Y -       A->Y  R     sky130_fd_sc_hd__nand2_4       1 10.1    52    56    2450    (-,-) 
  skip_loop[3].CSKIP2/FA4/g122__6417/Y -       A->Y  F     sky130_fd_sc_hd__nand2_4       1  9.9    35    47    2498    (-,-) 
  skip_loop[3].CSKIP2/g15/Y            -       A->Y  R     sky130_fd_sc_hd__inv_4         1 10.1    37    49    2546    (-,-) 
  skip_loop[3].CSKIP2/g13/Y            -       A->Y  F     sky130_fd_sc_hd__nand2_4       3 14.0    41    49    2595    (-,-) 
  skip_loop[4].CSKIP2/FA1/g124__7098/Y -       A->Y  R     sky130_fd_sc_hd__nand2_4       1 10.1    52    58    2653    (-,-) 
  skip_loop[4].CSKIP2/FA1/g122__5122/Y -       A->Y  F     sky130_fd_sc_hd__nand2_4       2 11.8    38    50    2704    (-,-) 
  skip_loop[4].CSKIP2/FA2/g124__6161/Y -       A->Y  R     sky130_fd_sc_hd__nand2_4       1 10.1    52    56    2760    (-,-) 
  skip_loop[4].CSKIP2/FA2/g122__7482/Y -       A->Y  F     sky130_fd_sc_hd__nand2_4       2 11.8    38    50    2810    (-,-) 
  skip_loop[4].CSKIP2/FA3/g124__7410/Y -       A->Y  R     sky130_fd_sc_hd__nand2_4       1 10.1    52    56    2867    (-,-) 
  skip_loop[4].CSKIP2/FA3/g122__2346/Y -       A->Y  F     sky130_fd_sc_hd__nand2_4       2 11.8    38    50    2917    (-,-) 
  skip_loop[4].CSKIP2/FA4/g124__4319/Y -       A->Y  R     sky130_fd_sc_hd__nand2_4       1 10.1    52    56    2974    (-,-) 
  skip_loop[4].CSKIP2/FA4/g122__5107/Y -       A->Y  F     sky130_fd_sc_hd__nand2_4       1 10.8    36    49    3022    (-,-) 
  skip_loop[4].CSKIP2/g74/Y            -       A->Y  R     sky130_fd_sc_hd__clkinv_4      1 10.1    29    42    3065    (-,-) 
  skip_loop[4].CSKIP2/g152__6783/Y     -       A->Y  F     sky130_fd_sc_hd__nand2_4       3 14.0    41    46    3111    (-,-) 
  skip_loop[5].CSKIP2/FA1/g124__6131/Y -       A->Y  R     sky130_fd_sc_hd__nand2_4       1 10.1    52    58    3169    (-,-) 
  skip_loop[5].CSKIP2/FA1/g122__7098/Y -       A->Y  F     sky130_fd_sc_hd__nand2_4       2 11.8    38    50    3219    (-,-) 
  skip_loop[5].CSKIP2/FA2/g124__6161/Y -       A->Y  R     sky130_fd_sc_hd__nand2_4       1 10.1    52    56    3276    (-,-) 
  skip_loop[5].CSKIP2/FA2/g122__4733/Y -       A->Y  F     sky130_fd_sc_hd__nand2_4       2 11.8    38    50    3326    (-,-) 
  skip_loop[5].CSKIP2/FA3/g124__1666/Y -       A->Y  R     sky130_fd_sc_hd__nand2_4       1 10.1    52    56    3382    (-,-) 
  skip_loop[5].CSKIP2/FA3/g122__2346/Y -       A->Y  F     sky130_fd_sc_hd__nand2_4       2 11.8    38    50    3433    (-,-) 
  skip_loop[5].CSKIP2/FA4/g124__6260/Y -       A->Y  R     sky130_fd_sc_hd__nand2_4       1  5.9    41    48    3481    (-,-) 
  skip_loop[5].CSKIP2/FA4/g122__2398/Y -       A->Y  F     sky130_fd_sc_hd__nand2_2       1  6.1    36    46    3526    (-,-) 
  skip_loop[5].CSKIP2/g74/Y            -       A->Y  R     sky130_fd_sc_hd__clkinv_2      1 10.1    43    52    3578    (-,-) 
  skip_loop[5].CSKIP2/g157__6783/Y     -       A->Y  F     sky130_fd_sc_hd__nand2_4       3 14.0    41    51    3629    (-,-) 
  skip_loop[6].CSKIP2/FA1/g124__1881/Y -       A->Y  R     sky130_fd_sc_hd__nand2_4       1 10.1    52    58    3687    (-,-) 
  skip_loop[6].CSKIP2/FA1/g122__7098/Y -       A->Y  F     sky130_fd_sc_hd__nand2_4       2 11.8    38    50    3738    (-,-) 
  skip_loop[6].CSKIP2/FA2/g124__9945/Y -       A->Y  R     sky130_fd_sc_hd__nand2_4       1 10.1    52    57    3794    (-,-) 
  skip_loop[6].CSKIP2/FA2/g122__6161/Y -       A->Y  F     sky130_fd_sc_hd__nand2_4       2 11.8    38    50    3845    (-,-) 
  skip_loop[6].CSKIP2/FA3/g124__5477/Y -       A->Y  R     sky130_fd_sc_hd__nand2_4       1 10.1    52    57    3901    (-,-) 
  skip_loop[6].CSKIP2/FA3/g122__7410/Y -       A->Y  F     sky130_fd_sc_hd__nand2_4       2 11.8    38    50    3952    (-,-) 
  skip_loop[6].CSKIP2/FA4/g124__5526/Y -       A->Y  R     sky130_fd_sc_hd__nand2_4       1  5.9    41    48    3999    (-,-) 
  skip_loop[6].CSKIP2/FA4/g122__4319/Y -       A->Y  F     sky130_fd_sc_hd__nand2_2       1  5.6    34    44    4044    (-,-) 
  skip_loop[6].CSKIP2/g79/Y            -       A->Y  R     sky130_fd_sc_hd__inv_2         1 10.1    53    59    4103    (-,-) 
  skip_loop[6].CSKIP2/g167__2802/Y     -       A->Y  F     sky130_fd_sc_hd__nand2_4       3 14.0    42    54    4157    (-,-) 
  skip_loop[7].CSKIP2/FA1/g124__4733/Y -       A->Y  R     sky130_fd_sc_hd__nand2_4       1 10.1    52    58    4215    (-,-) 
  skip_loop[7].CSKIP2/FA1/g122__5115/Y -       A->Y  F     sky130_fd_sc_hd__nand2_4       2 11.8    38    50    4265    (-,-) 
  skip_loop[7].CSKIP2/FA2/g126__6417/Y -       A->Y  R     sky130_fd_sc_hd__nand2_4       1 10.1    52    57    4322    (-,-) 
  skip_loop[7].CSKIP2/FA2/g122__2883/Y -       A->Y  F     sky130_fd_sc_hd__nand2_4       2 11.8    38    50    4372    (-,-) 
  skip_loop[7].CSKIP2/FA3/g127__6783/Y -       A->Y  R     sky130_fd_sc_hd__nand2_4       1 10.1    52    57    4429    (-,-) 
  skip_loop[7].CSKIP2/FA3/g123__6260/Y -       A->Y  F     sky130_fd_sc_hd__nand2_4       3 18.0    50    60    4489    (-,-) 
  skip_loop[7].CSKIP2/FA4/g127__7098/Y -       A->Y  R     sky130_fd_sc_hd__nand2_4       1 10.1    55    62    4550    (-,-) 
  skip_loop[7].CSKIP2/FA4/g123__1705/Y -       A->Y  F     sky130_fd_sc_hd__nand2_4       1 10.8    36    49    4600    (-,-) 
  skip_loop[7].CSKIP2/g79/Y            -       A->Y  R     sky130_fd_sc_hd__clkinv_4      1 18.7    44    54    4654    (-,-) 
  skip_loop[7].CSKIP2/g167__4733/Y     -       A->Y  F     sky130_fd_sc_hd__nand2_8       1 51.3    91    79    4733    (-,-) 
  Cout                                 -       -     F     (port)                         -    -     -     0    4733    (-,-) 
#-----------------------------------------------------------------------------------------------------------------------------

