    Hinst Name                               Module Name                     Inst Count           Total Area
---------------------------------------------------------------------------------------------------------
carry_select_adder_56678_32bits                                                     424             2910.291
  CSA_BLOCKS[1].RCA_C0                       ripple_carry_adder_WIDTH6               38              228.970
    CSA_BLOCKS[1].RCA_C0/F1A                 full_adder_32_230                        4               32.531
    CSA_BLOCKS[1].RCA_C0/full_adder_loop[1].FA full_adder_224                           8               43.792
    CSA_BLOCKS[1].RCA_C0/full_adder_loop[2].FA full_adder_223                           8               40.038
    CSA_BLOCKS[1].RCA_C0/full_adder_loop[3].FA full_adder_222                           6               40.038
    CSA_BLOCKS[1].RCA_C0/full_adder_loop[4].FA full_adder_221                           6               35.034
    CSA_BLOCKS[1].RCA_C0/full_adder_loop[5].FA full_adder_220                           6               37.536
  CSA_BLOCKS[1].RCA_C1                       ripple_carry_adder_WIDTH6_3_234         38              225.216
    CSA_BLOCKS[1].RCA_C1/F1A                 full_adder_38_231                        4               25.024
    CSA_BLOCKS[1].RCA_C1/full_adder_loop[1].FA full_adder_206                           8               45.043
    CSA_BLOCKS[1].RCA_C1/full_adder_loop[2].FA full_adder_205                           8               45.043
    CSA_BLOCKS[1].RCA_C1/full_adder_loop[3].FA full_adder_204                           6               40.038
    CSA_BLOCKS[1].RCA_C1/full_adder_loop[4].FA full_adder_203                           6               35.034
    CSA_BLOCKS[1].RCA_C1/full_adder_loop[5].FA full_adder_202                           6               35.034
  CSA_BLOCKS[2].RCA_C0                       ripple_carry_adder_WIDTH6_233           36              236.477
    CSA_BLOCKS[2].RCA_C0/F1A                 full_adder_32                            4               22.522
    CSA_BLOCKS[2].RCA_C0/full_adder_loop[1].FA full_adder_201                           8               43.792
    CSA_BLOCKS[2].RCA_C0/full_adder_loop[2].FA full_adder_200                           8               45.043
    CSA_BLOCKS[2].RCA_C0/full_adder_loop[3].FA full_adder_199                           6               37.536
    CSA_BLOCKS[2].RCA_C0/full_adder_loop[4].FA full_adder_198                           5               40.038
    CSA_BLOCKS[2].RCA_C0/full_adder_loop[5].FA full_adder_197                           5               47.546
  CSA_BLOCKS[2].RCA_C1                       ripple_carry_adder_WIDTH6_3             35              233.974
    CSA_BLOCKS[2].RCA_C1/F1A                 full_adder_38                            4               23.773
    CSA_BLOCKS[2].RCA_C1/full_adder_loop[1].FA full_adder_196                           8               45.043
    CSA_BLOCKS[2].RCA_C1/full_adder_loop[2].FA full_adder_195                           6               40.038
    CSA_BLOCKS[2].RCA_C1/full_adder_loop[3].FA full_adder_194                           6               40.038
    CSA_BLOCKS[2].RCA_C1/full_adder_loop[4].FA full_adder_193                           6               37.536
    CSA_BLOCKS[2].RCA_C1/full_adder_loop[5].FA full_adder_192                           5               47.546
  CSA_BLOCKS[3].RCA_C0                       ripple_carry_adder_WIDTH7               44              269.008
    CSA_BLOCKS[3].RCA_C0/F1A                 full_adder_11                            4               22.522
    CSA_BLOCKS[3].RCA_C0/full_adder_loop[1].FA full_adder_219                           8               46.294
    CSA_BLOCKS[3].RCA_C0/full_adder_loop[2].FA full_adder_218                           8               45.043
    CSA_BLOCKS[3].RCA_C0/full_adder_loop[3].FA full_adder_217                           6               40.038
    CSA_BLOCKS[3].RCA_C0/full_adder_loop[4].FA full_adder_216                           6               40.038
    CSA_BLOCKS[3].RCA_C0/full_adder_loop[5].FA full_adder_215                           6               37.536
    CSA_BLOCKS[3].RCA_C0/full_adder_loop[6].FA full_adder_214                           6               37.536
  CSA_BLOCKS[3].RCA_C1                       ripple_carry_adder_WIDTH7_1             46              275.264
    CSA_BLOCKS[3].RCA_C1/F1A                 full_adder_51_232                        4               30.029
    CSA_BLOCKS[3].RCA_C1/full_adder_loop[1].FA full_adder_191                           8               42.541
    CSA_BLOCKS[3].RCA_C1/full_adder_loop[2].FA full_adder_190                           8               45.043
    CSA_BLOCKS[3].RCA_C1/full_adder_loop[3].FA full_adder_189                           8               45.043
    CSA_BLOCKS[3].RCA_C1/full_adder_loop[4].FA full_adder_188                           6               40.038
    CSA_BLOCKS[3].RCA_C1/full_adder_loop[5].FA full_adder_187                           6               35.034
    CSA_BLOCKS[3].RCA_C1/full_adder_loop[6].FA full_adder_186                           6               37.536
  CSA_BLOCKS[4].RCA_C0                       ripple_carry_adder_WIDTH8               43              276.515
    CSA_BLOCKS[4].RCA_C0/F1A                 full_adder_11_229                        4               20.019
    CSA_BLOCKS[4].RCA_C0/full_adder_loop[1].FA full_adder_213                           8               40.038
    CSA_BLOCKS[4].RCA_C0/full_adder_loop[2].FA full_adder_212                           6               35.034
    CSA_BLOCKS[4].RCA_C0/full_adder_loop[3].FA full_adder_211                           6               35.034
    CSA_BLOCKS[4].RCA_C0/full_adder_loop[4].FA full_adder_210                           6               35.034
    CSA_BLOCKS[4].RCA_C0/full_adder_loop[5].FA full_adder_209                           5               40.038
    CSA_BLOCKS[4].RCA_C0/full_adder_loop[6].FA full_adder_208                           4               38.787
    CSA_BLOCKS[4].RCA_C0/full_adder_loop[7].FA full_adder_207                           4               32.531
  CSA_BLOCKS[4].RCA_C1                       ripple_carry_adder_WIDTH8_1             39              285.274
    CSA_BLOCKS[4].RCA_C1/F1A                 full_adder_51                            4               20.019
    CSA_BLOCKS[4].RCA_C1/full_adder_loop[1].FA full_adder_185                           8               42.541
    CSA_BLOCKS[4].RCA_C1/full_adder_loop[2].FA full_adder_184                           6               37.536
    CSA_BLOCKS[4].RCA_C1/full_adder_loop[3].FA full_adder_183                           6               37.536
    CSA_BLOCKS[4].RCA_C1/full_adder_loop[4].FA full_adder_182                           5               37.536
    CSA_BLOCKS[4].RCA_C1/full_adder_loop[5].FA full_adder_181                           5               40.038
    CSA_BLOCKS[4].RCA_C1/full_adder_loop[6].FA full_adder_180                           4               36.285
    CSA_BLOCKS[4].RCA_C1/full_adder_loop[7].FA full_adder_179                           1               33.782
  RCA_LSB                                    ripple_carry_adder_WIDTH5               31              240.230
    RCA_LSB/F1A                              full_adder                               7               65.062
    RCA_LSB/full_adder_loop[1].FA            full_adder_228                           8               45.043
    RCA_LSB/full_adder_loop[2].FA            full_adder_227                           6               40.038
    RCA_LSB/full_adder_loop[3].FA            full_adder_226                           5               42.541
    RCA_LSB/full_adder_loop[4].FA            full_adder_225                           5               47.546
