###############################################################
#  Generated by:      Cadence Innovus 23.32-s091_1
#  OS:                Linux x86_64(Host ID cadmicro-inf-el8-623207)
#  Generated on:      Mon Apr  7 18:33:14 2025
#  Design:            carry_select_adder_56678_32bits
#  Command:           report_timing > reports/report_timing.rpt
###############################################################
Path 1: MET Path Delay Check
Endpoint:   S[30] (^)
Beginpoint: B[17] (v) triggered by  leading edge of '@'
Path Groups: {default}
Analysis View: default_emulate_view
- External Delay                0.000
+ Path Delay                    1.872
= Required Time                 1.872
- Arrival Time                  1.872
= Slack Time                    0.000
     Clock Rise Edge                      0.000
     + Input Delay                        0.000
     = Beginpoint Arrival Time            0.000
     +--------------------------------------------------------------------------------------------------------------------------+ 
     |                      Instance                      |     Arc     |           Cell           | Delay | Arrival | Required | 
     |                                                    |             |                          |       |  Time   |   Time   | 
     |----------------------------------------------------+-------------+--------------------------+-------+---------+----------| 
     |                                                    | B[17] v     |                          |       |   0.000 |    0.000 | 
     | CSA_BLOCKS[3].RCA_C0/F1A/fopt39                    | A v -> Y ^  | sky130_fd_sc_hd__inv_2   | 0.308 |   0.308 |    0.308 | 
     | CSA_BLOCKS[3].RCA_C0/F1A/g34__7098                 | A ^ -> Y v  | sky130_fd_sc_hd__nor2_2  | 0.090 |   0.398 |    0.398 | 
     | CSA_BLOCKS[3].RCA_C0/full_adder_loop[1].FA/g123__7 | B v -> Y ^  | sky130_fd_sc_hd__nand2_2 | 0.076 |   0.474 |    0.475 | 
     | 482                                                |             |                          |       |         |          | 
     | CSA_BLOCKS[3].RCA_C0/full_adder_loop[1].FA/g121__1 | A ^ -> Y v  | sky130_fd_sc_hd__nand2_2 | 0.059 |   0.533 |    0.534 | 
     | 881                                                |             |                          |       |         |          | 
     | CSA_BLOCKS[3].RCA_C0/full_adder_loop[2].FA/g84__28 | A v -> Y ^  | sky130_fd_sc_hd__nand2_2 | 0.067 |   0.600 |    0.600 | 
     | 83                                                 |             |                          |       |         |          | 
     | CSA_BLOCKS[3].RCA_C0/full_adder_loop[2].FA/g82__99 | A ^ -> Y v  | sky130_fd_sc_hd__nand2_2 | 0.061 |   0.661 |    0.661 | 
     | 45                                                 |             |                          |       |         |          | 
     | CSA_BLOCKS[3].RCA_C0/full_adder_loop[3].FA/g84__51 | A v -> Y ^  | sky130_fd_sc_hd__nand2_2 | 0.067 |   0.728 |    0.728 | 
     | 07                                                 |             |                          |       |         |          | 
     | CSA_BLOCKS[3].RCA_C0/full_adder_loop[3].FA/g82__54 | A ^ -> Y v  | sky130_fd_sc_hd__nand2_2 | 0.059 |   0.787 |    0.788 | 
     | 77                                                 |             |                          |       |         |          | 
     | CSA_BLOCKS[3].RCA_C0/full_adder_loop[4].FA/g84__36 | A v -> Y ^  | sky130_fd_sc_hd__nand2_2 | 0.067 |   0.855 |    0.855 | 
     | 80                                                 |             |                          |       |         |          | 
     | CSA_BLOCKS[3].RCA_C0/full_adder_loop[4].FA/g82__55 | A ^ -> Y v  | sky130_fd_sc_hd__nand2_2 | 0.053 |   0.908 |    0.908 | 
     | 26                                                 |             |                          |       |         |          | 
     | CSA_BLOCKS[3].RCA_C0/full_adder_loop[5].FA/g81__70 | A v -> Y ^  | sky130_fd_sc_hd__nand2_1 | 0.076 |   0.984 |    0.985 | 
     | 98                                                 |             |                          |       |         |          | 
     | CSA_BLOCKS[3].RCA_C0/full_adder_loop[5].FA/g79__51 | A ^ -> Y v  | sky130_fd_sc_hd__nand2_2 | 0.059 |   1.043 |    1.044 | 
     | 22                                                 |             |                          |       |         |          | 
     | CSA_BLOCKS[3].RCA_C0/full_adder_loop[6].FA/g84__61 | A v -> Y ^  | sky130_fd_sc_hd__nand2_1 | 0.080 |   1.124 |    1.124 | 
     | 61                                                 |             |                          |       |         |          | 
     | CSA_BLOCKS[3].RCA_C0/full_adder_loop[6].FA/g82__74 | A ^ -> Y v  | sky130_fd_sc_hd__nand2_2 | 0.059 |   1.182 |    1.182 | 
     | 82                                                 |             |                          |       |         |          | 
     | g6795__9945                                        | A v -> Y ^  | sky130_fd_sc_hd__nand2_1 | 0.081 |   1.263 |    1.263 | 
     | g6791__7482                                        | B ^ -> Y v  | sky130_fd_sc_hd__nand2_2 | 0.068 |   1.331 |    1.331 | 
     | g6781__1617                                        | A v -> Y ^  | sky130_fd_sc_hd__nand2_4 | 0.078 |   1.409 |    1.410 | 
     | g6774__5107                                        | B ^ -> Y v  | sky130_fd_sc_hd__nand2_8 | 0.115 |   1.524 |    1.524 | 
     | g6770__7410                                        | B v -> Y ^  | sky130_fd_sc_hd__nor2_1  | 0.151 |   1.675 |    1.675 | 
     | g6744__5477                                        | B1 ^ -> X ^ | sky130_fd_sc_hd__a21o_4  | 0.196 |   1.871 |    1.871 | 
     |                                                    | S[30] ^     |                          | 0.001 |   1.872 |    1.872 | 
     +--------------------------------------------------------------------------------------------------------------------------+ 

