============================================================
  Generated by:           Genus(TM) Synthesis Solution 23.12-s086_1
  Generated on:           Apr 07 2025  07:09:31 pm
  Module:                 carry_select_adder_461012_32bits
  Operating conditions:   tt_025C_1v80 
  Interconnect mode:      global
  Area mode:              physical library
============================================================

Timing
-------
  Cost    Critical         Violating 
 Group   Path Slack  TNS     Paths   
-------------------------------------
default         0.0   0.0          0 
-------------------------------------
Total                 0.0          0 

Instance Count
--------------
Leaf Instance Count             559 
Physical Instance count           0 
Sequential Instance Count         0 
Combinational Instance Count    559 
Hierarchical Instance Count      67 

Area
----
Cell Area                          3784.880
Physical Cell Area                 0.000
Total Cell Area (Cell+Physical)    3784.880
Net Area                           2765.988
Total Area (Cell+Physical+Net)     6550.868

Max Fanout                         13 (n_224)
Min Fanout                         1 (C0[1])
Average Fanout                     1.6
Terms to net ratio                 2.4712
Terms to instance ratio            2.7674
Runtime                            18.512954 seconds
Elapsed Runtime                    20 seconds
Genus peak memory usage            1892.48 
Innovus peak memory usage          no_value 
Hostname                           cadmicro-inf-el8-623207
