============================================================
  Generated by:           Genus(TM) Synthesis Solution 23.12-s086_1
  Generated on:           Apr 07 2025  07:09:31 pm
  Module:                 carry_select_adder_461012_32bits
  Operating conditions:   tt_025C_1v80 
  Interconnect mode:      global
  Area mode:              physical library
============================================================

            Instance                        Module             Cell-Count  Cell-Area  Net-Area   Total-Area 
------------------------------------------------------------------------------------------------------------
carry_select_adder_461012_32bits NA                                   559   3784.880  2765.988     6550.868 
  CSA_BLOCKS[1].RCA_C0           ripple_carry_adder_WIDTH6             34    215.206   103.205      318.411 
    F1A                          full_adder_4                           4     22.522    10.094       32.616 
    full_adder_loop[1].FA        full_adder_227                         6     37.536    13.575       51.111 
    full_adder_loop[2].FA        full_adder_226                         6     40.038    13.575       53.613 
    full_adder_loop[3].FA        full_adder_225                         6     37.536    13.575       51.111 
    full_adder_loop[4].FA        full_adder_224                         6     40.038    13.575       53.613 
    full_adder_loop[5].FA        full_adder_223                         6     37.536    13.575       51.111 
  CSA_BLOCKS[1].RCA_C1           ripple_carry_adder_WIDTH6_1           34    215.206   103.205      318.411 
    F1A                          full_adder_48_233                      4     20.019    10.094       30.113 
    full_adder_loop[1].FA        full_adder_202                         6     37.536    15.228       52.764 
    full_adder_loop[2].FA        full_adder_201                         6     40.038    13.575       53.613 
    full_adder_loop[3].FA        full_adder_200                         6     40.038    13.575       53.613 
    full_adder_loop[4].FA        full_adder_199                         6     37.536    13.575       51.111 
    full_adder_loop[5].FA        full_adder_198                         6     40.038    13.575       53.613 
  CSA_BLOCKS[2].RCA_C0           ripple_carry_adder_WIDTH10            82    571.798   283.943      855.742 
    F1A                          full_adder_4_232                       4     22.522    10.094       32.616 
    full_adder_loop[1].FA        full_adder_222                        10     61.309    33.763       95.072 
    full_adder_loop[2].FA        full_adder_221                        11     57.555    37.157       94.712 
    full_adder_loop[3].FA        full_adder_220                         8     53.802    20.362       74.164 
    full_adder_loop[4].FA        full_adder_219                         7     50.048    16.969       67.017 
    full_adder_loop[5].FA        full_adder_218                         7     55.053    16.969       72.022 
    full_adder_loop[6].FA        full_adder_217                         9     67.565    27.063       94.628 
    full_adder_loop[7].FA        full_adder_216                         9     67.565    27.063       94.628 
    full_adder_loop[8].FA        full_adder_215                         9     67.565    27.063       94.628 
    full_adder_loop[9].FA        full_adder_214                         8     68.816    22.016       90.832 
  CSA_BLOCKS[2].RCA_C1           ripple_carry_adder_WIDTH10_1          77    549.277   257.054      806.331 
    F1A                          full_adder_48_234                      4     22.522    10.094       32.616 
    full_adder_loop[1].FA        full_adder_197                        11     70.067    37.157      107.224 
    full_adder_loop[2].FA        full_adder_196                        11     60.058    37.157       97.215 
    full_adder_loop[3].FA        full_adder_195                         8     53.802    20.362       74.164 
    full_adder_loop[4].FA        full_adder_194                         7     50.048    16.969       67.017 
    full_adder_loop[5].FA        full_adder_193                         7     50.048    16.969       67.017 
    full_adder_loop[6].FA        full_adder_192                         7     50.048    16.969       67.017 
    full_adder_loop[7].FA        full_adder_191                         7     60.058    16.969       77.026 
    full_adder_loop[8].FA        full_adder_190                         7     60.058    16.969       77.026 
    full_adder_loop[9].FA        full_adder_189                         8     72.570    22.016       94.585 
  CSA_BLOCKS[3].RCA_C0           ripple_carry_adder_WIDTH12            91    604.330   307.699      912.029 
    F1A                          full_adder_4_231                       4     22.522    10.094       32.616 
    full_adder_loop[10].FA       full_adder_204                         6     51.299    15.228       66.528 
    full_adder_loop[11].FA       full_adder_203                         6     57.555    13.575       71.130 
    full_adder_loop[1].FA        full_adder_213                        11     62.560    37.157       99.717 
    full_adder_loop[2].FA        full_adder_212                        11     58.806    37.157       95.964 
    full_adder_loop[3].FA        full_adder_211                         8     47.546    20.362       67.908 
    full_adder_loop[4].FA        full_adder_210                         7     50.048    16.969       67.017 
    full_adder_loop[5].FA        full_adder_209                         8     51.299    22.016       73.315 
    full_adder_loop[6].FA        full_adder_208                         8     51.299    22.016       73.315 
    full_adder_loop[7].FA        full_adder_207                         8     51.299    22.016       73.315 
    full_adder_loop[8].FA        full_adder_206                         7     46.294    16.969       63.263 
    full_adder_loop[9].FA        full_adder_205                         7     53.802    16.969       70.770 
  CSA_BLOCKS[3].RCA_C1           ripple_carry_adder_WIDTH12_1          90    579.306   292.732      872.038 
    F1A                          full_adder_48                          4     25.024    10.094       35.118 
    full_adder_loop[10].FA       full_adder_179                         6     52.550    13.575       66.125 
    full_adder_loop[11].FA       full_adder_178                         6     57.555    13.575       71.130 
    full_adder_loop[1].FA        full_adder_188                        11     53.802    37.157       90.959 
    full_adder_loop[2].FA        full_adder_187                        10     53.802    30.457       84.258 
    full_adder_loop[3].FA        full_adder_186                        11     57.555    30.544       88.099 
    full_adder_loop[4].FA        full_adder_185                         7     41.290    16.969       58.258 
    full_adder_loop[5].FA        full_adder_184                         7     43.792    16.969       60.761 
    full_adder_loop[6].FA        full_adder_183                         7     45.043    16.969       62.012 
    full_adder_loop[7].FA        full_adder_182                         7     43.792    16.969       60.761 
    full_adder_loop[8].FA        full_adder_181                         7     48.797    16.969       65.766 
    full_adder_loop[9].FA        full_adder_180                         7     56.304    16.969       73.273 
  RCA_LSB                        ripple_carry_adder_WIDTH4             21    152.646    74.314      226.961 
    F1A                          full_adder                             6     33.782    15.228       49.011 
    full_adder_loop[1].FA        full_adder_230                         7     41.290    23.582       64.872 
    full_adder_loop[2].FA        full_adder_229                         4     35.034    10.181       45.215 
    full_adder_loop[3].FA        full_adder_228                         4     42.541    10.181       52.722 
