============================================================
  Generated by:           Genus(TM) Synthesis Solution 23.12-s086_1
  Generated on:           Apr 07 2025  07:01:32 pm
  Module:                 carry_select_adder_68810_32bits
  Operating conditions:   tt_025C_1v80 
  Interconnect mode:      global
  Area mode:              physical library
============================================================

Timing
-------
  Cost    Critical            Violating 
 Group   Path Slack    TNS      Paths   
----------------------------------------
default       -19.5   -177.0         10 
----------------------------------------
Total                 -177.0         10 

Instance Count
--------------
Leaf Instance Count             583 
Physical Instance count           0 
Sequential Instance Count         0 
Combinational Instance Count    583 
Hierarchical Instance Count      65 

Area
----
Cell Area                          4120.202
Physical Cell Area                 0.000
Total Cell Area (Cell+Physical)    4120.202
Net Area                           2846.306
Total Area (Cell+Physical+Net)     6966.508

Max Fanout                         12 (C_mid[0])
Min Fanout                         1 (C0[3])
Average Fanout                     1.6
Terms to net ratio                 2.4421
Terms to instance ratio            2.7479
Runtime                            32.497772 seconds
Elapsed Runtime                    35 seconds
Genus peak memory usage            1901.18 
Innovus peak memory usage          no_value 
Hostname                           cadmicro-inf-el8-623207
