============================================================
  Generated by:           Genus(TM) Synthesis Solution 23.12-s086_1
  Generated on:           Apr 07 2025  07:01:32 pm
  Module:                 carry_select_adder_68810_32bits
  Operating conditions:   tt_025C_1v80 
  Interconnect mode:      global
  Area mode:              physical library
============================================================

            Instance                         Module              Cell-Count  Cell-Area  Net-Area   Total-Area 
--------------------------------------------------------------------------------------------------------------
carry_select_adder_68810_32bits NA                                      583   4120.202  2846.306     6966.508 
  CSA_BLOCKS[1].RCA_C0          ripple_carry_adder_WIDTH8                69    516.746   241.652      758.398 
    F1A                         full_adder_32_225                         4     22.522    10.094       32.616 
    full_adder_loop[1].FA       full_adder_219                           11     65.062    37.157      102.220 
    full_adder_loop[2].FA       full_adder_218                           11     77.574    37.157      114.732 
    full_adder_loop[3].FA       full_adder_217                            9     68.816    23.756       92.572 
    full_adder_loop[4].FA       full_adder_216                            7     65.062    16.969       82.031 
    full_adder_loop[5].FA       full_adder_215                            9     72.570    27.063       99.633 
    full_adder_loop[6].FA       full_adder_214                            9     72.570    27.063       99.633 
    full_adder_loop[7].FA       full_adder_213                            9     72.570    27.063       99.633 
  CSA_BLOCKS[1].RCA_C1          ripple_carry_adder_WIDTH8_3_228          67    477.958   224.944      702.903 
    F1A                         full_adder_40_226                         5     27.526    13.488       41.014 
    full_adder_loop[1].FA       full_adder_203                           12     72.570    40.551      113.120 
    full_adder_loop[2].FA       full_adder_202                           11     70.067    37.157      107.224 
    full_adder_loop[3].FA       full_adder_201                           11     67.565    30.544       98.108 
    full_adder_loop[4].FA       full_adder_200                            7     60.058    16.969       77.026 
    full_adder_loop[5].FA       full_adder_199                            7     60.058    16.969       77.026 
    full_adder_loop[6].FA       full_adder_198                            7     60.058    16.969       77.026 
    full_adder_loop[7].FA       full_adder_197                            7     60.058    16.969       77.026 
  CSA_BLOCKS[2].RCA_C0          ripple_carry_adder_WIDTH8_227            62    456.688   208.063      664.751 
    F1A                         full_adder_32                             4     25.024     6.787       31.811 
    full_adder_loop[1].FA       full_adder_196                           10     63.811    33.763       97.575 
    full_adder_loop[2].FA       full_adder_195                           11     65.062    37.157      102.220 
    full_adder_loop[3].FA       full_adder_194                            9     65.062    23.756       88.819 
    full_adder_loop[4].FA       full_adder_193                            7     60.058    16.969       77.026 
    full_adder_loop[5].FA       full_adder_192                            7     57.555    16.969       74.524 
    full_adder_loop[6].FA       full_adder_191                            7     60.058    20.362       80.420 
    full_adder_loop[7].FA       full_adder_190                            7     60.058    16.969       77.026 
  CSA_BLOCKS[2].RCA_C1          ripple_carry_adder_WIDTH8_3              62    447.930   214.763      662.693 
    F1A                         full_adder_40                             4     22.522    10.094       32.616 
    full_adder_loop[1].FA       full_adder_189                           10     63.811    33.763       97.575 
    full_adder_loop[2].FA       full_adder_188                           11     57.555    37.157       94.712 
    full_adder_loop[3].FA       full_adder_187                            9     58.806    23.756       82.563 
    full_adder_loop[4].FA       full_adder_186                            7     60.058    16.969       77.026 
    full_adder_loop[5].FA       full_adder_185                            7     61.309    20.362       81.671 
    full_adder_loop[6].FA       full_adder_184                            7     58.806    20.362       79.169 
    full_adder_loop[7].FA       full_adder_183                            7     65.062    16.969       82.031 
  CSA_BLOCKS[3].RCA_C0          ripple_carry_adder_WIDTH10               64    455.437   219.810      675.247 
    F1A                         full_adder_14                             4     26.275    10.094       36.369 
    full_adder_loop[1].FA       full_adder_212                           10     56.304    33.763       90.067 
    full_adder_loop[2].FA       full_adder_211                            8     47.546    22.016       69.561 
    full_adder_loop[3].FA       full_adder_210                            6     41.290    13.575       54.865 
    full_adder_loop[4].FA       full_adder_209                            6     41.290    13.575       54.865 
    full_adder_loop[5].FA       full_adder_208                            6     43.792    13.575       57.367 
    full_adder_loop[6].FA       full_adder_207                            6     52.550    16.969       69.519 
    full_adder_loop[7].FA       full_adder_206                            6     57.555    16.969       74.524 
    full_adder_loop[8].FA       full_adder_205                            6     45.043    13.575       58.618 
    full_adder_loop[9].FA       full_adder_204                            6     43.792    18.622       62.414 
  CSA_BLOCKS[3].RCA_C1          ripple_carry_adder_WIDTH10_1             61    447.930   201.275      649.205 
    F1A                         full_adder_48                             4     23.773    10.094       33.867 
    full_adder_loop[1].FA       full_adder_182                           10     52.550    33.763       86.314 
    full_adder_loop[2].FA       full_adder_181                            7     48.797    16.969       65.766 
    full_adder_loop[3].FA       full_adder_180                            6     43.792    13.575       57.367 
    full_adder_loop[4].FA       full_adder_179                            6     40.038    13.575       53.613 
    full_adder_loop[5].FA       full_adder_178                            6     40.038    13.575       53.613 
    full_adder_loop[6].FA       full_adder_177                            6     40.038    13.575       53.613 
    full_adder_loop[7].FA       full_adder_176                            6     57.555    16.969       74.524 
    full_adder_loop[8].FA       full_adder_175                            5     56.304    10.181       66.485 
    full_adder_loop[9].FA       full_adder_174                            5     45.043    13.575       58.618 
  RCA_LSB                       ripple_carry_adder_WIDTH6                45    320.307   148.803      469.110 
    F1A                         full_adder                               10     62.560    32.110       94.670 
    full_adder_loop[1].FA       full_adder_224                           11     56.304    37.157       93.461 
    full_adder_loop[2].FA       full_adder_223                            7     43.792    16.969       60.761 
    full_adder_loop[3].FA       full_adder_222                            6     40.038    13.575       53.613 
    full_adder_loop[4].FA       full_adder_221                            5     46.294    10.181       56.476 
    full_adder_loop[5].FA       full_adder_220                            6     71.318    13.575       84.893 
