    Hinst Name                       Module Name                     Inst Count           Total Area
-------------------------------------------------------------------------------------------------
carry_increment_32bits                                                      385             2992.870
  RCA1                               ripple_carry_adder_WIDTH4               23              190.182
    RCA1/F1A                         full_adder                               4               53.802
    RCA1/full_adder_loop[1].FA       full_adder_91                            8               45.043
    RCA1/full_adder_loop[2].FA       full_adder_90                            6               40.038
    RCA1/full_adder_loop[3].FA       full_adder_89                            5               51.299
  RCAS[1].RCA2                       ripple_carry_adder_WIDTH4_7_98          30              188.931
    RCAS[1].RCA2/F1A                 full_adder_24_93                         5               23.773
    RCAS[1].RCA2/full_adder_loop[1].FA full_adder_88                            8               61.309
    RCAS[1].RCA2/full_adder_loop[2].FA full_adder_87                            8               51.299
    RCAS[1].RCA2/full_adder_loop[3].FA full_adder_86                            9               52.550
  RCAS[2].RCA2                       ripple_carry_adder_WIDTH4_7_99          27              148.893
    RCAS[2].RCA2/F1A                 full_adder_24_94                         4               18.768
    RCAS[2].RCA2/full_adder_loop[1].FA full_adder_85                            8               45.043
    RCAS[2].RCA2/full_adder_loop[2].FA full_adder_84                            6               37.536
    RCAS[2].RCA2/full_adder_loop[3].FA full_adder_83                            9               47.546
  RCAS[3].RCA2                       ripple_carry_adder_WIDTH4_7_100         26              207.699
    RCAS[3].RCA2/F1A                 full_adder_24_95                         4               23.773
    RCAS[3].RCA2/full_adder_loop[1].FA full_adder_82                           10               63.811
    RCAS[3].RCA2/full_adder_loop[2].FA full_adder_81                            6               48.797
    RCAS[3].RCA2/full_adder_loop[3].FA full_adder_80                            6               71.318
  RCAS[4].RCA2                       ripple_carry_adder_WIDTH4_7_101         27              216.458
    RCAS[4].RCA2/F1A                 full_adder_24_96                         4               27.526
    RCAS[4].RCA2/full_adder_loop[1].FA full_adder_79                            7               67.565
    RCAS[4].RCA2/full_adder_loop[2].FA full_adder_78                            8               63.811
    RCAS[4].RCA2/full_adder_loop[3].FA full_adder_77                            8               57.555
  RCAS[5].RCA2                       ripple_carry_adder_WIDTH4_7_102         27              241.482
    RCAS[5].RCA2/F1A                 full_adder_24_97                         5               31.280
    RCAS[5].RCA2/full_adder_loop[1].FA full_adder_76                            8               65.062
    RCAS[5].RCA2/full_adder_loop[2].FA full_adder_75                            8               83.830
    RCAS[5].RCA2/full_adder_loop[3].FA full_adder_74                            6               61.309
  RCAS[6].RCA2                       ripple_carry_adder_WIDTH4_7_103         24              208.950
    RCAS[6].RCA2/F1A                 full_adder_24                            3               26.275
    RCAS[6].RCA2/full_adder_loop[1].FA full_adder_73                            8               70.067
    RCAS[6].RCA2/full_adder_loop[2].FA full_adder_72                            8               71.318
    RCAS[6].RCA2/full_adder_loop[3].FA full_adder_71                            5               41.290
  RCAS[7].RCA2                       ripple_carry_adder_WIDTH4_7             10              112.608
    RCAS[7].RCA2/F1A                 full_adder_24_92                         2               13.763
    RCAS[7].RCA2/full_adder_loop[1].FA full_adder_70                            6               45.043
    RCAS[7].RCA2/full_adder_loop[2].FA full_adder_69                            1               20.019
    RCAS[7].RCA2/full_adder_loop[3].FA full_adder_68                            1               33.782
