###############################################################
#  Generated by:      Cadence Innovus 23.32-s091_1
#  OS:                Linux x86_64(Host ID cadmicro-inf-el8-623207)
#  Generated on:      Mon Apr  7 17:13:49 2025
#  Design:            carry_increment_32bits
#  Command:           report_timing > reports/report_timing.rpt
###############################################################
Path 1: VIOLATED Path Delay Check
Endpoint:   S[26] (v)
Beginpoint: B[14] (v) triggered by  leading edge of '@'
Path Groups: {default}
Analysis View: default_emulate_view
- External Delay                0.000
+ Path Delay                    1.848
= Required Time                 1.848
- Arrival Time                  1.848
= Slack Time                   -0.000
     Clock Rise Edge                      0.000
     + Input Delay                        0.000
     = Beginpoint Arrival Time            0.000
     +-----------------------------------------------------------------------------------------------------------------------+ 
     |                   Instance                    |     Arc     |            Cell            | Delay | Arrival | Required | 
     |                                               |             |                            |       |  Time   |   Time   | 
     |-----------------------------------------------+-------------+----------------------------+-------+---------+----------| 
     |                                               | B[14] v     |                            |       |   0.000 |   -0.000 | 
     | RCAS[3].RCA2/full_adder_loop[2].FA/g2__9315   | B v -> X v  | sky130_fd_sc_hd__or2_0     | 0.534 |   0.534 |    0.534 | 
     | RCAS[3].RCA2/full_adder_loop[2].FA/g122__7482 | A v -> Y ^  | sky130_fd_sc_hd__nand2_2   | 0.093 |   0.627 |    0.627 | 
     | RCAS[3].RCA2/full_adder_loop[2].FA/g120__5115 | A ^ -> Y v  | sky130_fd_sc_hd__nand2_4   | 0.074 |   0.701 |    0.701 | 
     | RCAS[3].RCA2/full_adder_loop[3].FA/g80__2346  | B2 v -> Y ^ | sky130_fd_sc_hd__o2bb2ai_4 | 0.178 |   0.879 |    0.879 | 
     | g108                                          | B ^ -> Y v  | sky130_fd_sc_hd__nand2_2   | 0.095 |   0.974 |    0.974 | 
     | g5640__6161                                   | A v -> Y ^  | sky130_fd_sc_hd__nor2b_1   | 0.124 |   1.098 |    1.098 | 
     | g165                                          | A2 ^ -> X ^ | sky130_fd_sc_hd__o21a_1    | 0.171 |   1.270 |    1.270 | 
     | g5835                                         | A ^ -> Y v  | sky130_fd_sc_hd__nand4_2   | 0.094 |   1.364 |    1.364 | 
     | g40                                           | B v -> Y ^  | sky130_fd_sc_hd__nand2b_2  | 0.142 |   1.506 |    1.506 | 
     | g39                                           | A ^ -> Y v  | sky130_fd_sc_hd__inv_2     | 0.055 |   1.561 |    1.561 | 
     | g5506__1666                                   | B1 v -> X v | sky130_fd_sc_hd__a22o_4    | 0.286 |   1.846 |    1.846 | 
     |                                               | S[26] v     |                            | 0.002 |   1.848 |    1.848 | 
     +-----------------------------------------------------------------------------------------------------------------------+ 

