============================================================
  Generated by:           Genus(TM) Synthesis Solution 23.12-s086_1
  Generated on:           Apr 07 2025  02:20:06 pm
  Module:                 ripple_carry_adder_16bits
  Operating conditions:   tt_025C_1v80 
  Interconnect mode:      global
  Area mode:              physical library
============================================================

         Instance              Module       Cell-Count  Cell-Area  Net-Area   Total-Area 
-----------------------------------------------------------------------------------------
ripple_carry_adder_16bits NA                        16    312.800   217.200      530.000 
  F1A                     full_adder                 1     12.512     0.000       12.512 
  full_adder_loop[10].FA  full_adder_15_24           1     20.019     0.000       20.019 
  full_adder_loop[11].FA  full_adder_15_25           1     20.019     0.000       20.019 
  full_adder_loop[12].FA  full_adder_15_26           1     20.019     0.000       20.019 
  full_adder_loop[13].FA  full_adder_15_27           1     20.019     0.000       20.019 
  full_adder_loop[14].FA  full_adder_15_28           1     20.019     0.000       20.019 
  full_adder_loop[15].FA  full_adder_15              1     20.019     0.000       20.019 
  full_adder_loop[1].FA   full_adder_15_15           1     20.019     0.000       20.019 
  full_adder_loop[2].FA   full_adder_15_16           1     20.019     0.000       20.019 
  full_adder_loop[3].FA   full_adder_15_17           1     20.019     0.000       20.019 
  full_adder_loop[4].FA   full_adder_15_18           1     20.019     0.000       20.019 
  full_adder_loop[5].FA   full_adder_15_19           1     20.019     0.000       20.019 
  full_adder_loop[6].FA   full_adder_15_20           1     20.019     0.000       20.019 
  full_adder_loop[7].FA   full_adder_15_21           1     20.019     0.000       20.019 
  full_adder_loop[8].FA   full_adder_15_22           1     20.019     0.000       20.019 
  full_adder_loop[9].FA   full_adder_15_23           1     20.019     0.000       20.019 
