============================================================
  Generated by:           Genus(TM) Synthesis Solution 23.12-s086_1
  Generated on:           Apr 07 2025  07:25:14 pm
  Module:                 carry_select_adder_661010_32bits
  Operating conditions:   tt_025C_1v80 
  Interconnect mode:      global
  Area mode:              physical library
============================================================

            Instance                          Module               Cell-Count  Cell-Area  Net-Area   Total-Area 
----------------------------------------------------------------------------------------------------------------
carry_select_adder_661010_32bits NA                                       613   4623.184  3006.508     7629.692 
  CSA_BLOCKS[1].RCA_C0           ripple_carry_adder_WIDTH6_1               29    245.235   101.464      346.699 
    F1A                          full_adder_16                              1     25.024     0.000       25.024 
    full_adder_loop[1].FA        full_adder_210                            10     50.048    33.763       83.811 
    full_adder_loop[2].FA        full_adder_209                             8     48.797    20.362       69.159 
    full_adder_loop[3].FA        full_adder_208                             5     47.546    13.575       61.121 
    full_adder_loop[4].FA        full_adder_207                             4     40.038    10.181       50.220 
    full_adder_loop[5].FA        full_adder_206                             1     33.782     0.000       33.782 
  CSA_BLOCKS[1].RCA_C1           ripple_carry_adder_WIDTH6_2               33    222.714   111.558      334.272 
    F1A                          full_adder_22                              4     20.019    10.094       30.113 
    full_adder_loop[1].FA        full_adder_205                            10     47.546    33.763       81.309 
    full_adder_loop[2].FA        full_adder_204                             8     45.043    20.362       65.406 
    full_adder_loop[3].FA        full_adder_203                             6     40.038    13.575       53.613 
    full_adder_loop[4].FA        full_adder_202                             4     36.285    10.181       46.466 
    full_adder_loop[5].FA        full_adder_201                             1     33.782     0.000       33.782 
  CSA_BLOCKS[2].RCA_C0           ripple_carry_adder_WIDTH10                84    705.677   290.731      996.407 
    F1A                          full_adder_38_225                          5     50.048    13.488       63.536 
    full_adder_loop[1].FA        full_adder_219                            11     77.574    37.157      114.732 
    full_adder_loop[2].FA        full_adder_218                            11     76.323    37.157      113.480 
    full_adder_loop[3].FA        full_adder_217                             8     68.816    20.362       89.178 
    full_adder_loop[4].FA        full_adder_216                             9     72.570    27.063       99.633 
    full_adder_loop[5].FA        full_adder_215                             8     68.816    22.016       90.832 
    full_adder_loop[6].FA        full_adder_214                             8     68.816    22.016       90.832 
    full_adder_loop[7].FA        full_adder_213                             8     68.816    22.016       90.832 
    full_adder_loop[8].FA        full_adder_212                             8     68.816    22.016       90.832 
    full_adder_loop[9].FA        full_adder_211                             8     85.082    22.016      107.097 
  CSA_BLOCKS[2].RCA_C1           ripple_carry_adder_WIDTH10_3_228          79    648.122   279.157      927.279 
    F1A                          full_adder_48_226                          4     32.531     8.441       40.972 
    full_adder_loop[1].FA        full_adder_200                            11     77.574    37.157      114.732 
    full_adder_loop[2].FA        full_adder_199                            11     77.574    37.157      114.732 
    full_adder_loop[3].FA        full_adder_198                             8     67.565    20.362       87.927 
    full_adder_loop[4].FA        full_adder_197                             7     61.309    20.362       81.671 
    full_adder_loop[5].FA        full_adder_196                             8     65.062    23.756       88.819 
    full_adder_loop[6].FA        full_adder_195                             8     65.062    23.756       88.819 
    full_adder_loop[7].FA        full_adder_194                             8     65.062    23.756       88.819 
    full_adder_loop[8].FA        full_adder_193                             7     75.072    18.622       93.694 
    full_adder_loop[9].FA        full_adder_192                             7     61.309    20.362       81.671 
  CSA_BLOCKS[3].RCA_C0           ripple_carry_adder_WIDTH10_227            62    459.190   214.676      673.866 
    F1A                          full_adder_38                              4     26.275    10.094       36.369 
    full_adder_loop[1].FA        full_adder_191                            10     56.304    33.763       90.067 
    full_adder_loop[2].FA        full_adder_190                            10     53.802    33.763       87.565 
    full_adder_loop[3].FA        full_adder_189                             6     41.290    13.575       54.865 
    full_adder_loop[4].FA        full_adder_188                             6     41.290    13.575       54.865 
    full_adder_loop[5].FA        full_adder_187                             6     41.290    13.575       54.865 
    full_adder_loop[6].FA        full_adder_186                             6     43.792    13.575       57.367 
    full_adder_loop[7].FA        full_adder_185                             5     51.299    13.575       64.874 
    full_adder_loop[8].FA        full_adder_184                             5     60.058    13.575       73.633 
    full_adder_loop[9].FA        full_adder_183                             4     43.792    10.181       53.973 
  CSA_BLOCKS[3].RCA_C1           ripple_carry_adder_WIDTH10_3              61    444.176   197.794      641.970 
    F1A                          full_adder_48                              4     20.019    10.094       30.113 
    full_adder_loop[1].FA        full_adder_182                            10     52.550    33.763       86.314 
    full_adder_loop[2].FA        full_adder_181                             5     40.038    10.181       50.220 
    full_adder_loop[3].FA        full_adder_180                             6     40.038    13.575       53.613 
    full_adder_loop[4].FA        full_adder_179                             6     43.792    13.575       57.367 
    full_adder_loop[5].FA        full_adder_178                             6     43.792    13.575       57.367 
    full_adder_loop[6].FA        full_adder_177                             6     51.299    13.575       64.874 
    full_adder_loop[7].FA        full_adder_176                             6     58.806    13.575       72.381 
    full_adder_loop[8].FA        full_adder_175                             6     52.550    13.575       66.125 
    full_adder_loop[9].FA        full_adder_174                             6     41.290    15.228       56.518 
  RCA_LSB                        ripple_carry_adder_WIDTH6                 37    341.578   118.346      459.924 
    F1A                          full_adder                                 6     43.792    15.228       59.020 
    full_adder_loop[1].FA        full_adder_224                            10     56.304    33.763       90.067 
    full_adder_loop[2].FA        full_adder_223                             6     47.546    13.575       61.121 
    full_adder_loop[3].FA        full_adder_222                             5     62.560    10.181       72.741 
    full_adder_loop[4].FA        full_adder_221                             5     58.806    10.181       68.988 
    full_adder_loop[5].FA        full_adder_220                             5     72.570    10.181       82.751 
