============================================================
  Generated by:           Genus(TM) Synthesis Solution 23.12-s086_1
  Generated on:           Apr 07 2025  04:26:27 pm
  Module:                 signal_32bits
  Operating conditions:   tt_025C_1v80 
  Interconnect mode:      global
  Area mode:              physical library
============================================================

Timing
-------
  Cost    Critical         Violating 
 Group   Path Slack  TNS     Paths   
-------------------------------------
default         4.7   0.0          0 
-------------------------------------
Total                 0.0          0 

Instance Count
--------------
Leaf Instance Count             302 
Physical Instance count           0 
Sequential Instance Count         0 
Combinational Instance Count    302 
Hierarchical Instance Count       0 

Area
----
Cell Area                          1692.874
Physical Cell Area                 0.000
Total Cell Area (Cell+Physical)    1692.874
Net Area                           1713.405
Total Area (Cell+Physical+Net)     3406.279

Max Fanout                         4 (addinc_add_7_30_n_0)
Min Fanout                         1 (n_0)
Average Fanout                     1.8
Terms to net ratio                 2.5041
Terms to instance ratio            3.0430
Runtime                            15.180305 seconds
Elapsed Runtime                    16 seconds
Genus peak memory usage            2008.59 
Innovus peak memory usage          no_value 
Hostname                           cadmicro-inf-el8-623207
