============================================================
  Generated by:           Genus(TM) Synthesis Solution 23.12-s086_1
  Generated on:           Apr 07 2025  07:10:11 pm
  Module:                 carry_select_adder_461012_32bits
  Operating conditions:   tt_025C_1v80 
  Interconnect mode:      global
  Area mode:              physical library
============================================================

Timing
-------
  Cost    Critical         Violating 
 Group   Path Slack  TNS     Paths   
-------------------------------------
default         0.0   0.0          0 
-------------------------------------
Total                 0.0          0 

Instance Count
--------------
Leaf Instance Count             566 
Physical Instance count           0 
Sequential Instance Count         0 
Combinational Instance Count    566 
Hierarchical Instance Count      67 

Area
----
Cell Area                          4287.862
Physical Cell Area                 0.000
Total Cell Area (Cell+Physical)    4287.862
Net Area                           2794.095
Total Area (Cell+Physical+Net)     7081.957

Max Fanout                         11 (n_345)
Min Fanout                         1 (C0[1])
Average Fanout                     1.6
Terms to net ratio                 2.4202
Terms to instance ratio            2.7580
Runtime                            23.510736 seconds
Elapsed Runtime                    26 seconds
Genus peak memory usage            1900.56 
Innovus peak memory usage          no_value 
Hostname                           cadmicro-inf-el8-623207
