============================================================
  Generated by:           Genus(TM) Synthesis Solution 23.12-s086_1
  Generated on:           Apr 07 2025  07:10:11 pm
  Module:                 carry_select_adder_461012_32bits
  Operating conditions:   tt_025C_1v80 
  Interconnect mode:      global
  Area mode:              physical library
============================================================

            Instance                        Module             Cell-Count  Cell-Area  Net-Area   Total-Area 
------------------------------------------------------------------------------------------------------------
carry_select_adder_461012_32bits NA                                   566   4287.862  2794.095     7081.957 
  CSA_BLOCKS[1].RCA_C0           ripple_carry_adder_WIDTH6             35    217.709   113.299      331.008 
    F1A                          full_adder_4                           1     25.024     0.000       25.024 
    full_adder_loop[1].FA        full_adder_227                        10     50.048    33.763       83.811 
    full_adder_loop[2].FA        full_adder_226                         6     35.034    13.575       48.609 
    full_adder_loop[3].FA        full_adder_225                         6     35.034    13.575       48.609 
    full_adder_loop[4].FA        full_adder_224                         6     35.034    13.575       48.609 
    full_adder_loop[5].FA        full_adder_223                         6     37.536    13.575       51.111 
  CSA_BLOCKS[1].RCA_C1           ripple_carry_adder_WIDTH6_1           40    225.216   133.487      358.703 
    F1A                          full_adder_48_233                      4     20.019    10.094       30.113 
    full_adder_loop[1].FA        full_adder_202                        10     47.546    33.763       81.309 
    full_adder_loop[2].FA        full_adder_201                         8     45.043    23.669       68.712 
    full_adder_loop[3].FA        full_adder_200                         6     37.536    13.575       51.111 
    full_adder_loop[4].FA        full_adder_199                         6     37.536    13.575       51.111 
    full_adder_loop[5].FA        full_adder_198                         6     37.536    13.575       51.111 
  CSA_BLOCKS[2].RCA_C0           ripple_carry_adder_WIDTH10            79    645.619   278.983      924.602 
    F1A                          full_adder_4_232                       5     26.275    13.488       39.763 
    full_adder_loop[1].FA        full_adder_222                         7     56.304    16.969       73.273 
    full_adder_loop[2].FA        full_adder_221                        11     77.574    37.157      114.732 
    full_adder_loop[3].FA        full_adder_220                        11     77.574    37.157      114.732 
    full_adder_loop[4].FA        full_adder_219                         8     68.816    20.362       89.178 
    full_adder_loop[5].FA        full_adder_218                         7     60.058    20.362       80.420 
    full_adder_loop[6].FA        full_adder_217                         7     61.309    20.362       81.671 
    full_adder_loop[7].FA        full_adder_216                         7     61.309    20.362       81.671 
    full_adder_loop[8].FA        full_adder_215                         8     78.826    23.669      102.495 
    full_adder_loop[9].FA        full_adder_214                         8     77.574    23.669      101.244 
  CSA_BLOCKS[2].RCA_C1           ripple_carry_adder_WIDTH10_1          74    649.373   248.526      897.899 
    F1A                          full_adder_48_234                      4     22.522    10.094       32.616 
    full_adder_loop[1].FA        full_adder_197                         9     81.328    30.370      111.698 
    full_adder_loop[2].FA        full_adder_196                        11     76.323    37.157      113.480 
    full_adder_loop[3].FA        full_adder_195                        10     73.821    30.457      104.277 
    full_adder_loop[4].FA        full_adder_194                         6     60.058    13.575       73.633 
    full_adder_loop[5].FA        full_adder_193                         7     65.062    16.969       82.031 
    full_adder_loop[6].FA        full_adder_192                         7     65.062    16.969       82.031 
    full_adder_loop[7].FA        full_adder_191                         7     65.062    16.969       82.031 
    full_adder_loop[8].FA        full_adder_190                         7     68.816    16.969       85.785 
    full_adder_loop[9].FA        full_adder_189                         6     71.318    13.575       84.893 
  CSA_BLOCKS[3].RCA_C0           ripple_carry_adder_WIDTH12            84    646.870   292.645      939.515 
    F1A                          full_adder_4_231                       4     28.778    10.094       38.872 
    full_adder_loop[10].FA       full_adder_204                         5     56.304    10.181       66.485 
    full_adder_loop[11].FA       full_adder_203                         7     38.787    18.622       57.409 
    full_adder_loop[1].FA        full_adder_213                        10     58.806    33.763       92.570 
    full_adder_loop[2].FA        full_adder_212                         9     52.550    27.063       79.613 
    full_adder_loop[3].FA        full_adder_211                         8     48.797    20.362       69.159 
    full_adder_loop[4].FA        full_adder_210                         7     52.550    20.362       72.913 
    full_adder_loop[5].FA        full_adder_209                         7     61.309    20.362       81.671 
    full_adder_loop[6].FA        full_adder_208                         7     61.309    20.362       81.671 
    full_adder_loop[7].FA        full_adder_207                         7     61.309    20.362       81.671 
    full_adder_loop[8].FA        full_adder_206                         7     61.309    20.362       81.671 
    full_adder_loop[9].FA        full_adder_205                         6     65.062    13.575       78.637 
  CSA_BLOCKS[3].RCA_C1           ripple_carry_adder_WIDTH12_1          91    750.720   309.614     1060.334 
    F1A                          full_adder_48                          6     43.792    16.882       60.674 
    full_adder_loop[10].FA       full_adder_179                         7     62.560    20.362       82.922 
    full_adder_loop[11].FA       full_adder_178                         6     46.294    13.575       59.869 
    full_adder_loop[1].FA        full_adder_188                        11     78.826    37.157      115.983 
    full_adder_loop[2].FA        full_adder_187                        11     77.574    37.157      114.732 
    full_adder_loop[3].FA        full_adder_186                         8     63.811    20.362       84.174 
    full_adder_loop[4].FA        full_adder_185                         7     65.062    16.969       82.031 
    full_adder_loop[5].FA        full_adder_184                         7     65.062    16.969       82.031 
    full_adder_loop[6].FA        full_adder_183                         7     61.309    20.362       81.671 
    full_adder_loop[7].FA        full_adder_182                         7     65.062    16.969       82.031 
    full_adder_loop[8].FA        full_adder_181                         7     61.309    20.362       81.671 
    full_adder_loop[9].FA        full_adder_180                         7     60.058    16.969       77.026 
  RCA_LSB                        ripple_carry_adder_WIDTH4             21    172.666    69.354      242.020 
    F1A                          full_adder                             6     50.048    16.882       66.930 
    full_adder_loop[1].FA        full_adder_230                         6     37.536    13.575       51.111 
    full_adder_loop[2].FA        full_adder_229                         5     42.541    13.575       56.116 
    full_adder_loop[3].FA        full_adder_228                         4     42.541    10.181       52.722 
