============================================================
  Generated by:           Genus(TM) Synthesis Solution 23.12-s086_1
  Generated on:           Apr 07 2025  05:26:22 pm
  Module:                 carry_skip4_32bits
  Operating conditions:   tt_025C_1v80 
  Interconnect mode:      global
  Area mode:              physical library
============================================================


Path 1: MET (0 ps) Path Delay Check
     Startpoint: (F) A[0]
       Endpoint: (R) Cout

                   Capture    Launch  
      Path Delay:+    4901         -  
      Drv Adjust:+       0         0  
         Arrival:=    4901            
                                      
   Required Time:=    4901            
       Data Path:-    4901            
           Slack:=       0            

Exceptions/Constraints:
  max_delay             4901            constraints.sdc_line_1 

#-----------------------------------------------------------------------------------------------------------------------------
#            Timing Point              Flags   Arc   Edge           Cell             Fanout Load Trans Delay Arrival Instance 
#                                                                                           (fF)  (ps)  (ps)   (ps)  Location 
#-----------------------------------------------------------------------------------------------------------------------------
  A[0]                                 -       -     F     (arrival)                      1  8.0  1000     0       0    (-,-) 
  g58/X                                -       A->X  F     sky130_fd_sc_hd__buf_8         4 20.7    56   425     425    (-,-) 
  CSKIP1/g194__5107/Y                  -       A->Y  F     sky130_fd_sc_hd__xnor2_1       1  5.5    65   140     565    (-,-) 
  CSKIP1/g185__7410/Y                  -       A->Y  R     sky130_fd_sc_hd__nor2_2        1  5.7    92   122     687    (-,-) 
  CSKIP1/g184__1666/Y                  -       A->Y  F     sky130_fd_sc_hd__nand4_2       1  5.5    90    86     772    (-,-) 
  CSKIP1/g183__2346/Y                  -       B->Y  R     sky130_fd_sc_hd__nand2_2       3 11.3    80   107     880    (-,-) 
  skip_loop[1].CSKIP2/FA1/g124__8428/Y -       A->Y  F     sky130_fd_sc_hd__nand2_2       1  5.6    40    54     934    (-,-) 
  skip_loop[1].CSKIP2/FA1/g122__6260/Y -       A->Y  R     sky130_fd_sc_hd__nand2_2       2  8.3    63    65     999    (-,-) 
  skip_loop[1].CSKIP2/FA2/g124__1705/Y -       A->Y  F     sky130_fd_sc_hd__nand2_2       1  5.6    37    50    1050    (-,-) 
  skip_loop[1].CSKIP2/FA2/g122__1617/Y -       A->Y  R     sky130_fd_sc_hd__nand2_2       2  8.3    63    64    1113    (-,-) 
  skip_loop[1].CSKIP2/FA3/g124__5115/Y -       A->Y  F     sky130_fd_sc_hd__nand2_2       1  5.6    37    50    1164    (-,-) 
  skip_loop[1].CSKIP2/FA3/g122__6131/Y -       A->Y  R     sky130_fd_sc_hd__nand2_2       2  8.3    63    64    1227    (-,-) 
  skip_loop[1].CSKIP2/FA4/g124__2883/Y -       A->Y  F     sky130_fd_sc_hd__nand2_2       1  5.6    37    50    1278    (-,-) 
  skip_loop[1].CSKIP2/FA4/g122__9315/Y -       A->Y  R     sky130_fd_sc_hd__nand2_2       1  5.9    52    55    1332    (-,-) 
  skip_loop[1].CSKIP2/g74/Y            -       A->Y  F     sky130_fd_sc_hd__inv_2         1  5.6    22    34    1367    (-,-) 
  skip_loop[1].CSKIP2/g152__6417/Y     -       A->Y  R     sky130_fd_sc_hd__nand2_2       3 11.3    79    68    1435    (-,-) 
  skip_loop[2].CSKIP2/FA1/g124__3680/Y -       A->Y  F     sky130_fd_sc_hd__nand2_2       1  5.6    40    54    1489    (-,-) 
  skip_loop[2].CSKIP2/FA1/g122__5526/Y -       A->Y  R     sky130_fd_sc_hd__nand2_2       2  8.3    63    65    1554    (-,-) 
  skip_loop[2].CSKIP2/FA2/g124__7098/Y -       A->Y  F     sky130_fd_sc_hd__nand2_2       1  5.6    37    50    1604    (-,-) 
  skip_loop[2].CSKIP2/FA2/g122__5122/Y -       A->Y  R     sky130_fd_sc_hd__nand2_2       2  8.3    63    64    1668    (-,-) 
  skip_loop[2].CSKIP2/FA3/g124__6161/Y -       A->Y  F     sky130_fd_sc_hd__nand2_2       1  5.6    37    50    1718    (-,-) 
  skip_loop[2].CSKIP2/FA3/g122__7482/Y -       A->Y  R     sky130_fd_sc_hd__nand2_2       2  8.3    63    64    1782    (-,-) 
  skip_loop[2].CSKIP2/FA4/g124__7410/Y -       A->Y  F     sky130_fd_sc_hd__nand2_2       1  5.6    37    50    1832    (-,-) 
  skip_loop[2].CSKIP2/FA4/g122__2346/Y -       A->Y  R     sky130_fd_sc_hd__nand2_2       1  5.9    51    55    1887    (-,-) 
  skip_loop[2].CSKIP2/g74/Y            -       A->Y  F     sky130_fd_sc_hd__inv_2         1  5.6    21    34    1921    (-,-) 
  skip_loop[2].CSKIP2/g152__5107/Y     -       A->Y  R     sky130_fd_sc_hd__nand2_2       3 11.3    79    68    1989    (-,-) 
  skip_loop[3].CSKIP2/FA1/g124__1705/Y -       A->Y  F     sky130_fd_sc_hd__nand2_2       1  5.6    40    54    2044    (-,-) 
  skip_loop[3].CSKIP2/FA1/g122__1617/Y -       A->Y  R     sky130_fd_sc_hd__nand2_2       2  8.3    63    65    2108    (-,-) 
  skip_loop[3].CSKIP2/FA2/g124__5115/Y -       A->Y  F     sky130_fd_sc_hd__nand2_2       1  5.6    37    50    2159    (-,-) 
  skip_loop[3].CSKIP2/FA2/g122__6131/Y -       A->Y  R     sky130_fd_sc_hd__nand2_2       2  8.3    63    64    2222    (-,-) 
  skip_loop[3].CSKIP2/FA3/g124__2883/Y -       A->Y  F     sky130_fd_sc_hd__nand2_2       1  5.6    37    50    2273    (-,-) 
  skip_loop[3].CSKIP2/FA3/g122__9315/Y -       A->Y  R     sky130_fd_sc_hd__nand2_2       2  8.3    63    64    2336    (-,-) 
  skip_loop[3].CSKIP2/FA4/g124__2398/Y -       A->Y  F     sky130_fd_sc_hd__nand2_2       1  5.6    37    50    2387    (-,-) 
  skip_loop[3].CSKIP2/FA4/g122__6417/Y -       A->Y  R     sky130_fd_sc_hd__nand2_2       1  5.9    51    55    2442    (-,-) 
  skip_loop[3].CSKIP2/g74/Y            -       A->Y  F     sky130_fd_sc_hd__inv_2         1  5.6    21    34    2476    (-,-) 
  skip_loop[3].CSKIP2/g152__8428/Y     -       A->Y  R     sky130_fd_sc_hd__nand2_2       3 10.7    77    66    2542    (-,-) 
  skip_loop[4].CSKIP2/FA1/g124__7098/Y -       A->Y  F     sky130_fd_sc_hd__nand2_2       1  5.6    40    54    2595    (-,-) 
  skip_loop[4].CSKIP2/FA1/g122__5122/Y -       A->Y  R     sky130_fd_sc_hd__nand2_2       2  8.3    63    65    2660    (-,-) 
  skip_loop[4].CSKIP2/FA2/g124__6161/Y -       A->Y  F     sky130_fd_sc_hd__nand2_2       1  5.6    37    51    2711    (-,-) 
  skip_loop[4].CSKIP2/FA2/g122__7482/Y -       A->Y  R     sky130_fd_sc_hd__nand2_2       2  8.3    63    64    2774    (-,-) 
  skip_loop[4].CSKIP2/FA3/g124__7410/Y -       A->Y  F     sky130_fd_sc_hd__nand2_2       1  5.6    37    51    2825    (-,-) 
  skip_loop[4].CSKIP2/FA3/g122__2346/Y -       A->Y  R     sky130_fd_sc_hd__nand2_2       2  8.3    63    64    2888    (-,-) 
  skip_loop[4].CSKIP2/FA4/g124__4319/Y -       A->Y  F     sky130_fd_sc_hd__nand2_2       1  5.6    37    50    2939    (-,-) 
  skip_loop[4].CSKIP2/FA4/g122__5107/Y -       A->Y  R     sky130_fd_sc_hd__nand2_2       1  5.9    52    55    2994    (-,-) 
  skip_loop[4].CSKIP2/g74/Y            -       A->Y  F     sky130_fd_sc_hd__inv_2         1  9.6    28    42    3036    (-,-) 
  skip_loop[4].CSKIP2/g152__3680/Y     -       A->Y  R     sky130_fd_sc_hd__nand2_4       3 11.3    58    55    3090    (-,-) 
  skip_loop[5].CSKIP2/FA1/g124__1881/Y -       A->Y  F     sky130_fd_sc_hd__nand2_2       1  5.6    36    50    3140    (-,-) 
  skip_loop[5].CSKIP2/FA1/g122__6131/Y -       A->Y  R     sky130_fd_sc_hd__nand2_2       2  8.3    64    63    3203    (-,-) 
  skip_loop[5].CSKIP2/FA2/g124__9315/Y -       A->Y  F     sky130_fd_sc_hd__nand2_2       1  5.6    37    51    3254    (-,-) 
  skip_loop[5].CSKIP2/FA2/g122__6161/Y -       A->Y  R     sky130_fd_sc_hd__nand2_2       2  8.3    64    64    3317    (-,-) 
  skip_loop[5].CSKIP2/FA3/g124__7410/Y -       A->Y  F     sky130_fd_sc_hd__nand2_2       1  5.6    37    51    3368    (-,-) 
  skip_loop[5].CSKIP2/FA3/g122__1666/Y -       A->Y  R     sky130_fd_sc_hd__nand2_2       2  8.3    64    64    3432    (-,-) 
  skip_loop[5].CSKIP2/FA4/g124__6260/Y -       A->Y  F     sky130_fd_sc_hd__nand2_2       1  5.6    37    51    3482    (-,-) 
  skip_loop[5].CSKIP2/FA4/g122__5107/Y -       A->Y  R     sky130_fd_sc_hd__nand2_2       1  6.8    58    58    3541    (-,-) 
  skip_loop[5].CSKIP2/g74/Y            -       A->Y  F     sky130_fd_sc_hd__clkinv_2      1  9.6    46    63    3603    (-,-) 
  skip_loop[5].CSKIP2/g157__6783/Y     -       A->Y  R     sky130_fd_sc_hd__nand2_4       3 10.7    60    61    3664    (-,-) 
  skip_loop[6].CSKIP2/FA1/g124__1881/Y -       A->Y  F     sky130_fd_sc_hd__nand2_2       1  5.6    36    50    3714    (-,-) 
  skip_loop[6].CSKIP2/FA1/g122__7098/Y -       A->Y  R     sky130_fd_sc_hd__nand2_2       2  8.3    64    63    3777    (-,-) 
  skip_loop[6].CSKIP2/FA2/g124__9945/Y -       A->Y  F     sky130_fd_sc_hd__nand2_2       1  5.6    37    51    3828    (-,-) 
  skip_loop[6].CSKIP2/FA2/g122__6161/Y -       A->Y  R     sky130_fd_sc_hd__nand2_2       2  8.3    64    64    3892    (-,-) 
  skip_loop[6].CSKIP2/FA3/g124__5477/Y -       A->Y  F     sky130_fd_sc_hd__nand2_2       1  5.6    37    51    3942    (-,-) 
  skip_loop[6].CSKIP2/FA3/g122__7410/Y -       A->Y  R     sky130_fd_sc_hd__nand2_2       2  8.3    64    64    4006    (-,-) 
  skip_loop[6].CSKIP2/FA4/g124__5526/Y -       A->Y  F     sky130_fd_sc_hd__nand2_2       1  5.6    37    51    4057    (-,-) 
  skip_loop[6].CSKIP2/FA4/g122__4319/Y -       A->Y  R     sky130_fd_sc_hd__nand2_2       1  6.8    56    58    4115    (-,-) 
  skip_loop[6].CSKIP2/g174/Y           -       A->Y  F     sky130_fd_sc_hd__clkinv_2      1  9.6    46    62    4177    (-,-) 
  skip_loop[6].CSKIP2/g167__2802/Y     -       A->Y  R     sky130_fd_sc_hd__nand2_4       3 10.7    57    61    4238    (-,-) 
  skip_loop[7].CSKIP2/FA1/g124__4733/Y -       A->Y  F     sky130_fd_sc_hd__nand2_2       1  5.6    36    49    4287    (-,-) 
  skip_loop[7].CSKIP2/FA1/g122__5115/Y -       A->Y  R     sky130_fd_sc_hd__nand2_2       2  8.3    64    63    4350    (-,-) 
  skip_loop[7].CSKIP2/FA2/g126__6417/Y -       A->Y  F     sky130_fd_sc_hd__nand2_2       1  5.6    37    51    4401    (-,-) 
  skip_loop[7].CSKIP2/FA2/g122__2883/Y -       A->Y  R     sky130_fd_sc_hd__nand2_2       2  8.3    64    64    4465    (-,-) 
  skip_loop[7].CSKIP2/FA3/g127__6783/Y -       A->Y  F     sky130_fd_sc_hd__nand2_2       1  5.6    37    51    4515    (-,-) 
  skip_loop[7].CSKIP2/FA3/g123__6260/Y -       A->Y  R     sky130_fd_sc_hd__nand2_2       3 12.9    86    80    4595    (-,-) 
  skip_loop[7].CSKIP2/FA4/g127__7098/Y -       A->Y  F     sky130_fd_sc_hd__nand2_2       1  5.6    41    56    4651    (-,-) 
  skip_loop[7].CSKIP2/FA4/g123__1705/Y -       A->Y  R     sky130_fd_sc_hd__nand2_2       1 12.2    83    79    4731    (-,-) 
  skip_loop[7].CSKIP2/g79/Y            -       A->Y  F     sky130_fd_sc_hd__clkinv_4      1 17.7    47    69    4799    (-,-) 
  skip_loop[7].CSKIP2/g167__4733/Y     -       A->Y  R     sky130_fd_sc_hd__nand2_8       1 51.3   114   101    4901    (-,-) 
  Cout                                 -       -     R     (port)                         -    -     -     0    4901    (-,-) 
#-----------------------------------------------------------------------------------------------------------------------------

