============================================================
  Generated by:           Genus(TM) Synthesis Solution 23.12-s086_1
  Generated on:           Apr 07 2025  05:26:22 pm
  Module:                 carry_skip4_32bits
  Operating conditions:   tt_025C_1v80 
  Interconnect mode:      global
  Area mode:              physical library
============================================================

Timing
-------
  Cost    Critical         Violating 
 Group   Path Slack  TNS     Paths   
-------------------------------------
default         0.0   0.0          0 
-------------------------------------
Total                 0.0          0 

Instance Count
--------------
Leaf Instance Count             390 
Physical Instance count           0 
Sequential Instance Count         0 
Combinational Instance Count    390 
Hierarchical Instance Count      40 

Area
----
Cell Area                          2511.158
Physical Cell Area                 0.000
Total Cell Area (Cell+Physical)    2511.158
Net Area                           1937.654
Total Area (Cell+Physical+Net)     4448.812

Max Fanout                         4 (n_0)
Min Fanout                         1 (Cout)
Average Fanout                     1.5
Terms to net ratio                 2.3231
Terms to instance ratio            2.7103
Runtime                            15.654834 seconds
Elapsed Runtime                    17 seconds
Genus peak memory usage            1893.11 
Innovus peak memory usage          no_value 
Hostname                           cadmicro-inf-el8-623207
