============================================================
  Generated by:           Genus(TM) Synthesis Solution 23.12-s086_1
  Generated on:           Apr 07 2025  02:26:40 pm
  Module:                 ripple_carry_adder_16bits
  Operating conditions:   tt_025C_1v80 
  Interconnect mode:      global
  Area mode:              physical library
============================================================

         Instance              Module       Cell-Count  Cell-Area  Net-Area   Total-Area 
-----------------------------------------------------------------------------------------
ripple_carry_adder_16bits NA                       152   1269.968   764.984     2034.952 
  F1A                     full_adder                 6     38.787    16.882       55.669 
  full_adder_loop[10].FA  full_adder_15_24           6     71.318    13.575       84.893 
  full_adder_loop[11].FA  full_adder_15_25           6     71.318    13.575       84.893 
  full_adder_loop[12].FA  full_adder_15_26           7     80.077    20.275      100.352 
  full_adder_loop[13].FA  full_adder_15_27           8     80.077    25.323      105.399 
  full_adder_loop[14].FA  full_adder_15_28           6     68.816    15.228       84.044 
  full_adder_loop[15].FA  full_adder_15             11     92.589    33.850      126.439 
  full_adder_loop[1].FA   full_adder_15_15          10     77.574    32.110      109.684 
  full_adder_loop[2].FA   full_adder_15_16          11     77.574    37.157      114.732 
  full_adder_loop[3].FA   full_adder_15_17           8     67.565    20.362       87.927 
  full_adder_loop[4].FA   full_adder_15_18           7     68.816    16.969       85.785 
  full_adder_loop[5].FA   full_adder_15_19           7     68.816    16.969       85.785 
  full_adder_loop[6].FA   full_adder_15_20           7     68.816    16.969       85.785 
  full_adder_loop[7].FA   full_adder_15_21           6     67.565    13.575       81.140 
  full_adder_loop[8].FA   full_adder_15_22           6     67.565    13.575       81.140 
  full_adder_loop[9].FA   full_adder_15_23           6     75.072    13.575       88.647 
