============================================================
  Generated by:           Genus(TM) Synthesis Solution 23.12-s086_1
  Generated on:           Apr 07 2025  02:26:40 pm
  Module:                 ripple_carry_adder_16bits
  Operating conditions:   tt_025C_1v80 
  Interconnect mode:      global
  Area mode:              physical library
============================================================

Timing
-------
  Cost    Critical          Violating 
 Group   Path Slack   TNS     Paths   
--------------------------------------
default        -6.9   -6.9          1 
--------------------------------------
Total                 -6.9          1 

Instance Count
--------------
Leaf Instance Count             152 
Physical Instance count           0 
Sequential Instance Count         0 
Combinational Instance Count    152 
Hierarchical Instance Count      16 

Area
----
Cell Area                          1269.968
Physical Cell Area                 0.000
Total Cell Area (Cell+Physical)    1269.968
Net Area                           764.984
Total Area (Cell+Physical+Net)     2034.952

Max Fanout                         3 (carry[13])
Min Fanout                         1 (Cout)
Average Fanout                     1.5
Terms to net ratio                 2.2120
Terms to instance ratio            2.6776
Runtime                            18.899993 seconds
Elapsed Runtime                    20 seconds
Genus peak memory usage            1897.17 
Innovus peak memory usage          no_value 
Hostname                           cadmicro-inf-el8-623207
