============================================================
  Generated by:           Genus(TM) Synthesis Solution 23.12-s086_1
  Generated on:           Apr 07 2025  05:33:58 pm
  Module:                 carry_select_adder
  Operating conditions:   tt_025C_1v80 
  Interconnect mode:      global
  Area mode:              physical library
============================================================

Timing
-------
  Cost    Critical         Violating 
 Group   Path Slack  TNS     Paths   
-------------------------------------
default         0.0   0.0          0 
-------------------------------------
Total                 0.0          0 

Instance Count
--------------
Leaf Instance Count             503 
Physical Instance count           0 
Sequential Instance Count         0 
Combinational Instance Count    503 
Hierarchical Instance Count      67 

Area
----
Cell Area                          3672.272
Physical Cell Area                 0.000
Total Cell Area (Cell+Physical)    3672.272
Net Area                           2571.848
Total Area (Cell+Physical+Net)     6244.120

Max Fanout                         15 (n_213)
Min Fanout                         1 (C0[1])
Average Fanout                     1.6
Terms to net ratio                 2.4655
Terms to instance ratio            2.8429
Runtime                            21.539877 seconds
Elapsed Runtime                    23 seconds
Genus peak memory usage            1901.41 
Innovus peak memory usage          no_value 
Hostname                           cadmicro-inf-el8-623207
