============================================================
  Generated by:           Genus(TM) Synthesis Solution 23.12-s086_1
  Generated on:           Apr 03 2025  02:56:47 pm
  Module:                 carry_select_adder_8888_32bits
  Operating conditions:   tt_025C_1v80 
  Interconnect mode:      global
  Area mode:              physical library
============================================================

Timing
-------
  Cost    Critical         Violating 
 Group   Path Slack  TNS     Paths   
-------------------------------------
default    194280.7   0.0          0 
-------------------------------------
Total                 0.0          0 

Instance Count
--------------
Leaf Instance Count             86 
Physical Instance count          0 
Sequential Instance Count        0 
Combinational Instance Count    86 
Hierarchical Instance Count     63 

Area
----
Cell Area                          1385.078
Physical Cell Area                 0.000
Total Cell Area (Cell+Physical)    1385.078
Net Area                           821.286
Total Area (Cell+Physical+Net)     2206.364

Max Fanout                         9 (C_mid[0])
Min Fanout                         1 (C0[1])
Average Fanout                     1.4
Terms to net ratio                 1.9020
Terms to instance ratio            4.5116
Runtime                            12.679242 seconds
Elapsed Runtime                    13 seconds
Genus peak memory usage            1890.54 
Innovus peak memory usage          no_value 
Hostname                           cadmicro-inf-el8-623207
