###############################################################
#  Generated by:      Cadence Innovus 23.32-s091_1
#  OS:                Linux x86_64(Host ID cadmicro-inf-el8-623207)
#  Generated on:      Mon Apr  7 18:08:36 2025
#  Design:            carry_select_adder_46688_32bits
#  Command:           report_timing > reports/report_timing.rpt
###############################################################
Path 1: MET Path Delay Check
Endpoint:   S[31] (v)
Beginpoint: A[24] (^) triggered by  leading edge of '@'
Path Groups: {default}
Analysis View: default_emulate_view
- External Delay                0.000
+ Path Delay                    1.790
= Required Time                 1.790
- Arrival Time                  1.790
= Slack Time                    0.000
     Clock Rise Edge                      0.000
     + Input Delay                        0.000
     = Beginpoint Arrival Time            0.000
     +-----------------------------------------------------------------------------------------------------------------------------+ 
     |                      Instance                      |      Arc      |           Cell            | Delay | Arrival | Required | 
     |                                                    |               |                           |       |  Time   |   Time   | 
     |----------------------------------------------------+---------------+---------------------------+-------+---------+----------| 
     |                                                    | A[24] ^       |                           |       |   0.000 |    0.000 | 
     | CSA_BLOCKS[4].RCA_C1/F1A/g58                       | A ^ -> Y v    | sky130_fd_sc_hd__clkinv_1 | 0.317 |   0.317 |    0.317 | 
     | CSA_BLOCKS[4].RCA_C1/F1A/g54__8428                 | A v -> Y ^    | sky130_fd_sc_hd__nand2_2  | 0.167 |   0.483 |    0.484 | 
     | CSA_BLOCKS[4].RCA_C1/full_adder_loop[1].FA/g110__1 | A ^ -> Y v    | sky130_fd_sc_hd__nand2_2  | 0.062 |   0.546 |    0.546 | 
     | 617                                                |               |                           |       |         |          | 
     | CSA_BLOCKS[4].RCA_C1/full_adder_loop[1].FA/g108__6 | A v -> Y ^    | sky130_fd_sc_hd__nand2_2  | 0.072 |   0.618 |    0.618 | 
     | 783                                                |               |                           |       |         |          | 
     | CSA_BLOCKS[4].RCA_C1/full_adder_loop[2].FA/g62__61 | A ^ -> Y v    | sky130_fd_sc_hd__nand2_2  | 0.054 |   0.672 |    0.673 | 
     | 31                                                 |               |                           |       |         |          | 
     | CSA_BLOCKS[4].RCA_C1/full_adder_loop[2].FA/g60__82 | A v -> Y ^    | sky130_fd_sc_hd__nand2_2  | 0.074 |   0.746 |    0.747 | 
     | 46                                                 |               |                           |       |         |          | 
     | CSA_BLOCKS[4].RCA_C1/full_adder_loop[3].FA/g17     | A ^ -> Y v    | sky130_fd_sc_hd__nand2_2  | 0.060 |   0.807 |    0.807 | 
     | CSA_BLOCKS[4].RCA_C1/full_adder_loop[3].FA/g16     | A v -> Y ^    | sky130_fd_sc_hd__nand2_2  | 0.071 |   0.877 |    0.878 | 
     | CSA_BLOCKS[4].RCA_C1/full_adder_loop[4].FA/g59__64 | A ^ -> Y v    | sky130_fd_sc_hd__nand2_2  | 0.055 |   0.932 |    0.932 | 
     | 17                                                 |               |                           |       |         |          | 
     | CSA_BLOCKS[4].RCA_C1/full_adder_loop[4].FA/g57__16 | A v -> Y ^    | sky130_fd_sc_hd__nand2_2  | 0.063 |   0.995 |    0.995 | 
     | 66                                                 |               |                           |       |         |          | 
     | CSA_BLOCKS[4].RCA_C1/full_adder_loop[5].FA/g59__84 | A ^ -> Y v    | sky130_fd_sc_hd__nand2_1  | 0.067 |   1.061 |    1.062 | 
     | 28                                                 |               |                           |       |         |          | 
     | CSA_BLOCKS[4].RCA_C1/full_adder_loop[5].FA/g57__62 | A v -> Y ^    | sky130_fd_sc_hd__nand2_2  | 0.074 |   1.135 |    1.135 | 
     | 60                                                 |               |                           |       |         |          | 
     | CSA_BLOCKS[4].RCA_C1/full_adder_loop[6].FA/g20     | A ^ -> Y v    | sky130_fd_sc_hd__nand2_1  | 0.054 |   1.190 |    1.190 | 
     | CSA_BLOCKS[4].RCA_C1/full_adder_loop[6].FA/g19     | A v -> Y ^    | sky130_fd_sc_hd__nand2_1  | 0.056 |   1.245 |    1.246 | 
     | CSA_BLOCKS[4].RCA_C1/full_adder_loop[7].FA/g57__82 | CI ^ -> SUM v | sky130_fd_sc_hd__fah_1    | 0.266 |   1.512 |    1.512 | 
     | 46                                                 |               |                           |       |         |          | 
     | g10                                                | A v -> Y ^    | sky130_fd_sc_hd__nand2_1  | 0.160 |   1.672 |    1.672 | 
     | g9                                                 | B ^ -> Y v    | sky130_fd_sc_hd__nand2_8  | 0.117 |   1.788 |    1.789 | 
     |                                                    | S[31] v       |                           | 0.001 |   1.790 |    1.790 | 
     +-----------------------------------------------------------------------------------------------------------------------------+ 

