Hinst Name                Module Name          Inst Count           Total Area               Buffer             Inverter        Combinational                 Flop                Latch           Clock Gate                Macro             Physical
---------------------------------------------------------------------------------------------------------------------------------------------------------------------------------------------------------------------------------------------------------------
carry_skip4_32bits                                    657             3605.958               90.086               77.574             1984.403                0.000                0.000                0.000                0.000             1453.894
  CSKIP1                  skip4                        38              342.829                7.507               36.285              299.037                0.000                0.000                0.000                0.000                0.000
    CSKIP1/FA1            full_adder                    7               90.086                3.754               16.266               70.067                0.000                0.000                0.000                0.000                0.000
    CSKIP1/FA2            full_adder_100                8               47.546                0.000                7.507               40.038                0.000                0.000                0.000                0.000                0.000
    CSKIP1/FA3            full_adder_99                 8               47.546                0.000                7.507               40.038                0.000                0.000                0.000                0.000                0.000
    CSKIP1/FA4            full_adder_98                 6               42.541                0.000                0.000               42.541                0.000                0.000                0.000                0.000                0.000
  skip_loop[1].CSKIP2     skip4_107                    35              258.998               11.261                3.754              243.984                0.000                0.000                0.000                0.000                0.000
    skip_loop[1].CSKIP2/FA1 full_adder_97                 7               46.294                3.754                0.000               42.541                0.000                0.000                0.000                0.000                0.000
    skip_loop[1].CSKIP2/FA2 full_adder_96                 6               52.550                0.000                0.000               52.550                0.000                0.000                0.000                0.000                0.000
    skip_loop[1].CSKIP2/FA3 full_adder_95                 6               52.550                0.000                0.000               52.550                0.000                0.000                0.000                0.000                0.000
    skip_loop[1].CSKIP2/FA4 full_adder_94                 6               40.038                0.000                0.000               40.038                0.000                0.000                0.000                0.000                0.000
  skip_loop[2].CSKIP2     skip4_106                    34              232.723                7.507                3.754              221.462                0.000                0.000                0.000                0.000                0.000
    skip_loop[2].CSKIP2/FA1 full_adder_93                 6               42.541                0.000                0.000               42.541                0.000                0.000                0.000                0.000                0.000
    skip_loop[2].CSKIP2/FA2 full_adder_92                 6               42.541                0.000                0.000               42.541                0.000                0.000                0.000                0.000                0.000
    skip_loop[2].CSKIP2/FA3 full_adder_91                 6               42.541                0.000                0.000               42.541                0.000                0.000                0.000                0.000                0.000
    skip_loop[2].CSKIP2/FA4 full_adder_90                 6               42.541                0.000                0.000               42.541                0.000                0.000                0.000                0.000                0.000
  skip_loop[3].CSKIP2     skip4_105                    34              232.723                7.507                3.754              221.462                0.000                0.000                0.000                0.000                0.000
    skip_loop[3].CSKIP2/FA1 full_adder_89                 7               46.294                3.754                0.000               42.541                0.000                0.000                0.000                0.000                0.000
    skip_loop[3].CSKIP2/FA2 full_adder_88                 6               42.541                0.000                0.000               42.541                0.000                0.000                0.000                0.000                0.000
    skip_loop[3].CSKIP2/FA3 full_adder_87                 6               42.541                0.000                0.000               42.541                0.000                0.000                0.000                0.000                0.000
    skip_loop[3].CSKIP2/FA4 full_adder_86                 6               42.541                0.000                0.000               42.541                0.000                0.000                0.000                0.000                0.000
  skip_loop[4].CSKIP2     skip4_104                    35              243.984               11.261                3.754              228.970                0.000                0.000                0.000                0.000                0.000
    skip_loop[4].CSKIP2/FA1 full_adder_85                 6               42.541                0.000                0.000               42.541                0.000                0.000                0.000                0.000                0.000
    skip_loop[4].CSKIP2/FA2 full_adder_84                 6               42.541                0.000                0.000               42.541                0.000                0.000                0.000                0.000                0.000
    skip_loop[4].CSKIP2/FA3 full_adder_83                 6               42.541                0.000                0.000               42.541                0.000                0.000                0.000                0.000                0.000
    skip_loop[4].CSKIP2/FA4 full_adder_82                 6               42.541                0.000                0.000               42.541                0.000                0.000                0.000                0.000                0.000
  skip_loop[5].CSKIP2     skip4_103                    30              251.491                7.507                5.005              238.979                0.000                0.000                0.000                0.000                0.000
    skip_loop[5].CSKIP2/FA1 full_adder_81                 5               45.043                0.000                0.000               45.043                0.000                0.000                0.000                0.000                0.000
    skip_loop[5].CSKIP2/FA2 full_adder_80                 5               45.043                0.000                0.000               45.043                0.000                0.000                0.000                0.000                0.000
    skip_loop[5].CSKIP2/FA3 full_adder_79                 5               45.043                0.000                0.000               45.043                0.000                0.000                0.000                0.000                0.000
    skip_loop[5].CSKIP2/FA4 full_adder_78                 5               47.546                0.000                0.000               47.546                0.000                0.000                0.000                0.000                0.000
  skip_loop[6].CSKIP2     skip4_102                    30              260.250                7.507                5.005              247.738                0.000                0.000                0.000                0.000                0.000
    skip_loop[6].CSKIP2/FA1 full_adder_77                 5               50.048                0.000                0.000               50.048                0.000                0.000                0.000                0.000                0.000
    skip_loop[6].CSKIP2/FA2 full_adder_76                 5               45.043                0.000                0.000               45.043                0.000                0.000                0.000                0.000                0.000
    skip_loop[6].CSKIP2/FA3 full_adder_75                 5               45.043                0.000                0.000               45.043                0.000                0.000                0.000                0.000                0.000
    skip_loop[6].CSKIP2/FA4 full_adder_74                 5               48.797                0.000                0.000               48.797                0.000                0.000                0.000                0.000                0.000
  skip_loop[7].CSKIP2     skip4_101                    40              302.790                3.754               16.266              282.771                0.000                0.000                0.000                0.000                0.000
    skip_loop[7].CSKIP2/FA1 full_adder_73                 6               53.802                3.754                0.000               50.048                0.000                0.000                0.000                0.000                0.000
    skip_loop[7].CSKIP2/FA2 full_adder_72                 8               52.550                0.000                0.000               52.550                0.000                0.000                0.000                0.000                0.000
    skip_loop[7].CSKIP2/FA3 full_adder_71                 9               63.811                0.000                3.754               60.058                0.000                0.000                0.000                0.000                0.000
    skip_loop[7].CSKIP2/FA4 full_adder_70                 9               58.806                0.000                3.754               55.053                0.000                0.000                0.000                0.000                0.000
