    Hinst Name            Module Name          Inst Count           Total Area
---------------------------------------------------------------------------
carry_skip4_32bits                                    283             2152.064
  CSKIP1                  skip4                        38              342.829
    CSKIP1/FA1            full_adder                    7               90.086
    CSKIP1/FA2            full_adder_100                8               47.546
    CSKIP1/FA3            full_adder_99                 8               47.546
    CSKIP1/FA4            full_adder_98                 6               42.541
  skip_loop[1].CSKIP2     skip4_107                    35              258.998
    skip_loop[1].CSKIP2/FA1 full_adder_97                 7               46.294
    skip_loop[1].CSKIP2/FA2 full_adder_96                 6               52.550
    skip_loop[1].CSKIP2/FA3 full_adder_95                 6               52.550
    skip_loop[1].CSKIP2/FA4 full_adder_94                 6               40.038
  skip_loop[2].CSKIP2     skip4_106                    34              232.723
    skip_loop[2].CSKIP2/FA1 full_adder_93                 6               42.541
    skip_loop[2].CSKIP2/FA2 full_adder_92                 6               42.541
    skip_loop[2].CSKIP2/FA3 full_adder_91                 6               42.541
    skip_loop[2].CSKIP2/FA4 full_adder_90                 6               42.541
  skip_loop[3].CSKIP2     skip4_105                    34              232.723
    skip_loop[3].CSKIP2/FA1 full_adder_89                 7               46.294
    skip_loop[3].CSKIP2/FA2 full_adder_88                 6               42.541
    skip_loop[3].CSKIP2/FA3 full_adder_87                 6               42.541
    skip_loop[3].CSKIP2/FA4 full_adder_86                 6               42.541
  skip_loop[4].CSKIP2     skip4_104                    35              243.984
    skip_loop[4].CSKIP2/FA1 full_adder_85                 6               42.541
    skip_loop[4].CSKIP2/FA2 full_adder_84                 6               42.541
    skip_loop[4].CSKIP2/FA3 full_adder_83                 6               42.541
    skip_loop[4].CSKIP2/FA4 full_adder_82                 6               42.541
  skip_loop[5].CSKIP2     skip4_103                    30              251.491
    skip_loop[5].CSKIP2/FA1 full_adder_81                 5               45.043
    skip_loop[5].CSKIP2/FA2 full_adder_80                 5               45.043
    skip_loop[5].CSKIP2/FA3 full_adder_79                 5               45.043
    skip_loop[5].CSKIP2/FA4 full_adder_78                 5               47.546
  skip_loop[6].CSKIP2     skip4_102                    30              260.250
    skip_loop[6].CSKIP2/FA1 full_adder_77                 5               50.048
    skip_loop[6].CSKIP2/FA2 full_adder_76                 5               45.043
    skip_loop[6].CSKIP2/FA3 full_adder_75                 5               45.043
    skip_loop[6].CSKIP2/FA4 full_adder_74                 5               48.797
  skip_loop[7].CSKIP2     skip4_101                    40              302.790
    skip_loop[7].CSKIP2/FA1 full_adder_73                 6               53.802
    skip_loop[7].CSKIP2/FA2 full_adder_72                 8               52.550
    skip_loop[7].CSKIP2/FA3 full_adder_71                 9               63.811
    skip_loop[7].CSKIP2/FA4 full_adder_70                 9               58.806
