###############################################################
#  Generated by:      Cadence Innovus 23.32-s091_1
#  OS:                Linux x86_64(Host ID cadmicro-inf-el8-623207)
#  Generated on:      Mon Apr  7 17:27:42 2025
#  Design:            carry_skip4_32bits
#  Command:           report_timing > reports/report_timing.rpt
###############################################################
Path 1: VIOLATED Path Delay Check
Endpoint:   Cout (^)
Beginpoint: A[0] (v) triggered by  leading edge of '@'
Path Groups: {default}
Analysis View: default_emulate_view
- External Delay                0.000
+ Path Delay                    4.901
= Required Time                 4.901
- Arrival Time                  5.014
= Slack Time                   -0.113
     Clock Rise Edge                      0.000
     + Input Delay                        0.000
     = Beginpoint Arrival Time            0.000
     +----------------------------------------------------------------------------------------------------------+ 
     |              Instance              |    Arc     |           Cell            | Delay | Arrival | Required | 
     |                                    |            |                           |       |  Time   |   Time   | 
     |------------------------------------+------------+---------------------------+-------+---------+----------| 
     |                                    | A[0] v     |                           |       |   0.000 |   -0.113 | 
     | CSKIP1/g194__5107                  | A v -> Y v | sky130_fd_sc_hd__xnor2_2  | 0.429 |   0.429 |    0.315 | 
     | CSKIP1/g185__7410                  | A v -> Y ^ | sky130_fd_sc_hd__nor2_2   | 0.153 |   0.581 |    0.468 | 
     | CSKIP1/g184__1666                  | A ^ -> Y v | sky130_fd_sc_hd__nand4_2  | 0.106 |   0.687 |    0.574 | 
     | CSKIP1/g183__2346                  | B v -> Y ^ | sky130_fd_sc_hd__nand2_4  | 0.140 |   0.827 |    0.714 | 
     | skip_loop[1].CSKIP2/FA1/g124__8428 | A ^ -> Y v | sky130_fd_sc_hd__nand2_2  | 0.053 |   0.881 |    0.767 | 
     | skip_loop[1].CSKIP2/FA1/g122__6260 | A v -> Y ^ | sky130_fd_sc_hd__nand2_2  | 0.081 |   0.962 |    0.848 | 
     | skip_loop[1].CSKIP2/FA2/g124__1705 | A ^ -> Y v | sky130_fd_sc_hd__nand2_4  | 0.058 |   1.020 |    0.906 | 
     | skip_loop[1].CSKIP2/FA2/g122__1617 | A v -> Y ^ | sky130_fd_sc_hd__nand2_4  | 0.069 |   1.089 |    0.975 | 
     | skip_loop[1].CSKIP2/FA3/g124__5115 | A ^ -> Y v | sky130_fd_sc_hd__nand2_4  | 0.057 |   1.146 |    1.032 | 
     | skip_loop[1].CSKIP2/FA3/g122__6131 | A v -> Y ^ | sky130_fd_sc_hd__nand2_4  | 0.057 |   1.202 |    1.089 | 
     | skip_loop[1].CSKIP2/FA4/g124__2883 | A ^ -> Y v | sky130_fd_sc_hd__nand2_2  | 0.051 |   1.253 |    1.140 | 
     | skip_loop[1].CSKIP2/FA4/g122__9315 | A v -> Y ^ | sky130_fd_sc_hd__nand2_2  | 0.053 |   1.306 |    1.193 | 
     | skip_loop[1].CSKIP2/g74            | A ^ -> Y v | sky130_fd_sc_hd__inv_2    | 0.047 |   1.353 |    1.240 | 
     | skip_loop[1].CSKIP2/g152__6417     | A v -> Y ^ | sky130_fd_sc_hd__nand2_4  | 0.060 |   1.413 |    1.300 | 
     | skip_loop[2].CSKIP2/FA1/g124__3680 | A ^ -> Y v | sky130_fd_sc_hd__nand2_2  | 0.049 |   1.463 |    1.349 | 
     | skip_loop[2].CSKIP2/FA1/g122__5526 | A v -> Y ^ | sky130_fd_sc_hd__nand2_2  | 0.063 |   1.526 |    1.412 | 
     | skip_loop[2].CSKIP2/FA2/g124__7098 | A ^ -> Y v | sky130_fd_sc_hd__nand2_2  | 0.053 |   1.579 |    1.465 | 
     | skip_loop[2].CSKIP2/FA2/g122__5122 | A v -> Y ^ | sky130_fd_sc_hd__nand2_2  | 0.071 |   1.649 |    1.536 | 
     | skip_loop[2].CSKIP2/FA3/g124__6161 | A ^ -> Y v | sky130_fd_sc_hd__nand2_2  | 0.054 |   1.703 |    1.590 | 
     | skip_loop[2].CSKIP2/FA3/g122__7482 | A v -> Y ^ | sky130_fd_sc_hd__nand2_2  | 0.070 |   1.773 |    1.660 | 
     | skip_loop[2].CSKIP2/FA4/g124__7410 | A ^ -> Y v | sky130_fd_sc_hd__nand2_2  | 0.056 |   1.829 |    1.716 | 
     | skip_loop[2].CSKIP2/FA4/g122__2346 | A v -> Y ^ | sky130_fd_sc_hd__nand2_2  | 0.054 |   1.883 |    1.770 | 
     | skip_loop[2].CSKIP2/g74            | A ^ -> Y v | sky130_fd_sc_hd__inv_2    | 0.036 |   1.919 |    1.805 | 
     | skip_loop[2].CSKIP2/g152__5107     | A v -> Y ^ | sky130_fd_sc_hd__nand2_2  | 0.069 |   1.987 |    1.874 | 
     | skip_loop[3].CSKIP2/FA1/g124__1705 | A ^ -> Y v | sky130_fd_sc_hd__nand2_2  | 0.053 |   2.041 |    1.927 | 
     | skip_loop[3].CSKIP2/FA1/g122__1617 | A v -> Y ^ | sky130_fd_sc_hd__nand2_2  | 0.070 |   2.111 |    1.997 | 
     | skip_loop[3].CSKIP2/FA2/g124__5115 | A ^ -> Y v | sky130_fd_sc_hd__nand2_2  | 0.056 |   2.167 |    2.054 | 
     | skip_loop[3].CSKIP2/FA2/g122__6131 | A v -> Y ^ | sky130_fd_sc_hd__nand2_2  | 0.066 |   2.234 |    2.120 | 
     | skip_loop[3].CSKIP2/FA3/g124__2883 | A ^ -> Y v | sky130_fd_sc_hd__nand2_2  | 0.053 |   2.287 |    2.173 | 
     | skip_loop[3].CSKIP2/FA3/g122__9315 | A v -> Y ^ | sky130_fd_sc_hd__nand2_2  | 0.071 |   2.358 |    2.244 | 
     | skip_loop[3].CSKIP2/FA4/g124__2398 | A ^ -> Y v | sky130_fd_sc_hd__nand2_2  | 0.054 |   2.412 |    2.298 | 
     | skip_loop[3].CSKIP2/FA4/g122__6417 | A v -> Y ^ | sky130_fd_sc_hd__nand2_2  | 0.053 |   2.465 |    2.352 | 
     | skip_loop[3].CSKIP2/g74            | A ^ -> Y v | sky130_fd_sc_hd__inv_2    | 0.036 |   2.501 |    2.388 | 
     | skip_loop[3].CSKIP2/g152__8428     | A v -> Y ^ | sky130_fd_sc_hd__nand2_2  | 0.057 |   2.559 |    2.445 | 
     | skip_loop[4].CSKIP2/FA1/g124__7098 | A ^ -> Y v | sky130_fd_sc_hd__nand2_2  | 0.049 |   2.608 |    2.495 | 
     | skip_loop[4].CSKIP2/FA1/g122__5122 | A v -> Y ^ | sky130_fd_sc_hd__nand2_2  | 0.070 |   2.678 |    2.565 | 
     | skip_loop[4].CSKIP2/FA2/g124__6161 | A ^ -> Y v | sky130_fd_sc_hd__nand2_2  | 0.054 |   2.732 |    2.618 | 
     | skip_loop[4].CSKIP2/FA2/g122__7482 | A v -> Y ^ | sky130_fd_sc_hd__nand2_2  | 0.065 |   2.797 |    2.683 | 
     | skip_loop[4].CSKIP2/FA3/g124__7410 | A ^ -> Y v | sky130_fd_sc_hd__nand2_2  | 0.053 |   2.849 |    2.736 | 
     | skip_loop[4].CSKIP2/FA3/g122__2346 | A v -> Y ^ | sky130_fd_sc_hd__nand2_2  | 0.062 |   2.912 |    2.798 | 
     | skip_loop[4].CSKIP2/FA4/g124__4319 | A ^ -> Y v | sky130_fd_sc_hd__nand2_2  | 0.054 |   2.965 |    2.852 | 
     | skip_loop[4].CSKIP2/FA4/g122__5107 | A v -> Y ^ | sky130_fd_sc_hd__nand2_2  | 0.052 |   3.018 |    2.904 | 
     | skip_loop[4].CSKIP2/g74            | A ^ -> Y v | sky130_fd_sc_hd__inv_2    | 0.045 |   3.062 |    2.949 | 
     | skip_loop[4].CSKIP2/g152__3680     | A v -> Y ^ | sky130_fd_sc_hd__nand2_4  | 0.055 |   3.117 |    3.003 | 
     | skip_loop[5].CSKIP2/FA1/g124__1881 | A ^ -> Y v | sky130_fd_sc_hd__nand2_2  | 0.047 |   3.164 |    3.051 | 
     | skip_loop[5].CSKIP2/FA1/g122__6131 | A v -> Y ^ | sky130_fd_sc_hd__nand2_2  | 0.062 |   3.226 |    3.113 | 
     | skip_loop[5].CSKIP2/FA2/g124__9315 | A ^ -> Y v | sky130_fd_sc_hd__nand2_2  | 0.052 |   3.278 |    3.165 | 
     | skip_loop[5].CSKIP2/FA2/g122__6161 | A v -> Y ^ | sky130_fd_sc_hd__nand2_2  | 0.073 |   3.352 |    3.238 | 
     | skip_loop[5].CSKIP2/FA3/g124__7410 | A ^ -> Y v | sky130_fd_sc_hd__nand2_2  | 0.054 |   3.406 |    3.292 | 
     | skip_loop[5].CSKIP2/FA3/g122__1666 | A v -> Y ^ | sky130_fd_sc_hd__nand2_2  | 0.061 |   3.466 |    3.353 | 
     | skip_loop[5].CSKIP2/FA4/g124__6260 | A ^ -> Y v | sky130_fd_sc_hd__nand2_2  | 0.051 |   3.518 |    3.404 | 
     | skip_loop[5].CSKIP2/FA4/g122__5107 | A v -> Y ^ | sky130_fd_sc_hd__nand2_2  | 0.056 |   3.574 |    3.460 | 
     | skip_loop[5].CSKIP2/g74            | A ^ -> Y v | sky130_fd_sc_hd__clkinv_2 | 0.065 |   3.639 |    3.526 | 
     | skip_loop[5].CSKIP2/g157__6783     | A v -> Y ^ | sky130_fd_sc_hd__nand2_4  | 0.062 |   3.702 |    3.588 | 
     | skip_loop[6].CSKIP2/FA1/g124__1881 | A ^ -> Y v | sky130_fd_sc_hd__nand2_2  | 0.048 |   3.750 |    3.637 | 
     | skip_loop[6].CSKIP2/FA1/g122__7098 | A v -> Y ^ | sky130_fd_sc_hd__nand2_2  | 0.061 |   3.811 |    3.698 | 
     | skip_loop[6].CSKIP2/FA2/g124__9945 | A ^ -> Y v | sky130_fd_sc_hd__nand2_2  | 0.054 |   3.865 |    3.752 | 
     | skip_loop[6].CSKIP2/FA2/g122__6161 | A v -> Y ^ | sky130_fd_sc_hd__nand2_2  | 0.074 |   3.939 |    3.826 | 
     | skip_loop[6].CSKIP2/FA3/g124__5477 | A ^ -> Y v | sky130_fd_sc_hd__nand2_2  | 0.055 |   3.994 |    3.880 | 
     | skip_loop[6].CSKIP2/FA3/g122__7410 | A v -> Y ^ | sky130_fd_sc_hd__nand2_2  | 0.068 |   4.062 |    3.948 | 
     | skip_loop[6].CSKIP2/FA4/g124__5526 | A ^ -> Y v | sky130_fd_sc_hd__nand2_2  | 0.053 |   4.115 |    4.002 | 
     | skip_loop[6].CSKIP2/FA4/g122__4319 | A v -> Y ^ | sky130_fd_sc_hd__nand2_2  | 0.057 |   4.172 |    4.059 | 
     | skip_loop[6].CSKIP2/g174           | A ^ -> Y v | sky130_fd_sc_hd__clkinv_2 | 0.065 |   4.237 |    4.124 | 
     | skip_loop[6].CSKIP2/g167__2802     | A v -> Y ^ | sky130_fd_sc_hd__nand2_4  | 0.064 |   4.301 |    4.188 | 
     | skip_loop[7].CSKIP2/FA1/g124__4733 | A ^ -> Y v | sky130_fd_sc_hd__nand2_2  | 0.051 |   4.352 |    4.238 | 
     | skip_loop[7].CSKIP2/FA1/g122__5115 | A v -> Y ^ | sky130_fd_sc_hd__nand2_2  | 0.074 |   4.426 |    4.313 | 
     | skip_loop[7].CSKIP2/FA2/g126__6417 | A ^ -> Y v | sky130_fd_sc_hd__nand2_2  | 0.055 |   4.481 |    4.367 | 
     | skip_loop[7].CSKIP2/FA2/g122__2883 | A v -> Y ^ | sky130_fd_sc_hd__nand2_2  | 0.083 |   4.564 |    4.450 | 
     | skip_loop[7].CSKIP2/FA3/g127__6783 | A ^ -> Y v | sky130_fd_sc_hd__nand2_2  | 0.057 |   4.621 |    4.507 | 
     | skip_loop[7].CSKIP2/FA3/g123__6260 | A v -> Y ^ | sky130_fd_sc_hd__nand2_2  | 0.083 |   4.704 |    4.591 | 
     | skip_loop[7].CSKIP2/FA4/g127__7098 | A ^ -> Y v | sky130_fd_sc_hd__nand2_2  | 0.057 |   4.761 |    4.648 | 
     | skip_loop[7].CSKIP2/FA4/g123__1705 | A v -> Y ^ | sky130_fd_sc_hd__nand2_2  | 0.076 |   4.837 |    4.724 | 
     | skip_loop[7].CSKIP2/g79            | A ^ -> Y v | sky130_fd_sc_hd__clkinv_4 | 0.072 |   4.909 |    4.795 | 
     | skip_loop[7].CSKIP2/g167__4733     | A v -> Y ^ | sky130_fd_sc_hd__nand2_8  | 0.105 |   5.014 |    4.900 | 
     |                                    | Cout ^     |                           | 0.001 |   5.014 |    4.901 | 
     +----------------------------------------------------------------------------------------------------------+ 

