    Hinst Name                               Module Name                     Inst Count           Total Area
---------------------------------------------------------------------------------------------------------
carry_select_adder_68810_32bits                                                     451             3624.726
  CSA_BLOCKS[1].RCA_C0                       ripple_carry_adder_WIDTH8               52              454.186
    CSA_BLOCKS[1].RCA_C0/F1A                 full_adder_32_225                        4               40.038
    CSA_BLOCKS[1].RCA_C0/full_adder_loop[1].FA full_adder_219                           8               53.802
    CSA_BLOCKS[1].RCA_C0/full_adder_loop[2].FA full_adder_218                           8               65.062
    CSA_BLOCKS[1].RCA_C0/full_adder_loop[3].FA full_adder_217                           6               47.546
    CSA_BLOCKS[1].RCA_C0/full_adder_loop[4].FA full_adder_216                           6               60.058
    CSA_BLOCKS[1].RCA_C0/full_adder_loop[5].FA full_adder_215                           6               60.058
    CSA_BLOCKS[1].RCA_C0/full_adder_loop[6].FA full_adder_214                           6               60.058
    CSA_BLOCKS[1].RCA_C0/full_adder_loop[7].FA full_adder_213                           6               60.058
  CSA_BLOCKS[1].RCA_C1                       ripple_carry_adder_WIDTH8_3_228         54              439.171
    CSA_BLOCKS[1].RCA_C1/F1A                 full_adder_40_226                        4               36.285
    CSA_BLOCKS[1].RCA_C1/full_adder_loop[1].FA full_adder_203                           8               62.560
    CSA_BLOCKS[1].RCA_C1/full_adder_loop[2].FA full_adder_202                           8               57.555
    CSA_BLOCKS[1].RCA_C1/full_adder_loop[3].FA full_adder_201                           8               55.053
    CSA_BLOCKS[1].RCA_C1/full_adder_loop[4].FA full_adder_200                           6               55.053
    CSA_BLOCKS[1].RCA_C1/full_adder_loop[5].FA full_adder_199                           6               55.053
    CSA_BLOCKS[1].RCA_C1/full_adder_loop[6].FA full_adder_198                           6               55.053
    CSA_BLOCKS[1].RCA_C1/full_adder_loop[7].FA full_adder_197                           6               55.053
  CSA_BLOCKS[2].RCA_C0                       ripple_carry_adder_WIDTH8_227           55              422.906
    CSA_BLOCKS[2].RCA_C0/F1A                 full_adder_32                            4               25.024
    CSA_BLOCKS[2].RCA_C0/full_adder_loop[1].FA full_adder_196                           8               56.304
    CSA_BLOCKS[2].RCA_C0/full_adder_loop[2].FA full_adder_195                           8               52.550
    CSA_BLOCKS[2].RCA_C0/full_adder_loop[3].FA full_adder_194                           6               52.550
    CSA_BLOCKS[2].RCA_C0/full_adder_loop[4].FA full_adder_193                           6               55.053
    CSA_BLOCKS[2].RCA_C0/full_adder_loop[5].FA full_adder_192                           6               52.550
    CSA_BLOCKS[2].RCA_C0/full_adder_loop[6].FA full_adder_191                           6               55.053
    CSA_BLOCKS[2].RCA_C0/full_adder_loop[7].FA full_adder_190                           6               55.053
  CSA_BLOCKS[2].RCA_C1                       ripple_carry_adder_WIDTH8_3             50              396.630
    CSA_BLOCKS[2].RCA_C1/F1A                 full_adder_40                            4               32.531
    CSA_BLOCKS[2].RCA_C1/full_adder_loop[1].FA full_adder_189                           8               56.304
    CSA_BLOCKS[2].RCA_C1/full_adder_loop[2].FA full_adder_188                           8               45.043
    CSA_BLOCKS[2].RCA_C1/full_adder_loop[3].FA full_adder_187                           6               45.043
    CSA_BLOCKS[2].RCA_C1/full_adder_loop[4].FA full_adder_186                           6               55.053
    CSA_BLOCKS[2].RCA_C1/full_adder_loop[5].FA full_adder_185                           6               56.304
    CSA_BLOCKS[2].RCA_C1/full_adder_loop[6].FA full_adder_184                           6               53.802
    CSA_BLOCKS[2].RCA_C1/full_adder_loop[7].FA full_adder_183                           6               52.550
  CSA_BLOCKS[3].RCA_C0                       ripple_carry_adder_WIDTH10              60              440.422
    CSA_BLOCKS[3].RCA_C0/F1A                 full_adder_14                            4               26.275
    CSA_BLOCKS[3].RCA_C0/full_adder_loop[1].FA full_adder_212                           8               48.797
    CSA_BLOCKS[3].RCA_C0/full_adder_loop[2].FA full_adder_211                           6               40.038
    CSA_BLOCKS[3].RCA_C0/full_adder_loop[3].FA full_adder_210                           6               41.290
    CSA_BLOCKS[3].RCA_C0/full_adder_loop[4].FA full_adder_209                           6               41.290
    CSA_BLOCKS[3].RCA_C0/full_adder_loop[5].FA full_adder_208                           6               43.792
    CSA_BLOCKS[3].RCA_C0/full_adder_loop[6].FA full_adder_207                           6               52.550
    CSA_BLOCKS[3].RCA_C0/full_adder_loop[7].FA full_adder_206                           6               57.555
    CSA_BLOCKS[3].RCA_C0/full_adder_loop[8].FA full_adder_205                           6               45.043
    CSA_BLOCKS[3].RCA_C0/full_adder_loop[9].FA full_adder_204                           6               43.792
  CSA_BLOCKS[3].RCA_C1                       ripple_carry_adder_WIDTH10_1            58              435.418
    CSA_BLOCKS[3].RCA_C1/F1A                 full_adder_48                            4               23.773
    CSA_BLOCKS[3].RCA_C1/full_adder_loop[1].FA full_adder_182                           8               45.043
    CSA_BLOCKS[3].RCA_C1/full_adder_loop[2].FA full_adder_181                           6               43.792
    CSA_BLOCKS[3].RCA_C1/full_adder_loop[3].FA full_adder_180                           6               43.792
    CSA_BLOCKS[3].RCA_C1/full_adder_loop[4].FA full_adder_179                           6               40.038
    CSA_BLOCKS[3].RCA_C1/full_adder_loop[5].FA full_adder_178                           6               40.038
    CSA_BLOCKS[3].RCA_C1/full_adder_loop[6].FA full_adder_177                           6               40.038
    CSA_BLOCKS[3].RCA_C1/full_adder_loop[7].FA full_adder_176                           6               57.555
    CSA_BLOCKS[3].RCA_C1/full_adder_loop[8].FA full_adder_175                           5               56.304
    CSA_BLOCKS[3].RCA_C1/full_adder_loop[9].FA full_adder_174                           5               45.043
  RCA_LSB                                    ripple_carry_adder_WIDTH6               39              291.530
    RCA_LSB/F1A                              full_adder                               5               38.787
    RCA_LSB/full_adder_loop[1].FA            full_adder_224                           8               45.043
    RCA_LSB/full_adder_loop[2].FA            full_adder_223                           6               40.038
    RCA_LSB/full_adder_loop[3].FA            full_adder_222                           6               40.038
    RCA_LSB/full_adder_loop[4].FA            full_adder_221                           5               46.294
    RCA_LSB/full_adder_loop[5].FA            full_adder_220                           5               66.314
