###############################################################
#  Generated by:      Cadence Innovus 23.32-s091_1
#  OS:                Linux x86_64(Host ID cadmicro-inf-el8-623207)
#  Generated on:      Mon Apr  7 19:02:47 2025
#  Design:            carry_select_adder_68810_32bits
#  Command:           report_timing > reports/report_timing.rpt
###############################################################
Path 1: VIOLATED Path Delay Check
Endpoint:   S[27] (^)
Beginpoint: A[14] (v) triggered by  leading edge of '@'
Path Groups: {default}
Analysis View: default_emulate_view
- External Delay                0.000
+ Path Delay                    1.820
= Required Time                 1.820
- Arrival Time                  1.976
= Slack Time                   -0.156
     Clock Rise Edge                      0.000
     + Input Delay                        0.000
     = Beginpoint Arrival Time            0.000
     +---------------------------------------------------------------------------------------------------------------------------+ 
     |                      Instance                      |     Arc     |           Cell            | Delay | Arrival | Required | 
     |                                                    |             |                           |       |  Time   |   Time   | 
     |----------------------------------------------------+-------------+---------------------------+-------+---------+----------| 
     |                                                    | A[14] v     |                           |       |   0.000 |   -0.156 | 
     | CSA_BLOCKS[2].RCA_C0/F1A/g2                        | B v -> X v  | sky130_fd_sc_hd__and2_4   | 0.540 |   0.540 |    0.384 | 
     | CSA_BLOCKS[2].RCA_C0/full_adder_loop[1].FA/g152__1 | A v -> Y ^  | sky130_fd_sc_hd__nand2_2  | 0.066 |   0.607 |    0.450 | 
     | 617                                                |             |                           |       |         |          | 
     | CSA_BLOCKS[2].RCA_C0/full_adder_loop[1].FA/g150__6 | A ^ -> Y v  | sky130_fd_sc_hd__nand2_2  | 0.055 |   0.661 |    0.505 | 
     | 783                                                |             |                           |       |         |          | 
     | CSA_BLOCKS[2].RCA_C0/full_adder_loop[2].FA/g87__61 | A v -> Y ^  | sky130_fd_sc_hd__nand2_2  | 0.078 |   0.739 |    0.583 | 
     | 31                                                 |             |                           |       |         |          | 
     | CSA_BLOCKS[2].RCA_C0/full_adder_loop[2].FA/g85__82 | A ^ -> Y v  | sky130_fd_sc_hd__nand2_4  | 0.057 |   0.796 |    0.639 | 
     | 46                                                 |             |                           |       |         |          | 
     | CSA_BLOCKS[2].RCA_C0/full_adder_loop[3].FA/g87__93 | A v -> Y ^  | sky130_fd_sc_hd__nand2_4  | 0.066 |   0.861 |    0.705 | 
     | 15                                                 |             |                           |       |         |          | 
     | CSA_BLOCKS[2].RCA_C0/full_adder_loop[3].FA/g85__47 | A ^ -> Y v  | sky130_fd_sc_hd__nand2_4  | 0.055 |   0.916 |    0.760 | 
     | 33                                                 |             |                           |       |         |          | 
     | CSA_BLOCKS[2].RCA_C0/full_adder_loop[4].FA/g87__64 | A v -> Y ^  | sky130_fd_sc_hd__nand2_4  | 0.071 |   0.987 |    0.831 | 
     | 17                                                 |             |                           |       |         |          | 
     | CSA_BLOCKS[2].RCA_C0/full_adder_loop[4].FA/g85__16 | A ^ -> Y v  | sky130_fd_sc_hd__nand2_4  | 0.053 |   1.040 |    0.884 | 
     | 66                                                 |             |                           |       |         |          | 
     | CSA_BLOCKS[2].RCA_C0/full_adder_loop[5].FA/g16     | A v -> Y ^  | sky130_fd_sc_hd__clkinv_4 | 0.054 |   1.094 |    0.938 | 
     | CSA_BLOCKS[2].RCA_C0/full_adder_loop[5].FA/g14     | A2 ^ -> Y v | sky130_fd_sc_hd__o21ai_4  | 0.055 |   1.149 |    0.993 | 
     | CSA_BLOCKS[2].RCA_C0/full_adder_loop[6].FA/g17     | A v -> Y ^  | sky130_fd_sc_hd__nand2_4  | 0.079 |   1.228 |    1.071 | 
     | CSA_BLOCKS[2].RCA_C0/full_adder_loop[6].FA/g16     | A ^ -> Y v  | sky130_fd_sc_hd__nand2_4  | 0.053 |   1.281 |    1.124 | 
     | CSA_BLOCKS[2].RCA_C0/full_adder_loop[7].FA/g15     | A v -> Y ^  | sky130_fd_sc_hd__nand2_4  | 0.056 |   1.336 |    1.180 | 
     | CSA_BLOCKS[2].RCA_C0/full_adder_loop[7].FA/g14     | A ^ -> Y v  | sky130_fd_sc_hd__nand2_4  | 0.049 |   1.385 |    1.229 | 
     | g36                                                | A v -> Y ^  | sky130_fd_sc_hd__nand3_2  | 0.069 |   1.454 |    1.298 | 
     | g35                                                | A ^ -> Y v  | sky130_fd_sc_hd__nand2_2  | 0.065 |   1.519 |    1.363 | 
     | g34                                                | A v -> Y ^  | sky130_fd_sc_hd__clkinv_4 | 0.074 |   1.593 |    1.437 | 
     | g10580                                             | A ^ -> Y v  | sky130_fd_sc_hd__nand2_4  | 0.066 |   1.659 |    1.503 | 
     | g10579                                             | A v -> Y ^  | sky130_fd_sc_hd__clkinv_8 | 0.070 |   1.729 |    1.573 | 
     | g10400__9315                                       | A ^ -> Y v  | sky130_fd_sc_hd__nand2_1  | 0.084 |   1.813 |    1.657 | 
     | g10385__5526                                       | A v -> Y ^  | sky130_fd_sc_hd__nand2_4  | 0.161 |   1.974 |    1.818 | 
     |                                                    | S[27] ^     |                           | 0.002 |   1.976 |    1.820 | 
     +---------------------------------------------------------------------------------------------------------------------------+ 

