###############################################################
#  Generated by:      Cadence Innovus 23.32-s091_1
#  OS:                Linux x86_64(Host ID cadmicro-inf-el8-623207)
#  Generated on:      Wed Apr  9 12:40:01 2025
#  Design:            carry_bypass8_32bits
#  Command:           report_timing > reports/report_timing.rpt
###############################################################
Path 1: VIOLATED Path Delay Check
Endpoint:   Cout (v)
Beginpoint: A[0] (v) triggered by  leading edge of '@'
Path Groups: {default}
Analysis View: default_emulate_view
- External Delay                0.000
+ Path Delay                    4.350
= Required Time                 4.350
- Arrival Time                  4.566
= Slack Time                   -0.216
     Clock Rise Edge                      0.000
     + Input Delay                        0.000
     = Beginpoint Arrival Time            0.000
     +-----------------------------------------------------------------------------------------------------------+ 
     |              Instance              |     Arc     |           Cell            | Delay | Arrival | Required | 
     |                                    |             |                           |       |  Time   |   Time   | 
     |------------------------------------+-------------+---------------------------+-------+---------+----------| 
     |                                    | A[0] v      |                           |       |   0.000 |   -0.216 | 
     | BPS1/FA1/g60                       | A v -> Y ^  | sky130_fd_sc_hd__nor2_8   | 0.336 |   0.336 |    0.120 | 
     | BPS1/FA1/g58                       | A2 ^ -> Y v | sky130_fd_sc_hd__o21ai_2  | 0.094 |   0.430 |    0.214 | 
     | BPS1/FA2/g24                       | A v -> Y ^  | sky130_fd_sc_hd__clkinv_2 | 0.066 |   0.496 |    0.280 | 
     | BPS1/FA2/g21                       | A2 ^ -> Y v | sky130_fd_sc_hd__o21ai_4  | 0.058 |   0.554 |    0.338 | 
     | BPS1/FA3/g124__7098                | A v -> Y ^  | sky130_fd_sc_hd__nand2_4  | 0.071 |   0.626 |    0.409 | 
     | BPS1/FA3/g122__5122                | A ^ -> Y v  | sky130_fd_sc_hd__nand2_4  | 0.051 |   0.676 |    0.460 | 
     | BPS1/FA4/g124__6161                | A v -> Y ^  | sky130_fd_sc_hd__nand2_4  | 0.064 |   0.740 |    0.524 | 
     | BPS1/FA4/g122__7482                | A ^ -> Y v  | sky130_fd_sc_hd__nand2_4  | 0.056 |   0.796 |    0.580 | 
     | BPS1/FA5/g124__7410                | A v -> Y ^  | sky130_fd_sc_hd__nand2_4  | 0.064 |   0.860 |    0.644 | 
     | BPS1/FA5/g122__2346                | A ^ -> Y v  | sky130_fd_sc_hd__nand2_4  | 0.050 |   0.910 |    0.694 | 
     | BPS1/FA6/g124__4319                | A v -> Y ^  | sky130_fd_sc_hd__nand2_4  | 0.063 |   0.973 |    0.757 | 
     | BPS1/FA6/g122__5107                | A ^ -> Y v  | sky130_fd_sc_hd__nand2_4  | 0.053 |   1.025 |    0.809 | 
     | BPS1/FA7/g124__2802                | A v -> Y ^  | sky130_fd_sc_hd__nand2_4  | 0.064 |   1.090 |    0.874 | 
     | BPS1/FA7/g122__3680                | A ^ -> Y v  | sky130_fd_sc_hd__nand2_4  | 0.054 |   1.144 |    0.928 | 
     | BPS1/FA8/g124__1881                | A v -> Y ^  | sky130_fd_sc_hd__nand2_4  | 0.065 |   1.209 |    0.992 | 
     | BPS1/FA8/g122__7098                | A ^ -> Y v  | sky130_fd_sc_hd__nand2_4  | 0.047 |   1.255 |    1.039 | 
     | BPS1/g5                            | A v -> Y ^  | sky130_fd_sc_hd__nand2_4  | 0.060 |   1.316 |    1.099 | 
     | BPS1/g1                            | A ^ -> Y v  | sky130_fd_sc_hd__nand2_4  | 0.054 |   1.370 |    1.154 | 
     | bypass_loop[1].BPS2/FA1/g124__5526 | A v -> Y ^  | sky130_fd_sc_hd__nand2_4  | 0.066 |   1.436 |    1.219 | 
     | bypass_loop[1].BPS2/FA1/g122__4319 | A ^ -> Y v  | sky130_fd_sc_hd__nand2_4  | 0.051 |   1.486 |    1.270 | 
     | bypass_loop[1].BPS2/FA2/g124__5122 | A v -> Y ^  | sky130_fd_sc_hd__nand2_4  | 0.063 |   1.550 |    1.333 | 
     | bypass_loop[1].BPS2/FA2/g122__2802 | A ^ -> Y v  | sky130_fd_sc_hd__nand2_4  | 0.056 |   1.606 |    1.390 | 
     | bypass_loop[1].BPS2/FA3/g124__7482 | A v -> Y ^  | sky130_fd_sc_hd__nand2_4  | 0.065 |   1.671 |    1.454 | 
     | bypass_loop[1].BPS2/FA3/g122__1881 | A ^ -> Y v  | sky130_fd_sc_hd__nand2_4  | 0.052 |   1.722 |    1.506 | 
     | bypass_loop[1].BPS2/FA4/g124__2346 | A v -> Y ^  | sky130_fd_sc_hd__nand2_4  | 0.064 |   1.787 |    1.571 | 
     | bypass_loop[1].BPS2/FA4/g122__9945 | A ^ -> Y v  | sky130_fd_sc_hd__nand2_4  | 0.052 |   1.839 |    1.622 | 
     | bypass_loop[1].BPS2/FA5/g124__5107 | A v -> Y ^  | sky130_fd_sc_hd__nand2_4  | 0.064 |   1.902 |    1.686 | 
     | bypass_loop[1].BPS2/FA5/g122__5477 | A ^ -> Y v  | sky130_fd_sc_hd__nand2_4  | 0.054 |   1.956 |    1.740 | 
     | bypass_loop[1].BPS2/FA6/g124__3680 | A v -> Y ^  | sky130_fd_sc_hd__nand2_4  | 0.063 |   2.019 |    1.803 | 
     | bypass_loop[1].BPS2/FA6/g122__5526 | A ^ -> Y v  | sky130_fd_sc_hd__nand2_4  | 0.054 |   2.073 |    1.856 | 
     | bypass_loop[1].BPS2/FA7/g124__7098 | A v -> Y ^  | sky130_fd_sc_hd__nand2_4  | 0.063 |   2.136 |    1.920 | 
     | bypass_loop[1].BPS2/FA7/g122__5122 | A ^ -> Y v  | sky130_fd_sc_hd__nand2_4  | 0.051 |   2.187 |    1.971 | 
     | bypass_loop[1].BPS2/FA8/g124__6161 | A v -> Y ^  | sky130_fd_sc_hd__nand2_4  | 0.062 |   2.250 |    2.033 | 
     | bypass_loop[1].BPS2/FA8/g122__7482 | A ^ -> Y v  | sky130_fd_sc_hd__nand2_4  | 0.047 |   2.297 |    2.080 | 
     | bypass_loop[1].BPS2/g19            | A v -> Y ^  | sky130_fd_sc_hd__nand2_4  | 0.061 |   2.357 |    2.141 | 
     | bypass_loop[1].BPS2/g18            | A ^ -> Y v  | sky130_fd_sc_hd__nand2_4  | 0.059 |   2.417 |    2.201 | 
     | bypass_loop[2].BPS2/FA1/g124__5122 | A v -> Y ^  | sky130_fd_sc_hd__nand2_4  | 0.061 |   2.478 |    2.261 | 
     | bypass_loop[2].BPS2/FA1/g122__2802 | A ^ -> Y v  | sky130_fd_sc_hd__nand2_4  | 0.053 |   2.530 |    2.314 | 
     | bypass_loop[2].BPS2/FA2/g124__7482 | A v -> Y ^  | sky130_fd_sc_hd__nand2_4  | 0.063 |   2.593 |    2.377 | 
     | bypass_loop[2].BPS2/FA2/g122__1881 | A ^ -> Y v  | sky130_fd_sc_hd__nand2_4  | 0.053 |   2.647 |    2.431 | 
     | bypass_loop[2].BPS2/FA3/g124__2883 | A v -> Y ^  | sky130_fd_sc_hd__nand2_4  | 0.065 |   2.712 |    2.496 | 
     | bypass_loop[2].BPS2/FA3/g122__9945 | A ^ -> Y v  | sky130_fd_sc_hd__nand2_4  | 0.051 |   2.763 |    2.547 | 
     | bypass_loop[2].BPS2/FA4/g124__5477 | A v -> Y ^  | sky130_fd_sc_hd__nand2_4  | 0.063 |   2.827 |    2.610 | 
     | bypass_loop[2].BPS2/FA4/g122__6417 | A ^ -> Y v  | sky130_fd_sc_hd__nand2_4  | 0.050 |   2.877 |    2.660 | 
     | bypass_loop[2].BPS2/FA5/g124__8428 | A v -> Y ^  | sky130_fd_sc_hd__nand2_4  | 0.062 |   2.939 |    2.723 | 
     | bypass_loop[2].BPS2/FA5/g122__4319 | A ^ -> Y v  | sky130_fd_sc_hd__nand2_4  | 0.051 |   2.990 |    2.774 | 
     | bypass_loop[2].BPS2/FA6/g124__2802 | A v -> Y ^  | sky130_fd_sc_hd__nand2_4  | 0.064 |   3.054 |    2.838 | 
     | bypass_loop[2].BPS2/FA6/g122__1617 | A ^ -> Y v  | sky130_fd_sc_hd__nand2_4  | 0.051 |   3.105 |    2.889 | 
     | bypass_loop[2].BPS2/FA7/g124__6131 | A v -> Y ^  | sky130_fd_sc_hd__nand2_4  | 0.065 |   3.170 |    2.954 | 
     | bypass_loop[2].BPS2/FA7/g122__7098 | A ^ -> Y v  | sky130_fd_sc_hd__nand2_4  | 0.052 |   3.222 |    3.006 | 
     | bypass_loop[2].BPS2/FA8/g124__9315 | A v -> Y ^  | sky130_fd_sc_hd__nand2_4  | 0.064 |   3.286 |    3.070 | 
     | bypass_loop[2].BPS2/FA8/g122__4733 | A ^ -> Y v  | sky130_fd_sc_hd__nand2_4  | 0.047 |   3.334 |    3.117 | 
     | bypass_loop[2].BPS2/g19            | A v -> Y ^  | sky130_fd_sc_hd__nand2_4  | 0.061 |   3.395 |    3.179 | 
     | bypass_loop[2].BPS2/g18            | A ^ -> Y v  | sky130_fd_sc_hd__nand2_4  | 0.066 |   3.461 |    3.245 | 
     | bypass_loop[3].BPS2/FA1/g124__8246 | A v -> Y ^  | sky130_fd_sc_hd__nand2_4  | 0.063 |   3.524 |    3.308 | 
     | bypass_loop[3].BPS2/FA1/g122__1705 | A ^ -> Y v  | sky130_fd_sc_hd__nand2_4  | 0.051 |   3.575 |    3.359 | 
     | bypass_loop[3].BPS2/FA2/g124__4733 | A v -> Y ^  | sky130_fd_sc_hd__nand2_4  | 0.062 |   3.637 |    3.421 | 
     | bypass_loop[3].BPS2/FA2/g122__5115 | A ^ -> Y v  | sky130_fd_sc_hd__nand2_4  | 0.053 |   3.690 |    3.474 | 
     | bypass_loop[3].BPS2/FA3/g124__1666 | A v -> Y ^  | sky130_fd_sc_hd__nand2_4  | 0.063 |   3.753 |    3.537 | 
     | bypass_loop[3].BPS2/FA3/g122__2883 | A ^ -> Y v  | sky130_fd_sc_hd__nand2_4  | 0.050 |   3.803 |    3.587 | 
     | bypass_loop[3].BPS2/FA4/g124__6260 | A v -> Y ^  | sky130_fd_sc_hd__nand2_4  | 0.064 |   3.867 |    3.651 | 
     | bypass_loop[3].BPS2/FA4/g122__2398 | A ^ -> Y v  | sky130_fd_sc_hd__nand2_4  | 0.053 |   3.919 |    3.703 | 
     | bypass_loop[3].BPS2/FA5/g124__1617 | A v -> Y ^  | sky130_fd_sc_hd__nand2_4  | 0.063 |   3.982 |    3.766 | 
     | bypass_loop[3].BPS2/FA5/g122__6783 | A ^ -> Y v  | sky130_fd_sc_hd__nand2_4  | 0.056 |   4.039 |    3.823 | 
     | bypass_loop[3].BPS2/FA6/g124__6131 | A v -> Y ^  | sky130_fd_sc_hd__nand2_4  | 0.067 |   4.105 |    3.889 | 
     | bypass_loop[3].BPS2/FA6/g122__8246 | A ^ -> Y v  | sky130_fd_sc_hd__nand2_4  | 0.055 |   4.160 |    3.944 | 
     | bypass_loop[3].BPS2/FA7/g126__9945 | A v -> Y ^  | sky130_fd_sc_hd__nand2_4  | 0.065 |   4.225 |    4.009 | 
     | bypass_loop[3].BPS2/FA7/g122__4733 | A ^ -> Y v  | sky130_fd_sc_hd__nand2_4  | 0.054 |   4.279 |    4.063 | 
     | bypass_loop[3].BPS2/FA8/g126__5107 | A v -> Y ^  | sky130_fd_sc_hd__nand2_4  | 0.066 |   4.344 |    4.128 | 
     | bypass_loop[3].BPS2/FA8/g122__6417 | A ^ -> Y v  | sky130_fd_sc_hd__nand2_4  | 0.046 |   4.391 |    4.174 | 
     | bypass_loop[3].BPS2/g401__6783     | A v -> Y ^  | sky130_fd_sc_hd__nand2_4  | 0.078 |   4.469 |    4.252 | 
     | bypass_loop[3].BPS2/g2__4733       | A ^ -> Y v  | sky130_fd_sc_hd__nand2_8  | 0.096 |   4.565 |    4.349 | 
     |                                    | Cout v      |                           | 0.001 |   4.566 |    4.350 | 
     +-----------------------------------------------------------------------------------------------------------+ 

