============================================================
  Generated by:           Genus(TM) Synthesis Solution 23.12-s086_1
  Generated on:           Apr 07 2025  06:22:16 pm
  Module:                 carry_select_adder_56678_32bits
  Operating conditions:   tt_025C_1v80 
  Interconnect mode:      global
  Area mode:              physical library
============================================================

Timing
-------
  Cost    Critical         Violating 
 Group   Path Slack  TNS     Paths   
-------------------------------------
default         0.2   0.0          0 
-------------------------------------
Total                 0.0          0 

Instance Count
--------------
Leaf Instance Count             549 
Physical Instance count           0 
Sequential Instance Count         0 
Combinational Instance Count    549 
Hierarchical Instance Count      68 

Area
----
Cell Area                          3303.168
Physical Cell Area                 0.000
Total Cell Area (Cell+Physical)    3303.168
Net Area                           2704.726
Total Area (Cell+Physical+Net)     6007.894

Max Fanout                         14 (n_29)
Min Fanout                         1 (C0[1])
Average Fanout                     1.6
Terms to net ratio                 2.4080
Terms to instance ratio            2.7413
Runtime                            16.515284 seconds
Elapsed Runtime                    18 seconds
Genus peak memory usage            1892.23 
Innovus peak memory usage          no_value 
Hostname                           cadmicro-inf-el8-623207
