============================================================
  Generated by:           Genus(TM) Synthesis Solution 23.12-s086_1
  Generated on:           Apr 07 2025  06:22:16 pm
  Module:                 carry_select_adder_56678_32bits
  Operating conditions:   tt_025C_1v80 
  Interconnect mode:      global
  Area mode:              physical library
============================================================

            Instance                         Module              Cell-Count  Cell-Area  Net-Area   Total-Area 
--------------------------------------------------------------------------------------------------------------
carry_select_adder_56678_32bits NA                                      549   3303.168  2704.726     6007.894 
  CSA_BLOCKS[1].RCA_C0          ripple_carry_adder_WIDTH6                46    246.486   157.156      403.643 
    F1A                         full_adder_32_230                         4     20.019    10.094       30.113 
    full_adder_loop[1].FA       full_adder_224                           10     50.048    33.763       83.811 
    full_adder_loop[2].FA       full_adder_223                           11     53.802    37.157       90.959 
    full_adder_loop[3].FA       full_adder_222                            7     41.290    16.969       58.258 
    full_adder_loop[4].FA       full_adder_221                            7     38.787    16.969       55.756 
    full_adder_loop[5].FA       full_adder_220                            7     42.541    16.969       59.510 
  CSA_BLOCKS[1].RCA_C1          ripple_carry_adder_WIDTH6_3_234          46    253.994   157.156      411.150 
    F1A                         full_adder_38_231                         4     22.522    10.094       32.616 
    full_adder_loop[1].FA       full_adder_206                           10     47.546    33.763       81.309 
    full_adder_loop[2].FA       full_adder_205                           11     57.555    37.157       94.712 
    full_adder_loop[3].FA       full_adder_204                            7     43.792    16.969       60.761 
    full_adder_loop[4].FA       full_adder_203                            7     40.038    16.969       57.007 
    full_adder_loop[5].FA       full_adder_202                            7     42.541    16.969       59.510 
  CSA_BLOCKS[2].RCA_C0          ripple_carry_adder_WIDTH6_233            35    237.728   125.046      362.774 
    F1A                         full_adder_32                             1     15.014     0.000       15.014 
    full_adder_loop[1].FA       full_adder_201                           10     50.048    33.763       83.811 
    full_adder_loop[2].FA       full_adder_200                            9     53.802    28.716       82.518 
    full_adder_loop[3].FA       full_adder_199                            6     40.038    13.575       53.613 
    full_adder_loop[4].FA       full_adder_198                            4     38.787    10.181       48.968 
    full_adder_loop[5].FA       full_adder_197                            5     40.038    13.575       53.613 
  CSA_BLOCKS[2].RCA_C1          ripple_carry_adder_WIDTH6_3              39    232.723   130.181      362.904 
    F1A                         full_adder_38                             4     20.019    10.094       30.113 
    full_adder_loop[1].FA       full_adder_196                           10     47.546    33.763       81.309 
    full_adder_loop[2].FA       full_adder_195                            7     41.290    16.969       58.258 
    full_adder_loop[3].FA       full_adder_194                            6     40.038    13.575       53.613 
    full_adder_loop[4].FA       full_adder_193                            6     37.536    13.575       51.111 
    full_adder_loop[5].FA       full_adder_192                            6     46.294    16.969       63.263 
  CSA_BLOCKS[3].RCA_C0          ripple_carry_adder_WIDTH7                52    287.776   175.778      463.554 
    F1A                         full_adder_11                             4     22.522    10.094       32.616 
    full_adder_loop[1].FA       full_adder_219                           10     47.546    33.763       81.309 
    full_adder_loop[2].FA       full_adder_218                           11     53.802    37.157       90.959 
    full_adder_loop[3].FA       full_adder_217                            6     40.038    13.575       53.613 
    full_adder_loop[4].FA       full_adder_216                            7     38.787    16.969       55.756 
    full_adder_loop[5].FA       full_adder_215                            7     41.290    16.969       58.258 
    full_adder_loop[6].FA       full_adder_214                            7     43.792    16.969       60.761 
  CSA_BLOCKS[3].RCA_C1          ripple_carry_adder_WIDTH7_1              52    297.786   175.778      473.564 
    F1A                         full_adder_51_232                         4     22.522    10.094       32.616 
    full_adder_loop[1].FA       full_adder_191                           11     53.802    37.157       90.959 
    full_adder_loop[2].FA       full_adder_190                           11     57.555    37.157       94.712 
    full_adder_loop[3].FA       full_adder_189                            7     45.043    16.969       62.012 
    full_adder_loop[4].FA       full_adder_188                            6     40.038    13.575       53.613 
    full_adder_loop[5].FA       full_adder_187                            7     41.290    16.969       58.258 
    full_adder_loop[6].FA       full_adder_186                            6     37.536    13.575       51.111 
  CSA_BLOCKS[4].RCA_C0          ripple_carry_adder_WIDTH8                50    300.288   172.472      472.760 
    F1A                         full_adder_11_229                         4     22.522    10.094       32.616 
    full_adder_loop[1].FA       full_adder_213                           11     51.299    37.157       88.456 
    full_adder_loop[2].FA       full_adder_212                            8     42.541    22.016       64.557 
    full_adder_loop[3].FA       full_adder_211                            7     38.787    16.969       55.756 
    full_adder_loop[4].FA       full_adder_210                            6     35.034    13.575       48.609 
    full_adder_loop[5].FA       full_adder_209                            5     37.536    13.575       51.111 
    full_adder_loop[6].FA       full_adder_208                            5     40.038    13.575       53.613 
    full_adder_loop[7].FA       full_adder_207                            4     32.531    10.181       42.712 
  CSA_BLOCKS[4].RCA_C1          ripple_carry_adder_WIDTH8_1              46    304.042   160.637      464.679 
    F1A                         full_adder_51                             4     20.019    10.094       30.113 
    full_adder_loop[1].FA       full_adder_185                           11     51.299    37.157       88.456 
    full_adder_loop[2].FA       full_adder_184                            8     42.541    22.016       64.557 
    full_adder_loop[3].FA       full_adder_183                            7     38.787    16.969       55.756 
    full_adder_loop[4].FA       full_adder_182                            6     41.290    16.969       58.258 
    full_adder_loop[5].FA       full_adder_181                            5     40.038    13.575       53.613 
    full_adder_loop[6].FA       full_adder_180                            4     36.285    10.181       46.466 
    full_adder_loop[7].FA       full_adder_179                            1     33.782     0.000       33.782 
  RCA_LSB                       ripple_carry_adder_WIDTH5                38    251.491   126.787      378.278 
    F1A                         full_adder                               10     61.309    32.110       93.419 
    full_adder_loop[1].FA       full_adder_228                           11     53.802    37.157       90.959 
    full_adder_loop[2].FA       full_adder_227                            7     43.792    16.969       60.761 
    full_adder_loop[3].FA       full_adder_226                            5     46.294    10.181       56.476 
    full_adder_loop[4].FA       full_adder_225                            5     46.294    10.181       56.476 
