============================================================
  Generated by:           Genus(TM) Synthesis Solution 23.12-s086_1
  Generated on:           Apr 07 2025  06:22:16 pm
  Module:                 carry_select_adder_56678_32bits
  Operating conditions:   tt_025C_1v80 
  Interconnect mode:      global
  Area mode:              physical library
============================================================


Path 1: MET (0 ps) Path Delay Check
     Startpoint: (F) B[5]
       Endpoint: (F) S[31]

                   Capture    Launch  
      Path Delay:+    1870         -  
      Drv Adjust:+       0         0  
         Arrival:=    1870            
                                      
   Required Time:=    1870            
       Data Path:-    1870            
           Slack:=       0            

Exceptions/Constraints:
  max_delay             1870            constraints.sdc_line_1 

#------------------------------------------------------------------------------------------------------------------------------------------------
#                      Timing Point                       Flags   Arc   Edge           Cell             Fanout Load Trans Delay Arrival Instance 
#                                                                                                              (fF)  (ps)  (ps)   (ps)  Location 
#------------------------------------------------------------------------------------------------------------------------------------------------
  B[5]                                                    -       -     F     (arrival)                      1  3.3  1000     0       0    (-,-) 
  g6138/X                                                 -       A->X  F     sky130_fd_sc_hd__clkbuf_1      2  9.1    78   345     345    (-,-) 
  CSA_BLOCKS[1].RCA_C1/F1A/g56/Y                          -       A->Y  R     sky130_fd_sc_hd__clkinv_1      2 11.2    72    89     434    (-,-) 
  CSA_BLOCKS[1].RCA_C1/F1A/g54__8428/Y                    -       B->Y  F     sky130_fd_sc_hd__nand2_2       2  8.4    48    67     501    (-,-) 
  CSA_BLOCKS[1].RCA_C1/full_adder_loop[1].FA/g150__1617/Y -       A->Y  R     sky130_fd_sc_hd__nand2_1       1  3.7    52    61     561    (-,-) 
  CSA_BLOCKS[1].RCA_C1/full_adder_loop[1].FA/g148__6783/Y -       A->Y  F     sky130_fd_sc_hd__nand2_1       2  7.8    64    72     634    (-,-) 
  CSA_BLOCKS[1].RCA_C1/full_adder_loop[2].FA/g119__6131/Y -       A->Y  R     sky130_fd_sc_hd__nand2_2       1  5.9    54    67     700    (-,-) 
  CSA_BLOCKS[1].RCA_C1/full_adder_loop[2].FA/g117__8246/Y -       A->Y  F     sky130_fd_sc_hd__nand2_2       2  8.2    45    56     756    (-,-) 
  CSA_BLOCKS[1].RCA_C1/full_adder_loop[3].FA/g119__9315/Y -       A->Y  R     sky130_fd_sc_hd__nand2_2       1  5.9    52    58     815    (-,-) 
  CSA_BLOCKS[1].RCA_C1/full_adder_loop[3].FA/g117__4733/Y -       A->Y  F     sky130_fd_sc_hd__nand2_2       2  5.8    37    48     863    (-,-) 
  CSA_BLOCKS[1].RCA_C1/full_adder_loop[4].FA/g120__6417/Y -       A->Y  R     sky130_fd_sc_hd__nand2_1       1  3.7    53    56     919    (-,-) 
  CSA_BLOCKS[1].RCA_C1/full_adder_loop[4].FA/g118__1666/Y -       A->Y  F     sky130_fd_sc_hd__nand2_1       2  5.8    51    62     982    (-,-) 
  CSA_BLOCKS[1].RCA_C1/full_adder_loop[5].FA/g120__8428/Y -       A->Y  R     sky130_fd_sc_hd__nand2_1       1  5.9    72    76    1058    (-,-) 
  CSA_BLOCKS[1].RCA_C1/full_adder_loop[5].FA/g118__6260/Y -       A->Y  F     sky130_fd_sc_hd__nand2_2       1  9.6    52    65    1122    (-,-) 
  g6797__2883/Y                                           -       A->Y  R     sky130_fd_sc_hd__nand2_4       1 19.4    78    82    1204    (-,-) 
  g6792__7482/Y                                           -       B->Y  F     sky130_fd_sc_hd__nand2_8       3 27.9    55    70    1274    (-,-) 
  fopt3/Y                                                 -       A->Y  R     sky130_fd_sc_hd__inv_6         4 29.1    66    80    1354    (-,-) 
  g6782__1617/Y                                           -       B->Y  F     sky130_fd_sc_hd__nand2_4       2 18.7    54    69    1423    (-,-) 
  g6815__1666/Y                                           -       B->Y  R     sky130_fd_sc_hd__nand2_4       9 48.4   157   149    1572    (-,-) 
  g6760__1881/Y                                           -       B->Y  F     sky130_fd_sc_hd__nor2_2        1  5.4    42    53    1625    (-,-) 
  g6743__6417/X                                           -       B1->X F     sky130_fd_sc_hd__a21o_4        1 51.3    90   244    1869    (-,-) 
  S[31]                                                   <<<     -     F     (port)                         -    -     -     0    1870    (-,-) 
#------------------------------------------------------------------------------------------------------------------------------------------------

