============================================================
  Generated by:           Genus(TM) Synthesis Solution 23.12-s086_1
  Generated on:           Apr 07 2025  07:21:51 pm
  Module:                 carry_select_adder_661010_32bits
  Operating conditions:   tt_025C_1v80 
  Interconnect mode:      global
  Area mode:              physical library
============================================================

            Instance                          Module               Cell-Count  Cell-Area  Net-Area   Total-Area 
----------------------------------------------------------------------------------------------------------------
carry_select_adder_661010_32bits NA                                       591   3831.174  2937.937     6769.112 
  CSA_BLOCKS[1].RCA_C0           ripple_carry_adder_WIDTH6_1               28    215.206    94.677      309.883 
    F1A                          full_adder_16                              1     15.014     0.000       15.014 
    full_adder_loop[1].FA        full_adder_210                            10     52.550    33.763       86.314 
    full_adder_loop[2].FA        full_adder_209                             6     37.536    13.575       51.111 
    full_adder_loop[3].FA        full_adder_208                             6     40.038    13.575       53.613 
    full_adder_loop[4].FA        full_adder_207                             4     36.285    10.181       46.466 
    full_adder_loop[5].FA        full_adder_206                             1     33.782     0.000       33.782 
  CSA_BLOCKS[1].RCA_C1           ripple_carry_adder_WIDTH6_2               31    225.216   108.165      333.381 
    F1A                          full_adder_22                              4     20.019    10.094       30.113 
    full_adder_loop[1].FA        full_adder_205                            10     50.048    33.763       83.811 
    full_adder_loop[2].FA        full_adder_204                             6     37.536    13.575       51.111 
    full_adder_loop[3].FA        full_adder_203                             5     46.294    13.575       59.869 
    full_adder_loop[4].FA        full_adder_202                             5     37.536    13.575       51.111 
    full_adder_loop[5].FA        full_adder_201                             1     33.782     0.000       33.782 
  CSA_BLOCKS[2].RCA_C0           ripple_carry_adder_WIDTH10                85    526.755   297.431      824.186 
    F1A                          full_adder_38_225                          4     22.522    10.094       32.616 
    full_adder_loop[1].FA        full_adder_219                            11     56.304    37.157       93.461 
    full_adder_loop[2].FA        full_adder_218                            11     57.555    37.157       94.712 
    full_adder_loop[3].FA        full_adder_217                             8     48.797    20.362       69.159 
    full_adder_loop[4].FA        full_adder_216                             7     45.043    16.969       62.012 
    full_adder_loop[5].FA        full_adder_215                             9     52.550    27.063       79.613 
    full_adder_loop[6].FA        full_adder_214                             9     52.550    27.063       79.613 
    full_adder_loop[7].FA        full_adder_213                             8     48.797    22.016       70.813 
    full_adder_loop[8].FA        full_adder_212                             9     61.309    27.063       88.372 
    full_adder_loop[9].FA        full_adder_211                             9     81.328    27.063      108.391 
  CSA_BLOCKS[2].RCA_C1           ripple_carry_adder_WIDTH10_3_228          76    517.997   253.661      771.657 
    F1A                          full_adder_48_226                          4     30.029    10.094       40.123 
    full_adder_loop[1].FA        full_adder_200                            11     61.309    37.157       98.466 
    full_adder_loop[2].FA        full_adder_199                            11     57.555    37.157       94.712 
    full_adder_loop[3].FA        full_adder_198                             7     45.043    16.969       62.012 
    full_adder_loop[4].FA        full_adder_197                             7     45.043    16.969       62.012 
    full_adder_loop[5].FA        full_adder_196                             7     45.043    16.969       62.012 
    full_adder_loop[6].FA        full_adder_195                             7     45.043    16.969       62.012 
    full_adder_loop[7].FA        full_adder_194                             8     61.309    22.016       83.325 
    full_adder_loop[8].FA        full_adder_193                             7     53.802    16.969       70.770 
    full_adder_loop[9].FA        full_adder_192                             7     73.821    16.969       90.790 
  CSA_BLOCKS[3].RCA_C0           ripple_carry_adder_WIDTH10_227            60    412.896   191.181      604.077 
    F1A                          full_adder_38                              1     25.024     0.000       25.024 
    full_adder_loop[1].FA        full_adder_191                            10     52.550    33.763       86.314 
    full_adder_loop[2].FA        full_adder_190                             7     43.792    16.969       60.761 
    full_adder_loop[3].FA        full_adder_189                             6     40.038    13.575       53.613 
    full_adder_loop[4].FA        full_adder_188                             7     43.792    16.969       60.761 
    full_adder_loop[5].FA        full_adder_187                             6     40.038    13.575       53.613 
    full_adder_loop[6].FA        full_adder_186                             6     43.792    13.575       57.367 
    full_adder_loop[7].FA        full_adder_185                             6     46.294    13.575       59.869 
    full_adder_loop[8].FA        full_adder_184                             6     40.038    13.575       53.613 
    full_adder_loop[9].FA        full_adder_183                             5     37.536    10.181       47.717 
  CSA_BLOCKS[3].RCA_C1           ripple_carry_adder_WIDTH10_3              69    416.650   228.338      644.988 
    F1A                          full_adder_48                              4     20.019    10.094       30.113 
    full_adder_loop[1].FA        full_adder_182                            10     50.048    33.763       83.811 
    full_adder_loop[2].FA        full_adder_181                             8     42.541    20.362       62.903 
    full_adder_loop[3].FA        full_adder_180                             7     43.792    16.969       60.761 
    full_adder_loop[4].FA        full_adder_179                             7     43.792    16.969       60.761 
    full_adder_loop[5].FA        full_adder_178                             7     43.792    16.969       60.761 
    full_adder_loop[6].FA        full_adder_177                             7     43.792    16.969       60.761 
    full_adder_loop[7].FA        full_adder_176                             7     45.043    16.969       62.012 
    full_adder_loop[8].FA        full_adder_175                             7     41.290    16.969       58.258 
    full_adder_loop[9].FA        full_adder_174                             5     42.541    15.228       57.769 
  RCA_LSB                        ripple_carry_adder_WIDTH6                 42    312.800   136.968      449.768 
    F1A                          full_adder                                 9     66.314    27.063       93.377 
    full_adder_loop[1].FA        full_adder_224                            11     56.304    37.157       93.461 
    full_adder_loop[2].FA        full_adder_223                             6     40.038    13.575       53.613 
    full_adder_loop[3].FA        full_adder_222                             6     43.792    13.575       57.367 
    full_adder_loop[4].FA        full_adder_221                             5     51.299    10.181       61.480 
    full_adder_loop[5].FA        full_adder_220                             5     55.053    10.181       65.234 
