============================================================
  Generated by:           Genus(TM) Synthesis Solution 23.12-s086_1
  Generated on:           Apr 07 2025  07:21:51 pm
  Module:                 carry_select_adder_661010_32bits
  Operating conditions:   tt_025C_1v80 
  Interconnect mode:      global
  Area mode:              physical library
============================================================


Path 1: MET (0 ps) Path Delay Check
     Startpoint: (F) A[7]
       Endpoint: (R) S[23]

                   Capture    Launch  
      Path Delay:+    1980         -  
      Drv Adjust:+       0         0  
         Arrival:=    1980            
                                      
   Required Time:=    1980            
       Data Path:-    1980            
           Slack:=       0            

Exceptions/Constraints:
  max_delay             1980            constraints.sdc_line_1 

#-----------------------------------------------------------------------------------------------------------------------------------------------------
#                       Timing Point                        Flags     Arc    Edge           Cell             Fanout Load Trans Delay Arrival Instance 
#                                                                                                                   (fF)  (ps)  (ps)   (ps)  Location 
#-----------------------------------------------------------------------------------------------------------------------------------------------------
  A[7]                                                      -       -        F     (arrival)                      1  3.3  1000     0       0    (-,-) 
  g1550/X                                                   -       A->X     F     sky130_fd_sc_hd__clkbuf_1      2 10.5    85   352     352    (-,-) 
  CSA_BLOCKS[1].RCA_C1/full_adder_loop[1].FA/g90/Y          -       A->Y     R     sky130_fd_sc_hd__inv_2         2  8.9    54    77     428    (-,-) 
  CSA_BLOCKS[1].RCA_C1/full_adder_loop[1].FA/g86__4319/Y    -       A->Y     F     sky130_fd_sc_hd__nand2_1       1  3.5    36    51     479    (-,-) 
  CSA_BLOCKS[1].RCA_C1/full_adder_loop[1].FA/g84__5107/Y    -       B->Y     R     sky130_fd_sc_hd__nand2_1       1  5.9    71    77     556    (-,-) 
  CSA_BLOCKS[1].RCA_C1/full_adder_loop[1].FA/g82__5477/Y    -       A->Y     F     sky130_fd_sc_hd__nand2_2       2  8.4    48    61     617    (-,-) 
  CSA_BLOCKS[1].RCA_C1/full_adder_loop[2].FA/g59__3680/Y    -       A->Y     R     sky130_fd_sc_hd__nand2_1       1  5.9    72    74     691    (-,-) 
  CSA_BLOCKS[1].RCA_C1/full_adder_loop[2].FA/g57__5526/Y    -       A->Y     F     sky130_fd_sc_hd__nand2_2       2  9.0    50    63     754    (-,-) 
  CSA_BLOCKS[1].RCA_C1/full_adder_loop[3].FA/g59__8246/Y    -       A->Y     R     sky130_fd_sc_hd__nand2_2       1  6.1    56    61     816    (-,-) 
  CSA_BLOCKS[1].RCA_C1/full_adder_loop[3].FA/g57__5122/Y    -       B->Y     F     sky130_fd_sc_hd__nand2b_2      2  8.4    61    68     884    (-,-) 
  CSA_BLOCKS[1].RCA_C1/full_adder_loop[4].FA/g59__4733/Y    -       A->Y     R     sky130_fd_sc_hd__nand2_1       1  3.8    54    67     951    (-,-) 
  CSA_BLOCKS[1].RCA_C1/full_adder_loop[4].FA/g57__5115/Y    -       B->Y     F     sky130_fd_sc_hd__nand2b_1      1  3.6    48    57    1008    (-,-) 
  CSA_BLOCKS[1].RCA_C1/full_adder_loop[5].FA/g57__9945/COUT -       CI->COUT F     sky130_fd_sc_hd__fah_1         1  5.6    72   256    1264    (-,-) 
  g5010__2346/Y                                             -       A->Y     R     sky130_fd_sc_hd__nand2_2       2 15.8   100   105    1370    (-,-) 
  g5003_0__1666/Y                                           -       B->Y     F     sky130_fd_sc_hd__nand2_4       6 38.3    94   107    1477    (-,-) 
  g4986/Y                                                   -       A->Y     R     sky130_fd_sc_hd__inv_4         4 17.2    60    89    1566    (-,-) 
  g4954__8246/Y                                             -       B->Y     F     sky130_fd_sc_hd__nand2_2       1  5.5    43    55    1621    (-,-) 
  g4931__7482/Y                                             -       B->Y     R     sky130_fd_sc_hd__nand2_2       3 14.1    91    96    1717    (-,-) 
  g4911__2398/Y                                             -       A->Y     F     sky130_fd_sc_hd__nand2_1       1  9.7    81    96    1812    (-,-) 
  g4910__5477/Y                                             -       B->Y     R     sky130_fd_sc_hd__nand2_4       1 51.3   165   167    1980    (-,-) 
  S[23]                                                     <<<     -        R     (port)                         -    -     -     0    1980    (-,-) 
#-----------------------------------------------------------------------------------------------------------------------------------------------------

