============================================================
  Generated by:           Genus(TM) Synthesis Solution 23.12-s086_1
  Generated on:           Apr 07 2025  07:21:51 pm
  Module:                 carry_select_adder_661010_32bits
  Operating conditions:   tt_025C_1v80 
  Interconnect mode:      global
  Area mode:              physical library
============================================================

Timing
-------
  Cost    Critical         Violating 
 Group   Path Slack  TNS     Paths   
-------------------------------------
default         0.0   0.0          0 
-------------------------------------
Total                 0.0          0 

Instance Count
--------------
Leaf Instance Count             591 
Physical Instance count           0 
Sequential Instance Count         0 
Combinational Instance Count    591 
Hierarchical Instance Count      65 

Area
----
Cell Area                          3831.174
Physical Cell Area                 0.000
Total Cell Area (Cell+Physical)    3831.174
Net Area                           2937.938
Total Area (Cell+Physical+Net)     6769.112

Max Fanout                         16 (n_1)
Min Fanout                         1 (C0[1])
Average Fanout                     1.6
Terms to net ratio                 2.4834
Terms to instance ratio            2.7902
Runtime                            17.366542 seconds
Elapsed Runtime                    19 seconds
Genus peak memory usage            1949.62 
Innovus peak memory usage          no_value 
Hostname                           cadmicro-inf-el8-623207
