============================================================
  Generated by:           Genus(TM) Synthesis Solution 23.12-s086_1
  Generated on:           Apr 07 2025  03:39:55 pm
  Module:                 sklansky_32bits
  Operating conditions:   tt_025C_1v80 
  Interconnect mode:      global
  Area mode:              physical library
============================================================

Timing
-------
  Cost    Critical         Violating 
 Group   Path Slack  TNS     Paths   
-------------------------------------
default         0.3   0.0          0 
-------------------------------------
Total                 0.0          0 

Instance Count
--------------
Leaf Instance Count             376 
Physical Instance count           0 
Sequential Instance Count         0 
Combinational Instance Count    376 
Hierarchical Instance Count     368 

Area
----
Cell Area                          2852.736
Physical Cell Area                 0.000
Total Cell Area (Cell+Physical)    2852.736
Net Area                           2162.946
Total Area (Cell+Physical+Net)     5015.682

Max Fanout                         17 (Go[15][0])
Min Fanout                         1 (C[0])
Average Fanout                     1.9
Terms to net ratio                 2.7188
Terms to instance ratio            3.1888
Runtime                            14.874629 seconds
Elapsed Runtime                    15 seconds
Genus peak memory usage            1896.20 
Innovus peak memory usage          no_value 
Hostname                           cadmicro-inf-el8-623207
