============================================================
  Generated by:           Genus(TM) Synthesis Solution 23.12-s086_1
  Generated on:           Apr 07 2025  05:11:01 pm
  Module:                 carry_increment_32bits
  Operating conditions:   tt_025C_1v80 
  Interconnect mode:      global
  Area mode:              physical library
============================================================

         Instance                      Module              Cell-Count  Cell-Area  Net-Area   Total-Area 
--------------------------------------------------------------------------------------------------------
carry_increment_32bits    NA                                      463   3274.390  2398.071     5672.461 
  RCA1                    ripple_carry_adder_WIDTH4                32    202.694   109.818      312.512 
    F1A                   full_adder                                9     53.802    30.370       84.171 
    full_adder_loop[1].FA full_adder_91                            11     57.555    37.157       94.712 
    full_adder_loop[2].FA full_adder_90                             7     45.043    16.969       62.012 
    full_adder_loop[3].FA full_adder_89                             5     46.294    10.181       56.476 
  RCAS[1].RCA2            ripple_carry_adder_WIDTH4_7_98           25    183.926    94.329      278.255 
    F1A                   full_adder_24_93                          5     23.773    13.488       37.261 
    full_adder_loop[1].FA full_adder_88                             7     60.058    20.275       80.333 
    full_adder_loop[2].FA full_adder_87                             8     58.806    28.629       87.436 
    full_adder_loop[3].FA full_adder_86                             5     41.290    11.835       53.124 
  RCAS[2].RCA2            ripple_carry_adder_WIDTH4_7_99           24    151.395    84.321      235.717 
    F1A                   full_adder_24_94                          5     23.773    13.488       37.261 
    full_adder_loop[1].FA full_adder_85                             7     41.290    20.275       61.565 
    full_adder_loop[2].FA full_adder_84                             7     45.043    20.275       65.319 
    full_adder_loop[3].FA full_adder_83                             5     41.290    11.835       53.124 
  RCAS[3].RCA2            ripple_carry_adder_WIDTH4_7_100          27    211.453    92.849      304.302 
    F1A                   full_adder_24_95                          5     28.778    13.488       42.266 
    full_adder_loop[1].FA full_adder_82                             9     51.299    25.410       76.709 
    full_adder_loop[2].FA full_adder_81                             7     72.570    21.929       94.498 
    full_adder_loop[3].FA full_adder_80                             6     58.806    15.228       74.035 
  RCAS[4].RCA2            ripple_carry_adder_WIDTH4_7_101          30    196.438   106.337      302.776 
    F1A                   full_adder_24_96                          5     26.275    13.488       39.763 
    full_adder_loop[1].FA full_adder_79                             9     53.802    27.063       80.865 
    full_adder_loop[2].FA full_adder_78                             7     63.811    23.582       87.393 
    full_adder_loop[3].FA full_adder_77                             9     52.550    25.410       77.960 
  RCAS[5].RCA2            ripple_carry_adder_WIDTH4_7_102          30    216.458   121.218      337.675 
    F1A                   full_adder_24_97                          5     26.275    13.488       39.763 
    full_adder_loop[1].FA full_adder_76                             8     62.560    26.976       89.536 
    full_adder_loop[2].FA full_adder_75                             8     68.816    28.629       97.445 
    full_adder_loop[3].FA full_adder_74                             9     58.806    32.023       90.829 
  RCAS[6].RCA2            ripple_carry_adder_WIDTH4_7_103          23    167.661    82.581      250.242 
    F1A                   full_adder_24                             5     26.275    13.488       39.763 
    full_adder_loop[1].FA full_adder_73                             7     61.309    18.622       79.931 
    full_adder_loop[2].FA full_adder_72                             7     41.290    23.582       64.872 
    full_adder_loop[3].FA full_adder_71                             4     38.787     8.441       47.228 
  RCAS[7].RCA2            ripple_carry_adder_WIDTH4_7               9    131.376    25.410      156.786 
    F1A                   full_adder_24_92                          1     15.014     0.000       15.014 
    full_adder_loop[1].FA full_adder_70                             5     48.797    13.575       62.372 
    full_adder_loop[2].FA full_adder_69                             1     33.782     0.000       33.782 
    full_adder_loop[3].FA full_adder_68                             2     33.782     0.000       33.782 
