============================================================
  Generated by:           Genus(TM) Synthesis Solution 23.12-s086_1
  Generated on:           Apr 07 2025  05:11:01 pm
  Module:                 carry_increment_32bits
  Operating conditions:   tt_025C_1v80 
  Interconnect mode:      global
  Area mode:              physical library
============================================================

Timing
-------
  Cost    Critical         Violating 
 Group   Path Slack  TNS     Paths   
-------------------------------------
default         0.0   0.0          0 
-------------------------------------
Total                 0.0          0 

Instance Count
--------------
Leaf Instance Count             463 
Physical Instance count           0 
Sequential Instance Count         0 
Combinational Instance Count    463 
Hierarchical Instance Count      40 

Area
----
Cell Area                          3274.390
Physical Cell Area                 0.000
Total Cell Area (Cell+Physical)    3274.390
Net Area                           2398.071
Total Area (Cell+Physical+Net)     5672.461

Max Fanout                         7 (S1[4][0])
Min Fanout                         1 (C2[0])
Average Fanout                     1.6
Terms to net ratio                 2.4593
Terms to instance ratio            2.8683
Runtime                            18.12924 seconds
Elapsed Runtime                    19 seconds
Genus peak memory usage            2022.39 
Innovus peak memory usage          no_value 
Hostname                           cadmicro-inf-el8-623207
