============================================================
  Generated by:           Genus(TM) Synthesis Solution 23.12-s086_1
  Generated on:           Apr 07 2025  05:11:01 pm
  Module:                 carry_increment_32bits
  Operating conditions:   tt_025C_1v80 
  Interconnect mode:      global
  Area mode:              physical library
============================================================


Path 1: MET (0 ps) Path Delay Check
     Startpoint: (F) B[22]
       Endpoint: (F) S[26]

                   Capture    Launch  
      Path Delay:+    1816         -  
      Drv Adjust:+       0         0  
         Arrival:=    1816            
                                      
   Required Time:=    1816            
       Data Path:-    1816            
           Slack:=       0            

Exceptions/Constraints:
  max_delay             1816            constraints.sdc_line_1 

#------------------------------------------------------------------------------------------------------------------------------------------
#                 Timing Point                   Flags    Arc    Edge            Cell             Fanout Load Trans Delay Arrival Instance 
#                                                                                                        (fF)  (ps)  (ps)   (ps)  Location 
#------------------------------------------------------------------------------------------------------------------------------------------
  B[22]                                          -       -       F     (arrival)                       1  3.3  1000     0       0    (-,-) 
  g3016/X                                        -       A->X    F     sky130_fd_sc_hd__clkbuf_1       1  5.6    62   325     325    (-,-) 
  RCAS[5].RCA2/full_adder_loop[2].FA/g104/Y      -       A->Y    R     sky130_fd_sc_hd__inv_2          3 14.3    73    85     410    (-,-) 
  RCAS[5].RCA2/full_adder_loop[2].FA/g98__8428/Y -       B->Y    R     sky130_fd_sc_hd__xnor2_1        2 12.1   307   183     593    (-,-) 
  RCAS[5].RCA2/full_adder_loop[2].FA/g96__6260/Y -       A1_N->Y R     sky130_fd_sc_hd__o2bb2ai_2      2  8.0   143   165     758    (-,-) 
  g6101__6260/Y                                  -       A->Y    F     sky130_fd_sc_hd__nand3_2        1  5.6    77    85     844    (-,-) 
  fopt6207/Y                                     -       A->Y    R     sky130_fd_sc_hd__inv_2          3 12.0    64    84     928    (-,-) 
  g6079__1881/Y                                  -       B->Y    F     sky130_fd_sc_hd__nand3_1        1  3.6    80    78    1006    (-,-) 
  g6045__7098/Y                                  -       A->Y    R     sky130_fd_sc_hd__nand2_1        2  6.2    74    90    1096    (-,-) 
  fopt6171/X                                     -       A->X    R     sky130_fd_sc_hd__buf_2          3  9.2    56   125    1221    (-,-) 
  g6166__5107/Y                                  -       B_N->Y  R     sky130_fd_sc_hd__nor2b_1        1  4.1   108   139    1360    (-,-) 
  g6153__9945/SUM                                -       B->SUM  F     sky130_fd_sc_hd__ha_1           1  5.6    67   250    1611    (-,-) 
  g5954__6783/Y                                  -       A->Y    R     sky130_fd_sc_hd__nand2_2        1 10.6    74    85    1696    (-,-) 
  g5947__2398/Y                                  -       B->Y    F     sky130_fd_sc_hd__nand2_4        1 51.3   117   120    1816    (-,-) 
  S[26]                                          <<<     -       F     (port)                          -    -     -     0    1816    (-,-) 
#------------------------------------------------------------------------------------------------------------------------------------------

