============================================================
  Generated by:           Genus(TM) Synthesis Solution 23.12-s086_1
  Generated on:           Apr 07 2025  05:31:38 pm
  Module:                 carry_select_adder
  Operating conditions:   tt_025C_1v80 
  Interconnect mode:      global
  Area mode:              physical library
============================================================

Timing
-------
  Cost    Critical         Violating 
 Group   Path Slack  TNS     Paths   
-------------------------------------
default         0.0   0.0          0 
-------------------------------------
Total                 0.0          0 

Instance Count
--------------
Leaf Instance Count             495 
Physical Instance count           0 
Sequential Instance Count         0 
Combinational Instance Count    495 
Hierarchical Instance Count      67 

Area
----
Cell Area                          3102.976
Physical Cell Area                 0.000
Total Cell Area (Cell+Physical)    3102.976
Net Area                           2534.256
Total Area (Cell+Physical+Net)     5637.232

Max Fanout                         16 (n_3)
Min Fanout                         1 (C0[1])
Average Fanout                     1.7
Terms to net ratio                 2.4823
Terms to instance ratio            2.8384
Runtime                            16.557139 seconds
Elapsed Runtime                    18 seconds
Genus peak memory usage            1892.96 
Innovus peak memory usage          no_value 
Hostname                           cadmicro-inf-el8-623207
