============================================================
  Generated by:           Genus(TM) Synthesis Solution 23.12-s086_1
  Generated on:           Apr 07 2025  05:31:38 pm
  Module:                 carry_select_adder
  Operating conditions:   tt_025C_1v80 
  Interconnect mode:      global
  Area mode:              physical library
============================================================

         Instance                     Module             Cell-Count  Cell-Area  Net-Area   Total-Area 
------------------------------------------------------------------------------------------------------
carry_select_adder         NA                                   495   3102.976  2534.256     5637.232 
  CSA_BLOCKS[1].RCA_C0     ripple_carry_adder_WIDTH6             36    210.202   109.992      320.194 
    F1A                    full_adder_4                           4     22.522    10.094       32.616 
    full_adder_loop[1].FA  full_adder_227                         8     40.038    20.362       60.401 
    full_adder_loop[2].FA  full_adder_226                         7     41.290    16.969       58.258 
    full_adder_loop[3].FA  full_adder_225                         5     33.782    10.181       43.964 
    full_adder_loop[4].FA  full_adder_224                         6     37.536    13.575       51.111 
    full_adder_loop[5].FA  full_adder_223                         6     35.034    13.575       48.609 
  CSA_BLOCKS[1].RCA_C1     ripple_carry_adder_WIDTH6_1           39    220.211   120.173      340.385 
    F1A                    full_adder_46_233                      4     22.522    10.094       32.616 
    full_adder_loop[1].FA  full_adder_202                         8     40.038    20.362       60.401 
    full_adder_loop[2].FA  full_adder_201                         9     50.048    23.756       73.804 
    full_adder_loop[3].FA  full_adder_200                         6     37.536    13.575       51.111 
    full_adder_loop[4].FA  full_adder_199                         6     35.034    13.575       48.609 
    full_adder_loop[5].FA  full_adder_198                         6     35.034    13.575       48.609 
  CSA_BLOCKS[2].RCA_C0     ripple_carry_adder_WIDTH8             49    297.786   167.425      465.210 
    F1A                    full_adder_4_232                       4     20.019    10.094       30.113 
    full_adder_loop[1].FA  full_adder_222                        10     47.546    33.763       81.309 
    full_adder_loop[2].FA  full_adder_221                         8     45.043    20.362       65.406 
    full_adder_loop[3].FA  full_adder_220                         6     35.034    13.575       48.609 
    full_adder_loop[4].FA  full_adder_219                         6     35.034    13.575       48.609 
    full_adder_loop[5].FA  full_adder_218                         5     40.038    13.575       53.613 
    full_adder_loop[6].FA  full_adder_217                         5     37.536    13.575       51.111 
    full_adder_loop[7].FA  full_adder_216                         5     37.536    13.575       51.111 
  CSA_BLOCKS[2].RCA_C1     ripple_carry_adder_WIDTH8_1           48    301.539   160.637      462.176 
    F1A                    full_adder_46_234                      4     22.522    10.094       32.616 
    full_adder_loop[1].FA  full_adder_197                        10     52.550    33.763       86.314 
    full_adder_loop[2].FA  full_adder_196                         7     38.787    16.969       55.756 
    full_adder_loop[3].FA  full_adder_195                         6     35.034    13.575       48.609 
    full_adder_loop[4].FA  full_adder_194                         5     40.038    10.181       50.220 
    full_adder_loop[5].FA  full_adder_193                         6     35.034    13.575       48.609 
    full_adder_loop[6].FA  full_adder_192                         5     40.038    13.575       53.613 
    full_adder_loop[7].FA  full_adder_191                         5     37.536    13.575       51.111 
  CSA_BLOCKS[3].RCA_C0     ripple_carry_adder_WIDTH14            98    616.842   316.401      933.243 
    F1A                    full_adder_4_231                       4     22.522    10.094       32.616 
    full_adder_loop[10].FA full_adder_206                         7     45.043    16.969       62.012 
    full_adder_loop[11].FA full_adder_205                         7     41.290    16.969       58.258 
    full_adder_loop[12].FA full_adder_204                         6     45.043    13.575       58.618 
    full_adder_loop[13].FA full_adder_203                         5     45.043    10.181       55.224 
    full_adder_loop[1].FA  full_adder_215                        11     56.304    37.157       93.461 
    full_adder_loop[2].FA  full_adder_214                         9     48.797    27.063       75.860 
    full_adder_loop[3].FA  full_adder_213                         7     43.792    16.969       60.761 
    full_adder_loop[4].FA  full_adder_212                         7     43.792    16.969       60.761 
    full_adder_loop[5].FA  full_adder_211                         7     45.043    16.969       62.012 
    full_adder_loop[6].FA  full_adder_210                         7     45.043    16.969       62.012 
    full_adder_loop[7].FA  full_adder_209                         7     45.043    16.969       62.012 
    full_adder_loop[8].FA  full_adder_208                         7     45.043    16.969       62.012 
    full_adder_loop[9].FA  full_adder_207                         7     45.043    16.969       62.012 
  CSA_BLOCKS[3].RCA_C1     ripple_carry_adder_WIDTH14_1          99    618.093   321.448      939.541 
    F1A                    full_adder_46                          4     23.773    10.094       33.867 
    full_adder_loop[10].FA full_adder_181                         7     43.792    16.969       60.761 
    full_adder_loop[11].FA full_adder_180                         7     43.792    16.969       60.761 
    full_adder_loop[12].FA full_adder_179                         8     46.294    22.016       68.310 
    full_adder_loop[13].FA full_adder_178                         5     45.043    10.181       55.224 
    full_adder_loop[1].FA  full_adder_190                        11     57.555    37.157       94.712 
    full_adder_loop[2].FA  full_adder_189                         8     47.546    23.669       71.215 
    full_adder_loop[3].FA  full_adder_188                         7     45.043    16.969       62.012 
    full_adder_loop[4].FA  full_adder_187                         7     43.792    16.969       60.761 
    full_adder_loop[5].FA  full_adder_186                         7     43.792    16.969       60.761 
    full_adder_loop[6].FA  full_adder_185                         7     45.043    16.969       62.012 
    full_adder_loop[7].FA  full_adder_184                         7     43.792    16.969       60.761 
    full_adder_loop[8].FA  full_adder_183                         7     43.792    16.969       60.761 
    full_adder_loop[9].FA  full_adder_182                         7     45.043    16.969       62.012 
  RCA_LSB                  ripple_carry_adder_WIDTH4             24    161.405    76.142      237.546 
    F1A                    full_adder                             7     46.294    20.275       66.570 
    full_adder_loop[1].FA  full_adder_230                         6     35.034    13.575       48.609 
    full_adder_loop[2].FA  full_adder_229                         5     37.536    13.575       51.111 
    full_adder_loop[3].FA  full_adder_228                         6     42.541    13.575       56.116 
