============================================================
  Generated by:           Genus(TM) Synthesis Solution 23.12-s086_1
  Generated on:           Apr 07 2025  04:21:49 pm
  Module:                 han_carlson_32bits
  Operating conditions:   tt_025C_1v80 
  Interconnect mode:      global
  Area mode:              physical library
============================================================

Timing
-------
  Cost    Critical         Violating 
 Group   Path Slack  TNS     Paths   
-------------------------------------
default         0.0   0.0          0 
-------------------------------------
Total                 0.0          0 

Instance Count
--------------
Leaf Instance Count             350 
Physical Instance count           0 
Sequential Instance Count         0 
Combinational Instance Count    350 
Hierarchical Instance Count     368 

Area
----
Cell Area                          2596.240
Physical Cell Area                 0.000
Total Cell Area (Cell+Physical)    2596.240
Net Area                           2046.601
Total Area (Cell+Physical+Net)     4642.841

Max Fanout                         33 (n_65)
Min Fanout                         1 (C[0])
Average Fanout                     1.9
Terms to net ratio                 2.7566
Terms to instance ratio            3.2686
Runtime                            14.876878 seconds
Elapsed Runtime                    16 seconds
Genus peak memory usage            1894.83 
Innovus peak memory usage          no_value 
Hostname                           cadmicro-inf-el8-623207
