============================================================
  Generated by:           Genus(TM) Synthesis Solution 23.12-s086_1
  Generated on:           Apr 07 2025  07:20:46 pm
  Module:                 carry_select_adder_661010_32bits
  Operating conditions:   tt_025C_1v80 
  Interconnect mode:      global
  Area mode:              physical library
============================================================

Timing
-------
  Cost    Critical         Violating 
 Group   Path Slack  TNS     Paths   
-------------------------------------
default         0.1   0.0          0 
-------------------------------------
Total                 0.0          0 

Instance Count
--------------
Leaf Instance Count             432 
Physical Instance count           0 
Sequential Instance Count         0 
Combinational Instance Count    432 
Hierarchical Instance Count      65 

Area
----
Cell Area                          2823.958
Physical Cell Area                 0.000
Total Cell Area (Cell+Physical)    2823.958
Net Area                           2278.681
Total Area (Cell+Physical+Net)     5102.639

Max Fanout                         22 (n_4)
Min Fanout                         1 (C0[1])
Average Fanout                     1.6
Terms to net ratio                 2.4236
Terms to instance ratio            2.9005
Runtime                            15.563746 seconds
Elapsed Runtime                    18 seconds
Genus peak memory usage            1892.31 
Innovus peak memory usage          no_value 
Hostname                           cadmicro-inf-el8-623207
