============================================================
  Generated by:           Genus(TM) Synthesis Solution 23.12-s086_1
  Generated on:           Apr 07 2025  07:20:46 pm
  Module:                 carry_select_adder_661010_32bits
  Operating conditions:   tt_025C_1v80 
  Interconnect mode:      global
  Area mode:              physical library
============================================================

            Instance                          Module               Cell-Count  Cell-Area  Net-Area   Total-Area 
----------------------------------------------------------------------------------------------------------------
carry_select_adder_661010_32bits NA                                       432   2823.958  2278.681     5102.639 
  CSA_BLOCKS[1].RCA_C0           ripple_carry_adder_WIDTH6_1               30    201.443    94.764      296.207 
    F1A                          full_adder_16                              4     20.019    10.094       30.113 
    full_adder_loop[1].FA        full_adder_210                             8     40.038    20.362       60.401 
    full_adder_loop[2].FA        full_adder_209                             6     35.034    13.575       48.609 
    full_adder_loop[3].FA        full_adder_208                             6     35.034    13.575       48.609 
    full_adder_loop[4].FA        full_adder_207                             5     37.536    13.575       51.111 
    full_adder_loop[5].FA        full_adder_206                             1     33.782     0.000       33.782 
  CSA_BLOCKS[1].RCA_C1           ripple_carry_adder_WIDTH6_2               27    201.443    92.936      294.380 
    F1A                          full_adder_22                              4     20.019    10.094       30.113 
    full_adder_loop[1].FA        full_adder_205                             6     33.782    15.228       49.011 
    full_adder_loop[2].FA        full_adder_204                             7     41.290    21.929       63.218 
    full_adder_loop[3].FA        full_adder_203                             4     35.034    10.181       45.215 
    full_adder_loop[4].FA        full_adder_202                             5     37.536    13.575       51.111 
    full_adder_loop[5].FA        full_adder_201                             1     33.782     0.000       33.782 
  CSA_BLOCKS[2].RCA_C0           ripple_carry_adder_WIDTH10                60    405.389   201.362      606.751 
    F1A                          full_adder_38_225                          1     25.024     0.000       25.024 
    full_adder_loop[1].FA        full_adder_219                            10     52.550    33.763       86.314 
    full_adder_loop[2].FA        full_adder_218                            10     52.550    27.150       79.700 
    full_adder_loop[3].FA        full_adder_217                             6     40.038    13.575       53.613 
    full_adder_loop[4].FA        full_adder_216                             6     37.536    13.575       51.111 
    full_adder_loop[5].FA        full_adder_215                             6     37.536    13.575       51.111 
    full_adder_loop[6].FA        full_adder_214                             6     37.536    13.575       51.111 
    full_adder_loop[7].FA        full_adder_213                             5     42.541    13.575       56.116 
    full_adder_loop[8].FA        full_adder_212                             5     42.541    13.575       56.116 
    full_adder_loop[9].FA        full_adder_211                             5     37.536    13.575       51.111 
  CSA_BLOCKS[2].RCA_C1           ripple_carry_adder_WIDTH10_3_228          61    386.621   201.275      587.896 
    F1A                          full_adder_48_226                          4     20.019    10.094       30.113 
    full_adder_loop[1].FA        full_adder_200                            10     47.546    33.763       81.309 
    full_adder_loop[2].FA        full_adder_199                             7     41.290    16.969       58.258 
    full_adder_loop[3].FA        full_adder_198                             6     40.038    13.575       53.613 
    full_adder_loop[4].FA        full_adder_197                             6     40.038    13.575       53.613 
    full_adder_loop[5].FA        full_adder_196                             6     40.038    13.575       53.613 
    full_adder_loop[6].FA        full_adder_195                             6     37.536    13.575       51.111 
    full_adder_loop[7].FA        full_adder_194                             6     40.038    13.575       53.613 
    full_adder_loop[8].FA        full_adder_193                             5     42.541    13.575       56.116 
    full_adder_loop[9].FA        full_adder_192                             5     37.536    13.575       51.111 
  CSA_BLOCKS[3].RCA_C0           ripple_carry_adder_WIDTH10_227            52    387.872   177.519      565.391 
    F1A                          full_adder_38                              4     22.522    10.094       32.616 
    full_adder_loop[1].FA        full_adder_191                            10     52.550    33.763       86.314 
    full_adder_loop[2].FA        full_adder_190                             8     47.546    23.669       71.215 
    full_adder_loop[3].FA        full_adder_189                             6     40.038    13.575       53.613 
    full_adder_loop[4].FA        full_adder_188                             6     40.038    13.575       53.613 
    full_adder_loop[5].FA        full_adder_187                             6     37.536    13.575       51.111 
    full_adder_loop[6].FA        full_adder_186                             5     42.541    13.575       56.116 
    full_adder_loop[7].FA        full_adder_185                             5     37.536    13.575       51.111 
    full_adder_loop[8].FA        full_adder_184                             1     33.782     0.000       33.782 
    full_adder_loop[9].FA        full_adder_183                             1     33.782     0.000       33.782 
  CSA_BLOCKS[3].RCA_C1           ripple_carry_adder_WIDTH10_3              52    351.587   179.259      530.846 
    F1A                          full_adder_48                              4     20.019    10.094       30.113 
    full_adder_loop[1].FA        full_adder_182                            10     47.546    33.763       81.309 
    full_adder_loop[2].FA        full_adder_181                             6     35.034    13.575       48.609 
    full_adder_loop[3].FA        full_adder_180                             6     35.034    13.575       48.609 
    full_adder_loop[4].FA        full_adder_179                             6     35.034    13.575       48.609 
    full_adder_loop[5].FA        full_adder_178                             5     37.536    13.575       51.111 
    full_adder_loop[6].FA        full_adder_177                             5     37.536    13.575       51.111 
    full_adder_loop[7].FA        full_adder_176                             5     37.536    13.575       51.111 
    full_adder_loop[8].FA        full_adder_175                             4     32.531    10.181       42.712 
    full_adder_loop[9].FA        full_adder_174                             1     33.782     0.000       33.782 
  RCA_LSB                        ripple_carry_adder_WIDTH6                 42    258.998   141.928      400.926 
    F1A                          full_adder                                 8     48.797    28.629       77.426 
    full_adder_loop[1].FA        full_adder_224                            10     52.550    33.763       86.314 
    full_adder_loop[2].FA        full_adder_223                             6     37.536    13.575       51.111 
    full_adder_loop[3].FA        full_adder_222                             6     37.536    13.575       51.111 
    full_adder_loop[4].FA        full_adder_221                             6     37.536    13.575       51.111 
    full_adder_loop[5].FA        full_adder_220                             6     45.043    13.575       58.618 
