============================================================
  Generated by:           Genus(TM) Synthesis Solution 23.12-s086_1
  Generated on:           Apr 07 2025  05:33:21 pm
  Module:                 carry_select_adder
  Operating conditions:   tt_025C_1v80 
  Interconnect mode:      global
  Area mode:              physical library
============================================================

         Instance                     Module             Cell-Count  Cell-Area  Net-Area   Total-Area 
------------------------------------------------------------------------------------------------------
carry_select_adder         NA                                   512   3515.872  2602.131     6118.003 
  CSA_BLOCKS[1].RCA_C0     ripple_carry_adder_WIDTH6             36    213.955   123.393      337.348 
    F1A                    full_adder_4                           4     22.522    10.094       32.616 
    full_adder_loop[1].FA  full_adder_227                        10     47.546    33.763       81.309 
    full_adder_loop[2].FA  full_adder_226                         7     38.787    16.969       55.756 
    full_adder_loop[3].FA  full_adder_225                         6     35.034    13.575       48.609 
    full_adder_loop[4].FA  full_adder_224                         5     37.536    13.575       51.111 
    full_adder_loop[5].FA  full_adder_223                         4     32.531    10.181       42.712 
  CSA_BLOCKS[1].RCA_C1     ripple_carry_adder_WIDTH6_1           35    211.453   116.693      328.145 
    F1A                    full_adder_46_233                      4     20.019    10.094       30.113 
    full_adder_loop[1].FA  full_adder_202                         8     42.541    23.669       66.210 
    full_adder_loop[2].FA  full_adder_201                         7     38.787    16.969       55.756 
    full_adder_loop[3].FA  full_adder_200                         6     35.034    13.575       48.609 
    full_adder_loop[4].FA  full_adder_199                         5     37.536    13.575       51.111 
    full_adder_loop[5].FA  full_adder_198                         5     37.536    13.575       51.111 
  CSA_BLOCKS[2].RCA_C0     ripple_carry_adder_WIDTH8             47    284.022   157.243      441.266 
    F1A                    full_adder_4_232                       4     22.522    10.094       32.616 
    full_adder_loop[1].FA  full_adder_222                        10     47.546    33.763       81.309 
    full_adder_loop[2].FA  full_adder_221                         6     35.034    13.575       48.609 
    full_adder_loop[3].FA  full_adder_220                         6     35.034    13.575       48.609 
    full_adder_loop[4].FA  full_adder_219                         6     35.034    13.575       48.609 
    full_adder_loop[5].FA  full_adder_218                         6     35.034    13.575       48.609 
    full_adder_loop[6].FA  full_adder_217                         5     37.536    13.575       51.111 
    full_adder_loop[7].FA  full_adder_216                         4     36.285    10.181       46.466 
  CSA_BLOCKS[2].RCA_C1     ripple_carry_adder_WIDTH8_1           48    285.274   157.243      442.517 
    F1A                    full_adder_46_234                      4     22.522    10.094       32.616 
    full_adder_loop[1].FA  full_adder_197                        10     47.546    33.763       81.309 
    full_adder_loop[2].FA  full_adder_196                         6     35.034    13.575       48.609 
    full_adder_loop[3].FA  full_adder_195                         6     35.034    13.575       48.609 
    full_adder_loop[4].FA  full_adder_194                         6     35.034    13.575       48.609 
    full_adder_loop[5].FA  full_adder_193                         6     35.034    13.575       48.609 
    full_adder_loop[6].FA  full_adder_192                         6     35.034    13.575       48.609 
    full_adder_loop[7].FA  full_adder_191                         4     40.038    10.181       50.220 
  CSA_BLOCKS[3].RCA_C0     ripple_carry_adder_WIDTH14           103    771.990   341.637     1113.627 
    F1A                    full_adder_4_231                       4     22.522    10.094       32.616 
    full_adder_loop[10].FA full_adder_206                         7     57.555    16.969       74.524 
    full_adder_loop[11].FA full_adder_205                         8     61.309    22.016       83.325 
    full_adder_loop[12].FA full_adder_204                         6     57.555    13.575       71.130 
    full_adder_loop[13].FA full_adder_203                         6     41.290    15.228       56.518 
    full_adder_loop[1].FA  full_adder_215                        11     67.565    37.157      104.722 
    full_adder_loop[2].FA  full_adder_214                        11     63.811    37.157      100.968 
    full_adder_loop[3].FA  full_adder_213                         8     62.560    20.362       82.922 
    full_adder_loop[4].FA  full_adder_212                         7     55.053    16.969       72.022 
    full_adder_loop[5].FA  full_adder_211                         7     53.802    16.969       70.770 
    full_adder_loop[6].FA  full_adder_210                         7     57.555    16.969       74.524 
    full_adder_loop[7].FA  full_adder_209                         7     56.304    16.969       73.273 
    full_adder_loop[8].FA  full_adder_208                         7     57.555    16.969       74.524 
    full_adder_loop[9].FA  full_adder_207                         7     57.555    16.969       74.524 
  CSA_BLOCKS[3].RCA_C1     ripple_carry_adder_WIDTH14_1         104    868.333   355.038     1223.371 
    F1A                    full_adder_46                          4     22.522    10.094       32.616 
    full_adder_loop[10].FA full_adder_181                         7     80.077    18.622       98.699 
    full_adder_loop[11].FA full_adder_180                         7     57.555    20.362       77.918 
    full_adder_loop[12].FA full_adder_179                         5     56.304    10.181       66.485 
    full_adder_loop[13].FA full_adder_178                         5     52.550    11.835       64.385 
    full_adder_loop[1].FA  full_adder_190                        11     62.560    37.157       99.717 
    full_adder_loop[2].FA  full_adder_189                        10     66.314    30.457       96.770 
    full_adder_loop[3].FA  full_adder_188                         7     58.806    16.969       75.775 
    full_adder_loop[4].FA  full_adder_187                         7     65.062    16.969       82.031 
    full_adder_loop[5].FA  full_adder_186                         7     65.062    16.969       82.031 
    full_adder_loop[6].FA  full_adder_185                         9     72.570    27.063       99.633 
    full_adder_loop[7].FA  full_adder_184                         9     71.318    27.063       98.381 
    full_adder_loop[8].FA  full_adder_183                         7     65.062    16.969       82.031 
    full_adder_loop[9].FA  full_adder_182                         9     72.570    27.063       99.633 
  RCA_LSB                  ripple_carry_adder_WIDTH4             22    151.395    67.701      219.096 
    F1A                    full_adder                             6     33.782    15.228       49.011 
    full_adder_loop[1].FA  full_adder_230                         5     30.029    10.181       40.210 
    full_adder_loop[2].FA  full_adder_229                         5     37.536    13.575       51.111 
    full_adder_loop[3].FA  full_adder_228                         6     50.048    13.575       63.623 
