============================================================
  Generated by:           Genus(TM) Synthesis Solution 23.12-s086_1
  Generated on:           Apr 07 2025  06:32:02 pm
  Module:                 carry_select_adder_56678_32bits
  Operating conditions:   tt_025C_1v80 
  Interconnect mode:      global
  Area mode:              physical library
============================================================

Timing
-------
  Cost    Critical         Violating 
 Group   Path Slack  TNS     Paths   
-------------------------------------
default         0.0   0.0          0 
-------------------------------------
Total                 0.0          0 

Instance Count
--------------
Leaf Instance Count             547 
Physical Instance count           0 
Sequential Instance Count         0 
Combinational Instance Count    547 
Hierarchical Instance Count      68 

Area
----
Cell Area                          3345.709
Physical Cell Area                 0.000
Total Cell Area (Cell+Physical)    3345.709
Net Area                           2696.198
Total Area (Cell+Physical+Net)     6041.907

Max Fanout                         18 (n_28)
Min Fanout                         1 (C0[1])
Average Fanout                     1.6
Terms to net ratio                 2.4148
Terms to instance ratio            2.7459
Runtime                            17.508755 seconds
Elapsed Runtime                    18 seconds
Genus peak memory usage            1892.86 
Innovus peak memory usage          no_value 
Hostname                           cadmicro-inf-el8-623207
