============================================================
  Generated by:           Genus(TM) Synthesis Solution 23.12-s086_1
  Generated on:           Apr 07 2025  06:32:02 pm
  Module:                 carry_select_adder_56678_32bits
  Operating conditions:   tt_025C_1v80 
  Interconnect mode:      global
  Area mode:              physical library
============================================================


Path 1: MET (0 ps) Path Delay Check
     Startpoint: (F) B[18]
       Endpoint: (R) Cout

                   Capture    Launch  
      Path Delay:+    1872         -  
      Drv Adjust:+       0         0  
         Arrival:=    1872            
                                      
   Required Time:=    1872            
       Data Path:-    1872            
           Slack:=       0            

Exceptions/Constraints:
  max_delay             1872            constraints.sdc_line_1 

#------------------------------------------------------------------------------------------------------------------------------------------------
#                      Timing Point                       Flags   Arc   Edge           Cell             Fanout Load Trans Delay Arrival Instance 
#                                                                                                              (fF)  (ps)  (ps)   (ps)  Location 
#------------------------------------------------------------------------------------------------------------------------------------------------
  B[18]                                                   -       -     F     (arrival)                      1  3.3  1000     0       0    (-,-) 
  g6145/X                                                 -       A->X  F     sky130_fd_sc_hd__clkbuf_1      2  9.6    81   347     347    (-,-) 
  CSA_BLOCKS[3].RCA_C1/full_adder_loop[1].FA/g119/Y       -       A->Y  R     sky130_fd_sc_hd__clkinv_1      2  8.9    61    81     428    (-,-) 
  CSA_BLOCKS[3].RCA_C1/full_adder_loop[1].FA/g112__5107/Y -       B->Y  F     sky130_fd_sc_hd__nand2_1       1  3.5    36    56     484    (-,-) 
  CSA_BLOCKS[3].RCA_C1/full_adder_loop[1].FA/g110__5477/Y -       B->Y  R     sky130_fd_sc_hd__nand2_1       1  5.9    71    77     561    (-,-) 
  CSA_BLOCKS[3].RCA_C1/full_adder_loop[1].FA/g108__7410/Y -       A->Y  F     sky130_fd_sc_hd__nand2_2       2  7.8    46    59     620    (-,-) 
  CSA_BLOCKS[3].RCA_C1/full_adder_loop[2].FA/g84__5526/Y  -       A->Y  R     sky130_fd_sc_hd__nand2_2       1  5.9    51    59     679    (-,-) 
  CSA_BLOCKS[3].RCA_C1/full_adder_loop[2].FA/g82__4319/Y  -       A->Y  F     sky130_fd_sc_hd__nand2_2       2  7.8    44    54     733    (-,-) 
  CSA_BLOCKS[3].RCA_C1/full_adder_loop[3].FA/g84__5122/Y  -       A->Y  R     sky130_fd_sc_hd__nand2_2       1  5.9    51    58     791    (-,-) 
  CSA_BLOCKS[3].RCA_C1/full_adder_loop[3].FA/g82__2802/Y  -       A->Y  F     sky130_fd_sc_hd__nand2_2       2  8.2    46    55     846    (-,-) 
  CSA_BLOCKS[3].RCA_C1/full_adder_loop[4].FA/g84__7482/Y  -       A->Y  R     sky130_fd_sc_hd__nand2_2       1  5.9    54    59     904    (-,-) 
  CSA_BLOCKS[3].RCA_C1/full_adder_loop[4].FA/g82__1881/Y  -       A->Y  F     sky130_fd_sc_hd__nand2_2       2  6.2    38    50     954    (-,-) 
  CSA_BLOCKS[3].RCA_C1/full_adder_loop[5].FA/g84__2346/Y  -       A->Y  R     sky130_fd_sc_hd__nand2_1       1  3.7    53    56    1011    (-,-) 
  CSA_BLOCKS[3].RCA_C1/full_adder_loop[5].FA/g82__9945/Y  -       A->Y  F     sky130_fd_sc_hd__nand2_1       2  6.2    54    64    1075    (-,-) 
  CSA_BLOCKS[3].RCA_C1/full_adder_loop[6].FA/g84__2398/Y  -       A->Y  R     sky130_fd_sc_hd__nand2_1       1  5.9    72    77    1152    (-,-) 
  CSA_BLOCKS[3].RCA_C1/full_adder_loop[6].FA/g82__5477/Y  -       A->Y  F     sky130_fd_sc_hd__nand2_2       2  6.5    42    55    1208    (-,-) 
  g6798__1666/Y                                           -       A->Y  R     sky130_fd_sc_hd__nand2_1       1  5.9    71    72    1280    (-,-) 
  g6791__7482/Y                                           -       A->Y  F     sky130_fd_sc_hd__nand2_2       1  9.6    52    65    1344    (-,-) 
  g6781__1617/Y                                           -       A->Y  R     sky130_fd_sc_hd__nand2_4       1 19.4    78    82    1426    (-,-) 
  g6774__5107/Y                                           -       B->Y  F     sky130_fd_sc_hd__nand2_8      18 69.2   102   108    1535    (-,-) 
  g6762__7482/Y                                           -       B->Y  R     sky130_fd_sc_hd__nor2_1        1  6.1   134   144    1678    (-,-) 
  g6741__1666/X                                           -       B1->X R     sky130_fd_sc_hd__a21o_4        1 51.3   148   193    1872    (-,-) 
  Cout                                                    -       -     R     (port)                         -    -     -     0    1872    (-,-) 
#------------------------------------------------------------------------------------------------------------------------------------------------

