============================================================
  Generated by:           Genus(TM) Synthesis Solution 23.12-s086_1
  Generated on:           Apr 07 2025  06:32:02 pm
  Module:                 carry_select_adder_56678_32bits
  Operating conditions:   tt_025C_1v80 
  Interconnect mode:      global
  Area mode:              physical library
============================================================

            Instance                         Module              Cell-Count  Cell-Area  Net-Area   Total-Area 
--------------------------------------------------------------------------------------------------------------
carry_select_adder_56678_32bits NA                                      547   3345.709  2696.198     6041.907 
  CSA_BLOCKS[1].RCA_C0          ripple_carry_adder_WIDTH6                46    248.989   157.156      406.145 
    F1A                         full_adder_32_230                         4     20.019    10.094       30.113 
    full_adder_loop[1].FA       full_adder_224                           10     51.299    33.763       85.063 
    full_adder_loop[2].FA       full_adder_223                           11     51.299    37.157       88.456 
    full_adder_loop[3].FA       full_adder_222                            7     45.043    16.969       62.012 
    full_adder_loop[4].FA       full_adder_221                            7     38.787    16.969       55.756 
    full_adder_loop[5].FA       full_adder_220                            7     42.541    16.969       59.510 
  CSA_BLOCKS[1].RCA_C1          ripple_carry_adder_WIDTH6_3_234          46    255.245   157.156      412.401 
    F1A                         full_adder_38_231                         4     22.522    10.094       32.616 
    full_adder_loop[1].FA       full_adder_206                           10     52.550    33.763       86.314 
    full_adder_loop[2].FA       full_adder_205                           11     56.304    37.157       93.461 
    full_adder_loop[3].FA       full_adder_204                            7     45.043    16.969       62.012 
    full_adder_loop[4].FA       full_adder_203                            7     38.787    16.969       55.756 
    full_adder_loop[5].FA       full_adder_202                            7     40.038    16.969       57.007 
  CSA_BLOCKS[2].RCA_C0          ripple_carry_adder_WIDTH6_233            41    255.245   146.975      402.220 
    F1A                         full_adder_32                             4     22.522    10.094       32.616 
    full_adder_loop[1].FA       full_adder_201                           10     51.299    33.763       85.063 
    full_adder_loop[2].FA       full_adder_200                           10     52.550    33.763       86.314 
    full_adder_loop[3].FA       full_adder_199                            6     37.536    13.575       51.111 
    full_adder_loop[4].FA       full_adder_198                            5     40.038    13.575       53.613 
    full_adder_loop[5].FA       full_adder_197                            6     51.299    16.969       68.268 
  CSA_BLOCKS[2].RCA_C1          ripple_carry_adder_WIDTH6_3              40    252.742   136.881      389.623 
    F1A                         full_adder_38                             4     23.773    10.094       33.867 
    full_adder_loop[1].FA       full_adder_196                           10     52.550    33.763       86.314 
    full_adder_loop[2].FA       full_adder_195                            8     47.546    23.669       71.215 
    full_adder_loop[3].FA       full_adder_194                            6     40.038    13.575       53.613 
    full_adder_loop[4].FA       full_adder_193                            6     37.536    13.575       51.111 
    full_adder_loop[5].FA       full_adder_192                            6     51.299    16.969       68.268 
  CSA_BLOCKS[3].RCA_C0          ripple_carry_adder_WIDTH7                51    295.283   169.078      464.361 
    F1A                         full_adder_11                             4     22.522    10.094       32.616 
    full_adder_loop[1].FA       full_adder_219                           10     53.802    33.763       87.565 
    full_adder_loop[2].FA       full_adder_218                           10     52.550    30.457       83.007 
    full_adder_loop[3].FA       full_adder_217                            6     40.038    13.575       53.613 
    full_adder_loop[4].FA       full_adder_216                            7     43.792    16.969       60.761 
    full_adder_loop[5].FA       full_adder_215                            7     41.290    16.969       58.258 
    full_adder_loop[6].FA       full_adder_214                            7     41.290    16.969       58.258 
  CSA_BLOCKS[3].RCA_C1          ripple_carry_adder_WIDTH7_1              54    297.786   179.259      477.045 
    F1A                         full_adder_51_232                         4     20.019    10.094       30.113 
    full_adder_loop[1].FA       full_adder_191                           10     50.048    33.763       83.811 
    full_adder_loop[2].FA       full_adder_190                           10     53.802    30.457       84.258 
    full_adder_loop[3].FA       full_adder_189                            9     50.048    23.756       73.804 
    full_adder_loop[4].FA       full_adder_188                            7     43.792    16.969       60.761 
    full_adder_loop[5].FA       full_adder_187                            7     38.787    16.969       55.756 
    full_adder_loop[6].FA       full_adder_186                            7     41.290    16.969       58.258 
  CSA_BLOCKS[4].RCA_C0          ripple_carry_adder_WIDTH8                49    299.037   170.731      469.768 
    F1A                         full_adder_11_229                         4     20.019    10.094       30.113 
    full_adder_loop[1].FA       full_adder_213                           10     47.546    33.763       81.309 
    full_adder_loop[2].FA       full_adder_212                            8     42.541    23.669       66.210 
    full_adder_loop[3].FA       full_adder_211                            7     38.787    16.969       55.756 
    full_adder_loop[4].FA       full_adder_210                            6     35.034    13.575       48.609 
    full_adder_loop[5].FA       full_adder_209                            6     43.792    16.969       60.761 
    full_adder_loop[6].FA       full_adder_208                            4     38.787    10.181       48.968 
    full_adder_loop[7].FA       full_adder_207                            4     32.531    10.181       42.712 
  CSA_BLOCKS[4].RCA_C1          ripple_carry_adder_WIDTH8_1              42    296.534   145.409      441.943 
    F1A                         full_adder_51                             4     20.019    10.094       30.113 
    full_adder_loop[1].FA       full_adder_185                           10     50.048    33.763       83.811 
    full_adder_loop[2].FA       full_adder_184                            6     37.536    13.575       51.111 
    full_adder_loop[3].FA       full_adder_183                            6     37.536    13.575       51.111 
    full_adder_loop[4].FA       full_adder_182                            5     37.536    13.575       51.111 
    full_adder_loop[5].FA       full_adder_181                            6     43.792    16.969       60.761 
    full_adder_loop[6].FA       full_adder_180                            4     36.285    10.181       46.466 
    full_adder_loop[7].FA       full_adder_179                            1     33.782     0.000       33.782 
  RCA_LSB                       ripple_carry_adder_WIDTH5                39    258.998   130.181      389.179 
    F1A                         full_adder                                9     66.314    28.716       95.030 
    full_adder_loop[1].FA       full_adder_228                           11     56.304    37.157       93.461 
    full_adder_loop[2].FA       full_adder_227                            7     43.792    16.969       60.761 
    full_adder_loop[3].FA       full_adder_226                            6     46.294    13.575       59.869 
    full_adder_loop[4].FA       full_adder_225                            6     46.294    13.575       59.869 
