============================================================
  Generated by:           Genus(TM) Synthesis Solution 23.12-s086_1
  Generated on:           Apr 07 2025  02:33:00 pm
  Module:                 ripple_carry_adder_8bits
  Operating conditions:   tt_025C_1v80 
  Interconnect mode:      global
  Area mode:              physical library
============================================================

Timing
-------
  Cost    Critical         Violating 
 Group   Path Slack  TNS     Paths   
-------------------------------------
default         1.8   0.0          0 
-------------------------------------
Total                 0.0          0 

Instance Count
--------------
Leaf Instance Count             63 
Physical Instance count          0 
Sequential Instance Count        0 
Combinational Instance Count    63 
Hierarchical Instance Count      8 

Area
----
Cell Area                          409.142
Physical Cell Area                 0.000
Total Cell Area (Cell+Physical)    409.142
Net Area                           335.981
Total Area (Cell+Physical+Net)     745.123

Max Fanout                         3 (carry[6])
Min Fanout                         1 (Cout)
Average Fanout                     1.5
Terms to net ratio                 2.1875
Terms to instance ratio            2.7778
Runtime                            11.946418 seconds
Elapsed Runtime                    12 seconds
Genus peak memory usage            1889.39 
Innovus peak memory usage          no_value 
Hostname                           cadmicro-inf-el8-623207
