###############################################################
#  Generated by:      Cadence Innovus 23.32-s091_1
#  OS:                Linux x86_64(Host ID cadmicro-inf-el8-623207)
#  Generated on:      Mon Apr  7 14:31:24 2025
#  Design:            ripple_carry_adder_16bits
#  Command:           report_timing > reports/report_timing.rpt
###############################################################
Path 1: MET Path Delay Check
Endpoint:   S[15] (^)
Beginpoint: A[0]  (v) triggered by  leading edge of '@'
Path Groups: {default}
Analysis View: default_emulate_view
- External Delay                0.000
+ Path Delay                    2.275
= Required Time                 2.275
- Arrival Time                  2.271
= Slack Time                    0.004
     Clock Rise Edge                      0.000
     + Input Delay                        0.000
     = Beginpoint Arrival Time            0.000
     +------------------------------------------------------------------------------------------------------------+ 
     |             Instance              |      Arc      |           Cell            | Delay | Arrival | Required | 
     |                                   |               |                           |       |  Time   |   Time   | 
     |-----------------------------------+---------------+---------------------------+-------+---------+----------| 
     |                                   | A[0] v        |                           |       |   0.000 |    0.004 | 
     | F1A/g38                           | A v -> Y ^    | sky130_fd_sc_hd__inv_4    | 0.216 |   0.216 |    0.219 | 
     | F1A/g34__5107                     | B ^ -> Y v    | sky130_fd_sc_hd__nor2_1   | 0.083 |   0.299 |    0.303 | 
     | full_adder_loop[1].FA/g194__8428  | B v -> Y ^    | sky130_fd_sc_hd__nand2_2  | 0.088 |   0.387 |    0.390 | 
     | full_adder_loop[1].FA/g192__6260  | B ^ -> Y v    | sky130_fd_sc_hd__nand2_4  | 0.064 |   0.450 |    0.454 | 
     | full_adder_loop[2].FA/g124__1705  | A v -> Y ^    | sky130_fd_sc_hd__nand2_4  | 0.059 |   0.509 |    0.513 | 
     | full_adder_loop[2].FA/g122__1617  | A ^ -> Y v    | sky130_fd_sc_hd__nand2_4  | 0.051 |   0.560 |    0.564 | 
     | full_adder_loop[3].FA/g124__5115  | A v -> Y ^    | sky130_fd_sc_hd__nand2_4  | 0.064 |   0.625 |    0.628 | 
     | full_adder_loop[3].FA/g122__6131  | A ^ -> Y v    | sky130_fd_sc_hd__nand2_4  | 0.050 |   0.675 |    0.678 | 
     | full_adder_loop[4].FA/g124__2883  | A v -> Y ^    | sky130_fd_sc_hd__nand2_4  | 0.064 |   0.739 |    0.742 | 
     | full_adder_loop[4].FA/g122__9315  | A ^ -> Y v    | sky130_fd_sc_hd__nand2_4  | 0.053 |   0.792 |    0.796 | 
     | full_adder_loop[5].FA/g124__2398  | A v -> Y ^    | sky130_fd_sc_hd__nand2_4  | 0.063 |   0.855 |    0.859 | 
     | full_adder_loop[5].FA/g122__6417  | A ^ -> Y v    | sky130_fd_sc_hd__nand2_4  | 0.053 |   0.908 |    0.912 | 
     | full_adder_loop[6].FA/g124__6783  | A v -> Y ^    | sky130_fd_sc_hd__nand2_4  | 0.063 |   0.972 |    0.975 | 
     | full_adder_loop[6].FA/g122__8428  | A ^ -> Y v    | sky130_fd_sc_hd__nand2_4  | 0.053 |   1.025 |    1.028 | 
     | full_adder_loop[7].FA/g124__8246  | A v -> Y ^    | sky130_fd_sc_hd__nand2_4  | 0.064 |   1.088 |    1.092 | 
     | full_adder_loop[7].FA/g122__1705  | A ^ -> Y v    | sky130_fd_sc_hd__nand2_4  | 0.050 |   1.139 |    1.142 | 
     | full_adder_loop[8].FA/g124__7482  | A v -> Y ^    | sky130_fd_sc_hd__nand2_4  | 0.065 |   1.204 |    1.207 | 
     | full_adder_loop[8].FA/g122__5115  | A ^ -> Y v    | sky130_fd_sc_hd__nand2_4  | 0.054 |   1.257 |    1.261 | 
     | full_adder_loop[9].FA/g124__2346  | A v -> Y ^    | sky130_fd_sc_hd__nand2_4  | 0.064 |   1.321 |    1.324 | 
     | full_adder_loop[9].FA/g122__9945  | A ^ -> Y v    | sky130_fd_sc_hd__nand2_4  | 0.051 |   1.372 |    1.376 | 
     | full_adder_loop[10].FA/g124__2398 | A v -> Y ^    | sky130_fd_sc_hd__nand2_4  | 0.062 |   1.434 |    1.438 | 
     | full_adder_loop[10].FA/g122__6417 | A ^ -> Y v    | sky130_fd_sc_hd__nand2_4  | 0.053 |   1.487 |    1.491 | 
     | full_adder_loop[11].FA/g121__5526 | A v -> Y ^    | sky130_fd_sc_hd__nand2_4  | 0.065 |   1.552 |    1.556 | 
     | full_adder_loop[11].FA/g119__4319 | A ^ -> Y v    | sky130_fd_sc_hd__nand2_4  | 0.054 |   1.606 |    1.610 | 
     | full_adder_loop[12].FA/g121__1705 | A v -> Y ^    | sky130_fd_sc_hd__nand2_4  | 0.066 |   1.672 |    1.675 | 
     | full_adder_loop[12].FA/g119__1617 | A ^ -> Y v    | sky130_fd_sc_hd__nand2_4  | 0.055 |   1.726 |    1.730 | 
     | full_adder_loop[13].FA/g121__1881 | A v -> Y ^    | sky130_fd_sc_hd__nand2_4  | 0.065 |   1.792 |    1.795 | 
     | full_adder_loop[13].FA/g119__7098 | A ^ -> Y v    | sky130_fd_sc_hd__nand2_4  | 0.061 |   1.852 |    1.856 | 
     | full_adder_loop[14].FA/g122__9945 | A v -> Y ^    | sky130_fd_sc_hd__nand2_4  | 0.068 |   1.920 |    1.924 | 
     | full_adder_loop[14].FA/g120__6161 | A ^ -> Y v    | sky130_fd_sc_hd__nand2_4  | 0.054 |   1.974 |    1.978 | 
     | full_adder_loop[15].FA/g115__6417 | A2_N v -> X ^ | sky130_fd_sc_hd__a2bb2o_4 | 0.297 |   2.270 |    2.274 | 
     |                                   | S[15] ^       |                           | 0.001 |   2.271 |    2.275 | 
     +------------------------------------------------------------------------------------------------------------+ 

