============================================================
  Generated by:           Genus(TM) Synthesis Solution 23.12-s086_1
  Generated on:           Apr 07 2025  06:21:14 pm
  Module:                 carry_select_adder_56678_32bits
  Operating conditions:   tt_025C_1v80 
  Interconnect mode:      global
  Area mode:              physical library
============================================================

            Instance                         Module              Cell-Count  Cell-Area  Net-Area   Total-Area 
--------------------------------------------------------------------------------------------------------------
carry_select_adder_56678_32bits NA                                       98   1527.715   886.985     2414.700 
  CSA_BLOCKS[1].RCA_C0          ripple_carry_adder_WIDTH6                 6    126.371    16.969      143.340 
    F1A                         full_adder_32_230                         1     12.512     0.000       12.512 
    full_adder_loop[1].FA       full_adder_224                            1     33.782     0.000       33.782 
    full_adder_loop[2].FA       full_adder_223                            1     20.019     0.000       20.019 
    full_adder_loop[3].FA       full_adder_222                            1     20.019     0.000       20.019 
    full_adder_loop[4].FA       full_adder_221                            1     20.019     0.000       20.019 
    full_adder_loop[5].FA       full_adder_220                            1     20.019     0.000       20.019 
  CSA_BLOCKS[1].RCA_C1          ripple_carry_adder_WIDTH6_3_234           9    120.115    27.063      147.178 
    F1A                         full_adder_38_231                         4     20.019    10.094       30.113 
    full_adder_loop[1].FA       full_adder_206                            1     20.019     0.000       20.019 
    full_adder_loop[2].FA       full_adder_205                            1     20.019     0.000       20.019 
    full_adder_loop[3].FA       full_adder_204                            1     20.019     0.000       20.019 
    full_adder_loop[4].FA       full_adder_203                            1     20.019     0.000       20.019 
    full_adder_loop[5].FA       full_adder_202                            1     20.019     0.000       20.019 
  CSA_BLOCKS[2].RCA_C0          ripple_carry_adder_WIDTH6_233             6    112.608    16.969      129.577 
    F1A                         full_adder_32                             1     12.512     0.000       12.512 
    full_adder_loop[1].FA       full_adder_201                            1     20.019     0.000       20.019 
    full_adder_loop[2].FA       full_adder_200                            1     20.019     0.000       20.019 
    full_adder_loop[3].FA       full_adder_199                            1     20.019     0.000       20.019 
    full_adder_loop[4].FA       full_adder_198                            1     20.019     0.000       20.019 
    full_adder_loop[5].FA       full_adder_197                            1     20.019     0.000       20.019 
  CSA_BLOCKS[2].RCA_C1          ripple_carry_adder_WIDTH6_3               7    115.110    16.969      132.079 
    F1A                         full_adder_38                             2     15.014     0.000       15.014 
    full_adder_loop[1].FA       full_adder_196                            1     20.019     0.000       20.019 
    full_adder_loop[2].FA       full_adder_195                            1     20.019     0.000       20.019 
    full_adder_loop[3].FA       full_adder_194                            1     20.019     0.000       20.019 
    full_adder_loop[4].FA       full_adder_193                            1     20.019     0.000       20.019 
    full_adder_loop[5].FA       full_adder_192                            1     20.019     0.000       20.019 
  CSA_BLOCKS[3].RCA_C0          ripple_carry_adder_WIDTH7                 7    132.627    20.362      152.990 
    F1A                         full_adder_11                             1     12.512     0.000       12.512 
    full_adder_loop[1].FA       full_adder_219                            1     20.019     0.000       20.019 
    full_adder_loop[2].FA       full_adder_218                            1     20.019     0.000       20.019 
    full_adder_loop[3].FA       full_adder_217                            1     20.019     0.000       20.019 
    full_adder_loop[4].FA       full_adder_216                            1     20.019     0.000       20.019 
    full_adder_loop[5].FA       full_adder_215                            1     20.019     0.000       20.019 
    full_adder_loop[6].FA       full_adder_214                            1     20.019     0.000       20.019 
  CSA_BLOCKS[3].RCA_C1          ripple_carry_adder_WIDTH7_1               8    135.130    20.362      155.492 
    F1A                         full_adder_51_232                         2     15.014     0.000       15.014 
    full_adder_loop[1].FA       full_adder_191                            1     20.019     0.000       20.019 
    full_adder_loop[2].FA       full_adder_190                            1     20.019     0.000       20.019 
    full_adder_loop[3].FA       full_adder_189                            1     20.019     0.000       20.019 
    full_adder_loop[4].FA       full_adder_188                            1     20.019     0.000       20.019 
    full_adder_loop[5].FA       full_adder_187                            1     20.019     0.000       20.019 
    full_adder_loop[6].FA       full_adder_186                            1     20.019     0.000       20.019 
  CSA_BLOCKS[4].RCA_C0          ripple_carry_adder_WIDTH8                 8    152.646    23.756      176.403 
    F1A                         full_adder_11_229                         1     12.512     0.000       12.512 
    full_adder_loop[1].FA       full_adder_213                            1     20.019     0.000       20.019 
    full_adder_loop[2].FA       full_adder_212                            1     20.019     0.000       20.019 
    full_adder_loop[3].FA       full_adder_211                            1     20.019     0.000       20.019 
    full_adder_loop[4].FA       full_adder_210                            1     20.019     0.000       20.019 
    full_adder_loop[5].FA       full_adder_209                            1     20.019     0.000       20.019 
    full_adder_loop[6].FA       full_adder_208                            1     20.019     0.000       20.019 
    full_adder_loop[7].FA       full_adder_207                            1     20.019     0.000       20.019 
  CSA_BLOCKS[4].RCA_C1          ripple_carry_adder_WIDTH8_1               9    155.149    23.756      178.905 
    F1A                         full_adder_51                             2     15.014     0.000       15.014 
    full_adder_loop[1].FA       full_adder_185                            1     20.019     0.000       20.019 
    full_adder_loop[2].FA       full_adder_184                            1     20.019     0.000       20.019 
    full_adder_loop[3].FA       full_adder_183                            1     20.019     0.000       20.019 
    full_adder_loop[4].FA       full_adder_182                            1     20.019     0.000       20.019 
    full_adder_loop[5].FA       full_adder_181                            1     20.019     0.000       20.019 
    full_adder_loop[6].FA       full_adder_180                            1     20.019     0.000       20.019 
    full_adder_loop[7].FA       full_adder_179                            1     20.019     0.000       20.019 
  RCA_LSB                       ripple_carry_adder_WIDTH5                 5    113.859    13.575      127.434 
    F1A                         full_adder                                1     33.782     0.000       33.782 
    full_adder_loop[1].FA       full_adder_228                            1     20.019     0.000       20.019 
    full_adder_loop[2].FA       full_adder_227                            1     20.019     0.000       20.019 
    full_adder_loop[3].FA       full_adder_226                            1     20.019     0.000       20.019 
    full_adder_loop[4].FA       full_adder_225                            1     20.019     0.000       20.019 
