============================================================
  Generated by:           Genus(TM) Synthesis Solution 23.12-s086_1
  Generated on:           Apr 07 2025  06:21:14 pm
  Module:                 carry_select_adder_56678_32bits
  Operating conditions:   tt_025C_1v80 
  Interconnect mode:      global
  Area mode:              physical library
============================================================

Timing
-------
  Cost    Critical         Violating 
 Group   Path Slack  TNS     Paths   
-------------------------------------
default         8.4   0.0          0 
-------------------------------------
Total                 0.0          0 

Instance Count
--------------
Leaf Instance Count             98 
Physical Instance count          0 
Sequential Instance Count        0 
Combinational Instance Count    98 
Hierarchical Instance Count     68 

Area
----
Cell Area                          1527.715
Physical Cell Area                 0.000
Total Cell Area (Cell+Physical)    1527.715
Net Area                           886.985
Total Area (Cell+Physical+Net)     2414.700

Max Fanout                         9 (n_2)
Min Fanout                         1 (C0[1])
Average Fanout                     1.4
Terms to net ratio                 1.9587
Terms to instance ratio            4.3571
Runtime                            12.671114000000001 seconds
Elapsed Runtime                    15 seconds
Genus peak memory usage            1890.18 
Innovus peak memory usage          no_value 
Hostname                           cadmicro-inf-el8-623207
