============================================================
  Generated by:           Genus(TM) Synthesis Solution 23.12-s086_1
  Generated on:           Apr 07 2025  02:58:54 pm
  Module:                 kogge_stone_32bits
  Operating conditions:   tt_025C_1v80 
  Interconnect mode:      global
  Area mode:              physical library
============================================================

Timing
-------
  Cost    Critical         Violating 
 Group   Path Slack  TNS     Paths   
-------------------------------------
default         0.0   0.0          0 
-------------------------------------
Total                 0.0          0 

Instance Count
--------------
Leaf Instance Count             643 
Physical Instance count           0 
Sequential Instance Count         0 
Combinational Instance Count    643 
Hierarchical Instance Count     515 

Area
----
Cell Area                          4344.166
Physical Cell Area                 0.000
Total Cell Area (Cell+Physical)    4344.166
Net Area                           3386.521
Total Area (Cell+Physical+Net)     7730.687

Max Fanout                         33 (n_70)
Min Fanout                         1 (C[0])
Average Fanout                     1.8
Terms to net ratio                 2.7105
Terms to instance ratio            2.9844
Runtime                            20.794516 seconds
Elapsed Runtime                    21 seconds
Genus peak memory usage            1899.43 
Innovus peak memory usage          no_value 
Hostname                           cadmicro-inf-el8-623207
