============================================================
  Generated by:           Genus(TM) Synthesis Solution 23.12-s086_1
  Generated on:           Apr 07 2025  02:22:44 pm
  Module:                 ripple_carry_adder_16bits
  Operating conditions:   tt_025C_1v80 
  Interconnect mode:      global
  Area mode:              physical library
============================================================

         Instance              Module       Cell-Count  Cell-Area  Net-Area   Total-Area 
-----------------------------------------------------------------------------------------
ripple_carry_adder_16bits NA                       166   1293.741   814.150     2107.891 
  F1A                     full_adder                 6     35.034    16.882       51.915 
  full_adder_loop[10].FA  full_adder_15_24           7     75.072    18.622       93.694 
  full_adder_loop[11].FA  full_adder_15_25           9     75.072    27.063      102.135 
  full_adder_loop[12].FA  full_adder_15_26           8     80.077    25.323      105.399 
  full_adder_loop[13].FA  full_adder_15_27           7     76.323    20.275       96.599 
  full_adder_loop[14].FA  full_adder_15_28          10     80.077    28.803      108.880 
  full_adder_loop[15].FA  full_adder_15             11    101.347    33.850      135.198 
  full_adder_loop[1].FA   full_adder_15_15          11     77.574    35.504      113.078 
  full_adder_loop[2].FA   full_adder_15_16          11     77.574    37.157      114.732 
  full_adder_loop[3].FA   full_adder_15_17           9     67.565    23.756       91.321 
  full_adder_loop[4].FA   full_adder_15_18           7     65.062    16.969       82.031 
  full_adder_loop[5].FA   full_adder_15_19           7     65.062    16.969       82.031 
  full_adder_loop[6].FA   full_adder_15_20           8     68.816    22.016       90.832 
  full_adder_loop[7].FA   full_adder_15_21           7     71.318    18.622       89.940 
  full_adder_loop[8].FA   full_adder_15_22           7     75.072    18.622       93.694 
  full_adder_loop[9].FA   full_adder_15_23           7     75.072    18.622       93.694 
