============================================================
  Generated by:           Genus(TM) Synthesis Solution 23.12-s086_1
  Generated on:           Apr 07 2025  02:22:44 pm
  Module:                 ripple_carry_adder_16bits
  Operating conditions:   tt_025C_1v80 
  Interconnect mode:      global
  Area mode:              physical library
============================================================

Timing
-------
  Cost    Critical            Violating 
 Group   Path Slack    TNS      Paths   
----------------------------------------
default       -87.0   -226.7          4 
----------------------------------------
Total                 -226.7          4 

Instance Count
--------------
Leaf Instance Count             166 
Physical Instance count           0 
Sequential Instance Count         0 
Combinational Instance Count    166 
Hierarchical Instance Count      16 

Area
----
Cell Area                          1293.741
Physical Cell Area                 0.000
Total Cell Area (Cell+Physical)    1293.741
Net Area                           814.150
Total Area (Cell+Physical+Net)     2107.891

Max Fanout                         3 (carry[13])
Min Fanout                         1 (Cout)
Average Fanout                     1.4
Terms to net ratio                 2.1919
Terms to instance ratio            2.6145
Runtime                            21.891593 seconds
Elapsed Runtime                    22 seconds
Genus peak memory usage            1898.42 
Innovus peak memory usage          no_value 
Hostname                           cadmicro-inf-el8-623207
