###############################################################
#  Generated by:      Cadence Innovus 23.32-s091_1
#  OS:                Linux x86_64(Host ID cadmicro-inf-el8-623207)
#  Generated on:      Thu Apr  3 14:59:06 2025
#  Design:            carry_select_adder_46688_32bits
#  Command:           report_timing > reports/report_timing.rpt
###############################################################
Path 1: MET Path Delay Check
Endpoint:   Cout (v)
Beginpoint: B[4] (v) triggered by  leading edge of '@'
Path Groups: {default}
Analysis View: default_emulate_view
- External Delay                0.000
+ Path Delay                  200.000
= Required Time               200.000
- Arrival Time                  5.420
= Slack Time                  194.580
     Clock Rise Edge                      0.000
     + Input Delay                        0.000
     = Beginpoint Arrival Time            0.000
     +------------------------------------------------------------------------------------------------------------------------------+ 
     |                      Instance                      |       Arc       |           Cell           | Delay | Arrival | Required | 
     |                                                    |                 |                          |       |  Time   |   Time   | 
     |----------------------------------------------------+-----------------+--------------------------+-------+---------+----------| 
     |                                                    | B[4] v          |                          |       |  -0.000 |  194.580 | 
     | CSA_BLOCKS[1].RCA_C0/F1A/g28__2398                 | A v -> COUT v   | sky130_fd_sc_hd__ha_1    | 0.624 |   0.624 |  195.204 | 
     | CSA_BLOCKS[1].RCA_C0/full_adder_loop[1].FA/g65__51 | A v -> COUT v   | sky130_fd_sc_hd__fa_1    | 0.452 |   1.076 |  195.656 | 
     | 07                                                 |                 |                          |       |         |          | 
     | CSA_BLOCKS[1].RCA_C0/full_adder_loop[2].FA/g65__62 | CIN v -> COUT v | sky130_fd_sc_hd__fa_1    | 0.395 |   1.471 |  196.051 | 
     | 60                                                 |                 |                          |       |         |          | 
     | CSA_BLOCKS[1].RCA_C0/full_adder_loop[3].FA/g65__43 | CIN v -> COUT v | sky130_fd_sc_hd__fa_1    | 0.397 |   1.868 |  196.448 | 
     | 19                                                 |                 |                          |       |         |          | 
     | CSA_BLOCKS[1].RCA_C0/full_adder_loop[4].FA/g65__84 | CIN v -> COUT v | sky130_fd_sc_hd__fa_1    | 0.399 |   2.267 |  196.847 | 
     | 28                                                 |                 |                          |       |         |          | 
     | CSA_BLOCKS[1].RCA_C0/full_adder_loop[5].FA/g65__55 | CIN v -> COUT v | sky130_fd_sc_hd__fa_1    | 0.373 |   2.640 |  197.220 | 
     | 26                                                 |                 |                          |       |         |          | 
     | g616__3680                                         | A0 v -> Y ^     | sky130_fd_sc_hd__mux2i_1 | 0.557 |   3.198 |  197.778 | 
     | g609__2398                                         | S ^ -> Y ^      | sky130_fd_sc_hd__mux2i_1 | 0.824 |   4.022 |  198.602 | 
     | g601__9315                                         | S ^ -> Y ^      | sky130_fd_sc_hd__mux2i_1 | 0.832 |   4.854 |  199.434 | 
     | g595__6131                                         | S ^ -> X v      | sky130_fd_sc_hd__mux2_2  | 0.564 |   5.419 |  199.999 | 
     |                                                    | Cout v          |                          | 0.001 |   5.420 |  200.000 | 
     +------------------------------------------------------------------------------------------------------------------------------+ 

