============================================================
  Generated by:           Genus(TM) Synthesis Solution 23.12-s086_1
  Generated on:           Apr 09 2025  12:53:38 pm
  Module:                 carry_select_adder_461012_32bits
  Operating conditions:   tt_025C_1v80 
  Interconnect mode:      global
  Area mode:              physical library
============================================================

            Instance                        Module             Cell-Count  Cell-Area  Net-Area   Total-Area 
------------------------------------------------------------------------------------------------------------
carry_select_adder_461012_32bits NA                                   169   1844.269  1182.067     3026.336 
  CSA_BLOCKS[1].RCA_C0           ripple_carry_adder_WIDTH6              6    112.608    16.969      129.577 
    F1A                          full_adder_4                           1     12.512     0.000       12.512 
    full_adder_loop[1].FA        full_adder_227                         1     20.019     0.000       20.019 
    full_adder_loop[2].FA        full_adder_226                         1     20.019     0.000       20.019 
    full_adder_loop[3].FA        full_adder_225                         1     20.019     0.000       20.019 
    full_adder_loop[4].FA        full_adder_224                         1     20.019     0.000       20.019 
    full_adder_loop[5].FA        full_adder_223                         1     20.019     0.000       20.019 
  CSA_BLOCKS[1].RCA_C1           ripple_carry_adder_WIDTH6_1            7    115.110    16.969      132.079 
    F1A                          full_adder_48_233                      2     15.014     0.000       15.014 
    full_adder_loop[1].FA        full_adder_202                         1     20.019     0.000       20.019 
    full_adder_loop[2].FA        full_adder_201                         1     20.019     0.000       20.019 
    full_adder_loop[3].FA        full_adder_200                         1     20.019     0.000       20.019 
    full_adder_loop[4].FA        full_adder_199                         1     20.019     0.000       20.019 
    full_adder_loop[5].FA        full_adder_198                         1     20.019     0.000       20.019 
  CSA_BLOCKS[2].RCA_C0           ripple_carry_adder_WIDTH10            21    251.491    69.354      320.845 
    F1A                          full_adder_4_232                       4     20.019    10.094       30.113 
    full_adder_loop[1].FA        full_adder_222                         9     43.792    27.063       70.855 
    full_adder_loop[2].FA        full_adder_221                         1     33.782     0.000       33.782 
    full_adder_loop[3].FA        full_adder_220                         1     33.782     0.000       33.782 
    full_adder_loop[4].FA        full_adder_219                         1     20.019     0.000       20.019 
    full_adder_loop[5].FA        full_adder_218                         1     20.019     0.000       20.019 
    full_adder_loop[6].FA        full_adder_217                         1     20.019     0.000       20.019 
    full_adder_loop[7].FA        full_adder_216                         1     20.019     0.000       20.019 
    full_adder_loop[8].FA        full_adder_215                         1     20.019     0.000       20.019 
    full_adder_loop[9].FA        full_adder_214                         1     20.019     0.000       20.019 
  CSA_BLOCKS[2].RCA_C1           ripple_carry_adder_WIDTH10_1          23    235.226    74.488      309.714 
    F1A                          full_adder_48_234                      4     20.019    10.094       30.113 
    full_adder_loop[1].FA        full_adder_197                         8     40.038    20.362       60.401 
    full_adder_loop[2].FA        full_adder_196                         1     22.522     0.000       22.522 
    full_adder_loop[3].FA        full_adder_195                         4     32.531    10.181       42.712 
    full_adder_loop[4].FA        full_adder_194                         1     20.019     0.000       20.019 
    full_adder_loop[5].FA        full_adder_193                         1     20.019     0.000       20.019 
    full_adder_loop[6].FA        full_adder_192                         1     20.019     0.000       20.019 
    full_adder_loop[7].FA        full_adder_191                         1     20.019     0.000       20.019 
    full_adder_loop[8].FA        full_adder_190                         1     20.019     0.000       20.019 
    full_adder_loop[9].FA        full_adder_189                         1     20.019     0.000       20.019 
  CSA_BLOCKS[3].RCA_C0           ripple_carry_adder_WIDTH12            28    302.790    96.330      399.120 
    F1A                          full_adder_4_231                       4     20.019    10.094       30.113 
    full_adder_loop[10].FA       full_adder_204                         1     20.019     0.000       20.019 
    full_adder_loop[11].FA       full_adder_203                         1     22.522     0.000       22.522 
    full_adder_loop[1].FA        full_adder_213                         5     30.029    10.181       40.210 
    full_adder_loop[2].FA        full_adder_212                         7     41.290    23.582       64.872 
    full_adder_loop[3].FA        full_adder_211                         4     35.034    10.181       45.215 
    full_adder_loop[4].FA        full_adder_210                         1     33.782     0.000       33.782 
    full_adder_loop[5].FA        full_adder_209                         1     20.019     0.000       20.019 
    full_adder_loop[6].FA        full_adder_208                         1     20.019     0.000       20.019 
    full_adder_loop[7].FA        full_adder_207                         1     20.019     0.000       20.019 
    full_adder_loop[8].FA        full_adder_206                         1     20.019     0.000       20.019 
    full_adder_loop[9].FA        full_adder_205                         1     20.019     0.000       20.019 
  CSA_BLOCKS[3].RCA_C1           ripple_carry_adder_WIDTH12_1          27    307.795    93.023      400.819 
    F1A                          full_adder_48                          4     20.019    10.094       30.113 
    full_adder_loop[10].FA       full_adder_179                         1     20.019     0.000       20.019 
    full_adder_loop[11].FA       full_adder_178                         1     22.522     0.000       22.522 
    full_adder_loop[1].FA        full_adder_188                         1     33.782     0.000       33.782 
    full_adder_loop[2].FA        full_adder_187                         7     41.290    20.275       61.565 
    full_adder_loop[3].FA        full_adder_186                         4     35.034    10.181       45.215 
    full_adder_loop[4].FA        full_adder_185                         4     32.531    10.181       42.712 
    full_adder_loop[5].FA        full_adder_184                         1     20.019     0.000       20.019 
    full_adder_loop[6].FA        full_adder_183                         1     20.019     0.000       20.019 
    full_adder_loop[7].FA        full_adder_182                         1     22.522     0.000       22.522 
    full_adder_loop[8].FA        full_adder_181                         1     20.019     0.000       20.019 
    full_adder_loop[9].FA        full_adder_180                         1     20.019     0.000       20.019 
  RCA_LSB                        ripple_carry_adder_WIDTH4              4     80.077    10.181       90.258 
    F1A                          full_adder                             1     20.019     0.000       20.019 
    full_adder_loop[1].FA        full_adder_230                         1     20.019     0.000       20.019 
    full_adder_loop[2].FA        full_adder_229                         1     20.019     0.000       20.019 
    full_adder_loop[3].FA        full_adder_228                         1     20.019     0.000       20.019 
