============================================================
  Generated by:           Genus(TM) Synthesis Solution 23.12-s086_1
  Generated on:           Apr 09 2025  12:53:38 pm
  Module:                 carry_select_adder_461012_32bits
  Operating conditions:   tt_025C_1v80 
  Interconnect mode:      global
  Area mode:              physical library
============================================================

Timing
-------
  Cost    Critical         Violating 
 Group   Path Slack  TNS     Paths   
-------------------------------------
default         0.1   0.0          0 
-------------------------------------
Total                 0.0          0 

Instance Count
--------------
Leaf Instance Count             169 
Physical Instance count           0 
Sequential Instance Count         0 
Combinational Instance Count    169 
Hierarchical Instance Count      67 

Area
----
Cell Area                          1844.269
Physical Cell Area                 0.000
Total Cell Area (Cell+Physical)    1844.269
Net Area                           1182.067
Total Area (Cell+Physical+Net)     3026.336

Max Fanout                         13 (n_1)
Min Fanout                         1 (C0[1])
Average Fanout                     1.5
Terms to net ratio                 2.1197
Terms to instance ratio            3.5621
Runtime                            13.64566 seconds
Elapsed Runtime                    16 seconds
Genus peak memory usage            1891.22 
Innovus peak memory usage          no_value 
Hostname                           cadmicro-inf-el8-623207
