============================================================
  Generated by:           Genus(TM) Synthesis Solution 23.12-s086_1
  Generated on:           Apr 09 2025  12:53:38 pm
  Module:                 carry_select_adder_461012_32bits
  Operating conditions:   tt_025C_1v80 
  Interconnect mode:      global
  Area mode:              physical library
============================================================


Path 1: MET (0 ps) Path Delay Check
     Startpoint: (F) A[10]
       Endpoint: (F) Cout

                   Capture    Launch  
      Path Delay:+    4350         -  
      Drv Adjust:+       0         0  
         Arrival:=    4350            
                                      
   Required Time:=    4350            
       Data Path:-    4350            
           Slack:=       0            

Exceptions/Constraints:
  max_delay             4350            constraints.sdc_line_1 

#------------------------------------------------------------------------------------------------------------------------------------------------------
#                       Timing Point                        Flags     Arc     Edge           Cell             Fanout Load Trans Delay Arrival Instance 
#                                                                                                                    (fF)  (ps)  (ps)   (ps)  Location 
#------------------------------------------------------------------------------------------------------------------------------------------------------
  A[10]                                                     -       -         F     (arrival)                      1  4.2  1000     0       0    (-,-) 
  g313/Y                                                    -       A->Y      R     sky130_fd_sc_hd__clkinv_1      1  5.9   190   226     226    (-,-) 
  g312/Y                                                    -       A->Y      F     sky130_fd_sc_hd__inv_2         2  7.7    50    61     288    (-,-) 
  CSA_BLOCKS[2].RCA_C1/F1A/g44/Y                            -       A->Y      R     sky130_fd_sc_hd__clkinv_1      2  9.0    57    68     355    (-,-) 
  CSA_BLOCKS[2].RCA_C1/F1A/g40__3680/Y                      -       A->Y      F     sky130_fd_sc_hd__nand2_1       2  8.4    68    77     433    (-,-) 
  CSA_BLOCKS[2].RCA_C1/full_adder_loop[1].FA/g62__5122/Y    -       A->Y      R     sky130_fd_sc_hd__nand2_1       1  3.7    52    69     502    (-,-) 
  CSA_BLOCKS[2].RCA_C1/full_adder_loop[1].FA/g60__2802/Y    -       A->Y      F     sky130_fd_sc_hd__nand2_1       1  6.3    54    65     567    (-,-) 
  CSA_BLOCKS[2].RCA_C1/full_adder_loop[2].FA/g65/COUT       -       CIN->COUT F     sky130_fd_sc_hd__fa_2          2  7.7    87   348     915    (-,-) 
  CSA_BLOCKS[2].RCA_C1/full_adder_loop[3].FA/g59__2346/Y    -       B1->Y     R     sky130_fd_sc_hd__o21ai_0       1  3.8   164    97    1011    (-,-) 
  CSA_BLOCKS[2].RCA_C1/full_adder_loop[3].FA/g57__9945/Y    -       B->Y      F     sky130_fd_sc_hd__nand2b_1      1  5.8    67    95    1106    (-,-) 
  CSA_BLOCKS[2].RCA_C1/full_adder_loop[4].FA/g57__7410/COUT -       CIN->COUT F     sky130_fd_sc_hd__fa_1          1  5.8    88   386    1492    (-,-) 
  CSA_BLOCKS[2].RCA_C1/full_adder_loop[5].FA/g57__6417/COUT -       CIN->COUT F     sky130_fd_sc_hd__fa_1          1  5.8    88   393    1886    (-,-) 
  CSA_BLOCKS[2].RCA_C1/full_adder_loop[6].FA/g57__5477/COUT -       CIN->COUT F     sky130_fd_sc_hd__fa_1          1  5.8    88   393    2279    (-,-) 
  CSA_BLOCKS[2].RCA_C1/full_adder_loop[7].FA/g57__2398/COUT -       CIN->COUT F     sky130_fd_sc_hd__fa_1          1  5.8    88   393    2672    (-,-) 
  CSA_BLOCKS[2].RCA_C1/full_adder_loop[8].FA/g57__5107/COUT -       CIN->COUT F     sky130_fd_sc_hd__fa_1          1  5.8    94   393    3065    (-,-) 
  CSA_BLOCKS[2].RCA_C1/full_adder_loop[9].FA/g57__6260/COUT -       CIN->COUT F     sky130_fd_sc_hd__fa_1          1  4.2    88   382    3448    (-,-) 
  g273/Y                                                    -       A->Y      R     sky130_fd_sc_hd__clkinv_1      1  3.3    37    59    3507    (-,-) 
  g575__7410/X                                              -       B2->X     R     sky130_fd_sc_hd__o2bb2a_2     13 54.8   295   336    3843    (-,-) 
  g563__7098/X                                              -       S->X      F     sky130_fd_sc_hd__mux2_2        1 51.3   158   506    4350    (-,-) 
  Cout                                                      -       -         F     (port)                         -    -     -     0    4350    (-,-) 
#------------------------------------------------------------------------------------------------------------------------------------------------------

