============================================================
  Generated by:           Genus(TM) Synthesis Solution 23.12-s086_1
  Generated on:           Apr 07 2025  06:53:34 pm
  Module:                 carry_select_adder_68810_32bits
  Operating conditions:   tt_025C_1v80 
  Interconnect mode:      global
  Area mode:              physical library
============================================================

            Instance                         Module              Cell-Count  Cell-Area  Net-Area   Total-Area 
--------------------------------------------------------------------------------------------------------------
carry_select_adder_68810_32bits NA                                      565   3836.179  2775.125     6611.304 
  CSA_BLOCKS[1].RCA_C0          ripple_carry_adder_WIDTH8                65    510.490   231.558      742.047 
    F1A                         full_adder_32_225                         4     31.280    10.094       41.374 
    full_adder_loop[1].FA       full_adder_219                           11     82.579    37.157      119.736 
    full_adder_loop[2].FA       full_adder_218                           11     77.574    37.157      114.732 
    full_adder_loop[3].FA       full_adder_217                           11     77.574    37.157      114.732 
    full_adder_loop[4].FA       full_adder_216                            7     55.053    16.969       72.022 
    full_adder_loop[5].FA       full_adder_215                            7     68.816    16.969       85.785 
    full_adder_loop[6].FA       full_adder_214                            7     58.806    20.362       79.169 
    full_adder_loop[7].FA       full_adder_213                            7     58.806    20.362       79.169 
  CSA_BLOCKS[1].RCA_C1          ripple_carry_adder_WIDTH8_3_228          66    494.224   224.944      719.168 
    F1A                         full_adder_40_226                         5     33.782    13.488       47.270 
    full_adder_loop[1].FA       full_adder_203                           11     65.062    37.157      102.220 
    full_adder_loop[2].FA       full_adder_202                           11     70.067    37.157      107.224 
    full_adder_loop[3].FA       full_adder_201                            9     70.067    23.756       93.823 
    full_adder_loop[4].FA       full_adder_200                            9     65.062    27.150       92.212 
    full_adder_loop[5].FA       full_adder_199                            7     65.062    16.969       82.031 
    full_adder_loop[6].FA       full_adder_198                            7     65.062    16.969       82.031 
    full_adder_loop[7].FA       full_adder_197                            7     60.058    16.969       77.026 
  CSA_BLOCKS[2].RCA_C0          ripple_carry_adder_WIDTH8_227            52    327.814   172.472      500.286 
    F1A                         full_adder_32                             4     22.522    10.094       32.616 
    full_adder_loop[1].FA       full_adder_196                           10     52.550    33.763       86.314 
    full_adder_loop[2].FA       full_adder_195                            7     41.290    18.622       59.912 
    full_adder_loop[3].FA       full_adder_194                            6     40.038    13.575       53.613 
    full_adder_loop[4].FA       full_adder_193                            6     43.792    13.575       57.367 
    full_adder_loop[5].FA       full_adder_192                            6     40.038    13.575       53.613 
    full_adder_loop[6].FA       full_adder_191                            7     43.792    16.969       60.761 
    full_adder_loop[7].FA       full_adder_190                            6     43.792    16.969       60.761 
  CSA_BLOCKS[2].RCA_C1          ripple_carry_adder_WIDTH8_3              50    367.853   164.031      531.884 
    F1A                         full_adder_40                             4     23.773    10.094       33.867 
    full_adder_loop[1].FA       full_adder_189                           10     55.053    33.763       88.816 
    full_adder_loop[2].FA       full_adder_188                            7     47.546    16.969       64.514 
    full_adder_loop[3].FA       full_adder_187                            6     48.797    13.575       62.372 
    full_adder_loop[4].FA       full_adder_186                            6     48.797    13.575       62.372 
    full_adder_loop[5].FA       full_adder_185                            6     48.797    13.575       62.372 
    full_adder_loop[6].FA       full_adder_184                            6     48.797    13.575       62.372 
    full_adder_loop[7].FA       full_adder_183                            5     46.294    13.575       59.869 
  CSA_BLOCKS[3].RCA_C0          ripple_carry_adder_WIDTH10               70    416.650   234.951      651.601 
    F1A                         full_adder_14                             4     26.275    10.094       36.369 
    full_adder_loop[1].FA       full_adder_212                           10     51.299    33.763       85.063 
    full_adder_loop[2].FA       full_adder_211                           10     51.299    33.763       85.063 
    full_adder_loop[3].FA       full_adder_210                            7     38.787    16.969       55.756 
    full_adder_loop[4].FA       full_adder_209                            7     38.787    16.969       55.756 
    full_adder_loop[5].FA       full_adder_208                            7     45.043    16.969       62.012 
    full_adder_loop[6].FA       full_adder_207                            7     43.792    16.969       60.761 
    full_adder_loop[7].FA       full_adder_206                            6     40.038    13.575       53.613 
    full_adder_loop[8].FA       full_adder_205                            6     40.038    13.575       53.613 
    full_adder_loop[9].FA       full_adder_204                            6     41.290    15.228       56.518 
  CSA_BLOCKS[3].RCA_C1          ripple_carry_adder_WIDTH10_1             67    394.128   218.157      612.285 
    F1A                         full_adder_48                             4     20.019    10.094       30.113 
    full_adder_loop[1].FA       full_adder_182                           10     51.299    33.763       85.063 
    full_adder_loop[2].FA       full_adder_181                            7     38.787    16.969       55.756 
    full_adder_loop[3].FA       full_adder_180                            7     38.787    16.969       55.756 
    full_adder_loop[4].FA       full_adder_179                            7     41.290    16.969       58.258 
    full_adder_loop[5].FA       full_adder_178                            6     40.038    13.575       53.613 
    full_adder_loop[6].FA       full_adder_177                            7     43.792    16.969       60.761 
    full_adder_loop[7].FA       full_adder_176                            6     43.792    13.575       57.367 
    full_adder_loop[8].FA       full_adder_175                            6     37.536    13.575       51.111 
    full_adder_loop[9].FA       full_adder_174                            7     38.787    18.622       57.409 
  RCA_LSB                       ripple_carry_adder_WIDTH6                45    391.626   150.543      542.169 
    F1A                         full_adder                                9     56.304    27.063       83.367 
    full_adder_loop[1].FA       full_adder_224                           11     75.072    37.157      112.229 
    full_adder_loop[2].FA       full_adder_223                            7     58.806    20.362       79.169 
    full_adder_loop[3].FA       full_adder_222                            6     67.565    13.575       81.140 
    full_adder_loop[4].FA       full_adder_221                            6     70.067    13.575       83.642 
    full_adder_loop[5].FA       full_adder_220                            6     63.811    13.575       77.386 
