============================================================
  Generated by:           Genus(TM) Synthesis Solution 23.12-s086_1
  Generated on:           Apr 07 2025  06:53:34 pm
  Module:                 carry_select_adder_68810_32bits
  Operating conditions:   tt_025C_1v80 
  Interconnect mode:      global
  Area mode:              physical library
============================================================

Timing
-------
  Cost    Critical         Violating 
 Group   Path Slack  TNS     Paths   
-------------------------------------
default         0.0   0.0          0 
-------------------------------------
Total                 0.0          0 

Instance Count
--------------
Leaf Instance Count             565 
Physical Instance count           0 
Sequential Instance Count         0 
Combinational Instance Count    565 
Hierarchical Instance Count      65 

Area
----
Cell Area                          3836.179
Physical Cell Area                 0.000
Total Cell Area (Cell+Physical)    3836.179
Net Area                           2775.125
Total Area (Cell+Physical+Net)     6611.304

Max Fanout                         16 (n_16)
Min Fanout                         1 (C0[2])
Average Fanout                     1.6
Terms to net ratio                 2.4544
Terms to instance ratio            2.7628
Runtime                            21.492342 seconds
Elapsed Runtime                    23 seconds
Genus peak memory usage            1898.84 
Innovus peak memory usage          no_value 
Hostname                           cadmicro-inf-el8-623207
