============================================================
  Generated by:           Genus(TM) Synthesis Solution 23.12-s086_1
  Generated on:           Apr 09 2025  12:46:39 pm
  Module:                 carry_select_adder_46688_32bits
  Operating conditions:   tt_025C_1v80 
  Interconnect mode:      global
  Area mode:              physical library
============================================================

Timing
-------
  Cost    Critical         Violating 
 Group   Path Slack  TNS     Paths   
-------------------------------------
default         6.3   0.0          0 
-------------------------------------
Total                 0.0          0 

Instance Count
--------------
Leaf Instance Count             105 
Physical Instance count           0 
Sequential Instance Count         0 
Combinational Instance Count    105 
Hierarchical Instance Count      69 

Area
----
Cell Area                          1584.019
Physical Cell Area                 0.000
Total Cell Area (Cell+Physical)    1584.019
Net Area                           919.008
Total Area (Cell+Physical+Net)     2503.027

Max Fanout                         9 (n_1)
Min Fanout                         1 (C0[1])
Average Fanout                     1.4
Terms to net ratio                 1.9822
Terms to instance ratio            4.2476
Runtime                            13.662028 seconds
Elapsed Runtime                    16 seconds
Genus peak memory usage            1891.41 
Innovus peak memory usage          no_value 
Hostname                           cadmicro-inf-el8-623207
