============================================================
  Generated by:           Genus(TM) Synthesis Solution 23.12-s086_1
  Generated on:           Apr 07 2025  06:41:50 pm
  Module:                 carry_select_adder_66668_32bits
  Operating conditions:   tt_025C_1v80 
  Interconnect mode:      global
  Area mode:              physical library
============================================================

            Instance                         Module              Cell-Count  Cell-Area  Net-Area   Total-Area 
--------------------------------------------------------------------------------------------------------------
carry_select_adder_66668_32bits NA                                      601   3960.048  2893.993     6854.041 
  CSA_BLOCKS[1].RCA_C0          ripple_carry_adder_WIDTH6_5_235          51    324.061   174.125      498.186 
    F1A                         full_adder_26_232                         6     30.029    16.882       46.910 
    full_adder_loop[1].FA       full_adder_218                           11     82.579    37.157      119.736 
    full_adder_loop[2].FA       full_adder_217                           11     68.816    37.157      105.973 
    full_adder_loop[3].FA       full_adder_216                            9     52.550    23.756       76.307 
    full_adder_loop[4].FA       full_adder_215                            7     45.043    16.969       62.012 
    full_adder_loop[5].FA       full_adder_214                            7     45.043    16.969       62.012 
  CSA_BLOCKS[1].RCA_C1          ripple_carry_adder_WIDTH6_6_237          48    344.080   160.724      504.804 
    F1A                         full_adder_32_234                         6     37.536    16.882       54.418 
    full_adder_loop[1].FA       full_adder_213                           11     77.574    37.157      114.732 
    full_adder_loop[2].FA       full_adder_212                            8     58.806    20.362       79.169 
    full_adder_loop[3].FA       full_adder_211                            9     65.062    23.756       88.819 
    full_adder_loop[4].FA       full_adder_210                            7     57.555    16.969       74.524 
    full_adder_loop[5].FA       full_adder_209                            7     47.546    20.362       67.908 
  CSA_BLOCKS[2].RCA_C0          ripple_carry_adder_WIDTH6_5_236          46    322.810   157.330      480.140 
    F1A                         full_adder_26                             4     22.522    10.094       32.616 
    full_adder_loop[1].FA       full_adder_208                           10     62.560    33.763       96.323 
    full_adder_loop[2].FA       full_adder_207                            9     61.309    23.756       85.065 
    full_adder_loop[3].FA       full_adder_206                            9     61.309    23.756       85.065 
    full_adder_loop[4].FA       full_adder_205                            7     57.555    20.362       77.918 
    full_adder_loop[5].FA       full_adder_204                            7     57.555    20.362       77.918 
  CSA_BLOCKS[2].RCA_C1          ripple_carry_adder_WIDTH6_6_238          45    261.501   147.149      408.650 
    F1A                         full_adder_32                             4     20.019    10.094       30.113 
    full_adder_loop[1].FA       full_adder_203                           10     52.550    33.763       86.314 
    full_adder_loop[2].FA       full_adder_202                            9     48.797    23.756       72.553 
    full_adder_loop[3].FA       full_adder_201                            8     47.546    20.362       67.908 
    full_adder_loop[4].FA       full_adder_200                            7     43.792    16.969       60.761 
    full_adder_loop[5].FA       full_adder_199                            7     48.797    16.969       65.766 
  CSA_BLOCKS[3].RCA_C0          ripple_carry_adder_WIDTH6_5              48    299.037   157.330      456.367 
    F1A                         full_adder_26_231                         5     35.034    13.488       48.522 
    full_adder_loop[1].FA       full_adder_198                           11     63.811    37.157      100.968 
    full_adder_loop[2].FA       full_adder_197                            9     52.550    23.756       76.307 
    full_adder_loop[3].FA       full_adder_196                            9     52.550    23.756       76.307 
    full_adder_loop[4].FA       full_adder_195                            7     50.048    16.969       67.017 
    full_adder_loop[5].FA       full_adder_194                            7     45.043    16.969       62.012 
  CSA_BLOCKS[3].RCA_C1          ripple_carry_adder_WIDTH6_6              43    255.245   140.362      395.607 
    F1A                         full_adder_32_233                         4     22.522    10.094       32.616 
    full_adder_loop[1].FA       full_adder_193                           11     57.555    37.157       94.712 
    full_adder_loop[2].FA       full_adder_192                            7     43.792    16.969       60.761 
    full_adder_loop[3].FA       full_adder_191                            9     51.299    23.756       75.055 
    full_adder_loop[4].FA       full_adder_190                            6     40.038    13.575       53.613 
    full_adder_loop[5].FA       full_adder_189                            6     40.038    13.575       53.613 
  CSA_BLOCKS[4].RCA_C0          ripple_carry_adder_WIDTH8                47    327.814   153.937      481.751 
    F1A                         full_adder_6                              4     26.275    10.094       36.369 
    full_adder_loop[1].FA       full_adder_225                            9     50.048    27.063       77.111 
    full_adder_loop[2].FA       full_adder_224                            6     43.792    13.575       57.367 
    full_adder_loop[3].FA       full_adder_223                            6     43.792    13.575       57.367 
    full_adder_loop[4].FA       full_adder_222                            6     43.792    13.575       57.367 
    full_adder_loop[5].FA       full_adder_221                            5     41.290    13.575       54.865 
    full_adder_loop[6].FA       full_adder_220                            7     38.787    16.969       55.756 
    full_adder_loop[7].FA       full_adder_219                            4     40.038    10.181       50.220 
  CSA_BLOCKS[4].RCA_C1          ripple_carry_adder_WIDTH8_1              51    319.056   170.731      489.787 
    F1A                         full_adder_50                             4     22.522    10.094       32.616 
    full_adder_loop[1].FA       full_adder_188                           10     55.053    33.763       88.816 
    full_adder_loop[2].FA       full_adder_187                            6     40.038    13.575       53.613 
    full_adder_loop[3].FA       full_adder_186                            6     35.034    13.575       48.609 
    full_adder_loop[4].FA       full_adder_185                            7     45.043    16.969       62.012 
    full_adder_loop[5].FA       full_adder_184                            6     35.034    13.575       48.609 
    full_adder_loop[6].FA       full_adder_183                            7     43.792    16.969       60.761 
    full_adder_loop[7].FA       full_adder_182                            5     42.541    16.882       59.422 
  RCA_LSB                       ripple_carry_adder_WIDTH6                50    435.418   172.385      607.802 
    F1A                         full_adder                                9     63.811    27.063       90.874 
    full_adder_loop[1].FA       full_adder_230                           11     75.072    37.157      112.229 
    full_adder_loop[2].FA       full_adder_229                           10     80.077    33.763      113.840 
    full_adder_loop[3].FA       full_adder_228                            7     71.318    16.969       88.287 
    full_adder_loop[4].FA       full_adder_227                            6     70.067    13.575       83.642 
    full_adder_loop[5].FA       full_adder_226                            7     75.072    18.622       93.694 
