============================================================
  Generated by:           Genus(TM) Synthesis Solution 23.12-s086_1
  Generated on:           Apr 07 2025  06:57:39 pm
  Module:                 carry_select_adder_68810_32bits
  Operating conditions:   tt_025C_1v80 
  Interconnect mode:      global
  Area mode:              physical library
============================================================

            Instance                         Module              Cell-Count  Cell-Area  Net-Area   Total-Area 
--------------------------------------------------------------------------------------------------------------
carry_select_adder_68810_32bits NA                                      616   4405.475  2968.046     7373.521 
  CSA_BLOCKS[1].RCA_C0          ripple_carry_adder_WIDTH8                62    487.968   221.551      709.519 
    F1A                         full_adder_32_225                         4     26.275    10.094       36.369 
    full_adder_loop[1].FA       full_adder_219                           11     80.077    37.157      117.234 
    full_adder_loop[2].FA       full_adder_218                           11     77.574    37.157      114.732 
    full_adder_loop[3].FA       full_adder_217                            8     63.811    20.362       84.174 
    full_adder_loop[4].FA       full_adder_216                            7     61.309    20.362       81.671 
    full_adder_loop[5].FA       full_adder_215                            7     60.058    20.362       80.420 
    full_adder_loop[6].FA       full_adder_214                            7     57.555    20.362       77.918 
    full_adder_loop[7].FA       full_adder_213                            7     61.309    20.362       81.671 
  CSA_BLOCKS[1].RCA_C1          ripple_carry_adder_WIDTH8_3_228          62    516.746   214.676      731.422 
    F1A                         full_adder_40_226                         4     25.024    10.094       35.118 
    full_adder_loop[1].FA       full_adder_203                           11     80.077    37.157      117.234 
    full_adder_loop[2].FA       full_adder_202                           11     77.574    37.157      114.732 
    full_adder_loop[3].FA       full_adder_201                            9     75.072    27.063      102.135 
    full_adder_loop[4].FA       full_adder_200                            7     65.062    16.969       82.031 
    full_adder_loop[5].FA       full_adder_199                            7     58.806    20.362       79.169 
    full_adder_loop[6].FA       full_adder_198                            7     65.062    16.969       82.031 
    full_adder_loop[7].FA       full_adder_197                            6     70.067    13.575       83.642 
  CSA_BLOCKS[2].RCA_C0          ripple_carry_adder_WIDTH8_227            66    500.480   226.598      727.078 
    F1A                         full_adder_32                             6     32.531    15.228       47.760 
    full_adder_loop[1].FA       full_adder_196                           11     82.579    37.157      119.736 
    full_adder_loop[2].FA       full_adder_195                           11     76.323    37.157      113.480 
    full_adder_loop[3].FA       full_adder_194                            8     47.546    20.362       67.908 
    full_adder_loop[4].FA       full_adder_193                            7     65.062    16.969       82.031 
    full_adder_loop[5].FA       full_adder_192                            9     71.318    27.063       98.381 
    full_adder_loop[6].FA       full_adder_191                            7     63.811    16.969       80.780 
    full_adder_loop[7].FA       full_adder_190                            7     61.309    20.362       81.671 
  CSA_BLOCKS[2].RCA_C1          ripple_carry_adder_WIDTH8_3              65    485.466   221.463      706.929 
    F1A                         full_adder_40                             5     27.526    13.488       41.014 
    full_adder_loop[1].FA       full_adder_189                           11     63.811    37.157      100.968 
    full_adder_loop[2].FA       full_adder_188                           11     70.067    37.157      107.224 
    full_adder_loop[3].FA       full_adder_187                            8     62.560    20.362       82.922 
    full_adder_loop[4].FA       full_adder_186                            7     65.062    16.969       82.031 
    full_adder_loop[5].FA       full_adder_185                            7     60.058    16.969       77.026 
    full_adder_loop[6].FA       full_adder_184                            7     65.062    16.969       82.031 
    full_adder_loop[7].FA       full_adder_183                            9     71.318    27.063       98.381 
  CSA_BLOCKS[3].RCA_C0          ripple_carry_adder_WIDTH10               68    426.659   216.590      643.250 
    F1A                         full_adder_14                             4     22.522     8.441       30.962 
    full_adder_loop[1].FA       full_adder_212                           11     56.304    37.157       93.461 
    full_adder_loop[2].FA       full_adder_211                            9     48.797    23.756       72.553 
    full_adder_loop[3].FA       full_adder_210                            7     43.792    16.969       60.761 
    full_adder_loop[4].FA       full_adder_209                            7     43.792    16.969       60.761 
    full_adder_loop[5].FA       full_adder_208                            7     43.792    16.969       60.761 
    full_adder_loop[6].FA       full_adder_207                            7     43.792    16.969       60.761 
    full_adder_loop[7].FA       full_adder_206                            6     40.038    13.575       53.613 
    full_adder_loop[8].FA       full_adder_205                            6     40.038    13.575       53.613 
    full_adder_loop[9].FA       full_adder_204                            4     43.792     6.787       50.579 
  CSA_BLOCKS[3].RCA_C1          ripple_carry_adder_WIDTH10_1             65    442.925   208.063      650.987 
    F1A                         full_adder_48                             5     31.280    13.488       44.768 
    full_adder_loop[1].FA       full_adder_182                           10     56.304    33.763       90.067 
    full_adder_loop[2].FA       full_adder_181                            9     46.294    23.756       70.051 
    full_adder_loop[3].FA       full_adder_180                            7     43.792    16.969       60.761 
    full_adder_loop[4].FA       full_adder_179                            7     43.792    16.969       60.761 
    full_adder_loop[5].FA       full_adder_178                            6     43.792    13.575       57.367 
    full_adder_loop[6].FA       full_adder_177                            6     43.792    13.575       57.367 
    full_adder_loop[7].FA       full_adder_176                            5     46.294    10.181       56.476 
    full_adder_loop[8].FA       full_adder_175                            5     46.294    10.181       56.476 
    full_adder_loop[9].FA       full_adder_174                            5     41.290    10.181       51.471 
  RCA_LSB                       ripple_carry_adder_WIDTH6                40    316.554   130.181      446.734 
    F1A                         full_adder                                6     43.792    15.228       59.020 
    full_adder_loop[1].FA       full_adder_224                           10     56.304    33.763       90.067 
    full_adder_loop[2].FA       full_adder_223                            7     46.294    16.969       63.263 
    full_adder_loop[3].FA       full_adder_222                            6     40.038    13.575       53.613 
    full_adder_loop[4].FA       full_adder_221                            5     51.299    10.181       61.480 
    full_adder_loop[5].FA       full_adder_220                            6     78.826    15.228       94.054 
