============================================================
  Generated by:           Genus(TM) Synthesis Solution 23.12-s086_1
  Generated on:           Apr 07 2025  06:57:39 pm
  Module:                 carry_select_adder_68810_32bits
  Operating conditions:   tt_025C_1v80 
  Interconnect mode:      global
  Area mode:              physical library
============================================================

Timing
-------
  Cost    Critical         Violating 
 Group   Path Slack  TNS     Paths   
-------------------------------------
default         0.1   0.0          0 
-------------------------------------
Total                 0.0          0 

Instance Count
--------------
Leaf Instance Count             616 
Physical Instance count           0 
Sequential Instance Count         0 
Combinational Instance Count    616 
Hierarchical Instance Count      65 

Area
----
Cell Area                          4405.475
Physical Cell Area                 0.000
Total Cell Area (Cell+Physical)    4405.475
Net Area                           2968.046
Total Area (Cell+Physical+Net)     7373.521

Max Fanout                         12 (C_mid[0])
Min Fanout                         1 (C0[3])
Average Fanout                     1.6
Terms to net ratio                 2.4279
Terms to instance ratio            2.7078
Runtime                            30.502318000000002 seconds
Elapsed Runtime                    33 seconds
Genus peak memory usage            1902.64 
Innovus peak memory usage          no_value 
Hostname                           cadmicro-inf-el8-623207
