============================================================
  Generated by:           Genus(TM) Synthesis Solution 23.12-s086_1
  Generated on:           Apr 07 2025  06:57:39 pm
  Module:                 carry_select_adder_68810_32bits
  Operating conditions:   tt_025C_1v80 
  Interconnect mode:      global
  Area mode:              physical library
============================================================


Path 1: MET (0 ps) Path Delay Check
     Startpoint: (F) B[7]
       Endpoint: (R) S[15]

                   Capture    Launch  
      Path Delay:+    1840         -  
      Drv Adjust:+       0         0  
         Arrival:=    1840            
                                      
   Required Time:=    1840            
       Data Path:-    1840            
           Slack:=       0            

Exceptions/Constraints:
  max_delay             1840            constraints.sdc_line_1 

#--------------------------------------------------------------------------------------------------------------------------------------------------
#                      Timing Point                       Flags    Arc    Edge           Cell             Fanout Load Trans Delay Arrival Instance 
#                                                                                                                (fF)  (ps)  (ps)   (ps)  Location 
#--------------------------------------------------------------------------------------------------------------------------------------------------
  B[7]                                                    -       -       F     (arrival)                      2  5.9  1000     0       0    (-,-) 
  g13356/X                                                -       A->X    F     sky130_fd_sc_hd__clkbuf_1      1  6.1    64   328     328    (-,-) 
  CSA_BLOCKS[1].RCA_C0/full_adder_loop[1].FA/g173/Y       -       A->Y    R     sky130_fd_sc_hd__clkinv_2      2 11.1    49    67     395    (-,-) 
  CSA_BLOCKS[1].RCA_C0/full_adder_loop[1].FA/g8/Y         -       B->Y    F     sky130_fd_sc_hd__nand2_2       1  9.6    49    64     459    (-,-) 
  CSA_BLOCKS[1].RCA_C0/full_adder_loop[1].FA/g163__8428/Y -       A->Y    R     sky130_fd_sc_hd__nand2_4       1 10.1    52    61     520    (-,-) 
  CSA_BLOCKS[1].RCA_C0/full_adder_loop[1].FA/g161__6260/Y -       A->Y    F     sky130_fd_sc_hd__nand2_4       2 11.8    38    50     570    (-,-) 
  CSA_BLOCKS[1].RCA_C0/full_adder_loop[2].FA/g121__1705/Y -       A->Y    R     sky130_fd_sc_hd__nand2_4       1 10.1    54    56     627    (-,-) 
  CSA_BLOCKS[1].RCA_C0/full_adder_loop[2].FA/g119__1617/Y -       A->Y    F     sky130_fd_sc_hd__nand2_4       2 11.8    38    51     678    (-,-) 
  CSA_BLOCKS[1].RCA_C0/full_adder_loop[3].FA/g121__5115/Y -       A->Y    R     sky130_fd_sc_hd__nand2_4       1 10.1    52    57     734    (-,-) 
  CSA_BLOCKS[1].RCA_C0/full_adder_loop[3].FA/g119__6131/Y -       A->Y    F     sky130_fd_sc_hd__nand2_4       2 11.8    40    50     784    (-,-) 
  CSA_BLOCKS[1].RCA_C0/full_adder_loop[4].FA/g121__2883/Y -       A->Y    R     sky130_fd_sc_hd__nand2_4       1 10.1    52    57     842    (-,-) 
  CSA_BLOCKS[1].RCA_C0/full_adder_loop[4].FA/g119__9315/Y -       A->Y    F     sky130_fd_sc_hd__nand2_4       2 11.8    42    50     892    (-,-) 
  CSA_BLOCKS[1].RCA_C0/full_adder_loop[5].FA/g121__2398/Y -       A->Y    R     sky130_fd_sc_hd__nand2_4       1 10.1    55    58     950    (-,-) 
  CSA_BLOCKS[1].RCA_C0/full_adder_loop[5].FA/g119__6417/Y -       A->Y    F     sky130_fd_sc_hd__nand2_4       2 12.2    39    52    1002    (-,-) 
  CSA_BLOCKS[1].RCA_C0/full_adder_loop[6].FA/g121__6783/Y -       A->Y    R     sky130_fd_sc_hd__nand2_4       1 10.1    55    57    1059    (-,-) 
  CSA_BLOCKS[1].RCA_C0/full_adder_loop[6].FA/g119__8428/Y -       A->Y    F     sky130_fd_sc_hd__nand2_4       2 12.2    43    52    1110    (-,-) 
  CSA_BLOCKS[1].RCA_C0/full_adder_loop[7].FA/g122__8246/Y -       A->Y    R     sky130_fd_sc_hd__nand2_4       1 10.1    52    58    1169    (-,-) 
  CSA_BLOCKS[1].RCA_C0/full_adder_loop[7].FA/g120__1705/Y -       A->Y    F     sky130_fd_sc_hd__nand2_4       4 22.6    58    67    1236    (-,-) 
  fopt/X                                                  -       A->X    F     sky130_fd_sc_hd__buf_6         1  9.6    26   121    1356    (-,-) 
  g13395/Y                                                -       A->Y    R     sky130_fd_sc_hd__nand2_4       4 24.7    92    81    1437    (-,-) 
  g13467/Y                                                -       A->Y    F     sky130_fd_sc_hd__nand2_4       7 33.6    85    96    1533    (-,-) 
  g13378/X                                                -       A2_N->X R     sky130_fd_sc_hd__a2bb2o_4      1 51.3   168   307    1840    (-,-) 
  S[15]                                                   <<<     -       R     (port)                         -    -     -     0    1840    (-,-) 
#--------------------------------------------------------------------------------------------------------------------------------------------------

