============================================================
  Generated by:           Genus(TM) Synthesis Solution 23.12-s086_1
  Generated on:           Apr 07 2025  03:47:24 pm
  Module:                 ladner_fischer_32bits
  Operating conditions:   tt_025C_1v80 
  Interconnect mode:      global
  Area mode:              physical library
============================================================

Timing
-------
  Cost    Critical           Violating 
 Group   Path Slack   TNS      Paths   
---------------------------------------
default       -14.9   -78.3          9 
---------------------------------------
Total                 -78.3          9 

Instance Count
--------------
Leaf Instance Count             707 
Physical Instance count           0 
Sequential Instance Count         0 
Combinational Instance Count    707 
Hierarchical Instance Count     317 

Area
----
Cell Area                          4405.475
Physical Cell Area                 0.000
Total Cell Area (Cell+Physical)    4405.475
Net Area                           3307.768
Total Area (Cell+Physical+Net)     7713.243

Max Fanout                         12 (n_94)
Min Fanout                         1 (C[0])
Average Fanout                     1.5
Terms to net ratio                 2.4197
Terms to instance ratio            2.6421
Runtime                            25.867037 seconds
Elapsed Runtime                    27 seconds
Genus peak memory usage            1904.01 
Innovus peak memory usage          no_value 
Hostname                           cadmicro-inf-el8-623207
