============================================================
  Generated by:           Genus(TM) Synthesis Solution 23.12-s086_1
  Generated on:           Apr 07 2025  02:39:31 pm
  Module:                 ripple_carry_adder_8bits
  Operating conditions:   tt_025C_1v80 
  Interconnect mode:      global
  Area mode:              physical library
============================================================

Timing
-------
  Cost    Critical         Violating 
 Group   Path Slack  TNS     Paths   
-------------------------------------
default         0.5   0.0          0 
-------------------------------------
Total                 0.0          0 

Instance Count
--------------
Leaf Instance Count             79 
Physical Instance count          0 
Sequential Instance Count        0 
Combinational Instance Count    79 
Hierarchical Instance Count      8 

Area
----
Cell Area                          615.590
Physical Cell Area                 0.000
Total Cell Area (Cell+Physical)    615.590
Net Area                           398.548
Total Area (Cell+Physical+Net)     1014.138

Max Fanout                         3 (carry[6])
Min Fanout                         1 (Cout)
Average Fanout                     1.5
Terms to net ratio                 2.1979
Terms to instance ratio            2.6709
Runtime                            12.942898 seconds
Elapsed Runtime                    13 seconds
Genus peak memory usage            1888.57 
Innovus peak memory usage          no_value 
Hostname                           cadmicro-inf-el8-623207
