============================================================
  Generated by:           Genus(TM) Synthesis Solution 23.12-s086_1
  Generated on:           Apr 07 2025  04:27:01 pm
  Module:                 signal_32bits
  Operating conditions:   tt_025C_1v80 
  Interconnect mode:      global
  Area mode:              physical library
============================================================

Timing
-------
  Cost    Critical         Violating 
 Group   Path Slack  TNS     Paths   
-------------------------------------
default         0.2   0.0          0 
-------------------------------------
Total                 0.0          0 

Instance Count
--------------
Leaf Instance Count             404 
Physical Instance count           0 
Sequential Instance Count         0 
Combinational Instance Count    404 
Hierarchical Instance Count       0 

Area
----
Cell Area                          2546.192
Physical Cell Area                 0.000
Total Cell Area (Cell+Physical)    2546.192
Net Area                           2231.517
Total Area (Cell+Physical+Net)     4777.709

Max Fanout                         9 (addinc_add_7_30_n_245)
Min Fanout                         1 (n_2)
Average Fanout                     1.8
Terms to net ratio                 2.6183
Terms to instance ratio            3.0396
Runtime                            17.575042000000003 seconds
Elapsed Runtime                    19 seconds
Genus peak memory usage            2040.53 
Innovus peak memory usage          no_value 
Hostname                           cadmicro-inf-el8-623207
