============================================================
  Generated by:           Genus(TM) Synthesis Solution 23.12-s086_1
  Generated on:           Apr 07 2025  05:42:10 pm
  Module:                 carry_select_adder_8888_32bits
  Operating conditions:   tt_025C_1v80 
  Interconnect mode:      global
  Area mode:              physical library
============================================================

Timing
-------
  Cost    Critical         Violating 
 Group   Path Slack  TNS     Paths   
-------------------------------------
default         0.2   0.0          0 
-------------------------------------
Total                 0.0          0 

Instance Count
--------------
Leaf Instance Count             280 
Physical Instance count           0 
Sequential Instance Count         0 
Combinational Instance Count    280 
Hierarchical Instance Count      63 

Area
----
Cell Area                          2155.818
Physical Cell Area                 0.000
Total Cell Area (Cell+Physical)    2155.818
Net Area                           1674.159
Total Area (Cell+Physical+Net)     3829.977

Max Fanout                         10 (C_mid[0])
Min Fanout                         1 (C0[1])
Average Fanout                     1.7
Terms to net ratio                 2.4059
Terms to instance ratio            3.1964
Runtime                            14.59643 seconds
Elapsed Runtime                    16 seconds
Genus peak memory usage            1892.78 
Innovus peak memory usage          no_value 
Hostname                           cadmicro-inf-el8-623207
