============================================================
  Generated by:           Genus(TM) Synthesis Solution 23.12-s086_1
  Generated on:           Apr 07 2025  05:42:10 pm
  Module:                 carry_select_adder_8888_32bits
  Operating conditions:   tt_025C_1v80 
  Interconnect mode:      global
  Area mode:              physical library
============================================================


Path 1: MET (0 ps) Path Delay Check
     Startpoint: (F) B[8]
       Endpoint: (R) Cout

                   Capture    Launch  
      Path Delay:+    2750         -  
      Drv Adjust:+       0         0  
         Arrival:=    2750            
                                      
   Required Time:=    2750            
       Data Path:-    2750            
           Slack:=       0            

Exceptions/Constraints:
  max_delay             2750            constraints.sdc_line_1 

#-----------------------------------------------------------------------------------------------------------------------------------------------------
#                       Timing Point                        Flags     Arc    Edge           Cell             Fanout Load Trans Delay Arrival Instance 
#                                                                                                                   (fF)  (ps)  (ps)   (ps)  Location 
#-----------------------------------------------------------------------------------------------------------------------------------------------------
  B[8]                                                      -       -        F     (arrival)                      2  9.1  1000     0       0    (-,-) 
  g325/Y                                                    -       A->Y     R     sky130_fd_sc_hd__inv_2         1  5.9   164   236     236    (-,-) 
  g324/Y                                                    -       A->Y     F     sky130_fd_sc_hd__inv_2         1  4.2    38    46     282    (-,-) 
  CSA_BLOCKS[1].RCA_C0/F1A/g31/Y                            -       A->Y     R     sky130_fd_sc_hd__clkinv_1      2  8.9    57    62     345    (-,-) 
  CSA_BLOCKS[1].RCA_C0/F1A/g29__2398/Y                      -       A->Y     F     sky130_fd_sc_hd__nor2_1        2 10.3    56    70     414    (-,-) 
  CSA_BLOCKS[1].RCA_C0/full_adder_loop[1].FA/g3/Y           -       B1->Y    R     sky130_fd_sc_hd__o21ai_2       1  5.9   242    65     479    (-,-) 
  CSA_BLOCKS[1].RCA_C0/full_adder_loop[1].FA/g2/Y           -       A->Y     F     sky130_fd_sc_hd__nand2_2       2  9.0    81    97     576    (-,-) 
  CSA_BLOCKS[1].RCA_C0/full_adder_loop[2].FA/g65/Y          -       A->Y     R     sky130_fd_sc_hd__clkinv_1      1  3.8    37    60     636    (-,-) 
  CSA_BLOCKS[1].RCA_C0/full_adder_loop[2].FA/g60__1617/Y    -       A2->Y    F     sky130_fd_sc_hd__o21bai_1      2  8.4   100    84     720    (-,-) 
  CSA_BLOCKS[1].RCA_C0/full_adder_loop[3].FA/g2/X           -       A1->X    F     sky130_fd_sc_hd__a21bo_1       2  8.4    60   210     930    (-,-) 
  CSA_BLOCKS[1].RCA_C0/full_adder_loop[4].FA/g2/X           -       A1->X    F     sky130_fd_sc_hd__a21o_1        2  8.4    58   182    1112    (-,-) 
  CSA_BLOCKS[1].RCA_C0/full_adder_loop[5].FA/g2/X           -       A1->X    F     sky130_fd_sc_hd__a21o_1        2  7.7    55   178    1290    (-,-) 
  CSA_BLOCKS[1].RCA_C0/full_adder_loop[6].FA/g59__4319/Y    -       B1->Y    R     sky130_fd_sc_hd__o21ai_0       1  3.8   299    82    1373    (-,-) 
  CSA_BLOCKS[1].RCA_C0/full_adder_loop[6].FA/g57__5107/Y    -       B->Y     F     sky130_fd_sc_hd__nand2b_1      1  3.6    72   100    1472    (-,-) 
  CSA_BLOCKS[1].RCA_C0/full_adder_loop[7].FA/g57__5526/COUT -       CI->COUT F     sky130_fd_sc_hd__fah_1         1  5.4    71   265    1738    (-,-) 
  g523__3680/X                                              -       A1->X    F     sky130_fd_sc_hd__a22o_4       10 39.7    84   305    2043    (-,-) 
  g514__6417/X                                              -       B2->X    F     sky130_fd_sc_hd__o2bb2a_4     10 30.8    69   250    2293    (-,-) 
  g510/Y                                                    -       A->Y     R     sky130_fd_sc_hd__inv_2         9 28.6   136   132    2426    (-,-) 
  g504__7482/X                                              -       B1->X    R     sky130_fd_sc_hd__a22o_2        1 51.3   267   324    2749    (-,-) 
  Cout                                                      -       -        R     (port)                         -    -     -     0    2750    (-,-) 
#-----------------------------------------------------------------------------------------------------------------------------------------------------

