============================================================
  Generated by:           Genus(TM) Synthesis Solution 23.12-s086_1
  Generated on:           Apr 07 2025  05:42:10 pm
  Module:                 carry_select_adder_8888_32bits
  Operating conditions:   tt_025C_1v80 
  Interconnect mode:      global
  Area mode:              physical library
============================================================

           Instance                         Module              Cell-Count  Cell-Area  Net-Area   Total-Area 
-------------------------------------------------------------------------------------------------------------
carry_select_adder_8888_32bits NA                                      280   2155.818  1674.160     3829.977 
  CSA_BLOCKS[1].RCA_C0         ripple_carry_adder_WIDTH8_5_231          33    269.008   108.252      377.260 
    F1A                        full_adder_24_228                         4     20.019    10.094       30.113 
    full_adder_loop[1].FA      full_adder_219                            5     36.285    10.181       46.466 
    full_adder_loop[2].FA      full_adder_218                            6     38.787    13.575       52.362 
    full_adder_loop[3].FA      full_adder_217                            5     37.536    10.181       47.717 
    full_adder_loop[4].FA      full_adder_216                            4     35.034    10.181       45.215 
    full_adder_loop[5].FA      full_adder_215                            4     35.034    10.181       45.215 
    full_adder_loop[6].FA      full_adder_214                            4     32.531    10.181       42.712 
    full_adder_loop[7].FA      full_adder_213                            1     33.782     0.000       33.782 
  CSA_BLOCKS[1].RCA_C1         ripple_carry_adder_WIDTH8_6_233          35    255.245   111.645      366.890 
    F1A                        full_adder_32_230                         4     20.019    10.094       30.113 
    full_adder_loop[1].FA      full_adder_212                            5     30.029    10.181       40.210 
    full_adder_loop[2].FA      full_adder_211                            5     33.782    10.181       43.964 
    full_adder_loop[3].FA      full_adder_210                            6     35.034    13.575       48.609 
    full_adder_loop[4].FA      full_adder_209                            6     35.034    13.575       48.609 
    full_adder_loop[5].FA      full_adder_208                            4     35.034    10.181       45.215 
    full_adder_loop[6].FA      full_adder_207                            4     32.531    10.181       42.712 
    full_adder_loop[7].FA      full_adder_206                            1     33.782     0.000       33.782 
  CSA_BLOCKS[2].RCA_C0         ripple_carry_adder_WIDTH8_5_232          30    237.728    96.417      334.145 
    F1A                        full_adder_24                             4     20.019    10.094       30.113 
    full_adder_loop[1].FA      full_adder_205                            5     41.290    10.181       51.471 
    full_adder_loop[2].FA      full_adder_204                            5     33.782    10.181       43.964 
    full_adder_loop[3].FA      full_adder_203                            6     35.034    13.575       48.609 
    full_adder_loop[4].FA      full_adder_202                            4     35.034    10.181       45.215 
    full_adder_loop[5].FA      full_adder_201                            4     32.531    10.181       42.712 
    full_adder_loop[6].FA      full_adder_200                            1     20.019     0.000       20.019 
    full_adder_loop[7].FA      full_adder_199                            1     20.019     0.000       20.019 
  CSA_BLOCKS[2].RCA_C1         ripple_carry_adder_WIDTH8_6_234          33    230.221   103.205      333.425 
    F1A                        full_adder_32                             4     20.019    10.094       30.113 
    full_adder_loop[1].FA      full_adder_198                            6     33.782    15.228       49.011 
    full_adder_loop[2].FA      full_adder_197                            6     35.034    13.575       48.609 
    full_adder_loop[3].FA      full_adder_196                            5     33.782    10.181       43.964 
    full_adder_loop[4].FA      full_adder_195                            6     35.034    13.575       48.609 
    full_adder_loop[5].FA      full_adder_194                            4     32.531    10.181       42.712 
    full_adder_loop[6].FA      full_adder_193                            1     20.019     0.000       20.019 
    full_adder_loop[7].FA      full_adder_192                            1     20.019     0.000       20.019 
  CSA_BLOCKS[3].RCA_C0         ripple_carry_adder_WIDTH8_5              26    221.462    82.929      304.392 
    F1A                        full_adder_24_227                         4     20.019    10.094       30.113 
    full_adder_loop[1].FA      full_adder_191                            8     40.038    20.362       60.401 
    full_adder_loop[2].FA      full_adder_190                            6     35.034    13.575       48.609 
    full_adder_loop[3].FA      full_adder_189                            4     32.531    10.181       42.712 
    full_adder_loop[4].FA      full_adder_188                            1     33.782     0.000       33.782 
    full_adder_loop[5].FA      full_adder_187                            1     20.019     0.000       20.019 
    full_adder_loop[6].FA      full_adder_186                            1     20.019     0.000       20.019 
    full_adder_loop[7].FA      full_adder_185                            1     20.019     0.000       20.019 
  CSA_BLOCKS[3].RCA_C1         ripple_carry_adder_WIDTH8_6              23    213.955    72.748      286.703 
    F1A                        full_adder_32_229                         4     20.019    10.094       30.113 
    full_adder_loop[1].FA      full_adder_184                            6     33.782    15.228       49.011 
    full_adder_loop[2].FA      full_adder_183                            5     33.782    10.181       43.964 
    full_adder_loop[3].FA      full_adder_182                            4     32.531    10.181       42.712 
    full_adder_loop[4].FA      full_adder_181                            1     33.782     0.000       33.782 
    full_adder_loop[5].FA      full_adder_180                            1     20.019     0.000       20.019 
    full_adder_loop[6].FA      full_adder_179                            1     20.019     0.000       20.019 
    full_adder_loop[7].FA      full_adder_178                            1     20.019     0.000       20.019 
  RCA_LSB                      ripple_carry_adder_WIDTH8                40    294.032   128.614      422.646 
    F1A                        full_adder                                6     36.285    15.228       51.513 
    full_adder_loop[1].FA      full_adder_226                            5     36.285    10.181       46.466 
    full_adder_loop[2].FA      full_adder_225                            6     37.536    13.575       51.111 
    full_adder_loop[3].FA      full_adder_224                            5     36.285    10.181       46.466 
    full_adder_loop[4].FA      full_adder_223                            6     35.034    13.575       48.609 
    full_adder_loop[5].FA      full_adder_222                            4     35.034    10.181       45.215 
    full_adder_loop[6].FA      full_adder_221                            4     35.034    10.181       45.215 
    full_adder_loop[7].FA      full_adder_220                            4     42.541    10.181       52.722 
