============================================================
  Generated by:           Genus(TM) Synthesis Solution 23.12-s086_1
  Generated on:           Apr 07 2025  06:04:50 pm
  Module:                 carry_select_adder_46688_32bits
  Operating conditions:   tt_025C_1v80 
  Interconnect mode:      global
  Area mode:              physical library
============================================================

Timing
-------
  Cost    Critical           Violating 
 Group   Path Slack   TNS      Paths   
---------------------------------------
default        -9.5   -99.4         13 
---------------------------------------
Total                 -99.4         13 

Instance Count
--------------
Leaf Instance Count             641 
Physical Instance count           0 
Sequential Instance Count         0 
Combinational Instance Count    641 
Hierarchical Instance Count      69 

Area
----
Cell Area                          4103.936
Physical Cell Area                 0.000
Total Cell Area (Cell+Physical)    4103.936
Net Area                           3039.662
Total Area (Cell+Physical+Net)     7143.598

Max Fanout                         13 (n_552)
Min Fanout                         1 (C0[2])
Average Fanout                     1.5
Terms to net ratio                 2.4003
Terms to instance ratio            2.6661
Runtime                            38.483782 seconds
Elapsed Runtime                    40 seconds
Genus peak memory usage            1900.96 
Innovus peak memory usage          no_value 
Hostname                           cadmicro-inf-el8-623207
