============================================================
  Generated by:           Genus(TM) Synthesis Solution 23.12-s086_1
  Generated on:           Apr 07 2025  06:04:50 pm
  Module:                 carry_select_adder_46688_32bits
  Operating conditions:   tt_025C_1v80 
  Interconnect mode:      global
  Area mode:              physical library
============================================================

            Instance                         Module              Cell-Count  Cell-Area  Net-Area   Total-Area 
--------------------------------------------------------------------------------------------------------------
carry_select_adder_46688_32bits NA                                      641   4103.936  3039.662     7143.598 
  CSA_BLOCKS[1].RCA_C0          ripple_carry_adder_WIDTH6                49    361.597   162.378      523.974 
    F1A                         full_adder_24_245                         5     35.034    13.488       48.522 
    full_adder_loop[1].FA       full_adder_239                           11     78.826    37.157      115.983 
    full_adder_loop[2].FA       full_adder_238                            9     50.048    23.756       73.804 
    full_adder_loop[3].FA       full_adder_237                            9     62.560    23.756       86.316 
    full_adder_loop[4].FA       full_adder_236                            7     68.816    16.969       85.785 
    full_adder_loop[5].FA       full_adder_235                            8     66.314    22.016       88.329 
  CSA_BLOCKS[1].RCA_C1          ripple_carry_adder_WIDTH6_3_250          51    372.858   175.778      548.636 
    F1A                         full_adder_52_246                         5     26.275    13.488       39.763 
    full_adder_loop[1].FA       full_adder_227                           11     66.314    37.157      103.471 
    full_adder_loop[2].FA       full_adder_226                           11     77.574    37.157      114.732 
    full_adder_loop[3].FA       full_adder_225                            9     68.816    23.756       92.572 
    full_adder_loop[4].FA       full_adder_224                            7     65.062    16.969       82.031 
    full_adder_loop[5].FA       full_adder_223                            8     68.816    22.016       90.832 
  CSA_BLOCKS[2].RCA_C0          ripple_carry_adder_WIDTH6_249            51    330.317   174.125      504.442 
    F1A                         full_adder_24                             6     35.034    16.882       51.915 
    full_adder_loop[1].FA       full_adder_222                           12     67.565    40.551      108.116 
    full_adder_loop[2].FA       full_adder_221                           11     57.555    37.157       94.712 
    full_adder_loop[3].FA       full_adder_220                            8     55.053    20.362       75.415 
    full_adder_loop[4].FA       full_adder_219                            7     57.555    16.969       74.524 
    full_adder_loop[5].FA       full_adder_218                            7     57.555    16.969       74.524 
  CSA_BLOCKS[2].RCA_C1          ripple_carry_adder_WIDTH6_3              50    354.090   170.731      524.821 
    F1A                         full_adder_52_247                         6     42.541    16.882       59.422 
    full_adder_loop[1].FA       full_adder_217                           11     77.574    37.157      114.732 
    full_adder_loop[2].FA       full_adder_216                           11     70.067    37.157      107.224 
    full_adder_loop[3].FA       full_adder_215                            8     63.811    20.362       84.174 
    full_adder_loop[4].FA       full_adder_214                            7     50.048    16.969       67.017 
    full_adder_loop[5].FA       full_adder_213                            7     50.048    16.969       67.017 
  CSA_BLOCKS[3].RCA_C0          ripple_carry_adder_WIDTH8                56    342.829   184.393      527.222 
    F1A                         full_adder_24_243                         4     22.522    10.094       32.616 
    full_adder_loop[1].FA       full_adder_234                           10     56.304    33.763       90.067 
    full_adder_loop[2].FA       full_adder_233                            7     41.290    16.969       58.258 
    full_adder_loop[3].FA       full_adder_232                            7     43.792    16.969       60.761 
    full_adder_loop[4].FA       full_adder_231                            7     43.792    16.969       60.761 
    full_adder_loop[5].FA       full_adder_230                            7     43.792    16.969       60.761 
    full_adder_loop[6].FA       full_adder_229                            7     43.792    16.969       60.761 
    full_adder_loop[7].FA       full_adder_228                            7     47.546    20.362       67.908 
  CSA_BLOCKS[3].RCA_C1          ripple_carry_adder_WIDTH8_3_252          62    382.867   207.976      590.843 
    F1A                         full_adder_52_248                         4     30.029    10.094       40.123 
    full_adder_loop[1].FA       full_adder_212                           11     62.560    37.157       99.717 
    full_adder_loop[2].FA       full_adder_211                           11     57.555    37.157       94.712 
    full_adder_loop[3].FA       full_adder_210                            8     47.546    20.362       67.908 
    full_adder_loop[4].FA       full_adder_209                            7     47.546    16.969       64.514 
    full_adder_loop[5].FA       full_adder_208                            7     47.546    16.969       64.514 
    full_adder_loop[6].FA       full_adder_207                            7     45.043    16.969       62.012 
    full_adder_loop[7].FA       full_adder_206                            7     45.043    16.969       62.012 
  CSA_BLOCKS[4].RCA_C0          ripple_carry_adder_WIDTH8_251            46    296.534   157.243      453.778 
    F1A                         full_adder_24_244                         4     22.522    10.094       32.616 
    full_adder_loop[1].FA       full_adder_205                           10     47.546    33.763       81.309 
    full_adder_loop[2].FA       full_adder_204                            5     30.029    10.181       40.210 
    full_adder_loop[3].FA       full_adder_203                            6     35.034    13.575       48.609 
    full_adder_loop[4].FA       full_adder_202                            6     37.536    13.575       51.111 
    full_adder_loop[5].FA       full_adder_201                            6     41.290    16.969       58.258 
    full_adder_loop[6].FA       full_adder_200                            5     42.541    13.575       56.116 
    full_adder_loop[7].FA       full_adder_199                            4     40.038    10.181       50.220 
  CSA_BLOCKS[4].RCA_C1          ripple_carry_adder_WIDTH8_3              46    316.554   152.196      468.750 
    F1A                         full_adder_52                             4     23.773    10.094       33.867 
    full_adder_loop[1].FA       full_adder_198                           12     62.560    40.551      103.111 
    full_adder_loop[2].FA       full_adder_197                            7     47.546    16.969       64.514 
    full_adder_loop[3].FA       full_adder_196                            6     35.034    13.575       48.609 
    full_adder_loop[4].FA       full_adder_195                            6     40.038    13.575       53.613 
    full_adder_loop[5].FA       full_adder_194                            6     37.536    13.575       51.111 
    full_adder_loop[6].FA       full_adder_193                            4     36.285    10.181       46.466 
    full_adder_loop[7].FA       full_adder_192                            1     33.782     0.000       33.782 
  RCA_LSB                       ripple_carry_adder_WIDTH4                26    213.955    77.882      291.837 
    F1A                         full_adder                                6     46.294    15.228       61.523 
    full_adder_loop[1].FA       full_adder_242                            9     50.048    23.756       73.804 
    full_adder_loop[2].FA       full_adder_241                            6     53.802    13.575       67.377 
    full_adder_loop[3].FA       full_adder_240                            5     63.811    10.181       73.992 
