###############################################################
#  Generated by:      Cadence Innovus 23.32-s091_1
#  OS:                Linux x86_64(Host ID cadmicro-inf-el8-623207)
#  Generated on:      Mon Apr  7 19:16:36 2025
#  Design:            carry_select_adder_461012_32bits
#  Command:           report_timing > reports/report_timing.rpt
###############################################################
Path 1: VIOLATED Path Delay Check
Endpoint:   S[28] (^)
Beginpoint: B[4]  (v) triggered by  leading edge of '@'
Path Groups: {default}
Analysis View: default_emulate_view
- External Delay                0.000
+ Path Delay                    1.896
= Required Time                 1.896
- Arrival Time                  1.947
= Slack Time                   -0.051
     Clock Rise Edge                      0.000
     + Input Delay                        0.000
     = Beginpoint Arrival Time            0.000
     +-----------------------------------------------------------------------------------------------------------------------------+ 
     |                      Instance                      |      Arc      |           Cell            | Delay | Arrival | Required | 
     |                                                    |               |                           |       |  Time   |   Time   | 
     |----------------------------------------------------+---------------+---------------------------+-------+---------+----------| 
     |                                                    | B[4] v        |                           |       |   0.000 |   -0.051 | 
     | CSA_BLOCKS[1].RCA_C0/F1A/g2                        | A v -> COUT v | sky130_fd_sc_hd__ha_4     | 0.535 |   0.535 |    0.484 | 
     | CSA_BLOCKS[1].RCA_C0/full_adder_loop[1].FA/g123__8 | A v -> Y ^    | sky130_fd_sc_hd__nand2_2  | 0.062 |   0.597 |    0.546 | 
     | 428                                                |               |                           |       |         |          | 
     | CSA_BLOCKS[1].RCA_C0/full_adder_loop[1].FA/g121__6 | A ^ -> Y v    | sky130_fd_sc_hd__nand2_2  | 0.050 |   0.648 |    0.596 | 
     | 260                                                |               |                           |       |         |          | 
     | CSA_BLOCKS[1].RCA_C0/full_adder_loop[2].FA/g84__28 | A v -> Y ^    | sky130_fd_sc_hd__nand2_1  | 0.064 |   0.711 |    0.660 | 
     | 02                                                 |               |                           |       |         |          | 
     | CSA_BLOCKS[1].RCA_C0/full_adder_loop[2].FA/g82__16 | A ^ -> Y v    | sky130_fd_sc_hd__nand2_1  | 0.063 |   0.775 |    0.723 | 
     | 17                                                 |               |                           |       |         |          | 
     | CSA_BLOCKS[1].RCA_C0/full_adder_loop[3].FA/g62__51 | A v -> Y ^    | sky130_fd_sc_hd__nand2_1  | 0.078 |   0.853 |    0.801 | 
     | 15                                                 |               |                           |       |         |          | 
     | CSA_BLOCKS[1].RCA_C0/full_adder_loop[3].FA/g60__61 | A ^ -> Y v    | sky130_fd_sc_hd__nand2_2  | 0.068 |   0.920 |    0.869 | 
     | 31                                                 |               |                           |       |         |          | 
     | CSA_BLOCKS[1].RCA_C0/full_adder_loop[4].FA/g2      | B1 v -> Y ^   | sky130_fd_sc_hd__o21ai_2  | 0.086 |   1.007 |    0.956 | 
     | CSA_BLOCKS[1].RCA_C0/full_adder_loop[4].FA/g60__93 | A ^ -> Y v    | sky130_fd_sc_hd__nand2_4  | 0.076 |   1.082 |    1.031 | 
     | 15                                                 |               |                           |       |         |          | 
     | CSA_BLOCKS[1].RCA_C0/full_adder_loop[5].FA/g84__23 | A v -> Y ^    | sky130_fd_sc_hd__nand2_2  | 0.068 |   1.150 |    1.099 | 
     | 98                                                 |               |                           |       |         |          | 
     | CSA_BLOCKS[1].RCA_C0/full_adder_loop[5].FA/g82__64 | A ^ -> Y v    | sky130_fd_sc_hd__nand2_2  | 0.058 |   1.208 |    1.157 | 
     | 17                                                 |               |                           |       |         |          | 
     | g4647__6161                                        | A v -> Y ^    | sky130_fd_sc_hd__nand2_4  | 0.098 |   1.306 |    1.255 | 
     | g4704                                              | A ^ -> Y v    | sky130_fd_sc_hd__nand2_8  | 0.106 |   1.412 |    1.361 | 
     | FE_PSBC12_n_308                                    | A v -> Y ^    | sky130_fd_sc_hd__clkinv_8 | 0.085 |   1.497 |    1.446 | 
     | g27                                                | B ^ -> Y v    | sky130_fd_sc_hd__nand2_4  | 0.063 |   1.560 |    1.509 | 
     | g44                                                | A v -> Y ^    | sky130_fd_sc_hd__nand2_8  | 0.112 |   1.671 |    1.620 | 
     | g4698                                              | B ^ -> Y v    | sky130_fd_sc_hd__nand2_1  | 0.107 |   1.778 |    1.727 | 
     | g4758                                              | B v -> Y ^    | sky130_fd_sc_hd__nand2_4  | 0.168 |   1.946 |    1.895 | 
     |                                                    | S[28] ^       |                           | 0.001 |   1.947 |    1.896 | 
     +-----------------------------------------------------------------------------------------------------------------------------+ 

