    Hinst Name                                Module Name                  Inst Count           Total Area
-------------------------------------------------------------------------------------------------------
carry_select_adder_461012_32bits                                                  460             4036.371
  CSA_BLOCKS[1].RCA_C0                        ripple_carry_adder_WIDTH6            35              242.733
    CSA_BLOCKS[1].RCA_C0/F1A                  full_adder_4                          1               25.024
    CSA_BLOCKS[1].RCA_C0/full_adder_loop[1].FA full_adder_227                        8               45.043
    CSA_BLOCKS[1].RCA_C0/full_adder_loop[2].FA full_adder_226                        6               38.787
    CSA_BLOCKS[1].RCA_C0/full_adder_loop[3].FA full_adder_225                        6               37.536
    CSA_BLOCKS[1].RCA_C0/full_adder_loop[4].FA full_adder_224                        5               41.290
    CSA_BLOCKS[1].RCA_C0/full_adder_loop[5].FA full_adder_223                        6               43.792
  CSA_BLOCKS[1].RCA_C1                        ripple_carry_adder_WIDTH6_1          37              228.970
    CSA_BLOCKS[1].RCA_C1/F1A                  full_adder_48_233                     4               32.531
    CSA_BLOCKS[1].RCA_C1/full_adder_loop[1].FA full_adder_202                        8               42.541
    CSA_BLOCKS[1].RCA_C1/full_adder_loop[2].FA full_adder_201                        7               41.290
    CSA_BLOCKS[1].RCA_C1/full_adder_loop[3].FA full_adder_200                        6               37.536
    CSA_BLOCKS[1].RCA_C1/full_adder_loop[4].FA full_adder_199                        5               36.285
    CSA_BLOCKS[1].RCA_C1/full_adder_loop[5].FA full_adder_198                        6               35.034
  CSA_BLOCKS[2].RCA_C0                        ripple_carry_adder_WIDTH10           65              598.074
    CSA_BLOCKS[2].RCA_C0/F1A                  full_adder_4_232                      3               18.768
    CSA_BLOCKS[2].RCA_C0/full_adder_loop[1].FA full_adder_222                        5               67.565
    CSA_BLOCKS[2].RCA_C0/full_adder_loop[2].FA full_adder_221                        8               65.062
    CSA_BLOCKS[2].RCA_C0/full_adder_loop[3].FA full_adder_220                        8               65.062
    CSA_BLOCKS[2].RCA_C0/full_adder_loop[4].FA full_adder_219                        6               60.058
    CSA_BLOCKS[2].RCA_C0/full_adder_loop[5].FA full_adder_218                        6               60.058
    CSA_BLOCKS[2].RCA_C0/full_adder_loop[6].FA full_adder_217                        6               60.058
    CSA_BLOCKS[2].RCA_C0/full_adder_loop[7].FA full_adder_216                        6               56.304
    CSA_BLOCKS[2].RCA_C0/full_adder_loop[8].FA full_adder_215                        6               56.304
    CSA_BLOCKS[2].RCA_C0/full_adder_loop[9].FA full_adder_214                        5               66.314
  CSA_BLOCKS[2].RCA_C1                        ripple_carry_adder_WIDTH10_1         65              643.117
    CSA_BLOCKS[2].RCA_C1/F1A                  full_adder_48_234                     4               80.077
    CSA_BLOCKS[2].RCA_C1/full_adder_loop[1].FA full_adder_197                        7               73.821
    CSA_BLOCKS[2].RCA_C1/full_adder_loop[2].FA full_adder_196                        8               60.058
    CSA_BLOCKS[2].RCA_C1/full_adder_loop[3].FA full_adder_195                        8               60.058
    CSA_BLOCKS[2].RCA_C1/full_adder_loop[4].FA full_adder_194                        6               55.053
    CSA_BLOCKS[2].RCA_C1/full_adder_loop[5].FA full_adder_193                        6               60.058
    CSA_BLOCKS[2].RCA_C1/full_adder_loop[6].FA full_adder_192                        6               60.058
    CSA_BLOCKS[2].RCA_C1/full_adder_loop[7].FA full_adder_191                        6               56.304
    CSA_BLOCKS[2].RCA_C1/full_adder_loop[8].FA full_adder_190                        6               60.058
    CSA_BLOCKS[2].RCA_C1/full_adder_loop[9].FA full_adder_189                        5               66.314
  CSA_BLOCKS[3].RCA_C0                        ripple_carry_adder_WIDTH12           71              696.918
    CSA_BLOCKS[3].RCA_C0/F1A                  full_adder_4_231                      4               41.290
    CSA_BLOCKS[3].RCA_C0/full_adder_loop[10].FA full_adder_204                        5               63.811
    CSA_BLOCKS[3].RCA_C0/full_adder_loop[11].FA full_adder_203                        6               57.555
    CSA_BLOCKS[3].RCA_C0/full_adder_loop[1].FA full_adder_213                        7               70.067
    CSA_BLOCKS[3].RCA_C0/full_adder_loop[2].FA full_adder_212                        8               60.058
    CSA_BLOCKS[3].RCA_C0/full_adder_loop[3].FA full_adder_211                        6               52.550
    CSA_BLOCKS[3].RCA_C0/full_adder_loop[4].FA full_adder_210                        6               60.058
    CSA_BLOCKS[3].RCA_C0/full_adder_loop[5].FA full_adder_209                        6               60.058
    CSA_BLOCKS[3].RCA_C0/full_adder_loop[6].FA full_adder_208                        6               56.304
    CSA_BLOCKS[3].RCA_C0/full_adder_loop[7].FA full_adder_207                        6               53.802
    CSA_BLOCKS[3].RCA_C0/full_adder_loop[8].FA full_adder_206                        6               60.058
    CSA_BLOCKS[3].RCA_C0/full_adder_loop[9].FA full_adder_205                        5               61.309
  CSA_BLOCKS[3].RCA_C1                        ripple_carry_adder_WIDTH12_1         84              689.411
    CSA_BLOCKS[3].RCA_C1/F1A                  full_adder_48                         4               52.550
    CSA_BLOCKS[3].RCA_C1/full_adder_loop[10].FA full_adder_179                        6               52.550
    CSA_BLOCKS[3].RCA_C1/full_adder_loop[11].FA full_adder_178                       10               51.299
    CSA_BLOCKS[3].RCA_C1/full_adder_loop[1].FA full_adder_188                        8               67.565
    CSA_BLOCKS[3].RCA_C1/full_adder_loop[2].FA full_adder_187                        8               57.555
    CSA_BLOCKS[3].RCA_C1/full_adder_loop[3].FA full_adder_186                        6               55.053
    CSA_BLOCKS[3].RCA_C1/full_adder_loop[4].FA full_adder_185                        6               55.053
    CSA_BLOCKS[3].RCA_C1/full_adder_loop[5].FA full_adder_184                        6               55.053
    CSA_BLOCKS[3].RCA_C1/full_adder_loop[6].FA full_adder_183                        6               55.053
    CSA_BLOCKS[3].RCA_C1/full_adder_loop[7].FA full_adder_182                        6               55.053
    CSA_BLOCKS[3].RCA_C1/full_adder_loop[8].FA full_adder_181                        6               55.053
    CSA_BLOCKS[3].RCA_C1/full_adder_loop[9].FA full_adder_180                        6               55.053
  RCA_LSB                                     ripple_carry_adder_WIDTH4            22              173.917
    RCA_LSB/F1A                               full_adder                            6               52.550
    RCA_LSB/full_adder_loop[1].FA             full_adder_230                        7               41.290
    RCA_LSB/full_adder_loop[2].FA             full_adder_229                        5               37.536
    RCA_LSB/full_adder_loop[3].FA             full_adder_228                        4               42.541
