============================================================
  Generated by:           Genus(TM) Synthesis Solution 23.12-s086_1
  Generated on:           Apr 07 2025  05:49:33 pm
  Module:                 carry_select_adder_8888_32bits
  Operating conditions:   tt_025C_1v80 
  Interconnect mode:      global
  Area mode:              physical library
============================================================


Path 1: VIOLATED (-12 ps) Path Delay Check
     Startpoint: (F) B[1]
       Endpoint: (F) Cout

                   Capture    Launch  
      Path Delay:+    1830         -  
      Drv Adjust:+       0         0  
         Arrival:=    1830            
                                      
   Required Time:=    1830            
       Data Path:-    1842            
           Slack:=     -12            

Exceptions/Constraints:
  max_delay             1830            constraints.sdc_line_1 

#-----------------------------------------------------------------------------------------------------------------------------------
#               Timing Point                 Flags   Arc   Edge           Cell             Fanout Load Trans Delay Arrival Instance 
#                                                                                                 (fF)  (ps)  (ps)   (ps)  Location 
#-----------------------------------------------------------------------------------------------------------------------------------
  B[1]                                       -       -     F     (arrival)                      1  3.3  1000     0       0    (-,-) 
  g5386/X                                    -       A->X  F     sky130_fd_sc_hd__clkbuf_1      1  6.1    64   328     328    (-,-) 
  RCA_LSB/full_adder_loop[1].FA/g134/Y       -       A->Y  R     sky130_fd_sc_hd__clkinv_2      2 15.8    64    79     407    (-,-) 
  RCA_LSB/full_adder_loop[1].FA/g29/Y        -       B->Y  F     sky130_fd_sc_hd__nand2_4       1  9.7    36    54     461    (-,-) 
  RCA_LSB/full_adder_loop[1].FA/g124__1881/Y -       B->Y  R     sky130_fd_sc_hd__nand2_4       1 10.1    52    66     527    (-,-) 
  RCA_LSB/full_adder_loop[1].FA/g122__7098/Y -       A->Y  F     sky130_fd_sc_hd__nand2_4       2 11.8    38    50     577    (-,-) 
  RCA_LSB/full_adder_loop[2].FA/g124__9945/Y -       A->Y  R     sky130_fd_sc_hd__nand2_4       1 10.1    52    56     633    (-,-) 
  RCA_LSB/full_adder_loop[2].FA/g122__6161/Y -       A->Y  F     sky130_fd_sc_hd__nand2_4       2 11.8    38    50     684    (-,-) 
  RCA_LSB/full_adder_loop[3].FA/g124__5477/Y -       A->Y  R     sky130_fd_sc_hd__nand2_4       1 10.1    52    56     740    (-,-) 
  RCA_LSB/full_adder_loop[3].FA/g122__7410/Y -       A->Y  F     sky130_fd_sc_hd__nand2_4       2 11.8    38    50     790    (-,-) 
  RCA_LSB/full_adder_loop[4].FA/g16/Y        -       A->Y  R     sky130_fd_sc_hd__nand2_4       1 10.1    52    56     847    (-,-) 
  RCA_LSB/full_adder_loop[4].FA/g15/Y        -       A->Y  F     sky130_fd_sc_hd__nand2_4       2 11.8    38    50     897    (-,-) 
  RCA_LSB/full_adder_loop[5].FA/g16/Y        -       A->Y  R     sky130_fd_sc_hd__nand2_4       1 10.1    52    56     954    (-,-) 
  RCA_LSB/full_adder_loop[5].FA/g15/Y        -       A->Y  F     sky130_fd_sc_hd__nand2_4       2 11.8    38    50    1004    (-,-) 
  RCA_LSB/full_adder_loop[6].FA/g124__1881/Y -       A->Y  R     sky130_fd_sc_hd__nand2_4       1 10.1    52    56    1060    (-,-) 
  RCA_LSB/full_adder_loop[6].FA/g122__7098/Y -       A->Y  F     sky130_fd_sc_hd__nand2_4       2 11.8    38    50    1111    (-,-) 
  RCA_LSB/full_adder_loop[7].FA/g121__9315/Y -       A->Y  R     sky130_fd_sc_hd__nand2_4       1 10.1    52    56    1167    (-,-) 
  RCA_LSB/full_adder_loop[7].FA/g119__4733/Y -       A->Y  F     sky130_fd_sc_hd__nand2_4       5 25.5    64    71    1238    (-,-) 
  g59/Y                                      -       B->Y  R     sky130_fd_sc_hd__nand2_4       2 20.1    80    98    1336    (-,-) 
  g56/Y                                      -       B->Y  F     sky130_fd_sc_hd__nand3_4       2 22.4    97   108    1445    (-,-) 
  g8224__6131/Y                              -       B->Y  R     sky130_fd_sc_hd__nand2_8       9 42.3    96   125    1570    (-,-) 
  fopt8225/Y                                 -       A->Y  F     sky130_fd_sc_hd__clkinv_2      2 10.5    54    78    1648    (-,-) 
  g8139__1617/Y                              -       A->Y  R     sky130_fd_sc_hd__nand2_2       1 10.1    73    77    1726    (-,-) 
  g8129__6417/Y                              -       A->Y  F     sky130_fd_sc_hd__nand2_4       1 51.3   117   116    1842    (-,-) 
  Cout                                       -       -     F     (port)                         -    -     -     0    1842    (-,-) 
#-----------------------------------------------------------------------------------------------------------------------------------

