============================================================
  Generated by:           Genus(TM) Synthesis Solution 23.12-s086_1
  Generated on:           Apr 07 2025  05:49:33 pm
  Module:                 carry_select_adder_8888_32bits
  Operating conditions:   tt_025C_1v80 
  Interconnect mode:      global
  Area mode:              physical library
============================================================

           Instance                         Module              Cell-Count  Cell-Area  Net-Area   Total-Area 
-------------------------------------------------------------------------------------------------------------
carry_select_adder_8888_32bits NA                                      551   3993.830  2680.187     6674.017 
  CSA_BLOCKS[1].RCA_C0         ripple_carry_adder_WIDTH8_5_231          67    494.224   234.951      729.175 
    F1A                        full_adder_24_228                         4     22.522    10.094       32.616 
    full_adder_loop[1].FA      full_adder_219                           11     66.314    37.157      103.471 
    full_adder_loop[2].FA      full_adder_218                           11     72.570    37.157      109.727 
    full_adder_loop[3].FA      full_adder_217                            9     66.314    23.756       90.070 
    full_adder_loop[4].FA      full_adder_216                            7     61.309    20.362       81.671 
    full_adder_loop[5].FA      full_adder_215                            9     70.067    27.063       97.130 
    full_adder_loop[6].FA      full_adder_214                            7     62.560    16.969       79.529 
    full_adder_loop[7].FA      full_adder_213                            9     72.570    27.063       99.633 
  CSA_BLOCKS[1].RCA_C1         ripple_carry_adder_WIDTH8_6_233          63    464.195   211.369      675.564 
    F1A                        full_adder_32_230                         4     23.773    10.094       33.867 
    full_adder_loop[1].FA      full_adder_212                           11     63.811    37.157      100.968 
    full_adder_loop[2].FA      full_adder_211                           11     60.058    37.157       97.215 
    full_adder_loop[3].FA      full_adder_210                            9     66.314    23.756       90.070 
    full_adder_loop[4].FA      full_adder_209                            7     60.058    16.969       77.026 
    full_adder_loop[5].FA      full_adder_208                            7     65.062    16.969       82.031 
    full_adder_loop[6].FA      full_adder_207                            7     60.058    16.969       77.026 
    full_adder_loop[7].FA      full_adder_206                            7     65.062    16.969       82.031 
  CSA_BLOCKS[2].RCA_C0         ripple_carry_adder_WIDTH8_5_232          50    355.341   164.031      519.372 
    F1A                        full_adder_24                             4     22.522    10.094       32.616 
    full_adder_loop[1].FA      full_adder_205                            8     58.806    26.976       85.782 
    full_adder_loop[2].FA      full_adder_204                            7     41.290    16.969       58.258 
    full_adder_loop[3].FA      full_adder_203                            6     41.290    13.575       54.865 
    full_adder_loop[4].FA      full_adder_202                            6     41.290    13.575       54.865 
    full_adder_loop[5].FA      full_adder_201                            6     43.792    13.575       57.367 
    full_adder_loop[6].FA      full_adder_200                            7     48.797    16.969       65.766 
    full_adder_loop[7].FA      full_adder_199                            6     57.555    16.969       74.524 
  CSA_BLOCKS[2].RCA_C1         ripple_carry_adder_WIDTH8_6_234          52    351.587   172.472      524.059 
    F1A                        full_adder_32                             4     22.522    10.094       32.616 
    full_adder_loop[1].FA      full_adder_198                           10     50.048    33.763       83.811 
    full_adder_loop[2].FA      full_adder_197                            8     45.043    22.016       67.059 
    full_adder_loop[3].FA      full_adder_196                            6     40.038    13.575       53.613 
    full_adder_loop[4].FA      full_adder_195                            5     50.048    10.181       60.229 
    full_adder_loop[5].FA      full_adder_194                            6     46.294    13.575       59.869 
    full_adder_loop[6].FA      full_adder_193                            7     45.043    16.969       62.012 
    full_adder_loop[7].FA      full_adder_192                            6     52.550    16.969       69.519 
  CSA_BLOCKS[3].RCA_C0         ripple_carry_adder_WIDTH8_5              38    331.568   128.527      460.095 
    F1A                        full_adder_24_227                         1     15.014     0.000       15.014 
    full_adder_loop[1].FA      full_adder_191                           10     52.550    33.763       86.314 
    full_adder_loop[2].FA      full_adder_190                            8     55.053    22.016       77.069 
    full_adder_loop[3].FA      full_adder_189                            6     43.792    13.575       57.367 
    full_adder_loop[4].FA      full_adder_188                            6     53.802    15.228       69.030 
    full_adder_loop[5].FA      full_adder_187                            5     43.792    13.575       57.367 
    full_adder_loop[6].FA      full_adder_186                            1     33.782     0.000       33.782 
    full_adder_loop[7].FA      full_adder_185                            1     33.782     0.000       33.782 
  CSA_BLOCKS[3].RCA_C1         ripple_carry_adder_WIDTH8_6              44    356.592   160.550      517.142 
    F1A                        full_adder_32_229                         4     20.019    10.094       30.113 
    full_adder_loop[1].FA      full_adder_184                           10     55.053    33.763       88.816 
    full_adder_loop[2].FA      full_adder_183                           11     62.560    37.157       99.717 
    full_adder_loop[3].FA      full_adder_182                            7     58.806    20.362       79.169 
    full_adder_loop[4].FA      full_adder_181                            5     52.550    13.575       66.125 
    full_adder_loop[5].FA      full_adder_180                            5     40.038    13.575       53.613 
    full_adder_loop[6].FA      full_adder_179                            1     33.782     0.000       33.782 
    full_adder_loop[7].FA      full_adder_178                            1     33.782     0.000       33.782 
  RCA_LSB                      ripple_carry_adder_WIDTH8                65    579.306   214.850      794.156 
    F1A                        full_adder                               12     70.067    38.898      108.965 
    full_adder_loop[1].FA      full_adder_226                           12     90.086    40.551      130.637 
    full_adder_loop[2].FA      full_adder_225                            9     70.067    23.756       93.823 
    full_adder_loop[3].FA      full_adder_224                            7     65.062    16.969       82.031 
    full_adder_loop[4].FA      full_adder_223                            6     67.565    13.575       81.140 
    full_adder_loop[5].FA      full_adder_222                            6     71.318    13.575       84.893 
    full_adder_loop[6].FA      full_adder_221                            6     70.067    13.575       83.642 
    full_adder_loop[7].FA      full_adder_220                            7     75.072    18.622       93.694 
