Hinst Name                           Module Name                     Inst Count           Total Area               Buffer             Inverter        Combinational                 Flop                Latch           Clock Gate                Macro             Physical
-------------------------------------------------------------------------------------------------------------------------------------------------------------------------------------------------------------------------------------------------------------------------------------
carry_increment_32bits                                                     1039             5775.539               61.309              510.490             3223.091                0.000                0.000                0.000                0.000             1980.650
  RCA1                               ripple_carry_adder_WIDTH4               25              203.946                0.000               15.014              188.931                0.000                0.000                0.000                0.000                0.000
    RCA1/F1A                         full_adder                               7               46.294                0.000                7.507               38.787                0.000                0.000                0.000                0.000                0.000
    RCA1/full_adder_loop[1].FA       full_adder_91                            8               50.048                0.000                7.507               42.541                0.000                0.000                0.000                0.000                0.000
    RCA1/full_adder_loop[2].FA       full_adder_90                            5               52.550                0.000                0.000               52.550                0.000                0.000                0.000                0.000                0.000
    RCA1/full_adder_loop[3].FA       full_adder_89                            5               55.053                0.000                0.000               55.053                0.000                0.000                0.000                0.000                0.000
  RCAS[1].RCA2                       ripple_carry_adder_WIDTH4_7_98          35              250.240                0.000               38.787              211.453                0.000                0.000                0.000                0.000                0.000
    RCAS[1].RCA2/F1A                 full_adder_24_93                         5               23.773                0.000                7.507               16.266                0.000                0.000                0.000                0.000                0.000
    RCAS[1].RCA2/full_adder_loop[1].FA full_adder_88                           13               86.333                0.000               17.517               68.816                0.000                0.000                0.000                0.000                0.000
    RCAS[1].RCA2/full_adder_loop[2].FA full_adder_87                            7               62.560                0.000                3.754               58.806                0.000                0.000                0.000                0.000                0.000
    RCAS[1].RCA2/full_adder_loop[3].FA full_adder_86                           10               77.574                0.000               10.010               67.565                0.000                0.000                0.000                0.000                0.000
  RCAS[2].RCA2                       ripple_carry_adder_WIDTH4_7_99          29              262.752                0.000               31.280              231.472                0.000                0.000                0.000                0.000                0.000
    RCAS[2].RCA2/F1A                 full_adder_24_94                         1               25.024                0.000                0.000               25.024                0.000                0.000                0.000                0.000                0.000
    RCAS[2].RCA2/full_adder_loop[1].FA full_adder_85                            9               78.826                0.000                8.758               70.067                0.000                0.000                0.000                0.000                0.000
    RCAS[2].RCA2/full_adder_loop[2].FA full_adder_84                           12               70.067                0.000               15.014               55.053                0.000                0.000                0.000                0.000                0.000
    RCAS[2].RCA2/full_adder_loop[3].FA full_adder_83                            7               88.835                0.000                7.507               81.328                0.000                0.000                0.000                0.000                0.000
  RCAS[3].RCA2                       ripple_carry_adder_WIDTH4_7_100         31              233.974                0.000               50.048              183.926                0.000                0.000                0.000                0.000                0.000
    RCAS[3].RCA2/F1A                 full_adder_24_95                         4               32.531                0.000               17.517               15.014                0.000                0.000                0.000                0.000                0.000
    RCAS[3].RCA2/full_adder_loop[1].FA full_adder_82                            8               65.062                0.000               10.010               55.053                0.000                0.000                0.000                0.000                0.000
    RCAS[3].RCA2/full_adder_loop[2].FA full_adder_81                            7               67.565                0.000                7.507               60.058                0.000                0.000                0.000                0.000                0.000
    RCAS[3].RCA2/full_adder_loop[3].FA full_adder_80                           12               68.816                0.000               15.014               53.802                0.000                0.000                0.000                0.000                0.000
  RCAS[4].RCA2                       ripple_carry_adder_WIDTH4_7_101         39              276.515                0.000               61.309              215.206                0.000                0.000                0.000                0.000                0.000
    RCAS[4].RCA2/F1A                 full_adder_24_96                         5               38.787                0.000               15.014               23.773                0.000                0.000                0.000                0.000                0.000
    RCAS[4].RCA2/full_adder_loop[1].FA full_adder_79                            8               80.077                0.000               20.019               60.058                0.000                0.000                0.000                0.000                0.000
    RCAS[4].RCA2/full_adder_loop[2].FA full_adder_78                           13               88.835                0.000               11.261               77.574                0.000                0.000                0.000                0.000                0.000
    RCAS[4].RCA2/full_adder_loop[3].FA full_adder_77                           13               68.816                0.000               15.014               53.802                0.000                0.000                0.000                0.000                0.000
  RCAS[5].RCA2                       ripple_carry_adder_WIDTH4_7_102         34              205.197                0.000               38.787              166.410                0.000                0.000                0.000                0.000                0.000
    RCAS[5].RCA2/F1A                 full_adder_24_97                         5               27.526                0.000                7.507               20.019                0.000                0.000                0.000                0.000                0.000
    RCAS[5].RCA2/full_adder_loop[1].FA full_adder_76                            7               60.058                0.000                8.758               51.299                0.000                0.000                0.000                0.000                0.000
    RCAS[5].RCA2/full_adder_loop[2].FA full_adder_75                           12               60.058                0.000               15.014               45.043                0.000                0.000                0.000                0.000                0.000
    RCAS[5].RCA2/full_adder_loop[3].FA full_adder_74                           10               57.555                0.000                7.507               50.048                0.000                0.000                0.000                0.000                0.000
  RCAS[6].RCA2                       ripple_carry_adder_WIDTH4_7_103         35              197.690                0.000               33.782              163.907                0.000                0.000                0.000                0.000                0.000
    RCAS[6].RCA2/F1A                 full_adder_24                            4               23.773                0.000                7.507               16.266                0.000                0.000                0.000                0.000                0.000
    RCAS[6].RCA2/full_adder_loop[1].FA full_adder_73                           13               77.574                0.000               11.261               66.314                0.000                0.000                0.000                0.000                0.000
    RCAS[6].RCA2/full_adder_loop[2].FA full_adder_72                            9               48.797                0.000                7.507               41.290                0.000                0.000                0.000                0.000                0.000
    RCAS[6].RCA2/full_adder_loop[3].FA full_adder_71                            9               47.546                0.000                7.507               40.038                0.000                0.000                0.000                0.000                0.000
  RCAS[7].RCA2                       ripple_carry_adder_WIDTH4_7             15              146.390                0.000               15.014              131.376                0.000                0.000                0.000                0.000                0.000
    RCAS[7].RCA2/F1A                 full_adder_24_92                         1               25.024                0.000                0.000               25.024                0.000                0.000                0.000                0.000                0.000
    RCAS[7].RCA2/full_adder_loop[1].FA full_adder_70                            6               46.294                0.000                7.507               38.787                0.000                0.000                0.000                0.000                0.000
    RCAS[7].RCA2/full_adder_loop[2].FA full_adder_69                            7               41.290                0.000                7.507               33.782                0.000                0.000                0.000                0.000                0.000
    RCAS[7].RCA2/full_adder_loop[3].FA full_adder_68                            1               33.782                0.000                0.000               33.782                0.000                0.000                0.000                0.000                0.000
