###############################################################
#  Generated by:      Cadence Innovus 23.32-s091_1
#  OS:                Linux x86_64(Host ID cadmicro-inf-el8-623207)
#  Generated on:      Mon Apr  7 17:10:41 2025
#  Design:            carry_increment_32bits
#  Command:           report_timing > reports/report_timing.rpt
###############################################################
Path 1: VIOLATED Path Delay Check
Endpoint:   S[29] (^)
Beginpoint: B[8]  (v) triggered by  leading edge of '@'
Path Groups: {default}
Analysis View: default_emulate_view
- External Delay                0.000
+ Path Delay                    1.651
= Required Time                 1.651
- Arrival Time                  1.816
= Slack Time                   -0.165
     Clock Rise Edge                      0.000
     + Input Delay                        0.000
     = Beginpoint Arrival Time            0.000
     +------------------------------------------------------------------------------------------------------------------------+ 
     |                   Instance                    |      Arc      |           Cell            | Delay | Arrival | Required | 
     |                                               |               |                           |       |  Time   |   Time   | 
     |-----------------------------------------------+---------------+---------------------------+-------+---------+----------| 
     |                                               | B[8] v        |                           |       |   0.000 |   -0.165 | 
     | RCAS[2].RCA2/F1A/g41                          | A v -> COUT v | sky130_fd_sc_hd__ha_4     | 0.569 |   0.569 |    0.404 | 
     | RCAS[2].RCA2/full_adder_loop[1].FA/g163__6161 | A v -> Y ^    | sky130_fd_sc_hd__nand2_4  | 0.074 |   0.643 |    0.478 | 
     | RCAS[2].RCA2/full_adder_loop[1].FA/g11        | A ^ -> Y v    | sky130_fd_sc_hd__nand2_4  | 0.055 |   0.698 |    0.533 | 
     | RCAS[2].RCA2/full_adder_loop[2].FA/g15        | A v -> Y ^    | sky130_fd_sc_hd__nand2_4  | 0.070 |   0.767 |    0.603 | 
     | RCAS[2].RCA2/full_adder_loop[2].FA/g14        | A ^ -> Y v    | sky130_fd_sc_hd__nand2_4  | 0.067 |   0.834 |    0.670 | 
     | RCAS[2].RCA2/full_adder_loop[3].FA/g2__8428   | B v -> X ^    | sky130_fd_sc_hd__xor2_4   | 0.202 |   1.036 |    0.871 | 
     | g8279                                         | A ^ -> Y v    | sky130_fd_sc_hd__nand3_2  | 0.095 |   1.131 |    0.966 | 
     | g7985                                         | A v -> Y ^    | sky130_fd_sc_hd__inv_2    | 0.077 |   1.208 |    1.043 | 
     | g8465                                         | A ^ -> Y v    | sky130_fd_sc_hd__nand2_4  | 0.079 |   1.286 |    1.121 | 
     | g7944__8397                                   | A v -> Y ^    | sky130_fd_sc_hd__nand2_8  | 0.092 |   1.378 |    1.213 | 
     | g8408                                         | A ^ -> Y v    | sky130_fd_sc_hd__nand2_4  | 0.055 |   1.433 |    1.268 | 
     | g8407                                         | A v -> Y ^    | sky130_fd_sc_hd__nand2_4  | 0.087 |   1.519 |    1.355 | 
     | g42                                           | A ^ -> Y v    | sky130_fd_sc_hd__nand2_4  | 0.073 |   1.592 |    1.428 | 
     | g41                                           | A v -> Y ^    | sky130_fd_sc_hd__clkinv_2 | 0.062 |   1.655 |    1.490 | 
     | g38                                           | A ^ -> Y v    | sky130_fd_sc_hd__nand2_4  | 0.056 |   1.711 |    1.546 | 
     | g8483                                         | A v -> Y ^    | sky130_fd_sc_hd__nand2_8  | 0.104 |   1.815 |    1.650 | 
     |                                               | S[29] ^       |                           | 0.001 |   1.816 |    1.651 | 
     +------------------------------------------------------------------------------------------------------------------------+ 

