    Hinst Name                       Module Name                     Inst Count           Total Area
-------------------------------------------------------------------------------------------------
carry_increment_32bits                                                      521             3794.890
  RCA1                               ripple_carry_adder_WIDTH4               25              203.946
    RCA1/F1A                         full_adder                               7               46.294
    RCA1/full_adder_loop[1].FA       full_adder_91                            8               50.048
    RCA1/full_adder_loop[2].FA       full_adder_90                            5               52.550
    RCA1/full_adder_loop[3].FA       full_adder_89                            5               55.053
  RCAS[1].RCA2                       ripple_carry_adder_WIDTH4_7_98          35              250.240
    RCAS[1].RCA2/F1A                 full_adder_24_93                         5               23.773
    RCAS[1].RCA2/full_adder_loop[1].FA full_adder_88                           13               86.333
    RCAS[1].RCA2/full_adder_loop[2].FA full_adder_87                            7               62.560
    RCAS[1].RCA2/full_adder_loop[3].FA full_adder_86                           10               77.574
  RCAS[2].RCA2                       ripple_carry_adder_WIDTH4_7_99          29              262.752
    RCAS[2].RCA2/F1A                 full_adder_24_94                         1               25.024
    RCAS[2].RCA2/full_adder_loop[1].FA full_adder_85                            9               78.826
    RCAS[2].RCA2/full_adder_loop[2].FA full_adder_84                           12               70.067
    RCAS[2].RCA2/full_adder_loop[3].FA full_adder_83                            7               88.835
  RCAS[3].RCA2                       ripple_carry_adder_WIDTH4_7_100         31              233.974
    RCAS[3].RCA2/F1A                 full_adder_24_95                         4               32.531
    RCAS[3].RCA2/full_adder_loop[1].FA full_adder_82                            8               65.062
    RCAS[3].RCA2/full_adder_loop[2].FA full_adder_81                            7               67.565
    RCAS[3].RCA2/full_adder_loop[3].FA full_adder_80                           12               68.816
  RCAS[4].RCA2                       ripple_carry_adder_WIDTH4_7_101         39              276.515
    RCAS[4].RCA2/F1A                 full_adder_24_96                         5               38.787
    RCAS[4].RCA2/full_adder_loop[1].FA full_adder_79                            8               80.077
    RCAS[4].RCA2/full_adder_loop[2].FA full_adder_78                           13               88.835
    RCAS[4].RCA2/full_adder_loop[3].FA full_adder_77                           13               68.816
  RCAS[5].RCA2                       ripple_carry_adder_WIDTH4_7_102         34              205.197
    RCAS[5].RCA2/F1A                 full_adder_24_97                         5               27.526
    RCAS[5].RCA2/full_adder_loop[1].FA full_adder_76                            7               60.058
    RCAS[5].RCA2/full_adder_loop[2].FA full_adder_75                           12               60.058
    RCAS[5].RCA2/full_adder_loop[3].FA full_adder_74                           10               57.555
  RCAS[6].RCA2                       ripple_carry_adder_WIDTH4_7_103         35              197.690
    RCAS[6].RCA2/F1A                 full_adder_24                            4               23.773
    RCAS[6].RCA2/full_adder_loop[1].FA full_adder_73                           13               77.574
    RCAS[6].RCA2/full_adder_loop[2].FA full_adder_72                            9               48.797
    RCAS[6].RCA2/full_adder_loop[3].FA full_adder_71                            9               47.546
  RCAS[7].RCA2                       ripple_carry_adder_WIDTH4_7             15              146.390
    RCAS[7].RCA2/F1A                 full_adder_24_92                         1               25.024
    RCAS[7].RCA2/full_adder_loop[1].FA full_adder_70                            6               46.294
    RCAS[7].RCA2/full_adder_loop[2].FA full_adder_69                            7               41.290
    RCAS[7].RCA2/full_adder_loop[3].FA full_adder_68                            1               33.782
