============================================================
  Generated by:           Genus(TM) Synthesis Solution 23.12-s086_1
  Generated on:           Apr 07 2025  02:32:33 pm
  Module:                 ripple_carry_adder_8bits
  Operating conditions:   tt_025C_1v80 
  Interconnect mode:      global
  Area mode:              physical library
============================================================

Timing
-------
  Cost    Critical         Violating 
 Group   Path Slack  TNS     Paths   
-------------------------------------
default        24.3   0.0          0 
-------------------------------------
Total                 0.0          0 

Instance Count
--------------
Leaf Instance Count             32 
Physical Instance count          0 
Sequential Instance Count        0 
Combinational Instance Count    32 
Hierarchical Instance Count      8 

Area
----
Cell Area                          251.491
Physical Cell Area                 0.000
Total Cell Area (Cell+Physical)    251.491
Net Area                           218.070
Total Area (Cell+Physical+Net)     469.561

Max Fanout                         3 (n_17)
Min Fanout                         1 (carry[4])
Average Fanout                     1.3
Terms to net ratio                 1.8727
Terms to instance ratio            3.2188
Runtime                            11.944135 seconds
Elapsed Runtime                    13 seconds
Genus peak memory usage            1888.44 
Innovus peak memory usage          no_value 
Hostname                           cadmicro-inf-el8-623207
