============================================================
  Generated by:           Genus(TM) Synthesis Solution 23.12-s086_1
  Generated on:           Apr 07 2025  07:06:03 pm
  Module:                 carry_select_adder_461012_32bits
  Operating conditions:   tt_025C_1v80 
  Interconnect mode:      global
  Area mode:              physical library
============================================================

            Instance                        Module             Cell-Count  Cell-Area  Net-Area   Total-Area 
------------------------------------------------------------------------------------------------------------
carry_select_adder_461012_32bits NA                                    94   1510.198   881.851     2392.049 
  CSA_BLOCKS[1].RCA_C0           ripple_carry_adder_WIDTH6              6    112.608    16.969      129.577 
    F1A                          full_adder_4                           1     12.512     0.000       12.512 
    full_adder_loop[1].FA        full_adder_227                         1     20.019     0.000       20.019 
    full_adder_loop[2].FA        full_adder_226                         1     20.019     0.000       20.019 
    full_adder_loop[3].FA        full_adder_225                         1     20.019     0.000       20.019 
    full_adder_loop[4].FA        full_adder_224                         1     20.019     0.000       20.019 
    full_adder_loop[5].FA        full_adder_223                         1     20.019     0.000       20.019 
  CSA_BLOCKS[1].RCA_C1           ripple_carry_adder_WIDTH6_1            7    115.110    16.969      132.079 
    F1A                          full_adder_48_233                      2     15.014     0.000       15.014 
    full_adder_loop[1].FA        full_adder_202                         1     20.019     0.000       20.019 
    full_adder_loop[2].FA        full_adder_201                         1     20.019     0.000       20.019 
    full_adder_loop[3].FA        full_adder_200                         1     20.019     0.000       20.019 
    full_adder_loop[4].FA        full_adder_199                         1     20.019     0.000       20.019 
    full_adder_loop[5].FA        full_adder_198                         1     20.019     0.000       20.019 
  CSA_BLOCKS[2].RCA_C0           ripple_carry_adder_WIDTH10            10    192.685    30.544      223.228 
    F1A                          full_adder_4_232                       1     12.512     0.000       12.512 
    full_adder_loop[1].FA        full_adder_222                         1     20.019     0.000       20.019 
    full_adder_loop[2].FA        full_adder_221                         1     20.019     0.000       20.019 
    full_adder_loop[3].FA        full_adder_220                         1     20.019     0.000       20.019 
    full_adder_loop[4].FA        full_adder_219                         1     20.019     0.000       20.019 
    full_adder_loop[5].FA        full_adder_218                         1     20.019     0.000       20.019 
    full_adder_loop[6].FA        full_adder_217                         1     20.019     0.000       20.019 
    full_adder_loop[7].FA        full_adder_216                         1     20.019     0.000       20.019 
    full_adder_loop[8].FA        full_adder_215                         1     20.019     0.000       20.019 
    full_adder_loop[9].FA        full_adder_214                         1     20.019     0.000       20.019 
  CSA_BLOCKS[2].RCA_C1           ripple_carry_adder_WIDTH10_1          11    195.187    30.544      225.731 
    F1A                          full_adder_48_234                      2     15.014     0.000       15.014 
    full_adder_loop[1].FA        full_adder_197                         1     20.019     0.000       20.019 
    full_adder_loop[2].FA        full_adder_196                         1     20.019     0.000       20.019 
    full_adder_loop[3].FA        full_adder_195                         1     20.019     0.000       20.019 
    full_adder_loop[4].FA        full_adder_194                         1     20.019     0.000       20.019 
    full_adder_loop[5].FA        full_adder_193                         1     20.019     0.000       20.019 
    full_adder_loop[6].FA        full_adder_192                         1     20.019     0.000       20.019 
    full_adder_loop[7].FA        full_adder_191                         1     20.019     0.000       20.019 
    full_adder_loop[8].FA        full_adder_190                         1     20.019     0.000       20.019 
    full_adder_loop[9].FA        full_adder_189                         1     20.019     0.000       20.019 
  CSA_BLOCKS[3].RCA_C0           ripple_carry_adder_WIDTH12            12    232.723    37.331      270.054 
    F1A                          full_adder_4_231                       1     12.512     0.000       12.512 
    full_adder_loop[10].FA       full_adder_204                         1     20.019     0.000       20.019 
    full_adder_loop[11].FA       full_adder_203                         1     20.019     0.000       20.019 
    full_adder_loop[1].FA        full_adder_213                         1     20.019     0.000       20.019 
    full_adder_loop[2].FA        full_adder_212                         1     20.019     0.000       20.019 
    full_adder_loop[3].FA        full_adder_211                         1     20.019     0.000       20.019 
    full_adder_loop[4].FA        full_adder_210                         1     20.019     0.000       20.019 
    full_adder_loop[5].FA        full_adder_209                         1     20.019     0.000       20.019 
    full_adder_loop[6].FA        full_adder_208                         1     20.019     0.000       20.019 
    full_adder_loop[7].FA        full_adder_207                         1     20.019     0.000       20.019 
    full_adder_loop[8].FA        full_adder_206                         1     20.019     0.000       20.019 
    full_adder_loop[9].FA        full_adder_205                         1     20.019     0.000       20.019 
  CSA_BLOCKS[3].RCA_C1           ripple_carry_adder_WIDTH12_1          13    235.226    37.331      272.557 
    F1A                          full_adder_48                          2     15.014     0.000       15.014 
    full_adder_loop[10].FA       full_adder_179                         1     20.019     0.000       20.019 
    full_adder_loop[11].FA       full_adder_178                         1     20.019     0.000       20.019 
    full_adder_loop[1].FA        full_adder_188                         1     20.019     0.000       20.019 
    full_adder_loop[2].FA        full_adder_187                         1     20.019     0.000       20.019 
    full_adder_loop[3].FA        full_adder_186                         1     20.019     0.000       20.019 
    full_adder_loop[4].FA        full_adder_185                         1     20.019     0.000       20.019 
    full_adder_loop[5].FA        full_adder_184                         1     20.019     0.000       20.019 
    full_adder_loop[6].FA        full_adder_183                         1     20.019     0.000       20.019 
    full_adder_loop[7].FA        full_adder_182                         1     20.019     0.000       20.019 
    full_adder_loop[8].FA        full_adder_181                         1     20.019     0.000       20.019 
    full_adder_loop[9].FA        full_adder_180                         1     20.019     0.000       20.019 
  RCA_LSB                        ripple_carry_adder_WIDTH4              4     80.077    10.181       90.258 
    F1A                          full_adder                             1     20.019     0.000       20.019 
    full_adder_loop[1].FA        full_adder_230                         1     20.019     0.000       20.019 
    full_adder_loop[2].FA        full_adder_229                         1     20.019     0.000       20.019 
    full_adder_loop[3].FA        full_adder_228                         1     20.019     0.000       20.019 
