============================================================
  Generated by:           Genus(TM) Synthesis Solution 23.12-s086_1
  Generated on:           Apr 07 2025  05:56:25 pm
  Module:                 carry_select_adder_46688_32bits
  Operating conditions:   tt_025C_1v80 
  Interconnect mode:      global
  Area mode:              physical library
============================================================

Timing
-------
  Cost    Critical         Violating 
 Group   Path Slack  TNS     Paths   
-------------------------------------
default         1.9   0.0          0 
-------------------------------------
Total                 0.0          0 

Instance Count
--------------
Leaf Instance Count             97 
Physical Instance count          0 
Sequential Instance Count        0 
Combinational Instance Count    97 
Hierarchical Instance Count     69 

Area
----
Cell Area                          1552.739
Physical Cell Area                 0.000
Total Cell Area (Cell+Physical)    1552.739
Net Area                           891.945
Total Area (Cell+Physical+Net)     2444.684

Max Fanout                         9 (n_1)
Min Fanout                         1 (C0[1])
Average Fanout                     1.4
Terms to net ratio                 1.9725
Terms to instance ratio            4.4330
Runtime                            13.657643 seconds
Elapsed Runtime                    15 seconds
Genus peak memory usage            1889.38 
Innovus peak memory usage          no_value 
Hostname                           cadmicro-inf-el8-623207
