============================================================
  Generated by:           Genus(TM) Synthesis Solution 23.12-s086_1
  Generated on:           Apr 07 2025  05:56:25 pm
  Module:                 carry_select_adder_46688_32bits
  Operating conditions:   tt_025C_1v80 
  Interconnect mode:      global
  Area mode:              physical library
============================================================


Path 1: MET (2 ps) Path Delay Check
     Startpoint: (F) B[4]
       Endpoint: (F) Cout

                   Capture    Launch  
      Path Delay:+    4500         -  
      Drv Adjust:+       0         0  
         Arrival:=    4500            
                                      
   Required Time:=    4500            
       Data Path:-    4498            
           Slack:=       2            

Exceptions/Constraints:
  max_delay             4500            constraints.sdc_line_1 

#-----------------------------------------------------------------------------------------------------------------------------------------------------
#                       Timing Point                        Flags     Arc     Edge           Cell            Fanout Load Trans Delay Arrival Instance 
#                                                                                                                   (fF)  (ps)  (ps)   (ps)  Location 
#-----------------------------------------------------------------------------------------------------------------------------------------------------
  B[4]                                                      -       -         F     (arrival)                     2  8.2  1000     0       0    (-,-) 
  CSA_BLOCKS[1].RCA_C0/F1A/g2/COUT                          -       A->COUT   F     sky130_fd_sc_hd__ha_2         1  3.6    55   542     542    (-,-) 
  CSA_BLOCKS[1].RCA_C0/full_adder_loop[1].FA/g2/COUT        -       CI->COUT  F     sky130_fd_sc_hd__fah_1        1  5.8    73   261     802    (-,-) 
  CSA_BLOCKS[1].RCA_C0/full_adder_loop[2].FA/g57__6783/COUT -       CIN->COUT F     sky130_fd_sc_hd__fa_1         1  5.8    96   388    1190    (-,-) 
  CSA_BLOCKS[1].RCA_C0/full_adder_loop[3].FA/g57__3680/COUT -       CIN->COUT F     sky130_fd_sc_hd__fa_1         1  5.8    96   396    1587    (-,-) 
  CSA_BLOCKS[1].RCA_C0/full_adder_loop[4].FA/g57__1617/COUT -       CIN->COUT F     sky130_fd_sc_hd__fa_1         1  5.8    96   396    1983    (-,-) 
  CSA_BLOCKS[1].RCA_C0/full_adder_loop[5].FA/g57__2802/COUT -       CIN->COUT F     sky130_fd_sc_hd__fa_1         1  5.4    94   393    2376    (-,-) 
  g616__6131/Y                                              -       A0->Y     R     sky130_fd_sc_hd__mux2i_2      7 32.0   491   419    2795    (-,-) 
  g609__3680/Y                                              -       S->Y      R     sky130_fd_sc_hd__mux2i_2      9 40.0   592   597    3392    (-,-) 
  g601__5477/Y                                              -       S->Y      R     sky130_fd_sc_hd__mux2i_2      9 36.7   551   576    3968    (-,-) 
  g595__9945/X                                              -       S->X      F     sky130_fd_sc_hd__mux2_2       1 51.3   158   529    4498    (-,-) 
  Cout                                                      -       -         F     (port)                        -    -     -     0    4498    (-,-) 
#-----------------------------------------------------------------------------------------------------------------------------------------------------

