============================================================
  Generated by:           Genus(TM) Synthesis Solution 23.12-s086_1
  Generated on:           Apr 07 2025  05:56:25 pm
  Module:                 carry_select_adder_46688_32bits
  Operating conditions:   tt_025C_1v80 
  Interconnect mode:      global
  Area mode:              physical library
============================================================

            Instance                         Module              Cell-Count  Cell-Area  Net-Area   Total-Area 
--------------------------------------------------------------------------------------------------------------
carry_select_adder_46688_32bits NA                                       97   1552.739   891.945     2444.684 
  CSA_BLOCKS[1].RCA_C0          ripple_carry_adder_WIDTH6                 6    128.874    16.969      145.842 
    F1A                         full_adder_24_245                         1     15.014     0.000       15.014 
    full_adder_loop[1].FA       full_adder_239                            1     33.782     0.000       33.782 
    full_adder_loop[2].FA       full_adder_238                            1     20.019     0.000       20.019 
    full_adder_loop[3].FA       full_adder_237                            1     20.019     0.000       20.019 
    full_adder_loop[4].FA       full_adder_236                            1     20.019     0.000       20.019 
    full_adder_loop[5].FA       full_adder_235                            1     20.019     0.000       20.019 
  CSA_BLOCKS[1].RCA_C1          ripple_carry_adder_WIDTH6_3_250           8    132.627    22.016      154.643 
    F1A                         full_adder_52_246                         3     18.768     5.047       23.815 
    full_adder_loop[1].FA       full_adder_227                            1     33.782     0.000       33.782 
    full_adder_loop[2].FA       full_adder_226                            1     20.019     0.000       20.019 
    full_adder_loop[3].FA       full_adder_225                            1     20.019     0.000       20.019 
    full_adder_loop[4].FA       full_adder_224                            1     20.019     0.000       20.019 
    full_adder_loop[5].FA       full_adder_223                            1     20.019     0.000       20.019 
  CSA_BLOCKS[2].RCA_C0          ripple_carry_adder_WIDTH6_249             6    112.608    16.969      129.577 
    F1A                         full_adder_24                             1     12.512     0.000       12.512 
    full_adder_loop[1].FA       full_adder_222                            1     20.019     0.000       20.019 
    full_adder_loop[2].FA       full_adder_221                            1     20.019     0.000       20.019 
    full_adder_loop[3].FA       full_adder_220                            1     20.019     0.000       20.019 
    full_adder_loop[4].FA       full_adder_219                            1     20.019     0.000       20.019 
    full_adder_loop[5].FA       full_adder_218                            1     20.019     0.000       20.019 
  CSA_BLOCKS[2].RCA_C1          ripple_carry_adder_WIDTH6_3               7    115.110    16.969      132.079 
    F1A                         full_adder_52_247                         2     15.014     0.000       15.014 
    full_adder_loop[1].FA       full_adder_217                            1     20.019     0.000       20.019 
    full_adder_loop[2].FA       full_adder_216                            1     20.019     0.000       20.019 
    full_adder_loop[3].FA       full_adder_215                            1     20.019     0.000       20.019 
    full_adder_loop[4].FA       full_adder_214                            1     20.019     0.000       20.019 
    full_adder_loop[5].FA       full_adder_213                            1     20.019     0.000       20.019 
  CSA_BLOCKS[3].RCA_C0          ripple_carry_adder_WIDTH8                 8    152.646    23.756      176.403 
    F1A                         full_adder_24_243                         1     12.512     0.000       12.512 
    full_adder_loop[1].FA       full_adder_234                            1     20.019     0.000       20.019 
    full_adder_loop[2].FA       full_adder_233                            1     20.019     0.000       20.019 
    full_adder_loop[3].FA       full_adder_232                            1     20.019     0.000       20.019 
    full_adder_loop[4].FA       full_adder_231                            1     20.019     0.000       20.019 
    full_adder_loop[5].FA       full_adder_230                            1     20.019     0.000       20.019 
    full_adder_loop[6].FA       full_adder_229                            1     20.019     0.000       20.019 
    full_adder_loop[7].FA       full_adder_228                            1     20.019     0.000       20.019 
  CSA_BLOCKS[3].RCA_C1          ripple_carry_adder_WIDTH8_3_252           9    155.149    23.756      178.905 
    F1A                         full_adder_52_248                         2     15.014     0.000       15.014 
    full_adder_loop[1].FA       full_adder_212                            1     20.019     0.000       20.019 
    full_adder_loop[2].FA       full_adder_211                            1     20.019     0.000       20.019 
    full_adder_loop[3].FA       full_adder_210                            1     20.019     0.000       20.019 
    full_adder_loop[4].FA       full_adder_209                            1     20.019     0.000       20.019 
    full_adder_loop[5].FA       full_adder_208                            1     20.019     0.000       20.019 
    full_adder_loop[6].FA       full_adder_207                            1     20.019     0.000       20.019 
    full_adder_loop[7].FA       full_adder_206                            1     20.019     0.000       20.019 
  CSA_BLOCKS[4].RCA_C0          ripple_carry_adder_WIDTH8_251             8    152.646    23.756      176.403 
    F1A                         full_adder_24_244                         1     12.512     0.000       12.512 
    full_adder_loop[1].FA       full_adder_205                            1     20.019     0.000       20.019 
    full_adder_loop[2].FA       full_adder_204                            1     20.019     0.000       20.019 
    full_adder_loop[3].FA       full_adder_203                            1     20.019     0.000       20.019 
    full_adder_loop[4].FA       full_adder_202                            1     20.019     0.000       20.019 
    full_adder_loop[5].FA       full_adder_201                            1     20.019     0.000       20.019 
    full_adder_loop[6].FA       full_adder_200                            1     20.019     0.000       20.019 
    full_adder_loop[7].FA       full_adder_199                            1     20.019     0.000       20.019 
  CSA_BLOCKS[4].RCA_C1          ripple_carry_adder_WIDTH8_3               9    155.149    23.756      178.905 
    F1A                         full_adder_52                             2     15.014     0.000       15.014 
    full_adder_loop[1].FA       full_adder_198                            1     20.019     0.000       20.019 
    full_adder_loop[2].FA       full_adder_197                            1     20.019     0.000       20.019 
    full_adder_loop[3].FA       full_adder_196                            1     20.019     0.000       20.019 
    full_adder_loop[4].FA       full_adder_195                            1     20.019     0.000       20.019 
    full_adder_loop[5].FA       full_adder_194                            1     20.019     0.000       20.019 
    full_adder_loop[6].FA       full_adder_193                            1     20.019     0.000       20.019 
    full_adder_loop[7].FA       full_adder_192                            1     20.019     0.000       20.019 
  RCA_LSB                       ripple_carry_adder_WIDTH4                 4     80.077    10.181       90.258 
    F1A                         full_adder                                1     20.019     0.000       20.019 
    full_adder_loop[1].FA       full_adder_242                            1     20.019     0.000       20.019 
    full_adder_loop[2].FA       full_adder_241                            1     20.019     0.000       20.019 
    full_adder_loop[3].FA       full_adder_240                            1     20.019     0.000       20.019 
