============================================================
  Generated by:           Genus(TM) Synthesis Solution 23.12-s086_1
  Generated on:           Apr 07 2025  05:41:41 pm
  Module:                 carry_select_adder_8888_32bits
  Operating conditions:   tt_025C_1v80 
  Interconnect mode:      global
  Area mode:              physical library
============================================================

Timing
-------
  Cost    Critical         Violating 
 Group   Path Slack  TNS     Paths   
-------------------------------------
default         2.9   0.0          0 
-------------------------------------
Total                 0.0          0 

Instance Count
--------------
Leaf Instance Count             108 
Physical Instance count           0 
Sequential Instance Count         0 
Combinational Instance Count    108 
Hierarchical Instance Count      63 

Area
----
Cell Area                          1537.725
Physical Cell Area                 0.000
Total Cell Area (Cell+Physical)    1537.725
Net Area                           910.567
Total Area (Cell+Physical+Net)     2448.292

Max Fanout                         9 (C_mid[0])
Min Fanout                         1 (C0[1])
Average Fanout                     1.4
Terms to net ratio                 1.9776
Terms to instance ratio            4.0833
Runtime                            12.682146 seconds
Elapsed Runtime                    15 seconds
Genus peak memory usage            1891.82 
Innovus peak memory usage          no_value 
Hostname                           cadmicro-inf-el8-623207
