============================================================
  Generated by:           Genus(TM) Synthesis Solution 23.12-s086_1
  Generated on:           Apr 07 2025  05:41:41 pm
  Module:                 carry_select_adder_8888_32bits
  Operating conditions:   tt_025C_1v80 
  Interconnect mode:      global
  Area mode:              physical library
============================================================


Path 1: MET (3 ps) Path Delay Check
     Startpoint: (F) B[8]
       Endpoint: (F) Cout

                   Capture    Launch  
      Path Delay:+    4500         -  
      Drv Adjust:+       0         0  
         Arrival:=    4500            
                                      
   Required Time:=    4500            
       Data Path:-    4497            
           Slack:=       3            

Exceptions/Constraints:
  max_delay             4500            constraints.sdc_line_1 

#------------------------------------------------------------------------------------------------------------------------------------------------------
#                       Timing Point                        Flags     Arc     Edge           Cell             Fanout Load Trans Delay Arrival Instance 
#                                                                                                                    (fF)  (ps)  (ps)   (ps)  Location 
#------------------------------------------------------------------------------------------------------------------------------------------------------
  B[8]                                                      -       -         F     (arrival)                      1  4.2  1000     0       0    (-,-) 
  g304/Y                                                    -       A->Y      R     sky130_fd_sc_hd__clkinv_1      1  5.9   190   226     226    (-,-) 
  g303/Y                                                    -       A->Y      F     sky130_fd_sc_hd__inv_2         2  7.7    50    61     288    (-,-) 
  CSA_BLOCKS[1].RCA_C1/F1A/g40/Y                            -       A->Y      R     sky130_fd_sc_hd__clkinv_1      2  9.0    57    68     355    (-,-) 
  CSA_BLOCKS[1].RCA_C1/F1A/g38__7098/Y                      -       B->Y      F     sky130_fd_sc_hd__nand2_1       1  3.6    69    56     411    (-,-) 
  CSA_BLOCKS[1].RCA_C1/full_adder_loop[1].FA/g64/COUT       -       CI->COUT  F     sky130_fd_sc_hd__fah_1         1  3.6    64   252     663    (-,-) 
  CSA_BLOCKS[1].RCA_C1/full_adder_loop[2].FA/g57__9315/COUT -       CI->COUT  F     sky130_fd_sc_hd__fah_1         1  5.8    73   264     928    (-,-) 
  CSA_BLOCKS[1].RCA_C1/full_adder_loop[3].FA/g57__9945/COUT -       CIN->COUT F     sky130_fd_sc_hd__fa_1          1  5.8    96   388    1316    (-,-) 
  CSA_BLOCKS[1].RCA_C1/full_adder_loop[4].FA/g57__2883/COUT -       CIN->COUT F     sky130_fd_sc_hd__fa_1          1  5.8    96   396    1712    (-,-) 
  CSA_BLOCKS[1].RCA_C1/full_adder_loop[5].FA/g57__2346/COUT -       CIN->COUT F     sky130_fd_sc_hd__fa_1          1  5.8    96   396    2108    (-,-) 
  CSA_BLOCKS[1].RCA_C1/full_adder_loop[6].FA/g57__1666/COUT -       CIN->COUT F     sky130_fd_sc_hd__fa_1          1  5.8    96   396    2504    (-,-) 
  CSA_BLOCKS[1].RCA_C1/full_adder_loop[7].FA/g57__7410/COUT -       CIN->COUT F     sky130_fd_sc_hd__fa_1          1  5.2    93   391    2896    (-,-) 
  g522__4733/Y                                              -       A1->Y     R     sky130_fd_sc_hd__mux2i_2       9 40.0   592   495    3391    (-,-) 
  g513__2802/Y                                              -       S->Y      R     sky130_fd_sc_hd__mux2i_2       9 36.7   551   576    3968    (-,-) 
  g504__2398/X                                              -       S->X      F     sky130_fd_sc_hd__mux2_2        1 51.3   158   529    4497    (-,-) 
  Cout                                                      -       -         F     (port)                         -    -     -     0    4497    (-,-) 
#------------------------------------------------------------------------------------------------------------------------------------------------------

