============================================================
  Generated by:           Genus(TM) Synthesis Solution 23.12-s086_1
  Generated on:           Apr 07 2025  01:58:37 pm
  Module:                 cla_16bits
  Operating conditions:   tt_025C_1v80 
  Interconnect mode:      global
  Area mode:              physical library
============================================================

Timing
-------
  Cost    Critical         Violating 
 Group   Path Slack  TNS     Paths   
-------------------------------------
default         0.0   0.0          0 
-------------------------------------
Total                 0.0          0 

Instance Count
--------------
Leaf Instance Count             298 
Physical Instance count           0 
Sequential Instance Count         0 
Combinational Instance Count    298 
Hierarchical Instance Count      72 

Area
----
Cell Area                          1969.389
Physical Cell Area                 0.000
Total Cell Area (Cell+Physical)    1969.389
Net Area                           1487.068
Total Area (Cell+Physical+Net)     3456.457

Max Fanout                         17 (n_41)
Min Fanout                         1 (C[0])
Average Fanout                     1.7
Terms to net ratio                 2.5257
Terms to instance ratio            2.8054
Runtime                            14.877203 seconds
Elapsed Runtime                    15 seconds
Genus peak memory usage            1891.02 
Innovus peak memory usage          no_value 
Hostname                           cadmicro-inf-el8-623207
