============================================================
  Generated by:           Genus(TM) Synthesis Solution 23.12-s086_1
  Generated on:           Apr 07 2025  05:59:46 pm
  Module:                 carry_select_adder_46688_32bits
  Operating conditions:   tt_025C_1v80 
  Interconnect mode:      global
  Area mode:              physical library
============================================================

            Instance                         Module              Cell-Count  Cell-Area  Net-Area   Total-Area 
--------------------------------------------------------------------------------------------------------------
carry_select_adder_46688_32bits NA                                      558   3688.538  2774.863     6463.401 
  CSA_BLOCKS[1].RCA_C0          ripple_carry_adder_WIDTH6                49    272.762   167.338      440.099 
    F1A                         full_adder_24_245                         4     20.019    10.094       30.113 
    full_adder_loop[1].FA       full_adder_239                           11     56.304    33.850       90.154 
    full_adder_loop[2].FA       full_adder_238                           11     57.555    37.157       94.712 
    full_adder_loop[3].FA       full_adder_237                            9     51.299    27.063       78.362 
    full_adder_loop[4].FA       full_adder_236                            7     43.792    16.969       60.761 
    full_adder_loop[5].FA       full_adder_235                            7     43.792    16.969       60.761 
  CSA_BLOCKS[1].RCA_C1          ripple_carry_adder_WIDTH6_3_250          47    297.786   162.204      459.989 
    F1A                         full_adder_52_246                         4     27.526    10.094       37.621 
    full_adder_loop[1].FA       full_adder_227                            9     63.811    28.716       92.527 
    full_adder_loop[2].FA       full_adder_226                           10     55.053    33.763       88.816 
    full_adder_loop[3].FA       full_adder_225                            9     52.550    27.063       79.613 
    full_adder_loop[4].FA       full_adder_224                            8     48.797    20.362       69.159 
    full_adder_loop[5].FA       full_adder_223                            7     50.048    16.969       67.017 
  CSA_BLOCKS[2].RCA_C0          ripple_carry_adder_WIDTH6_249            46    260.250   153.850      414.099 
    F1A                         full_adder_24                             4     20.019    10.094       30.113 
    full_adder_loop[1].FA       full_adder_222                            9     48.797    27.063       75.860 
    full_adder_loop[2].FA       full_adder_221                           11     57.555    37.157       94.712 
    full_adder_loop[3].FA       full_adder_220                            9     50.048    23.756       73.804 
    full_adder_loop[4].FA       full_adder_219                            6     40.038    13.575       53.613 
    full_adder_loop[5].FA       full_adder_218                            7     43.792    16.969       60.761 
  CSA_BLOCKS[2].RCA_C1          ripple_carry_adder_WIDTH6_3              41    251.491   133.574      385.065 
    F1A                         full_adder_52_247                         4     27.526    10.094       37.621 
    full_adder_loop[1].FA       full_adder_217                            6     40.038    15.228       55.267 
    full_adder_loop[2].FA       full_adder_216                           11     56.304    37.157       93.461 
    full_adder_loop[3].FA       full_adder_215                            6     40.038    13.575       53.613 
    full_adder_loop[4].FA       full_adder_214                            7     43.792    16.969       60.761 
    full_adder_loop[5].FA       full_adder_213                            7     43.792    16.969       60.761 
  CSA_BLOCKS[3].RCA_C0          ripple_carry_adder_WIDTH8                56    452.934   196.054      648.988 
    F1A                         full_adder_24_243                         4     22.522    10.094       32.616 
    full_adder_loop[1].FA       full_adder_234                            9     75.072    30.370      105.442 
    full_adder_loop[2].FA       full_adder_233                           10     65.062    33.763       98.826 
    full_adder_loop[3].FA       full_adder_232                            7     57.555    16.969       74.524 
    full_adder_loop[4].FA       full_adder_231                            6     53.802    16.969       70.770 
    full_adder_loop[5].FA       full_adder_230                            6     60.058    13.575       73.633 
    full_adder_loop[6].FA       full_adder_229                            8     65.062    22.016       87.078 
    full_adder_loop[7].FA       full_adder_228                            6     53.802    16.969       70.770 
  CSA_BLOCKS[3].RCA_C1          ripple_carry_adder_WIDTH8_3_252          59    355.341   189.527      544.868 
    F1A                         full_adder_52_248                         4     20.019    10.094       30.113 
    full_adder_loop[1].FA       full_adder_212                            9     55.053    28.716       83.769 
    full_adder_loop[2].FA       full_adder_211                            9     48.797    23.756       72.553 
    full_adder_loop[3].FA       full_adder_210                            9     51.299    23.756       75.055 
    full_adder_loop[4].FA       full_adder_209                            7     43.792    16.969       60.761 
    full_adder_loop[5].FA       full_adder_208                            7     43.792    16.969       60.761 
    full_adder_loop[6].FA       full_adder_207                            7     43.792    16.969       60.761 
    full_adder_loop[7].FA       full_adder_206                            7     48.797    16.969       65.766 
  CSA_BLOCKS[4].RCA_C0          ripple_carry_adder_WIDTH8_251            40    330.317   138.708      469.025 
    F1A                         full_adder_24_244                         1     15.014     0.000       15.014 
    full_adder_loop[1].FA       full_adder_205                           10     56.304    33.763       90.067 
    full_adder_loop[2].FA       full_adder_204                            6     43.792    13.575       57.367 
    full_adder_loop[3].FA       full_adder_203                            6     43.792    13.575       57.367 
    full_adder_loop[4].FA       full_adder_202                            7     51.299    20.362       71.662 
    full_adder_loop[5].FA       full_adder_201                            5     46.294    13.575       59.869 
    full_adder_loop[6].FA       full_adder_200                            4     40.038    10.181       50.220 
    full_adder_loop[7].FA       full_adder_199                            1     33.782     0.000       33.782 
  CSA_BLOCKS[4].RCA_C1          ripple_carry_adder_WIDTH8_3              46    320.307   155.590      475.897 
    F1A                         full_adder_52                             4     20.019    10.094       30.113 
    full_adder_loop[1].FA       full_adder_198                           10     50.048    33.763       83.811 
    full_adder_loop[2].FA       full_adder_197                            6     37.536    13.575       51.111 
    full_adder_loop[3].FA       full_adder_196                            6     51.299    13.575       64.874 
    full_adder_loop[4].FA       full_adder_195                            6     40.038    13.575       53.613 
    full_adder_loop[5].FA       full_adder_194                            7     48.797    20.362       69.159 
    full_adder_loop[6].FA       full_adder_193                            6     38.787    16.969       55.756 
    full_adder_loop[7].FA       full_adder_192                            1     33.782     0.000       33.782 
  RCA_LSB                       ripple_carry_adder_WIDTH4                29    202.694    99.637      302.331 
    F1A                         full_adder                                8     51.299    26.976       78.275 
    full_adder_loop[1].FA       full_adder_242                           10     52.550    33.763       86.314 
    full_adder_loop[2].FA       full_adder_241                            6     37.536    13.575       51.111 
    full_adder_loop[3].FA       full_adder_240                            5     61.309    10.181       71.490 
