============================================================
  Generated by:           Genus(TM) Synthesis Solution 23.12-s086_1
  Generated on:           Apr 07 2025  05:59:46 pm
  Module:                 carry_select_adder_46688_32bits
  Operating conditions:   tt_025C_1v80 
  Interconnect mode:      global
  Area mode:              physical library
============================================================

Timing
-------
  Cost    Critical         Violating 
 Group   Path Slack  TNS     Paths   
-------------------------------------
default         0.0   0.0          0 
-------------------------------------
Total                 0.0          0 

Instance Count
--------------
Leaf Instance Count             558 
Physical Instance count           0 
Sequential Instance Count         0 
Combinational Instance Count    558 
Hierarchical Instance Count      69 

Area
----
Cell Area                          3688.538
Physical Cell Area                 0.000
Total Cell Area (Cell+Physical)    3688.538
Net Area                           2774.863
Total Area (Cell+Physical+Net)     6463.401

Max Fanout                         9 (n_307)
Min Fanout                         1 (C0[4])
Average Fanout                     1.6
Terms to net ratio                 2.4581
Terms to instance ratio            2.7885
Runtime                            20.477506 seconds
Elapsed Runtime                    22 seconds
Genus peak memory usage            1897.63 
Innovus peak memory usage          no_value 
Hostname                           cadmicro-inf-el8-623207
