============================================================
  Generated by:           Genus(TM) Synthesis Solution 23.12-s086_1
  Generated on:           Apr 07 2025  07:04:35 pm
  Module:                 carry_select_adder_68810_32bits
  Operating conditions:   tt_025C_1v80 
  Interconnect mode:      global
  Area mode:              physical library
============================================================

            Instance                         Module              Cell-Count  Cell-Area  Net-Area   Total-Area 
--------------------------------------------------------------------------------------------------------------
carry_select_adder_68810_32bits NA                                      492   3228.096  2506.062     5734.158 
  CSA_BLOCKS[1].RCA_C0          ripple_carry_adder_WIDTH8                59    367.853   194.488      562.340 
    F1A                         full_adder_32_225                         4     20.019    10.094       30.113 
    full_adder_loop[1].FA       full_adder_219                            9     46.294    27.063       73.357 
    full_adder_loop[2].FA       full_adder_218                           11     56.304    37.157       93.461 
    full_adder_loop[3].FA       full_adder_217                            7     43.792    16.969       60.761 
    full_adder_loop[4].FA       full_adder_216                            7     43.792    16.969       60.761 
    full_adder_loop[5].FA       full_adder_215                            7     50.048    16.969       67.017 
    full_adder_loop[6].FA       full_adder_214                            7     53.802    16.969       70.770 
    full_adder_loop[7].FA       full_adder_213                            7     53.802    16.969       70.770 
  CSA_BLOCKS[1].RCA_C1          ripple_carry_adder_WIDTH8_3_228          59    389.123   197.794      586.918 
    F1A                         full_adder_40_226                         4     22.522    10.094       32.616 
    full_adder_loop[1].FA       full_adder_203                            9     63.811    30.370       94.181 
    full_adder_loop[2].FA       full_adder_202                           11     60.058    37.157       97.215 
    full_adder_loop[3].FA       full_adder_201                            7     47.546    16.969       64.514 
    full_adder_loop[4].FA       full_adder_200                            7     50.048    16.969       67.017 
    full_adder_loop[5].FA       full_adder_199                            7     50.048    16.969       67.017 
    full_adder_loop[6].FA       full_adder_198                            7     50.048    16.969       67.017 
    full_adder_loop[7].FA       full_adder_197                            7     45.043    16.969       62.012 
  CSA_BLOCKS[2].RCA_C0          ripple_carry_adder_WIDTH8_227            46    312.800   160.637      473.437 
    F1A                         full_adder_32                             4     20.019    10.094       30.113 
    full_adder_loop[1].FA       full_adder_196                           10     47.546    33.763       81.309 
    full_adder_loop[2].FA       full_adder_195                            6     37.536    13.575       51.111 
    full_adder_loop[3].FA       full_adder_194                            6     37.536    13.575       51.111 
    full_adder_loop[4].FA       full_adder_193                            5     42.541    13.575       56.116 
    full_adder_loop[5].FA       full_adder_192                            5     47.546    13.575       61.121 
    full_adder_loop[6].FA       full_adder_191                            5     42.541    13.575       56.116 
    full_adder_loop[7].FA       full_adder_190                            5     37.536    13.575       51.111 
  CSA_BLOCKS[2].RCA_C1          ripple_carry_adder_WIDTH8_3              44    296.534   140.449      436.983 
    F1A                         full_adder_40                             4     20.019    10.094       30.113 
    full_adder_loop[1].FA       full_adder_189                            8     42.541    20.362       62.903 
    full_adder_loop[2].FA       full_adder_188                            6     40.038    13.575       53.613 
    full_adder_loop[3].FA       full_adder_187                            6     40.038    13.575       53.613 
    full_adder_loop[4].FA       full_adder_186                            6     40.038    13.575       53.613 
    full_adder_loop[5].FA       full_adder_185                            6     43.792    13.575       57.367 
    full_adder_loop[6].FA       full_adder_184                            4     35.034    10.181       45.215 
    full_adder_loop[7].FA       full_adder_183                            4     35.034    10.181       45.215 
  CSA_BLOCKS[3].RCA_C0          ripple_carry_adder_WIDTH10               66    411.645   218.070      629.715 
    F1A                         full_adder_14                             4     22.522    10.094       32.616 
    full_adder_loop[1].FA       full_adder_212                           10     47.546    33.763       81.309 
    full_adder_loop[2].FA       full_adder_211                            9     46.294    27.063       73.357 
    full_adder_loop[3].FA       full_adder_210                            7     41.290    16.969       58.258 
    full_adder_loop[4].FA       full_adder_209                            6     40.038    13.575       53.613 
    full_adder_loop[5].FA       full_adder_208                            6     37.536    13.575       51.111 
    full_adder_loop[6].FA       full_adder_207                            6     40.038    13.575       53.613 
    full_adder_loop[7].FA       full_adder_206                            6     45.043    13.575       58.618 
    full_adder_loop[8].FA       full_adder_205                            6     50.048    13.575       63.623 
    full_adder_loop[9].FA       full_adder_204                            6     41.290    15.228       56.518 
  CSA_BLOCKS[3].RCA_C1          ripple_carry_adder_WIDTH10_1             59    381.616   191.181      572.797 
    F1A                         full_adder_48                             4     22.522    10.094       32.616 
    full_adder_loop[1].FA       full_adder_182                            9     46.294    27.063       73.357 
    full_adder_loop[2].FA       full_adder_181                            6     40.038    13.575       53.613 
    full_adder_loop[3].FA       full_adder_180                            6     40.038    13.575       53.613 
    full_adder_loop[4].FA       full_adder_179                            6     37.536    13.575       51.111 
    full_adder_loop[5].FA       full_adder_178                            6     40.038    13.575       53.613 
    full_adder_loop[6].FA       full_adder_177                            6     37.536    13.575       51.111 
    full_adder_loop[7].FA       full_adder_176                            6     37.536    13.575       51.111 
    full_adder_loop[8].FA       full_adder_175                            5     42.541    13.575       56.116 
    full_adder_loop[9].FA       full_adder_174                            5     37.536    13.575       51.111 
  RCA_LSB                       ripple_carry_adder_WIDTH6                38    260.250   121.740      381.989 
    F1A                         full_adder                                6     40.038    15.228       55.267 
    full_adder_loop[1].FA       full_adder_224                           10     50.048    33.763       83.811 
    full_adder_loop[2].FA       full_adder_223                            6     40.038    13.575       53.613 
    full_adder_loop[3].FA       full_adder_222                            6     40.038    13.575       53.613 
    full_adder_loop[4].FA       full_adder_221                            5     42.541    10.181       52.722 
    full_adder_loop[5].FA       full_adder_220                            5     47.546    10.181       57.727 
