============================================================
  Generated by:           Genus(TM) Synthesis Solution 23.12-s086_1
  Generated on:           Apr 07 2025  06:12:56 pm
  Module:                 carry_select_adder_46814_32bits
  Operating conditions:   tt_025C_1v80 
  Interconnect mode:      global
  Area mode:              physical library
============================================================

Timing
-------
  Cost    Critical         Violating 
 Group   Path Slack  TNS     Paths   
-------------------------------------
default         0.0   0.0          0 
-------------------------------------
Total                 0.0          0 

Instance Count
--------------
Leaf Instance Count             512 
Physical Instance count           0 
Sequential Instance Count         0 
Combinational Instance Count    512 
Hierarchical Instance Count      67 

Area
----
Cell Area                          3515.872
Physical Cell Area                 0.000
Total Cell Area (Cell+Physical)    3515.872
Net Area                           2602.131
Total Area (Cell+Physical+Net)     6118.003

Max Fanout                         15 (n_7)
Min Fanout                         1 (C0[1])
Average Fanout                     1.6
Terms to net ratio                 2.4676
Terms to instance ratio            2.8242
Runtime                            16.545587 seconds
Elapsed Runtime                    19 seconds
Genus peak memory usage            1892.47 
Innovus peak memory usage          no_value 
Hostname                           cadmicro-inf-el8-623207
