============================================================
  Generated by:           Genus(TM) Synthesis Solution 23.12-s086_1
  Generated on:           Apr 07 2025  02:23:13 pm
  Module:                 ripple_carry_adder_16bits
  Operating conditions:   tt_025C_1v80 
  Interconnect mode:      global
  Area mode:              physical library
============================================================

         Instance              Module       Cell-Count  Cell-Area  Net-Area   Total-Area 
-----------------------------------------------------------------------------------------
ripple_carry_adder_16bits NA                       149   1211.162   754.803     1965.965 
  F1A                     full_adder                 5     35.034    13.488       48.522 
  full_adder_loop[10].FA  full_adder_15_24           6     75.072    13.575       88.647 
  full_adder_loop[11].FA  full_adder_15_25           6     71.318    13.575       84.893 
  full_adder_loop[12].FA  full_adder_15_26           7     80.077    20.275      100.352 
  full_adder_loop[13].FA  full_adder_15_27           7     76.323    20.275       96.599 
  full_adder_loop[14].FA  full_adder_15_28          11     86.333    33.850      120.183 
  full_adder_loop[15].FA  full_adder_15             10     65.062    28.803       93.866 
  full_adder_loop[1].FA   full_adder_15_15           9     67.565    27.063       94.628 
  full_adder_loop[2].FA   full_adder_15_16          10     73.821    30.457      104.277 
  full_adder_loop[3].FA   full_adder_15_17           7     60.058    16.969       77.026 
  full_adder_loop[4].FA   full_adder_15_18           7     65.062    16.969       82.031 
  full_adder_loop[5].FA   full_adder_15_19           7     65.062    16.969       82.031 
  full_adder_loop[6].FA   full_adder_15_20           7     65.062    16.969       82.031 
  full_adder_loop[7].FA   full_adder_15_21           6     67.565    13.575       81.140 
  full_adder_loop[8].FA   full_adder_15_22           6     67.565    13.575       81.140 
  full_adder_loop[9].FA   full_adder_15_23           6     70.067    13.575       83.642 
