============================================================
  Generated by:           Genus(TM) Synthesis Solution 23.12-s086_1
  Generated on:           Apr 07 2025  02:23:13 pm
  Module:                 ripple_carry_adder_16bits
  Operating conditions:   tt_025C_1v80 
  Interconnect mode:      global
  Area mode:              physical library
============================================================

Timing
-------
  Cost    Critical         Violating 
 Group   Path Slack  TNS     Paths   
-------------------------------------
default         0.5   0.0          0 
-------------------------------------
Total                 0.0          0 

Instance Count
--------------
Leaf Instance Count             149 
Physical Instance count           0 
Sequential Instance Count         0 
Combinational Instance Count    149 
Hierarchical Instance Count      16 

Area
----
Cell Area                          1211.162
Physical Cell Area                 0.000
Total Cell Area (Cell+Physical)    1211.162
Net Area                           754.803
Total Area (Cell+Physical+Net)     1965.965

Max Fanout                         3 (carry[14])
Min Fanout                         1 (Cout)
Average Fanout                     1.5
Terms to net ratio                 2.2210
Terms to instance ratio            2.6980
Runtime                            14.89484 seconds
Elapsed Runtime                    15 seconds
Genus peak memory usage            1894.10 
Innovus peak memory usage          no_value 
Hostname                           cadmicro-inf-el8-623207
