============================================================
  Generated by:           Genus(TM) Synthesis Solution 23.12-s086_1
  Generated on:           Apr 07 2025  06:52:57 pm
  Module:                 carry_select_adder_68810_32bits
  Operating conditions:   tt_025C_1v80 
  Interconnect mode:      global
  Area mode:              physical library
============================================================

            Instance                         Module              Cell-Count  Cell-Area  Net-Area   Total-Area 
--------------------------------------------------------------------------------------------------------------
carry_select_adder_68810_32bits NA                                      283   2293.450  1697.742     3991.191 
  CSA_BLOCKS[1].RCA_C0          ripple_carry_adder_WIDTH8                32    271.510   101.551      373.062 
    F1A                         full_adder_32_225                         4     20.019    10.094       30.113 
    full_adder_loop[1].FA       full_adder_219                            8     40.038    20.362       60.401 
    full_adder_loop[2].FA       full_adder_218                            1     33.782     0.000       33.782 
    full_adder_loop[3].FA       full_adder_217                            6     35.034    13.575       48.609 
    full_adder_loop[4].FA       full_adder_216                            5     40.038    13.575       53.613 
    full_adder_loop[5].FA       full_adder_215                            6     35.034    13.575       48.609 
    full_adder_loop[6].FA       full_adder_214                            1     33.782     0.000       33.782 
    full_adder_loop[7].FA       full_adder_213                            1     33.782     0.000       33.782 
  CSA_BLOCKS[1].RCA_C1          ripple_carry_adder_WIDTH8_3_228          28    260.250    93.023      353.273 
    F1A                         full_adder_40_226                         4     20.019    10.094       30.113 
    full_adder_loop[1].FA       full_adder_203                            5     33.782    11.835       45.617 
    full_adder_loop[2].FA       full_adder_202                            1     33.782     0.000       33.782 
    full_adder_loop[3].FA       full_adder_201                            5     33.782    10.181       43.964 
    full_adder_loop[4].FA       full_adder_200                            4     35.034    10.181       45.215 
    full_adder_loop[5].FA       full_adder_199                            4     35.034    10.181       45.215 
    full_adder_loop[6].FA       full_adder_198                            4     35.034    10.181       45.215 
    full_adder_loop[7].FA       full_adder_197                            1     33.782     0.000       33.782 
  CSA_BLOCKS[2].RCA_C0          ripple_carry_adder_WIDTH8_227            30    235.226    96.417      331.643 
    F1A                         full_adder_32                             4     20.019    10.094       30.113 
    full_adder_loop[1].FA       full_adder_196                            5     36.285    10.181       46.466 
    full_adder_loop[2].FA       full_adder_195                            5     33.782    10.181       43.964 
    full_adder_loop[3].FA       full_adder_194                            6     35.034    13.575       48.609 
    full_adder_loop[4].FA       full_adder_193                            4     35.034    10.181       45.215 
    full_adder_loop[5].FA       full_adder_192                            4     35.034    10.181       45.215 
    full_adder_loop[6].FA       full_adder_191                            1     20.019     0.000       20.019 
    full_adder_loop[7].FA       full_adder_190                            1     20.019     0.000       20.019 
  CSA_BLOCKS[2].RCA_C1          ripple_carry_adder_WIDTH8_3              34    235.226   106.598      341.824 
    F1A                         full_adder_40                             4     20.019    10.094       30.113 
    full_adder_loop[1].FA       full_adder_189                            8     40.038    20.362       60.401 
    full_adder_loop[2].FA       full_adder_188                            5     33.782    10.181       43.964 
    full_adder_loop[3].FA       full_adder_187                            6     35.034    13.575       48.609 
    full_adder_loop[4].FA       full_adder_186                            5     33.782    10.181       43.964 
    full_adder_loop[5].FA       full_adder_185                            4     32.531    10.181       42.712 
    full_adder_loop[6].FA       full_adder_184                            1     20.019     0.000       20.019 
    full_adder_loop[7].FA       full_adder_183                            1     20.019     0.000       20.019 
  CSA_BLOCKS[3].RCA_C0          ripple_carry_adder_WIDTH10               40    329.066   131.921      460.986 
    F1A                         full_adder_14                             1     25.024     0.000       25.024 
    full_adder_loop[1].FA       full_adder_212                           10     47.546    33.763       81.309 
    full_adder_loop[2].FA       full_adder_211                            6     35.034    13.575       48.609 
    full_adder_loop[3].FA       full_adder_210                            5     40.038    10.181       50.220 
    full_adder_loop[4].FA       full_adder_209                            6     35.034    13.575       48.609 
    full_adder_loop[5].FA       full_adder_208                            5     40.038    10.181       50.220 
    full_adder_loop[6].FA       full_adder_207                            4     32.531    10.181       42.712 
    full_adder_loop[7].FA       full_adder_206                            1     33.782     0.000       33.782 
    full_adder_loop[8].FA       full_adder_205                            1     20.019     0.000       20.019 
    full_adder_loop[9].FA       full_adder_204                            1     20.019     0.000       20.019 
  CSA_BLOCKS[3].RCA_C1          ripple_carry_adder_WIDTH10_1             39    312.800   125.220      438.020 
    F1A                         full_adder_48                             4     20.019    10.094       30.113 
    full_adder_loop[1].FA       full_adder_182                            5     33.782    11.835       45.617 
    full_adder_loop[2].FA       full_adder_181                            6     35.034    13.575       48.609 
    full_adder_loop[3].FA       full_adder_180                            5     40.038    10.181       50.220 
    full_adder_loop[4].FA       full_adder_179                            6     35.034    13.575       48.609 
    full_adder_loop[5].FA       full_adder_178                            5     37.536    13.575       51.111 
    full_adder_loop[6].FA       full_adder_177                            5     37.536    13.575       51.111 
    full_adder_loop[7].FA       full_adder_176                            1     33.782     0.000       33.782 
    full_adder_loop[8].FA       full_adder_175                            1     20.019     0.000       20.019 
    full_adder_loop[9].FA       full_adder_174                            1     20.019     0.000       20.019 
  RCA_LSB                       ripple_carry_adder_WIDTH6                23    215.206    71.095      286.301 
    F1A                         full_adder                                6     33.782    15.228       49.011 
    full_adder_loop[1].FA       full_adder_224                            6     35.034    13.575       48.609 
    full_adder_loop[2].FA       full_adder_223                            5     37.536    13.575       51.111 
    full_adder_loop[3].FA       full_adder_222                            1     33.782     0.000       33.782 
    full_adder_loop[4].FA       full_adder_221                            1     33.782     0.000       33.782 
    full_adder_loop[5].FA       full_adder_220                            4     41.290     6.787       48.077 
