============================================================
  Generated by:           Genus(TM) Synthesis Solution 23.12-s086_1
  Generated on:           Apr 07 2025  04:34:51 pm
  Module:                 signal_32bits
  Operating conditions:   tt_025C_1v80 
  Interconnect mode:      global
  Area mode:              physical library
============================================================

Timing
-------
  Cost    Critical          Violating 
 Group   Path Slack   TNS     Paths   
--------------------------------------
default        -0.3   -0.3          1 
--------------------------------------
Total                 -0.3          1 

Instance Count
--------------
Leaf Instance Count             595 
Physical Instance count           0 
Sequential Instance Count         0 
Combinational Instance Count    595 
Hierarchical Instance Count       0 

Area
----
Cell Area                          4449.267
Physical Cell Area                 0.000
Total Cell Area (Cell+Physical)    4449.267
Net Area                           2993.804
Total Area (Cell+Physical+Net)     7443.071

Max Fanout                         8 (addinc_add_7_30_n_364)
Min Fanout                         1 (n_38)
Average Fanout                     1.7
Terms to net ratio                 2.5439
Terms to instance ratio            2.8218
Runtime                            71.356923 seconds
Elapsed Runtime                    74 seconds
Genus peak memory usage            2043.45 
Innovus peak memory usage          no_value 
Hostname                           cadmicro-inf-el8-623207
