============================================================
  Generated by:           Genus(TM) Synthesis Solution 23.12-s086_1
  Generated on:           Apr 07 2025  04:46:19 pm
  Module:                 carry_bypass8_32bits
  Operating conditions:   tt_025C_1v80 
  Interconnect mode:      global
  Area mode:              physical library
============================================================

Timing
-------
  Cost    Critical           Violating 
 Group   Path Slack   TNS      Paths   
---------------------------------------
default       -37.6   -74.4          2 
---------------------------------------
Total                 -74.4          2 

Instance Count
--------------
Leaf Instance Count             372 
Physical Instance count           0 
Sequential Instance Count         0 
Combinational Instance Count    372 
Hierarchical Instance Count      36 

Area
----
Cell Area                          3052.928
Physical Cell Area                 0.000
Total Cell Area (Cell+Physical)    3052.928
Net Area                           1893.099
Total Area (Cell+Physical+Net)     4946.027

Max Fanout                         4 (n_0)
Min Fanout                         1 (Cout)
Average Fanout                     1.6
Terms to net ratio                 2.3638
Terms to instance ratio            2.7769
Runtime                            34.582254000000006 seconds
Elapsed Runtime                    36 seconds
Genus peak memory usage            1900.54 
Innovus peak memory usage          no_value 
Hostname                           cadmicro-inf-el8-623207
