============================================================
  Generated by:           Genus(TM) Synthesis Solution 23.12-s086_1
  Generated on:           Apr 07 2025  04:46:19 pm
  Module:                 carry_bypass8_32bits
  Operating conditions:   tt_025C_1v80 
  Interconnect mode:      global
  Area mode:              physical library
============================================================

       Instance           Module     Cell-Count  Cell-Area  Net-Area   Total-Area 
----------------------------------------------------------------------------------
carry_bypass8_32bits  NA                    372   3052.928  1893.099     4946.027 
  BPS1                bypass8                80    675.648   267.410      943.058 
    FA1               full_adder              7     53.802    18.622       72.424 
    FA2               full_adder_96          11     75.072    37.157      112.229 
    FA3               full_adder_95          10     73.821    30.457      104.277 
    FA4               full_adder_94           7     65.062    16.969       82.031 
    FA5               full_adder_93           7     65.062    16.969       82.031 
    FA6               full_adder_92           7     65.062    16.969       82.031 
    FA7               full_adder_91           8     68.816    22.016       90.832 
    FA8               full_adder_90           7     65.062    16.969       82.031 
  bypass_loop[1].BPS2 bypass8_7              77    679.402   255.575      934.977 
    FA1               full_adder_89           8     68.816    22.016       90.832 
    FA2               full_adder_88           8     68.816    22.016       90.832 
    FA3               full_adder_87           8     68.816    22.016       90.832 
    FA4               full_adder_86           8     68.816    22.016       90.832 
    FA5               full_adder_85           8     68.816    22.016       90.832 
    FA6               full_adder_84           8     68.816    22.016       90.832 
    FA7               full_adder_83           8     68.816    22.016       90.832 
    FA8               full_adder_82           7     65.062    16.969       82.031 
  bypass_loop[2].BPS2 bypass8_6              71    694.416   235.212      929.628 
    FA1               full_adder_81           8     68.816    22.016       90.832 
    FA2               full_adder_80           8     68.816    22.016       90.832 
    FA3               full_adder_79           7     71.318    18.622       89.940 
    FA4               full_adder_78           7     71.318    18.622       89.940 
    FA5               full_adder_77           7     71.318    18.622       89.940 
    FA6               full_adder_76           7     71.318    18.622       89.940 
    FA7               full_adder_75           7     71.318    18.622       89.940 
    FA8               full_adder_74           6     67.565    13.575       81.140 
  bypass_loop[3].BPS2 bypass8_5              75    719.440   263.668      983.108 
    FA1               full_adder_73           7     66.314    20.275       86.589 
    FA2               full_adder_72           7     66.314    20.275       86.589 
    FA3               full_adder_71           7     66.314    20.275       86.589 
    FA4               full_adder_70           7     71.318    20.275       91.594 
    FA5               full_adder_69           7     67.565    20.275       87.840 
    FA6               full_adder_68           7     76.323    20.275       96.599 
    FA7               full_adder_67           9     76.323    27.063      103.386 
    FA8               full_adder_66           9     85.082    25.410      110.491 
