============================================================
  Generated by:           Genus(TM) Synthesis Solution 23.12-s086_1
  Generated on:           Apr 07 2025  02:21:01 pm
  Module:                 ripple_carry_adder_16bits
  Operating conditions:   tt_025C_1v80 
  Interconnect mode:      global
  Area mode:              physical library
============================================================

         Instance              Module       Cell-Count  Cell-Area  Net-Area   Total-Area 
-----------------------------------------------------------------------------------------
ripple_carry_adder_16bits NA                       112    721.942   619.402     1341.344 
  F1A                     full_adder                 6     30.029    16.882       46.910 
  full_adder_loop[10].FA  full_adder_15_24           5     37.536    10.181       47.717 
  full_adder_loop[11].FA  full_adder_15_25           5     37.536    10.181       47.717 
  full_adder_loop[12].FA  full_adder_15_26           4     45.043     6.787       51.831 
  full_adder_loop[13].FA  full_adder_15_27           5     46.294    10.181       56.476 
  full_adder_loop[14].FA  full_adder_15_28           5     50.048    10.181       60.229 
  full_adder_loop[15].FA  full_adder_15              5     51.299    15.228       66.528 
  full_adder_loop[1].FA   full_adder_15_15           8     45.043    20.362       65.406 
  full_adder_loop[2].FA   full_adder_15_16          10     52.550    33.763       86.314 
  full_adder_loop[3].FA   full_adder_15_17           6     37.536    13.575       51.111 
  full_adder_loop[4].FA   full_adder_15_18           6     40.038    13.575       53.613 
  full_adder_loop[5].FA   full_adder_15_19           6     35.034    13.575       48.609 
  full_adder_loop[6].FA   full_adder_15_20           6     37.536    13.575       51.111 
  full_adder_loop[7].FA   full_adder_15_21           6     35.034    13.575       48.609 
  full_adder_loop[8].FA   full_adder_15_22           6     37.536    13.575       51.111 
  full_adder_loop[9].FA   full_adder_15_23           6     40.038    13.575       53.613 
