============================================================
  Generated by:           Genus(TM) Synthesis Solution 23.12-s086_1
  Generated on:           Apr 07 2025  02:21:01 pm
  Module:                 ripple_carry_adder_16bits
  Operating conditions:   tt_025C_1v80 
  Interconnect mode:      global
  Area mode:              physical library
============================================================

Timing
-------
  Cost    Critical         Violating 
 Group   Path Slack  TNS     Paths   
-------------------------------------
default         0.7   0.0          0 
-------------------------------------
Total                 0.0          0 

Instance Count
--------------
Leaf Instance Count             112 
Physical Instance count           0 
Sequential Instance Count         0 
Combinational Instance Count    112 
Hierarchical Instance Count      16 

Area
----
Cell Area                          721.942
Physical Cell Area                 0.000
Total Cell Area (Cell+Physical)    721.942
Net Area                           619.402
Total Area (Cell+Physical+Net)     1341.344

Max Fanout                         3 (carry[14])
Min Fanout                         1 (Cout)
Average Fanout                     1.5
Terms to net ratio                 2.2069
Terms to instance ratio            2.8571
Runtime                            12.893823 seconds
Elapsed Runtime                    13 seconds
Genus peak memory usage            1888.72 
Innovus peak memory usage          no_value 
Hostname                           cadmicro-inf-el8-623207
