============================================================
  Generated by:           Genus(TM) Synthesis Solution 23.12-s086_1
  Generated on:           Apr 07 2025  07:13:28 pm
  Module:                 carry_select_adder_461012_32bits
  Operating conditions:   tt_025C_1v80 
  Interconnect mode:      global
  Area mode:              physical library
============================================================

Timing
-------
  Cost    Critical           Violating 
 Group   Path Slack   TNS      Paths   
---------------------------------------
default        -8.4   -29.5          6 
---------------------------------------
Total                 -29.5          6 

Instance Count
--------------
Leaf Instance Count             619 
Physical Instance count           0 
Sequential Instance Count         0 
Combinational Instance Count    619 
Hierarchical Instance Count      67 

Area
----
Cell Area                          4473.040
Physical Cell Area                 0.000
Total Cell Area (Cell+Physical)    4473.040
Net Area                           2989.539
Total Area (Cell+Physical+Net)     7462.579

Max Fanout                         11 (n_398)
Min Fanout                         1 (C0[1])
Average Fanout                     1.6
Terms to net ratio                 2.4396
Terms to instance ratio            2.7076
Runtime                            33.506564 seconds
Elapsed Runtime                    36 seconds
Genus peak memory usage            1902.38 
Innovus peak memory usage          no_value 
Hostname                           cadmicro-inf-el8-623207
