============================================================
  Generated by:           Genus(TM) Synthesis Solution 23.12-s086_1
  Generated on:           Apr 07 2025  07:13:28 pm
  Module:                 carry_select_adder_461012_32bits
  Operating conditions:   tt_025C_1v80 
  Interconnect mode:      global
  Area mode:              physical library
============================================================

            Instance                        Module             Cell-Count  Cell-Area  Net-Area   Total-Area 
------------------------------------------------------------------------------------------------------------
carry_select_adder_461012_32bits NA                                   619   4473.040  2989.539     7462.579 
  CSA_BLOCKS[1].RCA_C0           ripple_carry_adder_WIDTH6             38    237.728   123.393      361.121 
    F1A                          full_adder_4                           4     20.019    10.094       30.113 
    full_adder_loop[1].FA        full_adder_227                        10     57.555    33.763       91.319 
    full_adder_loop[2].FA        full_adder_226                         6     42.541    13.575       56.116 
    full_adder_loop[3].FA        full_adder_225                         6     42.541    13.575       56.116 
    full_adder_loop[4].FA        full_adder_224                         6     40.038    13.575       53.613 
    full_adder_loop[5].FA        full_adder_223                         6     35.034    13.575       48.609 
  CSA_BLOCKS[1].RCA_C1           ripple_carry_adder_WIDTH6_1           40    232.723   130.181      362.904 
    F1A                          full_adder_48_233                      4     20.019    10.094       30.113 
    full_adder_loop[1].FA        full_adder_202                         9     46.294    27.063       73.357 
    full_adder_loop[2].FA        full_adder_201                         9     51.299    27.063       78.362 
    full_adder_loop[3].FA        full_adder_200                         6     40.038    13.575       53.613 
    full_adder_loop[4].FA        full_adder_199                         6     40.038    13.575       53.613 
    full_adder_loop[5].FA        full_adder_198                         6     35.034    13.575       48.609 
  CSA_BLOCKS[2].RCA_C0           ripple_carry_adder_WIDTH10            81    644.368   277.243      921.611 
    F1A                          full_adder_4_232                       4     26.275    10.094       36.369 
    full_adder_loop[1].FA        full_adder_222                        11     78.826    37.157      115.983 
    full_adder_loop[2].FA        full_adder_221                        11     73.821    37.157      110.978 
    full_adder_loop[3].FA        full_adder_220                         9     72.570    27.063       99.633 
    full_adder_loop[4].FA        full_adder_219                         8     68.816    20.362       89.178 
    full_adder_loop[5].FA        full_adder_218                         7     62.560    16.969       79.529 
    full_adder_loop[6].FA        full_adder_217                         8     66.314    22.016       88.329 
    full_adder_loop[7].FA        full_adder_216                         8     66.314    22.016       88.329 
    full_adder_loop[8].FA        full_adder_215                         8     66.314    22.016       88.329 
    full_adder_loop[9].FA        full_adder_214                         7     62.560    16.969       79.529 
  CSA_BLOCKS[2].RCA_C1           ripple_carry_adder_WIDTH10_1          85    671.894   294.124      966.019 
    F1A                          full_adder_48_234                      5     27.526    13.488       41.014 
    full_adder_loop[1].FA        full_adder_197                        11     80.077    37.157      117.234 
    full_adder_loop[2].FA        full_adder_196                        11     77.574    37.157      114.732 
    full_adder_loop[3].FA        full_adder_195                        10     73.821    30.457      104.277 
    full_adder_loop[4].FA        full_adder_194                         8     68.816    20.362       89.178 
    full_adder_loop[5].FA        full_adder_193                         7     65.062    16.969       82.031 
    full_adder_loop[6].FA        full_adder_192                         8     68.816    22.016       90.832 
    full_adder_loop[7].FA        full_adder_191                         8     68.816    22.016       90.832 
    full_adder_loop[8].FA        full_adder_190                         8     68.816    22.016       90.832 
    full_adder_loop[9].FA        full_adder_189                         9     72.570    27.063       99.633 
  CSA_BLOCKS[3].RCA_C0           ripple_carry_adder_WIDTH12            94    756.976   324.494     1081.470 
    F1A                          full_adder_4_231                       4     28.778    10.094       38.872 
    full_adder_loop[10].FA       full_adder_204                         6     60.058    15.228       75.286 
    full_adder_loop[11].FA       full_adder_203                         7     41.290    18.622       59.912 
    full_adder_loop[1].FA        full_adder_213                        11     83.830    37.157      120.988 
    full_adder_loop[2].FA        full_adder_212                        11     72.570    37.157      109.727 
    full_adder_loop[3].FA        full_adder_211                         8     68.816    20.362       89.178 
    full_adder_loop[4].FA        full_adder_210                         7     68.816    16.969       85.785 
    full_adder_loop[5].FA        full_adder_209                         9     76.323    27.063      103.386 
    full_adder_loop[6].FA        full_adder_208                         8     61.309    22.016       83.325 
    full_adder_loop[7].FA        full_adder_207                         7     61.309    16.969       78.278 
    full_adder_loop[8].FA        full_adder_206                         7     62.560    16.969       79.529 
    full_adder_loop[9].FA        full_adder_205                         9     71.318    27.063       98.381 
  CSA_BLOCKS[3].RCA_C1           ripple_carry_adder_WIDTH12_1         100    756.976   344.944     1101.920 
    F1A                          full_adder_48                          6     37.536    16.882       54.418 
    full_adder_loop[10].FA       full_adder_179                         6     56.304    16.969       73.273 
    full_adder_loop[11].FA       full_adder_178                        10     61.309    28.803       90.112 
    full_adder_loop[1].FA        full_adder_188                        12     77.574    40.551      118.125 
    full_adder_loop[2].FA        full_adder_187                        11     67.565    37.157      104.722 
    full_adder_loop[3].FA        full_adder_186                         8     58.806    20.362       79.169 
    full_adder_loop[4].FA        full_adder_185                         7     60.058    16.969       77.026 
    full_adder_loop[5].FA        full_adder_184                         7     60.058    16.969       77.026 
    full_adder_loop[6].FA        full_adder_183                         8     68.816    22.016       90.832 
    full_adder_loop[7].FA        full_adder_182                         9     72.570    27.063       99.633 
    full_adder_loop[8].FA        full_adder_181                         9     72.570    27.063       99.633 
    full_adder_loop[9].FA        full_adder_180                         7     63.811    16.969       80.780 
  RCA_LSB                        ripple_carry_adder_WIDTH4             24    171.414    79.535      250.950 
    F1A                          full_adder                             7     45.043    20.275       65.319 
    full_adder_loop[1].FA        full_adder_230                         6     35.034    13.575       48.609 
    full_adder_loop[2].FA        full_adder_229                         5     40.038    13.575       53.613 
    full_adder_loop[3].FA        full_adder_228                         6     51.299    16.969       68.268 
