============================================================
  Generated by:           Genus(TM) Synthesis Solution 23.12-s086_1
  Generated on:           Apr 07 2025  02:48:26 pm
  Module:                 kogge_stone_32bits
  Operating conditions:   tt_025C_1v80 
  Interconnect mode:      global
  Area mode:              physical library
============================================================

Timing
-------
  Cost    Critical            Violating 
 Group   Path Slack    TNS      Paths   
----------------------------------------
default       -52.9   -762.5         17 
----------------------------------------
Total                 -762.5         17 

Instance Count
--------------
Leaf Instance Count             999 
Physical Instance count           0 
Sequential Instance Count         0 
Combinational Instance Count    999 
Hierarchical Instance Count     515 

Area
----
Cell Area                          7385.834
Physical Cell Area                 0.000
Total Cell Area (Cell+Physical)    7385.834
Net Area                           4649.253
Total Area (Cell+Physical+Net)     12035.087

Max Fanout                         11 (n_104)
Min Fanout                         1 (C[0])
Average Fanout                     1.6
Terms to net ratio                 2.5019
Terms to instance ratio            2.6647
Runtime                            36.699498 seconds
Elapsed Runtime                    38 seconds
Genus peak memory usage            1905.56 
Innovus peak memory usage          no_value 
Hostname                           cadmicro-inf-el8-623207
