Hinst Name                Module Name          Inst Count           Total Area               Buffer             Inverter        Combinational                 Flop                Latch           Clock Gate                Macro             Physical
---------------------------------------------------------------------------------------------------------------------------------------------------------------------------------------------------------------------------------------------------------------
carry_skip4_32bits                                    747             4723.280               98.845               96.342             2601.245                0.000                0.000                0.000                0.000             1926.848
  CSKIP1                  skip4                        41              394.128               11.261               43.792              339.075                0.000                0.000                0.000                0.000                0.000
    CSKIP1/FA1            full_adder                    7               90.086                3.754               16.266               70.067                0.000                0.000                0.000                0.000                0.000
    CSKIP1/FA2            full_adder_100                8               65.062                0.000                7.507               57.555                0.000                0.000                0.000                0.000                0.000
    CSKIP1/FA3            full_adder_99                 8               65.062                0.000                7.507               57.555                0.000                0.000                0.000                0.000                0.000
    CSKIP1/FA4            full_adder_98                 6               57.555                0.000                0.000               57.555                0.000                0.000                0.000                0.000                0.000
  skip_loop[1].CSKIP2     skip4_107                    34              310.298                7.507                3.754              299.037                0.000                0.000                0.000                0.000                0.000
    skip_loop[1].CSKIP2/FA1 full_adder_97                 6               60.058                0.000                0.000               60.058                0.000                0.000                0.000                0.000                0.000
    skip_loop[1].CSKIP2/FA2 full_adder_96                 6               60.058                0.000                0.000               60.058                0.000                0.000                0.000                0.000                0.000
    skip_loop[1].CSKIP2/FA3 full_adder_95                 6               60.058                0.000                0.000               60.058                0.000                0.000                0.000                0.000                0.000
    skip_loop[1].CSKIP2/FA4 full_adder_94                 6               55.053                0.000                0.000               55.053                0.000                0.000                0.000                0.000                0.000
  skip_loop[2].CSKIP2     skip4_106                    33              316.554                3.754                5.005              307.795                0.000                0.000                0.000                0.000                0.000
    skip_loop[2].CSKIP2/FA1 full_adder_93                 6               60.058                0.000                0.000               60.058                0.000                0.000                0.000                0.000                0.000
    skip_loop[2].CSKIP2/FA2 full_adder_92                 6               60.058                0.000                0.000               60.058                0.000                0.000                0.000                0.000                0.000
    skip_loop[2].CSKIP2/FA3 full_adder_91                 6               60.058                0.000                0.000               60.058                0.000                0.000                0.000                0.000                0.000
    skip_loop[2].CSKIP2/FA4 full_adder_90                 6               55.053                0.000                0.000               55.053                0.000                0.000                0.000                0.000                0.000
  skip_loop[3].CSKIP2     skip4_105                    34              319.056                7.507                3.754              307.795                0.000                0.000                0.000                0.000                0.000
    skip_loop[3].CSKIP2/FA1 full_adder_89                 6               60.058                0.000                0.000               60.058                0.000                0.000                0.000                0.000                0.000
    skip_loop[3].CSKIP2/FA2 full_adder_88                 6               60.058                0.000                0.000               60.058                0.000                0.000                0.000                0.000                0.000
    skip_loop[3].CSKIP2/FA3 full_adder_87                 6               60.058                0.000                0.000               60.058                0.000                0.000                0.000                0.000                0.000
    skip_loop[3].CSKIP2/FA4 full_adder_86                 6               55.053                0.000                0.000               55.053                0.000                0.000                0.000                0.000                0.000
  skip_loop[4].CSKIP2     skip4_104                    32              331.568                3.754                8.758              319.056                0.000                0.000                0.000                0.000                0.000
    skip_loop[4].CSKIP2/FA1 full_adder_85                 6               60.058                0.000                0.000               60.058                0.000                0.000                0.000                0.000                0.000
    skip_loop[4].CSKIP2/FA2 full_adder_84                 6               60.058                0.000                0.000               60.058                0.000                0.000                0.000                0.000                0.000
    skip_loop[4].CSKIP2/FA3 full_adder_83                 6               60.058                0.000                0.000               60.058                0.000                0.000                0.000                0.000                0.000
    skip_loop[4].CSKIP2/FA4 full_adder_82                 5               66.314                0.000                0.000               66.314                0.000                0.000                0.000                0.000                0.000
  skip_loop[5].CSKIP2     skip4_103                    30              326.563                7.507                5.005              314.051                0.000                0.000                0.000                0.000                0.000
    skip_loop[5].CSKIP2/FA1 full_adder_81                 5               62.560                0.000                0.000               62.560                0.000                0.000                0.000                0.000                0.000
    skip_loop[5].CSKIP2/FA2 full_adder_80                 5               62.560                0.000                0.000               62.560                0.000                0.000                0.000                0.000                0.000
    skip_loop[5].CSKIP2/FA3 full_adder_79                 5               62.560                0.000                0.000               62.560                0.000                0.000                0.000                0.000                0.000
    skip_loop[5].CSKIP2/FA4 full_adder_78                 5               62.560                0.000                0.000               62.560                0.000                0.000                0.000                0.000                0.000
  skip_loop[6].CSKIP2     skip4_102                    31              322.810                3.754                3.754              315.302                0.000                0.000                0.000                0.000                0.000
    skip_loop[6].CSKIP2/FA1 full_adder_77                 6               62.560                0.000                0.000               62.560                0.000                0.000                0.000                0.000                0.000
    skip_loop[6].CSKIP2/FA2 full_adder_76                 6               61.309                0.000                0.000               61.309                0.000                0.000                0.000                0.000                0.000
    skip_loop[6].CSKIP2/FA3 full_adder_75                 5               66.314                0.000                0.000               66.314                0.000                0.000                0.000                0.000                0.000
    skip_loop[6].CSKIP2/FA4 full_adder_74                 5               61.309                0.000                0.000               61.309                0.000                0.000                0.000                0.000                0.000
  skip_loop[7].CSKIP2     skip4_101                    42              425.408                3.754               22.522              399.133                0.000                0.000                0.000                0.000                0.000
    skip_loop[7].CSKIP2/FA1 full_adder_73                 6               71.318                0.000                0.000               71.318                0.000                0.000                0.000                0.000                0.000
    skip_loop[7].CSKIP2/FA2 full_adder_72                 9               76.323                0.000                3.754               72.570                0.000                0.000                0.000                0.000                0.000
    skip_loop[7].CSKIP2/FA3 full_adder_71                 9              100.096                0.000                5.005               95.091                0.000                0.000                0.000                0.000                0.000
    skip_loop[7].CSKIP2/FA4 full_adder_70                 9              100.096                0.000                5.005               95.091                0.000                0.000                0.000                0.000                0.000
