    Hinst Name            Module Name          Inst Count           Total Area
---------------------------------------------------------------------------
carry_skip4_32bits                                    290             2796.432
  CSKIP1                  skip4                        41              394.128
    CSKIP1/FA1            full_adder                    7               90.086
    CSKIP1/FA2            full_adder_100                8               65.062
    CSKIP1/FA3            full_adder_99                 8               65.062
    CSKIP1/FA4            full_adder_98                 6               57.555
  skip_loop[1].CSKIP2     skip4_107                    34              310.298
    skip_loop[1].CSKIP2/FA1 full_adder_97                 6               60.058
    skip_loop[1].CSKIP2/FA2 full_adder_96                 6               60.058
    skip_loop[1].CSKIP2/FA3 full_adder_95                 6               60.058
    skip_loop[1].CSKIP2/FA4 full_adder_94                 6               55.053
  skip_loop[2].CSKIP2     skip4_106                    33              316.554
    skip_loop[2].CSKIP2/FA1 full_adder_93                 6               60.058
    skip_loop[2].CSKIP2/FA2 full_adder_92                 6               60.058
    skip_loop[2].CSKIP2/FA3 full_adder_91                 6               60.058
    skip_loop[2].CSKIP2/FA4 full_adder_90                 6               55.053
  skip_loop[3].CSKIP2     skip4_105                    34              319.056
    skip_loop[3].CSKIP2/FA1 full_adder_89                 6               60.058
    skip_loop[3].CSKIP2/FA2 full_adder_88                 6               60.058
    skip_loop[3].CSKIP2/FA3 full_adder_87                 6               60.058
    skip_loop[3].CSKIP2/FA4 full_adder_86                 6               55.053
  skip_loop[4].CSKIP2     skip4_104                    32              331.568
    skip_loop[4].CSKIP2/FA1 full_adder_85                 6               60.058
    skip_loop[4].CSKIP2/FA2 full_adder_84                 6               60.058
    skip_loop[4].CSKIP2/FA3 full_adder_83                 6               60.058
    skip_loop[4].CSKIP2/FA4 full_adder_82                 5               66.314
  skip_loop[5].CSKIP2     skip4_103                    30              326.563
    skip_loop[5].CSKIP2/FA1 full_adder_81                 5               62.560
    skip_loop[5].CSKIP2/FA2 full_adder_80                 5               62.560
    skip_loop[5].CSKIP2/FA3 full_adder_79                 5               62.560
    skip_loop[5].CSKIP2/FA4 full_adder_78                 5               62.560
  skip_loop[6].CSKIP2     skip4_102                    31              322.810
    skip_loop[6].CSKIP2/FA1 full_adder_77                 6               62.560
    skip_loop[6].CSKIP2/FA2 full_adder_76                 6               61.309
    skip_loop[6].CSKIP2/FA3 full_adder_75                 5               66.314
    skip_loop[6].CSKIP2/FA4 full_adder_74                 5               61.309
  skip_loop[7].CSKIP2     skip4_101                    42              425.408
    skip_loop[7].CSKIP2/FA1 full_adder_73                 6               71.318
    skip_loop[7].CSKIP2/FA2 full_adder_72                 9               76.323
    skip_loop[7].CSKIP2/FA3 full_adder_71                 9              100.096
    skip_loop[7].CSKIP2/FA4 full_adder_70                 9              100.096
