###############################################################
#  Generated by:      Cadence Innovus 23.32-s091_1
#  OS:                Linux x86_64(Host ID cadmicro-inf-el8-623207)
#  Generated on:      Mon Apr  7 17:24:32 2025
#  Design:            carry_skip4_32bits
#  Command:           report_timing > reports/report_timing.rpt
###############################################################
Path 1: VIOLATED Path Delay Check
Endpoint:   Cout (v)
Beginpoint: A[0] (v) triggered by  leading edge of '@'
Path Groups: {default}
Analysis View: default_emulate_view
- External Delay                0.000
+ Path Delay                    4.730
= Required Time                 4.730
- Arrival Time                  4.873
= Slack Time                   -0.143
     Clock Rise Edge                      0.000
     + Input Delay                        0.000
     = Beginpoint Arrival Time            0.000
     +-----------------------------------------------------------------------------------------------------------+ 
     |              Instance              |     Arc     |           Cell            | Delay | Arrival | Required | 
     |                                    |             |                           |       |  Time   |   Time   | 
     |------------------------------------+-------------+---------------------------+-------+---------+----------| 
     |                                    | A[0] v      |                           |       |   0.000 |   -0.143 | 
     | CSKIP1/FA1/g194__6260              | A v -> Y ^  | sky130_fd_sc_hd__nor2_8   | 0.330 |   0.330 |    0.187 | 
     | CSKIP1/FA1/g191__2398              | A2 ^ -> Y v | sky130_fd_sc_hd__o21ai_2  | 0.104 |   0.434 |    0.291 | 
     | CSKIP1/FA2/g14                     | A v -> Y ^  | sky130_fd_sc_hd__nand2_4  | 0.075 |   0.509 |    0.366 | 
     | CSKIP1/FA2/g122__5526              | A ^ -> Y v  | sky130_fd_sc_hd__nand2_4  | 0.053 |   0.562 |    0.420 | 
     | CSKIP1/FA3/g124__7098              | A v -> Y ^  | sky130_fd_sc_hd__nand2_4  | 0.065 |   0.627 |    0.484 | 
     | CSKIP1/FA3/g122__5122              | A ^ -> Y v  | sky130_fd_sc_hd__nand2_4  | 0.052 |   0.679 |    0.536 | 
     | CSKIP1/FA4/g124__6161              | A v -> Y ^  | sky130_fd_sc_hd__nand2_4  | 0.066 |   0.745 |    0.602 | 
     | CSKIP1/FA4/g122__7482              | A ^ -> Y v  | sky130_fd_sc_hd__nand2_4  | 0.050 |   0.794 |    0.652 | 
     | CSKIP1/g61                         | A v -> Y ^  | sky130_fd_sc_hd__clkinv_4 | 0.049 |   0.843 |    0.700 | 
     | CSKIP1/g55                         | A ^ -> Y v  | sky130_fd_sc_hd__nand2_4  | 0.046 |   0.889 |    0.747 | 
     | skip_loop[1].CSKIP2/FA1/g124__8428 | A v -> Y ^  | sky130_fd_sc_hd__nand2_4  | 0.058 |   0.947 |    0.805 | 
     | skip_loop[1].CSKIP2/FA1/g122__6260 | A ^ -> Y v  | sky130_fd_sc_hd__nand2_4  | 0.055 |   1.002 |    0.859 | 
     | skip_loop[1].CSKIP2/FA2/g124__1705 | A v -> Y ^  | sky130_fd_sc_hd__nand2_4  | 0.066 |   1.068 |    0.926 | 
     | skip_loop[1].CSKIP2/FA2/g122__1617 | A ^ -> Y v  | sky130_fd_sc_hd__nand2_4  | 0.052 |   1.120 |    0.978 | 
     | skip_loop[1].CSKIP2/FA3/g124__5115 | A v -> Y ^  | sky130_fd_sc_hd__nand2_4  | 0.064 |   1.184 |    1.041 | 
     | skip_loop[1].CSKIP2/FA3/g122__6131 | A ^ -> Y v  | sky130_fd_sc_hd__nand2_4  | 0.051 |   1.236 |    1.093 | 
     | skip_loop[1].CSKIP2/FA4/g124__2883 | A v -> Y ^  | sky130_fd_sc_hd__nand2_4  | 0.054 |   1.290 |    1.147 | 
     | skip_loop[1].CSKIP2/FA4/g122__9315 | A ^ -> Y v  | sky130_fd_sc_hd__nand2_2  | 0.043 |   1.332 |    1.189 | 
     | skip_loop[1].CSKIP2/g37            | A v -> Y ^  | sky130_fd_sc_hd__inv_2    | 0.064 |   1.397 |    1.254 | 
     | skip_loop[1].CSKIP2/g159           | A ^ -> Y v  | sky130_fd_sc_hd__nand2_4  | 0.060 |   1.457 |    1.314 | 
     | skip_loop[2].CSKIP2/FA1/g124__3680 | A v -> Y ^  | sky130_fd_sc_hd__nand2_4  | 0.062 |   1.518 |    1.376 | 
     | skip_loop[2].CSKIP2/FA1/g122__5526 | A ^ -> Y v  | sky130_fd_sc_hd__nand2_4  | 0.052 |   1.570 |    1.427 | 
     | skip_loop[2].CSKIP2/FA2/g124__7098 | A v -> Y ^  | sky130_fd_sc_hd__nand2_4  | 0.064 |   1.634 |    1.491 | 
     | skip_loop[2].CSKIP2/FA2/g122__5122 | A ^ -> Y v  | sky130_fd_sc_hd__nand2_4  | 0.056 |   1.690 |    1.547 | 
     | skip_loop[2].CSKIP2/FA3/g124__6161 | A v -> Y ^  | sky130_fd_sc_hd__nand2_4  | 0.066 |   1.755 |    1.613 | 
     | skip_loop[2].CSKIP2/FA3/g122__7482 | A ^ -> Y v  | sky130_fd_sc_hd__nand2_4  | 0.054 |   1.809 |    1.667 | 
     | skip_loop[2].CSKIP2/FA4/g124__7410 | A v -> Y ^  | sky130_fd_sc_hd__nand2_4  | 0.057 |   1.866 |    1.723 | 
     | skip_loop[2].CSKIP2/FA4/g122__2346 | A ^ -> Y v  | sky130_fd_sc_hd__nand2_2  | 0.045 |   1.911 |    1.768 | 
     | skip_loop[2].CSKIP2/g37            | A v -> Y ^  | sky130_fd_sc_hd__clkinv_2 | 0.059 |   1.970 |    1.827 | 
     | skip_loop[2].CSKIP2/g159           | A ^ -> Y v  | sky130_fd_sc_hd__nand2_4  | 0.049 |   2.018 |    1.875 | 
     | skip_loop[3].CSKIP2/FA1/g124__1705 | A v -> Y ^  | sky130_fd_sc_hd__nand2_4  | 0.055 |   2.073 |    1.930 | 
     | skip_loop[3].CSKIP2/FA1/g122__1617 | A ^ -> Y v  | sky130_fd_sc_hd__nand2_4  | 0.052 |   2.125 |    1.983 | 
     | skip_loop[3].CSKIP2/FA2/g124__5115 | A v -> Y ^  | sky130_fd_sc_hd__nand2_4  | 0.064 |   2.189 |    2.047 | 
     | skip_loop[3].CSKIP2/FA2/g122__6131 | A ^ -> Y v  | sky130_fd_sc_hd__nand2_4  | 0.054 |   2.244 |    2.101 | 
     | skip_loop[3].CSKIP2/FA3/g124__2883 | A v -> Y ^  | sky130_fd_sc_hd__nand2_4  | 0.068 |   2.312 |    2.169 | 
     | skip_loop[3].CSKIP2/FA3/g122__9315 | A ^ -> Y v  | sky130_fd_sc_hd__nand2_4  | 0.052 |   2.364 |    2.221 | 
     | skip_loop[3].CSKIP2/FA4/g124__2398 | A v -> Y ^  | sky130_fd_sc_hd__nand2_4  | 0.053 |   2.417 |    2.275 | 
     | skip_loop[3].CSKIP2/FA4/g122__6417 | A ^ -> Y v  | sky130_fd_sc_hd__nand2_2  | 0.043 |   2.460 |    2.317 | 
     | skip_loop[3].CSKIP2/g15            | A v -> Y ^  | sky130_fd_sc_hd__inv_2    | 0.067 |   2.527 |    2.384 | 
     | skip_loop[3].CSKIP2/g13            | A ^ -> Y v  | sky130_fd_sc_hd__nand2_4  | 0.060 |   2.587 |    2.444 | 
     | skip_loop[4].CSKIP2/FA1/g124__7098 | A v -> Y ^  | sky130_fd_sc_hd__nand2_4  | 0.059 |   2.646 |    2.503 | 
     | skip_loop[4].CSKIP2/FA1/g122__5122 | A ^ -> Y v  | sky130_fd_sc_hd__nand2_4  | 0.053 |   2.699 |    2.556 | 
     | skip_loop[4].CSKIP2/FA2/g124__6161 | A v -> Y ^  | sky130_fd_sc_hd__nand2_4  | 0.066 |   2.765 |    2.623 | 
     | skip_loop[4].CSKIP2/FA2/g122__7482 | A ^ -> Y v  | sky130_fd_sc_hd__nand2_4  | 0.054 |   2.819 |    2.676 | 
     | skip_loop[4].CSKIP2/FA3/g124__7410 | A v -> Y ^  | sky130_fd_sc_hd__nand2_4  | 0.064 |   2.883 |    2.740 | 
     | skip_loop[4].CSKIP2/FA3/g122__2346 | A ^ -> Y v  | sky130_fd_sc_hd__nand2_4  | 0.053 |   2.937 |    2.794 | 
     | skip_loop[4].CSKIP2/FA4/g124__4319 | A v -> Y ^  | sky130_fd_sc_hd__nand2_4  | 0.065 |   3.001 |    2.858 | 
     | skip_loop[4].CSKIP2/FA4/g122__5107 | A ^ -> Y v  | sky130_fd_sc_hd__nand2_4  | 0.049 |   3.050 |    2.907 | 
     | skip_loop[4].CSKIP2/g74            | A v -> Y ^  | sky130_fd_sc_hd__clkinv_4 | 0.049 |   3.099 |    2.956 | 
     | skip_loop[4].CSKIP2/g152__6783     | A ^ -> Y v  | sky130_fd_sc_hd__nand2_4  | 0.044 |   3.142 |    3.000 | 
     | skip_loop[5].CSKIP2/FA1/g124__6131 | A v -> Y ^  | sky130_fd_sc_hd__nand2_4  | 0.056 |   3.199 |    3.056 | 
     | skip_loop[5].CSKIP2/FA1/g122__7098 | A ^ -> Y v  | sky130_fd_sc_hd__nand2_4  | 0.052 |   3.251 |    3.108 | 
     | skip_loop[5].CSKIP2/FA2/g124__6161 | A v -> Y ^  | sky130_fd_sc_hd__nand2_4  | 0.064 |   3.314 |    3.172 | 
     | skip_loop[5].CSKIP2/FA2/g122__4733 | A ^ -> Y v  | sky130_fd_sc_hd__nand2_4  | 0.057 |   3.371 |    3.228 | 
     | skip_loop[5].CSKIP2/FA3/g124__1666 | A v -> Y ^  | sky130_fd_sc_hd__nand2_4  | 0.066 |   3.437 |    3.294 | 
     | skip_loop[5].CSKIP2/FA3/g122__2346 | A ^ -> Y v  | sky130_fd_sc_hd__nand2_4  | 0.052 |   3.489 |    3.347 | 
     | skip_loop[5].CSKIP2/FA4/g124__6260 | A v -> Y ^  | sky130_fd_sc_hd__nand2_4  | 0.054 |   3.543 |    3.401 | 
     | skip_loop[5].CSKIP2/FA4/g122__2398 | A ^ -> Y v  | sky130_fd_sc_hd__nand2_2  | 0.043 |   3.587 |    3.444 | 
     | skip_loop[5].CSKIP2/g74            | A v -> Y ^  | sky130_fd_sc_hd__clkinv_2 | 0.056 |   3.643 |    3.500 | 
     | skip_loop[5].CSKIP2/g157__6783     | A ^ -> Y v  | sky130_fd_sc_hd__nand2_4  | 0.046 |   3.689 |    3.547 | 
     | skip_loop[6].CSKIP2/FA1/g124__1881 | A v -> Y ^  | sky130_fd_sc_hd__nand2_4  | 0.055 |   3.744 |    3.602 | 
     | skip_loop[6].CSKIP2/FA1/g122__7098 | A ^ -> Y v  | sky130_fd_sc_hd__nand2_4  | 0.053 |   3.797 |    3.654 | 
     | skip_loop[6].CSKIP2/FA2/g124__9945 | A v -> Y ^  | sky130_fd_sc_hd__nand2_4  | 0.063 |   3.860 |    3.717 | 
     | skip_loop[6].CSKIP2/FA2/g122__6161 | A ^ -> Y v  | sky130_fd_sc_hd__nand2_4  | 0.053 |   3.913 |    3.770 | 
     | skip_loop[6].CSKIP2/FA3/g124__5477 | A v -> Y ^  | sky130_fd_sc_hd__nand2_4  | 0.065 |   3.978 |    3.835 | 
     | skip_loop[6].CSKIP2/FA3/g122__7410 | A ^ -> Y v  | sky130_fd_sc_hd__nand2_4  | 0.053 |   4.030 |    3.888 | 
     | skip_loop[6].CSKIP2/FA4/g124__5526 | A v -> Y ^  | sky130_fd_sc_hd__nand2_4  | 0.055 |   4.086 |    3.943 | 
     | skip_loop[6].CSKIP2/FA4/g122__4319 | A ^ -> Y v  | sky130_fd_sc_hd__nand2_2  | 0.043 |   4.128 |    3.986 | 
     | skip_loop[6].CSKIP2/g79            | A v -> Y ^  | sky130_fd_sc_hd__inv_2    | 0.063 |   4.191 |    4.048 | 
     | skip_loop[6].CSKIP2/g167__2802     | A ^ -> Y v  | sky130_fd_sc_hd__nand2_4  | 0.050 |   4.241 |    4.098 | 
     | skip_loop[7].CSKIP2/FA1/g124__4733 | A v -> Y ^  | sky130_fd_sc_hd__nand2_4  | 0.056 |   4.297 |    4.154 | 
     | skip_loop[7].CSKIP2/FA1/g122__5115 | A ^ -> Y v  | sky130_fd_sc_hd__nand2_4  | 0.055 |   4.352 |    4.209 | 
     | skip_loop[7].CSKIP2/FA2/g126__6417 | A v -> Y ^  | sky130_fd_sc_hd__nand2_4  | 0.064 |   4.416 |    4.273 | 
     | skip_loop[7].CSKIP2/FA2/g122__2883 | A ^ -> Y v  | sky130_fd_sc_hd__nand2_4  | 0.063 |   4.479 |    4.336 | 
     | skip_loop[7].CSKIP2/FA3/g127__6783 | A v -> Y ^  | sky130_fd_sc_hd__nand2_4  | 0.070 |   4.549 |    4.406 | 
     | skip_loop[7].CSKIP2/FA3/g123__6260 | A ^ -> Y v  | sky130_fd_sc_hd__nand2_4  | 0.063 |   4.611 |    4.469 | 
     | skip_loop[7].CSKIP2/FA4/g127__7098 | A v -> Y ^  | sky130_fd_sc_hd__nand2_4  | 0.070 |   4.681 |    4.539 | 
     | skip_loop[7].CSKIP2/FA4/g123__1705 | A ^ -> Y v  | sky130_fd_sc_hd__nand2_4  | 0.049 |   4.730 |    4.588 | 
     | skip_loop[7].CSKIP2/g79            | A v -> Y ^  | sky130_fd_sc_hd__clkinv_4 | 0.061 |   4.791 |    4.648 | 
     | skip_loop[7].CSKIP2/g167__4733     | A ^ -> Y v  | sky130_fd_sc_hd__nand2_8  | 0.080 |   4.871 |    4.729 | 
     |                                    | Cout v      |                           | 0.001 |   4.873 |    4.730 | 
     +-----------------------------------------------------------------------------------------------------------+ 

