============================================================
  Generated by:           Genus(TM) Synthesis Solution 23.12-s086_1
  Generated on:           Apr 07 2025  06:21:44 pm
  Module:                 carry_select_adder_56678_32bits
  Operating conditions:   tt_025C_1v80 
  Interconnect mode:      global
  Area mode:              physical library
============================================================

Timing
-------
  Cost    Critical         Violating 
 Group   Path Slack  TNS     Paths   
-------------------------------------
default         0.6   0.0          0 
-------------------------------------
Total                 0.0          0 

Instance Count
--------------
Leaf Instance Count             265 
Physical Instance count           0 
Sequential Instance Count         0 
Combinational Instance Count    265 
Hierarchical Instance Count      68 

Area
----
Cell Area                          2302.208
Physical Cell Area                 0.000
Total Cell Area (Cell+Physical)    2302.208
Net Area                           1593.928
Total Area (Cell+Physical+Net)     3896.136

Max Fanout                         9 (n_7)
Min Fanout                         1 (C0[1])
Average Fanout                     1.6
Terms to net ratio                 2.3398
Terms to instance ratio            3.1962
Runtime                            14.592597 seconds
Elapsed Runtime                    16 seconds
Genus peak memory usage            1890.91 
Innovus peak memory usage          no_value 
Hostname                           cadmicro-inf-el8-623207
