============================================================
  Generated by:           Genus(TM) Synthesis Solution 23.12-s086_1
  Generated on:           Apr 07 2025  06:21:44 pm
  Module:                 carry_select_adder_56678_32bits
  Operating conditions:   tt_025C_1v80 
  Interconnect mode:      global
  Area mode:              physical library
============================================================

            Instance                         Module              Cell-Count  Cell-Area  Net-Area   Total-Area 
--------------------------------------------------------------------------------------------------------------
carry_select_adder_56678_32bits NA                                      265   2302.208  1593.928     3896.136 
  CSA_BLOCKS[1].RCA_C0          ripple_carry_adder_WIDTH6                20    190.182    65.960      256.143 
    F1A                         full_adder_32_230                         4     20.019    10.094       30.113 
    full_adder_loop[1].FA       full_adder_224                            5     30.029    10.181       40.210 
    full_adder_loop[2].FA       full_adder_223                            1     33.782     0.000       33.782 
    full_adder_loop[3].FA       full_adder_222                            4     35.034    10.181       45.215 
    full_adder_loop[4].FA       full_adder_221                            5     37.536    13.575       51.111 
    full_adder_loop[5].FA       full_adder_220                            1     33.782     0.000       33.782 
  CSA_BLOCKS[1].RCA_C1          ripple_carry_adder_WIDTH6_3_234          26    193.936    81.189      275.125 
    F1A                         full_adder_38_231                         4     20.019    10.094       30.113 
    full_adder_loop[1].FA       full_adder_206                            5     30.029    10.181       40.210 
    full_adder_loop[2].FA       full_adder_205                            5     37.536    10.181       47.717 
    full_adder_loop[3].FA       full_adder_204                            6     35.034    13.575       48.609 
    full_adder_loop[4].FA       full_adder_203                            5     37.536    13.575       51.111 
    full_adder_loop[5].FA       full_adder_202                            1     33.782     0.000       33.782 
  CSA_BLOCKS[2].RCA_C0          ripple_carry_adder_WIDTH6_233            17    171.414    50.732      222.147 
    F1A                         full_adder_32                             4     20.019    10.094       30.113 
    full_adder_loop[1].FA       full_adder_201                            5     30.029    10.181       40.210 
    full_adder_loop[2].FA       full_adder_200                            5     33.782    10.181       43.964 
    full_adder_loop[3].FA       full_adder_199                            1     33.782     0.000       33.782 
    full_adder_loop[4].FA       full_adder_198                            1     33.782     0.000       33.782 
    full_adder_loop[5].FA       full_adder_197                            1     20.019     0.000       20.019 
  CSA_BLOCKS[2].RCA_C1          ripple_carry_adder_WIDTH6_3              22    183.926    72.661      256.587 
    F1A                         full_adder_38                             4     20.019    10.094       30.113 
    full_adder_loop[1].FA       full_adder_196                            5     37.536    10.181       47.717 
    full_adder_loop[2].FA       full_adder_195                            7     37.536    20.275       57.811 
    full_adder_loop[3].FA       full_adder_194                            4     35.034    10.181       45.215 
    full_adder_loop[4].FA       full_adder_193                            1     33.782     0.000       33.782 
    full_adder_loop[5].FA       full_adder_192                            1     20.019     0.000       20.019 
  CSA_BLOCKS[3].RCA_C0          ripple_carry_adder_WIDTH7                21    187.680    65.960      253.640 
    F1A                         full_adder_11                             4     22.522    10.094       32.616 
    full_adder_loop[1].FA       full_adder_219                            5     33.782    10.181       43.964 
    full_adder_loop[2].FA       full_adder_218                            5     36.285    10.181       46.466 
    full_adder_loop[3].FA       full_adder_217                            4     35.034    10.181       45.215 
    full_adder_loop[4].FA       full_adder_216                            1     20.019     0.000       20.019 
    full_adder_loop[5].FA       full_adder_215                            1     20.019     0.000       20.019 
    full_adder_loop[6].FA       full_adder_214                            1     20.019     0.000       20.019 
  CSA_BLOCKS[3].RCA_C1          ripple_carry_adder_WIDTH7_1              25    217.709    89.456      307.164 
    F1A                         full_adder_51_232                         4     20.019    10.094       30.113 
    full_adder_loop[1].FA       full_adder_191                            8     42.541    26.976       69.517 
    full_adder_loop[2].FA       full_adder_190                            6     48.797    16.882       65.678 
    full_adder_loop[3].FA       full_adder_189                            4     32.531    10.181       42.712 
    full_adder_loop[4].FA       full_adder_188                            1     33.782     0.000       33.782 
    full_adder_loop[5].FA       full_adder_187                            1     20.019     0.000       20.019 
    full_adder_loop[6].FA       full_adder_186                            1     20.019     0.000       20.019 
  CSA_BLOCKS[4].RCA_C0          ripple_carry_adder_WIDTH8                22    220.211    69.354      289.565 
    F1A                         full_adder_11_229                         4     20.019    10.094       30.113 
    full_adder_loop[1].FA       full_adder_213                            5     33.782    10.181       43.964 
    full_adder_loop[2].FA       full_adder_212                            5     40.038    10.181       50.220 
    full_adder_loop[3].FA       full_adder_211                            4     32.531    10.181       42.712 
    full_adder_loop[4].FA       full_adder_210                            1     33.782     0.000       33.782 
    full_adder_loop[5].FA       full_adder_209                            1     20.019     0.000       20.019 
    full_adder_loop[6].FA       full_adder_208                            1     20.019     0.000       20.019 
    full_adder_loop[7].FA       full_adder_207                            1     20.019     0.000       20.019 
  CSA_BLOCKS[4].RCA_C1          ripple_carry_adder_WIDTH8_1              28    232.723    93.023      325.747 
    F1A                         full_adder_51                             4     20.019    10.094       30.113 
    full_adder_loop[1].FA       full_adder_185                            8     40.038    20.362       60.401 
    full_adder_loop[2].FA       full_adder_184                            7     41.290    20.275       61.565 
    full_adder_loop[3].FA       full_adder_183                            5     37.536    13.575       51.111 
    full_adder_loop[4].FA       full_adder_182                            1     33.782     0.000       33.782 
    full_adder_loop[5].FA       full_adder_181                            1     20.019     0.000       20.019 
    full_adder_loop[6].FA       full_adder_180                            1     20.019     0.000       20.019 
    full_adder_loop[7].FA       full_adder_179                            1     20.019     0.000       20.019 
  RCA_LSB                       ripple_carry_adder_WIDTH5                23    180.173    71.095      251.267 
    F1A                         full_adder                                6     33.782    15.228       49.011 
    full_adder_loop[1].FA       full_adder_228                            6     35.034    13.575       48.609 
    full_adder_loop[2].FA       full_adder_227                            1     33.782     0.000       33.782 
    full_adder_loop[3].FA       full_adder_226                            6     35.034    13.575       48.609 
    full_adder_loop[4].FA       full_adder_225                            4     42.541    10.181       52.722 
