============================================================
  Generated by:           Genus(TM) Synthesis Solution 23.12-s086_1
  Generated on:           Apr 07 2025  01:52:08 pm
  Module:                 cla_16bits
  Operating conditions:   tt_025C_1v80 
  Interconnect mode:      global
  Area mode:              physical library
============================================================

Timing
-------
  Cost    Critical            Violating 
 Group   Path Slack    TNS      Paths   
----------------------------------------
default       -67.3   -254.0          6 
----------------------------------------
Total                 -254.0          6 

Instance Count
--------------
Leaf Instance Count             337 
Physical Instance count           0 
Sequential Instance Count         0 
Combinational Instance Count    337 
Hierarchical Instance Count      72 

Area
----
Cell Area                          2190.851
Physical Cell Area                 0.000
Total Cell Area (Cell+Physical)    2190.851
Net Area                           1609.505
Total Area (Cell+Physical+Net)     3800.356

Max Fanout                         17 (n_53)
Min Fanout                         1 (C[0])
Average Fanout                     1.6
Terms to net ratio                 2.4622
Terms to instance ratio            2.7033
Runtime                            24.879323 seconds
Elapsed Runtime                    26 seconds
Genus peak memory usage            1899.13 
Innovus peak memory usage          no_value 
Hostname                           cadmicro-inf-el8-623207
