============================================================
  Generated by:           Genus(TM) Synthesis Solution 23.12-s086_1
  Generated on:           Apr 07 2025  02:30:12 pm
  Module:                 ripple_carry_adder_16bits
  Operating conditions:   tt_025C_1v80 
  Interconnect mode:      global
  Area mode:              physical library
============================================================

Timing
-------
  Cost    Critical         Violating 
 Group   Path Slack  TNS     Paths   
-------------------------------------
default         0.1   0.0          0 
-------------------------------------
Total                 0.0          0 

Instance Count
--------------
Leaf Instance Count             145 
Physical Instance count           0 
Sequential Instance Count         0 
Combinational Instance Count    145 
Hierarchical Instance Count      16 

Area
----
Cell Area                          1198.650
Physical Cell Area                 0.000
Total Cell Area (Cell+Physical)    1198.650
Net Area                           734.614
Total Area (Cell+Physical+Net)     1933.264

Max Fanout                         3 (carry[14])
Min Fanout                         1 (Cout)
Average Fanout                     1.5
Terms to net ratio                 2.1921
Terms to instance ratio            2.6759
Runtime                            13.902253 seconds
Elapsed Runtime                    14 seconds
Genus peak memory usage            1888.29 
Innovus peak memory usage          no_value 
Hostname                           cadmicro-inf-el8-623207
