============================================================
  Generated by:           Genus(TM) Synthesis Solution 23.12-s086_1
  Generated on:           Apr 07 2025  02:30:12 pm
  Module:                 ripple_carry_adder_16bits
  Operating conditions:   tt_025C_1v80 
  Interconnect mode:      global
  Area mode:              physical library
============================================================

         Instance              Module       Cell-Count  Cell-Area  Net-Area   Total-Area 
-----------------------------------------------------------------------------------------
ripple_carry_adder_16bits NA                       145   1198.650   734.615     1933.264 
  F1A                     full_adder                 6     35.034    16.882       51.915 
  full_adder_loop[10].FA  full_adder_15_24           6     75.072    13.575       88.647 
  full_adder_loop[11].FA  full_adder_15_25           6     71.318    13.575       84.893 
  full_adder_loop[12].FA  full_adder_15_26           6     72.570    13.575       86.145 
  full_adder_loop[13].FA  full_adder_15_27           6     72.570    13.575       86.145 
  full_adder_loop[14].FA  full_adder_15_28           7     80.077    20.275      100.352 
  full_adder_loop[15].FA  full_adder_15              6     48.797    15.228       64.025 
  full_adder_loop[1].FA   full_adder_15_15          11     78.826    37.157      115.983 
  full_adder_loop[2].FA   full_adder_15_16           9     62.560    23.756       86.316 
  full_adder_loop[3].FA   full_adder_15_17           9     67.565    27.063       94.628 
  full_adder_loop[4].FA   full_adder_15_18           7     68.816    16.969       85.785 
  full_adder_loop[5].FA   full_adder_15_19           7     68.816    16.969       85.785 
  full_adder_loop[6].FA   full_adder_15_20           7     68.816    16.969       85.785 
  full_adder_loop[7].FA   full_adder_15_21           7     65.062    16.969       82.031 
  full_adder_loop[8].FA   full_adder_15_22           6     71.318    13.575       84.893 
  full_adder_loop[9].FA   full_adder_15_23           6     67.565    13.575       81.140 
