###############################################################
#  Generated by:      Cadence Innovus 23.32-s091_1
#  OS:                Linux x86_64(Host ID cadmicro-inf-el8-623207)
#  Generated on:      Mon Apr  7 18:43:51 2025
#  Design:            carry_select_adder_66668_32bits
#  Command:           report_timing > reports/report_timing.rpt
###############################################################
Path 1: VIOLATED Path Delay Check
Endpoint:   S[20] (^)
Beginpoint: A[0]  (v) triggered by  leading edge of '@'
Path Groups: {default}
Analysis View: default_emulate_view
- External Delay                0.000
+ Path Delay                    1.680
= Required Time                 1.680
- Arrival Time                  1.838
= Slack Time                   -0.158
     Clock Rise Edge                      0.000
     + Input Delay                        0.000
     = Beginpoint Arrival Time            0.000
     +-----------------------------------------------------------------------------------------------------------------+ 
     |                 Instance                 |     Arc     |           Cell            | Delay | Arrival | Required | 
     |                                          |             |                           |       |  Time   |   Time   | 
     |------------------------------------------+-------------+---------------------------+-------+---------+----------| 
     |                                          | A[0] v      |                           |       |   0.000 |   -0.158 | 
     | RCA_LSB/F1A/g196__5115                   | A v -> Y ^  | sky130_fd_sc_hd__nor2_8   | 0.341 |   0.341 |    0.183 | 
     | RCA_LSB/F1A/g192__1881                   | A2 ^ -> Y v | sky130_fd_sc_hd__o21ai_2  | 0.089 |   0.430 |    0.272 | 
     | RCA_LSB/full_adder_loop[1].FA/g14        | A v -> Y ^  | sky130_fd_sc_hd__nand2_2  | 0.076 |   0.506 |    0.349 | 
     | RCA_LSB/full_adder_loop[1].FA/g122__9315 | A ^ -> Y v  | sky130_fd_sc_hd__nand2_4  | 0.058 |   0.564 |    0.406 | 
     | RCA_LSB/full_adder_loop[2].FA/g124__5477 | A v -> Y ^  | sky130_fd_sc_hd__nand2_4  | 0.063 |   0.627 |    0.469 | 
     | RCA_LSB/full_adder_loop[2].FA/g122__6417 | A ^ -> Y v  | sky130_fd_sc_hd__nand2_4  | 0.050 |   0.677 |    0.519 | 
     | RCA_LSB/full_adder_loop[3].FA/g124__8428 | A v -> Y ^  | sky130_fd_sc_hd__nand2_4  | 0.063 |   0.740 |    0.582 | 
     | RCA_LSB/full_adder_loop[3].FA/g122__4319 | A ^ -> Y v  | sky130_fd_sc_hd__nand2_4  | 0.056 |   0.796 |    0.638 | 
     | RCA_LSB/full_adder_loop[4].FA/g124__1705 | A v -> Y ^  | sky130_fd_sc_hd__nand2_4  | 0.065 |   0.861 |    0.703 | 
     | RCA_LSB/full_adder_loop[4].FA/g122__1617 | A ^ -> Y v  | sky130_fd_sc_hd__nand2_4  | 0.051 |   0.912 |    0.754 | 
     | RCA_LSB/full_adder_loop[5].FA/g121__1881 | A v -> Y ^  | sky130_fd_sc_hd__nand2_4  | 0.063 |   0.975 |    0.817 | 
     | RCA_LSB/full_adder_loop[5].FA/g119__7098 | A ^ -> Y v  | sky130_fd_sc_hd__nand2_4  | 0.084 |   1.059 |    0.901 | 
     | FE_DBTC2_C_mid_0                         | A v -> Y ^  | sky130_fd_sc_hd__clkinv_4 | 0.089 |   1.148 |    0.990 | 
     | g25                                      | A ^ -> Y v  | sky130_fd_sc_hd__nand2_4  | 0.062 |   1.210 |    1.052 | 
     | g15027                                   | A v -> Y ^  | sky130_fd_sc_hd__nand2_8  | 0.096 |   1.305 |    1.147 | 
     | FE_DBTC1_n_413                           | A ^ -> Y v  | sky130_fd_sc_hd__inv_4    | 0.053 |   1.359 |    1.201 | 
     | g30                                      | A v -> Y ^  | sky130_fd_sc_hd__nand2_2  | 0.077 |   1.435 |    1.277 | 
     | g29                                      | A ^ -> Y v  | sky130_fd_sc_hd__nand2_4  | 0.083 |   1.518 |    1.361 | 
     | g40                                      | A v -> Y ^  | sky130_fd_sc_hd__inv_4    | 0.099 |   1.617 |    1.460 | 
     | g14977                                   | A ^ -> Y v  | sky130_fd_sc_hd__nand2_2  | 0.069 |   1.686 |    1.528 | 
     | g14976                                   | A v -> Y ^  | sky130_fd_sc_hd__nand2_4  | 0.151 |   1.836 |    1.679 | 
     |                                          | S[20] ^     |                           | 0.001 |   1.838 |    1.680 | 
     +-----------------------------------------------------------------------------------------------------------------+ 

