Hinst Name                           Module Name                     Inst Count           Total Area               Buffer             Inverter        Combinational                 Flop                Latch           Clock Gate                Macro             Physical
-------------------------------------------------------------------------------------------------------------------------------------------------------------------------------------------------------------------------------------------------------------------------------------
carry_increment_32bits                                                     1073             6313.555               42.541              673.146             3517.123                0.000                0.000                0.000                0.000             2080.746
  RCA1                               ripple_carry_adder_WIDTH4               26              231.472                3.754               27.526              200.192                0.000                0.000                0.000                0.000                0.000
    RCA1/F1A                         full_adder                               7               70.067                0.000               20.019               50.048                0.000                0.000                0.000                0.000                0.000
    RCA1/full_adder_loop[1].FA       full_adder_91                            8               55.053                0.000                7.507               47.546                0.000                0.000                0.000                0.000                0.000
    RCA1/full_adder_loop[2].FA       full_adder_90                            5               47.546                0.000                0.000               47.546                0.000                0.000                0.000                0.000                0.000
    RCA1/full_adder_loop[3].FA       full_adder_89                            5               55.053                0.000                0.000               55.053                0.000                0.000                0.000                0.000                0.000
  RCAS[1].RCA2                       ripple_carry_adder_WIDTH4_7_98          36              272.762                0.000               38.787              233.974                0.000                0.000                0.000                0.000                0.000
    RCAS[1].RCA2/F1A                 full_adder_24_93                         3               51.299                0.000                6.256               45.043                0.000                0.000                0.000                0.000                0.000
    RCAS[1].RCA2/full_adder_loop[1].FA full_adder_88                           11               75.072                0.000                7.507               67.565                0.000                0.000                0.000                0.000                0.000
    RCAS[1].RCA2/full_adder_loop[2].FA full_adder_87                           12               71.318                0.000               12.512               58.806                0.000                0.000                0.000                0.000                0.000
    RCAS[1].RCA2/full_adder_loop[3].FA full_adder_86                           10               75.072                0.000               12.512               62.560                0.000                0.000                0.000                0.000                0.000
  RCAS[2].RCA2                       ripple_carry_adder_WIDTH4_7_99          35              295.283                3.754               91.338              200.192                0.000                0.000                0.000                0.000                0.000
    RCAS[2].RCA2/F1A                 full_adder_24_94                         4               47.546                0.000               32.531               15.014                0.000                0.000                0.000                0.000                0.000
    RCAS[2].RCA2/full_adder_loop[1].FA full_adder_85                            8              102.598                0.000               27.526               75.072                0.000                0.000                0.000                0.000                0.000
    RCAS[2].RCA2/full_adder_loop[2].FA full_adder_84                           12               80.077                0.000               22.522               57.555                0.000                0.000                0.000                0.000                0.000
    RCAS[2].RCA2/full_adder_loop[3].FA full_adder_83                           11               65.062                3.754                8.758               52.550                0.000                0.000                0.000                0.000                0.000
  RCAS[3].RCA2                       ripple_carry_adder_WIDTH4_7_100         38              256.496                0.000               45.043              211.453                0.000                0.000                0.000                0.000                0.000
    RCAS[3].RCA2/F1A                 full_adder_24_95                         3               28.778                0.000                8.758               20.019                0.000                0.000                0.000                0.000                0.000
    RCAS[3].RCA2/full_adder_loop[1].FA full_adder_82                           12               91.338                0.000               10.010               81.328                0.000                0.000                0.000                0.000                0.000
    RCAS[3].RCA2/full_adder_loop[2].FA full_adder_81                           11               71.318                0.000               11.261               60.058                0.000                0.000                0.000                0.000                0.000
    RCAS[3].RCA2/full_adder_loop[3].FA full_adder_80                           12               65.062                0.000               15.014               50.048                0.000                0.000                0.000                0.000                0.000
  RCAS[4].RCA2                       ripple_carry_adder_WIDTH4_7_101         43              330.317                0.000               91.338              238.979                0.000                0.000                0.000                0.000                0.000
    RCAS[4].RCA2/F1A                 full_adder_24_96                         5               42.541                0.000               17.517               25.024                0.000                0.000                0.000                0.000                0.000
    RCAS[4].RCA2/full_adder_loop[1].FA full_adder_79                           13              113.859                0.000               28.778               85.082                0.000                0.000                0.000                0.000                0.000
    RCAS[4].RCA2/full_adder_loop[2].FA full_adder_78                           12               80.077                0.000               15.014               65.062                0.000                0.000                0.000                0.000                0.000
    RCAS[4].RCA2/full_adder_loop[3].FA full_adder_77                           13               93.840                0.000               30.029               63.811                0.000                0.000                0.000                0.000                0.000
  RCAS[5].RCA2                       ripple_carry_adder_WIDTH4_7_102         38              251.491                0.000               47.546              203.946                0.000                0.000                0.000                0.000                0.000
    RCAS[5].RCA2/F1A                 full_adder_24_97                         5               27.526                0.000                7.507               20.019                0.000                0.000                0.000                0.000                0.000
    RCAS[5].RCA2/full_adder_loop[1].FA full_adder_76                            9               67.565                0.000                7.507               60.058                0.000                0.000                0.000                0.000                0.000
    RCAS[5].RCA2/full_adder_loop[2].FA full_adder_75                           12               75.072                0.000               16.266               58.806                0.000                0.000                0.000                0.000                0.000
    RCAS[5].RCA2/full_adder_loop[3].FA full_adder_74                           12               81.328                0.000               16.266               65.062                0.000                0.000                0.000                0.000                0.000
  RCAS[6].RCA2                       ripple_carry_adder_WIDTH4_7_103         28              237.728                5.005               42.541              190.182                0.000                0.000                0.000                0.000                0.000
    RCAS[6].RCA2/F1A                 full_adder_24                            4               36.285                5.005               11.261               20.019                0.000                0.000                0.000                0.000                0.000
    RCAS[6].RCA2/full_adder_loop[1].FA full_adder_73                            8               66.314                0.000               13.763               52.550                0.000                0.000                0.000                0.000                0.000
    RCAS[6].RCA2/full_adder_loop[2].FA full_adder_72                            9               57.555                0.000                7.507               50.048                0.000                0.000                0.000                0.000                0.000
    RCAS[6].RCA2/full_adder_loop[3].FA full_adder_71                            7               77.574                0.000               10.010               67.565                0.000                0.000                0.000                0.000                0.000
  RCAS[7].RCA2                       ripple_carry_adder_WIDTH4_7             15              157.651                0.000               11.261              146.390                0.000                0.000                0.000                0.000                0.000
    RCAS[7].RCA2/F1A                 full_adder_24_92                         3               27.526                0.000                3.754               23.773                0.000                0.000                0.000                0.000                0.000
    RCAS[7].RCA2/full_adder_loop[1].FA full_adder_70                            6               48.797                0.000                7.507               41.290                0.000                0.000                0.000                0.000                0.000
    RCAS[7].RCA2/full_adder_loop[2].FA full_adder_69                            4               46.294                0.000                0.000               46.294                0.000                0.000                0.000                0.000                0.000
    RCAS[7].RCA2/full_adder_loop[3].FA full_adder_68                            2               35.034                0.000                0.000               35.034                0.000                0.000                0.000                0.000                0.000
