    Hinst Name                       Module Name                     Inst Count           Total Area
-------------------------------------------------------------------------------------------------
carry_increment_32bits                                                      565             4232.810
  RCA1                               ripple_carry_adder_WIDTH4               26              231.472
    RCA1/F1A                         full_adder                               7               70.067
    RCA1/full_adder_loop[1].FA       full_adder_91                            8               55.053
    RCA1/full_adder_loop[2].FA       full_adder_90                            5               47.546
    RCA1/full_adder_loop[3].FA       full_adder_89                            5               55.053
  RCAS[1].RCA2                       ripple_carry_adder_WIDTH4_7_98          36              272.762
    RCAS[1].RCA2/F1A                 full_adder_24_93                         3               51.299
    RCAS[1].RCA2/full_adder_loop[1].FA full_adder_88                           11               75.072
    RCAS[1].RCA2/full_adder_loop[2].FA full_adder_87                           12               71.318
    RCAS[1].RCA2/full_adder_loop[3].FA full_adder_86                           10               75.072
  RCAS[2].RCA2                       ripple_carry_adder_WIDTH4_7_99          35              295.283
    RCAS[2].RCA2/F1A                 full_adder_24_94                         4               47.546
    RCAS[2].RCA2/full_adder_loop[1].FA full_adder_85                            8              102.598
    RCAS[2].RCA2/full_adder_loop[2].FA full_adder_84                           12               80.077
    RCAS[2].RCA2/full_adder_loop[3].FA full_adder_83                           11               65.062
  RCAS[3].RCA2                       ripple_carry_adder_WIDTH4_7_100         38              256.496
    RCAS[3].RCA2/F1A                 full_adder_24_95                         3               28.778
    RCAS[3].RCA2/full_adder_loop[1].FA full_adder_82                           12               91.338
    RCAS[3].RCA2/full_adder_loop[2].FA full_adder_81                           11               71.318
    RCAS[3].RCA2/full_adder_loop[3].FA full_adder_80                           12               65.062
  RCAS[4].RCA2                       ripple_carry_adder_WIDTH4_7_101         43              330.317
    RCAS[4].RCA2/F1A                 full_adder_24_96                         5               42.541
    RCAS[4].RCA2/full_adder_loop[1].FA full_adder_79                           13              113.859
    RCAS[4].RCA2/full_adder_loop[2].FA full_adder_78                           12               80.077
    RCAS[4].RCA2/full_adder_loop[3].FA full_adder_77                           13               93.840
  RCAS[5].RCA2                       ripple_carry_adder_WIDTH4_7_102         38              251.491
    RCAS[5].RCA2/F1A                 full_adder_24_97                         5               27.526
    RCAS[5].RCA2/full_adder_loop[1].FA full_adder_76                            9               67.565
    RCAS[5].RCA2/full_adder_loop[2].FA full_adder_75                           12               75.072
    RCAS[5].RCA2/full_adder_loop[3].FA full_adder_74                           12               81.328
  RCAS[6].RCA2                       ripple_carry_adder_WIDTH4_7_103         28              237.728
    RCAS[6].RCA2/F1A                 full_adder_24                            4               36.285
    RCAS[6].RCA2/full_adder_loop[1].FA full_adder_73                            8               66.314
    RCAS[6].RCA2/full_adder_loop[2].FA full_adder_72                            9               57.555
    RCAS[6].RCA2/full_adder_loop[3].FA full_adder_71                            7               77.574
  RCAS[7].RCA2                       ripple_carry_adder_WIDTH4_7             15              157.651
    RCAS[7].RCA2/F1A                 full_adder_24_92                         3               27.526
    RCAS[7].RCA2/full_adder_loop[1].FA full_adder_70                            6               48.797
    RCAS[7].RCA2/full_adder_loop[2].FA full_adder_69                            4               46.294
    RCAS[7].RCA2/full_adder_loop[3].FA full_adder_68                            2               35.034
