###############################################################
#  Generated by:      Cadence Innovus 23.32-s091_1
#  OS:                Linux x86_64(Host ID cadmicro-inf-el8-623207)
#  Generated on:      Mon Apr  7 17:08:52 2025
#  Design:            carry_increment_32bits
#  Command:           report_timing > reports/report_timing.rpt
###############################################################
Path 1: VIOLATED Path Delay Check
Endpoint:   S[16] (^)
Beginpoint: B[2]  (v) triggered by  leading edge of '@'
Path Groups: {default}
Analysis View: default_emulate_view
- External Delay                0.000
+ Path Delay                    1.620
= Required Time                 1.620
- Arrival Time                  1.621
= Slack Time                   -0.001
     Clock Rise Edge                      0.000
     + Input Delay                        0.000
     = Beginpoint Arrival Time            0.000
     +------------------------------------------------------------------------------------------------------------+ 
     |               Instance                |    Arc     |           Cell           | Delay | Arrival | Required | 
     |                                       |            |                          |       |  Time   |   Time   | 
     |---------------------------------------+------------+--------------------------+-------+---------+----------| 
     |                                       | B[2] v     |                          |       |   0.000 |   -0.001 | 
     | RCA1/full_adder_loop[2].FA/g2__6131   | B v -> X v | sky130_fd_sc_hd__or2_0   | 0.545 |   0.545 |    0.543 | 
     | RCA1/full_adder_loop[2].FA/g124__8246 | B v -> Y ^ | sky130_fd_sc_hd__nand2_2 | 0.104 |   0.648 |    0.647 | 
     | RCA1/full_adder_loop[2].FA/g122__5122 | A ^ -> Y v | sky130_fd_sc_hd__nand2_4 | 0.057 |   0.705 |    0.704 | 
     | RCA1/full_adder_loop[3].FA/g124__4733 | A v -> Y ^ | sky130_fd_sc_hd__nand2_4 | 0.069 |   0.774 |    0.773 | 
     | RCA1/full_adder_loop[3].FA/g122__5115 | A ^ -> Y v | sky130_fd_sc_hd__nand2_4 | 0.063 |   0.837 |    0.836 | 
     | g8968                                 | A v -> Y ^ | sky130_fd_sc_hd__nand3_4 | 0.083 |   0.920 |    0.919 | 
     | g23                                   | A ^ -> Y v | sky130_fd_sc_hd__nand2_4 | 0.071 |   0.991 |    0.990 | 
     | g8304__9945                           | A v -> Y ^ | sky130_fd_sc_hd__nand2_4 | 0.092 |   1.083 |    1.082 | 
     | g93                                   | A ^ -> Y v | sky130_fd_sc_hd__nand2_4 | 0.085 |   1.168 |    1.167 | 
     | g91                                   | A v -> Y ^ | sky130_fd_sc_hd__nand2_4 | 0.125 |   1.293 |    1.291 | 
     | g8919                                 | A ^ -> Y v | sky130_fd_sc_hd__nand2_4 | 0.088 |   1.381 |    1.380 | 
     | g8235                                 | A v -> Y ^ | sky130_fd_sc_hd__inv_2   | 0.072 |   1.453 |    1.452 | 
     | g8933                                 | A ^ -> Y v | sky130_fd_sc_hd__nand2_4 | 0.058 |   1.512 |    1.510 | 
     | g16                                   | A v -> Y ^ | sky130_fd_sc_hd__nand2_8 | 0.108 |   1.620 |    1.618 | 
     |                                       | S[16] ^    |                          | 0.002 |   1.621 |    1.620 | 
     +------------------------------------------------------------------------------------------------------------+ 

