Hinst Name                                   Module Name                      Inst Count           Total Area               Buffer             Inverter        Combinational                 Flop                Latch           Clock Gate                Macro             Physical
----------------------------------------------------------------------------------------------------------------------------------------------------------------------------------------------------------------------------------------------------------------------------------------------
carry_select_adder_661010_32bits                                                     947             4624.435               38.787              202.694             2602.496                0.000                0.000                0.000                0.000             1780.458
  CSA_BLOCKS[1].RCA_C0                       ripple_carry_adder_WIDTH6_1              31              227.718                0.000                7.507              220.211                0.000                0.000                0.000                0.000                0.000
    CSA_BLOCKS[1].RCA_C0/F1A                 full_adder_16                             1               25.024                0.000                0.000               25.024                0.000                0.000                0.000                0.000                0.000
    CSA_BLOCKS[1].RCA_C0/full_adder_loop[1].FA full_adder_210                            8               45.043                0.000                7.507               37.536                0.000                0.000                0.000                0.000                0.000
    CSA_BLOCKS[1].RCA_C0/full_adder_loop[2].FA full_adder_209                            6               40.038                0.000                0.000               40.038                0.000                0.000                0.000                0.000                0.000
    CSA_BLOCKS[1].RCA_C0/full_adder_loop[3].FA full_adder_208                            6               40.038                0.000                0.000               40.038                0.000                0.000                0.000                0.000                0.000
    CSA_BLOCKS[1].RCA_C0/full_adder_loop[4].FA full_adder_207                            5               37.536                0.000                0.000               37.536                0.000                0.000                0.000                0.000                0.000
    CSA_BLOCKS[1].RCA_C0/full_adder_loop[5].FA full_adder_206                            5               40.038                0.000                0.000               40.038                0.000                0.000                0.000                0.000                0.000
  CSA_BLOCKS[1].RCA_C1                       ripple_carry_adder_WIDTH6_2              35              205.197                0.000               17.517              187.680                0.000                0.000                0.000                0.000                0.000
    CSA_BLOCKS[1].RCA_C1/F1A                 full_adder_22                             4               22.522                0.000               10.010               12.512                0.000                0.000                0.000                0.000                0.000
    CSA_BLOCKS[1].RCA_C1/full_adder_loop[1].FA full_adder_205                            8               40.038                0.000                7.507               32.531                0.000                0.000                0.000                0.000                0.000
    CSA_BLOCKS[1].RCA_C1/full_adder_loop[2].FA full_adder_204                            6               35.034                0.000                0.000               35.034                0.000                0.000                0.000                0.000                0.000
    CSA_BLOCKS[1].RCA_C1/full_adder_loop[3].FA full_adder_203                            6               35.034                0.000                0.000               35.034                0.000                0.000                0.000                0.000                0.000
    CSA_BLOCKS[1].RCA_C1/full_adder_loop[4].FA full_adder_202                            6               35.034                0.000                0.000               35.034                0.000                0.000                0.000                0.000                0.000
    CSA_BLOCKS[1].RCA_C1/full_adder_loop[5].FA full_adder_201                            5               37.536                0.000                0.000               37.536                0.000                0.000                0.000                0.000                0.000
  CSA_BLOCKS[2].RCA_C0                       ripple_carry_adder_WIDTH10               64              416.650                7.507               38.787              370.355                0.000                0.000                0.000                0.000                0.000
    CSA_BLOCKS[2].RCA_C0/F1A                 full_adder_38_225                         4               37.536                0.000               22.522               15.014                0.000                0.000                0.000                0.000                0.000
    CSA_BLOCKS[2].RCA_C0/full_adder_loop[1].FA full_adder_219                            8               46.294                0.000                8.758               37.536                0.000                0.000                0.000                0.000                0.000
    CSA_BLOCKS[2].RCA_C0/full_adder_loop[2].FA full_adder_218                            8               45.043                0.000                7.507               37.536                0.000                0.000                0.000                0.000                0.000
    CSA_BLOCKS[2].RCA_C0/full_adder_loop[3].FA full_adder_217                            6               40.038                0.000                0.000               40.038                0.000                0.000                0.000                0.000                0.000
    CSA_BLOCKS[2].RCA_C0/full_adder_loop[4].FA full_adder_216                            6               40.038                0.000                0.000               40.038                0.000                0.000                0.000                0.000                0.000
    CSA_BLOCKS[2].RCA_C0/full_adder_loop[5].FA full_adder_215                            6               40.038                0.000                0.000               40.038                0.000                0.000                0.000                0.000                0.000
    CSA_BLOCKS[2].RCA_C0/full_adder_loop[6].FA full_adder_214                            6               40.038                0.000                0.000               40.038                0.000                0.000                0.000                0.000                0.000
    CSA_BLOCKS[2].RCA_C0/full_adder_loop[7].FA full_adder_213                            6               40.038                0.000                0.000               40.038                0.000                0.000                0.000                0.000                0.000
    CSA_BLOCKS[2].RCA_C0/full_adder_loop[8].FA full_adder_212                            6               40.038                0.000                0.000               40.038                0.000                0.000                0.000                0.000                0.000
    CSA_BLOCKS[2].RCA_C0/full_adder_loop[9].FA full_adder_211                            6               40.038                0.000                0.000               40.038                0.000                0.000                0.000                0.000                0.000
  CSA_BLOCKS[2].RCA_C1                       ripple_carry_adder_WIDTH10_3_228         68              426.659               22.522               28.778              375.360                0.000                0.000                0.000                0.000                0.000
    CSA_BLOCKS[2].RCA_C1/F1A                 full_adder_48_226                         5               32.531                3.754               13.763               15.014                0.000                0.000                0.000                0.000                0.000
    CSA_BLOCKS[2].RCA_C1/full_adder_loop[1].FA full_adder_200                            8               50.048                0.000                7.507               42.541                0.000                0.000                0.000                0.000                0.000
    CSA_BLOCKS[2].RCA_C1/full_adder_loop[2].FA full_adder_199                            8               45.043                0.000                7.507               37.536                0.000                0.000                0.000                0.000                0.000
    CSA_BLOCKS[2].RCA_C1/full_adder_loop[3].FA full_adder_198                            6               40.038                0.000                0.000               40.038                0.000                0.000                0.000                0.000                0.000
    CSA_BLOCKS[2].RCA_C1/full_adder_loop[4].FA full_adder_197                            6               40.038                0.000                0.000               40.038                0.000                0.000                0.000                0.000                0.000
    CSA_BLOCKS[2].RCA_C1/full_adder_loop[5].FA full_adder_196                            6               40.038                0.000                0.000               40.038                0.000                0.000                0.000                0.000                0.000
    CSA_BLOCKS[2].RCA_C1/full_adder_loop[6].FA full_adder_195                            6               40.038                0.000                0.000               40.038                0.000                0.000                0.000                0.000                0.000
    CSA_BLOCKS[2].RCA_C1/full_adder_loop[7].FA full_adder_194                            6               40.038                0.000                0.000               40.038                0.000                0.000                0.000                0.000                0.000
    CSA_BLOCKS[2].RCA_C1/full_adder_loop[8].FA full_adder_193                            6               40.038                0.000                0.000               40.038                0.000                0.000                0.000                0.000                0.000
    CSA_BLOCKS[2].RCA_C1/full_adder_loop[9].FA full_adder_192                            6               40.038                0.000                0.000               40.038                0.000                0.000                0.000                0.000                0.000
  CSA_BLOCKS[3].RCA_C0                       ripple_carry_adder_WIDTH10_227           61              389.123                0.000               26.275              362.848                0.000                0.000                0.000                0.000                0.000
    CSA_BLOCKS[3].RCA_C0/F1A                 full_adder_38                             4               22.522                0.000                7.507               15.014                0.000                0.000                0.000                0.000                0.000
    CSA_BLOCKS[3].RCA_C0/full_adder_loop[1].FA full_adder_191                            8               42.541                0.000                7.507               35.034                0.000                0.000                0.000                0.000                0.000
    CSA_BLOCKS[3].RCA_C0/full_adder_loop[2].FA full_adder_190                            8               42.541                0.000                7.507               35.034                0.000                0.000                0.000                0.000                0.000
    CSA_BLOCKS[3].RCA_C0/full_adder_loop[3].FA full_adder_189                            6               37.536                0.000                0.000               37.536                0.000                0.000                0.000                0.000                0.000
    CSA_BLOCKS[3].RCA_C0/full_adder_loop[4].FA full_adder_188                            6               40.038                0.000                0.000               40.038                0.000                0.000                0.000                0.000                0.000
    CSA_BLOCKS[3].RCA_C0/full_adder_loop[5].FA full_adder_187                            6               40.038                0.000                0.000               40.038                0.000                0.000                0.000                0.000                0.000
    CSA_BLOCKS[3].RCA_C0/full_adder_loop[6].FA full_adder_186                            6               40.038                0.000                0.000               40.038                0.000                0.000                0.000                0.000                0.000
    CSA_BLOCKS[3].RCA_C0/full_adder_loop[7].FA full_adder_185                            6               40.038                0.000                0.000               40.038                0.000                0.000                0.000                0.000                0.000
    CSA_BLOCKS[3].RCA_C0/full_adder_loop[8].FA full_adder_184                            5               42.541                0.000                0.000               42.541                0.000                0.000                0.000                0.000                0.000
    CSA_BLOCKS[3].RCA_C0/full_adder_loop[9].FA full_adder_183                            6               41.290                0.000                3.754               37.536                0.000                0.000                0.000                0.000                0.000
  CSA_BLOCKS[3].RCA_C1                       ripple_carry_adder_WIDTH10_3             56              369.104                0.000               16.266              352.838                0.000                0.000                0.000                0.000                0.000
    CSA_BLOCKS[3].RCA_C1/F1A                 full_adder_48                             4               23.773                0.000                8.758               15.014                0.000                0.000                0.000                0.000                0.000
    CSA_BLOCKS[3].RCA_C1/full_adder_loop[1].FA full_adder_182                            8               42.541                0.000                7.507               35.034                0.000                0.000                0.000                0.000                0.000
    CSA_BLOCKS[3].RCA_C1/full_adder_loop[2].FA full_adder_181                            6               37.536                0.000                0.000               37.536                0.000                0.000                0.000                0.000                0.000
    CSA_BLOCKS[3].RCA_C1/full_adder_loop[3].FA full_adder_180                            6               37.536                0.000                0.000               37.536                0.000                0.000                0.000                0.000                0.000
    CSA_BLOCKS[3].RCA_C1/full_adder_loop[4].FA full_adder_179                            6               37.536                0.000                0.000               37.536                0.000                0.000                0.000                0.000                0.000
    CSA_BLOCKS[3].RCA_C1/full_adder_loop[5].FA full_adder_178                            6               37.536                0.000                0.000               37.536                0.000                0.000                0.000                0.000                0.000
    CSA_BLOCKS[3].RCA_C1/full_adder_loop[6].FA full_adder_177                            6               37.536                0.000                0.000               37.536                0.000                0.000                0.000                0.000                0.000
    CSA_BLOCKS[3].RCA_C1/full_adder_loop[7].FA full_adder_176                            5               40.038                0.000                0.000               40.038                0.000                0.000                0.000                0.000                0.000
    CSA_BLOCKS[3].RCA_C1/full_adder_loop[8].FA full_adder_175                            5               42.541                0.000                0.000               42.541                0.000                0.000                0.000                0.000                0.000
    CSA_BLOCKS[3].RCA_C1/full_adder_loop[9].FA full_adder_174                            4               32.531                0.000                0.000               32.531                0.000                0.000                0.000                0.000                0.000
  RCA_LSB                                    ripple_carry_adder_WIDTH6                38              266.506                0.000               22.522              243.984                0.000                0.000                0.000                0.000                0.000
    RCA_LSB/F1A                              full_adder                                7               53.802                0.000               15.014               38.787                0.000                0.000                0.000                0.000                0.000
    RCA_LSB/full_adder_loop[1].FA            full_adder_224                            8               45.043                0.000                7.507               37.536                0.000                0.000                0.000                0.000                0.000
    RCA_LSB/full_adder_loop[2].FA            full_adder_223                            6               40.038                0.000                0.000               40.038                0.000                0.000                0.000                0.000                0.000
    RCA_LSB/full_adder_loop[3].FA            full_adder_222                            6               40.038                0.000                0.000               40.038                0.000                0.000                0.000                0.000                0.000
    RCA_LSB/full_adder_loop[4].FA            full_adder_221                            6               40.038                0.000                0.000               40.038                0.000                0.000                0.000                0.000                0.000
    RCA_LSB/full_adder_loop[5].FA            full_adder_220                            5               47.546                0.000                0.000               47.546                0.000                0.000                0.000                0.000                0.000
