###############################################################
#  Generated by:      Cadence Innovus 23.32-s091_1
#  OS:                Linux x86_64(Host ID cadmicro-inf-el8-623207)
#  Generated on:      Mon Apr  7 19:28:40 2025
#  Design:            carry_select_adder_661010_32bits
#  Command:           report_timing > reports/report_timing.rpt
###############################################################
Path 1: MET Path Delay Check
Endpoint:   S[28] (^)
Beginpoint: A[0]  (v) triggered by  leading edge of '@'
Path Groups: {default}
Analysis View: default_emulate_view
- External Delay                0.000
+ Path Delay                    2.050
= Required Time                 2.050
- Arrival Time                  2.049
= Slack Time                    0.001
     Clock Rise Edge                      0.000
     + Input Delay                        0.000
     = Beginpoint Arrival Time            0.000
     +---------------------------------------------------------------------------------------------------------------+ 
     |                Instance                 |     Arc     |           Cell           | Delay | Arrival | Required | 
     |                                         |             |                          |       |  Time   |   Time   | 
     |-----------------------------------------+-------------+--------------------------+-------+---------+----------| 
     |                                         | A[0] v      |                          |       |   0.000 |    0.001 | 
     | RCA_LSB/F1A/g131                        | A v -> Y ^  | sky130_fd_sc_hd__inv_4   | 0.273 |   0.273 |    0.274 | 
     | RCA_LSB/F1A/g2__2398                    | A1 ^ -> X ^ | sky130_fd_sc_hd__a21o_2  | 0.157 |   0.430 |    0.431 | 
     | RCA_LSB/F1A/g121__5477                  | A ^ -> Y v  | sky130_fd_sc_hd__nand2_2 | 0.058 |   0.488 |    0.489 | 
     | RCA_LSB/full_adder_loop[1].FA/g84__6783 | A v -> Y ^  | sky130_fd_sc_hd__nand2_2 | 0.061 |   0.549 |    0.550 | 
     | RCA_LSB/full_adder_loop[1].FA/g82__8428 | A ^ -> Y v  | sky130_fd_sc_hd__nand2_2 | 0.060 |   0.609 |    0.610 | 
     | RCA_LSB/full_adder_loop[2].FA/g84__8246 | A v -> Y ^  | sky130_fd_sc_hd__nand2_2 | 0.068 |   0.677 |    0.678 | 
     | RCA_LSB/full_adder_loop[2].FA/g82__1705 | A ^ -> Y v  | sky130_fd_sc_hd__nand2_2 | 0.060 |   0.736 |    0.737 | 
     | RCA_LSB/full_adder_loop[3].FA/g84__4733 | A v -> Y ^  | sky130_fd_sc_hd__nand2_2 | 0.067 |   0.803 |    0.804 | 
     | RCA_LSB/full_adder_loop[3].FA/g82__5115 | A ^ -> Y v  | sky130_fd_sc_hd__nand2_2 | 0.060 |   0.863 |    0.864 | 
     | RCA_LSB/full_adder_loop[4].FA/g84__1666 | A v -> Y ^  | sky130_fd_sc_hd__nand2_2 | 0.067 |   0.930 |    0.932 | 
     | RCA_LSB/full_adder_loop[4].FA/g82__2883 | A ^ -> Y v  | sky130_fd_sc_hd__nand2_2 | 0.060 |   0.990 |    0.992 | 
     | RCA_LSB/full_adder_loop[5].FA/g62__5107 | A v -> Y ^  | sky130_fd_sc_hd__nand2_2 | 0.085 |   1.075 |    1.076 | 
     | RCA_LSB/full_adder_loop[5].FA/g60__2398 | A ^ -> Y v  | sky130_fd_sc_hd__nand2_4 | 0.106 |   1.181 |    1.182 | 
     | g3138                                   | A v -> Y ^  | sky130_fd_sc_hd__inv_2   | 0.098 |   1.279 |    1.281 | 
     | g3123__5115                             | A ^ -> Y v  | sky130_fd_sc_hd__nand2_4 | 0.063 |   1.343 |    1.344 | 
     | g3121__6131                             | A v -> Y ^  | sky130_fd_sc_hd__nand2_8 | 0.084 |   1.426 |    1.428 | 
     | g3117                                   | A ^ -> Y v  | sky130_fd_sc_hd__inv_8   | 0.057 |   1.483 |    1.485 | 
     | g3113__3680                             | B v -> Y ^  | sky130_fd_sc_hd__nand2_4 | 0.090 |   1.573 |    1.574 | 
     | g3139__7482                             | A ^ -> Y v  | sky130_fd_sc_hd__nand2_4 | 0.123 |   1.696 |    1.697 | 
     | g3099__2346                             | B v -> Y ^  | sky130_fd_sc_hd__nor2_1  | 0.152 |   1.849 |    1.850 | 
     | g3087__7098                             | B1 ^ -> X ^ | sky130_fd_sc_hd__a21o_4  | 0.198 |   2.047 |    2.048 | 
     |                                         | S[28] ^     |                          | 0.002 |   2.049 |    2.050 | 
     +---------------------------------------------------------------------------------------------------------------+ 

