    Hinst Name            Module Name          Inst Count           Total Area
---------------------------------------------------------------------------
carry_bypass8_32bits                                  272             2666.307
  BPS1                    bypass8                      71              674.397
    BPS1/FA1              full_adder                    5               87.584
    BPS1/FA2              full_adder_96                 8               62.560
    BPS1/FA3              full_adder_95                 8               65.062
    BPS1/FA4              full_adder_94                 6               60.058
    BPS1/FA5              full_adder_93                 6               60.058
    BPS1/FA6              full_adder_92                 6               60.058
    BPS1/FA7              full_adder_91                 6               60.058
    BPS1/FA8              full_adder_90                 6               60.058
  bypass_loop[1].BPS2     bypass8_7                    68              635.610
    bypass_loop[1].BPS2/FA1 full_adder_89                 7               63.811
    bypass_loop[1].BPS2/FA2 full_adder_88                 6               60.058
    bypass_loop[1].BPS2/FA3 full_adder_87                 6               60.058
    bypass_loop[1].BPS2/FA4 full_adder_86                 6               60.058
    bypass_loop[1].BPS2/FA5 full_adder_85                 6               60.058
    bypass_loop[1].BPS2/FA6 full_adder_84                 6               60.058
    bypass_loop[1].BPS2/FA7 full_adder_83                 6               60.058
    bypass_loop[1].BPS2/FA8 full_adder_82                 6               60.058
  bypass_loop[2].BPS2     bypass8_6                    63              654.378
    bypass_loop[2].BPS2/FA1 full_adder_81                 6               60.058
    bypass_loop[2].BPS2/FA2 full_adder_80                 6               60.058
    bypass_loop[2].BPS2/FA3 full_adder_79                 5               62.560
    bypass_loop[2].BPS2/FA4 full_adder_78                 5               62.560
    bypass_loop[2].BPS2/FA5 full_adder_77                 5               62.560
    bypass_loop[2].BPS2/FA6 full_adder_76                 5               62.560
    bypass_loop[2].BPS2/FA7 full_adder_75                 5               62.560
    bypass_loop[2].BPS2/FA8 full_adder_74                 5               62.560
  bypass_loop[3].BPS2     bypass8_5                    68              694.416
    bypass_loop[3].BPS2/FA1 full_adder_73                 6               61.309
    bypass_loop[3].BPS2/FA2 full_adder_72                 6               61.309
    bypass_loop[3].BPS2/FA3 full_adder_71                 6               61.309
    bypass_loop[3].BPS2/FA4 full_adder_70                 6               62.560
    bypass_loop[3].BPS2/FA5 full_adder_69                 6               62.560
    bypass_loop[3].BPS2/FA6 full_adder_68                 6               71.318
    bypass_loop[3].BPS2/FA7 full_adder_67                 7               82.579
    bypass_loop[3].BPS2/FA8 full_adder_66                 9               85.082
