###############################################################
#  Generated by:      Cadence Innovus 23.32-s091_1
#  OS:                Linux x86_64(Host ID cadmicro-inf-el8-623207)
#  Generated on:      Mon Apr  7 16:52:45 2025
#  Design:            carry_bypass8_32bits
#  Command:           report_timing > reports/report_timing.rpt
###############################################################
Path 1: VIOLATED Path Delay Check
Endpoint:   Cout (v)
Beginpoint: A[0] (v) triggered by  leading edge of '@'
Path Groups: {default}
Analysis View: default_emulate_view
- External Delay                0.000
+ Path Delay                    4.420
= Required Time                 4.420
- Arrival Time                  4.554
= Slack Time                   -0.134
     Clock Rise Edge                      0.000
     + Input Delay                        0.000
     = Beginpoint Arrival Time            0.000
     +----------------------------------------------------------------------------------------------------------+ 
     |              Instance              |     Arc     |           Cell           | Delay | Arrival | Required | 
     |                                    |             |                          |       |  Time   |   Time   | 
     |------------------------------------+-------------+--------------------------+-------+---------+----------| 
     |                                    | A[0] v      |                          |       |   0.000 |   -0.134 | 
     | BPS1/FA1/g30                       | A v -> Y ^  | sky130_fd_sc_hd__nor2_8  | 0.331 |   0.331 |    0.197 | 
     | BPS1/FA1/g28                       | A2 ^ -> Y v | sky130_fd_sc_hd__o21ai_2 | 0.105 |   0.436 |    0.302 | 
     | BPS1/FA2/g124__3680                | A v -> Y ^  | sky130_fd_sc_hd__nand2_4 | 0.074 |   0.510 |    0.377 | 
     | BPS1/FA2/g122__5526                | A ^ -> Y v  | sky130_fd_sc_hd__nand2_4 | 0.052 |   0.562 |    0.429 | 
     | BPS1/FA3/g124__7098                | A v -> Y ^  | sky130_fd_sc_hd__nand2_4 | 0.063 |   0.626 |    0.492 | 
     | BPS1/FA3/g122__5122                | A ^ -> Y v  | sky130_fd_sc_hd__nand2_4 | 0.051 |   0.676 |    0.543 | 
     | BPS1/FA4/g124__6161                | A v -> Y ^  | sky130_fd_sc_hd__nand2_4 | 0.062 |   0.738 |    0.605 | 
     | BPS1/FA4/g122__7482                | A ^ -> Y v  | sky130_fd_sc_hd__nand2_4 | 0.050 |   0.788 |    0.655 | 
     | BPS1/FA5/g124__7410                | A v -> Y ^  | sky130_fd_sc_hd__nand2_4 | 0.063 |   0.851 |    0.717 | 
     | BPS1/FA5/g122__2346                | A ^ -> Y v  | sky130_fd_sc_hd__nand2_4 | 0.050 |   0.901 |    0.768 | 
     | BPS1/FA6/g124__4319                | A v -> Y ^  | sky130_fd_sc_hd__nand2_4 | 0.064 |   0.965 |    0.832 | 
     | BPS1/FA6/g122__5107                | A ^ -> Y v  | sky130_fd_sc_hd__nand2_4 | 0.058 |   1.023 |    0.889 | 
     | BPS1/FA7/g124__2802                | A v -> Y ^  | sky130_fd_sc_hd__nand2_4 | 0.066 |   1.088 |    0.955 | 
     | BPS1/FA7/g122__3680                | A ^ -> Y v  | sky130_fd_sc_hd__nand2_4 | 0.055 |   1.144 |    1.010 | 
     | BPS1/FA8/g124__1881                | A v -> Y ^  | sky130_fd_sc_hd__nand2_4 | 0.066 |   1.210 |    1.077 | 
     | BPS1/FA8/g122__7098                | A ^ -> Y v  | sky130_fd_sc_hd__nand2_4 | 0.047 |   1.258 |    1.124 | 
     | BPS1/g367__382                     | A v -> Y ^  | sky130_fd_sc_hd__nand2_4 | 0.061 |   1.318 |    1.185 | 
     | BPS1/g1                            | A ^ -> Y v  | sky130_fd_sc_hd__nand2_4 | 0.055 |   1.373 |    1.240 | 
     | bypass_loop[1].BPS2/FA1/g124__6783 | A v -> Y ^  | sky130_fd_sc_hd__nand2_4 | 0.065 |   1.438 |    1.304 | 
     | bypass_loop[1].BPS2/FA1/g122__8428 | A ^ -> Y v  | sky130_fd_sc_hd__nand2_4 | 0.054 |   1.492 |    1.358 | 
     | bypass_loop[1].BPS2/FA2/g124__8246 | A v -> Y ^  | sky130_fd_sc_hd__nand2_4 | 0.065 |   1.557 |    1.423 | 
     | bypass_loop[1].BPS2/FA2/g122__1705 | A ^ -> Y v  | sky130_fd_sc_hd__nand2_4 | 0.054 |   1.611 |    1.477 | 
     | bypass_loop[1].BPS2/FA3/g124__4733 | A v -> Y ^  | sky130_fd_sc_hd__nand2_4 | 0.067 |   1.678 |    1.544 | 
     | bypass_loop[1].BPS2/FA3/g122__5115 | A ^ -> Y v  | sky130_fd_sc_hd__nand2_4 | 0.052 |   1.730 |    1.597 | 
     | bypass_loop[1].BPS2/FA4/g124__1666 | A v -> Y ^  | sky130_fd_sc_hd__nand2_4 | 0.062 |   1.793 |    1.659 | 
     | bypass_loop[1].BPS2/FA4/g122__2883 | A ^ -> Y v  | sky130_fd_sc_hd__nand2_4 | 0.051 |   1.843 |    1.710 | 
     | bypass_loop[1].BPS2/FA5/g124__6260 | A v -> Y ^  | sky130_fd_sc_hd__nand2_4 | 0.064 |   1.907 |    1.773 | 
     | bypass_loop[1].BPS2/FA5/g122__2398 | A ^ -> Y v  | sky130_fd_sc_hd__nand2_4 | 0.050 |   1.957 |    1.823 | 
     | bypass_loop[1].BPS2/FA6/g124__1617 | A v -> Y ^  | sky130_fd_sc_hd__nand2_4 | 0.063 |   2.020 |    1.886 | 
     | bypass_loop[1].BPS2/FA6/g122__6783 | A ^ -> Y v  | sky130_fd_sc_hd__nand2_4 | 0.055 |   2.074 |    1.941 | 
     | bypass_loop[1].BPS2/FA7/g124__6131 | A v -> Y ^  | sky130_fd_sc_hd__nand2_4 | 0.063 |   2.138 |    2.004 | 
     | bypass_loop[1].BPS2/FA7/g122__8246 | A ^ -> Y v  | sky130_fd_sc_hd__nand2_4 | 0.050 |   2.188 |    2.055 | 
     | bypass_loop[1].BPS2/FA8/g124__9315 | A v -> Y ^  | sky130_fd_sc_hd__nand2_4 | 0.064 |   2.253 |    2.119 | 
     | bypass_loop[1].BPS2/FA8/g122__4733 | A ^ -> Y v  | sky130_fd_sc_hd__nand2_4 | 0.048 |   2.300 |    2.166 | 
     | bypass_loop[1].BPS2/g19            | A v -> Y ^  | sky130_fd_sc_hd__nand2_4 | 0.060 |   2.360 |    2.227 | 
     | bypass_loop[1].BPS2/g18            | A ^ -> Y v  | sky130_fd_sc_hd__nand2_4 | 0.053 |   2.414 |    2.280 | 
     | bypass_loop[2].BPS2/FA1/g124__8246 | A v -> Y ^  | sky130_fd_sc_hd__nand2_4 | 0.055 |   2.469 |    2.335 | 
     | bypass_loop[2].BPS2/FA1/g122__1705 | A ^ -> Y v  | sky130_fd_sc_hd__nand2_4 | 0.051 |   2.520 |    2.386 | 
     | bypass_loop[2].BPS2/FA2/g124__4733 | A v -> Y ^  | sky130_fd_sc_hd__nand2_4 | 0.062 |   2.582 |    2.449 | 
     | bypass_loop[2].BPS2/FA2/g122__5115 | A ^ -> Y v  | sky130_fd_sc_hd__nand2_4 | 0.052 |   2.634 |    2.501 | 
     | bypass_loop[2].BPS2/FA3/g124__2346 | A v -> Y ^  | sky130_fd_sc_hd__nand2_4 | 0.064 |   2.698 |    2.565 | 
     | bypass_loop[2].BPS2/FA3/g122__2883 | A ^ -> Y v  | sky130_fd_sc_hd__nand2_4 | 0.052 |   2.751 |    2.617 | 
     | bypass_loop[2].BPS2/FA4/g124__2398 | A v -> Y ^  | sky130_fd_sc_hd__nand2_4 | 0.064 |   2.815 |    2.681 | 
     | bypass_loop[2].BPS2/FA4/g122__5477 | A ^ -> Y v  | sky130_fd_sc_hd__nand2_4 | 0.051 |   2.866 |    2.732 | 
     | bypass_loop[2].BPS2/FA5/g124__5526 | A v -> Y ^  | sky130_fd_sc_hd__nand2_4 | 0.065 |   2.930 |    2.796 | 
     | bypass_loop[2].BPS2/FA5/g122__8428 | A ^ -> Y v  | sky130_fd_sc_hd__nand2_4 | 0.052 |   2.982 |    2.848 | 
     | bypass_loop[2].BPS2/FA6/g124__1705 | A v -> Y ^  | sky130_fd_sc_hd__nand2_4 | 0.062 |   3.044 |    2.911 | 
     | bypass_loop[2].BPS2/FA6/g122__2802 | A ^ -> Y v  | sky130_fd_sc_hd__nand2_4 | 0.051 |   3.095 |    2.962 | 
     | bypass_loop[2].BPS2/FA7/g124__1881 | A v -> Y ^  | sky130_fd_sc_hd__nand2_4 | 0.066 |   3.162 |    3.028 | 
     | bypass_loop[2].BPS2/FA7/g122__6131 | A ^ -> Y v  | sky130_fd_sc_hd__nand2_4 | 0.052 |   3.214 |    3.080 | 
     | bypass_loop[2].BPS2/FA8/g124__9945 | A v -> Y ^  | sky130_fd_sc_hd__nand2_4 | 0.065 |   3.279 |    3.145 | 
     | bypass_loop[2].BPS2/FA8/g122__6161 | A ^ -> Y v  | sky130_fd_sc_hd__nand2_4 | 0.047 |   3.326 |    3.193 | 
     | bypass_loop[2].BPS2/g19            | A v -> Y ^  | sky130_fd_sc_hd__nand2_4 | 0.061 |   3.388 |    3.254 | 
     | bypass_loop[2].BPS2/g18            | A ^ -> Y v  | sky130_fd_sc_hd__nand2_4 | 0.058 |   3.446 |    3.312 | 
     | bypass_loop[3].BPS2/FA1/g124__7098 | A v -> Y ^  | sky130_fd_sc_hd__nand2_4 | 0.057 |   3.502 |    3.369 | 
     | bypass_loop[3].BPS2/FA1/g122__5122 | A ^ -> Y v  | sky130_fd_sc_hd__nand2_4 | 0.051 |   3.553 |    3.420 | 
     | bypass_loop[3].BPS2/FA2/g124__6161 | A v -> Y ^  | sky130_fd_sc_hd__nand2_4 | 0.064 |   3.617 |    3.484 | 
     | bypass_loop[3].BPS2/FA2/g122__7482 | A ^ -> Y v  | sky130_fd_sc_hd__nand2_4 | 0.054 |   3.671 |    3.538 | 
     | bypass_loop[3].BPS2/FA3/g124__7410 | A v -> Y ^  | sky130_fd_sc_hd__nand2_4 | 0.064 |   3.735 |    3.602 | 
     | bypass_loop[3].BPS2/FA3/g122__2346 | A ^ -> Y v  | sky130_fd_sc_hd__nand2_4 | 0.053 |   3.788 |    3.655 | 
     | bypass_loop[3].BPS2/FA4/g124__4319 | A v -> Y ^  | sky130_fd_sc_hd__nand2_4 | 0.065 |   3.854 |    3.720 | 
     | bypass_loop[3].BPS2/FA4/g122__5107 | A ^ -> Y v  | sky130_fd_sc_hd__nand2_4 | 0.053 |   3.907 |    3.773 | 
     | bypass_loop[3].BPS2/FA5/g124__2802 | A v -> Y ^  | sky130_fd_sc_hd__nand2_4 | 0.066 |   3.972 |    3.839 | 
     | bypass_loop[3].BPS2/FA5/g122__3680 | A ^ -> Y v  | sky130_fd_sc_hd__nand2_4 | 0.052 |   4.024 |    3.891 | 
     | bypass_loop[3].BPS2/FA6/g124__1881 | A v -> Y ^  | sky130_fd_sc_hd__nand2_4 | 0.066 |   4.090 |    3.957 | 
     | bypass_loop[3].BPS2/FA6/g122__7098 | A ^ -> Y v  | sky130_fd_sc_hd__nand2_4 | 0.056 |   4.147 |    4.013 | 
     | bypass_loop[3].BPS2/FA7/g126__2883 | A v -> Y ^  | sky130_fd_sc_hd__nand2_4 | 0.065 |   4.212 |    4.078 | 
     | bypass_loop[3].BPS2/FA7/g122__6161 | A ^ -> Y v  | sky130_fd_sc_hd__nand2_4 | 0.054 |   4.266 |    4.133 | 
     | bypass_loop[3].BPS2/FA8/g126__6260 | A v -> Y ^  | sky130_fd_sc_hd__nand2_4 | 0.066 |   4.332 |    4.198 | 
     | bypass_loop[3].BPS2/FA8/g122__5477 | A ^ -> Y v  | sky130_fd_sc_hd__nand2_4 | 0.047 |   4.378 |    4.245 | 
     | bypass_loop[3].BPS2/g401__3680     | A v -> Y ^  | sky130_fd_sc_hd__nand2_4 | 0.078 |   4.456 |    4.322 | 
     | bypass_loop[3].BPS2/g2__6161       | A ^ -> Y v  | sky130_fd_sc_hd__nand2_8 | 0.096 |   4.552 |    4.418 | 
     |                                    | Cout v      |                          | 0.002 |   4.554 |    4.420 | 
     +----------------------------------------------------------------------------------------------------------+ 

