============================================================
  Generated by:           Genus(TM) Synthesis Solution 23.12-s086_1
  Generated on:           Apr 07 2025  06:55:11 pm
  Module:                 carry_select_adder_68810_32bits
  Operating conditions:   tt_025C_1v80 
  Interconnect mode:      global
  Area mode:              physical library
============================================================

Timing
-------
  Cost    Critical             Violating 
 Group   Path Slack    TNS       Paths   
-----------------------------------------
default      -150.4   -2608.4         20 
-----------------------------------------
Total                 -2608.4         20 

Instance Count
--------------
Leaf Instance Count             670 
Physical Instance count           0 
Sequential Instance Count         0 
Combinational Instance Count    670 
Hierarchical Instance Count      65 

Area
----
Cell Area                          4626.938
Physical Cell Area                 0.000
Total Cell Area (Cell+Physical)    4626.938
Net Area                           3152.613
Total Area (Cell+Physical+Net)     7779.551

Max Fanout                         14 (n_498)
Min Fanout                         1 (C0[2])
Average Fanout                     1.5
Terms to net ratio                 2.4071
Terms to instance ratio            2.6478
Runtime                            31.501350000000002 seconds
Elapsed Runtime                    34 seconds
Genus peak memory usage            1900.48 
Innovus peak memory usage          no_value 
Hostname                           cadmicro-inf-el8-623207
