============================================================
  Generated by:           Genus(TM) Synthesis Solution 23.12-s086_1
  Generated on:           Apr 07 2025  06:55:11 pm
  Module:                 carry_select_adder_68810_32bits
  Operating conditions:   tt_025C_1v80 
  Interconnect mode:      global
  Area mode:              physical library
============================================================

            Instance                         Module              Cell-Count  Cell-Area  Net-Area   Total-Area 
--------------------------------------------------------------------------------------------------------------
carry_select_adder_68810_32bits NA                                      670   4626.938  3152.613     7779.551 
  CSA_BLOCKS[1].RCA_C0          ripple_carry_adder_WIDTH8                62    521.750   207.976      729.726 
    F1A                         full_adder_32_225                         5     31.280    13.488       44.768 
    full_adder_loop[1].FA       full_adder_219                           11     78.826    37.157      115.983 
    full_adder_loop[2].FA       full_adder_218                           11     75.072    37.157      112.229 
    full_adder_loop[3].FA       full_adder_217                            9     65.062    23.756       88.819 
    full_adder_loop[4].FA       full_adder_216                            7     65.062    16.969       82.031 
    full_adder_loop[5].FA       full_adder_215                            7     65.062    16.969       82.031 
    full_adder_loop[6].FA       full_adder_214                            6     71.318    13.575       84.893 
    full_adder_loop[7].FA       full_adder_213                            6     70.067    13.575       83.642 
  CSA_BLOCKS[1].RCA_C1          ripple_carry_adder_WIDTH8_3_228          71    554.282   248.439      802.721 
    F1A                         full_adder_40_226                         6     43.792    16.882       60.674 
    full_adder_loop[1].FA       full_adder_203                           11     78.826    37.157      115.983 
    full_adder_loop[2].FA       full_adder_202                           11     77.574    37.157      114.732 
    full_adder_loop[3].FA       full_adder_201                            9     67.565    23.756       91.321 
    full_adder_loop[4].FA       full_adder_200                            7     65.062    16.969       82.031 
    full_adder_loop[5].FA       full_adder_199                            9     72.570    27.063       99.633 
    full_adder_loop[6].FA       full_adder_198                            9     72.570    27.063       99.633 
    full_adder_loop[7].FA       full_adder_197                            9     76.323    27.063      103.386 
  CSA_BLOCKS[2].RCA_C0          ripple_carry_adder_WIDTH8_227            65    490.470   221.463      711.934 
    F1A                         full_adder_32                             4     28.778    10.094       38.872 
    full_adder_loop[1].FA       full_adder_196                           11     73.821    37.157      110.978 
    full_adder_loop[2].FA       full_adder_195                           11     70.067    37.157      107.224 
    full_adder_loop[3].FA       full_adder_194                            9     66.314    23.756       90.070 
    full_adder_loop[4].FA       full_adder_193                            7     60.058    16.969       77.026 
    full_adder_loop[5].FA       full_adder_192                            7     65.062    16.969       82.031 
    full_adder_loop[6].FA       full_adder_191                            7     58.806    16.969       75.775 
    full_adder_loop[7].FA       full_adder_190                            9     67.565    27.063       94.628 
  CSA_BLOCKS[2].RCA_C1          ripple_carry_adder_WIDTH8_3              68    512.992   234.951      747.943 
    F1A                         full_adder_40                             5     32.531    13.488       46.019 
    full_adder_loop[1].FA       full_adder_189                           11     70.067    37.157      107.224 
    full_adder_loop[2].FA       full_adder_188                           11     75.072    37.157      112.229 
    full_adder_loop[3].FA       full_adder_187                            9     66.314    23.756       90.070 
    full_adder_loop[4].FA       full_adder_186                            7     65.062    16.969       82.031 
    full_adder_loop[5].FA       full_adder_185                            9     72.570    27.063       99.633 
    full_adder_loop[6].FA       full_adder_184                            9     72.570    27.063       99.633 
    full_adder_loop[7].FA       full_adder_183                            7     58.806    16.969       75.775 
  CSA_BLOCKS[3].RCA_C0          ripple_carry_adder_WIDTH10               71    506.736   241.739      748.475 
    F1A                         full_adder_14                             4     22.522    10.094       32.616 
    full_adder_loop[1].FA       full_adder_212                           10     52.550    33.763       86.314 
    full_adder_loop[2].FA       full_adder_211                           11     56.304    37.157       93.461 
    full_adder_loop[3].FA       full_adder_210                            9     63.811    23.756       87.567 
    full_adder_loop[4].FA       full_adder_209                            6     53.802    13.575       67.377 
    full_adder_loop[5].FA       full_adder_208                            7     56.304    16.969       73.273 
    full_adder_loop[6].FA       full_adder_207                            7     56.304    16.969       73.273 
    full_adder_loop[7].FA       full_adder_206                            6     50.048    13.575       63.623 
    full_adder_loop[8].FA       full_adder_205                            6     50.048    13.575       63.623 
    full_adder_loop[9].FA       full_adder_204                            5     45.043    15.228       60.272 
  CSA_BLOCKS[3].RCA_C1          ripple_carry_adder_WIDTH10_1             77    447.930   258.795      706.724 
    F1A                         full_adder_48                             5     26.275    13.488       39.763 
    full_adder_loop[1].FA       full_adder_182                           11     52.550    37.157       89.708 
    full_adder_loop[2].FA       full_adder_181                           11     51.299    37.157       88.456 
    full_adder_loop[3].FA       full_adder_180                            9     51.299    23.756       75.055 
    full_adder_loop[4].FA       full_adder_179                            7     45.043    16.969       62.012 
    full_adder_loop[5].FA       full_adder_178                            7     43.792    16.969       60.761 
    full_adder_loop[6].FA       full_adder_177                            7     43.792    16.969       60.761 
    full_adder_loop[7].FA       full_adder_176                            7     43.792    16.969       60.761 
    full_adder_loop[8].FA       full_adder_175                            7     43.792    16.969       60.761 
    full_adder_loop[9].FA       full_adder_174                            6     46.294    16.969       63.263 
  RCA_LSB                       ripple_carry_adder_WIDTH6                45    406.640   150.456      557.096 
    F1A                         full_adder                                9     53.802    27.063       80.865 
    full_adder_loop[1].FA       full_adder_224                           11     70.067    37.157      107.224 
    full_adder_loop[2].FA       full_adder_223                            8     70.067    22.016       92.083 
    full_adder_loop[3].FA       full_adder_222                            5     66.314    10.181       76.495 
    full_adder_loop[4].FA       full_adder_221                            7     73.821    18.622       92.443 
    full_adder_loop[5].FA       full_adder_220                            5     72.570    10.181       82.751 
