============================================================
  Generated by:           Genus(TM) Synthesis Solution 23.12-s086_1
  Generated on:           Apr 07 2025  06:55:11 pm
  Module:                 carry_select_adder_68810_32bits
  Operating conditions:   tt_025C_1v80 
  Interconnect mode:      global
  Area mode:              physical library
============================================================


Path 1: VIOLATED (-150 ps) Path Delay Check
     Startpoint: (F) A[6]
       Endpoint: (R) S[25]

                   Capture    Launch  
      Path Delay:+    1650         -  
      Drv Adjust:+       0         0  
         Arrival:=    1650            
                                      
   Required Time:=    1650            
       Data Path:-    1800            
           Slack:=    -150            

Exceptions/Constraints:
  max_delay             1650            constraints.sdc_line_1 

#------------------------------------------------------------------------------------------------------------------------------------------------
#                      Timing Point                       Flags   Arc   Edge           Cell             Fanout Load Trans Delay Arrival Instance 
#                                                                                                              (fF)  (ps)  (ps)   (ps)  Location 
#------------------------------------------------------------------------------------------------------------------------------------------------
  A[6]                                                    -       -     F     (arrival)                      2  5.9  1000     0       0    (-,-) 
  g14597/X                                                -       A->X  F     sky130_fd_sc_hd__clkbuf_1      1  6.1    64   328     328    (-,-) 
  CSA_BLOCKS[1].RCA_C1/F1A/g60/Y                          -       A->Y  R     sky130_fd_sc_hd__clkinv_2      2 12.9    54    72     400    (-,-) 
  CSA_BLOCKS[1].RCA_C1/F1A/g8/Y                           -       B->Y  F     sky130_fd_sc_hd__nand2_4       2 12.3    39    56     456    (-,-) 
  CSA_BLOCKS[1].RCA_C1/full_adder_loop[1].FA/g22/Y        -       B->Y  R     sky130_fd_sc_hd__nand2_4       1 10.1    52    67     523    (-,-) 
  CSA_BLOCKS[1].RCA_C1/full_adder_loop[1].FA/g21/Y        -       A->Y  F     sky130_fd_sc_hd__nand2_4       2 11.8    38    50     573    (-,-) 
  CSA_BLOCKS[1].RCA_C1/full_adder_loop[2].FA/g124__6417/Y -       A->Y  R     sky130_fd_sc_hd__nand2_4       1 10.1    52    56     630    (-,-) 
  CSA_BLOCKS[1].RCA_C1/full_adder_loop[2].FA/g122__1666/Y -       A->Y  F     sky130_fd_sc_hd__nand2_4       2 11.8    38    50     680    (-,-) 
  CSA_BLOCKS[1].RCA_C1/full_adder_loop[3].FA/g124__8428/Y -       A->Y  R     sky130_fd_sc_hd__nand2_4       1 10.1    52    56     736    (-,-) 
  CSA_BLOCKS[1].RCA_C1/full_adder_loop[3].FA/g122__6260/Y -       A->Y  F     sky130_fd_sc_hd__nand2_4       2 11.8    40    50     787    (-,-) 
  CSA_BLOCKS[1].RCA_C1/full_adder_loop[4].FA/g124__1705/Y -       A->Y  R     sky130_fd_sc_hd__nand2_4       1 10.1    52    57     844    (-,-) 
  CSA_BLOCKS[1].RCA_C1/full_adder_loop[4].FA/g122__1617/Y -       A->Y  F     sky130_fd_sc_hd__nand2_4       2 11.8    38    50     894    (-,-) 
  CSA_BLOCKS[1].RCA_C1/full_adder_loop[5].FA/g16/Y        -       A->Y  R     sky130_fd_sc_hd__nand2_4       1 10.1    52    56     951    (-,-) 
  CSA_BLOCKS[1].RCA_C1/full_adder_loop[5].FA/g15/Y        -       A->Y  F     sky130_fd_sc_hd__nand2_4       2 11.8    38    50    1001    (-,-) 
  CSA_BLOCKS[1].RCA_C1/full_adder_loop[6].FA/g16/Y        -       A->Y  R     sky130_fd_sc_hd__nand2_4       1 10.1    52    56    1057    (-,-) 
  CSA_BLOCKS[1].RCA_C1/full_adder_loop[6].FA/g15/Y        -       A->Y  F     sky130_fd_sc_hd__nand2_4       2 11.8    38    50    1108    (-,-) 
  CSA_BLOCKS[1].RCA_C1/full_adder_loop[7].FA/g124__2398/Y -       A->Y  R     sky130_fd_sc_hd__nand2_4       1 10.1    52    56    1164    (-,-) 
  CSA_BLOCKS[1].RCA_C1/full_adder_loop[7].FA/g122__6417/Y -       A->Y  F     sky130_fd_sc_hd__nand2_4       3 14.4    42    54    1219    (-,-) 
  g11/Y                                                   -       A->Y  R     sky130_fd_sc_hd__clkinv_2      1 10.6    45    56    1275    (-,-) 
  g14691/Y                                                -       B->Y  F     sky130_fd_sc_hd__nand2_4       3 12.7    39    54    1329    (-,-) 
  g46/Y                                                   -       B->Y  R     sky130_fd_sc_hd__nand3_2       1 10.6    83    87    1416    (-,-) 
  g32/Y                                                   -       B->Y  F     sky130_fd_sc_hd__nand2_4       9 30.7    78    91    1508    (-,-) 
  fopt14612/Y                                             -       A->Y  R     sky130_fd_sc_hd__inv_2         2 11.1    61    81    1589    (-,-) 
  g14689/Y                                                -       A->Y  F     sky130_fd_sc_hd__nand2_2       1  9.6    62    62    1651    (-,-) 
  g14688/Y                                                -       A->Y  R     sky130_fd_sc_hd__nand2_4       1 51.3   165   149    1800    (-,-) 
  S[25]                                                   <<<     -     R     (port)                         -    -     -     0    1800    (-,-) 
#------------------------------------------------------------------------------------------------------------------------------------------------

