============================================================
  Generated by:           Genus(TM) Synthesis Solution 23.12-s086_1
  Generated on:           Apr 07 2025  03:00:33 pm
  Module:                 kogge_stone_32bits
  Operating conditions:   tt_025C_1v80 
  Interconnect mode:      global
  Area mode:              physical library
============================================================

Timing
-------
  Cost    Critical         Violating 
 Group   Path Slack  TNS     Paths   
-------------------------------------
default         0.3   0.0          0 
-------------------------------------
Total                 0.0          0 

Instance Count
--------------
Leaf Instance Count             561 
Physical Instance count           0 
Sequential Instance Count         0 
Combinational Instance Count    561 
Hierarchical Instance Count     515 

Area
----
Cell Area                          4082.666
Physical Cell Area                 0.000
Total Cell Area (Cell+Physical)    4082.666
Net Area                           3090.046
Total Area (Cell+Physical+Net)     7172.712

Max Fanout                         33 (n_0)
Min Fanout                         1 (C[0])
Average Fanout                     1.9
Terms to net ratio                 2.7859
Terms to instance ratio            3.1087
Runtime                            16.793742 seconds
Elapsed Runtime                    18 seconds
Genus peak memory usage            1896.14 
Innovus peak memory usage          no_value 
Hostname                           cadmicro-inf-el8-623207
