============================================================
  Generated by:           Genus(TM) Synthesis Solution 23.12-s086_1
  Generated on:           Apr 07 2025  05:30:19 pm
  Module:                 carry_select_adder
  Operating conditions:   tt_025C_1v80 
  Interconnect mode:      global
  Area mode:              physical library
============================================================

Timing
-------
  Cost    Critical         Violating 
 Group   Path Slack  TNS     Paths   
-------------------------------------
default         0.0   0.0          0 
-------------------------------------
Total                 0.0          0 

Instance Count
--------------
Leaf Instance Count             412 
Physical Instance count           0 
Sequential Instance Count         0 
Combinational Instance Count    412 
Hierarchical Instance Count      67 

Area
----
Cell Area                          2786.422
Physical Cell Area                 0.000
Total Cell Area (Cell+Physical)    2786.422
Net Area                           2198.015
Total Area (Cell+Physical+Net)     4984.437

Max Fanout                         11 (n_3)
Min Fanout                         1 (C0[1])
Average Fanout                     1.6
Terms to net ratio                 2.4024
Terms to instance ratio            2.9272
Runtime                            15.568546 seconds
Elapsed Runtime                    16 seconds
Genus peak memory usage            1893.64 
Innovus peak memory usage          no_value 
Hostname                           cadmicro-inf-el8-623207
