###############################################################
#  Generated by:      Cadence Innovus 23.32-s091_1
#  OS:                Linux x86_64(Host ID cadmicro-inf-el8-623207)
#  Generated on:      Mon Apr  7 14:39:13 2025
#  Design:            ripple_carry_adder_8bits
#  Command:           report_timing > reports/report_timing.rpt
###############################################################
Path 1: VIOLATED Path Delay Check
Endpoint:   S[7] (^)
Beginpoint: A[0] (v) triggered by  leading edge of '@'
Path Groups: {default}
Analysis View: default_emulate_view
- External Delay                0.000
+ Path Delay                    1.340
= Required Time                 1.340
- Arrival Time                  1.399
= Slack Time                   -0.059
     Clock Rise Edge                      0.000
     + Input Delay                        0.000
     = Beginpoint Arrival Time            0.000
     +---------------------------------------------------------------------------------------------------------+ 
     |             Instance             |     Arc     |           Cell            | Delay | Arrival | Required | 
     |                                  |             |                           |       |  Time   |   Time   | 
     |----------------------------------+-------------+---------------------------+-------+---------+----------| 
     |                                  | A[0] v      |                           |       |   0.000 |   -0.059 | 
     | F1A/g196__6260                   | A v -> Y ^  | sky130_fd_sc_hd__nor2_8   | 0.333 |   0.333 |    0.275 | 
     | F1A/g192__2398                   | A2 ^ -> Y v | sky130_fd_sc_hd__o21ai_2  | 0.110 |   0.443 |    0.384 | 
     | full_adder_loop[1].FA/g12        | A v -> Y ^  | sky130_fd_sc_hd__nand2_4  | 0.072 |   0.515 |    0.456 | 
     | full_adder_loop[1].FA/g11        | A ^ -> Y v  | sky130_fd_sc_hd__nand2_4  | 0.051 |   0.566 |    0.507 | 
     | full_adder_loop[2].FA/g7         | A v -> Y ^  | sky130_fd_sc_hd__nand2_4  | 0.066 |   0.632 |    0.573 | 
     | full_adder_loop[2].FA/g122__1705 | A ^ -> Y v  | sky130_fd_sc_hd__nand2_4  | 0.050 |   0.682 |    0.623 | 
     | full_adder_loop[3].FA/g124__7482 | A v -> Y ^  | sky130_fd_sc_hd__nand2_4  | 0.063 |   0.746 |    0.687 | 
     | full_adder_loop[3].FA/g122__1881 | A ^ -> Y v  | sky130_fd_sc_hd__nand2_4  | 0.053 |   0.798 |    0.739 | 
     | full_adder_loop[4].FA/g124__2883 | A v -> Y ^  | sky130_fd_sc_hd__nand2_4  | 0.064 |   0.862 |    0.803 | 
     | full_adder_loop[4].FA/g122__9315 | A ^ -> Y v  | sky130_fd_sc_hd__nand2_4  | 0.061 |   0.924 |    0.865 | 
     | full_adder_loop[5].FA/g124__5477 | A v -> Y ^  | sky130_fd_sc_hd__nand2_4  | 0.068 |   0.992 |    0.933 | 
     | full_adder_loop[5].FA/g122__7410 | A ^ -> Y v  | sky130_fd_sc_hd__nand2_4  | 0.061 |   1.053 |    0.994 | 
     | full_adder_loop[6].FA/g125__5526 | A v -> Y ^  | sky130_fd_sc_hd__nand2_4  | 0.069 |   1.122 |    1.063 | 
     | full_adder_loop[6].FA/g123__4319 | A ^ -> Y v  | sky130_fd_sc_hd__nand2_4  | 0.056 |   1.178 |    1.119 | 
     | full_adder_loop[7].FA/g32        | A v -> Y ^  | sky130_fd_sc_hd__clkinv_2 | 0.062 |   1.240 |    1.181 | 
     | full_adder_loop[7].FA/g29        | A ^ -> Y v  | sky130_fd_sc_hd__nand2_4  | 0.055 |   1.296 |    1.237 | 
     | full_adder_loop[7].FA/g27        | A v -> Y ^  | sky130_fd_sc_hd__nand2_8  | 0.102 |   1.398 |    1.339 | 
     |                                  | S[7] ^      |                           | 0.001 |   1.399 |    1.340 | 
     +---------------------------------------------------------------------------------------------------------+ 

