============================================================
  Generated by:           Genus(TM) Synthesis Solution 23.12-s086_1
  Generated on:           Apr 03 2025  03:03:03 pm
  Module:                 carry_select_adder_68810_32bits
  Operating conditions:   tt_025C_1v80 
  Interconnect mode:      global
  Area mode:              physical library
============================================================


Path 1: MET (194537 ps) Path Delay Check
     Startpoint: (F) B[6]
       Endpoint: (F) Cout

                   Capture    Launch  
      Path Delay:+  200000         -  
      Drv Adjust:+       0         0  
         Arrival:=  200000            
                                      
   Required Time:=  200000            
       Data Path:-    5463            
           Slack:=  194537            

Exceptions/Constraints:
  max_delay            200000           constraints.sdc_line_1 

#-----------------------------------------------------------------------------------------------------------------------------------------------------
#                       Timing Point                        Flags     Arc     Edge           Cell            Fanout Load Trans Delay Arrival Instance 
#                                                                                                                   (fF)  (ps)  (ps)   (ps)  Location 
#-----------------------------------------------------------------------------------------------------------------------------------------------------
  B[6]                                                      -       -         F     (arrival)                     3 11.3  1000     0       0    (-,-) 
  CSA_BLOCKS[1].RCA_C0/F1A/g28__2398/COUT                   -       A->COUT   F     sky130_fd_sc_hd__ha_1         1  7.9    86   601     601    (-,-) 
  CSA_BLOCKS[1].RCA_C0/full_adder_loop[1].FA/g65__5107/COUT -       A->COUT   F     sky130_fd_sc_hd__fa_1         1  5.8    96   445    1047    (-,-) 
  CSA_BLOCKS[1].RCA_C0/full_adder_loop[2].FA/g65__6260/COUT -       CIN->COUT F     sky130_fd_sc_hd__fa_1         1  5.8    96   396    1443    (-,-) 
  CSA_BLOCKS[1].RCA_C0/full_adder_loop[3].FA/g65__4319/COUT -       CIN->COUT F     sky130_fd_sc_hd__fa_1         1  5.8    96   396    1839    (-,-) 
  CSA_BLOCKS[1].RCA_C0/full_adder_loop[4].FA/g65__8428/COUT -       CIN->COUT F     sky130_fd_sc_hd__fa_1         1  5.8    96   396    2236    (-,-) 
  CSA_BLOCKS[1].RCA_C0/full_adder_loop[5].FA/g65__5526/COUT -       CIN->COUT F     sky130_fd_sc_hd__fa_1         1  5.8    96   396    2632    (-,-) 
  CSA_BLOCKS[1].RCA_C0/full_adder_loop[6].FA/g65__6783/COUT -       CIN->COUT F     sky130_fd_sc_hd__fa_1         1  5.8    96   396    3028    (-,-) 
  CSA_BLOCKS[1].RCA_C0/full_adder_loop[7].FA/g65__3680/COUT -       CIN->COUT F     sky130_fd_sc_hd__fa_1         1  3.4    83   377    3405    (-,-) 
  g554__2398/Y                                              -       A0->Y     R     sky130_fd_sc_hd__mux2i_1      9 38.1   825   633    4038    (-,-) 
  g545__6161/Y                                              -       S->Y      R     sky130_fd_sc_hd__mux2i_1     11 44.7   956   877    4915    (-,-) 
  g534__1617/X                                              -       S->X      F     sky130_fd_sc_hd__mux2_2       1 51.3   158   548    5462    (-,-) 
  Cout                                                      -       -         F     (port)                        -    -     -     0    5463    (-,-) 
#-----------------------------------------------------------------------------------------------------------------------------------------------------

