============================================================
  Generated by:           Genus(TM) Synthesis Solution 23.12-s086_1
  Generated on:           Apr 07 2025  05:17:30 pm
  Module:                 carry_skip4_32bits
  Operating conditions:   tt_025C_1v80 
  Interconnect mode:      global
  Area mode:              physical library
============================================================


Path 1: VIOLATED (-28 ps) Path Delay Check
     Startpoint: (F) A[0]
       Endpoint: (F) Cout

                   Capture    Launch  
      Path Delay:+    4710         -  
      Drv Adjust:+       0         0  
         Arrival:=    4710            
                                      
   Required Time:=    4710            
       Data Path:-    4738            
           Slack:=     -28            

Exceptions/Constraints:
  max_delay             4710            constraints.sdc_line_1 

#-----------------------------------------------------------------------------------------------------------------------------
#            Timing Point              Flags   Arc   Edge           Cell             Fanout Load Trans Delay Arrival Instance 
#                                                                                           (fF)  (ps)  (ps)   (ps)  Location 
#-----------------------------------------------------------------------------------------------------------------------------
  A[0]                                 -       -     F     (arrival)                      1  8.0  1000     0       0    (-,-) 
  g59/X                                -       A->X  F     sky130_fd_sc_hd__buf_8         4 20.7    56   425     425    (-,-) 
  CSKIP1/FA1/g194__6260/Y              -       A->Y  R     sky130_fd_sc_hd__nor2_4        1  6.0    72   105     530    (-,-) 
  CSKIP1/FA1/g191__2398/Y              -       A2->Y F     sky130_fd_sc_hd__o21ai_2       2 11.8    62    77     607    (-,-) 
  CSKIP1/FA2/g124__3680/Y              -       A->Y  R     sky130_fd_sc_hd__nand2_4       1 10.1    55    67     674    (-,-) 
  CSKIP1/FA2/g122__5526/Y              -       A->Y  F     sky130_fd_sc_hd__nand2_4       2 11.8    38    51     725    (-,-) 
  CSKIP1/FA3/g124__7098/Y              -       A->Y  R     sky130_fd_sc_hd__nand2_4       1 10.1    52    57     781    (-,-) 
  CSKIP1/FA3/g122__5122/Y              -       A->Y  F     sky130_fd_sc_hd__nand2_4       2 11.8    38    50     832    (-,-) 
  CSKIP1/FA4/g124__6161/Y              -       A->Y  R     sky130_fd_sc_hd__nand2_4       1 10.1    52    56     888    (-,-) 
  CSKIP1/FA4/g122__7482/Y              -       A->Y  F     sky130_fd_sc_hd__nand2_4       1 10.8    37    49     937    (-,-) 
  CSKIP1/g74/Y                         -       A->Y  R     sky130_fd_sc_hd__clkinv_4      1 10.1    29    43     979    (-,-) 
  CSKIP1/g183__2346/Y                  -       A->Y  F     sky130_fd_sc_hd__nand2_4       3 14.0    45    46    1026    (-,-) 
  skip_loop[1].CSKIP2/FA1/g124__8428/Y -       A->Y  R     sky130_fd_sc_hd__nand2_4       1 10.1    52    60    1085    (-,-) 
  skip_loop[1].CSKIP2/FA1/g122__6260/Y -       A->Y  F     sky130_fd_sc_hd__nand2_4       2 11.8    38    50    1135    (-,-) 
  skip_loop[1].CSKIP2/FA2/g124__1705/Y -       A->Y  R     sky130_fd_sc_hd__nand2_4       1 10.1    52    56    1192    (-,-) 
  skip_loop[1].CSKIP2/FA2/g122__1617/Y -       A->Y  F     sky130_fd_sc_hd__nand2_4       2 11.8    38    50    1242    (-,-) 
  skip_loop[1].CSKIP2/FA3/g124__5115/Y -       A->Y  R     sky130_fd_sc_hd__nand2_4       1 10.1    52    56    1299    (-,-) 
  skip_loop[1].CSKIP2/FA3/g122__6131/Y -       A->Y  F     sky130_fd_sc_hd__nand2_4       2 11.8    38    50    1349    (-,-) 
  skip_loop[1].CSKIP2/FA4/g124__2883/Y -       A->Y  R     sky130_fd_sc_hd__nand2_4       1 10.1    52    56    1406    (-,-) 
  skip_loop[1].CSKIP2/FA4/g122__9315/Y -       A->Y  F     sky130_fd_sc_hd__nand2_4       1  9.9    35    47    1453    (-,-) 
  skip_loop[1].CSKIP2/g37/Y            -       A->Y  R     sky130_fd_sc_hd__inv_4         1 10.1    37    49    1502    (-,-) 
  skip_loop[1].CSKIP2/g159/Y           -       A->Y  F     sky130_fd_sc_hd__nand2_4       3 14.0    41    49    1550    (-,-) 
  skip_loop[2].CSKIP2/FA1/g124__3680/Y -       A->Y  R     sky130_fd_sc_hd__nand2_4       1 10.1    52    58    1608    (-,-) 
  skip_loop[2].CSKIP2/FA1/g122__5526/Y -       A->Y  F     sky130_fd_sc_hd__nand2_4       2 11.8    38    50    1659    (-,-) 
  skip_loop[2].CSKIP2/FA2/g124__7098/Y -       A->Y  R     sky130_fd_sc_hd__nand2_4       1 10.1    52    56    1715    (-,-) 
  skip_loop[2].CSKIP2/FA2/g122__5122/Y -       A->Y  F     sky130_fd_sc_hd__nand2_4       2 11.8    38    50    1766    (-,-) 
  skip_loop[2].CSKIP2/FA3/g124__6161/Y -       A->Y  R     sky130_fd_sc_hd__nand2_4       1 10.1    52    56    1822    (-,-) 
  skip_loop[2].CSKIP2/FA3/g122__7482/Y -       A->Y  F     sky130_fd_sc_hd__nand2_4       2 11.8    38    50    1872    (-,-) 
  skip_loop[2].CSKIP2/FA4/g124__7410/Y -       A->Y  R     sky130_fd_sc_hd__nand2_4       1 10.1    52    56    1929    (-,-) 
  skip_loop[2].CSKIP2/FA4/g122__2346/Y -       A->Y  F     sky130_fd_sc_hd__nand2_4       1  9.9    35    47    1976    (-,-) 
  skip_loop[2].CSKIP2/g37/Y            -       A->Y  R     sky130_fd_sc_hd__inv_4         1 10.1    37    49    2025    (-,-) 
  skip_loop[2].CSKIP2/g159/Y           -       A->Y  F     sky130_fd_sc_hd__nand2_4       3 14.0    41    49    2074    (-,-) 
  skip_loop[3].CSKIP2/FA1/g124__1705/Y -       A->Y  R     sky130_fd_sc_hd__nand2_4       1 10.1    52    58    2132    (-,-) 
  skip_loop[3].CSKIP2/FA1/g122__1617/Y -       A->Y  F     sky130_fd_sc_hd__nand2_4       2 11.8    38    50    2182    (-,-) 
  skip_loop[3].CSKIP2/FA2/g124__5115/Y -       A->Y  R     sky130_fd_sc_hd__nand2_4       1 10.1    52    56    2239    (-,-) 
  skip_loop[3].CSKIP2/FA2/g122__6131/Y -       A->Y  F     sky130_fd_sc_hd__nand2_4       2 11.8    38    50    2289    (-,-) 
  skip_loop[3].CSKIP2/FA3/g124__2883/Y -       A->Y  R     sky130_fd_sc_hd__nand2_4       1 10.1    52    56    2345    (-,-) 
  skip_loop[3].CSKIP2/FA3/g122__9315/Y -       A->Y  F     sky130_fd_sc_hd__nand2_4       2 11.8    38    50    2396    (-,-) 
  skip_loop[3].CSKIP2/FA4/g124__2398/Y -       A->Y  R     sky130_fd_sc_hd__nand2_4       1 10.1    52    56    2452    (-,-) 
  skip_loop[3].CSKIP2/FA4/g122__6417/Y -       A->Y  F     sky130_fd_sc_hd__nand2_4       1  9.9    35    47    2500    (-,-) 
  skip_loop[3].CSKIP2/g37/Y            -       A->Y  R     sky130_fd_sc_hd__inv_4         1 10.1    37    49    2548    (-,-) 
  skip_loop[3].CSKIP2/g159/Y           -       A->Y  F     sky130_fd_sc_hd__nand2_4       3 14.0    41    49    2597    (-,-) 
  skip_loop[4].CSKIP2/FA1/g124__7098/Y -       A->Y  R     sky130_fd_sc_hd__nand2_4       1 10.1    52    58    2655    (-,-) 
  skip_loop[4].CSKIP2/FA1/g122__5122/Y -       A->Y  F     sky130_fd_sc_hd__nand2_4       2 11.8    38    50    2705    (-,-) 
  skip_loop[4].CSKIP2/FA2/g124__6161/Y -       A->Y  R     sky130_fd_sc_hd__nand2_4       1 10.1    52    56    2762    (-,-) 
  skip_loop[4].CSKIP2/FA2/g122__7482/Y -       A->Y  F     sky130_fd_sc_hd__nand2_4       2 11.8    38    50    2812    (-,-) 
  skip_loop[4].CSKIP2/FA3/g124__7410/Y -       A->Y  R     sky130_fd_sc_hd__nand2_4       1 10.1    52    56    2869    (-,-) 
  skip_loop[4].CSKIP2/FA3/g122__2346/Y -       A->Y  F     sky130_fd_sc_hd__nand2_4       2 11.8    38    50    2919    (-,-) 
  skip_loop[4].CSKIP2/FA4/g124__4319/Y -       A->Y  R     sky130_fd_sc_hd__nand2_4       1 10.1    52    56    2976    (-,-) 
  skip_loop[4].CSKIP2/FA4/g122__5107/Y -       A->Y  F     sky130_fd_sc_hd__nand2_4       1 10.8    36    49    3024    (-,-) 
  skip_loop[4].CSKIP2/g74/Y            -       A->Y  R     sky130_fd_sc_hd__clkinv_4      1 10.1    29    42    3066    (-,-) 
  skip_loop[4].CSKIP2/g152__6783/Y     -       A->Y  F     sky130_fd_sc_hd__nand2_4       3 14.0    41    46    3113    (-,-) 
  skip_loop[5].CSKIP2/FA1/g124__6131/Y -       A->Y  R     sky130_fd_sc_hd__nand2_4       1 10.1    52    58    3171    (-,-) 
  skip_loop[5].CSKIP2/FA1/g122__7098/Y -       A->Y  F     sky130_fd_sc_hd__nand2_4       2 11.8    38    50    3221    (-,-) 
  skip_loop[5].CSKIP2/FA2/g124__6161/Y -       A->Y  R     sky130_fd_sc_hd__nand2_4       1 10.1    52    56    3278    (-,-) 
  skip_loop[5].CSKIP2/FA2/g122__4733/Y -       A->Y  F     sky130_fd_sc_hd__nand2_4       2 11.8    38    50    3328    (-,-) 
  skip_loop[5].CSKIP2/FA3/g124__1666/Y -       A->Y  R     sky130_fd_sc_hd__nand2_4       1 10.1    52    56    3384    (-,-) 
  skip_loop[5].CSKIP2/FA3/g122__2346/Y -       A->Y  F     sky130_fd_sc_hd__nand2_4       2 11.8    38    50    3435    (-,-) 
  skip_loop[5].CSKIP2/FA4/g124__6260/Y -       A->Y  R     sky130_fd_sc_hd__nand2_4       1  5.9    41    48    3483    (-,-) 
  skip_loop[5].CSKIP2/FA4/g122__2398/Y -       A->Y  F     sky130_fd_sc_hd__nand2_2       1  6.1    36    46    3528    (-,-) 
  skip_loop[5].CSKIP2/g74/Y            -       A->Y  R     sky130_fd_sc_hd__clkinv_2      1 10.1    43    52    3580    (-,-) 
  skip_loop[5].CSKIP2/g157__6783/Y     -       A->Y  F     sky130_fd_sc_hd__nand2_4       3 14.0    41    51    3631    (-,-) 
  skip_loop[6].CSKIP2/FA1/g124__1881/Y -       A->Y  R     sky130_fd_sc_hd__nand2_4       1 10.1    52    58    3689    (-,-) 
  skip_loop[6].CSKIP2/FA1/g122__7098/Y -       A->Y  F     sky130_fd_sc_hd__nand2_4       2 11.8    38    50    3740    (-,-) 
  skip_loop[6].CSKIP2/FA2/g124__9945/Y -       A->Y  R     sky130_fd_sc_hd__nand2_4       1 10.1    52    57    3796    (-,-) 
  skip_loop[6].CSKIP2/FA2/g122__6161/Y -       A->Y  F     sky130_fd_sc_hd__nand2_4       2 11.8    38    50    3846    (-,-) 
  skip_loop[6].CSKIP2/FA3/g124__5477/Y -       A->Y  R     sky130_fd_sc_hd__nand2_4       1 10.1    52    57    3903    (-,-) 
  skip_loop[6].CSKIP2/FA3/g122__7410/Y -       A->Y  F     sky130_fd_sc_hd__nand2_4       2 11.8    38    50    3953    (-,-) 
  skip_loop[6].CSKIP2/FA4/g124__5526/Y -       A->Y  R     sky130_fd_sc_hd__nand2_4       1  5.9    41    48    4001    (-,-) 
  skip_loop[6].CSKIP2/FA4/g122__4319/Y -       A->Y  F     sky130_fd_sc_hd__nand2_2       1  5.6    34    44    4045    (-,-) 
  skip_loop[6].CSKIP2/g79/Y            -       A->Y  R     sky130_fd_sc_hd__inv_2         1 10.1    53    59    4104    (-,-) 
  skip_loop[6].CSKIP2/g167__2802/Y     -       A->Y  F     sky130_fd_sc_hd__nand2_4       3 14.0    42    54    4158    (-,-) 
  skip_loop[7].CSKIP2/FA1/g124__4733/Y -       A->Y  R     sky130_fd_sc_hd__nand2_4       1 10.1    52    58    4217    (-,-) 
  skip_loop[7].CSKIP2/FA1/g122__5115/Y -       A->Y  F     sky130_fd_sc_hd__nand2_4       2 11.8    38    50    4267    (-,-) 
  skip_loop[7].CSKIP2/FA2/g126__6417/Y -       A->Y  R     sky130_fd_sc_hd__nand2_4       1 10.1    52    57    4324    (-,-) 
  skip_loop[7].CSKIP2/FA2/g122__2883/Y -       A->Y  F     sky130_fd_sc_hd__nand2_4       2 11.8    38    50    4374    (-,-) 
  skip_loop[7].CSKIP2/FA3/g21/Y        -       A->Y  R     sky130_fd_sc_hd__nand2_4       1 10.1    52    57    4430    (-,-) 
  skip_loop[7].CSKIP2/FA3/g20/Y        -       A->Y  F     sky130_fd_sc_hd__nand2_4       3 19.4    53    62    4492    (-,-) 
  skip_loop[7].CSKIP2/FA4/g127__7098/Y -       A->Y  R     sky130_fd_sc_hd__nand2_4       1 10.1    55    63    4555    (-,-) 
  skip_loop[7].CSKIP2/FA4/g123__1705/Y -       A->Y  F     sky130_fd_sc_hd__nand2_4       1 10.8    36    49    4605    (-,-) 
  skip_loop[7].CSKIP2/g79/Y            -       A->Y  R     sky130_fd_sc_hd__clkinv_4      1 18.7    44    54    4659    (-,-) 
  skip_loop[7].CSKIP2/g167__4733/Y     -       A->Y  F     sky130_fd_sc_hd__nand2_8       1 51.3    91    79    4738    (-,-) 
  Cout                                 -       -     F     (port)                         -    -     -     0    4738    (-,-) 
#-----------------------------------------------------------------------------------------------------------------------------

