============================================================
  Generated by:           Genus(TM) Synthesis Solution 23.12-s086_1
  Generated on:           Apr 07 2025  05:17:30 pm
  Module:                 carry_skip4_32bits
  Operating conditions:   tt_025C_1v80 
  Interconnect mode:      global
  Area mode:              physical library
============================================================

Timing
-------
  Cost    Critical           Violating 
 Group   Path Slack   TNS      Paths   
---------------------------------------
default       -28.3   -62.6          3 
---------------------------------------
Total                 -62.6          3 

Instance Count
--------------
Leaf Instance Count             389 
Physical Instance count           0 
Sequential Instance Count         0 
Combinational Instance Count    389 
Hierarchical Instance Count      40 

Area
----
Cell Area                          3241.859
Physical Cell Area                 0.000
Total Cell Area (Cell+Physical)    3241.859
Net Area                           1944.180
Total Area (Cell+Physical+Net)     5186.039

Max Fanout                         4 (n_0)
Min Fanout                         1 (Cout)
Average Fanout                     1.5
Terms to net ratio                 2.3392
Terms to instance ratio            2.7301
Runtime                            44.644177 seconds
Elapsed Runtime                    46 seconds
Genus peak memory usage            1898.19 
Innovus peak memory usage          no_value 
Hostname                           cadmicro-inf-el8-623207
