============================================================
  Generated by:           Genus(TM) Synthesis Solution 23.12-s086_1
  Generated on:           Apr 07 2025  02:41:03 pm
  Module:                 ripple_carry_adder_8bits
  Operating conditions:   tt_025C_1v80 
  Interconnect mode:      global
  Area mode:              physical library
============================================================

Timing
-------
  Cost    Critical         Violating 
 Group   Path Slack  TNS     Paths   
-------------------------------------
default         0.3   0.0          0 
-------------------------------------
Total                 0.0          0 

Instance Count
--------------
Leaf Instance Count             80 
Physical Instance count          0 
Sequential Instance Count        0 
Combinational Instance Count    80 
Hierarchical Instance Count      8 

Area
----
Cell Area                          625.600
Physical Cell Area                 0.000
Total Cell Area (Cell+Physical)    625.600
Net Area                           401.941
Total Area (Cell+Physical+Net)     1027.541

Max Fanout                         3 (carry[6])
Min Fanout                         1 (Cout)
Average Fanout                     1.5
Terms to net ratio                 2.1959
Terms to instance ratio            2.6625
Runtime                            12.940656 seconds
Elapsed Runtime                    13 seconds
Genus peak memory usage            1889.44 
Innovus peak memory usage          no_value 
Hostname                           cadmicro-inf-el8-623207
