============================================================
  Generated by:           Genus(TM) Synthesis Solution 23.12-s086_1
  Generated on:           Apr 07 2025  05:38:05 pm
  Module:                 carry_select_adder
  Operating conditions:   tt_025C_1v80 
  Interconnect mode:      global
  Area mode:              physical library
============================================================


Path 1: MET (0 ps) Path Delay Check
     Startpoint: (F) B[19]
       Endpoint: (R) S[31]

                   Capture    Launch  
      Path Delay:+    2100         -  
      Drv Adjust:+       0         0  
         Arrival:=    2100            
                                      
   Required Time:=    2100            
       Data Path:-    2100            
           Slack:=       0            

Exceptions/Constraints:
  max_delay             2100            constraints.sdc_line_1 

#-------------------------------------------------------------------------------------------------------------------------------------------------
#                      Timing Point                        Flags   Arc   Edge           Cell             Fanout Load Trans Delay Arrival Instance 
#                                                                                                               (fF)  (ps)  (ps)   (ps)  Location 
#-------------------------------------------------------------------------------------------------------------------------------------------------
  B[19]                                                    -       -     F     (arrival)                      2  5.9  1000     0       0    (-,-) 
  g313_dup/X                                               -       A->X  F     sky130_fd_sc_hd__clkbuf_1      1  6.1    64   328     328    (-,-) 
  CSA_BLOCKS[3].RCA_C0/full_adder_loop[1].FA/g204/Y        -       A->Y  R     sky130_fd_sc_hd__clkinv_2      2 11.1    49    67     395    (-,-) 
  CSA_BLOCKS[3].RCA_C0/full_adder_loop[1].FA/g196__2802/Y  -       B->Y  F     sky130_fd_sc_hd__nand2_2       1  9.6    49    64     459    (-,-) 
  CSA_BLOCKS[3].RCA_C0/full_adder_loop[1].FA/g194__3680/Y  -       A->Y  R     sky130_fd_sc_hd__nand2_4       1 10.1    52    61     520    (-,-) 
  CSA_BLOCKS[3].RCA_C0/full_adder_loop[1].FA/g192__5526/Y  -       A->Y  F     sky130_fd_sc_hd__nand2_4       2 12.2    39    51     571    (-,-) 
  CSA_BLOCKS[3].RCA_C0/full_adder_loop[2].FA/g124__7098/Y  -       A->Y  R     sky130_fd_sc_hd__nand2_4       1 10.1    52    57     628    (-,-) 
  CSA_BLOCKS[3].RCA_C0/full_adder_loop[2].FA/g122__5122/Y  -       A->Y  F     sky130_fd_sc_hd__nand2_4       2 11.8    38    50     678    (-,-) 
  CSA_BLOCKS[3].RCA_C0/full_adder_loop[3].FA/g124__6161/Y  -       A->Y  R     sky130_fd_sc_hd__nand2_4       1 10.1    52    56     735    (-,-) 
  CSA_BLOCKS[3].RCA_C0/full_adder_loop[3].FA/g122__7482/Y  -       A->Y  F     sky130_fd_sc_hd__nand2_4       2 11.8    40    50     785    (-,-) 
  CSA_BLOCKS[3].RCA_C0/full_adder_loop[4].FA/g124__7410/Y  -       A->Y  R     sky130_fd_sc_hd__nand2_4       1 10.1    52    57     842    (-,-) 
  CSA_BLOCKS[3].RCA_C0/full_adder_loop[4].FA/g122__2346/Y  -       A->Y  F     sky130_fd_sc_hd__nand2_4       2 11.8    38    50     892    (-,-) 
  CSA_BLOCKS[3].RCA_C0/full_adder_loop[5].FA/g124__4319/Y  -       A->Y  R     sky130_fd_sc_hd__nand2_4       1 10.1    55    56     949    (-,-) 
  CSA_BLOCKS[3].RCA_C0/full_adder_loop[5].FA/g122__5107/Y  -       A->Y  F     sky130_fd_sc_hd__nand2_4       2 11.8    38    51    1000    (-,-) 
  CSA_BLOCKS[3].RCA_C0/full_adder_loop[6].FA/g124__2802/Y  -       A->Y  R     sky130_fd_sc_hd__nand2_4       1 10.1    55    57    1056    (-,-) 
  CSA_BLOCKS[3].RCA_C0/full_adder_loop[6].FA/g122__3680/Y  -       A->Y  F     sky130_fd_sc_hd__nand2_4       2 11.8    38    51    1107    (-,-) 
  CSA_BLOCKS[3].RCA_C0/full_adder_loop[7].FA/g124__1881/Y  -       A->Y  R     sky130_fd_sc_hd__nand2_4       1 10.1    55    57    1164    (-,-) 
  CSA_BLOCKS[3].RCA_C0/full_adder_loop[7].FA/g122__7098/Y  -       A->Y  F     sky130_fd_sc_hd__nand2_4       2 11.8    38    51    1215    (-,-) 
  CSA_BLOCKS[3].RCA_C0/full_adder_loop[8].FA/g124__9945/Y  -       A->Y  R     sky130_fd_sc_hd__nand2_4       1 10.1    55    57    1272    (-,-) 
  CSA_BLOCKS[3].RCA_C0/full_adder_loop[8].FA/g122__6161/Y  -       A->Y  F     sky130_fd_sc_hd__nand2_4       2 11.8    38    51    1323    (-,-) 
  CSA_BLOCKS[3].RCA_C0/full_adder_loop[9].FA/g124__5477/Y  -       A->Y  R     sky130_fd_sc_hd__nand2_4       1 10.1    55    57    1379    (-,-) 
  CSA_BLOCKS[3].RCA_C0/full_adder_loop[9].FA/g122__7410/Y  -       A->Y  F     sky130_fd_sc_hd__nand2_4       2 11.8    38    51    1430    (-,-) 
  CSA_BLOCKS[3].RCA_C0/full_adder_loop[10].FA/g124__5526/Y -       A->Y  R     sky130_fd_sc_hd__nand2_4       1 10.1    55    57    1487    (-,-) 
  CSA_BLOCKS[3].RCA_C0/full_adder_loop[10].FA/g122__4319/Y -       A->Y  F     sky130_fd_sc_hd__nand2_4       2 11.8    38    51    1538    (-,-) 
  CSA_BLOCKS[3].RCA_C0/full_adder_loop[11].FA/g125__5122/Y -       A->Y  R     sky130_fd_sc_hd__nand2_4       1 10.1    52    57    1594    (-,-) 
  CSA_BLOCKS[3].RCA_C0/full_adder_loop[11].FA/g123__2802/Y -       A->Y  F     sky130_fd_sc_hd__nand2_4       2 14.4    44    54    1649    (-,-) 
  CSA_BLOCKS[3].RCA_C0/full_adder_loop[12].FA/g125__7482/Y -       A->Y  R     sky130_fd_sc_hd__nand2_4       1 10.1    52    59    1708    (-,-) 
  CSA_BLOCKS[3].RCA_C0/full_adder_loop[12].FA/g123__1881/Y -       A->Y  F     sky130_fd_sc_hd__nand2_4       3 11.2    38    49    1758    (-,-) 
  CSA_BLOCKS[3].RCA_C0/full_adder_loop[13].FA/g13/Y        -       A2->Y R     sky130_fd_sc_hd__o21ai_2       1  5.9   116   120    1878    (-,-) 
  g854__3680/Y                                             -       A->Y  F     sky130_fd_sc_hd__nand2_2       1 17.7    86   103    1981    (-,-) 
  g840__9945/Y                                             -       A->Y  R     sky130_fd_sc_hd__nand2_8       1 51.3   108   119    2100    (-,-) 
  S[31]                                                    <<<     -     R     (port)                         -    -     -     0    2100    (-,-) 
#-------------------------------------------------------------------------------------------------------------------------------------------------

