============================================================
  Generated by:           Genus(TM) Synthesis Solution 23.12-s086_1
  Generated on:           Apr 07 2025  04:36:35 pm
  Module:                 signal_32bits
  Operating conditions:   tt_025C_1v80 
  Interconnect mode:      global
  Area mode:              physical library
============================================================


Path 1: MET (0 ps) Path Delay Check
     Startpoint: (F) Cin
       Endpoint: (R) S[9]

                   Capture    Launch  
      Path Delay:+    1340         -  
      Drv Adjust:+       0         0  
         Arrival:=    1340            
                                      
   Required Time:=    1340            
       Data Path:-    1340            
           Slack:=       0            

Exceptions/Constraints:
  max_delay             1340            constraints.sdc_line_1 

#------------------------------------------------------------------------------------------------------------------------
#         Timing Point          Flags    Arc    Edge           Cell             Fanout Load Trans Delay Arrival Instance 
#                                                                                      (fF)  (ps)  (ps)   (ps)  Location 
#------------------------------------------------------------------------------------------------------------------------
  Cin                           -       -       F     (arrival)                      1  3.3  1000     0       0    (-,-) 
  g2356/X                       -       A->X    F     sky130_fd_sc_hd__clkbuf_1      3  9.1    78   345     345    (-,-) 
  addinc_add_7_30_g2165__2775/Y -       A->Y    R     sky130_fd_sc_hd__nand2_1       1  5.9    72    88     433    (-,-) 
  g3163/Y                       -       B->Y    F     sky130_fd_sc_hd__nand3_2       2  8.2    72    90     523    (-,-) 
  g3162/Y                       -       A->Y    R     sky130_fd_sc_hd__nand2_2       1 10.1    72    85     608    (-,-) 
  g3161/Y                       -       A->Y    F     sky130_fd_sc_hd__nand2_4       6 21.2    59    71     678    (-,-) 
  g91/Y                         -       A->Y    R     sky130_fd_sc_hd__nand2_2       1 10.1    72    79     758    (-,-) 
  g90/Y                         -       A->Y    F     sky130_fd_sc_hd__nand2_4       9 25.5    67    77     835    (-,-) 
  g3213/X                       -       A1->X   F     sky130_fd_sc_hd__a21bo_1       2 10.2    67   205    1040    (-,-) 
  addinc_add_7_30_g1846__1705/X -       A2_N->X R     sky130_fd_sc_hd__a2bb2o_4      1 51.3   168   299    1339    (-,-) 
  S[9]                          <<<     -       R     (port)                         -    -     -     0    1340    (-,-) 
#------------------------------------------------------------------------------------------------------------------------

