============================================================
  Generated by:           Genus(TM) Synthesis Solution 23.12-s086_1
  Generated on:           Apr 07 2025  04:36:35 pm
  Module:                 signal_32bits
  Operating conditions:   tt_025C_1v80 
  Interconnect mode:      global
  Area mode:              physical library
============================================================

Timing
-------
  Cost    Critical         Violating 
 Group   Path Slack  TNS     Paths   
-------------------------------------
default         0.4   0.0          0 
-------------------------------------
Total                 0.0          0 

Instance Count
--------------
Leaf Instance Count             466 
Physical Instance count           0 
Sequential Instance Count         0 
Combinational Instance Count    466 
Hierarchical Instance Count       0 

Area
----
Cell Area                          2730.118
Physical Cell Area                 0.000
Total Cell Area (Cell+Physical)    2730.118
Net Area                           2473.343
Total Area (Cell+Physical+Net)     5203.461

Max Fanout                         9 (n_1348)
Min Fanout                         1 (n_18)
Average Fanout                     1.8
Terms to net ratio                 2.5819
Terms to instance ratio            2.9421
Runtime                            21.618351999999994 seconds
Elapsed Runtime                    23 seconds
Genus peak memory usage            2041.54 
Innovus peak memory usage          no_value 
Hostname                           cadmicro-inf-el8-623207
