============================================================
  Generated by:           Genus(TM) Synthesis Solution 23.12-s086_1
  Generated on:           Apr 07 2025  03:57:44 pm
  Module:                 ladner_fischer_32bits
  Operating conditions:   tt_025C_1v80 
  Interconnect mode:      global
  Area mode:              physical library
============================================================

Timing
-------
  Cost    Critical         Violating 
 Group   Path Slack  TNS     Paths   
-------------------------------------
default         0.1   0.0          0 
-------------------------------------
Total                 0.0          0 

Instance Count
--------------
Leaf Instance Count             465 
Physical Instance count           0 
Sequential Instance Count         0 
Combinational Instance Count    465 
Hierarchical Instance Count     317 

Area
----
Cell Area                          2825.210
Physical Cell Area                 0.000
Total Cell Area (Cell+Physical)    2825.210
Net Area                           2453.415
Total Area (Cell+Physical+Net)     5278.625

Max Fanout                         23 (Cin)
Min Fanout                         1 (C[0])
Average Fanout                     1.7
Terms to net ratio                 2.5792
Terms to instance ratio            2.9398
Runtime                            15.890690000000001 seconds
Elapsed Runtime                    17 seconds
Genus peak memory usage            1893.43 
Innovus peak memory usage          no_value 
Hostname                           cadmicro-inf-el8-623207
