============================================================
  Generated by:           Genus(TM) Synthesis Solution 23.12-s086_1
  Generated on:           Apr 03 2025  03:01:48 pm
  Module:                 carry_select_adder_66668_32bits
  Operating conditions:   tt_025C_1v80 
  Interconnect mode:      global
  Area mode:              physical library
============================================================


Path 1: MET (194577 ps) Path Delay Check
     Startpoint: (F) A[0]
       Endpoint: (F) Cout

                   Capture    Launch  
      Path Delay:+  200000         -  
      Drv Adjust:+       0         0  
         Arrival:=  200000            
                                      
   Required Time:=  200000            
       Data Path:-    5423            
           Slack:=  194577            

Exceptions/Constraints:
  max_delay            200000           constraints.sdc_line_1 

#----------------------------------------------------------------------------------------------------------------------------------------
#                Timing Point                  Flags     Arc     Edge           Cell            Fanout Load Trans Delay Arrival Instance 
#                                                                                                      (fF)  (ps)  (ps)   (ps)  Location 
#----------------------------------------------------------------------------------------------------------------------------------------
  A[0]                                         -       -         F     (arrival)                     1  7.2  1000     0       0    (-,-) 
  RCA_LSB/F1A/g65__2398/COUT                   -       B->COUT   F     sky130_fd_sc_hd__fa_1         1  5.8    96   786     786    (-,-) 
  RCA_LSB/full_adder_loop[1].FA/g65__5107/COUT -       CIN->COUT F     sky130_fd_sc_hd__fa_1         1  5.8    96   396    1182    (-,-) 
  RCA_LSB/full_adder_loop[2].FA/g65__6260/COUT -       CIN->COUT F     sky130_fd_sc_hd__fa_1         1  5.8    96   396    1579    (-,-) 
  RCA_LSB/full_adder_loop[3].FA/g65__4319/COUT -       CIN->COUT F     sky130_fd_sc_hd__fa_1         1  5.8    96   396    1975    (-,-) 
  RCA_LSB/full_adder_loop[4].FA/g65__8428/COUT -       CIN->COUT F     sky130_fd_sc_hd__fa_1         1  5.8    96   396    2371    (-,-) 
  RCA_LSB/full_adder_loop[5].FA/g65__5526/COUT -       CIN->COUT F     sky130_fd_sc_hd__fa_1         7 28.0   194   521    2892    (-,-) 
  g600__3680/Y                                 -       S->Y      R     sky130_fd_sc_hd__mux2i_1      7 30.1   665   580    3472    (-,-) 
  g593__2398/Y                                 -       S->Y      R     sky130_fd_sc_hd__mux2i_1      7 30.1   664   656    4127    (-,-) 
  g582__7482/Y                                 -       S->Y      R     sky130_fd_sc_hd__mux2i_1      9 36.7   796   753    4880    (-,-) 
  g577__8246/X                                 -       S->X      F     sky130_fd_sc_hd__mux2_2       1 51.3   158   543    5423    (-,-) 
  Cout                                         -       -         F     (port)                        -    -     -     0    5423    (-,-) 
#----------------------------------------------------------------------------------------------------------------------------------------

