###############################################################
#  Generated by:      Cadence Innovus 23.32-s091_1
#  OS:                Linux x86_64(Host ID cadmicro-inf-el8-623207)
#  Generated on:      Wed Apr  9 12:30:03 2025
#  Design:            ripple_carry_adder_8bits
#  Command:           report_timing > reports/report_timing.rpt
###############################################################
Path 1: MET Path Delay Check
Endpoint:   S[7] (^)
Beginpoint: A[0] (v) triggered by  leading edge of '@'
Path Groups: {default}
Analysis View: default_emulate_view
- External Delay                0.000
+ Path Delay                    4.350
= Required Time                 4.350
- Arrival Time                  4.042
= Slack Time                    0.308
     Clock Rise Edge                      0.000
     + Input Delay                        0.000
     = Beginpoint Arrival Time            0.000
     +--------------------------------------------------------------------------------------------------------+ 
     |            Instance             |       Arc       |         Cell          | Delay | Arrival | Required | 
     |                                 |                 |                       |       |  Time   |   Time   | 
     |---------------------------------+-----------------+-----------------------+-------+---------+----------| 
     |                                 | A[0] v          |                       |       |   0.000 |    0.308 | 
     | F1A/g65__2398                   | B v -> COUT v   | sky130_fd_sc_hd__fa_1 | 0.801 |   0.801 |    1.110 | 
     | full_adder_loop[1].FA/g57__5107 | CIN v -> COUT v | sky130_fd_sc_hd__fa_1 | 0.397 |   1.199 |    1.507 | 
     | full_adder_loop[2].FA/g57__6260 | CIN v -> COUT v | sky130_fd_sc_hd__fa_1 | 0.413 |   1.612 |    1.920 | 
     | full_adder_loop[3].FA/g57__4319 | CIN v -> COUT v | sky130_fd_sc_hd__fa_1 | 0.411 |   2.023 |    2.331 | 
     | full_adder_loop[4].FA/g57__8428 | CIN v -> COUT v | sky130_fd_sc_hd__fa_1 | 0.402 |   2.424 |    2.733 | 
     | full_adder_loop[5].FA/g57__5526 | CIN v -> COUT v | sky130_fd_sc_hd__fa_1 | 0.402 |   2.826 |    3.135 | 
     | full_adder_loop[6].FA/g57__6783 | CIN v -> COUT v | sky130_fd_sc_hd__fa_1 | 0.391 |   3.218 |    3.526 | 
     | full_adder_loop[7].FA/g57__3680 | CIN v -> SUM ^  | sky130_fd_sc_hd__fa_1 | 0.823 |   4.041 |    4.349 | 
     |                                 | S[7] ^          |                       | 0.001 |   4.042 |    4.350 | 
     +--------------------------------------------------------------------------------------------------------+ 

