    Hinst Name                               Module Name                     Inst Count           Total Area
---------------------------------------------------------------------------------------------------------
carry_select_adder_8888_32bits                                                      394             2946.576
  CSA_BLOCKS[1].RCA_C0                       ripple_carry_adder_WIDTH8_5_231         51              361.597
    CSA_BLOCKS[1].RCA_C0/F1A                 full_adder_24_228                        4               42.541
    CSA_BLOCKS[1].RCA_C0/full_adder_loop[1].FA full_adder_219                           8               52.550
    CSA_BLOCKS[1].RCA_C0/full_adder_loop[2].FA full_adder_218                           8               45.043
    CSA_BLOCKS[1].RCA_C0/full_adder_loop[3].FA full_adder_217                           6               40.038
    CSA_BLOCKS[1].RCA_C0/full_adder_loop[4].FA full_adder_216                           6               40.038
    CSA_BLOCKS[1].RCA_C0/full_adder_loop[5].FA full_adder_215                           6               40.038
    CSA_BLOCKS[1].RCA_C0/full_adder_loop[6].FA full_adder_214                           6               45.043
    CSA_BLOCKS[1].RCA_C0/full_adder_loop[7].FA full_adder_213                           6               52.550
  CSA_BLOCKS[1].RCA_C1                       ripple_carry_adder_WIDTH8_6_233         52              372.858
    CSA_BLOCKS[1].RCA_C1/F1A                 full_adder_32_230                        4               32.531
    CSA_BLOCKS[1].RCA_C1/full_adder_loop[1].FA full_adder_212                           8               50.048
    CSA_BLOCKS[1].RCA_C1/full_adder_loop[2].FA full_adder_211                           7               53.802
    CSA_BLOCKS[1].RCA_C1/full_adder_loop[3].FA full_adder_210                           6               45.043
    CSA_BLOCKS[1].RCA_C1/full_adder_loop[4].FA full_adder_209                           6               45.043
    CSA_BLOCKS[1].RCA_C1/full_adder_loop[5].FA full_adder_208                           6               45.043
    CSA_BLOCKS[1].RCA_C1/full_adder_loop[6].FA full_adder_207                           6               45.043
    CSA_BLOCKS[1].RCA_C1/full_adder_loop[7].FA full_adder_206                           6               45.043
  CSA_BLOCKS[2].RCA_C0                       ripple_carry_adder_WIDTH8_5_232         46              295.283
    CSA_BLOCKS[2].RCA_C0/F1A                 full_adder_24                            4               22.522
    CSA_BLOCKS[2].RCA_C0/full_adder_loop[1].FA full_adder_205                           8               42.541
    CSA_BLOCKS[2].RCA_C0/full_adder_loop[2].FA full_adder_204                           6               37.536
    CSA_BLOCKS[2].RCA_C0/full_adder_loop[3].FA full_adder_203                           6               37.536
    CSA_BLOCKS[2].RCA_C0/full_adder_loop[4].FA full_adder_202                           6               37.536
    CSA_BLOCKS[2].RCA_C0/full_adder_loop[5].FA full_adder_201                           6               37.536
    CSA_BLOCKS[2].RCA_C0/full_adder_loop[6].FA full_adder_200                           5               42.541
    CSA_BLOCKS[2].RCA_C0/full_adder_loop[7].FA full_adder_199                           5               37.536
  CSA_BLOCKS[2].RCA_C1                       ripple_carry_adder_WIDTH8_6_234         47              306.544
    CSA_BLOCKS[2].RCA_C1/F1A                 full_adder_32                            4               25.024
    CSA_BLOCKS[2].RCA_C1/full_adder_loop[1].FA full_adder_198                           8               42.541
    CSA_BLOCKS[2].RCA_C1/full_adder_loop[2].FA full_adder_197                           6               37.536
    CSA_BLOCKS[2].RCA_C1/full_adder_loop[3].FA full_adder_196                           6               43.792
    CSA_BLOCKS[2].RCA_C1/full_adder_loop[4].FA full_adder_195                           6               37.536
    CSA_BLOCKS[2].RCA_C1/full_adder_loop[5].FA full_adder_194                           6               40.038
    CSA_BLOCKS[2].RCA_C1/full_adder_loop[6].FA full_adder_193                           6               40.038
    CSA_BLOCKS[2].RCA_C1/full_adder_loop[7].FA full_adder_192                           5               40.038
  CSA_BLOCKS[3].RCA_C0                       ripple_carry_adder_WIDTH8_5             31              247.738
    CSA_BLOCKS[3].RCA_C0/F1A                 full_adder_24_227                        2               12.512
    CSA_BLOCKS[3].RCA_C0/full_adder_loop[1].FA full_adder_191                           5               33.782
    CSA_BLOCKS[3].RCA_C0/full_adder_loop[2].FA full_adder_190                           6               35.034
    CSA_BLOCKS[3].RCA_C0/full_adder_loop[3].FA full_adder_189                           6               37.536
    CSA_BLOCKS[3].RCA_C0/full_adder_loop[4].FA full_adder_188                           5               37.536
    CSA_BLOCKS[3].RCA_C0/full_adder_loop[5].FA full_adder_187                           5               37.536
    CSA_BLOCKS[3].RCA_C0/full_adder_loop[6].FA full_adder_186                           1               20.019
    CSA_BLOCKS[3].RCA_C0/full_adder_loop[7].FA full_adder_185                           1               33.782
  CSA_BLOCKS[3].RCA_C1                       ripple_carry_adder_WIDTH8_6             30              267.757
    CSA_BLOCKS[3].RCA_C1/F1A                 full_adder_32_229                        2               12.512
    CSA_BLOCKS[3].RCA_C1/full_adder_loop[1].FA full_adder_184                           5               42.541
    CSA_BLOCKS[3].RCA_C1/full_adder_loop[2].FA full_adder_183                           6               41.290
    CSA_BLOCKS[3].RCA_C1/full_adder_loop[3].FA full_adder_182                           5               40.038
    CSA_BLOCKS[3].RCA_C1/full_adder_loop[4].FA full_adder_181                           5               37.536
    CSA_BLOCKS[3].RCA_C1/full_adder_loop[5].FA full_adder_180                           5               37.536
    CSA_BLOCKS[3].RCA_C1/full_adder_loop[6].FA full_adder_179                           1               22.522
    CSA_BLOCKS[3].RCA_C1/full_adder_loop[7].FA full_adder_178                           1               33.782
  RCA_LSB                                    ripple_carry_adder_WIDTH8               56              470.451
    RCA_LSB/F1A                              full_adder                               8               78.826
    RCA_LSB/full_adder_loop[1].FA            full_adder_226                           8               50.048
    RCA_LSB/full_adder_loop[2].FA            full_adder_225                           8               45.043
    RCA_LSB/full_adder_loop[3].FA            full_adder_224                           6               45.043
    RCA_LSB/full_adder_loop[4].FA            full_adder_223                           5               55.053
    RCA_LSB/full_adder_loop[5].FA            full_adder_222                           5               55.053
    RCA_LSB/full_adder_loop[6].FA            full_adder_221                           5               55.053
    RCA_LSB/full_adder_loop[7].FA            full_adder_220                           5               63.811
