###############################################################
#  Generated by:      Cadence Innovus 23.32-s091_1
#  OS:                Linux x86_64(Host ID cadmicro-inf-el8-623207)
#  Generated on:      Mon Apr  7 17:54:05 2025
#  Design:            carry_select_adder_8888_32bits
#  Command:           report_timing > reports/report_timing.rpt
###############################################################
Path 1: VIOLATED Path Delay Check
Endpoint:   S[31] (v)
Beginpoint: A[0]  (v) triggered by  leading edge of '@'
Path Groups: {default}
Analysis View: default_emulate_view
- External Delay                0.000
+ Path Delay                    2.016
= Required Time                 2.016
- Arrival Time                  2.099
= Slack Time                   -0.083
     Clock Rise Edge                      0.000
     + Input Delay                        0.000
     = Beginpoint Arrival Time            0.000
     +-------------------------------------------------------------------------------------------------------------------+ 
     |                 Instance                 |      Arc      |           Cell            | Delay | Arrival | Required | 
     |                                          |               |                           |       |  Time   |   Time   | 
     |------------------------------------------+---------------+---------------------------+-------+---------+----------| 
     |                                          | A[0] v        |                           |       |   0.000 |   -0.083 | 
     | RCA_LSB/F1A/fopt206                      | A v -> Y ^    | sky130_fd_sc_hd__inv_8    | 0.225 |   0.225 |    0.143 | 
     | RCA_LSB/F1A/g2                           | B ^ -> X ^    | sky130_fd_sc_hd__or2_2    | 0.134 |   0.360 |    0.277 | 
     | RCA_LSB/F1A/g192__2802                   | B1 ^ -> Y v   | sky130_fd_sc_hd__o21ai_2  | 0.056 |   0.416 |    0.333 | 
     | RCA_LSB/full_adder_loop[1].FA/g121__5115 | A v -> Y ^    | sky130_fd_sc_hd__nand2_2  | 0.060 |   0.476 |    0.394 | 
     | RCA_LSB/full_adder_loop[1].FA/g119__6131 | A ^ -> Y v    | sky130_fd_sc_hd__nand2_2  | 0.052 |   0.529 |    0.446 | 
     | RCA_LSB/full_adder_loop[2].FA/g121__2883 | A v -> Y ^    | sky130_fd_sc_hd__nand2_2  | 0.062 |   0.590 |    0.508 | 
     | RCA_LSB/full_adder_loop[2].FA/g119__9315 | A ^ -> Y v    | sky130_fd_sc_hd__nand2_2  | 0.062 |   0.652 |    0.569 | 
     | RCA_LSB/full_adder_loop[3].FA/g118__2398 | A v -> Y ^    | sky130_fd_sc_hd__nand2_2  | 0.084 |   0.736 |    0.654 | 
     | RCA_LSB/full_adder_loop[3].FA/g116__6417 | A ^ -> Y v    | sky130_fd_sc_hd__nand2_4  | 0.058 |   0.794 |    0.711 | 
     | RCA_LSB/full_adder_loop[4].FA/g118__5526 | A v -> Y ^    | sky130_fd_sc_hd__nand2_4  | 0.069 |   0.863 |    0.781 | 
     | RCA_LSB/full_adder_loop[4].FA/g116__8428 | A ^ -> Y v    | sky130_fd_sc_hd__nand2_4  | 0.053 |   0.916 |    0.834 | 
     | RCA_LSB/full_adder_loop[5].FA/g118__1705 | A v -> Y ^    | sky130_fd_sc_hd__nand2_4  | 0.065 |   0.982 |    0.899 | 
     | RCA_LSB/full_adder_loop[5].FA/g116__2802 | A ^ -> Y v    | sky130_fd_sc_hd__nand2_4  | 0.054 |   1.036 |    0.953 | 
     | RCA_LSB/full_adder_loop[6].FA/g119__1881 | A v -> Y ^    | sky130_fd_sc_hd__nand2_4  | 0.066 |   1.102 |    1.019 | 
     | RCA_LSB/full_adder_loop[6].FA/g117__6131 | A ^ -> Y v    | sky130_fd_sc_hd__nand2_4  | 0.053 |   1.155 |    1.072 | 
     | RCA_LSB/full_adder_loop[7].FA/g83__9945  | A v -> Y ^    | sky130_fd_sc_hd__nand2_4  | 0.086 |   1.240 |    1.158 | 
     | RCA_LSB/full_adder_loop[7].FA/g81__6161  | A ^ -> Y v    | sky130_fd_sc_hd__nand2_8  | 0.086 |   1.326 |    1.244 | 
     | g5258__5107                              | A v -> Y ^    | sky130_fd_sc_hd__nand2_4  | 0.084 |   1.411 |    1.328 | 
     | g5297__8428                              | B1 ^ -> Y v   | sky130_fd_sc_hd__o21ai_2  | 0.053 |   1.464 |    1.381 | 
     | g5230__4319                              | A2_N v -> X ^ | sky130_fd_sc_hd__a2bb2o_4 | 0.301 |   1.765 |    1.682 | 
     | g5225                                    | A ^ -> Y v    | sky130_fd_sc_hd__clkinv_8 | 0.116 |   1.881 |    1.799 | 
     | g5215__7482                              | A v -> Y ^    | sky130_fd_sc_hd__nand2_2  | 0.093 |   1.974 |    1.891 | 
     | g5196__6417                              | A ^ -> Y v    | sky130_fd_sc_hd__nand2_4  | 0.122 |   2.097 |    2.014 | 
     |                                          | S[31] v       |                           | 0.002 |   2.099 |    2.016 | 
     +-------------------------------------------------------------------------------------------------------------------+ 

