============================================================
  Generated by:           Genus(TM) Synthesis Solution 23.12-s086_1
  Generated on:           Apr 07 2025  04:29:33 pm
  Module:                 signal_32bits
  Operating conditions:   tt_025C_1v80 
  Interconnect mode:      global
  Area mode:              physical library
============================================================

Timing
-------
  Cost    Critical             Violating 
 Group   Path Slack    TNS       Paths   
-----------------------------------------
default       -84.0   -1567.4         24 
-----------------------------------------
Total                 -1567.4         24 

Instance Count
--------------
Leaf Instance Count             664 
Physical Instance count           0 
Sequential Instance Count         0 
Combinational Instance Count    664 
Hierarchical Instance Count       0 

Area
----
Cell Area                          4661.971
Physical Cell Area                 0.000
Total Cell Area (Cell+Physical)    4661.971
Net Area                           3249.466
Total Area (Cell+Physical+Net)     7911.437

Max Fanout                         9 (n_2639)
Min Fanout                         1 (n_63)
Average Fanout                     1.6
Terms to net ratio                 2.5089
Terms to instance ratio            2.7545
Runtime                            72.23602299999999 seconds
Elapsed Runtime                    73 seconds
Genus peak memory usage            2042.06 
Innovus peak memory usage          no_value 
Hostname                           cadmicro-inf-el8-623207
