============================================================
  Generated by:           Genus(TM) Synthesis Solution 23.12-s086_1
  Generated on:           Apr 07 2025  05:15:59 pm
  Module:                 carry_skip4_32bits
  Operating conditions:   tt_025C_1v80 
  Interconnect mode:      global
  Area mode:              physical library
============================================================


Path 1: MET (0 ps) Path Delay Check
     Startpoint: (F) A[0]
       Endpoint: (F) Cout

                   Capture    Launch  
      Path Delay:+    5370         -  
      Drv Adjust:+       0         0  
         Arrival:=    5370            
                                      
   Required Time:=    5370            
       Data Path:-    5370            
           Slack:=       0            

Exceptions/Constraints:
  max_delay             5370            constraints.sdc_line_1 

#-----------------------------------------------------------------------------------------------------------------------------
#            Timing Point              Flags   Arc   Edge           Cell             Fanout Load Trans Delay Arrival Instance 
#                                                                                           (fF)  (ps)  (ps)   (ps)  Location 
#-----------------------------------------------------------------------------------------------------------------------------
  A[0]                                 -       -     F     (arrival)                      1  5.7  1000     0       0    (-,-) 
  g57/X                                -       A->X  F     sky130_fd_sc_hd__buf_6         4 16.0    55   422     422    (-,-) 
  CSKIP1/FA1/g194__4319/Y              -       A->Y  R     sky130_fd_sc_hd__nor2_1        1  3.9    97   114     536    (-,-) 
  CSKIP1/FA1/g191__2398/Y              -       A2->Y F     sky130_fd_sc_hd__o21ai_1       2  6.2    68    85     621    (-,-) 
  CSKIP1/FA2/g121__3680/Y              -       A->Y  R     sky130_fd_sc_hd__nand2_1       1  3.7    53    69     690    (-,-) 
  CSKIP1/FA2/g119__5526/Y              -       A->Y  F     sky130_fd_sc_hd__nand2_1       2  6.2    54    65     755    (-,-) 
  CSKIP1/FA3/g121__7098/Y              -       A->Y  R     sky130_fd_sc_hd__nand2_1       1  3.7    52    63     818    (-,-) 
  CSKIP1/FA3/g119__5122/Y              -       A->Y  F     sky130_fd_sc_hd__nand2_1       2  6.2    54    64     882    (-,-) 
  CSKIP1/FA4/g121__6161/Y              -       A->Y  R     sky130_fd_sc_hd__nand2_1       1  3.7    53    63     945    (-,-) 
  CSKIP1/FA4/g119__7482/Y              -       A->Y  F     sky130_fd_sc_hd__nand2_1       1  4.2    41    54     999    (-,-) 
  CSKIP1/g74/Y                         -       A->Y  R     sky130_fd_sc_hd__clkinv_1      1  3.7    30    44    1043    (-,-) 
  CSKIP1/g176__2346/Y                  -       A->Y  F     sky130_fd_sc_hd__nand2_1       3  9.1    74    72    1114    (-,-) 
  skip_loop[1].CSKIP2/FA1/g121__8428/Y -       A->Y  R     sky130_fd_sc_hd__nand2_1       1  3.7    52    72    1186    (-,-) 
  skip_loop[1].CSKIP2/FA1/g119__6260/Y -       A->Y  F     sky130_fd_sc_hd__nand2_1       2  6.2    54    64    1250    (-,-) 
  skip_loop[1].CSKIP2/FA2/g121__1705/Y -       A->Y  R     sky130_fd_sc_hd__nand2_1       1  3.7    53    63    1314    (-,-) 
  skip_loop[1].CSKIP2/FA2/g119__1617/Y -       A->Y  F     sky130_fd_sc_hd__nand2_1       2  6.2    54    64    1378    (-,-) 
  skip_loop[1].CSKIP2/FA3/g121__5115/Y -       A->Y  R     sky130_fd_sc_hd__nand2_1       1  3.7    53    63    1441    (-,-) 
  skip_loop[1].CSKIP2/FA3/g119__6131/Y -       A->Y  F     sky130_fd_sc_hd__nand2_1       2  6.2    54    64    1506    (-,-) 
  skip_loop[1].CSKIP2/FA4/g121__2883/Y -       A->Y  R     sky130_fd_sc_hd__nand2_1       1  3.7    53    63    1569    (-,-) 
  skip_loop[1].CSKIP2/FA4/g119__9315/Y -       A->Y  F     sky130_fd_sc_hd__nand2_1       1  5.6    50    61    1630    (-,-) 
  skip_loop[1].CSKIP2/g74/Y            -       A->Y  R     sky130_fd_sc_hd__inv_2         1  5.9    36    53    1683    (-,-) 
  skip_loop[1].CSKIP2/g152__6417/Y     -       A->Y  F     sky130_fd_sc_hd__nand2_2       3  9.1    48    53    1736    (-,-) 
  skip_loop[2].CSKIP2/FA1/g121__3680/Y -       A->Y  R     sky130_fd_sc_hd__nand2_1       1  5.9    74    74    1810    (-,-) 
  skip_loop[2].CSKIP2/FA1/g119__5526/Y -       A->Y  F     sky130_fd_sc_hd__nand2_2       2  7.8    46    60    1870    (-,-) 
  skip_loop[2].CSKIP2/FA2/g121__7098/Y -       A->Y  R     sky130_fd_sc_hd__nand2_2       1  5.9    54    59    1929    (-,-) 
  skip_loop[2].CSKIP2/FA2/g119__5122/Y -       A->Y  F     sky130_fd_sc_hd__nand2_2       2  8.2    45    56    1984    (-,-) 
  skip_loop[2].CSKIP2/FA3/g121__6161/Y -       A->Y  R     sky130_fd_sc_hd__nand2_2       1  5.9    54    58    2043    (-,-) 
  skip_loop[2].CSKIP2/FA3/g119__7482/Y -       A->Y  F     sky130_fd_sc_hd__nand2_2       2  7.8    44    55    2097    (-,-) 
  skip_loop[2].CSKIP2/FA4/g121__7410/Y -       A->Y  R     sky130_fd_sc_hd__nand2_2       1  5.9    54    58    2155    (-,-) 
  skip_loop[2].CSKIP2/FA4/g119__2346/Y -       A->Y  F     sky130_fd_sc_hd__nand2_2       1  3.5    29    42    2197    (-,-) 
  skip_loop[2].CSKIP2/g74/Y            -       A->Y  R     sky130_fd_sc_hd__inv_1         1  5.9    58    60    2257    (-,-) 
  skip_loop[2].CSKIP2/g152__5107/Y     -       A->Y  F     sky130_fd_sc_hd__nand2_2       3  9.1    48    60    2316    (-,-) 
  skip_loop[3].CSKIP2/FA1/g121__1705/Y -       A->Y  R     sky130_fd_sc_hd__nand2_1       1  5.9    73    75    2391    (-,-) 
  skip_loop[3].CSKIP2/FA1/g119__1617/Y -       A->Y  F     sky130_fd_sc_hd__nand2_2       2  8.2    47    61    2452    (-,-) 
  skip_loop[3].CSKIP2/FA2/g118__5115/Y -       A->Y  R     sky130_fd_sc_hd__nand2_2       1  5.9    54    59    2511    (-,-) 
  skip_loop[3].CSKIP2/FA2/g116__6131/Y -       A->Y  F     sky130_fd_sc_hd__nand2_2       2  7.8    44    55    2566    (-,-) 
  skip_loop[3].CSKIP2/FA3/g118__2883/Y -       A->Y  R     sky130_fd_sc_hd__nand2_2       1  5.9    54    58    2624    (-,-) 
  skip_loop[3].CSKIP2/FA3/g116__9315/Y -       A->Y  F     sky130_fd_sc_hd__nand2_2       2  7.8    44    55    2678    (-,-) 
  skip_loop[3].CSKIP2/FA4/g118__2398/Y -       A->Y  R     sky130_fd_sc_hd__nand2_2       1  5.9    54    58    2736    (-,-) 
  skip_loop[3].CSKIP2/FA4/g116__6417/Y -       A->Y  F     sky130_fd_sc_hd__nand2_2       1  3.5    29    42    2778    (-,-) 
  skip_loop[3].CSKIP2/g74/Y            -       A->Y  R     sky130_fd_sc_hd__inv_1         1  5.9    58    60    2838    (-,-) 
  skip_loop[3].CSKIP2/g152__8428/Y     -       A->Y  F     sky130_fd_sc_hd__nand2_2       3 11.1    55    65    2903    (-,-) 
  skip_loop[4].CSKIP2/FA1/g118__7098/Y -       A->Y  R     sky130_fd_sc_hd__nand2_2       1  3.7    45    55    2958    (-,-) 
  skip_loop[4].CSKIP2/FA1/g116__5122/Y -       A->Y  F     sky130_fd_sc_hd__nand2_1       2  6.2    54    62    3019    (-,-) 
  skip_loop[4].CSKIP2/FA2/g118__6161/Y -       A->Y  R     sky130_fd_sc_hd__nand2_1       1  5.9    72    77    3096    (-,-) 
  skip_loop[4].CSKIP2/FA2/g116__7482/Y -       A->Y  F     sky130_fd_sc_hd__nand2_2       2  8.2    47    61    3157    (-,-) 
  skip_loop[4].CSKIP2/FA3/g119__7410/Y -       A->Y  R     sky130_fd_sc_hd__nand2_2       1  5.9    54    59    3216    (-,-) 
  skip_loop[4].CSKIP2/FA3/g117__2346/Y -       A->Y  F     sky130_fd_sc_hd__nand2_2       2  6.2    38    50    3266    (-,-) 
  skip_loop[4].CSKIP2/FA4/g119__4319/Y -       A->Y  R     sky130_fd_sc_hd__nand2_1       1  3.7    53    57    3323    (-,-) 
  skip_loop[4].CSKIP2/FA4/g117__5107/Y -       A->Y  F     sky130_fd_sc_hd__nand2_1       1  5.6    50    61    3384    (-,-) 
  skip_loop[4].CSKIP2/g159/Y           -       A->Y  R     sky130_fd_sc_hd__inv_2         1 10.1    54    66    3450    (-,-) 
  skip_loop[4].CSKIP2/g152__3680/Y     -       A->Y  F     sky130_fd_sc_hd__nand2_4       3 11.1    42    50    3500    (-,-) 
  skip_loop[5].CSKIP2/FA1/g119__5115/Y -       A->Y  R     sky130_fd_sc_hd__nand2_2       1  5.9    52    57    3557    (-,-) 
  skip_loop[5].CSKIP2/FA1/g117__6131/Y -       A->Y  F     sky130_fd_sc_hd__nand2_2       2  8.2    45    55    3612    (-,-) 
  skip_loop[5].CSKIP2/FA2/g96__9945/Y  -       A->Y  R     sky130_fd_sc_hd__nand2_2       1  5.9    54    59    3671    (-,-) 
  skip_loop[5].CSKIP2/FA2/g94__9315/Y  -       A->Y  F     sky130_fd_sc_hd__nand2_2       2 10.7    54    63    3734    (-,-) 
  skip_loop[5].CSKIP2/FA3/g119__6417/Y -       A->Y  R     sky130_fd_sc_hd__nand2_2       1  5.9    54    62    3796    (-,-) 
  skip_loop[5].CSKIP2/FA3/g117__7410/Y -       A->Y  F     sky130_fd_sc_hd__nand2_2       2  8.2    46    56    3852    (-,-) 
  skip_loop[5].CSKIP2/FA4/g118__8428/Y -       A->Y  R     sky130_fd_sc_hd__nand2_2       1  5.9    54    59    3910    (-,-) 
  skip_loop[5].CSKIP2/FA4/g116__6260/Y -       A->Y  F     sky130_fd_sc_hd__nand2_2       1  5.6    36    48    3959    (-,-) 
  skip_loop[5].CSKIP2/g174/Y           -       A->Y  R     sky130_fd_sc_hd__inv_2         1 10.1    53    60    4019    (-,-) 
  skip_loop[5].CSKIP2/g167__3680/Y     -       A->Y  F     sky130_fd_sc_hd__nand2_4       3 11.3    43    50    4069    (-,-) 
  skip_loop[6].CSKIP2/FA1/g119__5115/Y -       A->Y  R     sky130_fd_sc_hd__nand2_1       1  3.7    53    58    4127    (-,-) 
  skip_loop[6].CSKIP2/FA1/g117__6131/Y -       A->Y  F     sky130_fd_sc_hd__nand2_1       2  6.2    54    64    4192    (-,-) 
  skip_loop[6].CSKIP2/FA2/g96__9945/Y  -       A->Y  R     sky130_fd_sc_hd__nand2_1       1  3.7    53    63    4255    (-,-) 
  skip_loop[6].CSKIP2/FA2/g94__6161/Y  -       A->Y  F     sky130_fd_sc_hd__nand2_1       2  6.2    54    64    4319    (-,-) 
  skip_loop[6].CSKIP2/FA3/g119__5477/Y -       A->Y  R     sky130_fd_sc_hd__nand2_1       1  3.7    53    63    4382    (-,-) 
  skip_loop[6].CSKIP2/FA3/g117__7410/Y -       A->Y  F     sky130_fd_sc_hd__nand2_1       2  8.7    71    78    4460    (-,-) 
  skip_loop[6].CSKIP2/FA4/g118__5526/Y -       A->Y  R     sky130_fd_sc_hd__nand2_1       1  3.7    53    70    4530    (-,-) 
  skip_loop[6].CSKIP2/FA4/g116__4319/Y -       A->Y  F     sky130_fd_sc_hd__nand2_1       1  4.2    41    54    4584    (-,-) 
  skip_loop[6].CSKIP2/g174/Y           -       A->Y  R     sky130_fd_sc_hd__clkinv_1      1  5.9    41    52    4636    (-,-) 
  skip_loop[6].CSKIP2/g167__2802/Y     -       A->Y  F     sky130_fd_sc_hd__nand2_2       3  8.8    47    53    4690    (-,-) 
  skip_loop[7].CSKIP2/FA1/g120__4733/Y -       A->Y  R     sky130_fd_sc_hd__nand2_1       1  5.9    72    74    4764    (-,-) 
  skip_loop[7].CSKIP2/FA1/g118__5115/Y -       A->Y  F     sky130_fd_sc_hd__nand2_2       2  7.8    46    59    4823    (-,-) 
  skip_loop[7].CSKIP2/FA2/g120__1666/Y -       A->Y  R     sky130_fd_sc_hd__nand2_2       1  5.9    54    59    4882    (-,-) 
  skip_loop[7].CSKIP2/FA2/g118__2883/Y -       A->Y  F     sky130_fd_sc_hd__nand2_2       2  8.2    45    56    4938    (-,-) 
  skip_loop[7].CSKIP2/FA3/g92__6260/Y  -       A->Y  R     sky130_fd_sc_hd__nand2_2       1  5.9    52    59    4996    (-,-) 
  skip_loop[7].CSKIP2/FA3/g90__2398/Y  -       A->Y  F     sky130_fd_sc_hd__nand2_2       3 13.1    63    69    5066    (-,-) 
  skip_loop[7].CSKIP2/FA4/g97__1617/Y  -       A->Y  R     sky130_fd_sc_hd__nand2_1       1  3.7    53    67    5132    (-,-) 
  skip_loop[7].CSKIP2/FA4/g95__6783/Y  -       A->Y  F     sky130_fd_sc_hd__nand2_1       1  5.6    50    61    5194    (-,-) 
  skip_loop[7].CSKIP2/g79/Y            -       A->Y  R     sky130_fd_sc_hd__inv_2         1 10.1    54    66    5260    (-,-) 
  skip_loop[7].CSKIP2/g167__8246/Y     -       A->Y  F     sky130_fd_sc_hd__nand2_4       1 51.3   117   110    5370    (-,-) 
  Cout                                 -       -     F     (port)                         -    -     -     0    5370    (-,-) 
#-----------------------------------------------------------------------------------------------------------------------------

