============================================================
  Generated by:           Genus(TM) Synthesis Solution 23.12-s086_1
  Generated on:           Apr 07 2025  05:16:00 pm
  Module:                 carry_skip4_32bits
  Operating conditions:   tt_025C_1v80 
  Interconnect mode:      global
  Area mode:              physical library
============================================================

Timing
-------
  Cost    Critical         Violating 
 Group   Path Slack  TNS     Paths   
-------------------------------------
default         0.0   0.0          0 
-------------------------------------
Total                 0.0          0 

Instance Count
--------------
Leaf Instance Count             358 
Physical Instance count           0 
Sequential Instance Count         0 
Combinational Instance Count    358 
Hierarchical Instance Count      40 

Area
----
Cell Area                          2130.794
Physical Cell Area                 0.000
Total Cell Area (Cell+Physical)    2130.794
Net Area                           1825.746
Total Area (Cell+Physical+Net)     3956.540

Max Fanout                         4 (n_2)
Min Fanout                         1 (Cout)
Average Fanout                     1.6
Terms to net ratio                 2.3404
Terms to instance ratio            2.7654
Runtime                            14.644073 seconds
Elapsed Runtime                    16 seconds
Genus peak memory usage            1892.27 
Innovus peak memory usage          no_value 
Hostname                           cadmicro-inf-el8-623207
