============================================================
  Generated by:           Genus(TM) Synthesis Solution 23.12-s086_1
  Generated on:           Apr 07 2025  05:14:04 pm
  Module:                 carry_skip4_32bits
  Operating conditions:   tt_025C_1v80 
  Interconnect mode:      global
  Area mode:              physical library
============================================================

Timing
-------
  Cost    Critical         Violating 
 Group   Path Slack  TNS     Paths   
-------------------------------------
default         0.0   0.0          0 
-------------------------------------
Total                 0.0          0 

Instance Count
--------------
Leaf Instance Count             251 
Physical Instance count           0 
Sequential Instance Count         0 
Combinational Instance Count    251 
Hierarchical Instance Count      40 

Area
----
Cell Area                          1726.656
Physical Cell Area                 0.000
Total Cell Area (Cell+Physical)    1726.656
Net Area                           1428.592
Total Area (Cell+Physical+Net)     3155.248

Max Fanout                         4 (n_45)
Min Fanout                         1 (Cout)
Average Fanout                     1.5
Terms to net ratio                 2.1866
Terms to instance ratio            2.9880
Runtime                            13.660791 seconds
Elapsed Runtime                    15 seconds
Genus peak memory usage            1892.57 
Innovus peak memory usage          no_value 
Hostname                           cadmicro-inf-el8-623207
