============================================================
  Generated by:           Genus(TM) Synthesis Solution 23.12-s086_1
  Generated on:           Apr 07 2025  05:14:04 pm
  Module:                 carry_skip4_32bits
  Operating conditions:   tt_025C_1v80 
  Interconnect mode:      global
  Area mode:              physical library
============================================================


Path 1: MET (0 ps) Path Delay Check
     Startpoint: (F) B[0]
       Endpoint: (R) S[31]

                   Capture    Launch  
      Path Delay:+    8000         -  
      Drv Adjust:+       0         0  
         Arrival:=    8000            
                                      
   Required Time:=    8000            
       Data Path:-    8000            
           Slack:=       0            

Exceptions/Constraints:
  max_delay             8000            constraints.sdc_line_1 

#------------------------------------------------------------------------------------------------------------------------------------
#             Timing Point               Flags     Arc     Edge            Cell             Fanout Load Trans Delay Arrival Instance 
#                                                                                                  (fF)  (ps)  (ps)   (ps)  Location 
#------------------------------------------------------------------------------------------------------------------------------------
  B[0]                                   -       -         F     (arrival)                       1 10.8  1000     0       0    (-,-) 
  g16/Y                                  -       A->Y      R     sky130_fd_sc_hd__clkinv_4       1  5.9   140   194     194    (-,-) 
  g15/Y                                  -       A->Y      F     sky130_fd_sc_hd__inv_2          4 16.3    58    79     272    (-,-) 
  CSKIP1/FA1/g98__4319/Y                 -       B->Y      R     sky130_fd_sc_hd__nor2_1         1  3.9    97   100     372    (-,-) 
  CSKIP1/FA1/g95__2398/Y                 -       A2->Y     F     sky130_fd_sc_hd__o21ai_1        2  9.0    89   100     472    (-,-) 
  CSKIP1/FA2/g64/Y                       -       A->Y      R     sky130_fd_sc_hd__clkinv_1       1  5.9    48    72     543    (-,-) 
  CSKIP1/FA2/g60__5526/Y                 -       B2->Y     F     sky130_fd_sc_hd__o2bb2ai_2      2 10.4    64    69     613    (-,-) 
  CSKIP1/FA3/g59__5122/Y                 -       A->Y      R     sky130_fd_sc_hd__nand2_2        1  5.9    52    66     679    (-,-) 
  CSKIP1/FA3/g57__2802/Y                 -       A->Y      F     sky130_fd_sc_hd__nand2_2        2  8.4    46    56     735    (-,-) 
  CSKIP1/FA4/g62__7482/Y                 -       A->Y      R     sky130_fd_sc_hd__nand2_1        1  3.8    54    60     795    (-,-) 
  CSKIP1/FA4/g60__1881/Y                 -       B->Y      F     sky130_fd_sc_hd__nand2b_1       1  4.2    52    60     856    (-,-) 
  CSKIP1/g127/Y                          -       A->Y      R     sky130_fd_sc_hd__clkinv_1       1  5.9    42    57     912    (-,-) 
  CSKIP1/g120__9315/Y                    -       A->Y      F     sky130_fd_sc_hd__nand2_2        3 11.9    60    62     975    (-,-) 
  skip_loop[1].CSKIP2/FA1/g61/Y          -       A->Y      R     sky130_fd_sc_hd__clkinv_1       1  3.8    33    52    1027    (-,-) 
  skip_loop[1].CSKIP2/FA1/g57__5477/Y    -       A2->Y     F     sky130_fd_sc_hd__o21bai_1       2  8.4    97    82    1109    (-,-) 
  skip_loop[1].CSKIP2/FA2/g59__5526/Y    -       A->Y      R     sky130_fd_sc_hd__nand2_1        1  3.7    53    82    1191    (-,-) 
  skip_loop[1].CSKIP2/FA2/g57__4319/Y    -       A->Y      F     sky130_fd_sc_hd__nand2_1        2  8.4    69    76    1267    (-,-) 
  skip_loop[1].CSKIP2/FA3/g59__5122/Y    -       A->Y      R     sky130_fd_sc_hd__nand2_1        1  3.7    55    69    1336    (-,-) 
  skip_loop[1].CSKIP2/FA3/g57__2802/Y    -       A->Y      F     sky130_fd_sc_hd__nand2_1        2  8.4    83    77    1413    (-,-) 
  skip_loop[1].CSKIP2/FA4/g59__7482/Y    -       A->Y      R     sky130_fd_sc_hd__nand2_1        1  3.8    56    76    1489    (-,-) 
  skip_loop[1].CSKIP2/FA4/g57__1881/Y    -       B->Y      F     sky130_fd_sc_hd__nand2b_1       1  4.2    52    61    1550    (-,-) 
  skip_loop[1].CSKIP2/g125/Y             -       A->Y      R     sky130_fd_sc_hd__clkinv_1       1  5.9    42    57    1607    (-,-) 
  skip_loop[1].CSKIP2/g118__9315/Y       -       A->Y      F     sky130_fd_sc_hd__nand2_2        3 11.3    59    61    1668    (-,-) 
  skip_loop[2].CSKIP2/FA1/g59__5107/Y    -       A->Y      R     sky130_fd_sc_hd__nand2_1        1  3.8    56    66    1734    (-,-) 
  skip_loop[2].CSKIP2/FA1/g57__5477/Y    -       B->Y      F     sky130_fd_sc_hd__nand2b_1       2  8.4    79    84    1818    (-,-) 
  skip_loop[2].CSKIP2/FA2/g59__6783/Y    -       A->Y      R     sky130_fd_sc_hd__nand2_1        1  3.8    56    75    1892    (-,-) 
  skip_loop[2].CSKIP2/FA2/g57__8428/Y    -       B->Y      F     sky130_fd_sc_hd__nand2b_1       2  8.4    79    84    1976    (-,-) 
  skip_loop[2].CSKIP2/FA3/g59__5122/Y    -       A->Y      R     sky130_fd_sc_hd__nand2_1        1  3.8    56    75    2051    (-,-) 
  skip_loop[2].CSKIP2/FA3/g57__2802/Y    -       B->Y      F     sky130_fd_sc_hd__nand2b_1       2  7.0    70    76    2127    (-,-) 
  skip_loop[2].CSKIP2/FA4/g59__1881/Y    -       A->Y      R     sky130_fd_sc_hd__nand2_1        1  3.8    54    71    2198    (-,-) 
  skip_loop[2].CSKIP2/FA4/g57__6131/Y    -       B->Y      F     sky130_fd_sc_hd__nand2b_1       1  4.2    52    60    2258    (-,-) 
  skip_loop[2].CSKIP2/g125/Y             -       A->Y      R     sky130_fd_sc_hd__clkinv_1       1  5.9    42    57    2315    (-,-) 
  skip_loop[2].CSKIP2/g118__6161/Y       -       A->Y      F     sky130_fd_sc_hd__nand2_2        3 10.6    57    59    2374    (-,-) 
  skip_loop[3].CSKIP2/FA1/g59__2398/Y    -       B1->Y     R     sky130_fd_sc_hd__o21ai_0        1  3.8   164    83    2457    (-,-) 
  skip_loop[3].CSKIP2/FA1/g57__6417/Y    -       B->Y      F     sky130_fd_sc_hd__nand2b_1       2  8.4    83   112    2569    (-,-) 
  skip_loop[3].CSKIP2/FA2/g59__8428/Y    -       A->Y      R     sky130_fd_sc_hd__nand2_1        1  3.8    54    76    2645    (-,-) 
  skip_loop[3].CSKIP2/FA2/g57__6260/Y    -       B->Y      F     sky130_fd_sc_hd__nand2b_1       2  7.0    70    76    2721    (-,-) 
  skip_loop[3].CSKIP2/FA3/g59__1617/Y    -       A->Y      R     sky130_fd_sc_hd__nand2_1        1  3.8    54    71    2792    (-,-) 
  skip_loop[3].CSKIP2/FA3/g57__3680/Y    -       B->Y      F     sky130_fd_sc_hd__nand2b_1       2  6.2    65    71    2863    (-,-) 
  skip_loop[3].CSKIP2/FA4/g59__7098/Y    -       A->Y      R     sky130_fd_sc_hd__nand2_1        1  3.8    54    68    2931    (-,-) 
  skip_loop[3].CSKIP2/FA4/g57__8246/Y    -       B->Y      F     sky130_fd_sc_hd__nand2b_1       1  4.2    52    60    2992    (-,-) 
  skip_loop[3].CSKIP2/g125/Y             -       A->Y      R     sky130_fd_sc_hd__clkinv_1       1  5.9    42    57    3049    (-,-) 
  skip_loop[3].CSKIP2/g118__7482/Y       -       A->Y      F     sky130_fd_sc_hd__nand2_2        3 10.6    56    59    3107    (-,-) 
  skip_loop[4].CSKIP2/FA1/g59__6417/Y    -       B1->Y     R     sky130_fd_sc_hd__o21ai_0        1  3.8   164    83    3190    (-,-) 
  skip_loop[4].CSKIP2/FA1/g57__1666/Y    -       B->Y      F     sky130_fd_sc_hd__nand2b_1       2  8.4    83   112    3302    (-,-) 
  skip_loop[4].CSKIP2/FA2/g59__6260/Y    -       A->Y      R     sky130_fd_sc_hd__nand2_1        1  3.8    56    76    3378    (-,-) 
  skip_loop[4].CSKIP2/FA2/g57__2398/Y    -       B->Y      F     sky130_fd_sc_hd__nand2b_1       2  8.4    79    84    3462    (-,-) 
  skip_loop[4].CSKIP2/FA3/g59__3680/Y    -       A->Y      R     sky130_fd_sc_hd__nand2_1        1  3.8    54    75    3537    (-,-) 
  skip_loop[4].CSKIP2/FA3/g57__5526/Y    -       B->Y      F     sky130_fd_sc_hd__nand2b_1       2  8.4    79    83    3620    (-,-) 
  skip_loop[4].CSKIP2/FA4/g59__8246/Y    -       A->Y      R     sky130_fd_sc_hd__nand2_1        1  3.8    54    75    3695    (-,-) 
  skip_loop[4].CSKIP2/FA4/g57__1705/Y    -       B->Y      F     sky130_fd_sc_hd__nand2b_1       1  4.2    52    60    3755    (-,-) 
  skip_loop[4].CSKIP2/g131/Y             -       A->Y      R     sky130_fd_sc_hd__clkinv_1       1  5.9    42    57    3812    (-,-) 
  skip_loop[4].CSKIP2/g124__1881/Y       -       A->Y      F     sky130_fd_sc_hd__nand2_2        3 11.3    58    61    3873    (-,-) 
  skip_loop[5].CSKIP2/FA1/g59__1666/Y    -       A->Y      R     sky130_fd_sc_hd__nand2_1        1  3.8    56    66    3938    (-,-) 
  skip_loop[5].CSKIP2/FA1/g57__2883/Y    -       B->Y      F     sky130_fd_sc_hd__nand2b_1       2  8.4    79    84    4022    (-,-) 
  skip_loop[5].CSKIP2/FA2/g59__5107/Y    -       A->Y      R     sky130_fd_sc_hd__nand2_1        1  3.8    56    75    4097    (-,-) 
  skip_loop[5].CSKIP2/FA2/g57__5477/Y    -       B->Y      F     sky130_fd_sc_hd__nand2b_1       1  5.8    62    70    4166    (-,-) 
  skip_loop[5].CSKIP2/FA3/g63/COUT       -       CIN->COUT F     sky130_fd_sc_hd__fa_1           2  7.7    98   400    4566    (-,-) 
  skip_loop[5].CSKIP2/FA4/g59__8246/Y    -       B1->Y     R     sky130_fd_sc_hd__o21ai_0        1  3.8   164   102    4668    (-,-) 
  skip_loop[5].CSKIP2/FA4/g57__1705/Y    -       B->Y      F     sky130_fd_sc_hd__nand2b_1       1  2.6    47    72    4740    (-,-) 
  skip_loop[5].CSKIP2/g2__9315/Y         -       A_N->Y    F     sky130_fd_sc_hd__nand2b_1       3 11.9   102   189    4929    (-,-) 
  skip_loop[6].CSKIP2/FA1/g59__2346/Y    -       A->Y      R     sky130_fd_sc_hd__nand2_1        1  3.8    56    85    5014    (-,-) 
  skip_loop[6].CSKIP2/FA1/g57__9945/Y    -       B->Y      F     sky130_fd_sc_hd__nand2b_1       2  7.7    74    80    5094    (-,-) 
  skip_loop[6].CSKIP2/FA2/g59__2398/Y    -       B1->Y     R     sky130_fd_sc_hd__o21ai_0        1  3.8   164    91    5185    (-,-) 
  skip_loop[6].CSKIP2/FA2/g57__6417/Y    -       B->Y      F     sky130_fd_sc_hd__nand2b_1       2  7.7    79   108    5292    (-,-) 
  skip_loop[6].CSKIP2/FA3/g59__8428/Y    -       B1->Y     R     sky130_fd_sc_hd__o21ai_0        1  3.8   164    93    5386    (-,-) 
  skip_loop[6].CSKIP2/FA3/g57__6260/Y    -       B->Y      F     sky130_fd_sc_hd__nand2b_1       1  5.8    67    95    5481    (-,-) 
  skip_loop[6].CSKIP2/FA4/g57__6783/COUT -       CIN->COUT F     sky130_fd_sc_hd__fa_1           1  4.2    79   373    5854    (-,-) 
  skip_loop[6].CSKIP2/g131/Y             -       A->Y      R     sky130_fd_sc_hd__clkinv_1       1  3.7    36    58    5912    (-,-) 
  skip_loop[6].CSKIP2/g124__3680/Y       -       B1->Y     F     sky130_fd_sc_hd__o31ai_1        2  8.6    89    89    6001    (-,-) 
  skip_loop[7].CSKIP2/FA1/g57__6131/COUT -       CIN->COUT F     sky130_fd_sc_hd__fa_1           1  5.8    88   394    6395    (-,-) 
  skip_loop[7].CSKIP2/FA2/g57__1881/COUT -       CIN->COUT F     sky130_fd_sc_hd__fa_1           1  5.8    88   393    6788    (-,-) 
  skip_loop[7].CSKIP2/FA3/g57__5115/COUT -       CIN->COUT F     sky130_fd_sc_hd__fa_1           1  5.8    88   393    7181    (-,-) 
  skip_loop[7].CSKIP2/FA4/g57__7482/SUM  -       CIN->SUM  R     sky130_fd_sc_hd__fa_1           1 51.3   506   819    8000    (-,-) 
  S[31]                                  <<<     -         R     (port)                          -    -     -     0    8000    (-,-) 
#------------------------------------------------------------------------------------------------------------------------------------

