###############################################################
#  Generated by:      Cadence Innovus 23.32-s091_1
#  OS:                Linux x86_64(Host ID cadmicro-inf-el8-623207)
#  Generated on:      Mon Apr  7 18:48:41 2025
#  Design:            carry_select_adder_66668_32bits
#  Command:           report_timing > reports/report_timing.rpt
###############################################################
Path 1: VIOLATED Path Delay Check
Endpoint:   Cout (v)
Beginpoint: A[2] (v) triggered by  leading edge of '@'
Path Groups: {default}
Analysis View: default_emulate_view
- External Delay                0.000
+ Path Delay                    1.882
= Required Time                 1.882
- Arrival Time                  1.906
= Slack Time                   -0.024
     Clock Rise Edge                      0.000
     + Input Delay                        0.000
     = Beginpoint Arrival Time            0.000
     +----------------------------------------------------------------------------------------------------------------+ 
     |                 Instance                 |    Arc     |           Cell            | Delay | Arrival | Required | 
     |                                          |            |                           |       |  Time   |   Time   | 
     |------------------------------------------+------------+---------------------------+-------+---------+----------| 
     |                                          | A[2] v     |                           |       |   0.000 |   -0.024 | 
     | RCA_LSB/full_adder_loop[2].FA/g2__6783   | A v -> X v | sky130_fd_sc_hd__or2_4    | 0.602 |   0.602 |    0.577 | 
     | RCA_LSB/full_adder_loop[2].FA/g121__4319 | B v -> Y ^ | sky130_fd_sc_hd__nand2_4  | 0.084 |   0.686 |    0.662 | 
     | RCA_LSB/full_adder_loop[2].FA/g119__5107 | A ^ -> Y v | sky130_fd_sc_hd__nand2_4  | 0.055 |   0.741 |    0.717 | 
     | RCA_LSB/full_adder_loop[3].FA/g118__2802 | A v -> Y ^ | sky130_fd_sc_hd__nand2_4  | 0.065 |   0.806 |    0.782 | 
     | RCA_LSB/full_adder_loop[3].FA/g116__3680 | A ^ -> Y v | sky130_fd_sc_hd__nand2_4  | 0.050 |   0.857 |    0.832 | 
     | RCA_LSB/full_adder_loop[4].FA/g118__6131 | A v -> Y ^ | sky130_fd_sc_hd__nand2_4  | 0.063 |   0.919 |    0.895 | 
     | RCA_LSB/full_adder_loop[4].FA/g116__7098 | A ^ -> Y v | sky130_fd_sc_hd__nand2_4  | 0.056 |   0.976 |    0.951 | 
     | RCA_LSB/full_adder_loop[5].FA/g97__6161  | A v -> Y ^ | sky130_fd_sc_hd__nand2_4  | 0.085 |   1.060 |    1.036 | 
     | RCA_LSB/full_adder_loop[5].FA/g95__4733  | A ^ -> Y v | sky130_fd_sc_hd__nand2_8  | 0.086 |   1.146 |    1.121 | 
     | FE_DBTC0_C_mid_0                         | A v -> Y ^ | sky130_fd_sc_hd__clkinv_8 | 0.066 |   1.211 |    1.187 | 
     | g43                                      | A ^ -> Y v | sky130_fd_sc_hd__nand2_4  | 0.042 |   1.253 |    1.229 | 
     | g41                                      | A v -> Y ^ | sky130_fd_sc_hd__nand2_4  | 0.102 |   1.355 |    1.331 | 
     | g38                                      | B ^ -> Y v | sky130_fd_sc_hd__nand2_1  | 0.102 |   1.457 |    1.433 | 
     | g37                                      | A v -> Y ^ | sky130_fd_sc_hd__nand2_4  | 0.135 |   1.592 |    1.568 | 
     | g8259                                    | A ^ -> Y v | sky130_fd_sc_hd__clkinv_8 | 0.104 |   1.696 |    1.672 | 
     | g8171__2802                              | A v -> Y ^ | sky130_fd_sc_hd__nand2_2  | 0.089 |   1.785 |    1.761 | 
     | g8157__2346                              | A ^ -> Y v | sky130_fd_sc_hd__nand2_4  | 0.120 |   1.905 |    1.880 | 
     |                                          | Cout v     |                           | 0.002 |   1.906 |    1.882 | 
     +----------------------------------------------------------------------------------------------------------------+ 

