    Hinst Name                               Module Name                     Inst Count           Total Area
---------------------------------------------------------------------------------------------------------
carry_select_adder_66668_32bits                                                     394             3110.483
  CSA_BLOCKS[1].RCA_C0                       ripple_carry_adder_WIDTH6_5_235         38              277.766
    CSA_BLOCKS[1].RCA_C0/F1A                 full_adder_26_232                        4               35.034
    CSA_BLOCKS[1].RCA_C0/full_adder_loop[1].FA full_adder_218                           8               47.546
    CSA_BLOCKS[1].RCA_C0/full_adder_loop[2].FA full_adder_217                           8               45.043
    CSA_BLOCKS[1].RCA_C0/full_adder_loop[3].FA full_adder_216                           6               45.043
    CSA_BLOCKS[1].RCA_C0/full_adder_loop[4].FA full_adder_215                           6               50.048
    CSA_BLOCKS[1].RCA_C0/full_adder_loop[5].FA full_adder_214                           6               55.053
  CSA_BLOCKS[1].RCA_C1                       ripple_carry_adder_WIDTH6_6_237         38              305.293
    CSA_BLOCKS[1].RCA_C1/F1A                 full_adder_32_234                        4               30.029
    CSA_BLOCKS[1].RCA_C1/full_adder_loop[1].FA full_adder_213                           8               52.550
    CSA_BLOCKS[1].RCA_C1/full_adder_loop[2].FA full_adder_212                           8               57.555
    CSA_BLOCKS[1].RCA_C1/full_adder_loop[3].FA full_adder_211                           6               50.048
    CSA_BLOCKS[1].RCA_C1/full_adder_loop[4].FA full_adder_210                           6               57.555
    CSA_BLOCKS[1].RCA_C1/full_adder_loop[5].FA full_adder_209                           6               57.555
  CSA_BLOCKS[2].RCA_C0                       ripple_carry_adder_WIDTH6_5_236         38              250.240
    CSA_BLOCKS[2].RCA_C0/F1A                 full_adder_26                            4               35.034
    CSA_BLOCKS[2].RCA_C0/full_adder_loop[1].FA full_adder_208                           8               50.048
    CSA_BLOCKS[2].RCA_C0/full_adder_loop[2].FA full_adder_207                           8               45.043
    CSA_BLOCKS[2].RCA_C0/full_adder_loop[3].FA full_adder_206                           6               40.038
    CSA_BLOCKS[2].RCA_C0/full_adder_loop[4].FA full_adder_205                           6               40.038
    CSA_BLOCKS[2].RCA_C0/full_adder_loop[5].FA full_adder_204                           6               40.038
  CSA_BLOCKS[2].RCA_C1                       ripple_carry_adder_WIDTH6_6_238         38              264.003
    CSA_BLOCKS[2].RCA_C1/F1A                 full_adder_32                            4               53.802
    CSA_BLOCKS[2].RCA_C1/full_adder_loop[1].FA full_adder_203                           8               45.043
    CSA_BLOCKS[2].RCA_C1/full_adder_loop[2].FA full_adder_202                           8               45.043
    CSA_BLOCKS[2].RCA_C1/full_adder_loop[3].FA full_adder_201                           6               40.038
    CSA_BLOCKS[2].RCA_C1/full_adder_loop[4].FA full_adder_200                           6               40.038
    CSA_BLOCKS[2].RCA_C1/full_adder_loop[5].FA full_adder_199                           6               40.038
  CSA_BLOCKS[3].RCA_C0                       ripple_carry_adder_WIDTH6_5             28              222.714
    CSA_BLOCKS[3].RCA_C0/F1A                 full_adder_26_231                        3               16.266
    CSA_BLOCKS[3].RCA_C0/full_adder_loop[1].FA full_adder_198                           8               45.043
    CSA_BLOCKS[3].RCA_C0/full_adder_loop[2].FA full_adder_197                           6               40.038
    CSA_BLOCKS[3].RCA_C0/full_adder_loop[3].FA full_adder_196                           5               47.546
    CSA_BLOCKS[3].RCA_C0/full_adder_loop[4].FA full_adder_195                           5               40.038
    CSA_BLOCKS[3].RCA_C0/full_adder_loop[5].FA full_adder_194                           1               33.782
  CSA_BLOCKS[3].RCA_C1                       ripple_carry_adder_WIDTH6_6             27              198.941
    CSA_BLOCKS[3].RCA_C1/F1A                 full_adder_32_233                        3               16.266
    CSA_BLOCKS[3].RCA_C1/full_adder_loop[1].FA full_adder_193                           6               41.290
    CSA_BLOCKS[3].RCA_C1/full_adder_loop[2].FA full_adder_192                           6               35.034
    CSA_BLOCKS[3].RCA_C1/full_adder_loop[3].FA full_adder_191                           6               35.034
    CSA_BLOCKS[3].RCA_C1/full_adder_loop[4].FA full_adder_190                           5               37.536
    CSA_BLOCKS[3].RCA_C1/full_adder_loop[5].FA full_adder_189                           1               33.782
  CSA_BLOCKS[4].RCA_C0                       ripple_carry_adder_WIDTH8               35              306.544
    CSA_BLOCKS[4].RCA_C0/F1A                 full_adder_6                             4               31.280
    CSA_BLOCKS[4].RCA_C0/full_adder_loop[1].FA full_adder_225                           8               45.043
    CSA_BLOCKS[4].RCA_C0/full_adder_loop[2].FA full_adder_224                           5               46.294
    CSA_BLOCKS[4].RCA_C0/full_adder_loop[3].FA full_adder_223                           6               37.536
    CSA_BLOCKS[4].RCA_C0/full_adder_loop[4].FA full_adder_222                           5               41.290
    CSA_BLOCKS[4].RCA_C0/full_adder_loop[5].FA full_adder_221                           5               37.536
    CSA_BLOCKS[4].RCA_C0/full_adder_loop[6].FA full_adder_220                           1               33.782
    CSA_BLOCKS[4].RCA_C0/full_adder_loop[7].FA full_adder_219                           1               33.782
  CSA_BLOCKS[4].RCA_C1                       ripple_carry_adder_WIDTH8_1             38              289.027
    CSA_BLOCKS[4].RCA_C1/F1A                 full_adder_50                            4               20.019
    CSA_BLOCKS[4].RCA_C1/full_adder_loop[1].FA full_adder_188                           7               41.290
    CSA_BLOCKS[4].RCA_C1/full_adder_loop[2].FA full_adder_187                           6               37.536
    CSA_BLOCKS[4].RCA_C1/full_adder_loop[3].FA full_adder_186                           5               37.536
    CSA_BLOCKS[4].RCA_C1/full_adder_loop[4].FA full_adder_185                           5               41.290
    CSA_BLOCKS[4].RCA_C1/full_adder_loop[5].FA full_adder_184                           5               40.038
    CSA_BLOCKS[4].RCA_C1/full_adder_loop[6].FA full_adder_183                           5               37.536
    CSA_BLOCKS[4].RCA_C1/full_adder_loop[7].FA full_adder_182                           1               33.782
  RCA_LSB                                    ripple_carry_adder_WIDTH6               36              380.365
    RCA_LSB/F1A                              full_adder                               5               57.555
    RCA_LSB/full_adder_loop[1].FA            full_adder_230                           8               62.560
    RCA_LSB/full_adder_loop[2].FA            full_adder_229                           6               60.058
    RCA_LSB/full_adder_loop[3].FA            full_adder_228                           6               60.058
    RCA_LSB/full_adder_loop[4].FA            full_adder_227                           5               62.560
    RCA_LSB/full_adder_loop[5].FA            full_adder_226                           5               73.821
