============================================================
  Generated by:           Genus(TM) Synthesis Solution 23.12-s086_1
  Generated on:           Apr 07 2025  07:07:04 pm
  Module:                 carry_select_adder_461012_32bits
  Operating conditions:   tt_025C_1v80 
  Interconnect mode:      global
  Area mode:              physical library
============================================================

Timing
-------
  Cost    Critical         Violating 
 Group   Path Slack  TNS     Paths   
-------------------------------------
default         0.6   0.0          0 
-------------------------------------
Total                 0.0          0 

Instance Count
--------------
Leaf Instance Count             353 
Physical Instance count           0 
Sequential Instance Count         0 
Combinational Instance Count    353 
Hierarchical Instance Count      67 

Area
----
Cell Area                          2602.496
Physical Cell Area                 0.000
Total Cell Area (Cell+Physical)    2602.496
Net Area                           1981.163
Total Area (Cell+Physical+Net)     4583.659

Max Fanout                         14 (n_3)
Min Fanout                         1 (C0[1])
Average Fanout                     1.7
Terms to net ratio                 2.4389
Terms to instance ratio            3.0538
Runtime                            15.5676 seconds
Elapsed Runtime                    17 seconds
Genus peak memory usage            1892.54 
Innovus peak memory usage          no_value 
Hostname                           cadmicro-inf-el8-623207
