============================================================
  Generated by:           Genus(TM) Synthesis Solution 23.12-s086_1
  Generated on:           Apr 07 2025  07:07:04 pm
  Module:                 carry_select_adder_461012_32bits
  Operating conditions:   tt_025C_1v80 
  Interconnect mode:      global
  Area mode:              physical library
============================================================

            Instance                        Module             Cell-Count  Cell-Area  Net-Area   Total-Area 
------------------------------------------------------------------------------------------------------------
carry_select_adder_461012_32bits NA                                   353   2602.496  1981.163     4583.659 
  CSA_BLOCKS[1].RCA_C0           ripple_carry_adder_WIDTH6             21    181.424    62.567      243.991 
    F1A                          full_adder_4                           4     20.019    10.094       30.113 
    full_adder_loop[1].FA        full_adder_227                         5     36.285    10.181       46.466 
    full_adder_loop[2].FA        full_adder_226                         5     37.536    10.181       47.717 
    full_adder_loop[3].FA        full_adder_225                         5     33.782    10.181       43.964 
    full_adder_loop[4].FA        full_adder_224                         1     33.782     0.000       33.782 
    full_adder_loop[5].FA        full_adder_223                         1     20.019     0.000       20.019 
  CSA_BLOCKS[1].RCA_C1           ripple_carry_adder_WIDTH6_1           21    180.173    69.354      249.527 
    F1A                          full_adder_48_233                      4     20.019    10.094       30.113 
    full_adder_loop[1].FA        full_adder_202                         6     33.782    15.228       49.011 
    full_adder_loop[2].FA        full_adder_201                         1     33.782     0.000       33.782 
    full_adder_loop[3].FA        full_adder_200                         4     35.034    10.181       45.215 
    full_adder_loop[4].FA        full_adder_199                         5     37.536    13.575       51.111 
    full_adder_loop[5].FA        full_adder_198                         1     20.019     0.000       20.019 
  CSA_BLOCKS[2].RCA_C0           ripple_carry_adder_WIDTH10            50    351.587   162.465      514.052 
    F1A                          full_adder_4_232                       4     20.019    10.094       30.113 
    full_adder_loop[1].FA        full_adder_222                         8     45.043    20.362       65.406 
    full_adder_loop[2].FA        full_adder_221                         6     35.034    13.575       48.609 
    full_adder_loop[3].FA        full_adder_220                         5     40.038    10.181       50.220 
    full_adder_loop[4].FA        full_adder_219                         6     35.034    13.575       48.609 
    full_adder_loop[5].FA        full_adder_218                         6     35.034    13.575       48.609 
    full_adder_loop[6].FA        full_adder_217                         5     37.536    13.575       51.111 
    full_adder_loop[7].FA        full_adder_216                         5     37.536    13.575       51.111 
    full_adder_loop[8].FA        full_adder_215                         4     32.531    10.181       42.712 
    full_adder_loop[9].FA        full_adder_214                         1     33.782     0.000       33.782 
  CSA_BLOCKS[2].RCA_C1           ripple_carry_adder_WIDTH10_1          54    362.848   182.653      545.501 
    F1A                          full_adder_48_234                      4     20.019    10.094       30.113 
    full_adder_loop[1].FA        full_adder_197                        11     56.304    37.157       93.461 
    full_adder_loop[2].FA        full_adder_196                         6     37.536    13.575       51.111 
    full_adder_loop[3].FA        full_adder_195                         6     35.034    13.575       48.609 
    full_adder_loop[4].FA        full_adder_194                         5     40.038    13.575       53.613 
    full_adder_loop[5].FA        full_adder_193                         6     35.034    13.575       48.609 
    full_adder_loop[6].FA        full_adder_192                         6     35.034    13.575       48.609 
    full_adder_loop[7].FA        full_adder_191                         5     37.536    13.575       51.111 
    full_adder_loop[8].FA        full_adder_190                         4     32.531    10.181       42.712 
    full_adder_loop[9].FA        full_adder_189                         1     33.782     0.000       33.782 
  CSA_BLOCKS[3].RCA_C0           ripple_carry_adder_WIDTH12            60    426.659   197.881      624.541 
    F1A                          full_adder_4_231                       4     22.522    10.094       32.616 
    full_adder_loop[10].FA       full_adder_204                         1     22.522     0.000       22.522 
    full_adder_loop[11].FA       full_adder_203                         1     33.782     0.000       33.782 
    full_adder_loop[1].FA        full_adder_213                        10     47.546    33.763       81.309 
    full_adder_loop[2].FA        full_adder_212                         6     43.792    13.575       57.367 
    full_adder_loop[3].FA        full_adder_211                         6     35.034    13.575       48.609 
    full_adder_loop[4].FA        full_adder_210                         6     35.034    13.575       48.609 
    full_adder_loop[5].FA        full_adder_209                         5     40.038    10.181       50.220 
    full_adder_loop[6].FA        full_adder_208                         6     35.034    13.575       48.609 
    full_adder_loop[7].FA        full_adder_207                         6     35.034    13.575       48.609 
    full_adder_loop[8].FA        full_adder_206                         5     40.038    13.575       53.613 
    full_adder_loop[9].FA        full_adder_205                         4     36.285    10.181       46.466 
  CSA_BLOCKS[3].RCA_C1           ripple_carry_adder_WIDTH12_1          57    412.896   177.693      590.589 
    F1A                          full_adder_48                          4     20.019    10.094       30.113 
    full_adder_loop[10].FA       full_adder_179                         1     20.019     0.000       20.019 
    full_adder_loop[11].FA       full_adder_178                         1     33.782     0.000       33.782 
    full_adder_loop[1].FA        full_adder_188                         6     37.536    15.228       52.764 
    full_adder_loop[2].FA        full_adder_187                         6     37.536    13.575       51.111 
    full_adder_loop[3].FA        full_adder_186                         6     40.038    13.575       53.613 
    full_adder_loop[4].FA        full_adder_185                         6     37.536    13.575       51.111 
    full_adder_loop[5].FA        full_adder_184                         6     37.536    13.575       51.111 
    full_adder_loop[6].FA        full_adder_183                         5     40.038    10.181       50.220 
    full_adder_loop[7].FA        full_adder_182                         6     35.034    13.575       48.609 
    full_adder_loop[8].FA        full_adder_181                         6     37.536    13.575       51.111 
    full_adder_loop[9].FA        full_adder_180                         4     36.285    10.181       46.466 
  RCA_LSB                        ripple_carry_adder_WIDTH4             14    143.888    48.992      192.880 
    F1A                          full_adder                             7     41.290    25.236       66.525 
    full_adder_loop[1].FA        full_adder_230                         1     33.782     0.000       33.782 
    full_adder_loop[2].FA        full_adder_229                         1     20.019     0.000       20.019 
    full_adder_loop[3].FA        full_adder_228                         5     48.797    13.575       62.372 
