============================================================
  Generated by:           Genus(TM) Synthesis Solution 23.12-s086_1
  Generated on:           Apr 07 2025  02:28:41 pm
  Module:                 ripple_carry_adder_16bits
  Operating conditions:   tt_025C_1v80 
  Interconnect mode:      global
  Area mode:              physical library
============================================================

Timing
-------
  Cost    Critical         Violating 
 Group   Path Slack  TNS     Paths   
-------------------------------------
default         0.0   0.0          0 
-------------------------------------
Total                 0.0          0 

Instance Count
--------------
Leaf Instance Count             138 
Physical Instance count           0 
Sequential Instance Count         0 
Combinational Instance Count    138 
Hierarchical Instance Count      16 

Area
----
Cell Area                          1142.346
Physical Cell Area                 0.000
Total Cell Area (Cell+Physical)    1142.346
Net Area                           712.599
Total Area (Cell+Physical+Net)     1854.945

Max Fanout                         3 (carry[14])
Min Fanout                         1 (Cout)
Average Fanout                     1.5
Terms to net ratio                 2.2105
Terms to instance ratio            2.7391
Runtime                            12.892811 seconds
Elapsed Runtime                    14 seconds
Genus peak memory usage            1889.86 
Innovus peak memory usage          no_value 
Hostname                           cadmicro-inf-el8-623207
