============================================================
  Generated by:           Genus(TM) Synthesis Solution 23.12-s086_1
  Generated on:           Apr 07 2025  02:28:41 pm
  Module:                 ripple_carry_adder_16bits
  Operating conditions:   tt_025C_1v80 
  Interconnect mode:      global
  Area mode:              physical library
============================================================

         Instance              Module       Cell-Count  Cell-Area  Net-Area   Total-Area 
-----------------------------------------------------------------------------------------
ripple_carry_adder_16bits NA                       138   1142.346   712.599     1854.945 
  F1A                     full_adder                 4     26.275    10.094       36.369 
  full_adder_loop[10].FA  full_adder_15_24           6     70.067    13.575       83.642 
  full_adder_loop[11].FA  full_adder_15_25           6     71.318    13.575       84.893 
  full_adder_loop[12].FA  full_adder_15_26           8     71.318    22.016       93.334 
  full_adder_loop[13].FA  full_adder_15_27           6     72.570    13.575       86.145 
  full_adder_loop[14].FA  full_adder_15_28           7     66.314    20.275       86.589 
  full_adder_loop[15].FA  full_adder_15              5     55.053    11.835       66.887 
  full_adder_loop[1].FA   full_adder_15_15           9     65.062    27.063       92.125 
  full_adder_loop[2].FA   full_adder_15_16          11     77.574    37.157      114.732 
  full_adder_loop[3].FA   full_adder_15_17           7     60.058    16.969       77.026 
  full_adder_loop[4].FA   full_adder_15_18           7     65.062    16.969       82.031 
  full_adder_loop[5].FA   full_adder_15_19           7     65.062    16.969       82.031 
  full_adder_loop[6].FA   full_adder_15_20           7     61.309    20.362       81.671 
  full_adder_loop[7].FA   full_adder_15_21           6     67.565    13.575       81.140 
  full_adder_loop[8].FA   full_adder_15_22           6     67.565    13.575       81.140 
  full_adder_loop[9].FA   full_adder_15_23           6     67.565    13.575       81.140 
