============================================================
  Generated by:           Genus(TM) Synthesis Solution 23.12-s086_1
  Generated on:           Apr 09 2025  12:47:59 pm
  Module:                 carry_select_adder_46814_32bits
  Operating conditions:   tt_025C_1v80 
  Interconnect mode:      global
  Area mode:              physical library
============================================================

Timing
-------
  Cost    Critical         Violating 
 Group   Path Slack  TNS     Paths   
-------------------------------------
default         0.9   0.0          0 
-------------------------------------
Total                 0.0          0 

Instance Count
--------------
Leaf Instance Count             166 
Physical Instance count           0 
Sequential Instance Count         0 
Combinational Instance Count    166 
Hierarchical Instance Count      67 

Area
----
Cell Area                          1785.462
Physical Cell Area                 0.000
Total Cell Area (Cell+Physical)    1785.462
Net Area                           1191.465
Total Area (Cell+Physical+Net)     2976.927

Max Fanout                         15 (n_2)
Min Fanout                         1 (C0[1])
Average Fanout                     1.5
Terms to net ratio                 2.1871
Terms to instance ratio            3.6627
Runtime                            13.633767 seconds
Elapsed Runtime                    16 seconds
Genus peak memory usage            1891.18 
Innovus peak memory usage          no_value 
Hostname                           cadmicro-inf-el8-623207
