============================================================
  Generated by:           Genus(TM) Synthesis Solution 23.12-s086_1
  Generated on:           Apr 07 2025  04:59:43 pm
  Module:                 carry_increment_32bits
  Operating conditions:   tt_025C_1v80 
  Interconnect mode:      global
  Area mode:              physical library
============================================================


Path 1: MET (1 ps) Path Delay Check
     Startpoint: (F) A[0]
       Endpoint: (F) S[31]

                   Capture    Launch  
      Path Delay:+    4500         -  
      Drv Adjust:+       0         0  
         Arrival:=    4500            
                                      
   Required Time:=    4500            
       Data Path:-    4499            
           Slack:=       1            

Exceptions/Constraints:
  max_delay             4500            constraints.sdc_line_1 

#-------------------------------------------------------------------------------------------------------------------------------------
#               Timing Point                Flags     Arc    Edge           Cell             Fanout Load Trans Delay Arrival Instance 
#                                                                                                   (fF)  (ps)  (ps)   (ps)  Location 
#-------------------------------------------------------------------------------------------------------------------------------------
  A[0]                                      -       -        F     (arrival)                      1  3.3  1000     0       0    (-,-) 
  g282/X                                    -       A->X     F     sky130_fd_sc_hd__clkbuf_1      3 11.6    90   357     357    (-,-) 
  RCA1/F1A/g99__5107/Y                      -       A->Y     R     sky130_fd_sc_hd__nor2_1        1  6.0   278   152     509    (-,-) 
  RCA1/F1A/g95__2398/Y                      -       A2->Y    F     sky130_fd_sc_hd__o21ai_2       2  8.4    70   103     612    (-,-) 
  RCA1/full_adder_loop[1].FA/g62__3680/Y    -       A->Y     R     sky130_fd_sc_hd__nand2_1       1  3.7    55    70     682    (-,-) 
  RCA1/full_adder_loop[1].FA/g60__5526/Y    -       A->Y     F     sky130_fd_sc_hd__nand2_1       2  8.4    83    77     759    (-,-) 
  RCA1/full_adder_loop[2].FA/g62__7098/Y    -       A->Y     R     sky130_fd_sc_hd__nand2_1       1  3.8    56    76     836    (-,-) 
  RCA1/full_adder_loop[2].FA/g60__5122/Y    -       B->Y     F     sky130_fd_sc_hd__nand2b_1      1  3.6    48    58     893    (-,-) 
  RCA1/full_adder_loop[3].FA/g57__5115/COUT -       CI->COUT F     sky130_fd_sc_hd__fah_1         2  7.0    77   265    1159    (-,-) 
  g773__1881/X                              -       A->X     F     sky130_fd_sc_hd__and4_4        3 10.3    43   167    1326    (-,-) 
  g770__8246/X                              -       A1->X    F     sky130_fd_sc_hd__a21o_1        2  7.0    52   169    1495    (-,-) 
  g767__2802/X                              -       A->X     F     sky130_fd_sc_hd__and4_4        3 10.3    43   156    1651    (-,-) 
  g764__6783/X                              -       A1->X    F     sky130_fd_sc_hd__a21o_1        2  6.2    49   165    1816    (-,-) 
  g762__8428/X                              -       A->X     F     sky130_fd_sc_hd__and3_1        3  8.2    62   167    1982    (-,-) 
  g760__6260/X                              -       A->X     F     sky130_fd_sc_hd__and2_4        3 10.3    38   150    2133    (-,-) 
  g757__5477/X                              -       A1->X    F     sky130_fd_sc_hd__a21o_1        2  6.2    49   163    2296    (-,-) 
  g755__7410/X                              -       A->X     F     sky130_fd_sc_hd__and3_1        3  8.2    62   167    2463    (-,-) 
  g753__2346/X                              -       A->X     F     sky130_fd_sc_hd__and2_4        3 10.3    38   150    2613    (-,-) 
  g750__9315/X                              -       A1->X    F     sky130_fd_sc_hd__a21o_1        2  6.2    49   163    2776    (-,-) 
  g748__4733/X                              -       A->X     F     sky130_fd_sc_hd__and3_1        2  6.0    52   156    2932    (-,-) 
  g746__5115/COUT                           -       B->COUT  F     sky130_fd_sc_hd__ha_1          2  8.4    69   207    3139    (-,-) 
  g744__6131/X                              -       A1->X    F     sky130_fd_sc_hd__a21o_1        2  7.0    52   180    3319    (-,-) 
  g741__5122/X                              -       A->X     F     sky130_fd_sc_hd__and4_4        3 10.3    43   156    3474    (-,-) 
  g2/X                                      -       A1->X    F     sky130_fd_sc_hd__a21o_1        1  4.6    42   158    3632    (-,-) 
  g736__6783/COUT                           -       B->COUT  F     sky130_fd_sc_hd__ha_2          1  4.6    38   166    3798    (-,-) 
  g735__5526/COUT                           -       B->COUT  F     sky130_fd_sc_hd__ha_2          1  4.6    38   164    3962    (-,-) 
  g734__8428/COUT                           -       B->COUT  F     sky130_fd_sc_hd__ha_2          3  9.1    49   178    4141    (-,-) 
  g732__4319/X                              -       A0->X    F     sky130_fd_sc_hd__mux2_4        1 51.3   115   357    4498    (-,-) 
  S[31]                                     <<<     -        F     (port)                         -    -     -     0    4499    (-,-) 
#-------------------------------------------------------------------------------------------------------------------------------------

