============================================================
  Generated by:           Genus(TM) Synthesis Solution 23.12-s086_1
  Generated on:           Apr 07 2025  04:59:43 pm
  Module:                 carry_increment_32bits
  Operating conditions:   tt_025C_1v80 
  Interconnect mode:      global
  Area mode:              physical library
============================================================

Timing
-------
  Cost    Critical         Violating 
 Group   Path Slack  TNS     Paths   
-------------------------------------
default         1.2   0.0          0 
-------------------------------------
Total                 0.0          0 

Instance Count
--------------
Leaf Instance Count             99 
Physical Instance count          0 
Sequential Instance Count        0 
Combinational Instance Count    99 
Hierarchical Instance Count     40 

Area
----
Cell Area                          1196.147
Physical Cell Area                 0.000
Total Cell Area (Cell+Physical)    1196.147
Net Area                           803.273
Total Area (Cell+Physical+Net)     1999.420

Max Fanout                         3 (n_4)
Min Fanout                         1 (C2[0])
Average Fanout                     1.3
Terms to net ratio                 1.8301
Terms to instance ratio            3.8081
Runtime                            12.795586 seconds
Elapsed Runtime                    14 seconds
Genus peak memory usage            1893.41 
Innovus peak memory usage          no_value 
Hostname                           cadmicro-inf-el8-623207
