============================================================
  Generated by:           Genus(TM) Synthesis Solution 23.12-s086_1
  Generated on:           Apr 07 2025  04:59:43 pm
  Module:                 carry_increment_32bits
  Operating conditions:   tt_025C_1v80 
  Interconnect mode:      global
  Area mode:              physical library
============================================================

         Instance                      Module              Cell-Count  Cell-Area  Net-Area   Total-Area 
--------------------------------------------------------------------------------------------------------
carry_increment_32bits    NA                                       99   1196.147   803.273     1999.420 
  RCA1                    ripple_carry_adder_WIDTH4                19    150.144    60.913      211.057 
    F1A                   full_adder                                7     43.792    20.275       64.067 
    full_adder_loop[1].FA full_adder_91                             6     35.034    13.575       48.609 
    full_adder_loop[2].FA full_adder_90                             5     37.536    13.575       51.111 
    full_adder_loop[3].FA full_adder_89                             1     33.782     0.000       33.782 
  RCAS[1].RCA2            ripple_carry_adder_WIDTH4_7_98            4    126.371    10.181      136.552 
    F1A                   full_adder_24_93                          1     25.024     0.000       25.024 
    full_adder_loop[1].FA full_adder_88                             1     33.782     0.000       33.782 
    full_adder_loop[2].FA full_adder_87                             1     33.782     0.000       33.782 
    full_adder_loop[3].FA full_adder_86                             1     33.782     0.000       33.782 
  RCAS[2].RCA2            ripple_carry_adder_WIDTH4_7_99            7     93.840    20.275      114.115 
    F1A                   full_adder_24_94                          4     20.019    10.094       30.113 
    full_adder_loop[1].FA full_adder_85                             1     33.782     0.000       33.782 
    full_adder_loop[2].FA full_adder_84                             1     20.019     0.000       20.019 
    full_adder_loop[3].FA full_adder_83                             1     20.019     0.000       20.019 
  RCAS[3].RCA2            ripple_carry_adder_WIDTH4_7_100           4     72.570    10.181       82.751 
    F1A                   full_adder_24_95                          1     12.512     0.000       12.512 
    full_adder_loop[1].FA full_adder_82                             1     20.019     0.000       20.019 
    full_adder_loop[2].FA full_adder_81                             1     20.019     0.000       20.019 
    full_adder_loop[3].FA full_adder_80                             1     20.019     0.000       20.019 
  RCAS[4].RCA2            ripple_carry_adder_WIDTH4_7_101           4     72.570    10.181       82.751 
    F1A                   full_adder_24_96                          1     12.512     0.000       12.512 
    full_adder_loop[1].FA full_adder_79                             1     20.019     0.000       20.019 
    full_adder_loop[2].FA full_adder_78                             1     20.019     0.000       20.019 
    full_adder_loop[3].FA full_adder_77                             1     20.019     0.000       20.019 
  RCAS[5].RCA2            ripple_carry_adder_WIDTH4_7_102           4     72.570    10.181       82.751 
    F1A                   full_adder_24_97                          1     12.512     0.000       12.512 
    full_adder_loop[1].FA full_adder_76                             1     20.019     0.000       20.019 
    full_adder_loop[2].FA full_adder_75                             1     20.019     0.000       20.019 
    full_adder_loop[3].FA full_adder_74                             1     20.019     0.000       20.019 
  RCAS[6].RCA2            ripple_carry_adder_WIDTH4_7_103           4     72.570    10.181       82.751 
    F1A                   full_adder_24                             1     12.512     0.000       12.512 
    full_adder_loop[1].FA full_adder_73                             1     20.019     0.000       20.019 
    full_adder_loop[2].FA full_adder_72                             1     20.019     0.000       20.019 
    full_adder_loop[3].FA full_adder_71                             1     20.019     0.000       20.019 
  RCAS[7].RCA2            ripple_carry_adder_WIDTH4_7               4     72.570    10.181       82.751 
    F1A                   full_adder_24_92                          1     12.512     0.000       12.512 
    full_adder_loop[1].FA full_adder_70                             1     20.019     0.000       20.019 
    full_adder_loop[2].FA full_adder_69                             1     20.019     0.000       20.019 
    full_adder_loop[3].FA full_adder_68                             1     20.019     0.000       20.019 
