============================================================
  Generated by:           Genus(TM) Synthesis Solution 23.12-s086_1
  Generated on:           Apr 07 2025  06:35:02 pm
  Module:                 carry_select_adder_66668_32bits
  Operating conditions:   tt_025C_1v80 
  Interconnect mode:      global
  Area mode:              physical library
============================================================

            Instance                         Module              Cell-Count  Cell-Area  Net-Area   Total-Area 
--------------------------------------------------------------------------------------------------------------
carry_select_adder_66668_32bits NA                                      533   3150.522  2656.866     5807.387 
  CSA_BLOCKS[1].RCA_C0          ripple_carry_adder_WIDTH6_5_235          43    226.467   140.362      366.829 
    F1A                         full_adder_26_232                         4     20.019    10.094       30.113 
    full_adder_loop[1].FA       full_adder_218                           11     51.299    37.157       88.456 
    full_adder_loop[2].FA       full_adder_217                            7     38.787    16.969       55.756 
    full_adder_loop[3].FA       full_adder_216                            7     38.787    16.969       55.756 
    full_adder_loop[4].FA       full_adder_215                            7     38.787    16.969       55.756 
    full_adder_loop[5].FA       full_adder_214                            7     38.787    16.969       55.756 
  CSA_BLOCKS[1].RCA_C1          ripple_carry_adder_WIDTH6_6_237          42    237.728   136.968      374.696 
    F1A                         full_adder_32_234                         4     22.522    10.094       32.616 
    full_adder_loop[1].FA       full_adder_213                           10     47.546    33.763       81.309 
    full_adder_loop[2].FA       full_adder_212                            7     38.787    16.969       55.756 
    full_adder_loop[3].FA       full_adder_211                            7     41.290    16.969       58.258 
    full_adder_loop[4].FA       full_adder_210                            7     43.792    16.969       60.761 
    full_adder_loop[5].FA       full_adder_209                            7     43.792    16.969       60.761 
  CSA_BLOCKS[2].RCA_C0          ripple_carry_adder_WIDTH6_5_236          38    226.467   123.480      349.947 
    F1A                         full_adder_26                             1     15.014     0.000       15.014 
    full_adder_loop[1].FA       full_adder_208                           10     47.546    33.763       81.309 
    full_adder_loop[2].FA       full_adder_207                            8     42.541    20.362       62.903 
    full_adder_loop[3].FA       full_adder_206                            7     41.290    16.969       58.258 
    full_adder_loop[4].FA       full_adder_205                            6     40.038    13.575       53.613 
    full_adder_loop[5].FA       full_adder_204                            6     40.038    13.575       53.613 
  CSA_BLOCKS[2].RCA_C1          ripple_carry_adder_WIDTH6_6_238          42    232.723   136.968      369.691 
    F1A                         full_adder_32                             4     20.019    10.094       30.113 
    full_adder_loop[1].FA       full_adder_203                           10     47.546    33.763       81.309 
    full_adder_loop[2].FA       full_adder_202                            8     42.541    20.362       62.903 
    full_adder_loop[3].FA       full_adder_201                            7     41.290    16.969       58.258 
    full_adder_loop[4].FA       full_adder_200                            7     43.792    16.969       60.761 
    full_adder_loop[5].FA       full_adder_199                            6     37.536    13.575       51.111 
  CSA_BLOCKS[3].RCA_C0          ripple_carry_adder_WIDTH6_5              45    241.482   153.763      395.244 
    F1A                         full_adder_26_231                         4     20.019    10.094       30.113 
    full_adder_loop[1].FA       full_adder_198                           11     51.299    37.157       88.456 
    full_adder_loop[2].FA       full_adder_197                           11     51.299    37.157       88.456 
    full_adder_loop[3].FA       full_adder_196                            7     41.290    16.969       58.258 
    full_adder_loop[4].FA       full_adder_195                            6     40.038    13.575       53.613 
    full_adder_loop[5].FA       full_adder_194                            6     37.536    13.575       51.111 
  CSA_BLOCKS[3].RCA_C1          ripple_carry_adder_WIDTH6_6              43    236.477   140.362      376.839 
    F1A                         full_adder_32_233                         4     20.019    10.094       30.113 
    full_adder_loop[1].FA       full_adder_193                           11     51.299    37.157       88.456 
    full_adder_loop[2].FA       full_adder_192                            7     41.290    16.969       58.258 
    full_adder_loop[3].FA       full_adder_191                            7     38.787    16.969       55.756 
    full_adder_loop[4].FA       full_adder_190                            7     41.290    16.969       58.258 
    full_adder_loop[5].FA       full_adder_189                            7     43.792    16.969       60.761 
  CSA_BLOCKS[4].RCA_C0          ripple_carry_adder_WIDTH8                43    271.510   140.449      411.959 
    F1A                         full_adder_6                              4     20.019    10.094       30.113 
    full_adder_loop[1].FA       full_adder_225                            8     40.038    20.362       60.401 
    full_adder_loop[2].FA       full_adder_224                            7     38.787    16.969       55.756 
    full_adder_loop[3].FA       full_adder_223                            6     35.034    13.575       48.609 
    full_adder_loop[4].FA       full_adder_222                            6     35.034    13.575       48.609 
    full_adder_loop[5].FA       full_adder_221                            4     35.034    10.181       45.215 
    full_adder_loop[6].FA       full_adder_220                            4     35.034    10.181       45.215 
    full_adder_loop[7].FA       full_adder_219                            4     32.531    10.181       42.712 
  CSA_BLOCKS[4].RCA_C1          ripple_carry_adder_WIDTH8_1              43    281.520   138.795      420.315 
    F1A                         full_adder_50                             4     20.019    10.094       30.113 
    full_adder_loop[1].FA       full_adder_188                            8     40.038    20.362       60.401 
    full_adder_loop[2].FA       full_adder_187                            6     35.034    13.575       48.609 
    full_adder_loop[3].FA       full_adder_186                            6     35.034    13.575       48.609 
    full_adder_loop[4].FA       full_adder_185                            7     38.787    16.969       55.756 
    full_adder_loop[5].FA       full_adder_184                            5     37.536    13.575       51.111 
    full_adder_loop[6].FA       full_adder_183                            6     41.290    16.969       58.258 
    full_adder_loop[7].FA       full_adder_182                            1     33.782     0.000       33.782 
  RCA_LSB                       ripple_carry_adder_WIDTH6                43    340.326   142.189      482.516 
    F1A                         full_adder                                7     45.043    18.622       63.665 
    full_adder_loop[1].FA       full_adder_230                           11     61.309    37.244       98.553 
    full_adder_loop[2].FA       full_adder_229                            7     52.550    20.362       72.913 
    full_adder_loop[3].FA       full_adder_228                            6     58.806    13.575       72.381 
    full_adder_loop[4].FA       full_adder_227                            6     62.560    13.575       76.135 
    full_adder_loop[5].FA       full_adder_226                            6     60.058    13.575       73.633 
