============================================================
  Generated by:           Genus(TM) Synthesis Solution 23.12-s086_1
  Generated on:           Apr 07 2025  06:35:02 pm
  Module:                 carry_select_adder_66668_32bits
  Operating conditions:   tt_025C_1v80 
  Interconnect mode:      global
  Area mode:              physical library
============================================================


Path 1: MET (0 ps) Path Delay Check
     Startpoint: (F) B[19]
       Endpoint: (R) S[25]

                   Capture    Launch  
      Path Delay:+    1870         -  
      Drv Adjust:+       0         0  
         Arrival:=    1870            
                                      
   Required Time:=    1870            
       Data Path:-    1870            
           Slack:=       0            

Exceptions/Constraints:
  max_delay             1870            constraints.sdc_line_1 

#------------------------------------------------------------------------------------------------------------------------------------------------
#                      Timing Point                       Flags   Arc   Edge           Cell             Fanout Load Trans Delay Arrival Instance 
#                                                                                                              (fF)  (ps)  (ps)   (ps)  Location 
#------------------------------------------------------------------------------------------------------------------------------------------------
  B[19]                                                   -       -     F     (arrival)                      1  3.3  1000     0       0    (-,-) 
  g6053/X                                                 -       A->X  F     sky130_fd_sc_hd__clkbuf_1      2 10.5    85   352     352    (-,-) 
  CSA_BLOCKS[3].RCA_C0/full_adder_loop[1].FA/g133/Y       -       A->Y  R     sky130_fd_sc_hd__inv_2         2  8.9    54    77     428    (-,-) 
  CSA_BLOCKS[3].RCA_C0/full_adder_loop[1].FA/g125__2883/Y -       B->Y  F     sky130_fd_sc_hd__nand2_1       1  3.5    36    54     483    (-,-) 
  CSA_BLOCKS[3].RCA_C0/full_adder_loop[1].FA/g123__9315/Y -       B->Y  R     sky130_fd_sc_hd__nand2_1       1  3.7    52    63     546    (-,-) 
  CSA_BLOCKS[3].RCA_C0/full_adder_loop[1].FA/g121__4733/Y -       A->Y  F     sky130_fd_sc_hd__nand2_1       2  6.2    54    64     610    (-,-) 
  CSA_BLOCKS[3].RCA_C0/full_adder_loop[2].FA/g61__6417/Y  -       A->Y  R     sky130_fd_sc_hd__nand2_1       1  3.7    54    63     672    (-,-) 
  CSA_BLOCKS[3].RCA_C0/full_adder_loop[2].FA/g59__1666/Y  -       A->Y  F     sky130_fd_sc_hd__nand2_1       2  6.2    54    65     737    (-,-) 
  CSA_BLOCKS[3].RCA_C0/full_adder_loop[3].FA/g18/Y        -       A->Y  R     sky130_fd_sc_hd__nand2_1       1  5.9    72    77     814    (-,-) 
  CSA_BLOCKS[3].RCA_C0/full_adder_loop[3].FA/g17/Y        -       A->Y  F     sky130_fd_sc_hd__nand2_2       2 10.4    55    67     882    (-,-) 
  CSA_BLOCKS[3].RCA_C0/full_adder_loop[4].FA/g18/Y        -       A->Y  R     sky130_fd_sc_hd__nand2_2       1  5.9    54    62     944    (-,-) 
  CSA_BLOCKS[3].RCA_C0/full_adder_loop[4].FA/g17/Y        -       A->Y  F     sky130_fd_sc_hd__nand2_2       2  8.4    46    56    1000    (-,-) 
  CSA_BLOCKS[3].RCA_C0/full_adder_loop[5].FA/g21/Y        -       A->Y  R     sky130_fd_sc_hd__nand2_1       1  5.9    72    74    1074    (-,-) 
  CSA_BLOCKS[3].RCA_C0/full_adder_loop[5].FA/g20/Y        -       A->Y  F     sky130_fd_sc_hd__nand2_2       2  6.3    41    55    1129    (-,-) 
  g86/Y                                                   -       A->Y  R     sky130_fd_sc_hd__inv_1         1  3.7    41    52    1181    (-,-) 
  g6732/Y                                                 -       B->Y  F     sky130_fd_sc_hd__nand2_1       2  6.4    55    65    1246    (-,-) 
  g81/Y                                                   -       D->Y  R     sky130_fd_sc_hd__nand4_1       1 10.1   144   135    1381    (-,-) 
  g78/Y                                                   -       A->Y  F     sky130_fd_sc_hd__nand2_4      11 42.0   107   124    1506    (-,-) 
  g6733/Y                                                 -       A->Y  R     sky130_fd_sc_hd__nor2b_1       1  6.1   143   169    1674    (-,-) 
  g6629__4733/X                                           -       B1->X R     sky130_fd_sc_hd__a21o_4        1 51.3   149   195    1869    (-,-) 
  S[25]                                                   <<<     -     R     (port)                         -    -     -     0    1870    (-,-) 
#------------------------------------------------------------------------------------------------------------------------------------------------

