============================================================
  Generated by:           Genus(TM) Synthesis Solution 23.12-s086_1
  Generated on:           Apr 07 2025  06:35:02 pm
  Module:                 carry_select_adder_66668_32bits
  Operating conditions:   tt_025C_1v80 
  Interconnect mode:      global
  Area mode:              physical library
============================================================

Timing
-------
  Cost    Critical         Violating 
 Group   Path Slack  TNS     Paths   
-------------------------------------
default         0.3   0.0          0 
-------------------------------------
Total                 0.0          0 

Instance Count
--------------
Leaf Instance Count             533 
Physical Instance count           0 
Sequential Instance Count         0 
Combinational Instance Count    533 
Hierarchical Instance Count      67 

Area
----
Cell Area                          3150.522
Physical Cell Area                 0.000
Total Cell Area (Cell+Physical)    3150.522
Net Area                           2656.865
Total Area (Cell+Physical+Net)     5807.387

Max Fanout                         11 (n_356)
Min Fanout                         1 (C0[4])
Average Fanout                     1.6
Terms to net ratio                 2.4382
Terms to instance ratio            2.7767
Runtime                            18.552996 seconds
Elapsed Runtime                    20 seconds
Genus peak memory usage            1901.84 
Innovus peak memory usage          no_value 
Hostname                           cadmicro-inf-el8-623207
