Hinst Name                                   Module Name                     Inst Count           Total Area               Buffer             Inverter        Combinational                 Flop                Latch           Clock Gate                Macro             Physical
---------------------------------------------------------------------------------------------------------------------------------------------------------------------------------------------------------------------------------------------------------------------------------------------
carry_select_adder_66668_32bits                                                     768             4259.085               22.522              221.462             2559.955                0.000                0.000                0.000                0.000             1455.146
  CSA_BLOCKS[1].RCA_C0                       ripple_carry_adder_WIDTH6_5_235         39              236.477                7.507               18.768              210.202                0.000                0.000                0.000                0.000                0.000
    CSA_BLOCKS[1].RCA_C0/F1A                 full_adder_26_232                        3               18.768                0.000                3.754               15.014                0.000                0.000                0.000                0.000                0.000
    CSA_BLOCKS[1].RCA_C0/full_adder_loop[1].FA full_adder_218                           8               45.043                0.000                7.507               37.536                0.000                0.000                0.000                0.000                0.000
    CSA_BLOCKS[1].RCA_C0/full_adder_loop[2].FA full_adder_217                           8               45.043                0.000                7.507               37.536                0.000                0.000                0.000                0.000                0.000
    CSA_BLOCKS[1].RCA_C0/full_adder_loop[3].FA full_adder_216                           6               40.038                0.000                0.000               40.038                0.000                0.000                0.000                0.000                0.000
    CSA_BLOCKS[1].RCA_C0/full_adder_loop[4].FA full_adder_215                           6               40.038                0.000                0.000               40.038                0.000                0.000                0.000                0.000                0.000
    CSA_BLOCKS[1].RCA_C0/full_adder_loop[5].FA full_adder_214                           6               40.038                0.000                0.000               40.038                0.000                0.000                0.000                0.000                0.000
  CSA_BLOCKS[1].RCA_C1                       ripple_carry_adder_WIDTH6_6_237         37              210.202                0.000               20.019              190.182                0.000                0.000                0.000                0.000                0.000
    CSA_BLOCKS[1].RCA_C1/F1A                 full_adder_32_234                        3               17.517                0.000                5.005               12.512                0.000                0.000                0.000                0.000                0.000
    CSA_BLOCKS[1].RCA_C1/full_adder_loop[1].FA full_adder_213                           8               42.541                0.000                7.507               35.034                0.000                0.000                0.000                0.000                0.000
    CSA_BLOCKS[1].RCA_C1/full_adder_loop[2].FA full_adder_212                           8               45.043                0.000                7.507               37.536                0.000                0.000                0.000                0.000                0.000
    CSA_BLOCKS[1].RCA_C1/full_adder_loop[3].FA full_adder_211                           6               35.034                0.000                0.000               35.034                0.000                0.000                0.000                0.000                0.000
    CSA_BLOCKS[1].RCA_C1/full_adder_loop[4].FA full_adder_210                           6               35.034                0.000                0.000               35.034                0.000                0.000                0.000                0.000                0.000
    CSA_BLOCKS[1].RCA_C1/full_adder_loop[5].FA full_adder_209                           6               35.034                0.000                0.000               35.034                0.000                0.000                0.000                0.000                0.000
  CSA_BLOCKS[2].RCA_C0                       ripple_carry_adder_WIDTH6_5_236         32              205.197                0.000               18.768              186.429                0.000                0.000                0.000                0.000                0.000
    CSA_BLOCKS[2].RCA_C0/F1A                 full_adder_26                            4               22.522                0.000                7.507               15.014                0.000                0.000                0.000                0.000                0.000
    CSA_BLOCKS[2].RCA_C0/full_adder_loop[1].FA full_adder_208                           8               40.038                0.000                7.507               32.531                0.000                0.000                0.000                0.000                0.000
    CSA_BLOCKS[2].RCA_C0/full_adder_loop[2].FA full_adder_207                           6               35.034                0.000                0.000               35.034                0.000                0.000                0.000                0.000                0.000
    CSA_BLOCKS[2].RCA_C0/full_adder_loop[3].FA full_adder_206                           6               37.536                0.000                3.754               33.782                0.000                0.000                0.000                0.000                0.000
    CSA_BLOCKS[2].RCA_C0/full_adder_loop[4].FA full_adder_205                           4               35.034                0.000                0.000               35.034                0.000                0.000                0.000                0.000                0.000
    CSA_BLOCKS[2].RCA_C0/full_adder_loop[5].FA full_adder_204                           4               35.034                0.000                0.000               35.034                0.000                0.000                0.000                0.000                0.000
  CSA_BLOCKS[2].RCA_C1                       ripple_carry_adder_WIDTH6_6_238         34              201.443                0.000               16.266              185.178                0.000                0.000                0.000                0.000                0.000
    CSA_BLOCKS[2].RCA_C1/F1A                 full_adder_32                            4               21.270                0.000                8.758               12.512                0.000                0.000                0.000                0.000                0.000
    CSA_BLOCKS[2].RCA_C1/full_adder_loop[1].FA full_adder_203                           8               40.038                0.000                7.507               32.531                0.000                0.000                0.000                0.000                0.000
    CSA_BLOCKS[2].RCA_C1/full_adder_loop[2].FA full_adder_202                           6               35.034                0.000                0.000               35.034                0.000                0.000                0.000                0.000                0.000
    CSA_BLOCKS[2].RCA_C1/full_adder_loop[3].FA full_adder_201                           6               35.034                0.000                0.000               35.034                0.000                0.000                0.000                0.000                0.000
    CSA_BLOCKS[2].RCA_C1/full_adder_loop[4].FA full_adder_200                           6               35.034                0.000                0.000               35.034                0.000                0.000                0.000                0.000                0.000
    CSA_BLOCKS[2].RCA_C1/full_adder_loop[5].FA full_adder_199                           4               35.034                0.000                0.000               35.034                0.000                0.000                0.000                0.000                0.000
  CSA_BLOCKS[3].RCA_C0                       ripple_carry_adder_WIDTH6_5             20              202.694                0.000               13.763              188.931                0.000                0.000                0.000                0.000                0.000
    CSA_BLOCKS[3].RCA_C0/F1A                 full_adder_26_231                        4               26.275                0.000               13.763               12.512                0.000                0.000                0.000                0.000                0.000
    CSA_BLOCKS[3].RCA_C0/full_adder_loop[1].FA full_adder_198                           5               36.285                0.000                0.000               36.285                0.000                0.000                0.000                0.000                0.000
    CSA_BLOCKS[3].RCA_C0/full_adder_loop[2].FA full_adder_197                           5               37.536                0.000                0.000               37.536                0.000                0.000                0.000                0.000                0.000
    CSA_BLOCKS[3].RCA_C0/full_adder_loop[3].FA full_adder_196                           4               35.034                0.000                0.000               35.034                0.000                0.000                0.000                0.000                0.000
    CSA_BLOCKS[3].RCA_C0/full_adder_loop[4].FA full_adder_195                           1               33.782                0.000                0.000               33.782                0.000                0.000                0.000                0.000                0.000
    CSA_BLOCKS[3].RCA_C0/full_adder_loop[5].FA full_adder_194                           1               33.782                0.000                0.000               33.782                0.000                0.000                0.000                0.000                0.000
  CSA_BLOCKS[3].RCA_C1                       ripple_carry_adder_WIDTH6_6             23              196.438                0.000               15.014              181.424                0.000                0.000                0.000                0.000                0.000
    CSA_BLOCKS[3].RCA_C1/F1A                 full_adder_32_233                        4               20.019                0.000                7.507               12.512                0.000                0.000                0.000                0.000                0.000
    CSA_BLOCKS[3].RCA_C1/full_adder_loop[1].FA full_adder_193                           5               30.029                0.000                0.000               30.029                0.000                0.000                0.000                0.000                0.000
    CSA_BLOCKS[3].RCA_C1/full_adder_loop[2].FA full_adder_192                           7               41.290                0.000                7.507               33.782                0.000                0.000                0.000                0.000                0.000
    CSA_BLOCKS[3].RCA_C1/full_adder_loop[3].FA full_adder_191                           5               37.536                0.000                0.000               37.536                0.000                0.000                0.000                0.000                0.000
    CSA_BLOCKS[3].RCA_C1/full_adder_loop[4].FA full_adder_190                           1               33.782                0.000                0.000               33.782                0.000                0.000                0.000                0.000                0.000
    CSA_BLOCKS[3].RCA_C1/full_adder_loop[5].FA full_adder_189                           1               33.782                0.000                0.000               33.782                0.000                0.000                0.000                0.000                0.000
  CSA_BLOCKS[4].RCA_C0                       ripple_carry_adder_WIDTH8               32              265.254                0.000                7.507              257.747                0.000                0.000                0.000                0.000                0.000
    CSA_BLOCKS[4].RCA_C0/F1A                 full_adder_6                             2               12.512                0.000                0.000               12.512                0.000                0.000                0.000                0.000                0.000
    CSA_BLOCKS[4].RCA_C0/full_adder_loop[1].FA full_adder_225                           8               40.038                0.000                7.507               32.531                0.000                0.000                0.000                0.000                0.000
    CSA_BLOCKS[4].RCA_C0/full_adder_loop[2].FA full_adder_224                           6               35.034                0.000                0.000               35.034                0.000                0.000                0.000                0.000                0.000
    CSA_BLOCKS[4].RCA_C0/full_adder_loop[3].FA full_adder_223                           6               35.034                0.000                0.000               35.034                0.000                0.000                0.000                0.000                0.000
    CSA_BLOCKS[4].RCA_C0/full_adder_loop[4].FA full_adder_222                           4               35.034                0.000                0.000               35.034                0.000                0.000                0.000                0.000                0.000
    CSA_BLOCKS[4].RCA_C0/full_adder_loop[5].FA full_adder_221                           4               40.038                0.000                0.000               40.038                0.000                0.000                0.000                0.000                0.000
    CSA_BLOCKS[4].RCA_C0/full_adder_loop[6].FA full_adder_220                           1               33.782                0.000                0.000               33.782                0.000                0.000                0.000                0.000                0.000
    CSA_BLOCKS[4].RCA_C0/full_adder_loop[7].FA full_adder_219                           1               33.782                0.000                0.000               33.782                0.000                0.000                0.000                0.000                0.000
  CSA_BLOCKS[4].RCA_C1                       ripple_carry_adder_WIDTH8_1             31              266.506                0.000                3.754              262.752                0.000                0.000                0.000                0.000                0.000
    CSA_BLOCKS[4].RCA_C1/F1A                 full_adder_50                            2               12.512                0.000                0.000               12.512                0.000                0.000                0.000                0.000                0.000
    CSA_BLOCKS[4].RCA_C1/full_adder_loop[1].FA full_adder_188                           6               45.043                0.000                3.754               41.290                0.000                0.000                0.000                0.000                0.000
    CSA_BLOCKS[4].RCA_C1/full_adder_loop[2].FA full_adder_187                           5               33.782                0.000                0.000               33.782                0.000                0.000                0.000                0.000                0.000
    CSA_BLOCKS[4].RCA_C1/full_adder_loop[3].FA full_adder_186                           6               37.536                0.000                0.000               37.536                0.000                0.000                0.000                0.000                0.000
    CSA_BLOCKS[4].RCA_C1/full_adder_loop[4].FA full_adder_185                           6               35.034                0.000                0.000               35.034                0.000                0.000                0.000                0.000                0.000
    CSA_BLOCKS[4].RCA_C1/full_adder_loop[5].FA full_adder_184                           4               35.034                0.000                0.000               35.034                0.000                0.000                0.000                0.000                0.000
    CSA_BLOCKS[4].RCA_C1/full_adder_loop[6].FA full_adder_183                           1               33.782                0.000                0.000               33.782                0.000                0.000                0.000                0.000                0.000
    CSA_BLOCKS[4].RCA_C1/full_adder_loop[7].FA full_adder_182                           1               33.782                0.000                0.000               33.782                0.000                0.000                0.000                0.000                0.000
  RCA_LSB                                    ripple_carry_adder_WIDTH6               36              370.355                0.000               11.261              359.094                0.000                0.000                0.000                0.000                0.000
    RCA_LSB/F1A                              full_adder                               5               57.555                0.000                0.000               57.555                0.000                0.000                0.000                0.000                0.000
    RCA_LSB/full_adder_loop[1].FA            full_adder_230                           8               62.560                0.000                7.507               55.053                0.000                0.000                0.000                0.000                0.000
    RCA_LSB/full_adder_loop[2].FA            full_adder_229                           7               68.816                0.000                3.754               65.062                0.000                0.000                0.000                0.000                0.000
    RCA_LSB/full_adder_loop[3].FA            full_adder_228                           6               57.555                0.000                0.000               57.555                0.000                0.000                0.000                0.000                0.000
    RCA_LSB/full_adder_loop[4].FA            full_adder_227                           5               52.550                0.000                0.000               52.550                0.000                0.000                0.000                0.000                0.000
    RCA_LSB/full_adder_loop[5].FA            full_adder_226                           5               71.318                0.000                0.000               71.318                0.000                0.000                0.000                0.000                0.000
