    Hinst Name                               Module Name                     Inst Count           Total Area
---------------------------------------------------------------------------------------------------------
carry_select_adder_66668_32bits                                                     357             2803.939
  CSA_BLOCKS[1].RCA_C0                       ripple_carry_adder_WIDTH6_5_235         39              236.477
    CSA_BLOCKS[1].RCA_C0/F1A                 full_adder_26_232                        3               18.768
    CSA_BLOCKS[1].RCA_C0/full_adder_loop[1].FA full_adder_218                           8               45.043
    CSA_BLOCKS[1].RCA_C0/full_adder_loop[2].FA full_adder_217                           8               45.043
    CSA_BLOCKS[1].RCA_C0/full_adder_loop[3].FA full_adder_216                           6               40.038
    CSA_BLOCKS[1].RCA_C0/full_adder_loop[4].FA full_adder_215                           6               40.038
    CSA_BLOCKS[1].RCA_C0/full_adder_loop[5].FA full_adder_214                           6               40.038
  CSA_BLOCKS[1].RCA_C1                       ripple_carry_adder_WIDTH6_6_237         37              210.202
    CSA_BLOCKS[1].RCA_C1/F1A                 full_adder_32_234                        3               17.517
    CSA_BLOCKS[1].RCA_C1/full_adder_loop[1].FA full_adder_213                           8               42.541
    CSA_BLOCKS[1].RCA_C1/full_adder_loop[2].FA full_adder_212                           8               45.043
    CSA_BLOCKS[1].RCA_C1/full_adder_loop[3].FA full_adder_211                           6               35.034
    CSA_BLOCKS[1].RCA_C1/full_adder_loop[4].FA full_adder_210                           6               35.034
    CSA_BLOCKS[1].RCA_C1/full_adder_loop[5].FA full_adder_209                           6               35.034
  CSA_BLOCKS[2].RCA_C0                       ripple_carry_adder_WIDTH6_5_236         32              205.197
    CSA_BLOCKS[2].RCA_C0/F1A                 full_adder_26                            4               22.522
    CSA_BLOCKS[2].RCA_C0/full_adder_loop[1].FA full_adder_208                           8               40.038
    CSA_BLOCKS[2].RCA_C0/full_adder_loop[2].FA full_adder_207                           6               35.034
    CSA_BLOCKS[2].RCA_C0/full_adder_loop[3].FA full_adder_206                           6               37.536
    CSA_BLOCKS[2].RCA_C0/full_adder_loop[4].FA full_adder_205                           4               35.034
    CSA_BLOCKS[2].RCA_C0/full_adder_loop[5].FA full_adder_204                           4               35.034
  CSA_BLOCKS[2].RCA_C1                       ripple_carry_adder_WIDTH6_6_238         34              201.443
    CSA_BLOCKS[2].RCA_C1/F1A                 full_adder_32                            4               21.270
    CSA_BLOCKS[2].RCA_C1/full_adder_loop[1].FA full_adder_203                           8               40.038
    CSA_BLOCKS[2].RCA_C1/full_adder_loop[2].FA full_adder_202                           6               35.034
    CSA_BLOCKS[2].RCA_C1/full_adder_loop[3].FA full_adder_201                           6               35.034
    CSA_BLOCKS[2].RCA_C1/full_adder_loop[4].FA full_adder_200                           6               35.034
    CSA_BLOCKS[2].RCA_C1/full_adder_loop[5].FA full_adder_199                           4               35.034
  CSA_BLOCKS[3].RCA_C0                       ripple_carry_adder_WIDTH6_5             20              202.694
    CSA_BLOCKS[3].RCA_C0/F1A                 full_adder_26_231                        4               26.275
    CSA_BLOCKS[3].RCA_C0/full_adder_loop[1].FA full_adder_198                           5               36.285
    CSA_BLOCKS[3].RCA_C0/full_adder_loop[2].FA full_adder_197                           5               37.536
    CSA_BLOCKS[3].RCA_C0/full_adder_loop[3].FA full_adder_196                           4               35.034
    CSA_BLOCKS[3].RCA_C0/full_adder_loop[4].FA full_adder_195                           1               33.782
    CSA_BLOCKS[3].RCA_C0/full_adder_loop[5].FA full_adder_194                           1               33.782
  CSA_BLOCKS[3].RCA_C1                       ripple_carry_adder_WIDTH6_6             23              196.438
    CSA_BLOCKS[3].RCA_C1/F1A                 full_adder_32_233                        4               20.019
    CSA_BLOCKS[3].RCA_C1/full_adder_loop[1].FA full_adder_193                           5               30.029
    CSA_BLOCKS[3].RCA_C1/full_adder_loop[2].FA full_adder_192                           7               41.290
    CSA_BLOCKS[3].RCA_C1/full_adder_loop[3].FA full_adder_191                           5               37.536
    CSA_BLOCKS[3].RCA_C1/full_adder_loop[4].FA full_adder_190                           1               33.782
    CSA_BLOCKS[3].RCA_C1/full_adder_loop[5].FA full_adder_189                           1               33.782
  CSA_BLOCKS[4].RCA_C0                       ripple_carry_adder_WIDTH8               32              265.254
    CSA_BLOCKS[4].RCA_C0/F1A                 full_adder_6                             2               12.512
    CSA_BLOCKS[4].RCA_C0/full_adder_loop[1].FA full_adder_225                           8               40.038
    CSA_BLOCKS[4].RCA_C0/full_adder_loop[2].FA full_adder_224                           6               35.034
    CSA_BLOCKS[4].RCA_C0/full_adder_loop[3].FA full_adder_223                           6               35.034
    CSA_BLOCKS[4].RCA_C0/full_adder_loop[4].FA full_adder_222                           4               35.034
    CSA_BLOCKS[4].RCA_C0/full_adder_loop[5].FA full_adder_221                           4               40.038
    CSA_BLOCKS[4].RCA_C0/full_adder_loop[6].FA full_adder_220                           1               33.782
    CSA_BLOCKS[4].RCA_C0/full_adder_loop[7].FA full_adder_219                           1               33.782
  CSA_BLOCKS[4].RCA_C1                       ripple_carry_adder_WIDTH8_1             31              266.506
    CSA_BLOCKS[4].RCA_C1/F1A                 full_adder_50                            2               12.512
    CSA_BLOCKS[4].RCA_C1/full_adder_loop[1].FA full_adder_188                           6               45.043
    CSA_BLOCKS[4].RCA_C1/full_adder_loop[2].FA full_adder_187                           5               33.782
    CSA_BLOCKS[4].RCA_C1/full_adder_loop[3].FA full_adder_186                           6               37.536
    CSA_BLOCKS[4].RCA_C1/full_adder_loop[4].FA full_adder_185                           6               35.034
    CSA_BLOCKS[4].RCA_C1/full_adder_loop[5].FA full_adder_184                           4               35.034
    CSA_BLOCKS[4].RCA_C1/full_adder_loop[6].FA full_adder_183                           1               33.782
    CSA_BLOCKS[4].RCA_C1/full_adder_loop[7].FA full_adder_182                           1               33.782
  RCA_LSB                                    ripple_carry_adder_WIDTH6               36              370.355
    RCA_LSB/F1A                              full_adder                               5               57.555
    RCA_LSB/full_adder_loop[1].FA            full_adder_230                           8               62.560
    RCA_LSB/full_adder_loop[2].FA            full_adder_229                           7               68.816
    RCA_LSB/full_adder_loop[3].FA            full_adder_228                           6               57.555
    RCA_LSB/full_adder_loop[4].FA            full_adder_227                           5               52.550
    RCA_LSB/full_adder_loop[5].FA            full_adder_226                           5               71.318
