###############################################################
#  Generated by:      Cadence Innovus 23.32-s091_1
#  OS:                Linux x86_64(Host ID cadmicro-inf-el8-623207)
#  Generated on:      Mon Apr  7 18:51:42 2025
#  Design:            carry_select_adder_66668_32bits
#  Command:           report_timing > reports/report_timing.rpt
###############################################################
Path 1: MET Path Delay Check
Endpoint:   S[25] (^)
Beginpoint: A[6]  (v) triggered by  leading edge of '@'
Path Groups: {default}
Analysis View: default_emulate_view
- External Delay                0.000
+ Path Delay                    1.959
= Required Time                 1.959
- Arrival Time                  1.956
= Slack Time                    0.003
     Clock Rise Edge                      0.000
     + Input Delay                        0.000
     = Beginpoint Arrival Time            0.000
     +----------------------------------------------------------------------------------------------------------------------------+ 
     |                      Instance                      |     Arc      |           Cell            | Delay | Arrival | Required | 
     |                                                    |              |                           |       |  Time   |   Time   | 
     |----------------------------------------------------+--------------+---------------------------+-------+---------+----------| 
     |                                                    | A[6] v       |                           |       |   0.000 |    0.003 | 
     | CSA_BLOCKS[1].RCA_C0/F1A/g12                       | B_N v -> Y v | sky130_fd_sc_hd__nor2b_1  | 0.463 |   0.463 |    0.466 | 
     | CSA_BLOCKS[1].RCA_C0/full_adder_loop[1].FA/g123__8 | A v -> Y ^   | sky130_fd_sc_hd__nand2_2  | 0.070 |   0.534 |    0.537 | 
     | 428                                                |              |                           |       |         |          | 
     | CSA_BLOCKS[1].RCA_C0/full_adder_loop[1].FA/g121__6 | A ^ -> Y v   | sky130_fd_sc_hd__nand2_2  | 0.061 |   0.594 |    0.598 | 
     | 260                                                |              |                           |       |         |          | 
     | CSA_BLOCKS[1].RCA_C0/full_adder_loop[2].FA/g83__17 | A v -> Y ^   | sky130_fd_sc_hd__nand2_2  | 0.068 |   0.663 |    0.666 | 
     | 05                                                 |              |                           |       |         |          | 
     | CSA_BLOCKS[1].RCA_C0/full_adder_loop[2].FA/g81__16 | A ^ -> Y v   | sky130_fd_sc_hd__nand2_2  | 0.059 |   0.722 |    0.725 | 
     | 17                                                 |              |                           |       |         |          | 
     | CSA_BLOCKS[1].RCA_C0/full_adder_loop[3].FA/g83__51 | A v -> Y ^   | sky130_fd_sc_hd__nand2_2  | 0.070 |   0.792 |    0.795 | 
     | 15                                                 |              |                           |       |         |          | 
     | CSA_BLOCKS[1].RCA_C0/full_adder_loop[3].FA/g81__61 | A ^ -> Y v   | sky130_fd_sc_hd__nand2_2  | 0.065 |   0.857 |    0.860 | 
     | 31                                                 |              |                           |       |         |          | 
     | CSA_BLOCKS[1].RCA_C0/full_adder_loop[4].FA/g83__28 | A v -> Y ^   | sky130_fd_sc_hd__nand2_2  | 0.068 |   0.925 |    0.929 | 
     | 83                                                 |              |                           |       |         |          | 
     | CSA_BLOCKS[1].RCA_C0/full_adder_loop[4].FA/g81__93 | A ^ -> Y v   | sky130_fd_sc_hd__nand2_2  | 0.059 |   0.985 |    0.988 | 
     | 15                                                 |              |                           |       |         |          | 
     | CSA_BLOCKS[1].RCA_C0/full_adder_loop[5].FA/g83__23 | A v -> Y ^   | sky130_fd_sc_hd__nand2_2  | 0.067 |   1.051 |    1.055 | 
     | 98                                                 |              |                           |       |         |          | 
     | CSA_BLOCKS[1].RCA_C0/full_adder_loop[5].FA/g81__64 | A ^ -> Y v   | sky130_fd_sc_hd__nand2_2  | 0.054 |   1.105 |    1.108 | 
     | 17                                                 |              |                           |       |         |          | 
     | g125                                               | A v -> Y ^   | sky130_fd_sc_hd__clkinv_2 | 0.052 |   1.157 |    1.161 | 
     | g131                                               | A ^ -> Y v   | sky130_fd_sc_hd__nand2_2  | 0.055 |   1.212 |    1.215 | 
     | g129                                               | A v -> Y ^   | sky130_fd_sc_hd__nand2_2  | 0.058 |   1.270 |    1.273 | 
     | g127                                               | A ^ -> Y v   | sky130_fd_sc_hd__nand2_2  | 0.056 |   1.326 |    1.329 | 
     | g126                                               | A v -> Y ^   | sky130_fd_sc_hd__nand2_4  | 0.092 |   1.418 |    1.421 | 
     | FE_DBTC0_n_304                                     | A ^ -> Y v   | sky130_fd_sc_hd__inv_2    | 0.060 |   1.478 |    1.481 | 
     | g5819                                              | A v -> Y ^   | sky130_fd_sc_hd__nand2_4  | 0.074 |   1.552 |    1.555 | 
     | g5818                                              | A ^ -> Y v   | sky130_fd_sc_hd__nand2_8  | 0.092 |   1.644 |    1.647 | 
     | g5770                                              | A v -> Y ^   | sky130_fd_sc_hd__clkinv_8 | 0.092 |   1.736 |    1.739 | 
     | g5764__5107                                        | A ^ -> Y v   | sky130_fd_sc_hd__nand2_2  | 0.063 |   1.799 |    1.802 | 
     | g5747__8246                                        | A v -> Y ^   | sky130_fd_sc_hd__nand2_4  | 0.155 |   1.954 |    1.957 | 
     |                                                    | S[25] ^      |                           | 0.002 |   1.956 |    1.959 | 
     +----------------------------------------------------------------------------------------------------------------------------+ 

