============================================================
  Generated by:           Genus(TM) Synthesis Solution 23.12-s086_1
  Generated on:           Apr 07 2025  06:45:47 pm
  Module:                 carry_select_adder_66668_32bits
  Operating conditions:   tt_025C_1v80 
  Interconnect mode:      global
  Area mode:              physical library
============================================================

            Instance                         Module              Cell-Count  Cell-Area  Net-Area   Total-Area 
--------------------------------------------------------------------------------------------------------------
carry_select_adder_66668_32bits NA                                      546   3285.651  2697.242     5982.894 
  CSA_BLOCKS[1].RCA_C0          ripple_carry_adder_WIDTH6_5_235          44    237.728   150.369      388.097 
    F1A                         full_adder_26_232                         4     20.019    10.094       30.113 
    full_adder_loop[1].FA       full_adder_218                           10     47.546    33.763       81.309 
    full_adder_loop[2].FA       full_adder_217                           11     51.299    37.157       88.456 
    full_adder_loop[3].FA       full_adder_216                            7     38.787    16.969       55.756 
    full_adder_loop[4].FA       full_adder_215                            6     40.038    13.575       53.613 
    full_adder_loop[5].FA       full_adder_214                            6     40.038    13.575       53.613 
  CSA_BLOCKS[1].RCA_C1          ripple_carry_adder_WIDTH6_6_237          42    240.230   138.621      378.852 
    F1A                         full_adder_32_234                         4     22.522    10.094       32.616 
    full_adder_loop[1].FA       full_adder_213                           11     51.299    37.157       88.456 
    full_adder_loop[2].FA       full_adder_212                            8     47.546    22.016       69.561 
    full_adder_loop[3].FA       full_adder_211                            6     40.038    13.575       53.613 
    full_adder_loop[4].FA       full_adder_210                            6     40.038    13.575       53.613 
    full_adder_loop[5].FA       full_adder_209                            7     38.787    16.969       55.756 
  CSA_BLOCKS[2].RCA_C0          ripple_carry_adder_WIDTH6_5_236          38    227.718   116.780      344.498 
    F1A                         full_adder_26                             2     17.517     0.000       17.517 
    full_adder_loop[1].FA       full_adder_208                            9     43.792    27.063       70.855 
    full_adder_loop[2].FA       full_adder_207                            7     38.787    16.969       55.756 
    full_adder_loop[3].FA       full_adder_206                            6     40.038    13.575       53.613 
    full_adder_loop[4].FA       full_adder_205                            7     43.792    16.969       60.761 
    full_adder_loop[5].FA       full_adder_204                            7     43.792    16.969       60.761 
  CSA_BLOCKS[2].RCA_C1          ripple_carry_adder_WIDTH6_6_238          42    235.226   140.275      375.500 
    F1A                         full_adder_32                             4     20.019    10.094       30.113 
    full_adder_loop[1].FA       full_adder_203                            9     43.792    27.063       70.855 
    full_adder_loop[2].FA       full_adder_202                           11     53.802    37.157       90.959 
    full_adder_loop[3].FA       full_adder_201                            6     40.038    13.575       53.613 
    full_adder_loop[4].FA       full_adder_200                            6     40.038    13.575       53.613 
    full_adder_loop[5].FA       full_adder_199                            6     37.536    13.575       51.111 
  CSA_BLOCKS[3].RCA_C0          ripple_carry_adder_WIDTH6_5              42    242.733   143.581      386.314 
    F1A                         full_adder_26_231                         4     20.019    10.094       30.113 
    full_adder_loop[1].FA       full_adder_198                           10     52.550    33.763       86.314 
    full_adder_loop[2].FA       full_adder_197                           10     52.550    33.763       86.314 
    full_adder_loop[3].FA       full_adder_196                            6     40.038    13.575       53.613 
    full_adder_loop[4].FA       full_adder_195                            6     40.038    13.575       53.613 
    full_adder_loop[5].FA       full_adder_194                            6     37.536    13.575       51.111 
  CSA_BLOCKS[3].RCA_C1          ripple_carry_adder_WIDTH6_6              44    243.984   150.369      394.353 
    F1A                         full_adder_32_233                         4     20.019    10.094       30.113 
    full_adder_loop[1].FA       full_adder_193                           11     51.299    37.157       88.456 
    full_adder_loop[2].FA       full_adder_192                           11     57.555    37.157       94.712 
    full_adder_loop[3].FA       full_adder_191                            6     40.038    13.575       53.613 
    full_adder_loop[4].FA       full_adder_190                            6     40.038    13.575       53.613 
    full_adder_loop[5].FA       full_adder_189                            6     35.034    13.575       48.609 
  CSA_BLOCKS[4].RCA_C0          ripple_carry_adder_WIDTH8                46    277.766   150.543      428.309 
    F1A                         full_adder_6                              4     22.522    10.094       32.616 
    full_adder_loop[1].FA       full_adder_225                            8     40.038    20.362       60.401 
    full_adder_loop[2].FA       full_adder_224                            5     30.029    10.181       40.210 
    full_adder_loop[3].FA       full_adder_223                            6     35.034    13.575       48.609 
    full_adder_loop[4].FA       full_adder_222                            6     35.034    13.575       48.609 
    full_adder_loop[5].FA       full_adder_221                            6     35.034    13.575       48.609 
    full_adder_loop[6].FA       full_adder_220                            6     43.792    16.969       60.761 
    full_adder_loop[7].FA       full_adder_219                            5     36.285    15.228       51.513 
  CSA_BLOCKS[4].RCA_C1          ripple_carry_adder_WIDTH8_1              45    289.027   148.803      437.830 
    F1A                         full_adder_50                             4     20.019    10.094       30.113 
    full_adder_loop[1].FA       full_adder_188                           10     47.546    33.763       81.309 
    full_adder_loop[2].FA       full_adder_187                            6     35.034    13.575       48.609 
    full_adder_loop[3].FA       full_adder_186                            6     35.034    13.575       48.609 
    full_adder_loop[4].FA       full_adder_185                            6     35.034    13.575       48.609 
    full_adder_loop[5].FA       full_adder_184                            7     45.043    16.969       62.012 
    full_adder_loop[6].FA       full_adder_183                            5     37.536    13.575       51.111 
    full_adder_loop[7].FA       full_adder_182                            1     33.782     0.000       33.782 
  RCA_LSB                       ripple_carry_adder_WIDTH6                43    390.374   132.095      522.469 
    F1A                         full_adder                                7     45.043    18.622       63.665 
    full_adder_loop[1].FA       full_adder_230                            8     62.560    20.362       82.922 
    full_adder_loop[2].FA       full_adder_229                            9     70.067    23.756       93.823 
    full_adder_loop[3].FA       full_adder_228                            7     73.821    16.969       90.790 
    full_adder_loop[4].FA       full_adder_227                            6     67.565    13.575       81.140 
    full_adder_loop[5].FA       full_adder_226                            6     71.318    13.575       84.893 
