============================================================
  Generated by:           Genus(TM) Synthesis Solution 23.12-s086_1
  Generated on:           Apr 07 2025  06:45:47 pm
  Module:                 carry_select_adder_66668_32bits
  Operating conditions:   tt_025C_1v80 
  Interconnect mode:      global
  Area mode:              physical library
============================================================

Timing
-------
  Cost    Critical         Violating 
 Group   Path Slack  TNS     Paths   
-------------------------------------
default         0.0   0.0          0 
-------------------------------------
Total                 0.0          0 

Instance Count
--------------
Leaf Instance Count             546 
Physical Instance count           0 
Sequential Instance Count         0 
Combinational Instance Count    546 
Hierarchical Instance Count      67 

Area
----
Cell Area                          3285.651
Physical Cell Area                 0.000
Total Cell Area (Cell+Physical)    3285.651
Net Area                           2697.243
Total Area (Cell+Physical+Net)     5982.894

Max Fanout                         16 (n_347)
Min Fanout                         1 (C0[4])
Average Fanout                     1.6
Terms to net ratio                 2.4439
Terms to instance ratio            2.7527
Runtime                            18.529561 seconds
Elapsed Runtime                    21 seconds
Genus peak memory usage            1897.62 
Innovus peak memory usage          no_value 
Hostname                           cadmicro-inf-el8-623207
