============================================================
  Generated by:           Genus(TM) Synthesis Solution 23.12-s086_1
  Generated on:           Apr 07 2025  06:45:47 pm
  Module:                 carry_select_adder_66668_32bits
  Operating conditions:   tt_025C_1v80 
  Interconnect mode:      global
  Area mode:              physical library
============================================================


Path 1: MET (0 ps) Path Delay Check
     Startpoint: (F) B[0]
       Endpoint: (F) S[19]

                   Capture    Launch  
      Path Delay:+    1852         -  
      Drv Adjust:+       0         0  
         Arrival:=    1852            
                                      
   Required Time:=    1852            
       Data Path:-    1852            
           Slack:=       0            

Exceptions/Constraints:
  max_delay             1852            constraints.sdc_line_1 

#-----------------------------------------------------------------------------------------------------------------------------------
#               Timing Point                 Flags   Arc   Edge           Cell             Fanout Load Trans Delay Arrival Instance 
#                                                                                                 (fF)  (ps)  (ps)   (ps)  Location 
#-----------------------------------------------------------------------------------------------------------------------------------
  B[0]                                       -       -     F     (arrival)                      1  3.3  1000     0       0    (-,-) 
  g5597/X                                    -       A->X  F     sky130_fd_sc_hd__clkbuf_1      3 10.5    85   352     352    (-,-) 
  RCA_LSB/F1A/g35/Y                          -       A->Y  R     sky130_fd_sc_hd__nor2_2        1  6.0    97   132     484    (-,-) 
  RCA_LSB/F1A/g33/Y                          -       A2->Y F     sky130_fd_sc_hd__o21ai_2       2 14.4    72    90     574    (-,-) 
  RCA_LSB/full_adder_loop[1].FA/g121__2346/Y -       A->Y  R     sky130_fd_sc_hd__nand2_4       1 10.1    55    71     645    (-,-) 
  RCA_LSB/full_adder_loop[1].FA/g119__9945/Y -       A->Y  F     sky130_fd_sc_hd__nand2_4       2 11.8    38    51     696    (-,-) 
  RCA_LSB/full_adder_loop[2].FA/g121__5107/Y -       A->Y  R     sky130_fd_sc_hd__nand2_4       1 10.1    52    57     752    (-,-) 
  RCA_LSB/full_adder_loop[2].FA/g119__5477/Y -       A->Y  F     sky130_fd_sc_hd__nand2_4       2 11.8    38    50     803    (-,-) 
  RCA_LSB/full_adder_loop[3].FA/g121__6783/Y -       A->Y  R     sky130_fd_sc_hd__nand2_4       1 10.1    52    56     859    (-,-) 
  RCA_LSB/full_adder_loop[3].FA/g119__5526/Y -       A->Y  F     sky130_fd_sc_hd__nand2_4       2 11.8    38    50     910    (-,-) 
  RCA_LSB/full_adder_loop[4].FA/g121__5122/Y -       A->Y  R     sky130_fd_sc_hd__nand2_4       1 10.1    52    57     966    (-,-) 
  RCA_LSB/full_adder_loop[4].FA/g119__1705/Y -       A->Y  F     sky130_fd_sc_hd__nand2_4       2 11.8    38    50    1016    (-,-) 
  RCA_LSB/full_adder_loop[5].FA/g118__7482/Y -       A->Y  R     sky130_fd_sc_hd__nand2_4       1 10.1    52    56    1073    (-,-) 
  RCA_LSB/full_adder_loop[5].FA/g116__1881/Y -       A->Y  F     sky130_fd_sc_hd__nand2_4       3 13.2    40    52    1125    (-,-) 
  g6275/Y                                    -       A->Y  R     sky130_fd_sc_hd__nand2_2       3 14.4    93    87    1212    (-,-) 
  g120/Y                                     -       B->Y  F     sky130_fd_sc_hd__nand2_2       2 14.5    69    90    1302    (-,-) 
  g115/Y                                     -       A->Y  R     sky130_fd_sc_hd__inv_2         1  3.7    31    52    1355    (-,-) 
  g112/Y                                     -       A->Y  F     sky130_fd_sc_hd__nand2_1       1  9.7    78    75    1430    (-,-) 
  g6195__5526/Y                              -       B->Y  R     sky130_fd_sc_hd__nand2_4       7 30.2   108   124    1554    (-,-) 
  g6191/Y                                    -       A->Y  F     sky130_fd_sc_hd__clkinv_4      6 30.1    72    96    1650    (-,-) 
  g6179__4733/Y                              -       A->Y  R     sky130_fd_sc_hd__nand2_2       1 10.1    73    85    1735    (-,-) 
  g6163__6260/Y                              -       A->Y  F     sky130_fd_sc_hd__nand2_4       1 51.3   117   116    1852    (-,-) 
  S[19]                                      <<<     -     F     (port)                         -    -     -     0    1852    (-,-) 
#-----------------------------------------------------------------------------------------------------------------------------------

