============================================================
  Generated by:           Genus(TM) Synthesis Solution 23.12-s086_1
  Generated on:           Mar 31 2025  05:28:19 pm
  Module:                 ripple_carry_adder_16bits
  Operating conditions:   tt_025C_1v80 
  Interconnect mode:      global
  Area mode:              physical library
============================================================

Timing
-------
  Cost    Critical         Violating 
 Group   Path Slack  TNS     Paths   
-------------------------------------
default    193240.1   0.0          0 
-------------------------------------
Total                 0.0          0 

Instance Count
--------------
Leaf Instance Count             15 
Physical Instance count          0 
Sequential Instance Count        0 
Combinational Instance Count    15 
Hierarchical Instance Count     16 

Area
----
Cell Area                          300.288
Physical Cell Area                 0.000
Total Cell Area (Cell+Physical)    300.288
Net Area                           217.200
Total Area (Cell+Physical+Net)     517.488

Max Fanout                         1 (carry[0])
Min Fanout                         1 (carry[0])
Average Fanout                     1.0
Terms to net ratio                 1.1719
Terms to instance ratio            5.0000
Runtime                            11.915707 seconds
Elapsed Runtime                    11 seconds
Genus peak memory usage            1889.59 
Innovus peak memory usage          no_value 
Hostname                           cadmicro-inf-el8-623207
