============================================================
  Generated by:           Genus(TM) Synthesis Solution 23.12-s086_1
  Generated on:           Mar 31 2025  05:28:19 pm
  Module:                 ripple_carry_adder_16bits
  Operating conditions:   tt_025C_1v80 
  Interconnect mode:      global
  Area mode:              physical library
============================================================

         Instance             Module     Cell-Count  Cell-Area  Net-Area   Total-Area 
--------------------------------------------------------------------------------------
ripple_carry_adder_16bits NA                     15    300.288   217.200      517.488 
  full_adder_loop[10].FA  full_adder_34           1     20.019     0.000       20.019 
  full_adder_loop[11].FA  full_adder_33           1     20.019     0.000       20.019 
  full_adder_loop[12].FA  full_adder_32           1     20.019     0.000       20.019 
  full_adder_loop[13].FA  full_adder_31           1     20.019     0.000       20.019 
  full_adder_loop[14].FA  full_adder_30           1     20.019     0.000       20.019 
  full_adder_loop[15].FA  full_adder_29           1     20.019     0.000       20.019 
  full_adder_loop[1].FA   full_adder              1     20.019     0.000       20.019 
  full_adder_loop[2].FA   full_adder_42           1     20.019     0.000       20.019 
  full_adder_loop[3].FA   full_adder_41           1     20.019     0.000       20.019 
  full_adder_loop[4].FA   full_adder_40           1     20.019     0.000       20.019 
  full_adder_loop[5].FA   full_adder_39           1     20.019     0.000       20.019 
  full_adder_loop[6].FA   full_adder_38           1     20.019     0.000       20.019 
  full_adder_loop[7].FA   full_adder_37           1     20.019     0.000       20.019 
  full_adder_loop[8].FA   full_adder_36           1     20.019     0.000       20.019 
  full_adder_loop[9].FA   full_adder_35           1     20.019     0.000       20.019 
