============================================================
  Generated by:           Genus(TM) Synthesis Solution 23.12-s086_1
  Generated on:           Apr 07 2025  02:21:39 pm
  Module:                 ripple_carry_adder_16bits
  Operating conditions:   tt_025C_1v80 
  Interconnect mode:      global
  Area mode:              physical library
============================================================

Timing
-------
  Cost    Critical             Violating 
 Group   Path Slack    TNS       Paths   
-----------------------------------------
default      -306.2   -1232.3          6 
-----------------------------------------
Total                 -1232.3          6 

Instance Count
--------------
Leaf Instance Count             175 
Physical Instance count           0 
Sequential Instance Count         0 
Combinational Instance Count    175 
Hierarchical Instance Count      16 

Area
----
Cell Area                          1365.059
Physical Cell Area                 0.000
Total Cell Area (Cell+Physical)    1365.059
Net Area                           849.654
Total Area (Cell+Physical+Net)     2214.713

Max Fanout                         3 (carry[13])
Min Fanout                         1 (Cout)
Average Fanout                     1.4
Terms to net ratio                 2.2126
Terms to instance ratio            2.6171
Runtime                            22.891223 seconds
Elapsed Runtime                    23 seconds
Genus peak memory usage            1896.43 
Innovus peak memory usage          no_value 
Hostname                           cadmicro-inf-el8-623207
