============================================================
  Generated by:           Genus(TM) Synthesis Solution 23.12-s086_1
  Generated on:           Apr 07 2025  02:21:39 pm
  Module:                 ripple_carry_adder_16bits
  Operating conditions:   tt_025C_1v80 
  Interconnect mode:      global
  Area mode:              physical library
============================================================

         Instance              Module       Cell-Count  Cell-Area  Net-Area   Total-Area 
-----------------------------------------------------------------------------------------
ripple_carry_adder_16bits NA                       175   1365.059   849.654     2214.713 
  F1A                     full_adder                 6     38.787    16.882       55.669 
  full_adder_loop[10].FA  full_adder_15_24           9     81.328    27.063      108.391 
  full_adder_loop[11].FA  full_adder_15_25           7     76.323    20.275       96.599 
  full_adder_loop[12].FA  full_adder_15_26          11     85.082    33.850      118.932 
  full_adder_loop[13].FA  full_adder_15_27          11     85.082    33.850      118.932 
  full_adder_loop[14].FA  full_adder_15_28          10     80.077    28.803      108.880 
  full_adder_loop[15].FA  full_adder_15             11    101.347    33.850      135.198 
  full_adder_loop[1].FA   full_adder_15_15          14     92.589    47.338      139.927 
  full_adder_loop[2].FA   full_adder_15_16          10     73.821    30.457      104.277 
  full_adder_loop[3].FA   full_adder_15_17          11     81.328    37.157      118.485 
  full_adder_loop[4].FA   full_adder_15_18           8     76.323    22.016       98.339 
  full_adder_loop[5].FA   full_adder_15_19           8     75.072    23.669       98.741 
  full_adder_loop[6].FA   full_adder_15_20           8     77.574    23.669      101.244 
  full_adder_loop[7].FA   full_adder_15_21           6     71.318    13.575       84.893 
  full_adder_loop[8].FA   full_adder_15_22           6     71.318    13.575       84.893 
  full_adder_loop[9].FA   full_adder_15_23           6     72.570    13.575       86.145 
