============================================================
  Generated by:           Genus(TM) Synthesis Solution 23.12-s086_1
  Generated on:           Apr 07 2025  02:34:02 pm
  Module:                 ripple_carry_adder_8bits
  Operating conditions:   tt_025C_1v80 
  Interconnect mode:      global
  Area mode:              physical library
============================================================

Timing
-------
  Cost    Critical            Violating 
 Group   Path Slack    TNS      Paths   
----------------------------------------
default      -238.2   -888.2          6 
----------------------------------------
Total                 -888.2          6 

Instance Count
--------------
Leaf Instance Count             100 
Physical Instance count           0 
Sequential Instance Count         0 
Combinational Instance Count    100 
Hierarchical Instance Count       8 

Area
----
Cell Area                          774.493
Physical Cell Area                 0.000
Total Cell Area (Cell+Physical)    774.493
Net Area                           478.082
Total Area (Cell+Physical+Net)     1252.575

Max Fanout                         3 (carry[5])
Min Fanout                         1 (Cout)
Average Fanout                     1.4
Terms to net ratio                 2.2051
Terms to instance ratio            2.5800
Runtime                            17.943501 seconds
Elapsed Runtime                    19 seconds
Genus peak memory usage            1897.30 
Innovus peak memory usage          no_value 
Hostname                           cadmicro-inf-el8-623207
