============================================================
  Generated by:           Genus(TM) Synthesis Solution 23.12-s086_1
  Generated on:           Apr 07 2025  05:03:47 pm
  Module:                 carry_increment_32bits
  Operating conditions:   tt_025C_1v80 
  Interconnect mode:      global
  Area mode:              physical library
============================================================

         Instance                      Module              Cell-Count  Cell-Area  Net-Area   Total-Area 
--------------------------------------------------------------------------------------------------------
carry_increment_32bits    NA                                      797   5114.906  3839.803     8954.708 
  RCA1                    ripple_carry_adder_WIDTH4                32    265.254   108.165      373.419 
    F1A                   full_adder                               10     71.318    32.110      103.428 
    full_adder_loop[1].FA full_adder_91                            10     68.816    33.763      102.579 
    full_adder_loop[2].FA full_adder_90                             6     56.304    13.575       69.879 
    full_adder_loop[3].FA full_adder_89                             6     68.816    13.575       82.391 
  RCAS[1].RCA2            ripple_carry_adder_WIDTH4_7_98           43    314.051   162.029      476.081 
    F1A                   full_adder_24_93                          5     23.773    13.488       37.261 
    full_adder_loop[1].FA full_adder_88                            14     96.342    45.685      142.027 
    full_adder_loop[2].FA full_adder_87                            12     82.579    43.858      126.437 
    full_adder_loop[3].FA full_adder_86                            12    111.357    38.898      150.254 
  RCAS[2].RCA2            ripple_carry_adder_WIDTH4_7_99           41    227.718   160.202      387.920 
    F1A                   full_adder_24_94                          5     28.778    13.488       42.266 
    full_adder_loop[1].FA full_adder_85                            14     83.830    53.952      137.782 
    full_adder_loop[2].FA full_adder_84                            12     62.560    42.204      104.764 
    full_adder_loop[3].FA full_adder_83                            10     52.550    28.803       81.354 
  RCAS[3].RCA2            ripple_carry_adder_WIDTH4_7_100          33    252.742   116.519      369.261 
    F1A                   full_adder_24_95                          5     40.038    13.488       53.526 
    full_adder_loop[1].FA full_adder_82                            12     73.821    38.898      112.718 
    full_adder_loop[2].FA full_adder_81                             6     67.565    16.882       84.446 
    full_adder_loop[3].FA full_adder_80                            10     71.318    28.803      100.122 
  RCAS[4].RCA2            ripple_carry_adder_WIDTH4_7_101          45    315.302   175.430      490.733 
    F1A                   full_adder_24_96                          5     31.280    16.795       48.075 
    full_adder_loop[1].FA full_adder_79                            16    116.362    57.433      173.794 
    full_adder_loop[2].FA full_adder_78                            10     80.077    35.417      115.494 
    full_adder_loop[3].FA full_adder_77                            14     87.584    45.685      133.269 
  RCAS[5].RCA2            ripple_carry_adder_WIDTH4_7_102          44    265.254   175.343      440.598 
    F1A                   full_adder_24_97                          4     25.024    13.401       38.425 
    full_adder_loop[1].FA full_adder_76                            15     83.830    57.346      141.176 
    full_adder_loop[2].FA full_adder_75                            13     75.072    42.291      117.363 
    full_adder_loop[3].FA full_adder_74                            12     81.328    42.204      123.532 
  RCAS[6].RCA2            ripple_carry_adder_WIDTH4_7_103          43    232.723   166.990      399.713 
    F1A                   full_adder_24                             5     30.029    16.795       46.823 
    full_adder_loop[1].FA full_adder_73                            14     82.579    52.298      134.878 
    full_adder_loop[2].FA full_adder_72                            14     70.067    48.992      119.059 
    full_adder_loop[3].FA full_adder_71                            10     50.048    28.803       78.851 
  RCAS[7].RCA2            ripple_carry_adder_WIDTH4_7              17    140.134    55.692      195.827 
    F1A                   full_adder_24_92                          1     25.024     0.000       25.024 
    full_adder_loop[1].FA full_adder_70                             8     41.290    25.323       66.612 
    full_adder_loop[2].FA full_adder_69                             6     40.038    13.575       53.613 
    full_adder_loop[3].FA full_adder_68                             2     33.782     0.000       33.782 
