============================================================
  Generated by:           Genus(TM) Synthesis Solution 23.12-s086_1
  Generated on:           Apr 07 2025  05:03:47 pm
  Module:                 carry_increment_32bits
  Operating conditions:   tt_025C_1v80 
  Interconnect mode:      global
  Area mode:              physical library
============================================================

Timing
-------
  Cost    Critical            Violating 
 Group   Path Slack    TNS      Paths   
----------------------------------------
default       -20.3   -266.8         18 
----------------------------------------
Total                 -266.8         18 

Instance Count
--------------
Leaf Instance Count             797 
Physical Instance count           0 
Sequential Instance Count         0 
Combinational Instance Count    797 
Hierarchical Instance Count      40 

Area
----
Cell Area                          5114.906
Physical Cell Area                 0.000
Total Cell Area (Cell+Physical)    5114.906
Net Area                           3839.802
Total Area (Cell+Physical+Net)     8954.708

Max Fanout                         11 (S1[4][0])
Min Fanout                         1 (C2[5])
Average Fanout                     1.6
Terms to net ratio                 2.5272
Terms to instance ratio            2.7365
Runtime                            53.937093 seconds
Elapsed Runtime                    56 seconds
Genus peak memory usage            2022.68 
Innovus peak memory usage          no_value 
Hostname                           cadmicro-inf-el8-623207
