    Hinst Name                               Module Name                     Inst Count           Total Area
---------------------------------------------------------------------------------------------------------
carry_select_adder_68810_32bits                                                      90             1447.638
  CSA_BLOCKS[1].RCA_C0                       ripple_carry_adder_WIDTH8                8              152.646
    CSA_BLOCKS[1].RCA_C0/F1A                 full_adder_32_225                        1               12.512
    CSA_BLOCKS[1].RCA_C0/full_adder_loop[1].FA full_adder_219                           1               20.019
    CSA_BLOCKS[1].RCA_C0/full_adder_loop[2].FA full_adder_218                           1               20.019
    CSA_BLOCKS[1].RCA_C0/full_adder_loop[3].FA full_adder_217                           1               20.019
    CSA_BLOCKS[1].RCA_C0/full_adder_loop[4].FA full_adder_216                           1               20.019
    CSA_BLOCKS[1].RCA_C0/full_adder_loop[5].FA full_adder_215                           1               20.019
    CSA_BLOCKS[1].RCA_C0/full_adder_loop[6].FA full_adder_214                           1               20.019
    CSA_BLOCKS[1].RCA_C0/full_adder_loop[7].FA full_adder_213                           1               20.019
  CSA_BLOCKS[1].RCA_C1                       ripple_carry_adder_WIDTH8_3_228          9              155.149
    CSA_BLOCKS[1].RCA_C1/F1A                 full_adder_40_226                        2               15.014
    CSA_BLOCKS[1].RCA_C1/full_adder_loop[1].FA full_adder_203                           1               20.019
    CSA_BLOCKS[1].RCA_C1/full_adder_loop[2].FA full_adder_202                           1               20.019
    CSA_BLOCKS[1].RCA_C1/full_adder_loop[3].FA full_adder_201                           1               20.019
    CSA_BLOCKS[1].RCA_C1/full_adder_loop[4].FA full_adder_200                           1               20.019
    CSA_BLOCKS[1].RCA_C1/full_adder_loop[5].FA full_adder_199                           1               20.019
    CSA_BLOCKS[1].RCA_C1/full_adder_loop[6].FA full_adder_198                           1               20.019
    CSA_BLOCKS[1].RCA_C1/full_adder_loop[7].FA full_adder_197                           1               20.019
  CSA_BLOCKS[2].RCA_C0                       ripple_carry_adder_WIDTH8_227            8              152.646
    CSA_BLOCKS[2].RCA_C0/F1A                 full_adder_32                            1               12.512
    CSA_BLOCKS[2].RCA_C0/full_adder_loop[1].FA full_adder_196                           1               20.019
    CSA_BLOCKS[2].RCA_C0/full_adder_loop[2].FA full_adder_195                           1               20.019
    CSA_BLOCKS[2].RCA_C0/full_adder_loop[3].FA full_adder_194                           1               20.019
    CSA_BLOCKS[2].RCA_C0/full_adder_loop[4].FA full_adder_193                           1               20.019
    CSA_BLOCKS[2].RCA_C0/full_adder_loop[5].FA full_adder_192                           1               20.019
    CSA_BLOCKS[2].RCA_C0/full_adder_loop[6].FA full_adder_191                           1               20.019
    CSA_BLOCKS[2].RCA_C0/full_adder_loop[7].FA full_adder_190                           1               20.019
  CSA_BLOCKS[2].RCA_C1                       ripple_carry_adder_WIDTH8_3              9              155.149
    CSA_BLOCKS[2].RCA_C1/F1A                 full_adder_40                            2               15.014
    CSA_BLOCKS[2].RCA_C1/full_adder_loop[1].FA full_adder_189                           1               20.019
    CSA_BLOCKS[2].RCA_C1/full_adder_loop[2].FA full_adder_188                           1               20.019
    CSA_BLOCKS[2].RCA_C1/full_adder_loop[3].FA full_adder_187                           1               20.019
    CSA_BLOCKS[2].RCA_C1/full_adder_loop[4].FA full_adder_186                           1               20.019
    CSA_BLOCKS[2].RCA_C1/full_adder_loop[5].FA full_adder_185                           1               20.019
    CSA_BLOCKS[2].RCA_C1/full_adder_loop[6].FA full_adder_184                           1               20.019
    CSA_BLOCKS[2].RCA_C1/full_adder_loop[7].FA full_adder_183                           1               20.019
  CSA_BLOCKS[3].RCA_C0                       ripple_carry_adder_WIDTH10              10              192.685
    CSA_BLOCKS[3].RCA_C0/F1A                 full_adder_14                            1               12.512
    CSA_BLOCKS[3].RCA_C0/full_adder_loop[1].FA full_adder_212                           1               20.019
    CSA_BLOCKS[3].RCA_C0/full_adder_loop[2].FA full_adder_211                           1               20.019
    CSA_BLOCKS[3].RCA_C0/full_adder_loop[3].FA full_adder_210                           1               20.019
    CSA_BLOCKS[3].RCA_C0/full_adder_loop[4].FA full_adder_209                           1               20.019
    CSA_BLOCKS[3].RCA_C0/full_adder_loop[5].FA full_adder_208                           1               20.019
    CSA_BLOCKS[3].RCA_C0/full_adder_loop[6].FA full_adder_207                           1               20.019
    CSA_BLOCKS[3].RCA_C0/full_adder_loop[7].FA full_adder_206                           1               20.019
    CSA_BLOCKS[3].RCA_C0/full_adder_loop[8].FA full_adder_205                           1               20.019
    CSA_BLOCKS[3].RCA_C0/full_adder_loop[9].FA full_adder_204                           1               20.019
  CSA_BLOCKS[3].RCA_C1                       ripple_carry_adder_WIDTH10_1            11              195.187
    CSA_BLOCKS[3].RCA_C1/F1A                 full_adder_48                            2               15.014
    CSA_BLOCKS[3].RCA_C1/full_adder_loop[1].FA full_adder_182                           1               20.019
    CSA_BLOCKS[3].RCA_C1/full_adder_loop[2].FA full_adder_181                           1               20.019
    CSA_BLOCKS[3].RCA_C1/full_adder_loop[3].FA full_adder_180                           1               20.019
    CSA_BLOCKS[3].RCA_C1/full_adder_loop[4].FA full_adder_179                           1               20.019
    CSA_BLOCKS[3].RCA_C1/full_adder_loop[5].FA full_adder_178                           1               20.019
    CSA_BLOCKS[3].RCA_C1/full_adder_loop[6].FA full_adder_177                           1               20.019
    CSA_BLOCKS[3].RCA_C1/full_adder_loop[7].FA full_adder_176                           1               20.019
    CSA_BLOCKS[3].RCA_C1/full_adder_loop[8].FA full_adder_175                           1               20.019
    CSA_BLOCKS[3].RCA_C1/full_adder_loop[9].FA full_adder_174                           1               20.019
  RCA_LSB                                    ripple_carry_adder_WIDTH6                6              120.115
    RCA_LSB/F1A                              full_adder                               1               20.019
    RCA_LSB/full_adder_loop[1].FA            full_adder_224                           1               20.019
    RCA_LSB/full_adder_loop[2].FA            full_adder_223                           1               20.019
    RCA_LSB/full_adder_loop[3].FA            full_adder_222                           1               20.019
    RCA_LSB/full_adder_loop[4].FA            full_adder_221                           1               20.019
    RCA_LSB/full_adder_loop[5].FA            full_adder_220                           1               20.019
