###############################################################
#  Generated by:      Cadence Innovus 23.32-s091_1
#  OS:                Linux x86_64(Host ID cadmicro-inf-el8-623207)
#  Generated on:      Thu Apr  3 15:04:05 2025
#  Design:            carry_select_adder_68810_32bits
#  Command:           report_timing > reports/report_timing.rpt
###############################################################
Path 1: MET Path Delay Check
Endpoint:   S[26] (v)
Beginpoint: B[6]  (v) triggered by  leading edge of '@'
Path Groups: {default}
Analysis View: default_emulate_view
- External Delay                0.000
+ Path Delay                  200.000
= Required Time               200.000
- Arrival Time                  5.695
= Slack Time                  194.305
     Clock Rise Edge                      0.000
     + Input Delay                        0.000
     = Beginpoint Arrival Time            0.000
     +------------------------------------------------------------------------------------------------------------------------------+ 
     |                      Instance                      |       Arc       |           Cell           | Delay | Arrival | Required | 
     |                                                    |                 |                          |       |  Time   |   Time   | 
     |----------------------------------------------------+-----------------+--------------------------+-------+---------+----------| 
     |                                                    | B[6] v          |                          |       |  -0.000 |  194.305 | 
     | CSA_BLOCKS[1].RCA_C0/F1A/g28__2398                 | A v -> COUT v   | sky130_fd_sc_hd__ha_1    | 0.615 |   0.615 |  194.919 | 
     | CSA_BLOCKS[1].RCA_C0/full_adder_loop[1].FA/g65__51 | A v -> COUT v   | sky130_fd_sc_hd__fa_1    | 0.461 |   1.075 |  195.380 | 
     | 07                                                 |                 |                          |       |         |          | 
     | CSA_BLOCKS[1].RCA_C0/full_adder_loop[2].FA/g65__62 | CIN v -> COUT v | sky130_fd_sc_hd__fa_1    | 0.409 |   1.484 |  195.789 | 
     | 60                                                 |                 |                          |       |         |          | 
     | CSA_BLOCKS[1].RCA_C0/full_adder_loop[3].FA/g65__43 | CIN v -> COUT v | sky130_fd_sc_hd__fa_1    | 0.410 |   1.894 |  196.199 | 
     | 19                                                 |                 |                          |       |         |          | 
     | CSA_BLOCKS[1].RCA_C0/full_adder_loop[4].FA/g65__84 | CIN v -> COUT v | sky130_fd_sc_hd__fa_1    | 0.396 |   2.290 |  196.595 | 
     | 28                                                 |                 |                          |       |         |          | 
     | CSA_BLOCKS[1].RCA_C0/full_adder_loop[5].FA/g65__55 | CIN v -> COUT v | sky130_fd_sc_hd__fa_1    | 0.397 |   2.687 |  196.992 | 
     | 26                                                 |                 |                          |       |         |          | 
     | CSA_BLOCKS[1].RCA_C0/full_adder_loop[6].FA/g65__67 | CIN v -> COUT v | sky130_fd_sc_hd__fa_1    | 0.391 |   3.078 |  197.383 | 
     | 83                                                 |                 |                          |       |         |          | 
     | CSA_BLOCKS[1].RCA_C0/full_adder_loop[7].FA/g65__36 | CIN v -> COUT v | sky130_fd_sc_hd__fa_1    | 0.379 |   3.457 |  197.762 | 
     | 80                                                 |                 |                          |       |         |          | 
     | g554__2398                                         | A0 v -> Y ^     | sky130_fd_sc_hd__mux2i_1 | 0.683 |   4.140 |  198.445 | 
     | g545__6161                                         | S ^ -> Y ^      | sky130_fd_sc_hd__mux2i_1 | 0.980 |   5.120 |  199.425 | 
     | g535__2802                                         | S ^ -> X v      | sky130_fd_sc_hd__mux2_2  | 0.573 |   5.693 |  199.998 | 
     |                                                    | S[26] v         |                          | 0.002 |   5.695 |  200.000 | 
     +------------------------------------------------------------------------------------------------------------------------------+ 

