    Hinst Name                               Module Name                     Inst Count           Total Area
---------------------------------------------------------------------------------------------------------
carry_select_adder_8888_32bits                                                      111             1579.014
  CSA_BLOCKS[1].RCA_C0                       ripple_carry_adder_WIDTH8_5_231          9              201.443
    CSA_BLOCKS[1].RCA_C0/F1A                 full_adder_24_228                        1               25.024
    CSA_BLOCKS[1].RCA_C0/full_adder_loop[1].FA full_adder_219                           2               37.536
    CSA_BLOCKS[1].RCA_C0/full_adder_loop[2].FA full_adder_218                           1               33.782
    CSA_BLOCKS[1].RCA_C0/full_adder_loop[3].FA full_adder_217                           1               20.019
    CSA_BLOCKS[1].RCA_C0/full_adder_loop[4].FA full_adder_216                           1               20.019
    CSA_BLOCKS[1].RCA_C0/full_adder_loop[5].FA full_adder_215                           1               20.019
    CSA_BLOCKS[1].RCA_C0/full_adder_loop[6].FA full_adder_214                           1               22.522
    CSA_BLOCKS[1].RCA_C0/full_adder_loop[7].FA full_adder_213                           1               22.522
  CSA_BLOCKS[1].RCA_C1                       ripple_carry_adder_WIDTH8_6_233         15              196.438
    CSA_BLOCKS[1].RCA_C1/F1A                 full_adder_32_230                        4               20.019
    CSA_BLOCKS[1].RCA_C1/full_adder_loop[1].FA full_adder_212                           5               48.797
    CSA_BLOCKS[1].RCA_C1/full_adder_loop[2].FA full_adder_211                           1               22.522
    CSA_BLOCKS[1].RCA_C1/full_adder_loop[3].FA full_adder_210                           1               20.019
    CSA_BLOCKS[1].RCA_C1/full_adder_loop[4].FA full_adder_209                           1               22.522
    CSA_BLOCKS[1].RCA_C1/full_adder_loop[5].FA full_adder_208                           1               22.522
    CSA_BLOCKS[1].RCA_C1/full_adder_loop[6].FA full_adder_207                           1               20.019
    CSA_BLOCKS[1].RCA_C1/full_adder_loop[7].FA full_adder_206                           1               20.019
  CSA_BLOCKS[2].RCA_C0                       ripple_carry_adder_WIDTH8_5_232          8              167.661
    CSA_BLOCKS[2].RCA_C0/F1A                 full_adder_24                            1               25.024
    CSA_BLOCKS[2].RCA_C0/full_adder_loop[1].FA full_adder_205                           1               20.019
    CSA_BLOCKS[2].RCA_C0/full_adder_loop[2].FA full_adder_204                           1               20.019
    CSA_BLOCKS[2].RCA_C0/full_adder_loop[3].FA full_adder_203                           1               20.019
    CSA_BLOCKS[2].RCA_C0/full_adder_loop[4].FA full_adder_202                           1               22.522
    CSA_BLOCKS[2].RCA_C0/full_adder_loop[5].FA full_adder_201                           1               20.019
    CSA_BLOCKS[2].RCA_C0/full_adder_loop[6].FA full_adder_200                           1               20.019
    CSA_BLOCKS[2].RCA_C0/full_adder_loop[7].FA full_adder_199                           1               20.019
  CSA_BLOCKS[2].RCA_C1                       ripple_carry_adder_WIDTH8_6_234         11              160.154
    CSA_BLOCKS[2].RCA_C1/F1A                 full_adder_32                            4               20.019
    CSA_BLOCKS[2].RCA_C1/full_adder_loop[1].FA full_adder_198                           1               20.019
    CSA_BLOCKS[2].RCA_C1/full_adder_loop[2].FA full_adder_197                           1               20.019
    CSA_BLOCKS[2].RCA_C1/full_adder_loop[3].FA full_adder_196                           1               20.019
    CSA_BLOCKS[2].RCA_C1/full_adder_loop[4].FA full_adder_195                           1               20.019
    CSA_BLOCKS[2].RCA_C1/full_adder_loop[5].FA full_adder_194                           1               20.019
    CSA_BLOCKS[2].RCA_C1/full_adder_loop[6].FA full_adder_193                           1               20.019
    CSA_BLOCKS[2].RCA_C1/full_adder_loop[7].FA full_adder_192                           1               20.019
  CSA_BLOCKS[3].RCA_C0                       ripple_carry_adder_WIDTH8_5              8              152.646
    CSA_BLOCKS[3].RCA_C0/F1A                 full_adder_24_227                        1               12.512
    CSA_BLOCKS[3].RCA_C0/full_adder_loop[1].FA full_adder_191                           1               20.019
    CSA_BLOCKS[3].RCA_C0/full_adder_loop[2].FA full_adder_190                           1               20.019
    CSA_BLOCKS[3].RCA_C0/full_adder_loop[3].FA full_adder_189                           1               20.019
    CSA_BLOCKS[3].RCA_C0/full_adder_loop[4].FA full_adder_188                           1               20.019
    CSA_BLOCKS[3].RCA_C0/full_adder_loop[5].FA full_adder_187                           1               20.019
    CSA_BLOCKS[3].RCA_C0/full_adder_loop[6].FA full_adder_186                           1               20.019
    CSA_BLOCKS[3].RCA_C0/full_adder_loop[7].FA full_adder_185                           1               20.019
  CSA_BLOCKS[3].RCA_C1                       ripple_carry_adder_WIDTH8_6              9              155.149
    CSA_BLOCKS[3].RCA_C1/F1A                 full_adder_32_229                        2               15.014
    CSA_BLOCKS[3].RCA_C1/full_adder_loop[1].FA full_adder_184                           1               20.019
    CSA_BLOCKS[3].RCA_C1/full_adder_loop[2].FA full_adder_183                           1               20.019
    CSA_BLOCKS[3].RCA_C1/full_adder_loop[3].FA full_adder_182                           1               20.019
    CSA_BLOCKS[3].RCA_C1/full_adder_loop[4].FA full_adder_181                           1               20.019
    CSA_BLOCKS[3].RCA_C1/full_adder_loop[5].FA full_adder_180                           1               20.019
    CSA_BLOCKS[3].RCA_C1/full_adder_loop[6].FA full_adder_179                           1               20.019
    CSA_BLOCKS[3].RCA_C1/full_adder_loop[7].FA full_adder_178                           1               20.019
  RCA_LSB                                    ripple_carry_adder_WIDTH8               24              227.718
    RCA_LSB/F1A                              full_adder                               6               33.782
    RCA_LSB/full_adder_loop[1].FA            full_adder_226                           6               37.536
    RCA_LSB/full_adder_loop[2].FA            full_adder_225                           4               35.034
    RCA_LSB/full_adder_loop[3].FA            full_adder_224                           4               36.285
    RCA_LSB/full_adder_loop[4].FA            full_adder_223                           1               20.019
    RCA_LSB/full_adder_loop[5].FA            full_adder_222                           1               22.522
    RCA_LSB/full_adder_loop[6].FA            full_adder_221                           1               22.522
    RCA_LSB/full_adder_loop[7].FA            full_adder_220                           1               20.019
