============================================================
  Generated by:           Genus(TM) Synthesis Solution 23.12-s086_1
  Generated on:           Apr 07 2025  05:54:25 pm
  Module:                 carry_select_adder_8888_32bits
  Operating conditions:   tt_025C_1v80 
  Interconnect mode:      global
  Area mode:              physical library
============================================================


Path 1: MET (0 ps) Path Delay Check
     Startpoint: (F) A[8]
       Endpoint: (F) S[24]

                   Capture    Launch  
      Path Delay:+    2099         -  
      Drv Adjust:+       0         0  
         Arrival:=    2099            
                                      
   Required Time:=    2099            
       Data Path:-    2099            
           Slack:=       0            

Exceptions/Constraints:
  max_delay             2099            constraints.sdc_line_1 

#------------------------------------------------------------------------------------------------------------------------------------------------
#                      Timing Point                       Flags   Arc   Edge           Cell             Fanout Load Trans Delay Arrival Instance 
#                                                                                                              (fF)  (ps)  (ps)   (ps)  Location 
#------------------------------------------------------------------------------------------------------------------------------------------------
  A[8]                                                    -       -     F     (arrival)                      2  5.9  1000     0       0    (-,-) 
  g3047/X                                                 -       A->X  F     sky130_fd_sc_hd__clkbuf_1      1  5.6    62   325     325    (-,-) 
  CSA_BLOCKS[1].RCA_C1/F1A/g58/Y                          -       A->Y  R     sky130_fd_sc_hd__inv_2         2 11.2    60    75     400    (-,-) 
  CSA_BLOCKS[1].RCA_C1/F1A/g54__6131/Y                    -       A->Y  F     sky130_fd_sc_hd__nand2_2       2  8.2    45    57     457    (-,-) 
  CSA_BLOCKS[1].RCA_C1/full_adder_loop[1].FA/g110__4733/Y -       A->Y  R     sky130_fd_sc_hd__nand2_2       1  5.9    51    58     516    (-,-) 
  CSA_BLOCKS[1].RCA_C1/full_adder_loop[1].FA/g108__5115/Y -       A->Y  F     sky130_fd_sc_hd__nand2_2       2  8.2    44    55     570    (-,-) 
  CSA_BLOCKS[1].RCA_C1/full_adder_loop[2].FA/g83__1666/Y  -       A->Y  R     sky130_fd_sc_hd__nand2_2       1  5.9    54    58     628    (-,-) 
  CSA_BLOCKS[1].RCA_C1/full_adder_loop[2].FA/g81__2883/Y  -       A->Y  F     sky130_fd_sc_hd__nand2_2       2  7.8    43    54     683    (-,-) 
  CSA_BLOCKS[1].RCA_C1/full_adder_loop[3].FA/g83__6260/Y  -       A->Y  R     sky130_fd_sc_hd__nand2_2       1  5.9    54    57     740    (-,-) 
  CSA_BLOCKS[1].RCA_C1/full_adder_loop[3].FA/g81__2398/Y  -       A->Y  F     sky130_fd_sc_hd__nand2_2       2  7.8    44    55     795    (-,-) 
  CSA_BLOCKS[1].RCA_C1/full_adder_loop[4].FA/g83__1617/Y  -       A->Y  R     sky130_fd_sc_hd__nand2_2       1  5.9    51    58     853    (-,-) 
  CSA_BLOCKS[1].RCA_C1/full_adder_loop[4].FA/g81__6783/Y  -       A->Y  F     sky130_fd_sc_hd__nand2_2       2  7.8    42    54     907    (-,-) 
  CSA_BLOCKS[1].RCA_C1/full_adder_loop[5].FA/g83__6131/Y  -       A->Y  R     sky130_fd_sc_hd__nand2_2       1  5.9    51    57     964    (-,-) 
  CSA_BLOCKS[1].RCA_C1/full_adder_loop[5].FA/g81__8246/Y  -       A->Y  F     sky130_fd_sc_hd__nand2_2       2  8.4    45    56    1019    (-,-) 
  CSA_BLOCKS[1].RCA_C1/full_adder_loop[6].FA/g81__4733/X  -       A1->X F     sky130_fd_sc_hd__a21o_1        2  8.4    58   176    1195    (-,-) 
  CSA_BLOCKS[1].RCA_C1/full_adder_loop[7].FA/g83__1666/Y  -       A->Y  R     sky130_fd_sc_hd__nand2_1       1  3.7    52    65    1260    (-,-) 
  CSA_BLOCKS[1].RCA_C1/full_adder_loop[7].FA/g81__2883/Y  -       A->Y  F     sky130_fd_sc_hd__nand2_1       1  3.5    36    50    1310    (-,-) 
  g46/Y                                                   -       B->Y  R     sky130_fd_sc_hd__nand2_1       1  5.9    71    76    1387    (-,-) 
  g44/Y                                                   -       B->Y  F     sky130_fd_sc_hd__nand2_2       3 12.6    62    79    1466    (-,-) 
  g43/Y                                                   -       A->Y  R     sky130_fd_sc_hd__inv_2         1  5.9    38    58    1523    (-,-) 
  g39/Y                                                   -       A->Y  F     sky130_fd_sc_hd__nand2_2       2 12.5    60    63    1586    (-,-) 
  g36/Y                                                   -       A->Y  R     sky130_fd_sc_hd__nand2_4      16 67.2   208   179    1765    (-,-) 
  g2979__2802/Y                                           -       B->Y  F     sky130_fd_sc_hd__nor2_1        1  5.4    63    81    1847    (-,-) 
  g2973__4319/X                                           -       B1->X F     sky130_fd_sc_hd__a21o_4        1 51.3    90   252    2099    (-,-) 
  S[24]                                                   <<<     -     F     (port)                         -    -     -     0    2099    (-,-) 
#------------------------------------------------------------------------------------------------------------------------------------------------

