============================================================
  Generated by:           Genus(TM) Synthesis Solution 23.12-s086_1
  Generated on:           Apr 07 2025  05:54:25 pm
  Module:                 carry_select_adder_8888_32bits
  Operating conditions:   tt_025C_1v80 
  Interconnect mode:      global
  Area mode:              physical library
============================================================

Timing
-------
  Cost    Critical         Violating 
 Group   Path Slack  TNS     Paths   
-------------------------------------
default         0.0   0.0          0 
-------------------------------------
Total                 0.0          0 

Instance Count
--------------
Leaf Instance Count             450 
Physical Instance count           0 
Sequential Instance Count         0 
Combinational Instance Count    450 
Hierarchical Instance Count      63 

Area
----
Cell Area                          3094.218
Physical Cell Area                 0.000
Total Cell Area (Cell+Physical)    3094.218
Net Area                           2330.979
Total Area (Cell+Physical+Net)     5425.197

Max Fanout                         16 (n_27)
Min Fanout                         1 (C0[1])
Average Fanout                     1.6
Terms to net ratio                 2.4310
Terms to instance ratio            2.8578
Runtime                            17.553066 seconds
Elapsed Runtime                    19 seconds
Genus peak memory usage            1895.31 
Innovus peak memory usage          no_value 
Hostname                           cadmicro-inf-el8-623207
