============================================================
  Generated by:           Genus(TM) Synthesis Solution 23.12-s086_1
  Generated on:           Apr 07 2025  05:54:25 pm
  Module:                 carry_select_adder_8888_32bits
  Operating conditions:   tt_025C_1v80 
  Interconnect mode:      global
  Area mode:              physical library
============================================================

           Instance                         Module              Cell-Count  Cell-Area  Net-Area   Total-Area 
-------------------------------------------------------------------------------------------------------------
carry_select_adder_8888_32bits NA                                      450   3094.218  2330.979     5425.197 
  CSA_BLOCKS[1].RCA_C0         ripple_carry_adder_WIDTH8_5_231          57    351.587   196.054      547.641 
    F1A                        full_adder_24_228                         4     27.526    10.094       37.621 
    full_adder_loop[1].FA      full_adder_219                           10     52.550    33.763       86.314 
    full_adder_loop[2].FA      full_adder_218                           11     60.058    37.157       97.215 
    full_adder_loop[3].FA      full_adder_217                            6     40.038    13.575       53.613 
    full_adder_loop[4].FA      full_adder_216                            7     46.294    16.969       63.263 
    full_adder_loop[5].FA      full_adder_215                            7     46.294    16.969       63.263 
    full_adder_loop[6].FA      full_adder_214                            4     35.034    10.181       45.215 
    full_adder_loop[7].FA      full_adder_213                            8     43.792    22.016       65.808 
  CSA_BLOCKS[1].RCA_C1         ripple_carry_adder_WIDTH8_6_233          57    366.602   194.401      561.002 
    F1A                        full_adder_32_230                         4     23.773    10.094       33.867 
    full_adder_loop[1].FA      full_adder_212                           10     65.062    33.763       98.826 
    full_adder_loop[2].FA      full_adder_211                           11     58.806    37.157       95.964 
    full_adder_loop[3].FA      full_adder_210                            8     48.797    20.362       69.159 
    full_adder_loop[4].FA      full_adder_209                            7     50.048    16.969       67.017 
    full_adder_loop[5].FA      full_adder_208                            7     50.048    16.969       67.017 
    full_adder_loop[6].FA      full_adder_207                            4     35.034    10.181       45.215 
    full_adder_loop[7].FA      full_adder_206                            6     35.034    13.575       48.609 
  CSA_BLOCKS[2].RCA_C0         ripple_carry_adder_WIDTH8_5_232          43    277.766   137.055      414.821 
    F1A                        full_adder_24                             4     20.019    10.094       30.113 
    full_adder_loop[1].FA      full_adder_205                            8     40.038    20.362       60.401 
    full_adder_loop[2].FA      full_adder_204                            6     35.034    13.575       48.609 
    full_adder_loop[3].FA      full_adder_203                            6     37.536    13.575       51.111 
    full_adder_loop[4].FA      full_adder_202                            6     37.536    13.575       51.111 
    full_adder_loop[5].FA      full_adder_201                            5     37.536    10.181       47.717 
    full_adder_loop[6].FA      full_adder_200                            4     35.034    10.181       45.215 
    full_adder_loop[7].FA      full_adder_199                            4     35.034    10.181       45.215 
  CSA_BLOCKS[2].RCA_C1         ripple_carry_adder_WIDTH8_6_234          44    292.781   137.055      429.836 
    F1A                        full_adder_32                             4     22.522    10.094       32.616 
    full_adder_loop[1].FA      full_adder_198                            8     40.038    20.362       60.401 
    full_adder_loop[2].FA      full_adder_197                            5     37.536    10.181       47.717 
    full_adder_loop[3].FA      full_adder_196                            5     37.536    10.181       47.717 
    full_adder_loop[4].FA      full_adder_195                            6     40.038    13.575       53.613 
    full_adder_loop[5].FA      full_adder_194                            6     40.038    13.575       53.613 
    full_adder_loop[6].FA      full_adder_193                            6     40.038    13.575       53.613 
    full_adder_loop[7].FA      full_adder_192                            4     35.034    10.181       45.215 
  CSA_BLOCKS[3].RCA_C0         ripple_carry_adder_WIDTH8_5              33    277.766   109.992      387.758 
    F1A                        full_adder_24_227                         4     20.019    10.094       30.113 
    full_adder_loop[1].FA      full_adder_191                            8     42.541    20.362       62.903 
    full_adder_loop[2].FA      full_adder_190                            7     41.290    16.969       58.258 
    full_adder_loop[3].FA      full_adder_189                            4     35.034    10.181       45.215 
    full_adder_loop[4].FA      full_adder_188                            4     35.034    10.181       45.215 
    full_adder_loop[5].FA      full_adder_187                            4     36.285    10.181       46.466 
    full_adder_loop[6].FA      full_adder_186                            1     33.782     0.000       33.782 
    full_adder_loop[7].FA      full_adder_185                            1     33.782     0.000       33.782 
  CSA_BLOCKS[3].RCA_C1         ripple_carry_adder_WIDTH8_6              40    275.264   135.315      410.579 
    F1A                        full_adder_32_229                         4     20.019    10.094       30.113 
    full_adder_loop[1].FA      full_adder_184                            8     42.541    23.669       66.210 
    full_adder_loop[2].FA      full_adder_183                            7     41.290    16.969       58.258 
    full_adder_loop[3].FA      full_adder_182                            6     40.038    13.575       53.613 
    full_adder_loop[4].FA      full_adder_181                            5     37.536    13.575       51.111 
    full_adder_loop[5].FA      full_adder_180                            5     37.536    13.575       51.111 
    full_adder_loop[6].FA      full_adder_179                            4     36.285    10.181       46.466 
    full_adder_loop[7].FA      full_adder_178                            1     20.019     0.000       20.019 
  RCA_LSB                      ripple_carry_adder_WIDTH8                59    516.746   187.874      704.620 
    F1A                        full_adder                               10     57.555    30.457       88.012 
    full_adder_loop[1].FA      full_adder_226                            9     55.053    23.756       78.809 
    full_adder_loop[2].FA      full_adder_225                            9     72.570    27.063       99.633 
    full_adder_loop[3].FA      full_adder_224                            7     65.062    16.969       82.031 
    full_adder_loop[4].FA      full_adder_223                            7     65.062    16.969       82.031 
    full_adder_loop[5].FA      full_adder_222                            6     67.565    13.575       81.140 
    full_adder_loop[6].FA      full_adder_221                            6     67.565    13.575       81.140 
    full_adder_loop[7].FA      full_adder_220                            5     66.314    10.181       76.495 
