============================================================
  Generated by:           Genus(TM) Synthesis Solution 23.12-s086_1
  Generated on:           Apr 07 2025  02:22:07 pm
  Module:                 ripple_carry_adder_16bits
  Operating conditions:   tt_025C_1v80 
  Interconnect mode:      global
  Area mode:              physical library
============================================================

         Instance              Module       Cell-Count  Cell-Area  Net-Area   Total-Area 
-----------------------------------------------------------------------------------------
ripple_carry_adder_16bits NA                       144   1054.762   731.221     1785.983 
  F1A                     full_adder                 6     30.029    16.882       46.910 
  full_adder_loop[10].FA  full_adder_15_24           6     65.062    13.575       78.637 
  full_adder_loop[11].FA  full_adder_15_25           6     66.314    13.575       79.889 
  full_adder_loop[12].FA  full_adder_15_26           6     71.318    13.575       84.893 
  full_adder_loop[13].FA  full_adder_15_27           6     67.565    13.575       81.140 
  full_adder_loop[14].FA  full_adder_15_28           7     56.304    20.275       76.579 
  full_adder_loop[15].FA  full_adder_15              6     53.802    15.228       69.030 
  full_adder_loop[1].FA   full_adder_15_15          10     67.565    33.763      101.328 
  full_adder_loop[2].FA   full_adder_15_16          11     60.058    37.157       97.215 
  full_adder_loop[3].FA   full_adder_15_17           9     55.053    27.063       82.116 
  full_adder_loop[4].FA   full_adder_15_18           7     50.048    16.969       67.017 
  full_adder_loop[5].FA   full_adder_15_19           7     50.048    16.969       67.017 
  full_adder_loop[6].FA   full_adder_15_20           7     60.058    16.969       77.026 
  full_adder_loop[7].FA   full_adder_15_21           7     60.058    16.969       77.026 
  full_adder_loop[8].FA   full_adder_15_22           6     62.560    13.575       76.135 
  full_adder_loop[9].FA   full_adder_15_23           6     62.560    13.575       76.135 
