###############################################################
#  Generated by:      Cadence Innovus 23.32-s091_1
#  OS:                Linux x86_64(Host ID cadmicro-inf-el8-623207)
#  Generated on:      Mon Apr  7 19:04:16 2025
#  Design:            carry_select_adder_68810_32bits
#  Command:           report_timing > reports/report_timing.rpt
###############################################################
Path 1: VIOLATED Path Delay Check
Endpoint:   S[24] (^)
Beginpoint: A[6]  (v) triggered by  leading edge of '@'
Path Groups: {default}
Analysis View: default_emulate_view
- External Delay                0.000
+ Path Delay                    1.986
= Required Time                 1.986
- Arrival Time                  1.987
= Slack Time                   -0.001
     Clock Rise Edge                      0.000
     + Input Delay                        0.000
     = Beginpoint Arrival Time            0.000
     +----------------------------------------------------------------------------------------------------------------------------+ 
     |                      Instance                      |     Arc     |            Cell            | Delay | Arrival | Required | 
     |                                                    |             |                            |       |  Time   |   Time   | 
     |----------------------------------------------------+-------------+----------------------------+-------+---------+----------| 
     |                                                    | A[6] v      |                            |       |   0.000 |   -0.001 | 
     | CSA_BLOCKS[1].RCA_C0/F1A/fopt41                    | A v -> Y ^  | sky130_fd_sc_hd__inv_2     | 0.306 |   0.306 |    0.306 | 
     | CSA_BLOCKS[1].RCA_C0/F1A/g34__2398                 | B ^ -> Y v  | sky130_fd_sc_hd__nor2_2    | 0.070 |   0.377 |    0.376 | 
     | CSA_BLOCKS[1].RCA_C0/full_adder_loop[1].FA/g136__8 | B v -> Y ^  | sky130_fd_sc_hd__nand2_2   | 0.072 |   0.448 |    0.448 | 
     | 428                                                |             |                            |       |         |          | 
     | CSA_BLOCKS[1].RCA_C0/full_adder_loop[1].FA/g134__6 | A ^ -> Y v  | sky130_fd_sc_hd__nand2_2   | 0.059 |   0.507 |    0.506 | 
     | 260                                                |             |                            |       |         |          | 
     | CSA_BLOCKS[1].RCA_C0/full_adder_loop[2].FA/g119__1 | A v -> Y ^  | sky130_fd_sc_hd__nand2_2   | 0.067 |   0.574 |    0.574 | 
     | 705                                                |             |                            |       |         |          | 
     | CSA_BLOCKS[1].RCA_C0/full_adder_loop[2].FA/g117__1 | A ^ -> Y v  | sky130_fd_sc_hd__nand2_2   | 0.059 |   0.634 |    0.633 | 
     | 617                                                |             |                            |       |         |          | 
     | CSA_BLOCKS[1].RCA_C0/full_adder_loop[3].FA/g119__5 | A v -> Y ^  | sky130_fd_sc_hd__nand2_2   | 0.067 |   0.700 |    0.700 | 
     | 115                                                |             |                            |       |         |          | 
     | CSA_BLOCKS[1].RCA_C0/full_adder_loop[3].FA/g117__6 | A ^ -> Y v  | sky130_fd_sc_hd__nand2_2   | 0.058 |   0.759 |    0.758 | 
     | 131                                                |             |                            |       |         |          | 
     | CSA_BLOCKS[1].RCA_C0/full_adder_loop[4].FA/g91__28 | A v -> Y ^  | sky130_fd_sc_hd__nand2_2   | 0.066 |   0.825 |    0.824 | 
     | 83                                                 |             |                            |       |         |          | 
     | CSA_BLOCKS[1].RCA_C0/full_adder_loop[4].FA/g89__93 | A ^ -> Y v  | sky130_fd_sc_hd__nand2_2   | 0.056 |   0.881 |    0.881 | 
     | 15                                                 |             |                            |       |         |          | 
     | CSA_BLOCKS[1].RCA_C0/full_adder_loop[5].FA/g83__23 | A v -> Y ^  | sky130_fd_sc_hd__nand2_2   | 0.081 |   0.962 |    0.962 | 
     | 98                                                 |             |                            |       |         |          | 
     | CSA_BLOCKS[1].RCA_C0/full_adder_loop[5].FA/g81__64 | A ^ -> Y v  | sky130_fd_sc_hd__nand2_4   | 0.055 |   1.017 |    1.016 | 
     | 17                                                 |             |                            |       |         |          | 
     | CSA_BLOCKS[1].RCA_C0/full_adder_loop[6].FA/g83__67 | A v -> Y ^  | sky130_fd_sc_hd__nand2_4   | 0.068 |   1.085 |    1.084 | 
     | 83                                                 |             |                            |       |         |          | 
     | CSA_BLOCKS[1].RCA_C0/full_adder_loop[6].FA/g81__84 | A ^ -> Y v  | sky130_fd_sc_hd__nand2_4   | 0.055 |   1.140 |    1.139 | 
     | 28                                                 |             |                            |       |         |          | 
     | CSA_BLOCKS[1].RCA_C0/full_adder_loop[7].FA/g96__82 | A v -> Y ^  | sky130_fd_sc_hd__nand2_4   | 0.069 |   1.209 |    1.208 | 
     | 46                                                 |             |                            |       |         |          | 
     | CSA_BLOCKS[1].RCA_C0/full_adder_loop[7].FA/g94__17 | A ^ -> Y v  | sky130_fd_sc_hd__nand2_4   | 0.052 |   1.261 |    1.260 | 
     | 05                                                 |             |                            |       |         |          | 
     | g5187__5219                                        | B2 v -> Y ^ | sky130_fd_sc_hd__o2bb2ai_2 | 0.138 |   1.399 |    1.398 | 
     | g5218                                              | A ^ -> Y v  | sky130_fd_sc_hd__inv_2     | 0.058 |   1.456 |    1.456 | 
     | g5182__4733                                        | A v -> Y ^  | sky130_fd_sc_hd__nand2_4   | 0.078 |   1.534 |    1.534 | 
     | g5171__3680                                        | B ^ -> Y v  | sky130_fd_sc_hd__nand2_4   | 0.109 |   1.643 |    1.643 | 
     | g5157__9945                                        | B v -> Y ^  | sky130_fd_sc_hd__nor2_1    | 0.143 |   1.787 |    1.786 | 
     | g5148__7098                                        | B1 ^ -> X ^ | sky130_fd_sc_hd__a21o_4    | 0.198 |   1.985 |    1.984 | 
     |                                                    | S[24] ^     |                            | 0.002 |   1.987 |    1.986 | 
     +----------------------------------------------------------------------------------------------------------------------------+ 

