Hinst Name                                    Module Name                  Inst Count           Total Area               Buffer             Inverter        Combinational                 Flop                Latch           Clock Gate                Macro             Physical
-------------------------------------------------------------------------------------------------------------------------------------------------------------------------------------------------------------------------------------------------------------------------------------------
carry_select_adder                                                                838             5302.586               62.560              232.723             3154.275                0.000                0.000                0.000                0.000             1853.027
  CSA_BLOCKS[1].RCA_C0                        ripple_carry_adder_WIDTH6            33              217.709                0.000               27.526              190.182                0.000                0.000                0.000                0.000                0.000
    CSA_BLOCKS[1].RCA_C0/F1A                  full_adder_4                          4               32.531                0.000               20.019               12.512                0.000                0.000                0.000                0.000                0.000
    CSA_BLOCKS[1].RCA_C0/full_adder_loop[1].FA full_adder_227                        8               40.038                0.000                7.507               32.531                0.000                0.000                0.000                0.000                0.000
    CSA_BLOCKS[1].RCA_C0/full_adder_loop[2].FA full_adder_226                        6               35.034                0.000                0.000               35.034                0.000                0.000                0.000                0.000                0.000
    CSA_BLOCKS[1].RCA_C0/full_adder_loop[3].FA full_adder_225                        6               37.536                0.000                0.000               37.536                0.000                0.000                0.000                0.000                0.000
    CSA_BLOCKS[1].RCA_C0/full_adder_loop[4].FA full_adder_224                        4               35.034                0.000                0.000               35.034                0.000                0.000                0.000                0.000                0.000
    CSA_BLOCKS[1].RCA_C0/full_adder_loop[5].FA full_adder_223                        5               37.536                0.000                0.000               37.536                0.000                0.000                0.000                0.000                0.000
  CSA_BLOCKS[1].RCA_C1                        ripple_carry_adder_WIDTH6_1          33              208.950                0.000               21.270              187.680                0.000                0.000                0.000                0.000                0.000
    CSA_BLOCKS[1].RCA_C1/F1A                  full_adder_46_233                     4               26.275                0.000               13.763               12.512                0.000                0.000                0.000                0.000                0.000
    CSA_BLOCKS[1].RCA_C1/full_adder_loop[1].FA full_adder_202                        8               40.038                0.000                7.507               32.531                0.000                0.000                0.000                0.000                0.000
    CSA_BLOCKS[1].RCA_C1/full_adder_loop[2].FA full_adder_201                        6               35.034                0.000                0.000               35.034                0.000                0.000                0.000                0.000                0.000
    CSA_BLOCKS[1].RCA_C1/full_adder_loop[3].FA full_adder_200                        6               35.034                0.000                0.000               35.034                0.000                0.000                0.000                0.000                0.000
    CSA_BLOCKS[1].RCA_C1/full_adder_loop[4].FA full_adder_199                        4               35.034                0.000                0.000               35.034                0.000                0.000                0.000                0.000                0.000
    CSA_BLOCKS[1].RCA_C1/full_adder_loop[5].FA full_adder_198                        5               37.536                0.000                0.000               37.536                0.000                0.000                0.000                0.000                0.000
  CSA_BLOCKS[2].RCA_C0                        ripple_carry_adder_WIDTH8            46              302.790                0.000               15.014              287.776                0.000                0.000                0.000                0.000                0.000
    CSA_BLOCKS[2].RCA_C0/F1A                  full_adder_4_232                      4               20.019                0.000                7.507               12.512                0.000                0.000                0.000                0.000                0.000
    CSA_BLOCKS[2].RCA_C0/full_adder_loop[1].FA full_adder_222                        8               45.043                0.000                7.507               37.536                0.000                0.000                0.000                0.000                0.000
    CSA_BLOCKS[2].RCA_C0/full_adder_loop[2].FA full_adder_221                        6               40.038                0.000                0.000               40.038                0.000                0.000                0.000                0.000                0.000
    CSA_BLOCKS[2].RCA_C0/full_adder_loop[3].FA full_adder_220                        6               35.034                0.000                0.000               35.034                0.000                0.000                0.000                0.000                0.000
    CSA_BLOCKS[2].RCA_C0/full_adder_loop[4].FA full_adder_219                        6               37.536                0.000                0.000               37.536                0.000                0.000                0.000                0.000                0.000
    CSA_BLOCKS[2].RCA_C0/full_adder_loop[5].FA full_adder_218                        6               40.038                0.000                0.000               40.038                0.000                0.000                0.000                0.000                0.000
    CSA_BLOCKS[2].RCA_C0/full_adder_loop[6].FA full_adder_217                        5               40.038                0.000                0.000               40.038                0.000                0.000                0.000                0.000                0.000
    CSA_BLOCKS[2].RCA_C0/full_adder_loop[7].FA full_adder_216                        5               45.043                0.000                0.000               45.043                0.000                0.000                0.000                0.000                0.000
  CSA_BLOCKS[2].RCA_C1                        ripple_carry_adder_WIDTH8_1          43              316.554                0.000               23.773              292.781                0.000                0.000                0.000                0.000                0.000
    CSA_BLOCKS[2].RCA_C1/F1A                  full_adder_46_234                     4               32.531                0.000               20.019               12.512                0.000                0.000                0.000                0.000                0.000
    CSA_BLOCKS[2].RCA_C1/full_adder_loop[1].FA full_adder_197                        5               50.048                0.000                3.754               46.294                0.000                0.000                0.000                0.000                0.000
    CSA_BLOCKS[2].RCA_C1/full_adder_loop[2].FA full_adder_196                        6               37.536                0.000                0.000               37.536                0.000                0.000                0.000                0.000                0.000
    CSA_BLOCKS[2].RCA_C1/full_adder_loop[3].FA full_adder_195                        5               36.285                0.000                0.000               36.285                0.000                0.000                0.000                0.000                0.000
    CSA_BLOCKS[2].RCA_C1/full_adder_loop[4].FA full_adder_194                        6               37.536                0.000                0.000               37.536                0.000                0.000                0.000                0.000                0.000
    CSA_BLOCKS[2].RCA_C1/full_adder_loop[5].FA full_adder_193                        6               40.038                0.000                0.000               40.038                0.000                0.000                0.000                0.000                0.000
    CSA_BLOCKS[2].RCA_C1/full_adder_loop[6].FA full_adder_192                        6               40.038                0.000                0.000               40.038                0.000                0.000                0.000                0.000                0.000
    CSA_BLOCKS[2].RCA_C1/full_adder_loop[7].FA full_adder_191                        5               42.541                0.000                0.000               42.541                0.000                0.000                0.000                0.000                0.000
  CSA_BLOCKS[3].RCA_C0                        ripple_carry_adder_WIDTH14           94              837.053               22.522               48.797              765.734                0.000                0.000                0.000                0.000                0.000
    CSA_BLOCKS[3].RCA_C0/F1A                  full_adder_4_231                      4               46.294                0.000               27.526               18.768                0.000                0.000                0.000                0.000                0.000
    CSA_BLOCKS[3].RCA_C0/full_adder_loop[10].FA full_adder_206                        6               57.555                0.000                0.000               57.555                0.000                0.000                0.000                0.000                0.000
    CSA_BLOCKS[3].RCA_C0/full_adder_loop[11].FA full_adder_205                        7               73.821                0.000                3.754               70.067                0.000                0.000                0.000                0.000                0.000
    CSA_BLOCKS[3].RCA_C0/full_adder_loop[12].FA full_adder_204                        6               60.058                0.000                0.000               60.058                0.000                0.000                0.000                0.000                0.000
    CSA_BLOCKS[3].RCA_C0/full_adder_loop[13].FA full_adder_203                        7               48.797                0.000                0.000               48.797                0.000                0.000                0.000                0.000                0.000
    CSA_BLOCKS[3].RCA_C0/full_adder_loop[1].FA full_adder_215                        8               67.565                0.000               10.010               57.555                0.000                0.000                0.000                0.000                0.000
    CSA_BLOCKS[3].RCA_C0/full_adder_loop[2].FA full_adder_214                        8               65.062                0.000                7.507               57.555                0.000                0.000                0.000                0.000                0.000
    CSA_BLOCKS[3].RCA_C0/full_adder_loop[3].FA full_adder_213                        6               47.546                0.000                0.000               47.546                0.000                0.000                0.000                0.000                0.000
    CSA_BLOCKS[3].RCA_C0/full_adder_loop[4].FA full_adder_212                        6               60.058                0.000                0.000               60.058                0.000                0.000                0.000                0.000                0.000
    CSA_BLOCKS[3].RCA_C0/full_adder_loop[5].FA full_adder_211                        6               57.555                0.000                0.000               57.555                0.000                0.000                0.000                0.000                0.000
    CSA_BLOCKS[3].RCA_C0/full_adder_loop[6].FA full_adder_210                        6               57.555                0.000                0.000               57.555                0.000                0.000                0.000                0.000                0.000
    CSA_BLOCKS[3].RCA_C0/full_adder_loop[7].FA full_adder_209                        6               57.555                0.000                0.000               57.555                0.000                0.000                0.000                0.000                0.000
    CSA_BLOCKS[3].RCA_C0/full_adder_loop[8].FA full_adder_208                        6               57.555                0.000                0.000               57.555                0.000                0.000                0.000                0.000                0.000
    CSA_BLOCKS[3].RCA_C0/full_adder_loop[9].FA full_adder_207                        6               57.555                0.000                0.000               57.555                0.000                0.000                0.000                0.000                0.000
  CSA_BLOCKS[3].RCA_C1                        ripple_carry_adder_WIDTH14_1         97              858.323               22.522               62.560              773.242                0.000                0.000                0.000                0.000                0.000
    CSA_BLOCKS[3].RCA_C1/F1A                  full_adder_46                         5               56.304                3.754               32.531               20.019                0.000                0.000                0.000                0.000                0.000
    CSA_BLOCKS[3].RCA_C1/full_adder_loop[10].FA full_adder_181                        6               60.058                0.000                0.000               60.058                0.000                0.000                0.000                0.000                0.000
    CSA_BLOCKS[3].RCA_C1/full_adder_loop[11].FA full_adder_180                        7               73.821                0.000                3.754               70.067                0.000                0.000                0.000                0.000                0.000
    CSA_BLOCKS[3].RCA_C1/full_adder_loop[12].FA full_adder_179                        6               60.058                0.000                0.000               60.058                0.000                0.000                0.000                0.000                0.000
    CSA_BLOCKS[3].RCA_C1/full_adder_loop[13].FA full_adder_178                       10               51.299                0.000                8.758               42.541                0.000                0.000                0.000                0.000                0.000
    CSA_BLOCKS[3].RCA_C1/full_adder_loop[1].FA full_adder_190                        8               67.565                0.000               10.010               57.555                0.000                0.000                0.000                0.000                0.000
    CSA_BLOCKS[3].RCA_C1/full_adder_loop[2].FA full_adder_189                        8               65.062                0.000                7.507               57.555                0.000                0.000                0.000                0.000                0.000
    CSA_BLOCKS[3].RCA_C1/full_adder_loop[3].FA full_adder_188                        6               45.043                0.000                0.000               45.043                0.000                0.000                0.000                0.000                0.000
    CSA_BLOCKS[3].RCA_C1/full_adder_loop[4].FA full_adder_187                        6               60.058                0.000                0.000               60.058                0.000                0.000                0.000                0.000                0.000
    CSA_BLOCKS[3].RCA_C1/full_adder_loop[5].FA full_adder_186                        6               60.058                0.000                0.000               60.058                0.000                0.000                0.000                0.000                0.000
    CSA_BLOCKS[3].RCA_C1/full_adder_loop[6].FA full_adder_185                        6               60.058                0.000                0.000               60.058                0.000                0.000                0.000                0.000                0.000
    CSA_BLOCKS[3].RCA_C1/full_adder_loop[7].FA full_adder_184                        6               60.058                0.000                0.000               60.058                0.000                0.000                0.000                0.000                0.000
    CSA_BLOCKS[3].RCA_C1/full_adder_loop[8].FA full_adder_183                        6               60.058                0.000                0.000               60.058                0.000                0.000                0.000                0.000                0.000
    CSA_BLOCKS[3].RCA_C1/full_adder_loop[9].FA full_adder_182                        6               60.058                0.000                0.000               60.058                0.000                0.000                0.000                0.000                0.000
  RCA_LSB                                     ripple_carry_adder_WIDTH4            20              148.893                3.754                0.000              145.139                0.000                0.000                0.000                0.000                0.000
    RCA_LSB/F1A                               full_adder                            5               30.029                0.000                0.000               30.029                0.000                0.000                0.000                0.000                0.000
    RCA_LSB/full_adder_loop[1].FA             full_adder_230                        6               37.536                0.000                0.000               37.536                0.000                0.000                0.000                0.000                0.000
    RCA_LSB/full_adder_loop[2].FA             full_adder_229                        4               35.034                0.000                0.000               35.034                0.000                0.000                0.000                0.000                0.000
    RCA_LSB/full_adder_loop[3].FA             full_adder_228                        4               42.541                0.000                0.000               42.541                0.000                0.000                0.000                0.000                0.000
