###############################################################
#  Generated by:      Cadence Innovus 23.32-s091_1
#  OS:                Linux x86_64(Host ID cadmicro-inf-el8-623207)
#  Generated on:      Mon Apr  7 17:39:20 2025
#  Design:            carry_select_adder
#  Command:           report_timing > reports/report_timing.rpt
###############################################################
Path 1: VIOLATED Path Delay Check
Endpoint:   S[31] (^)
Beginpoint: B[21] (v) triggered by  leading edge of '@'
Path Groups: {default}
Analysis View: default_emulate_view
- External Delay                0.000
+ Path Delay                    2.100
= Required Time                 2.100
- Arrival Time                  2.107
= Slack Time                   -0.007
     Clock Rise Edge                      0.000
     + Input Delay                        0.000
     = Beginpoint Arrival Time            0.000
     +--------------------------------------------------------------------------------------------------------------------------+ 
     |                      Instance                      |    Arc     |           Cell            | Delay | Arrival | Required | 
     |                                                    |            |                           |       |  Time   |   Time   | 
     |----------------------------------------------------+------------+---------------------------+-------+---------+----------| 
     |                                                    | B[21] v    |                           |       |   0.000 |   -0.007 | 
     | CSA_BLOCKS[3].RCA_C1/full_adder_loop[3].FA/g2__473 | B v -> X v | sky130_fd_sc_hd__or2_0    | 0.536 |   0.536 |    0.528 | 
     | 3                                                  |            |                           |       |         |          | 
     | CSA_BLOCKS[3].RCA_C1/full_adder_loop[3].FA/g124__1 | B v -> Y ^ | sky130_fd_sc_hd__nand2_2  | 0.101 |   0.637 |    0.629 | 
     | 881                                                |            |                           |       |         |          | 
     | CSA_BLOCKS[3].RCA_C1/full_adder_loop[3].FA/g122__7 | A ^ -> Y v | sky130_fd_sc_hd__nand2_4  | 0.056 |   0.692 |    0.685 | 
     | 098                                                |            |                           |       |         |          | 
     | CSA_BLOCKS[3].RCA_C1/full_adder_loop[4].FA/g124__9 | A v -> Y ^ | sky130_fd_sc_hd__nand2_4  | 0.069 |   0.762 |    0.754 | 
     | 945                                                |            |                           |       |         |          | 
     | CSA_BLOCKS[3].RCA_C1/full_adder_loop[4].FA/g122__6 | A ^ -> Y v | sky130_fd_sc_hd__nand2_4  | 0.054 |   0.815 |    0.808 | 
     | 161                                                |            |                           |       |         |          | 
     | CSA_BLOCKS[3].RCA_C1/full_adder_loop[5].FA/g124__5 | A v -> Y ^ | sky130_fd_sc_hd__nand2_4  | 0.064 |   0.879 |    0.872 | 
     | 477                                                |            |                           |       |         |          | 
     | CSA_BLOCKS[3].RCA_C1/full_adder_loop[5].FA/g122__7 | A ^ -> Y v | sky130_fd_sc_hd__nand2_4  | 0.058 |   0.937 |    0.930 | 
     | 410                                                |            |                           |       |         |          | 
     | CSA_BLOCKS[3].RCA_C1/full_adder_loop[6].FA/g124__5 | A v -> Y ^ | sky130_fd_sc_hd__nand2_4  | 0.068 |   1.004 |    0.997 | 
     | 526                                                |            |                           |       |         |          | 
     | CSA_BLOCKS[3].RCA_C1/full_adder_loop[6].FA/g122__4 | A ^ -> Y v | sky130_fd_sc_hd__nand2_4  | 0.052 |   1.056 |    1.049 | 
     | 319                                                |            |                           |       |         |          | 
     | CSA_BLOCKS[3].RCA_C1/full_adder_loop[7].FA/g124__5 | A v -> Y ^ | sky130_fd_sc_hd__nand2_4  | 0.063 |   1.119 |    1.112 | 
     | 122                                                |            |                           |       |         |          | 
     | CSA_BLOCKS[3].RCA_C1/full_adder_loop[7].FA/g122__2 | A ^ -> Y v | sky130_fd_sc_hd__nand2_4  | 0.055 |   1.174 |    1.167 | 
     | 802                                                |            |                           |       |         |          | 
     | CSA_BLOCKS[3].RCA_C1/full_adder_loop[8].FA/g124__7 | A v -> Y ^ | sky130_fd_sc_hd__nand2_4  | 0.065 |   1.239 |    1.232 | 
     | 482                                                |            |                           |       |         |          | 
     | CSA_BLOCKS[3].RCA_C1/full_adder_loop[8].FA/g122__1 | A ^ -> Y v | sky130_fd_sc_hd__nand2_4  | 0.051 |   1.290 |    1.283 | 
     | 881                                                |            |                           |       |         |          | 
     | CSA_BLOCKS[3].RCA_C1/full_adder_loop[9].FA/g124__2 | A v -> Y ^ | sky130_fd_sc_hd__nand2_4  | 0.063 |   1.353 |    1.346 | 
     | 346                                                |            |                           |       |         |          | 
     | CSA_BLOCKS[3].RCA_C1/full_adder_loop[9].FA/g122__9 | A ^ -> Y v | sky130_fd_sc_hd__nand2_4  | 0.051 |   1.404 |    1.397 | 
     | 945                                                |            |                           |       |         |          | 
     | CSA_BLOCKS[3].RCA_C1/full_adder_loop[10].FA/g124__ | A v -> Y ^ | sky130_fd_sc_hd__nand2_4  | 0.064 |   1.468 |    1.460 | 
     | 5107                                               |            |                           |       |         |          | 
     | CSA_BLOCKS[3].RCA_C1/full_adder_loop[10].FA/g122__ | A ^ -> Y v | sky130_fd_sc_hd__nand2_4  | 0.058 |   1.526 |    1.519 | 
     | 5477                                               |            |                           |       |         |          | 
     | CSA_BLOCKS[3].RCA_C1/full_adder_loop[11].FA/g125__ | A v -> Y ^ | sky130_fd_sc_hd__nand2_4  | 0.068 |   1.594 |    1.586 | 
     | 3680                                               |            |                           |       |         |          | 
     | CSA_BLOCKS[3].RCA_C1/full_adder_loop[11].FA/g123__ | A ^ -> Y v | sky130_fd_sc_hd__nand2_4  | 0.055 |   1.649 |    1.642 | 
     | 5526                                               |            |                           |       |         |          | 
     | CSA_BLOCKS[3].RCA_C1/full_adder_loop[12].FA/g125__ | A v -> Y ^ | sky130_fd_sc_hd__nand2_4  | 0.066 |   1.715 |    1.707 | 
     | 7098                                               |            |                           |       |         |          | 
     | CSA_BLOCKS[3].RCA_C1/full_adder_loop[12].FA/g123__ | A ^ -> Y v | sky130_fd_sc_hd__nand2_4  | 0.051 |   1.766 |    1.758 | 
     | 5122                                               |            |                           |       |         |          | 
     | CSA_BLOCKS[3].RCA_C1/full_adder_loop[13].FA/g16    | A v -> Y ^ | sky130_fd_sc_hd__clkinv_2 | 0.048 |   1.814 |    1.806 | 
     | CSA_BLOCKS[3].RCA_C1/full_adder_loop[13].FA/g15    | A ^ -> Y v | sky130_fd_sc_hd__nand2_2  | 0.038 |   1.851 |    1.844 | 
     | CSA_BLOCKS[3].RCA_C1/full_adder_loop[13].FA/g13    | A v -> Y ^ | sky130_fd_sc_hd__nand2_2  | 0.071 |   1.922 |    1.914 | 
     | g849__6260                                         | A ^ -> Y v | sky130_fd_sc_hd__nand2_4  | 0.066 |   1.988 |    1.981 | 
     | g840__9945                                         | B v -> Y ^ | sky130_fd_sc_hd__nand2_8  | 0.118 |   2.106 |    2.099 | 
     |                                                    | S[31] ^    |                           | 0.001 |   2.107 |    2.100 | 
     +--------------------------------------------------------------------------------------------------------------------------+ 

