============================================================
  Generated by:           Genus(TM) Synthesis Solution 23.12-s086_1
  Generated on:           Apr 07 2025  06:56:52 pm
  Module:                 carry_select_adder_68810_32bits
  Operating conditions:   tt_025C_1v80 
  Interconnect mode:      global
  Area mode:              physical library
============================================================


Path 1: VIOLATED (-26 ps) Path Delay Check
     Startpoint: (F) B[7]
       Endpoint: (R) S[30]

                   Capture    Launch  
      Path Delay:+    1810         -  
      Drv Adjust:+       0         0  
         Arrival:=    1810            
                                      
   Required Time:=    1810            
       Data Path:-    1836            
           Slack:=     -26            

Exceptions/Constraints:
  max_delay             1810            constraints.sdc_line_1 

#------------------------------------------------------------------------------------------------------------------------------------------------
#                      Timing Point                       Flags   Arc   Edge           Cell             Fanout Load Trans Delay Arrival Instance 
#                                                                                                              (fF)  (ps)  (ps)   (ps)  Location 
#------------------------------------------------------------------------------------------------------------------------------------------------
  B[7]                                                    -       -     F     (arrival)                      2  5.9  1000     0       0    (-,-) 
  g3688_dup/X                                             -       A->X  F     sky130_fd_sc_hd__clkbuf_1      3 10.5    85   352     352    (-,-) 
  CSA_BLOCKS[1].RCA_C1/full_adder_loop[1].FA/g42/Y        -       A->Y  R     sky130_fd_sc_hd__nor2_2        1  6.0    96   132     484    (-,-) 
  CSA_BLOCKS[1].RCA_C1/full_adder_loop[1].FA/g40/Y        -       A2->Y F     sky130_fd_sc_hd__o21ai_2       2 11.8    63    83     566    (-,-) 
  CSA_BLOCKS[1].RCA_C1/full_adder_loop[2].FA/g124__7410/Y -       A->Y  R     sky130_fd_sc_hd__nand2_4       1 10.1    52    67     634    (-,-) 
  CSA_BLOCKS[1].RCA_C1/full_adder_loop[2].FA/g122__1666/Y -       A->Y  F     sky130_fd_sc_hd__nand2_4       2 11.8    38    50     684    (-,-) 
  CSA_BLOCKS[1].RCA_C1/full_adder_loop[3].FA/g124__8428/Y -       A->Y  R     sky130_fd_sc_hd__nand2_4       1 10.1    53    56     740    (-,-) 
  CSA_BLOCKS[1].RCA_C1/full_adder_loop[3].FA/g122__6260/Y -       A->Y  F     sky130_fd_sc_hd__nand2_4       2 11.8    44    50     791    (-,-) 
  CSA_BLOCKS[1].RCA_C1/full_adder_loop[4].FA/g125__1705/Y -       A->Y  R     sky130_fd_sc_hd__nand2_4       1 10.1    52    59     850    (-,-) 
  CSA_BLOCKS[1].RCA_C1/full_adder_loop[4].FA/g123__1617/Y -       A->Y  F     sky130_fd_sc_hd__nand2_4       2 11.8    38    50     900    (-,-) 
  CSA_BLOCKS[1].RCA_C1/full_adder_loop[5].FA/g125__5115/Y -       A->Y  R     sky130_fd_sc_hd__nand2_4       1 10.1    52    56     957    (-,-) 
  CSA_BLOCKS[1].RCA_C1/full_adder_loop[5].FA/g123__6131/Y -       A->Y  F     sky130_fd_sc_hd__nand2_4       2 11.8    38    50    1007    (-,-) 
  CSA_BLOCKS[1].RCA_C1/full_adder_loop[6].FA/g125__2883/Y -       A->Y  R     sky130_fd_sc_hd__nand2_4       1 10.1    52    57    1064    (-,-) 
  CSA_BLOCKS[1].RCA_C1/full_adder_loop[6].FA/g123__9315/Y -       A->Y  F     sky130_fd_sc_hd__nand2_4       2 11.8    38    50    1114    (-,-) 
  CSA_BLOCKS[1].RCA_C1/full_adder_loop[7].FA/g125__2398/Y -       A->Y  R     sky130_fd_sc_hd__nand2_4       1 10.1    52    57    1170    (-,-) 
  CSA_BLOCKS[1].RCA_C1/full_adder_loop[7].FA/g123__6417/Y -       A->Y  F     sky130_fd_sc_hd__nand2_4       2 14.5    43    54    1225    (-,-) 
  g265/Y                                                  -       B->Y  R     sky130_fd_sc_hd__nand3_4       2  8.2    65    73    1298    (-,-) 
  g63/Y                                                   -       C->Y  F     sky130_fd_sc_hd__nand3_2       1  5.6    57    79    1376    (-,-) 
  g62/Y                                                   -       A->Y  R     sky130_fd_sc_hd__inv_2         2 15.3    77    85    1462    (-,-) 
  g60/Y                                                   -       A->Y  F     sky130_fd_sc_hd__nand2_4       1 20.1    58    70    1532    (-,-) 
  g107/Y                                                  -       A->Y  R     sky130_fd_sc_hd__clkinv_8     11 35.9    49    67    1599    (-,-) 
  g106/Y                                                  -       A->Y  F     sky130_fd_sc_hd__nand2_1       1  9.6    77    81    1680    (-,-) 
  g104/Y                                                  -       A->Y  R     sky130_fd_sc_hd__nand2_4       1 51.3   165   156    1836    (-,-) 
  S[30]                                                   <<<     -     R     (port)                         -    -     -     0    1836    (-,-) 
#------------------------------------------------------------------------------------------------------------------------------------------------

