============================================================
  Generated by:           Genus(TM) Synthesis Solution 23.12-s086_1
  Generated on:           Apr 07 2025  06:56:52 pm
  Module:                 carry_select_adder_68810_32bits
  Operating conditions:   tt_025C_1v80 
  Interconnect mode:      global
  Area mode:              physical library
============================================================

            Instance                         Module              Cell-Count  Cell-Area  Net-Area   Total-Area 
--------------------------------------------------------------------------------------------------------------
carry_select_adder_68810_32bits NA                                      580   4211.539  2839.171     7050.710 
  CSA_BLOCKS[1].RCA_C0          ripple_carry_adder_WIDTH8                65    526.755   218.157      744.912 
    F1A                         full_adder_32_225                         4     30.029    10.094       40.123 
    full_adder_loop[1].FA       full_adder_219                           11     83.830    37.157      120.988 
    full_adder_loop[2].FA       full_adder_218                            8     66.314    20.362       86.676 
    full_adder_loop[3].FA       full_adder_217                           11     75.072    32.197      107.269 
    full_adder_loop[4].FA       full_adder_216                            7     65.062    16.969       82.031 
    full_adder_loop[5].FA       full_adder_215                            8     68.816    22.016       90.832 
    full_adder_loop[6].FA       full_adder_214                            8     68.816    22.016       90.832 
    full_adder_loop[7].FA       full_adder_213                            8     68.816    22.016       90.832 
  CSA_BLOCKS[1].RCA_C1          ripple_carry_adder_WIDTH8_3_228          65    495.475   219.810      715.285 
    F1A                         full_adder_40_226                         4     20.019    10.094       30.113 
    full_adder_loop[1].FA       full_adder_203                            9     52.550    23.756       76.307 
    full_adder_loop[2].FA       full_adder_202                           11     77.574    37.157      114.732 
    full_adder_loop[3].FA       full_adder_201                           10     73.821    30.457      104.277 
    full_adder_loop[4].FA       full_adder_200                            7     65.062    16.969       82.031 
    full_adder_loop[5].FA       full_adder_199                            8     68.816    22.016       90.832 
    full_adder_loop[6].FA       full_adder_198                            8     68.816    22.016       90.832 
    full_adder_loop[7].FA       full_adder_197                            8     68.816    22.016       90.832 
  CSA_BLOCKS[2].RCA_C0          ripple_carry_adder_WIDTH8_227            63    489.219   214.850      704.069 
    F1A                         full_adder_32                             4     25.024     6.787       31.811 
    full_adder_loop[1].FA       full_adder_196                           11     86.333    37.157      123.490 
    full_adder_loop[2].FA       full_adder_195                           11     70.067    37.157      107.224 
    full_adder_loop[3].FA       full_adder_194                            9     66.314    23.756       90.070 
    full_adder_loop[4].FA       full_adder_193                            7     61.309    20.362       81.671 
    full_adder_loop[5].FA       full_adder_192                            7     50.048    16.969       67.017 
    full_adder_loop[6].FA       full_adder_191                            7     62.560    20.362       82.922 
    full_adder_loop[7].FA       full_adder_190                            7     67.565    16.969       84.534 
  CSA_BLOCKS[2].RCA_C1          ripple_carry_adder_WIDTH8_3              62    467.949   207.976      675.924 
    F1A                         full_adder_40                             4     22.522    10.094       32.616 
    full_adder_loop[1].FA       full_adder_189                           10     73.821    33.763      107.584 
    full_adder_loop[2].FA       full_adder_188                           11     67.565    37.157      104.722 
    full_adder_loop[3].FA       full_adder_187                            9     67.565    23.756       91.321 
    full_adder_loop[4].FA       full_adder_186                            7     60.058    16.969       77.026 
    full_adder_loop[5].FA       full_adder_185                            7     60.058    16.969       77.026 
    full_adder_loop[6].FA       full_adder_184                            7     60.058    16.969       77.026 
    full_adder_loop[7].FA       full_adder_183                            7     56.304    16.969       73.273 
  CSA_BLOCKS[3].RCA_C0          ripple_carry_adder_WIDTH10               63    461.693   214.676      676.369 
    F1A                         full_adder_14                             4     31.280    10.094       41.374 
    full_adder_loop[1].FA       full_adder_212                           10     56.304    33.763       90.067 
    full_adder_loop[2].FA       full_adder_211                            8     51.299    23.669       74.968 
    full_adder_loop[3].FA       full_adder_210                            6     46.294    13.575       59.869 
    full_adder_loop[4].FA       full_adder_209                            6     46.294    13.575       59.869 
    full_adder_loop[5].FA       full_adder_208                            6     43.792    13.575       57.367 
    full_adder_loop[6].FA       full_adder_207                            6     43.792    13.575       57.367 
    full_adder_loop[7].FA       full_adder_206                            6     47.546    16.969       64.514 
    full_adder_loop[8].FA       full_adder_205                            5     51.299    10.181       61.480 
    full_adder_loop[9].FA       full_adder_204                            6     43.792    18.622       62.414 
  CSA_BLOCKS[3].RCA_C1          ripple_carry_adder_WIDTH10_1             64    455.437   208.063      663.499 
    F1A                         full_adder_48                             4     22.522    10.094       32.616 
    full_adder_loop[1].FA       full_adder_182                           10     52.550    33.763       86.314 
    full_adder_loop[2].FA       full_adder_181                            7     45.043    16.969       62.012 
    full_adder_loop[3].FA       full_adder_180                            6     46.294    13.575       59.869 
    full_adder_loop[4].FA       full_adder_179                            7     50.048    16.969       67.017 
    full_adder_loop[5].FA       full_adder_178                            6     51.299    13.575       64.874 
    full_adder_loop[6].FA       full_adder_177                            7     60.058    16.969       77.026 
    full_adder_loop[7].FA       full_adder_176                            6     40.038    13.575       53.613 
    full_adder_loop[8].FA       full_adder_175                            6     42.541    13.575       56.116 
    full_adder_loop[9].FA       full_adder_174                            5     45.043    13.575       58.618 
  RCA_LSB                       ripple_carry_adder_WIDTH6                40    350.336   135.141      485.477 
    F1A                         full_adder                                8     53.802    28.629       82.431 
    full_adder_loop[1].FA       full_adder_224                           10     60.058    33.763       93.821 
    full_adder_loop[2].FA       full_adder_223                            6     56.304    13.575       69.879 
    full_adder_loop[3].FA       full_adder_222                            5     56.304    10.181       66.485 
    full_adder_loop[4].FA       full_adder_221                            6     57.555    13.575       71.130 
    full_adder_loop[5].FA       full_adder_220                            5     66.314    10.181       76.495 
