============================================================
  Generated by:           Genus(TM) Synthesis Solution 23.12-s086_1
  Generated on:           Apr 07 2025  06:56:52 pm
  Module:                 carry_select_adder_68810_32bits
  Operating conditions:   tt_025C_1v80 
  Interconnect mode:      global
  Area mode:              physical library
============================================================

Timing
-------
  Cost    Critical            Violating 
 Group   Path Slack    TNS      Paths   
----------------------------------------
default       -26.3   -271.2         11 
----------------------------------------
Total                 -271.2         11 

Instance Count
--------------
Leaf Instance Count             580 
Physical Instance count           0 
Sequential Instance Count         0 
Combinational Instance Count    580 
Hierarchical Instance Count      65 

Area
----
Cell Area                          4211.539
Physical Cell Area                 0.000
Total Cell Area (Cell+Physical)    4211.539
Net Area                           2839.171
Total Area (Cell+Physical+Net)     7050.710

Max Fanout                         11 (n_601)
Min Fanout                         1 (C0[3])
Average Fanout                     1.6
Terms to net ratio                 2.4631
Terms to instance ratio            2.7603
Runtime                            33.49766 seconds
Elapsed Runtime                    35 seconds
Genus peak memory usage            1901.49 
Innovus peak memory usage          no_value 
Hostname                           cadmicro-inf-el8-623207
