============================================================
  Generated by:           Genus(TM) Synthesis Solution 23.12-s086_1
  Generated on:           Apr 07 2025  04:59:15 pm
  Module:                 carry_increment_32bits
  Operating conditions:   tt_025C_1v80 
  Interconnect mode:      global
  Area mode:              physical library
============================================================

Timing
-------
  Cost    Critical         Violating 
 Group   Path Slack  TNS     Paths   
-------------------------------------
default         1.7   0.0          0 
-------------------------------------
Total                 0.0          0 

Instance Count
--------------
Leaf Instance Count             83 
Physical Instance count          0 
Sequential Instance Count        0 
Combinational Instance Count    83 
Hierarchical Instance Count     40 

Area
----
Cell Area                          1056.013
Physical Cell Area                 0.000
Total Cell Area (Cell+Physical)    1056.013
Net Area                           717.298
Total Area (Cell+Physical+Net)     1773.311

Max Fanout                         3 (n_102)
Min Fanout                         1 (C2[0])
Average Fanout                     1.1
Terms to net ratio                 1.5777
Terms to instance ratio            3.9157
Runtime                            12.820695 seconds
Elapsed Runtime                    14 seconds
Genus peak memory usage            1890.57 
Innovus peak memory usage          no_value 
Hostname                           cadmicro-inf-el8-623207
