============================================================
  Generated by:           Genus(TM) Synthesis Solution 23.12-s086_1
  Generated on:           Apr 07 2025  04:59:15 pm
  Module:                 carry_increment_32bits
  Operating conditions:   tt_025C_1v80 
  Interconnect mode:      global
  Area mode:              physical library
============================================================

         Instance                      Module              Cell-Count  Cell-Area  Net-Area   Total-Area 
--------------------------------------------------------------------------------------------------------
carry_increment_32bits    NA                                       83   1056.013   717.298     1773.311 
  RCA1                    ripple_carry_adder_WIDTH4                14    128.874    42.291      171.165 
    F1A                   full_adder                                6     33.782    15.228       49.011 
    full_adder_loop[1].FA full_adder_91                             3     28.778     3.394       32.171 
    full_adder_loop[2].FA full_adder_90                             4     32.531    10.181       42.712 
    full_adder_loop[3].FA full_adder_89                             1     33.782     0.000       33.782 
  RCAS[1].RCA2            ripple_carry_adder_WIDTH4_7_98            4     75.072    10.181       85.253 
    F1A                   full_adder_24_93                          1     15.014     0.000       15.014 
    full_adder_loop[1].FA full_adder_88                             1     20.019     0.000       20.019 
    full_adder_loop[2].FA full_adder_87                             1     20.019     0.000       20.019 
    full_adder_loop[3].FA full_adder_86                             1     20.019     0.000       20.019 
  RCAS[2].RCA2            ripple_carry_adder_WIDTH4_7_99            4     72.570    10.181       82.751 
    F1A                   full_adder_24_94                          1     12.512     0.000       12.512 
    full_adder_loop[1].FA full_adder_85                             1     20.019     0.000       20.019 
    full_adder_loop[2].FA full_adder_84                             1     20.019     0.000       20.019 
    full_adder_loop[3].FA full_adder_83                             1     20.019     0.000       20.019 
  RCAS[3].RCA2            ripple_carry_adder_WIDTH4_7_100           4     72.570    10.181       82.751 
    F1A                   full_adder_24_95                          1     12.512     0.000       12.512 
    full_adder_loop[1].FA full_adder_82                             1     20.019     0.000       20.019 
    full_adder_loop[2].FA full_adder_81                             1     20.019     0.000       20.019 
    full_adder_loop[3].FA full_adder_80                             1     20.019     0.000       20.019 
  RCAS[4].RCA2            ripple_carry_adder_WIDTH4_7_101           4     72.570    10.181       82.751 
    F1A                   full_adder_24_96                          1     12.512     0.000       12.512 
    full_adder_loop[1].FA full_adder_79                             1     20.019     0.000       20.019 
    full_adder_loop[2].FA full_adder_78                             1     20.019     0.000       20.019 
    full_adder_loop[3].FA full_adder_77                             1     20.019     0.000       20.019 
  RCAS[5].RCA2            ripple_carry_adder_WIDTH4_7_102           4     72.570    10.181       82.751 
    F1A                   full_adder_24_97                          1     12.512     0.000       12.512 
    full_adder_loop[1].FA full_adder_76                             1     20.019     0.000       20.019 
    full_adder_loop[2].FA full_adder_75                             1     20.019     0.000       20.019 
    full_adder_loop[3].FA full_adder_74                             1     20.019     0.000       20.019 
  RCAS[6].RCA2            ripple_carry_adder_WIDTH4_7_103           4     72.570    10.181       82.751 
    F1A                   full_adder_24                             1     12.512     0.000       12.512 
    full_adder_loop[1].FA full_adder_73                             1     20.019     0.000       20.019 
    full_adder_loop[2].FA full_adder_72                             1     20.019     0.000       20.019 
    full_adder_loop[3].FA full_adder_71                             1     20.019     0.000       20.019 
  RCAS[7].RCA2            ripple_carry_adder_WIDTH4_7               4     72.570    10.181       82.751 
    F1A                   full_adder_24_92                          1     12.512     0.000       12.512 
    full_adder_loop[1].FA full_adder_70                             1     20.019     0.000       20.019 
    full_adder_loop[2].FA full_adder_69                             1     20.019     0.000       20.019 
    full_adder_loop[3].FA full_adder_68                             1     20.019     0.000       20.019 
