============================================================
  Generated by:           Genus(TM) Synthesis Solution 23.12-s086_1
  Generated on:           Apr 07 2025  04:59:15 pm
  Module:                 carry_increment_32bits
  Operating conditions:   tt_025C_1v80 
  Interconnect mode:      global
  Area mode:              physical library
============================================================


Path 1: MET (2 ps) Path Delay Check
     Startpoint: (F) A[0]
       Endpoint: (F) Cout

                   Capture    Launch  
      Path Delay:+    8000         -  
      Drv Adjust:+       0         0  
         Arrival:=    8000            
                                      
   Required Time:=    8000            
       Data Path:-    7998            
           Slack:=       2            

Exceptions/Constraints:
  max_delay             8000            constraints.sdc_line_1 

#-------------------------------------------------------------------------------------------------------------------------------------
#               Timing Point                Flags     Arc    Edge           Cell             Fanout Load Trans Delay Arrival Instance 
#                                                                                                   (fF)  (ps)  (ps)   (ps)  Location 
#-------------------------------------------------------------------------------------------------------------------------------------
  A[0]                                      -       -        F     (arrival)                      1  4.2  1000     0       0    (-,-) 
  g278/Y                                    -       A->Y     R     sky130_fd_sc_hd__clkinv_1      1  5.9   190   226     226    (-,-) 
  g277/Y                                    -       A->Y     F     sky130_fd_sc_hd__inv_2         3 11.2    58    74     300    (-,-) 
  RCA1/F1A/g69__4319/Y                      -       A->Y     R     sky130_fd_sc_hd__nor2_1        1  3.9    97   115     415    (-,-) 
  RCA1/F1A/g65__2398/Y                      -       A2->Y    F     sky130_fd_sc_hd__o21ai_1       2  9.2   103   101     516    (-,-) 
  RCA1/full_adder_loop[1].FA/g2/X           -       A->X     F     sky130_fd_sc_hd__maj3_2        2  8.1    82   344     860    (-,-) 
  RCA1/full_adder_loop[2].FA/g63__7098/Y    -       B1->Y    R     sky130_fd_sc_hd__o21ai_1       1  3.8   218    94     954    (-,-) 
  RCA1/full_adder_loop[2].FA/g61__5122/Y    -       B->Y     F     sky130_fd_sc_hd__nand2b_1      1  3.6    61    89    1042    (-,-) 
  RCA1/full_adder_loop[3].FA/g61__1881/COUT -       CI->COUT F     sky130_fd_sc_hd__fah_1         1  4.1    66   252    1294    (-,-) 
  g553__7410/COUT                           -       B->COUT  F     sky130_fd_sc_hd__ha_1          1  4.1    49   190    1484    (-,-) 
  g552__1666/COUT                           -       B->COUT  F     sky130_fd_sc_hd__ha_1          1  4.1    49   182    1666    (-,-) 
  g551__2346/COUT                           -       B->COUT  F     sky130_fd_sc_hd__ha_1          1  4.1    49   182    1848    (-,-) 
  g550__2883/COUT                           -       B->COUT  F     sky130_fd_sc_hd__ha_1          1  2.7    42   173    2021    (-,-) 
  g549__9945/X                              -       B->X     F     sky130_fd_sc_hd__or2_0         1  4.1    64   203    2224    (-,-) 
  g548__9315/COUT                           -       B->COUT  F     sky130_fd_sc_hd__ha_1          1  4.1    49   189    2412    (-,-) 
  g547__6161/COUT                           -       B->COUT  F     sky130_fd_sc_hd__ha_1          1  4.1    49   182    2594    (-,-) 
  g546__4733/COUT                           -       B->COUT  F     sky130_fd_sc_hd__ha_1          1  4.1    49   182    2776    (-,-) 
  g545__7482/COUT                           -       B->COUT  F     sky130_fd_sc_hd__ha_1          1  2.7    42   173    2950    (-,-) 
  g544__5115/X                              -       B->X     F     sky130_fd_sc_hd__or2_0         1  4.1    64   203    3153    (-,-) 
  g543__1881/COUT                           -       B->COUT  F     sky130_fd_sc_hd__ha_1          1  4.1    49   189    3341    (-,-) 
  g542__6131/COUT                           -       B->COUT  F     sky130_fd_sc_hd__ha_1          1  4.1    49   182    3523    (-,-) 
  g541__7098/COUT                           -       B->COUT  F     sky130_fd_sc_hd__ha_1          1  4.1    49   182    3705    (-,-) 
  g540__8246/COUT                           -       B->COUT  F     sky130_fd_sc_hd__ha_1          1  2.7    42   173    3878    (-,-) 
  g539__5122/X                              -       B->X     F     sky130_fd_sc_hd__or2_0         1  4.1    64   203    4081    (-,-) 
  g538__1705/COUT                           -       B->COUT  F     sky130_fd_sc_hd__ha_1          1  4.1    49   189    4270    (-,-) 
  g537__2802/COUT                           -       B->COUT  F     sky130_fd_sc_hd__ha_1          1  4.1    49   182    4452    (-,-) 
  g536__1617/COUT                           -       B->COUT  F     sky130_fd_sc_hd__ha_1          1  4.1    49   182    4634    (-,-) 
  g535__3680/COUT                           -       B->COUT  F     sky130_fd_sc_hd__ha_1          1  2.7    42   173    4807    (-,-) 
  g534__6783/X                              -       B->X     F     sky130_fd_sc_hd__or2_0         1  4.1    64   203    5010    (-,-) 
  g533__5526/COUT                           -       B->COUT  F     sky130_fd_sc_hd__ha_1          1  4.1    49   189    5199    (-,-) 
  g532__8428/COUT                           -       B->COUT  F     sky130_fd_sc_hd__ha_1          1  4.1    49   182    5381    (-,-) 
  g531__4319/COUT                           -       B->COUT  F     sky130_fd_sc_hd__ha_1          1  4.1    49   182    5563    (-,-) 
  g530__6260/COUT                           -       B->COUT  F     sky130_fd_sc_hd__ha_1          1  2.7    42   173    5736    (-,-) 
  g529__5107/X                              -       B->X     F     sky130_fd_sc_hd__or2_0         1  4.1    64   203    5939    (-,-) 
  g528__2398/COUT                           -       B->COUT  F     sky130_fd_sc_hd__ha_1          1  4.1    49   189    6127    (-,-) 
  g527__5477/COUT                           -       B->COUT  F     sky130_fd_sc_hd__ha_1          1  4.1    49   182    6309    (-,-) 
  g526__6417/COUT                           -       B->COUT  F     sky130_fd_sc_hd__ha_1          1  4.1    49   182    6491    (-,-) 
  g525__7410/COUT                           -       B->COUT  F     sky130_fd_sc_hd__ha_1          1  2.7    42   173    6664    (-,-) 
  g524__1666/X                              -       B->X     F     sky130_fd_sc_hd__or2_0         1  4.1    64   203    6867    (-,-) 
  g523__2346/COUT                           -       B->COUT  F     sky130_fd_sc_hd__ha_1          1  4.1    49   189    7056    (-,-) 
  g522__2883/COUT                           -       B->COUT  F     sky130_fd_sc_hd__ha_1          1  4.1    49   182    7238    (-,-) 
  g521__9945/COUT                           -       B->COUT  F     sky130_fd_sc_hd__ha_1          1  4.1    49   182    7420    (-,-) 
  g520__9315/COUT                           -       B->COUT  F     sky130_fd_sc_hd__ha_1          1  2.6    42   172    7592    (-,-) 
  g519__6161/X                              -       B->X     F     sky130_fd_sc_hd__or2_2         1 51.3   168   406    7998    (-,-) 
  Cout                                      -       -        F     (port)                         -    -     -     0    7998    (-,-) 
#-------------------------------------------------------------------------------------------------------------------------------------

