============================================================
  Generated by:           Genus(TM) Synthesis Solution 23.12-s086_1
  Generated on:           Apr 07 2025  05:00:49 pm
  Module:                 carry_increment_32bits
  Operating conditions:   tt_025C_1v80 
  Interconnect mode:      global
  Area mode:              physical library
============================================================

         Instance                      Module              Cell-Count  Cell-Area  Net-Area   Total-Area 
--------------------------------------------------------------------------------------------------------
carry_increment_32bits    NA                                      444   3072.947  2345.511     5418.459 
  RCA1                    ripple_carry_adder_WIDTH4                30    225.216    98.157      323.373 
    F1A                   full_adder                                6     43.792    15.228       59.020 
    full_adder_loop[1].FA full_adder_91                            11     66.314    37.244      103.558 
    full_adder_loop[2].FA full_adder_90                             7     56.304    16.969       73.273 
    full_adder_loop[3].FA full_adder_89                             6     58.806    13.575       72.381 
  RCAS[1].RCA2            ripple_carry_adder_WIDTH4_7_98           23    141.386    87.628      229.014 
    F1A                   full_adder_24_93                          4     16.266    10.094       26.360 
    full_adder_loop[1].FA full_adder_88                             5     36.285    10.181       46.466 
    full_adder_loop[2].FA full_adder_87                             8     45.043    28.629       73.672 
    full_adder_loop[3].FA full_adder_86                             6     43.792    18.622       62.414 
  RCAS[2].RCA2            ripple_carry_adder_WIDTH4_7_99           24    178.922    86.062      264.983 
    F1A                   full_adder_24_94                          5     23.773    13.488       37.261 
    full_adder_loop[1].FA full_adder_85                             7     68.816    18.622       87.438 
    full_adder_loop[2].FA full_adder_84                             7     43.792    20.275       64.067 
    full_adder_loop[3].FA full_adder_83                             5     42.541    15.228       57.769 
  RCAS[3].RCA2            ripple_carry_adder_WIDTH4_7_100          25    168.912    91.109      260.021 
    F1A                   full_adder_24_95                          5     23.773    13.488       37.261 
    full_adder_loop[1].FA full_adder_82                             8     47.546    26.976       74.522 
    full_adder_loop[2].FA full_adder_81                             6     47.546    13.575       61.121 
    full_adder_loop[3].FA full_adder_80                             6     50.048    18.622       68.670 
  RCAS[4].RCA2            ripple_carry_adder_WIDTH4_7_101          27    175.168    89.543      264.711 
    F1A                   full_adder_24_96                          4     22.522     6.787       29.309 
    full_adder_loop[1].FA full_adder_79                             6     51.299    13.575       64.874 
    full_adder_loop[2].FA full_adder_78                             7     53.802    23.582       77.384 
    full_adder_loop[3].FA full_adder_77                            10     47.546    28.803       76.349 
  RCAS[5].RCA2            ripple_carry_adder_WIDTH4_7_102          28    226.467   107.904      334.371 
    F1A                   full_adder_24_97                          6     41.290    20.188       61.478 
    full_adder_loop[1].FA full_adder_76                             8     47.546    26.976       74.522 
    full_adder_loop[2].FA full_adder_75                             8     62.560    25.323       87.883 
    full_adder_loop[3].FA full_adder_74                             6     75.072    18.622       93.694 
  RCAS[6].RCA2            ripple_carry_adder_WIDTH4_7_103          27    187.680    94.503      282.183 
    F1A                   full_adder_24                             4     25.024     6.787       31.811 
    full_adder_loop[1].FA full_adder_73                             8     63.811    23.669       87.480 
    full_adder_loop[2].FA full_adder_72                            10     52.550    32.110       84.660 
    full_adder_loop[3].FA full_adder_71                             5     46.294    11.835       58.129 
  RCAS[7].RCA2            ripple_carry_adder_WIDTH4_7              16    116.362    60.652      177.014 
    F1A                   full_adder_24_92                          4     22.522    13.401       35.923 
    full_adder_loop[1].FA full_adder_70                             7     41.290    23.582       64.872 
    full_adder_loop[2].FA full_adder_69                             4     32.531    10.181       42.712 
    full_adder_loop[3].FA full_adder_68                             1     20.019     0.000       20.019 
