###############################################################
#  Generated by:      Cadence Innovus 23.32-s091_1
#  OS:                Linux x86_64(Host ID cadmicro-inf-el8-623207)
#  Generated on:      Thu Apr  3 15:05:19 2025
#  Design:            carry_select_adder_461012_32bits
#  Command:           report_timing > reports/report_timing.rpt
###############################################################
Path 1: MET Path Delay Check
Endpoint:   S[24] (v)
Beginpoint: B[10] (v) triggered by  leading edge of '@'
Path Groups: {default}
Analysis View: default_emulate_view
- External Delay                0.000
+ Path Delay                  200.000
= Required Time               200.000
- Arrival Time                  5.805
= Slack Time                  194.195
     Clock Rise Edge                      0.000
     + Input Delay                        0.000
     = Beginpoint Arrival Time            0.000
     +------------------------------------------------------------------------------------------------------------------------------+ 
     |                      Instance                      |       Arc       |           Cell           | Delay | Arrival | Required | 
     |                                                    |                 |                          |       |  Time   |   Time   | 
     |----------------------------------------------------+-----------------+--------------------------+-------+---------+----------| 
     |                                                    | B[10] v         |                          |       |  -0.000 |  194.195 | 
     | CSA_BLOCKS[2].RCA_C0/F1A/g28__7098                 | A v -> COUT v   | sky130_fd_sc_hd__ha_1    | 0.614 |   0.614 |  194.809 | 
     | CSA_BLOCKS[2].RCA_C0/full_adder_loop[1].FA/g65__61 | A v -> COUT v   | sky130_fd_sc_hd__fa_1    | 0.454 |   1.069 |  195.264 | 
     | 31                                                 |                 |                          |       |         |          | 
     | CSA_BLOCKS[2].RCA_C0/full_adder_loop[2].FA/g65__18 | CIN v -> COUT v | sky130_fd_sc_hd__fa_1    | 0.405 |   1.474 |  195.669 | 
     | 81                                                 |                 |                          |       |         |          | 
     | CSA_BLOCKS[2].RCA_C0/full_adder_loop[3].FA/g65__51 | CIN v -> COUT v | sky130_fd_sc_hd__fa_1    | 0.395 |   1.869 |  196.064 | 
     | 15                                                 |                 |                          |       |         |          | 
     | CSA_BLOCKS[2].RCA_C0/full_adder_loop[4].FA/g65__74 | CIN v -> COUT v | sky130_fd_sc_hd__fa_1    | 0.398 |   2.267 |  196.462 | 
     | 82                                                 |                 |                          |       |         |          | 
     | CSA_BLOCKS[2].RCA_C0/full_adder_loop[5].FA/g65__47 | CIN v -> COUT v | sky130_fd_sc_hd__fa_1    | 0.397 |   2.664 |  196.859 | 
     | 33                                                 |                 |                          |       |         |          | 
     | CSA_BLOCKS[2].RCA_C0/full_adder_loop[6].FA/g65__61 | CIN v -> COUT v | sky130_fd_sc_hd__fa_1    | 0.405 |   3.068 |  197.263 | 
     | 61                                                 |                 |                          |       |         |          | 
     | CSA_BLOCKS[2].RCA_C0/full_adder_loop[7].FA/g65__93 | CIN v -> COUT v | sky130_fd_sc_hd__fa_1    | 0.413 |   3.482 |  197.677 | 
     | 15                                                 |                 |                          |       |         |          | 
     | CSA_BLOCKS[2].RCA_C0/full_adder_loop[8].FA/g65__99 | CIN v -> COUT v | sky130_fd_sc_hd__fa_1    | 0.408 |   3.889 |  198.084 | 
     | 45                                                 |                 |                          |       |         |          | 
     | CSA_BLOCKS[2].RCA_C0/full_adder_loop[9].FA/g65__28 | CIN v -> COUT v | sky130_fd_sc_hd__fa_1    | 0.378 |   4.267 |  198.462 | 
     | 83                                                 |                 |                          |       |         |          | 
     | g575__1666                                         | A1 v -> Y ^     | sky130_fd_sc_hd__mux2i_1 | 0.960 |   5.227 |  199.422 | 
     | g566__1881                                         | S ^ -> X v      | sky130_fd_sc_hd__mux2_2  | 0.577 |   5.804 |  199.999 | 
     |                                                    | S[24] v         |                          | 0.001 |   5.805 |  200.000 | 
     +------------------------------------------------------------------------------------------------------------------------------+ 

