============================================================
  Generated by:           Genus(TM) Synthesis Solution 23.12-s086_1
  Generated on:           Apr 07 2025  06:10:38 pm
  Module:                 carry_select_adder_46814_32bits
  Operating conditions:   tt_025C_1v80 
  Interconnect mode:      global
  Area mode:              physical library
============================================================

            Instance                       Module             Cell-Count  Cell-Area  Net-Area   Total-Area 
-----------------------------------------------------------------------------------------------------------
carry_select_adder_46814_32bits NA                                   640   4305.379  3035.747     7341.126 
  CSA_BLOCKS[1].RCA_C0          ripple_carry_adder_WIDTH6             50    250.240   172.385      422.625 
    F1A                         full_adder_4                           4     20.019    10.094       30.113 
    full_adder_loop[1].FA       full_adder_227                        11     51.299    37.157       88.456 
    full_adder_loop[2].FA       full_adder_226                        11     51.299    37.157       88.456 
    full_adder_loop[3].FA       full_adder_225                         9     46.294    23.756       70.051 
    full_adder_loop[4].FA       full_adder_224                         8     42.541    22.016       64.557 
    full_adder_loop[5].FA       full_adder_223                         7     38.787    16.969       55.756 
  CSA_BLOCKS[1].RCA_C1          ripple_carry_adder_WIDTH6_1           50    256.496   172.385      428.881 
    F1A                         full_adder_46_233                      4     20.019    10.094       30.113 
    full_adder_loop[1].FA       full_adder_202                        11     51.299    37.157       88.456 
    full_adder_loop[2].FA       full_adder_201                        11     57.555    37.157       94.712 
    full_adder_loop[3].FA       full_adder_200                         9     46.294    23.756       70.051 
    full_adder_loop[4].FA       full_adder_199                         7     38.787    16.969       55.756 
    full_adder_loop[5].FA       full_adder_198                         8     42.541    22.016       64.557 
  CSA_BLOCKS[2].RCA_C0          ripple_carry_adder_WIDTH8             65    361.597   221.463      583.060 
    F1A                         full_adder_4_232                       4     20.019    10.094       30.113 
    full_adder_loop[1].FA       full_adder_222                        11     51.299    37.157       88.456 
    full_adder_loop[2].FA       full_adder_221                        11     56.304    37.157       93.461 
    full_adder_loop[3].FA       full_adder_220                         9     51.299    23.756       75.055 
    full_adder_loop[4].FA       full_adder_219                         7     43.792    16.969       60.761 
    full_adder_loop[5].FA       full_adder_218                         7     43.792    16.969       60.761 
    full_adder_loop[6].FA       full_adder_217                         7     43.792    16.969       60.761 
    full_adder_loop[7].FA       full_adder_216                         9     51.299    27.063       78.362 
  CSA_BLOCKS[2].RCA_C1          ripple_carry_adder_WIDTH8_1           65    374.109   218.157      592.266 
    F1A                         full_adder_46_234                      4     20.019    10.094       30.113 
    full_adder_loop[1].FA       full_adder_197                        11     56.304    37.157       93.461 
    full_adder_loop[2].FA       full_adder_196                        11     58.806    37.157       95.964 
    full_adder_loop[3].FA       full_adder_195                        11     57.555    30.544       88.099 
    full_adder_loop[4].FA       full_adder_194                         7     47.546    16.969       64.514 
    full_adder_loop[5].FA       full_adder_193                         7     47.546    16.969       64.514 
    full_adder_loop[6].FA       full_adder_192                         7     45.043    16.969       62.012 
    full_adder_loop[7].FA       full_adder_191                         7     41.290    16.969       58.258 
  CSA_BLOCKS[3].RCA_C0          ripple_carry_adder_WIDTH14           114    959.670   393.848     1353.519 
    F1A                         full_adder_4_231                       4     26.275    10.094       36.369 
    full_adder_loop[10].FA      full_adder_206                         7     81.328    16.969       98.297 
    full_adder_loop[11].FA      full_adder_205                         7     72.570    16.969       89.538 
    full_adder_loop[12].FA      full_adder_204                         6     60.058    15.228       75.286 
    full_adder_loop[13].FA      full_adder_203                        10     61.309    28.803       90.112 
    full_adder_loop[1].FA       full_adder_215                        11     80.077    37.157      117.234 
    full_adder_loop[2].FA       full_adder_214                        11     77.574    37.157      114.732 
    full_adder_loop[3].FA       full_adder_213                         9     73.821    23.756       97.577 
    full_adder_loop[4].FA       full_adder_212                         8     68.816    22.016       90.832 
    full_adder_loop[5].FA       full_adder_211                         9     72.570    27.063       99.633 
    full_adder_loop[6].FA       full_adder_210                         8     68.816    22.016       90.832 
    full_adder_loop[7].FA       full_adder_209                         8     68.816    22.016       90.832 
    full_adder_loop[8].FA       full_adder_208                         8     68.816    22.016       90.832 
    full_adder_loop[9].FA       full_adder_207                         8     78.826    23.669      102.495 
  CSA_BLOCKS[3].RCA_C1          ripple_carry_adder_WIDTH14_1         119    968.429   410.817     1379.246 
    F1A                         full_adder_46                          6     42.541    16.882       59.422 
    full_adder_loop[10].FA      full_adder_181                         7     76.323    16.969       93.292 
    full_adder_loop[11].FA      full_adder_180                         7     71.318    16.969       88.287 
    full_adder_loop[12].FA      full_adder_179                         6     60.058    13.575       73.633 
    full_adder_loop[13].FA      full_adder_178                        10     61.309    28.803       90.112 
    full_adder_loop[1].FA       full_adder_190                        11     78.826    37.157      115.983 
    full_adder_loop[2].FA       full_adder_189                        11     77.574    37.157      114.732 
    full_adder_loop[3].FA       full_adder_188                         9     72.570    23.756       96.326 
    full_adder_loop[4].FA       full_adder_187                         8     68.816    22.016       90.832 
    full_adder_loop[5].FA       full_adder_186                         9     72.570    27.063       99.633 
    full_adder_loop[6].FA       full_adder_185                         9     72.570    27.063       99.633 
    full_adder_loop[7].FA       full_adder_184                         9     72.570    27.063       99.633 
    full_adder_loop[8].FA       full_adder_183                         9     72.570    27.063       99.633 
    full_adder_loop[9].FA       full_adder_182                         8     68.816    22.016       90.832 
  RCA_LSB                       ripple_carry_adder_WIDTH4             28    177.670    86.323      263.993 
    F1A                         full_adder                             9     45.043    27.063       72.106 
    full_adder_loop[1].FA       full_adder_230                         6     40.038    13.575       53.613 
    full_adder_loop[2].FA       full_adder_229                         7     47.546    16.969       64.514 
    full_adder_loop[3].FA       full_adder_228                         6     45.043    13.575       58.618 
