============================================================
  Generated by:           Genus(TM) Synthesis Solution 23.12-s086_1
  Generated on:           Apr 07 2025  06:10:38 pm
  Module:                 carry_select_adder_46814_32bits
  Operating conditions:   tt_025C_1v80 
  Interconnect mode:      global
  Area mode:              physical library
============================================================

Timing
-------
  Cost    Critical            Violating 
 Group   Path Slack    TNS      Paths   
----------------------------------------
default      -217.6   -966.9         14 
----------------------------------------
Total                 -966.9         14 

Instance Count
--------------
Leaf Instance Count             640 
Physical Instance count           0 
Sequential Instance Count         0 
Combinational Instance Count    640 
Hierarchical Instance Count      67 

Area
----
Cell Area                          4305.379
Physical Cell Area                 0.000
Total Cell Area (Cell+Physical)    4305.379
Net Area                           3035.747
Total Area (Cell+Physical+Net)     7341.126

Max Fanout                         12 (n_763)
Min Fanout                         1 (C0[1])
Average Fanout                     1.6
Terms to net ratio                 2.4184
Terms to instance ratio            2.6641
Runtime                            30.515051 seconds
Elapsed Runtime                    33 seconds
Genus peak memory usage            1900.58 
Innovus peak memory usage          no_value 
Hostname                           cadmicro-inf-el8-623207
