============================================================
  Generated by:           Genus(TM) Synthesis Solution 23.12-s086_1
  Generated on:           Apr 07 2025  06:00:40 pm
  Module:                 carry_select_adder_46688_32bits
  Operating conditions:   tt_025C_1v80 
  Interconnect mode:      global
  Area mode:              physical library
============================================================


Path 1: VIOLATED (-38 ps) Path Delay Check
     Startpoint: (F) A[17]
       Endpoint: (F) S[31]

                   Capture    Launch  
      Path Delay:+    1700         -  
      Drv Adjust:+       0         0  
         Arrival:=    1700            
                                      
   Required Time:=    1700            
       Data Path:-    1738            
           Slack:=     -38            

Exceptions/Constraints:
  max_delay             1700            constraints.sdc_line_1 

#------------------------------------------------------------------------------------------------------------------------------------------------
#                      Timing Point                       Flags   Arc   Edge           Cell             Fanout Load Trans Delay Arrival Instance 
#                                                                                                              (fF)  (ps)  (ps)   (ps)  Location 
#------------------------------------------------------------------------------------------------------------------------------------------------
  A[17]                                                   -       -     F     (arrival)                      2  5.9  1000     0       0    (-,-) 
  g8857_dup/X                                             -       A->X  F     sky130_fd_sc_hd__clkbuf_1      1  6.1    64   328     328    (-,-) 
  CSA_BLOCKS[3].RCA_C1/full_adder_loop[1].FA/g199/Y       -       A->Y  R     sky130_fd_sc_hd__clkinv_2      2 11.1    49    67     395    (-,-) 
  CSA_BLOCKS[3].RCA_C1/full_adder_loop[1].FA/g183__202/Y  -       B->Y  F     sky130_fd_sc_hd__nand2_2       1  9.7    49    64     459    (-,-) 
  CSA_BLOCKS[3].RCA_C1/full_adder_loop[1].FA/g181__201/Y  -       B->Y  R     sky130_fd_sc_hd__nand2_4       1 10.1    52    71     531    (-,-) 
  CSA_BLOCKS[3].RCA_C1/full_adder_loop[1].FA/g179__5107/Y -       A->Y  F     sky130_fd_sc_hd__nand2_4       2 11.8    38    50     581    (-,-) 
  CSA_BLOCKS[3].RCA_C1/full_adder_loop[2].FA/g124__2802/Y -       A->Y  R     sky130_fd_sc_hd__nand2_4       1 10.1    52    56     637    (-,-) 
  CSA_BLOCKS[3].RCA_C1/full_adder_loop[2].FA/g122__3680/Y -       A->Y  F     sky130_fd_sc_hd__nand2_4       2 11.8    38    50     688    (-,-) 
  CSA_BLOCKS[3].RCA_C1/full_adder_loop[3].FA/g124__1881/Y -       A->Y  R     sky130_fd_sc_hd__nand2_4       1 10.1    52    56     744    (-,-) 
  CSA_BLOCKS[3].RCA_C1/full_adder_loop[3].FA/g122__7098/Y -       A->Y  F     sky130_fd_sc_hd__nand2_4       2 11.8    44    50     794    (-,-) 
  CSA_BLOCKS[3].RCA_C1/full_adder_loop[4].FA/g124__9945/Y -       A->Y  R     sky130_fd_sc_hd__nand2_4       1 10.1    52    59     853    (-,-) 
  CSA_BLOCKS[3].RCA_C1/full_adder_loop[4].FA/g122__6161/Y -       A->Y  F     sky130_fd_sc_hd__nand2_4       2 11.8    38    50     904    (-,-) 
  CSA_BLOCKS[3].RCA_C1/full_adder_loop[5].FA/g124__5477/Y -       A->Y  R     sky130_fd_sc_hd__nand2_4       1 10.1    52    56     960    (-,-) 
  CSA_BLOCKS[3].RCA_C1/full_adder_loop[5].FA/g122__7410/Y -       A->Y  F     sky130_fd_sc_hd__nand2_4       2 11.8    38    50    1010    (-,-) 
  CSA_BLOCKS[3].RCA_C1/full_adder_loop[6].FA/g121__5526/Y -       A->Y  R     sky130_fd_sc_hd__nand2_4       1 10.1    52    56    1067    (-,-) 
  CSA_BLOCKS[3].RCA_C1/full_adder_loop[6].FA/g119__4319/Y -       A->Y  F     sky130_fd_sc_hd__nand2_4       2 11.8    38    50    1117    (-,-) 
  CSA_BLOCKS[3].RCA_C1/full_adder_loop[7].FA/g122__5122/Y -       A->Y  R     sky130_fd_sc_hd__nand2_4       1 10.1    52    56    1174    (-,-) 
  CSA_BLOCKS[3].RCA_C1/full_adder_loop[7].FA/g120__2802/Y -       A->Y  F     sky130_fd_sc_hd__nand2_4       3 13.2    41    52    1226    (-,-) 
  fopt12655/X                                             -       A->X  F     sky130_fd_sc_hd__clkbuf_2      1  9.6    47   118    1344    (-,-) 
  g206/Y                                                  -       A->Y  R     sky130_fd_sc_hd__nand2_4       2 22.4    86    86    1430    (-,-) 
  g203/Y                                                  -       B->Y  F     sky130_fd_sc_hd__nand2_8       9 44.8    76    88    1518    (-,-) 
  g14/Y                                                   -       A->Y  R     sky130_fd_sc_hd__nand2_2       1 19.4   118   120    1637    (-,-) 
  g31/Y                                                   -       B->Y  F     sky130_fd_sc_hd__nand2_8       1 51.3    83   100    1738    (-,-) 
  S[31]                                                   <<<     -     F     (port)                         -    -     -     0    1738    (-,-) 
#------------------------------------------------------------------------------------------------------------------------------------------------

