============================================================
  Generated by:           Genus(TM) Synthesis Solution 23.12-s086_1
  Generated on:           Apr 07 2025  06:00:40 pm
  Module:                 carry_select_adder_46688_32bits
  Operating conditions:   tt_025C_1v80 
  Interconnect mode:      global
  Area mode:              physical library
============================================================

Timing
-------
  Cost    Critical            Violating 
 Group   Path Slack    TNS      Paths   
----------------------------------------
default       -38.0   -336.8         10 
----------------------------------------
Total                 -336.8         10 

Instance Count
--------------
Leaf Instance Count             645 
Physical Instance count           0 
Sequential Instance Count         0 
Combinational Instance Count    645 
Hierarchical Instance Count      69 

Area
----
Cell Area                          4459.277
Physical Cell Area                 0.000
Total Cell Area (Cell+Physical)    4459.277
Net Area                           3086.566
Total Area (Cell+Physical+Net)     7545.843

Max Fanout                         9 (n_733)
Min Fanout                         1 (C0[1])
Average Fanout                     1.5
Terms to net ratio                 2.4200
Terms to instance ratio            2.6977
Runtime                            39.494357 seconds
Elapsed Runtime                    40 seconds
Genus peak memory usage            1901.02 
Innovus peak memory usage          no_value 
Hostname                           cadmicro-inf-el8-623207
