============================================================
  Generated by:           Genus(TM) Synthesis Solution 23.12-s086_1
  Generated on:           Apr 07 2025  06:00:40 pm
  Module:                 carry_select_adder_46688_32bits
  Operating conditions:   tt_025C_1v80 
  Interconnect mode:      global
  Area mode:              physical library
============================================================

            Instance                         Module              Cell-Count  Cell-Area  Net-Area   Total-Area 
--------------------------------------------------------------------------------------------------------------
carry_select_adder_46688_32bits NA                                      645   4459.277  3086.566     7545.843 
  CSA_BLOCKS[1].RCA_C0          ripple_carry_adder_WIDTH6                52    307.795   177.519      485.314 
    F1A                         full_adder_24_245                         6     30.029    16.882       46.910 
    full_adder_loop[1].FA       full_adder_239                           12     67.565    40.551      108.116 
    full_adder_loop[2].FA       full_adder_238                           11     58.806    37.157       95.964 
    full_adder_loop[3].FA       full_adder_237                            9     51.299    23.756       75.055 
    full_adder_loop[4].FA       full_adder_236                            7     50.048    16.969       67.017 
    full_adder_loop[5].FA       full_adder_235                            7     50.048    16.969       67.017 
  CSA_BLOCKS[1].RCA_C1          ripple_carry_adder_WIDTH6_3_250          51    354.090   174.125      528.215 
    F1A                         full_adder_52_246                         6     30.029    16.882       46.910 
    full_adder_loop[1].FA       full_adder_227                           11     73.821    37.157      110.978 
    full_adder_loop[2].FA       full_adder_226                           11     70.067    37.157      107.224 
    full_adder_loop[3].FA       full_adder_225                            9     65.062    23.756       88.819 
    full_adder_loop[4].FA       full_adder_224                            7     60.058    16.969       77.026 
    full_adder_loop[5].FA       full_adder_223                            7     55.053    16.969       72.022 
  CSA_BLOCKS[2].RCA_C0          ripple_carry_adder_WIDTH6_249            40    289.027   133.574      422.601 
    F1A                         full_adder_24                             4     22.522    10.094       32.616 
    full_adder_loop[1].FA       full_adder_222                           10     52.550    33.763       86.314 
    full_adder_loop[2].FA       full_adder_221                            8     53.802    20.362       74.164 
    full_adder_loop[3].FA       full_adder_220                            6     52.550    13.575       66.125 
    full_adder_loop[4].FA       full_adder_219                            5     52.550    13.575       66.125 
    full_adder_loop[5].FA       full_adder_218                            7     55.053    16.969       72.022 
  CSA_BLOCKS[2].RCA_C1          ripple_carry_adder_WIDTH6_3              42    270.259   136.968      407.227 
    F1A                         full_adder_52_247                         4     22.522    10.094       32.616 
    full_adder_loop[1].FA       full_adder_217                           10     52.550    33.763       86.314 
    full_adder_loop[2].FA       full_adder_216                            8     48.797    20.362       69.159 
    full_adder_loop[3].FA       full_adder_215                            6     42.541    13.575       56.116 
    full_adder_loop[4].FA       full_adder_214                            7     50.048    16.969       67.017 
    full_adder_loop[5].FA       full_adder_213                            7     53.802    16.969       70.770 
  CSA_BLOCKS[3].RCA_C0          ripple_carry_adder_WIDTH8                67    543.021   234.951      777.972 
    F1A                         full_adder_24_243                         4     30.029    10.094       40.123 
    full_adder_loop[1].FA       full_adder_234                           12     91.338    40.551      131.888 
    full_adder_loop[2].FA       full_adder_233                           11     70.067    37.157      107.224 
    full_adder_loop[3].FA       full_adder_232                            9     66.314    23.756       90.070 
    full_adder_loop[4].FA       full_adder_231                            7     65.062    16.969       82.031 
    full_adder_loop[5].FA       full_adder_230                            9     72.570    27.063       99.633 
    full_adder_loop[6].FA       full_adder_229                            8     78.826    23.669      102.495 
    full_adder_loop[7].FA       full_adder_228                            7     68.816    20.362       89.178 
  CSA_BLOCKS[3].RCA_C1          ripple_carry_adder_WIDTH8_3_252          65    525.504   221.463      746.967 
    F1A                         full_adder_52_248                         4     25.024    10.094       35.118 
    full_adder_loop[1].FA       full_adder_212                           11     80.077    37.157      117.234 
    full_adder_loop[2].FA       full_adder_211                           11     77.574    37.157      114.732 
    full_adder_loop[3].FA       full_adder_210                            9     66.314    23.756       90.070 
    full_adder_loop[4].FA       full_adder_209                            7     65.062    16.969       82.031 
    full_adder_loop[5].FA       full_adder_208                            8     68.816    22.016       90.832 
    full_adder_loop[6].FA       full_adder_207                            8     68.816    22.016       90.832 
    full_adder_loop[7].FA       full_adder_206                            7     73.821    16.969       90.790 
  CSA_BLOCKS[4].RCA_C0          ripple_carry_adder_WIDTH8_251            47    365.350   162.378      527.728 
    F1A                         full_adder_24_244                         4     26.275    10.094       36.369 
    full_adder_loop[1].FA       full_adder_205                           10     56.304    33.763       90.067 
    full_adder_loop[2].FA       full_adder_204                            8     45.043    20.362       65.406 
    full_adder_loop[3].FA       full_adder_203                            7     53.802    16.969       70.770 
    full_adder_loop[4].FA       full_adder_202                            5     46.294    13.575       59.869 
    full_adder_loop[5].FA       full_adder_201                            6     58.806    16.969       75.775 
    full_adder_loop[6].FA       full_adder_200                            6     45.043    16.969       62.012 
    full_adder_loop[7].FA       full_adder_199                            1     33.782     0.000       33.782 
  CSA_BLOCKS[4].RCA_C1          ripple_carry_adder_WIDTH8_3              48    379.114   162.378      541.491 
    F1A                         full_adder_52                             6     37.536    16.882       54.418 
    full_adder_loop[1].FA       full_adder_198                            9     60.058    30.370       90.427 
    full_adder_loop[2].FA       full_adder_197                            7     45.043    16.969       62.012 
    full_adder_loop[3].FA       full_adder_196                            7     51.299    16.969       68.268 
    full_adder_loop[4].FA       full_adder_195                            5     51.299    13.575       64.874 
    full_adder_loop[5].FA       full_adder_194                            6     57.555    16.969       74.524 
    full_adder_loop[6].FA       full_adder_193                            7     42.541    16.969       59.510 
    full_adder_loop[7].FA       full_adder_192                            1     33.782     0.000       33.782 
  RCA_LSB                       ripple_carry_adder_WIDTH4                27    200.192    81.276      281.468 
    F1A                         full_adder                                7     46.294    18.622       64.916 
    full_adder_loop[1].FA       full_adder_242                            9     48.797    23.756       72.553 
    full_adder_loop[2].FA       full_adder_241                            6     40.038    13.575       53.613 
    full_adder_loop[3].FA       full_adder_240                            5     65.062    10.181       75.244 
