###############################################################
#  Generated by:      Cadence Innovus 23.32-s091_1
#  OS:                Linux x86_64(Host ID cadmicro-inf-el8-623207)
#  Generated on:      Thu Apr  3 15:00:20 2025
#  Design:            carry_select_adder_46814_32bits
#  Command:           report_timing > reports/report_timing.rpt
###############################################################
Path 1: MET Path Delay Check
Endpoint:   S[31] (v)
Beginpoint: B[18] (v) triggered by  leading edge of '@'
Path Groups: {default}
Analysis View: default_emulate_view
- External Delay                0.000
+ Path Delay                  200.000
= Required Time               200.000
- Arrival Time                  6.368
= Slack Time                  193.632
     Clock Rise Edge                      0.000
     + Input Delay                        0.000
     = Beginpoint Arrival Time            0.000
     +-----------------------------------------------------------------------------------------------------------------------------+ 
     |                      Instance                      |       Arc       |          Cell           | Delay | Arrival | Required | 
     |                                                    |                 |                         |       |  Time   |   Time   | 
     |----------------------------------------------------+-----------------+-------------------------+-------+---------+----------| 
     |                                                    | B[18] v         |                         |       |  -0.000 |  193.632 | 
     | CSA_BLOCKS[3].RCA_C0/F1A/g28__6260                 | A v -> COUT v   | sky130_fd_sc_hd__ha_1   | 0.622 |   0.622 |  194.254 | 
     | CSA_BLOCKS[3].RCA_C0/full_adder_loop[1].FA/g65__43 | A v -> COUT v   | sky130_fd_sc_hd__fa_1   | 0.452 |   1.074 |  194.706 | 
     | 19                                                 |                 |                         |       |         |          | 
     | CSA_BLOCKS[3].RCA_C0/full_adder_loop[2].FA/g65__84 | CIN v -> COUT v | sky130_fd_sc_hd__fa_1   | 0.392 |   1.466 |  195.098 | 
     | 28                                                 |                 |                         |       |         |          | 
     | CSA_BLOCKS[3].RCA_C0/full_adder_loop[3].FA/g65__55 | CIN v -> COUT v | sky130_fd_sc_hd__fa_1   | 0.389 |   1.855 |  195.486 | 
     | 26                                                 |                 |                         |       |         |          | 
     | CSA_BLOCKS[3].RCA_C0/full_adder_loop[4].FA/g65__67 | CIN v -> COUT v | sky130_fd_sc_hd__fa_1   | 0.407 |   2.262 |  195.894 | 
     | 83                                                 |                 |                         |       |         |          | 
     | CSA_BLOCKS[3].RCA_C0/full_adder_loop[5].FA/g65__36 | CIN v -> COUT v | sky130_fd_sc_hd__fa_1   | 0.414 |   2.676 |  196.308 | 
     | 80                                                 |                 |                         |       |         |          | 
     | CSA_BLOCKS[3].RCA_C0/full_adder_loop[6].FA/g65__16 | CIN v -> COUT v | sky130_fd_sc_hd__fa_1   | 0.401 |   3.077 |  196.709 | 
     | 17                                                 |                 |                         |       |         |          | 
     | CSA_BLOCKS[3].RCA_C0/full_adder_loop[7].FA/g65__28 | CIN v -> COUT v | sky130_fd_sc_hd__fa_1   | 0.402 |   3.480 |  197.111 | 
     | 02                                                 |                 |                         |       |         |          | 
     | CSA_BLOCKS[3].RCA_C0/full_adder_loop[8].FA/g65__17 | CIN v -> COUT v | sky130_fd_sc_hd__fa_1   | 0.394 |   3.873 |  197.505 | 
     | 05                                                 |                 |                         |       |         |          | 
     | CSA_BLOCKS[3].RCA_C0/full_adder_loop[9].FA/g65__51 | CIN v -> COUT v | sky130_fd_sc_hd__fa_1   | 0.405 |   4.278 |  197.910 | 
     | 22                                                 |                 |                         |       |         |          | 
     | CSA_BLOCKS[3].RCA_C0/full_adder_loop[10].FA/g65__8 | CIN v -> COUT v | sky130_fd_sc_hd__fa_1   | 0.408 |   4.687 |  198.318 | 
     | 246                                                |                 |                         |       |         |          | 
     | CSA_BLOCKS[3].RCA_C0/full_adder_loop[11].FA/g65__7 | CIN v -> COUT v | sky130_fd_sc_hd__fa_1   | 0.415 |   5.101 |  198.733 | 
     | 098                                                |                 |                         |       |         |          | 
     | CSA_BLOCKS[3].RCA_C0/full_adder_loop[12].FA/g65__6 | CIN v -> COUT v | sky130_fd_sc_hd__fa_1   | 0.422 |   5.523 |  199.155 | 
     | 131                                                |                 |                         |       |         |          | 
     | CSA_BLOCKS[3].RCA_C0/full_adder_loop[13].FA/g65__1 | CIN v -> SUM v  | sky130_fd_sc_hd__fa_1   | 0.432 |   5.955 |  199.587 | 
     | 881                                                |                 |                         |       |         |          | 
     | g569__7098                                         | A1 v -> X v     | sky130_fd_sc_hd__mux2_2 | 0.411 |   6.367 |  199.999 | 
     |                                                    | S[31] v         |                         | 0.001 |   6.368 |  200.000 | 
     +-----------------------------------------------------------------------------------------------------------------------------+ 

