============================================================
  Generated by:           Genus(TM) Synthesis Solution 23.12-s086_1
  Generated on:           Apr 09 2025  12:50:51 pm
  Module:                 carry_select_adder_66668_32bits
  Operating conditions:   tt_025C_1v80 
  Interconnect mode:      global
  Area mode:              physical library
============================================================

            Instance                         Module              Cell-Count  Cell-Area  Net-Area   Total-Area 
--------------------------------------------------------------------------------------------------------------
carry_select_adder_66668_32bits NA                                      117   1556.493   967.565     2524.058 
  CSA_BLOCKS[1].RCA_C0          ripple_carry_adder_WIDTH6_5_235          11    140.134    35.504      175.638 
    F1A                         full_adder_26_232                         1     25.024     0.000       25.024 
    full_adder_loop[1].FA       full_adder_218                            6     35.034    16.882       51.915 
    full_adder_loop[2].FA       full_adder_217                            1     20.019     0.000       20.019 
    full_adder_loop[3].FA       full_adder_216                            1     20.019     0.000       20.019 
    full_adder_loop[4].FA       full_adder_215                            1     20.019     0.000       20.019 
    full_adder_loop[5].FA       full_adder_214                            1     20.019     0.000       20.019 
  CSA_BLOCKS[1].RCA_C1          ripple_carry_adder_WIDTH6_6_237          14    135.130    45.598      180.728 
    F1A                         full_adder_32_234                         4     20.019    10.094       30.113 
    full_adder_loop[1].FA       full_adder_213                            6     35.034    16.882       51.915 
    full_adder_loop[2].FA       full_adder_212                            1     20.019     0.000       20.019 
    full_adder_loop[3].FA       full_adder_211                            1     20.019     0.000       20.019 
    full_adder_loop[4].FA       full_adder_210                            1     20.019     0.000       20.019 
    full_adder_loop[5].FA       full_adder_209                            1     20.019     0.000       20.019 
  CSA_BLOCKS[2].RCA_C0          ripple_carry_adder_WIDTH6_5_236           6    112.608    16.969      129.577 
    F1A                         full_adder_26                             1     12.512     0.000       12.512 
    full_adder_loop[1].FA       full_adder_208                            1     20.019     0.000       20.019 
    full_adder_loop[2].FA       full_adder_207                            1     20.019     0.000       20.019 
    full_adder_loop[3].FA       full_adder_206                            1     20.019     0.000       20.019 
    full_adder_loop[4].FA       full_adder_205                            1     20.019     0.000       20.019 
    full_adder_loop[5].FA       full_adder_204                            1     20.019     0.000       20.019 
  CSA_BLOCKS[2].RCA_C1          ripple_carry_adder_WIDTH6_6_238           7    115.110    16.969      132.079 
    F1A                         full_adder_32                             2     15.014     0.000       15.014 
    full_adder_loop[1].FA       full_adder_203                            1     20.019     0.000       20.019 
    full_adder_loop[2].FA       full_adder_202                            1     20.019     0.000       20.019 
    full_adder_loop[3].FA       full_adder_201                            1     20.019     0.000       20.019 
    full_adder_loop[4].FA       full_adder_200                            1     20.019     0.000       20.019 
    full_adder_loop[5].FA       full_adder_199                            1     20.019     0.000       20.019 
  CSA_BLOCKS[3].RCA_C0          ripple_carry_adder_WIDTH6_5               6    112.608    16.969      129.577 
    F1A                         full_adder_26_231                         1     12.512     0.000       12.512 
    full_adder_loop[1].FA       full_adder_198                            1     20.019     0.000       20.019 
    full_adder_loop[2].FA       full_adder_197                            1     20.019     0.000       20.019 
    full_adder_loop[3].FA       full_adder_196                            1     20.019     0.000       20.019 
    full_adder_loop[4].FA       full_adder_195                            1     20.019     0.000       20.019 
    full_adder_loop[5].FA       full_adder_194                            1     20.019     0.000       20.019 
  CSA_BLOCKS[3].RCA_C1          ripple_carry_adder_WIDTH6_6               7    115.110    16.969      132.079 
    F1A                         full_adder_32_233                         2     15.014     0.000       15.014 
    full_adder_loop[1].FA       full_adder_193                            1     20.019     0.000       20.019 
    full_adder_loop[2].FA       full_adder_192                            1     20.019     0.000       20.019 
    full_adder_loop[3].FA       full_adder_191                            1     20.019     0.000       20.019 
    full_adder_loop[4].FA       full_adder_190                            1     20.019     0.000       20.019 
    full_adder_loop[5].FA       full_adder_189                            1     20.019     0.000       20.019 
  CSA_BLOCKS[4].RCA_C0          ripple_carry_adder_WIDTH8                 8    152.646    23.756      176.403 
    F1A                         full_adder_6                              1     12.512     0.000       12.512 
    full_adder_loop[1].FA       full_adder_225                            1     20.019     0.000       20.019 
    full_adder_loop[2].FA       full_adder_224                            1     20.019     0.000       20.019 
    full_adder_loop[3].FA       full_adder_223                            1     20.019     0.000       20.019 
    full_adder_loop[4].FA       full_adder_222                            1     20.019     0.000       20.019 
    full_adder_loop[5].FA       full_adder_221                            1     20.019     0.000       20.019 
    full_adder_loop[6].FA       full_adder_220                            1     20.019     0.000       20.019 
    full_adder_loop[7].FA       full_adder_219                            1     20.019     0.000       20.019 
  CSA_BLOCKS[4].RCA_C1          ripple_carry_adder_WIDTH8_1               9    155.149    23.756      178.905 
    F1A                         full_adder_50                             2     15.014     0.000       15.014 
    full_adder_loop[1].FA       full_adder_188                            1     20.019     0.000       20.019 
    full_adder_loop[2].FA       full_adder_187                            1     20.019     0.000       20.019 
    full_adder_loop[3].FA       full_adder_186                            1     20.019     0.000       20.019 
    full_adder_loop[4].FA       full_adder_185                            1     20.019     0.000       20.019 
    full_adder_loop[5].FA       full_adder_184                            1     20.019     0.000       20.019 
    full_adder_loop[6].FA       full_adder_183                            1     20.019     0.000       20.019 
    full_adder_loop[7].FA       full_adder_182                            1     20.019     0.000       20.019 
  RCA_LSB                       ripple_carry_adder_WIDTH6                19    172.666    60.913      233.579 
    F1A                         full_adder                                5     36.285    11.835       48.119 
    full_adder_loop[1].FA       full_adder_230                            7     41.290    18.622       59.912 
    full_adder_loop[2].FA       full_adder_229                            4     32.531    10.181       42.712 
    full_adder_loop[3].FA       full_adder_228                            1     20.019     0.000       20.019 
    full_adder_loop[4].FA       full_adder_227                            1     22.522     0.000       22.522 
    full_adder_loop[5].FA       full_adder_226                            1     20.019     0.000       20.019 
