============================================================
  Generated by:           Genus(TM) Synthesis Solution 23.12-s086_1
  Generated on:           Apr 09 2025  12:50:51 pm
  Module:                 carry_select_adder_66668_32bits
  Operating conditions:   tt_025C_1v80 
  Interconnect mode:      global
  Area mode:              physical library
============================================================

Timing
-------
  Cost    Critical         Violating 
 Group   Path Slack  TNS     Paths   
-------------------------------------
default         1.9   0.0          0 
-------------------------------------
Total                 0.0          0 

Instance Count
--------------
Leaf Instance Count             117 
Physical Instance count           0 
Sequential Instance Count         0 
Combinational Instance Count    117 
Hierarchical Instance Count      67 

Area
----
Cell Area                          1556.493
Physical Cell Area                 0.000
Total Cell Area (Cell+Physical)    1556.493
Net Area                           967.565
Total Area (Cell+Physical+Net)     2524.058

Max Fanout                         9 (n_2)
Min Fanout                         1 (C0[1])
Average Fanout                     1.5
Terms to net ratio                 2.0474
Terms to instance ratio            4.0598
Runtime                            13.682337 seconds
Elapsed Runtime                    15 seconds
Genus peak memory usage            1890.71 
Innovus peak memory usage          no_value 
Hostname                           cadmicro-inf-el8-623207
