============================================================
  Generated by:           Genus(TM) Synthesis Solution 23.12-s086_1
  Generated on:           Apr 07 2025  02:37:52 pm
  Module:                 ripple_carry_adder_8bits
  Operating conditions:   tt_025C_1v80 
  Interconnect mode:      global
  Area mode:              physical library
============================================================

Timing
-------
  Cost    Critical          Violating 
 Group   Path Slack   TNS     Paths   
--------------------------------------
default        -9.0   -9.0          1 
--------------------------------------
Total                 -9.0          1 

Instance Count
--------------
Leaf Instance Count             84 
Physical Instance count          0 
Sequential Instance Count        0 
Combinational Instance Count    84 
Hierarchical Instance Count      8 

Area
----
Cell Area                          699.421
Physical Cell Area                 0.000
Total Cell Area (Cell+Physical)    699.421
Net Area                           418.822
Total Area (Cell+Physical+Net)     1118.243

Max Fanout                         3 (carry[5])
Min Fanout                         1 (Cout)
Average Fanout                     1.5
Terms to net ratio                 2.1980
Terms to instance ratio            2.6429
Runtime                            18.943978 seconds
Elapsed Runtime                    19 seconds
Genus peak memory usage            1895.06 
Innovus peak memory usage          no_value 
Hostname                           cadmicro-inf-el8-623207
