============================================================
  Generated by:           Genus(TM) Synthesis Solution 23.12-s086_1
  Generated on:           Apr 07 2025  06:38:04 pm
  Module:                 carry_select_adder_66668_32bits
  Operating conditions:   tt_025C_1v80 
  Interconnect mode:      global
  Area mode:              physical library
============================================================

Timing
-------
  Cost    Critical         Violating 
 Group   Path Slack  TNS     Paths   
-------------------------------------
default         0.0   0.0          0 
-------------------------------------
Total                 0.0          0 

Instance Count
--------------
Leaf Instance Count             593 
Physical Instance count           0 
Sequential Instance Count         0 
Combinational Instance Count    593 
Hierarchical Instance Count      67 

Area
----
Cell Area                          3778.624
Physical Cell Area                 0.000
Total Cell Area (Cell+Physical)    3778.624
Net Area                           2889.990
Total Area (Cell+Physical+Net)     6668.614

Max Fanout                         9 (n_570)
Min Fanout                         1 (C0[4])
Average Fanout                     1.6
Terms to net ratio                 2.4443
Terms to instance ratio            2.7369
Runtime                            30.510614 seconds
Elapsed Runtime                    32 seconds
Genus peak memory usage            1901.26 
Innovus peak memory usage          no_value 
Hostname                           cadmicro-inf-el8-623207
