============================================================
  Generated by:           Genus(TM) Synthesis Solution 23.12-s086_1
  Generated on:           Apr 07 2025  06:38:04 pm
  Module:                 carry_select_adder_66668_32bits
  Operating conditions:   tt_025C_1v80 
  Interconnect mode:      global
  Area mode:              physical library
============================================================

            Instance                         Module              Cell-Count  Cell-Area  Net-Area   Total-Area 
--------------------------------------------------------------------------------------------------------------
carry_select_adder_66668_32bits NA                                      593   3778.624  2889.990     6668.614 
  CSA_BLOCKS[1].RCA_C0          ripple_carry_adder_WIDTH6_5_235          40    287.776   130.181      417.957 
    F1A                         full_adder_26_232                         4     20.019    10.094       30.113 
    full_adder_loop[1].FA       full_adder_218                           10     60.058    33.763       93.821 
    full_adder_loop[2].FA       full_adder_217                            6     50.048    13.575       63.623 
    full_adder_loop[3].FA       full_adder_216                            7     53.802    16.969       70.770 
    full_adder_loop[4].FA       full_adder_215                            7     53.802    16.969       70.770 
    full_adder_loop[5].FA       full_adder_214                            6     50.048    13.575       63.623 
  CSA_BLOCKS[1].RCA_C1          ripple_carry_adder_WIDTH6_6_237          42    261.501   130.355      391.855 
    F1A                         full_adder_32_234                         4     22.522    10.094       32.616 
    full_adder_loop[1].FA       full_adder_213                           10     56.304    27.150       83.454 
    full_adder_loop[2].FA       full_adder_212                            7     45.043    16.969       62.012 
    full_adder_loop[3].FA       full_adder_211                            7     43.792    16.969       60.761 
    full_adder_loop[4].FA       full_adder_210                            7     45.043    16.969       62.012 
    full_adder_loop[5].FA       full_adder_209                            7     48.797    16.969       65.766 
  CSA_BLOCKS[2].RCA_C0          ripple_carry_adder_WIDTH6_5_236          42    255.245   135.315      390.559 
    F1A                         full_adder_26                             4     22.522    10.094       32.616 
    full_adder_loop[1].FA       full_adder_208                            9     53.802    28.716       82.518 
    full_adder_loop[2].FA       full_adder_207                            9     43.792    23.756       67.548 
    full_adder_loop[3].FA       full_adder_206                            7     43.792    16.969       60.761 
    full_adder_loop[4].FA       full_adder_205                            6     40.038    13.575       53.613 
    full_adder_loop[5].FA       full_adder_204                            7     51.299    16.969       68.268 
  CSA_BLOCKS[2].RCA_C1          ripple_carry_adder_WIDTH6_6_238          42    242.733   136.968      379.701 
    F1A                         full_adder_32                             4     22.522    10.094       32.616 
    full_adder_loop[1].FA       full_adder_203                           10     47.546    33.763       81.309 
    full_adder_loop[2].FA       full_adder_202                            9     43.792    23.756       67.548 
    full_adder_loop[3].FA       full_adder_201                            6     40.038    13.575       53.613 
    full_adder_loop[4].FA       full_adder_200                            7     43.792    16.969       60.761 
    full_adder_loop[5].FA       full_adder_199                            6     45.043    13.575       58.618 
  CSA_BLOCKS[3].RCA_C0          ripple_carry_adder_WIDTH6_5              47    260.250   160.550      420.800 
    F1A                         full_adder_26_231                         4     22.522    10.094       32.616 
    full_adder_loop[1].FA       full_adder_198                           11     51.299    37.157       88.456 
    full_adder_loop[2].FA       full_adder_197                           11     53.802    37.157       90.959 
    full_adder_loop[3].FA       full_adder_196                            7     43.792    16.969       60.761 
    full_adder_loop[4].FA       full_adder_195                            7     43.792    16.969       60.761 
    full_adder_loop[5].FA       full_adder_194                            7     45.043    16.969       62.012 
  CSA_BLOCKS[3].RCA_C1          ripple_carry_adder_WIDTH6_6              46    265.254   157.156      422.411 
    F1A                         full_adder_32_233                         4     22.522    10.094       32.616 
    full_adder_loop[1].FA       full_adder_193                           11     57.555    37.157       94.712 
    full_adder_loop[2].FA       full_adder_192                           11     56.304    37.157       93.461 
    full_adder_loop[3].FA       full_adder_191                            7     43.792    16.969       60.761 
    full_adder_loop[4].FA       full_adder_190                            6     40.038    13.575       53.613 
    full_adder_loop[5].FA       full_adder_189                            7     45.043    16.969       62.012 
  CSA_BLOCKS[4].RCA_C0          ripple_carry_adder_WIDTH8                51    332.819   177.519      510.338 
    F1A                         full_adder_6                              4     23.773    10.094       33.867 
    full_adder_loop[1].FA       full_adder_225                           10     53.802    33.763       87.565 
    full_adder_loop[2].FA       full_adder_224                            7     46.294    16.969       63.263 
    full_adder_loop[3].FA       full_adder_223                            6     43.792    13.575       57.367 
    full_adder_loop[4].FA       full_adder_222                            6     41.290    13.575       54.865 
    full_adder_loop[5].FA       full_adder_221                            6     38.787    16.969       55.756 
    full_adder_loop[6].FA       full_adder_220                            5     38.787    13.575       52.362 
    full_adder_loop[7].FA       full_adder_219                            7     46.294    22.016       68.310 
  CSA_BLOCKS[4].RCA_C1          ripple_carry_adder_WIDTH8_1              52    314.051   182.566      496.617 
    F1A                         full_adder_50                             4     22.522    10.094       32.616 
    full_adder_loop[1].FA       full_adder_188                           10     52.550    33.763       86.314 
    full_adder_loop[2].FA       full_adder_187                            8     43.792    22.016       65.808 
    full_adder_loop[3].FA       full_adder_186                            6     35.034    13.575       48.609 
    full_adder_loop[4].FA       full_adder_185                            6     37.536    13.575       51.111 
    full_adder_loop[5].FA       full_adder_184                            5     37.536    13.575       51.111 
    full_adder_loop[6].FA       full_adder_183                            7     45.043    20.362       65.406 
    full_adder_loop[7].FA       full_adder_182                            6     40.038    18.622       58.660 
  RCA_LSB                       ripple_carry_adder_WIDTH6                45    414.147   143.842      557.990 
    F1A                         full_adder                                6     47.546    13.575       61.121 
    full_adder_loop[1].FA       full_adder_230                           10     80.077    27.150      107.227 
    full_adder_loop[2].FA       full_adder_229                           11     77.574    37.157      114.732 
    full_adder_loop[3].FA       full_adder_228                            6     67.565    13.575       81.140 
    full_adder_loop[4].FA       full_adder_227                            6     70.067    13.575       83.642 
    full_adder_loop[5].FA       full_adder_226                            6     71.318    13.575       84.893 
