============================================================
  Generated by:           Genus(TM) Synthesis Solution 23.12-s086_1
  Generated on:           Apr 07 2025  06:38:04 pm
  Module:                 carry_select_adder_66668_32bits
  Operating conditions:   tt_025C_1v80 
  Interconnect mode:      global
  Area mode:              physical library
============================================================


Path 1: MET (0 ps) Path Delay Check
     Startpoint: (F) B[7]
       Endpoint: (R) S[18]

                   Capture    Launch  
      Path Delay:+    1700         -  
      Drv Adjust:+       0         0  
         Arrival:=    1700            
                                      
   Required Time:=    1700            
       Data Path:-    1700            
           Slack:=       0            

Exceptions/Constraints:
  max_delay             1700            constraints.sdc_line_1 

#------------------------------------------------------------------------------------------------------------------------------------------
#                   Timing Point                    Flags   Arc   Edge           Cell             Fanout Load Trans Delay Arrival Instance 
#                                                                                                        (fF)  (ps)  (ps)   (ps)  Location 
#------------------------------------------------------------------------------------------------------------------------------------------
  B[7]                                              -       -     F     (arrival)                      2  5.9  1000     0       0    (-,-) 
  g12877_dup/X                                      -       A->X  F     sky130_fd_sc_hd__clkbuf_1      3 11.8    91   358     358    (-,-) 
  CSA_BLOCKS[1].RCA_C1/full_adder_loop[1].FA/g12/Y  -       A->Y  R     sky130_fd_sc_hd__clkinv_1      1  5.9    49    72     430    (-,-) 
  CSA_BLOCKS[1].RCA_C1/full_adder_loop[1].FA/g16/Y  -       A->Y  F     sky130_fd_sc_hd__nand2_2       1  5.6    35    47     477    (-,-) 
  CSA_BLOCKS[1].RCA_C1/full_adder_loop[1].FA/g15/Y  -       A->Y  R     sky130_fd_sc_hd__nand2_2       1  5.9    51    54     531    (-,-) 
  CSA_BLOCKS[1].RCA_C1/full_adder_loop[1].FA/g162/Y -       A->Y  F     sky130_fd_sc_hd__nand2_2       2  7.8    44    54     584    (-,-) 
  CSA_BLOCKS[1].RCA_C1/full_adder_loop[2].FA/g135/Y -       A->Y  R     sky130_fd_sc_hd__nand2_2       1  5.9    52    58     642    (-,-) 
  CSA_BLOCKS[1].RCA_C1/full_adder_loop[2].FA/g134/Y -       A->Y  F     sky130_fd_sc_hd__nand2_2       2  8.2    45    55     698    (-,-) 
  CSA_BLOCKS[1].RCA_C1/full_adder_loop[3].FA/g131/Y -       A->Y  R     sky130_fd_sc_hd__nand2_2       1  5.9    52    58     756    (-,-) 
  CSA_BLOCKS[1].RCA_C1/full_adder_loop[3].FA/g130/Y -       A->Y  F     sky130_fd_sc_hd__nand2_2       2  7.8    44    54     810    (-,-) 
  CSA_BLOCKS[1].RCA_C1/full_adder_loop[4].FA/g20/Y  -       A->Y  R     sky130_fd_sc_hd__nand2_2       1  5.9    52    58     868    (-,-) 
  CSA_BLOCKS[1].RCA_C1/full_adder_loop[4].FA/g19/Y  -       A->Y  F     sky130_fd_sc_hd__nand2_2       2  8.2    45    55     924    (-,-) 
  CSA_BLOCKS[1].RCA_C1/full_adder_loop[5].FA/g15/Y  -       A->Y  R     sky130_fd_sc_hd__nand2_2       1 10.1    73    74     997    (-,-) 
  CSA_BLOCKS[1].RCA_C1/full_adder_loop[5].FA/g14/Y  -       A->Y  F     sky130_fd_sc_hd__nand2_4       3 15.3    50    62    1059    (-,-) 
  g73/Y                                             -       A->Y  R     sky130_fd_sc_hd__inv_1         1  3.7    41    56    1115    (-,-) 
  g25963/Y                                          -       A->Y  F     sky130_fd_sc_hd__nand3_1       3 10.4   123   111    1226    (-,-) 
  g25961/Y                                          -       B->Y  R     sky130_fd_sc_hd__nand2_2       1  5.9    59   103    1329    (-,-) 
  g25960/Y                                          -       A->Y  F     sky130_fd_sc_hd__inv_2         2 12.5    34    50    1379    (-,-) 
  g25964/Y                                          -       A->Y  R     sky130_fd_sc_hd__nand2_4       6 18.7    76    73    1452    (-,-) 
  g25934/Y                                          -       A->Y  F     sky130_fd_sc_hd__nand2_1       1  9.6    82    90    1542    (-,-) 
  g32/Y                                             -       A->Y  R     sky130_fd_sc_hd__nand2_4       1 51.3   165   158    1700    (-,-) 
  S[18]                                             <<<     -     R     (port)                         -    -     -     0    1700    (-,-) 
#------------------------------------------------------------------------------------------------------------------------------------------

