============================================================
  Generated by:           Genus(TM) Synthesis Solution 23.12-s086_1
  Generated on:           Apr 09 2025  12:13:23 pm
  Module:                 ripple_carry_adder_32bits
  Operating conditions:   tt_025C_1v80 
  Interconnect mode:      global
  Area mode:              physical library
============================================================

Timing
-------
  Cost    Critical             Violating 
 Group   Path Slack    TNS       Paths   
-----------------------------------------
default      -282.2   -1066.4          5 
-----------------------------------------
Total                 -1066.4          5 

Instance Count
--------------
Leaf Instance Count             311 
Physical Instance count           0 
Sequential Instance Count         0 
Combinational Instance Count    311 
Hierarchical Instance Count      32 

Area
----
Cell Area                          2611.254
Physical Cell Area                 0.000
Total Cell Area (Cell+Physical)    2611.254
Net Area                           1563.733
Total Area (Cell+Physical+Net)     4174.987

Max Fanout                         3 (carry[30])
Min Fanout                         1 (Cout)
Average Fanout                     1.5
Terms to net ratio                 2.2234
Terms to instance ratio            2.6881
Runtime                            30.782249 seconds
Elapsed Runtime                    32 seconds
Genus peak memory usage            1898.36 
Innovus peak memory usage          no_value 
Hostname                           cadmicro-inf-el8-623207
