    Hinst Name            Module Name          Inst Count           Total Area
---------------------------------------------------------------------------
carry_skip4_32bits                                    286             2259.667
  CSKIP1                  skip4                        37              312.800
    CSKIP1/FA1            full_adder                    6               78.826
    CSKIP1/FA2            full_adder_100                8               47.546
    CSKIP1/FA3            full_adder_99                 6               42.541
    CSKIP1/FA4            full_adder_98                 6               45.043
  skip_loop[1].CSKIP2     skip4_107                    34              232.723
    skip_loop[1].CSKIP2/FA1 full_adder_97                 6               42.541
    skip_loop[1].CSKIP2/FA2 full_adder_96                 6               42.541
    skip_loop[1].CSKIP2/FA3 full_adder_95                 6               42.541
    skip_loop[1].CSKIP2/FA4 full_adder_94                 6               42.541
  skip_loop[2].CSKIP2     skip4_106                    34              258.998
    skip_loop[2].CSKIP2/FA1 full_adder_93                 6               42.541
    skip_loop[2].CSKIP2/FA2 full_adder_92                 6               47.546
    skip_loop[2].CSKIP2/FA3 full_adder_91                 6               52.550
    skip_loop[2].CSKIP2/FA4 full_adder_90                 6               47.546
  skip_loop[3].CSKIP2     skip4_105                    35              242.733
    skip_loop[3].CSKIP2/FA1 full_adder_89                 7               46.294
    skip_loop[3].CSKIP2/FA2 full_adder_88                 6               42.541
    skip_loop[3].CSKIP2/FA3 full_adder_87                 6               42.541
    skip_loop[3].CSKIP2/FA4 full_adder_86                 6               42.541
  skip_loop[4].CSKIP2     skip4_104                    34              245.235
    skip_loop[4].CSKIP2/FA1 full_adder_85                 6               42.541
    skip_loop[4].CSKIP2/FA2 full_adder_84                 6               42.541
    skip_loop[4].CSKIP2/FA3 full_adder_83                 6               42.541
    skip_loop[4].CSKIP2/FA4 full_adder_82                 6               42.541
  skip_loop[5].CSKIP2     skip4_103                    32              262.752
    skip_loop[5].CSKIP2/FA1 full_adder_81                 6               48.797
    skip_loop[5].CSKIP2/FA2 full_adder_80                 5               47.546
    skip_loop[5].CSKIP2/FA3 full_adder_79                 5               47.546
    skip_loop[5].CSKIP2/FA4 full_adder_78                 5               47.546
  skip_loop[6].CSKIP2     skip4_102                    31              276.515
    skip_loop[6].CSKIP2/FA1 full_adder_77                 5               50.048
    skip_loop[6].CSKIP2/FA2 full_adder_76                 5               45.043
    skip_loop[6].CSKIP2/FA3 full_adder_75                 5               50.048
    skip_loop[6].CSKIP2/FA4 full_adder_74                 5               51.299
  skip_loop[7].CSKIP2     skip4_101                    40              394.128
    skip_loop[7].CSKIP2/FA1 full_adder_73                 5               60.058
    skip_loop[7].CSKIP2/FA2 full_adder_72                 8               70.067
    skip_loop[7].CSKIP2/FA3 full_adder_71                 9               93.840
    skip_loop[7].CSKIP2/FA4 full_adder_70                 9               91.338
