###############################################################
#  Generated by:      Cadence Innovus 23.32-s091_1
#  OS:                Linux x86_64(Host ID cadmicro-inf-el8-623207)
#  Generated on:      Mon Apr  7 17:26:05 2025
#  Design:            carry_skip4_32bits
#  Command:           report_timing > reports/report_timing.rpt
###############################################################
Path 1: VIOLATED Path Delay Check
Endpoint:   Cout (v)
Beginpoint: B[2] (v) triggered by  leading edge of '@'
Path Groups: {default}
Analysis View: default_emulate_view
- External Delay                0.000
+ Path Delay                    4.883
= Required Time                 4.883
- Arrival Time                  4.901
= Slack Time                   -0.018
     Clock Rise Edge                      0.000
     + Input Delay                        0.000
     = Beginpoint Arrival Time            0.000
     +----------------------------------------------------------------------------------------------------------+ 
     |              Instance              |    Arc     |           Cell            | Delay | Arrival | Required | 
     |                                    |            |                           |       |  Time   |   Time   | 
     |------------------------------------+------------+---------------------------+-------+---------+----------| 
     |                                    | B[2] v     |                           |       |   0.000 |   -0.018 | 
     | CSKIP1/FA3/g2                      | B v -> X v | sky130_fd_sc_hd__or2_0    | 0.537 |   0.537 |    0.520 | 
     | CSKIP1/FA3/g124__7098              | B v -> Y ^ | sky130_fd_sc_hd__nand2_2  | 0.087 |   0.624 |    0.607 | 
     | CSKIP1/FA3/g122__5122              | A ^ -> Y v | sky130_fd_sc_hd__nand2_2  | 0.056 |   0.680 |    0.663 | 
     | CSKIP1/FA4/g124__6161              | A v -> Y ^ | sky130_fd_sc_hd__nand2_2  | 0.064 |   0.744 |    0.726 | 
     | CSKIP1/FA4/g122__7482              | A ^ -> Y v | sky130_fd_sc_hd__nand2_2  | 0.047 |   0.790 |    0.773 | 
     | CSKIP1/g74                         | A v -> Y ^ | sky130_fd_sc_hd__clkinv_2 | 0.047 |   0.837 |    0.819 | 
     | CSKIP1/g183__2346                  | A ^ -> Y v | sky130_fd_sc_hd__nand2_2  | 0.048 |   0.885 |    0.867 | 
     | skip_loop[1].CSKIP2/FA1/g124__8428 | A v -> Y ^ | sky130_fd_sc_hd__nand2_2  | 0.065 |   0.950 |    0.932 | 
     | skip_loop[1].CSKIP2/FA1/g122__6260 | A ^ -> Y v | sky130_fd_sc_hd__nand2_2  | 0.055 |   1.004 |    0.987 | 
     | skip_loop[1].CSKIP2/FA2/g124__1705 | A v -> Y ^ | sky130_fd_sc_hd__nand2_2  | 0.062 |   1.066 |    1.048 | 
     | skip_loop[1].CSKIP2/FA2/g122__1617 | A ^ -> Y v | sky130_fd_sc_hd__nand2_2  | 0.061 |   1.127 |    1.109 | 
     | skip_loop[1].CSKIP2/FA3/g124__5115 | A v -> Y ^ | sky130_fd_sc_hd__nand2_2  | 0.066 |   1.193 |    1.175 | 
     | skip_loop[1].CSKIP2/FA3/g122__6131 | A ^ -> Y v | sky130_fd_sc_hd__nand2_2  | 0.056 |   1.249 |    1.231 | 
     | skip_loop[1].CSKIP2/FA4/g124__2883 | A v -> Y ^ | sky130_fd_sc_hd__nand2_2  | 0.062 |   1.311 |    1.293 | 
     | skip_loop[1].CSKIP2/FA4/g122__9315 | A ^ -> Y v | sky130_fd_sc_hd__nand2_2  | 0.045 |   1.356 |    1.338 | 
     | skip_loop[1].CSKIP2/g74            | A v -> Y ^ | sky130_fd_sc_hd__inv_2    | 0.050 |   1.406 |    1.388 | 
     | skip_loop[1].CSKIP2/g152__6417     | A ^ -> Y v | sky130_fd_sc_hd__nand2_2  | 0.047 |   1.452 |    1.435 | 
     | skip_loop[2].CSKIP2/FA1/g124__3680 | A v -> Y ^ | sky130_fd_sc_hd__nand2_2  | 0.055 |   1.507 |    1.489 | 
     | skip_loop[2].CSKIP2/FA1/g122__5526 | A ^ -> Y v | sky130_fd_sc_hd__nand2_2  | 0.056 |   1.563 |    1.545 | 
     | skip_loop[2].CSKIP2/FA2/g124__7098 | A v -> Y ^ | sky130_fd_sc_hd__nand2_2  | 0.077 |   1.640 |    1.623 | 
     | skip_loop[2].CSKIP2/FA2/g122__5122 | A ^ -> Y v | sky130_fd_sc_hd__nand2_4  | 0.059 |   1.700 |    1.682 | 
     | skip_loop[2].CSKIP2/FA3/g124__6161 | A v -> Y ^ | sky130_fd_sc_hd__nand2_4  | 0.067 |   1.767 |    1.749 | 
     | skip_loop[2].CSKIP2/FA3/g122__7482 | A ^ -> Y v | sky130_fd_sc_hd__nand2_4  | 0.053 |   1.819 |    1.802 | 
     | skip_loop[2].CSKIP2/FA4/g124__7410 | A v -> Y ^ | sky130_fd_sc_hd__nand2_4  | 0.057 |   1.877 |    1.859 | 
     | skip_loop[2].CSKIP2/FA4/g122__2346 | A ^ -> Y v | sky130_fd_sc_hd__nand2_2  | 0.045 |   1.922 |    1.904 | 
     | skip_loop[2].CSKIP2/g74            | A v -> Y ^ | sky130_fd_sc_hd__clkinv_2 | 0.058 |   1.979 |    1.961 | 
     | skip_loop[2].CSKIP2/g152__5107     | A ^ -> Y v | sky130_fd_sc_hd__nand2_4  | 0.046 |   2.025 |    2.007 | 
     | skip_loop[3].CSKIP2/FA1/g124__1705 | A v -> Y ^ | sky130_fd_sc_hd__nand2_2  | 0.055 |   2.080 |    2.062 | 
     | skip_loop[3].CSKIP2/FA1/g122__1617 | A ^ -> Y v | sky130_fd_sc_hd__nand2_2  | 0.058 |   2.138 |    2.120 | 
     | skip_loop[3].CSKIP2/FA2/g124__5115 | A v -> Y ^ | sky130_fd_sc_hd__nand2_2  | 0.065 |   2.203 |    2.185 | 
     | skip_loop[3].CSKIP2/FA2/g122__6131 | A ^ -> Y v | sky130_fd_sc_hd__nand2_2  | 0.056 |   2.259 |    2.241 | 
     | skip_loop[3].CSKIP2/FA3/g124__2883 | A v -> Y ^ | sky130_fd_sc_hd__nand2_2  | 0.062 |   2.321 |    2.303 | 
     | skip_loop[3].CSKIP2/FA3/g122__9315 | A ^ -> Y v | sky130_fd_sc_hd__nand2_2  | 0.054 |   2.375 |    2.357 | 
     | skip_loop[3].CSKIP2/FA4/g124__2398 | A v -> Y ^ | sky130_fd_sc_hd__nand2_2  | 0.063 |   2.438 |    2.421 | 
     | skip_loop[3].CSKIP2/FA4/g122__6417 | A ^ -> Y v | sky130_fd_sc_hd__nand2_2  | 0.048 |   2.486 |    2.468 | 
     | skip_loop[3].CSKIP2/g74            | A v -> Y ^ | sky130_fd_sc_hd__clkinv_2 | 0.059 |   2.545 |    2.527 | 
     | skip_loop[3].CSKIP2/g152__8428     | A ^ -> Y v | sky130_fd_sc_hd__nand2_4  | 0.045 |   2.590 |    2.572 | 
     | skip_loop[4].CSKIP2/FA1/g124__7098 | A v -> Y ^ | sky130_fd_sc_hd__nand2_2  | 0.054 |   2.644 |    2.626 | 
     | skip_loop[4].CSKIP2/FA1/g122__5122 | A ^ -> Y v | sky130_fd_sc_hd__nand2_2  | 0.053 |   2.697 |    2.679 | 
     | skip_loop[4].CSKIP2/FA2/g124__6161 | A v -> Y ^ | sky130_fd_sc_hd__nand2_2  | 0.063 |   2.760 |    2.742 | 
     | skip_loop[4].CSKIP2/FA2/g122__7482 | A ^ -> Y v | sky130_fd_sc_hd__nand2_2  | 0.064 |   2.824 |    2.806 | 
     | skip_loop[4].CSKIP2/FA3/g124__7410 | A v -> Y ^ | sky130_fd_sc_hd__nand2_2  | 0.066 |   2.890 |    2.872 | 
     | skip_loop[4].CSKIP2/FA3/g122__2346 | A ^ -> Y v | sky130_fd_sc_hd__nand2_2  | 0.054 |   2.944 |    2.926 | 
     | skip_loop[4].CSKIP2/FA4/g124__4319 | A v -> Y ^ | sky130_fd_sc_hd__nand2_2  | 0.064 |   3.008 |    2.991 | 
     | skip_loop[4].CSKIP2/FA4/g122__5107 | A ^ -> Y v | sky130_fd_sc_hd__nand2_2  | 0.046 |   3.054 |    3.037 | 
     | skip_loop[4].CSKIP2/g74            | A v -> Y ^ | sky130_fd_sc_hd__inv_2    | 0.063 |   3.118 |    3.100 | 
     | skip_loop[4].CSKIP2/g152__3680     | A ^ -> Y v | sky130_fd_sc_hd__nand2_4  | 0.047 |   3.164 |    3.147 | 
     | skip_loop[5].CSKIP2/FA1/g124__1881 | A v -> Y ^ | sky130_fd_sc_hd__nand2_2  | 0.051 |   3.216 |    3.198 | 
     | skip_loop[5].CSKIP2/FA1/g122__6131 | A ^ -> Y v | sky130_fd_sc_hd__nand2_2  | 0.054 |   3.270 |    3.252 | 
     | skip_loop[5].CSKIP2/FA2/g124__9315 | A v -> Y ^ | sky130_fd_sc_hd__nand2_2  | 0.061 |   3.331 |    3.313 | 
     | skip_loop[5].CSKIP2/FA2/g122__6161 | A ^ -> Y v | sky130_fd_sc_hd__nand2_2  | 0.053 |   3.383 |    3.366 | 
     | skip_loop[5].CSKIP2/FA3/g124__7410 | A v -> Y ^ | sky130_fd_sc_hd__nand2_2  | 0.062 |   3.446 |    3.428 | 
     | skip_loop[5].CSKIP2/FA3/g122__1666 | A ^ -> Y v | sky130_fd_sc_hd__nand2_2  | 0.055 |   3.501 |    3.483 | 
     | skip_loop[5].CSKIP2/FA4/g124__6260 | A v -> Y ^ | sky130_fd_sc_hd__nand2_2  | 0.062 |   3.563 |    3.545 | 
     | skip_loop[5].CSKIP2/FA4/g122__5107 | A ^ -> Y v | sky130_fd_sc_hd__nand2_2  | 0.045 |   3.608 |    3.590 | 
     | skip_loop[5].CSKIP2/g74            | A v -> Y ^ | sky130_fd_sc_hd__inv_2    | 0.063 |   3.670 |    3.653 | 
     | skip_loop[5].CSKIP2/g157__6783     | A ^ -> Y v | sky130_fd_sc_hd__nand2_4  | 0.046 |   3.716 |    3.698 | 
     | skip_loop[6].CSKIP2/FA1/g124__1881 | A v -> Y ^ | sky130_fd_sc_hd__nand2_2  | 0.053 |   3.769 |    3.751 | 
     | skip_loop[6].CSKIP2/FA1/g122__7098 | A ^ -> Y v | sky130_fd_sc_hd__nand2_2  | 0.056 |   3.825 |    3.808 | 
     | skip_loop[6].CSKIP2/FA2/g124__9945 | A v -> Y ^ | sky130_fd_sc_hd__nand2_2  | 0.064 |   3.889 |    3.872 | 
     | skip_loop[6].CSKIP2/FA2/g122__6161 | A ^ -> Y v | sky130_fd_sc_hd__nand2_2  | 0.054 |   3.943 |    3.925 | 
     | skip_loop[6].CSKIP2/FA3/g124__5477 | A v -> Y ^ | sky130_fd_sc_hd__nand2_2  | 0.061 |   4.004 |    3.987 | 
     | skip_loop[6].CSKIP2/FA3/g122__7410 | A ^ -> Y v | sky130_fd_sc_hd__nand2_2  | 0.054 |   4.059 |    4.041 | 
     | skip_loop[6].CSKIP2/FA4/g124__5526 | A v -> Y ^ | sky130_fd_sc_hd__nand2_2  | 0.064 |   4.122 |    4.105 | 
     | skip_loop[6].CSKIP2/FA4/g122__4319 | A ^ -> Y v | sky130_fd_sc_hd__nand2_2  | 0.047 |   4.169 |    4.152 | 
     | skip_loop[6].CSKIP2/g174           | A v -> Y ^ | sky130_fd_sc_hd__clkinv_2 | 0.058 |   4.227 |    4.209 | 
     | skip_loop[6].CSKIP2/g167__2802     | A ^ -> Y v | sky130_fd_sc_hd__nand2_4  | 0.048 |   4.275 |    4.257 | 
     | skip_loop[7].CSKIP2/FA1/g124__4733 | A v -> Y ^ | sky130_fd_sc_hd__nand2_4  | 0.056 |   4.331 |    4.314 | 
     | skip_loop[7].CSKIP2/FA1/g122__5115 | A ^ -> Y v | sky130_fd_sc_hd__nand2_4  | 0.055 |   4.386 |    4.369 | 
     | skip_loop[7].CSKIP2/FA2/g126__6417 | A v -> Y ^ | sky130_fd_sc_hd__nand2_4  | 0.068 |   4.454 |    4.437 | 
     | skip_loop[7].CSKIP2/FA2/g122__2883 | A ^ -> Y v | sky130_fd_sc_hd__nand2_4  | 0.051 |   4.506 |    4.488 | 
     | skip_loop[7].CSKIP2/FA3/g127__6783 | A v -> Y ^ | sky130_fd_sc_hd__nand2_4  | 0.065 |   4.571 |    4.554 | 
     | skip_loop[7].CSKIP2/FA3/g123__6260 | A ^ -> Y v | sky130_fd_sc_hd__nand2_4  | 0.063 |   4.634 |    4.616 | 
     | skip_loop[7].CSKIP2/FA4/g127__7098 | A v -> Y ^ | sky130_fd_sc_hd__nand2_4  | 0.073 |   4.707 |    4.689 | 
     | skip_loop[7].CSKIP2/FA4/g123__1705 | A ^ -> Y v | sky130_fd_sc_hd__nand2_4  | 0.049 |   4.756 |    4.739 | 
     | skip_loop[7].CSKIP2/g79            | A v -> Y ^ | sky130_fd_sc_hd__clkinv_4 | 0.062 |   4.819 |    4.801 | 
     | skip_loop[7].CSKIP2/g167__4733     | A ^ -> Y v | sky130_fd_sc_hd__nand2_8  | 0.081 |   4.899 |    4.882 | 
     |                                    | Cout v     |                           | 0.001 |   4.901 |    4.883 | 
     +----------------------------------------------------------------------------------------------------------+ 

