###############################################################
#  Generated by:      Cadence Innovus 23.32-s091_1
#  OS:                Linux x86_64(Host ID cadmicro-inf-el8-623207)
#  Generated on:      Mon Apr  7 16:39:34 2025
#  Design:            signal_32bits
#  Command:           report_timing > reports/report_timing.rpt
###############################################################
Path 1: VIOLATED Path Delay Check
Endpoint:   S[31] (^)
Beginpoint: B[24] (v) triggered by  leading edge of '@'
Path Groups: {default}
Analysis View: default_emulate_view
- External Delay                0.000
+ Path Delay                    1.357
= Required Time                 1.357
- Arrival Time                  1.390
= Slack Time                   -0.033
     Clock Rise Edge                      0.000
     + Input Delay                        0.000
     = Beginpoint Arrival Time            0.000
     +----------------------------------------------------------------------------------------------------+ 
     |          Instance           |     Arc     |           Cell            | Delay | Arrival | Required | 
     |                             |             |                           |       |  Time   |   Time   | 
     |-----------------------------+-------------+---------------------------+-------+---------+----------| 
     |                             | B[24] v     |                           |       |   0.000 |   -0.033 | 
     | addinc_add_7_30_g2294__3071 | B v -> X v  | sky130_fd_sc_hd__and2_4   | 0.531 |   0.531 |    0.498 | 
     | addinc_add_7_30_g2090__3070 | A v -> Y ^  | sky130_fd_sc_hd__nand2_2  | 0.064 |   0.594 |    0.562 | 
     | addinc_add_7_30_g2034__6417 | A ^ -> Y v  | sky130_fd_sc_hd__nand2_2  | 0.064 |   0.658 |    0.625 | 
     | addinc_add_7_30_g1985__2780 | A v -> Y ^  | sky130_fd_sc_hd__nand2_2  | 0.089 |   0.748 |    0.715 | 
     | addinc_add_7_30_g1977__1705 | A ^ -> Y v  | sky130_fd_sc_hd__nand2_4  | 0.059 |   0.806 |    0.773 | 
     | fopt2429                    | A v -> Y ^  | sky130_fd_sc_hd__clkinv_4 | 0.058 |   0.864 |    0.831 | 
     | addinc_add_7_30_g1945__6131 | A2 ^ -> Y v | sky130_fd_sc_hd__o221ai_2 | 0.091 |   0.955 |    0.922 | 
     | addinc_add_7_30_g1910__6131 | B1 v -> Y ^ | sky130_fd_sc_hd__a21oi_2  | 0.132 |   1.087 |    1.054 | 
     | g3417                       | A ^ -> Y v  | sky130_fd_sc_hd__nand2_2  | 0.082 |   1.169 |    1.136 | 
     | g3416                       | A v -> Y ^  | sky130_fd_sc_hd__clkinv_2 | 0.063 |   1.232 |    1.199 | 
     | g29                         | A ^ -> Y v  | sky130_fd_sc_hd__nand2_4  | 0.055 |   1.287 |    1.254 | 
     | g27                         | A v -> Y ^  | sky130_fd_sc_hd__nand2_8  | 0.102 |   1.389 |    1.356 | 
     |                             | S[31] ^     |                           | 0.001 |   1.390 |    1.357 | 
     +----------------------------------------------------------------------------------------------------+ 

