============================================================
  Generated by:           Genus(TM) Synthesis Solution 23.12-s086_1
  Generated on:           Apr 07 2025  07:22:26 pm
  Module:                 carry_select_adder_661010_32bits
  Operating conditions:   tt_025C_1v80 
  Interconnect mode:      global
  Area mode:              physical library
============================================================


Path 1: MET (0 ps) Path Delay Check
     Startpoint: (F) A[0]
       Endpoint: (F) S[25]

                   Capture    Launch  
      Path Delay:+    1920         -  
      Drv Adjust:+       0         0  
         Arrival:=    1920            
                                      
   Required Time:=    1920            
       Data Path:-    1920            
           Slack:=       0            

Exceptions/Constraints:
  max_delay             1920            constraints.sdc_line_1 

#----------------------------------------------------------------------------------------------------------------------------------
#               Timing Point                Flags   Arc   Edge           Cell             Fanout Load Trans Delay Arrival Instance 
#                                                                                                (fF)  (ps)  (ps)   (ps)  Location 
#----------------------------------------------------------------------------------------------------------------------------------
  A[0]                                      -       -     F     (arrival)                      1  3.3  1000     0       0    (-,-) 
  g1992/X                                   -       A->X  F     sky130_fd_sc_hd__clkbuf_1      2  8.5    75   342     342    (-,-) 
  RCA_LSB/F1A/g138/Y                        -       A->Y  R     sky130_fd_sc_hd__inv_2         2  9.1    53    73     416    (-,-) 
  RCA_LSB/F1A/g2__6783/X                    -       A->X  R     sky130_fd_sc_hd__or2_4         1  5.8    36   111     527    (-,-) 
  RCA_LSB/F1A/g129__4319/Y                  -       B1->Y F     sky130_fd_sc_hd__o21ai_2       2  8.2    50    56     583    (-,-) 
  RCA_LSB/full_adder_loop[1].FA/g84__1705/Y -       A->Y  R     sky130_fd_sc_hd__nand2_2       1  5.9    52    61     643    (-,-) 
  RCA_LSB/full_adder_loop[1].FA/g82__1617/Y -       A->Y  F     sky130_fd_sc_hd__nand2_2       2  9.0    48    58     701    (-,-) 
  RCA_LSB/full_adder_loop[2].FA/g84__1881/Y -       A->Y  R     sky130_fd_sc_hd__nand2_2       1 10.1    73    74     775    (-,-) 
  RCA_LSB/full_adder_loop[2].FA/g82__6131/Y -       A->Y  F     sky130_fd_sc_hd__nand2_4       2 12.2    43    56     832    (-,-) 
  RCA_LSB/full_adder_loop[3].FA/g84__2883/Y -       A->Y  R     sky130_fd_sc_hd__nand2_4       1 10.1    56    58     890    (-,-) 
  RCA_LSB/full_adder_loop[3].FA/g82__9315/Y -       A->Y  F     sky130_fd_sc_hd__nand2_4       2 12.5    43    52     943    (-,-) 
  RCA_LSB/full_adder_loop[4].FA/g84__2398/Y -       A->Y  R     sky130_fd_sc_hd__nand2_4       1 10.1    57    59    1001    (-,-) 
  RCA_LSB/full_adder_loop[4].FA/g82__6417/Y -       A->Y  F     sky130_fd_sc_hd__nand2_4       2 12.5    41    53    1054    (-,-) 
  RCA_LSB/full_adder_loop[5].FA/g84__5526/Y -       A->Y  R     sky130_fd_sc_hd__nand2_4       1 10.1    55    58    1112    (-,-) 
  RCA_LSB/full_adder_loop[5].FA/g82__4319/Y -       A->Y  F     sky130_fd_sc_hd__nand2_4       4 15.7    47    57    1169    (-,-) 
  g4121__4197/X                             -       A1->X F     sky130_fd_sc_hd__o21a_4        4 31.2    68   251    1420    (-,-) 
  g4199/Y                                   -       A->Y  R     sky130_fd_sc_hd__inv_8         7 38.1    68    86    1505    (-,-) 
  g4069__4206/Y                             -       A->Y  F     sky130_fd_sc_hd__nand2_4       1  9.6    39    50    1556    (-,-) 
  g4042__1666/Y                             -       A->Y  R     sky130_fd_sc_hd__nand2_4       4 21.7    84    81    1636    (-,-) 
  g4030__8246/Y                             -       B->Y  F     sky130_fd_sc_hd__nor2_2        1  5.4    29    43    1680    (-,-) 
  g4028__1705/X                             -       B1->X F     sky130_fd_sc_hd__a21o_4        1 51.3    90   240    1920    (-,-) 
  S[25]                                     <<<     -     F     (port)                         -    -     -     0    1920    (-,-) 
#----------------------------------------------------------------------------------------------------------------------------------

