============================================================
  Generated by:           Genus(TM) Synthesis Solution 23.12-s086_1
  Generated on:           Apr 07 2025  07:22:26 pm
  Module:                 carry_select_adder_661010_32bits
  Operating conditions:   tt_025C_1v80 
  Interconnect mode:      global
  Area mode:              physical library
============================================================

            Instance                          Module               Cell-Count  Cell-Area  Net-Area   Total-Area 
----------------------------------------------------------------------------------------------------------------
carry_select_adder_661010_32bits NA                                       605   4311.635  2993.629     7305.265 
  CSA_BLOCKS[1].RCA_C0           ripple_carry_adder_WIDTH6_1               36    235.226   126.787      362.012 
    F1A                          full_adder_16                              4     22.522    10.094       32.616 
    full_adder_loop[1].FA        full_adder_210                            10     47.546    33.763       81.309 
    full_adder_loop[2].FA        full_adder_209                             7     42.541    16.969       59.510 
    full_adder_loop[3].FA        full_adder_208                             5     42.541    13.575       56.116 
    full_adder_loop[4].FA        full_adder_207                             5     42.541    13.575       56.116 
    full_adder_loop[5].FA        full_adder_206                             5     37.536    13.575       51.111 
  CSA_BLOCKS[1].RCA_C1           ripple_carry_adder_WIDTH6_2               38    236.477   130.181      366.657 
    F1A                          full_adder_22                              4     22.522    10.094       32.616 
    full_adder_loop[1].FA        full_adder_205                            10     50.048    33.763       83.811 
    full_adder_loop[2].FA        full_adder_204                             8     48.797    20.362       69.159 
    full_adder_loop[3].FA        full_adder_203                             6     40.038    13.575       53.613 
    full_adder_loop[4].FA        full_adder_202                             5     37.536    13.575       51.111 
    full_adder_loop[5].FA        full_adder_201                             5     37.536    13.575       51.111 
  CSA_BLOCKS[2].RCA_C0           ripple_carry_adder_WIDTH10                78    651.875   262.101      913.977 
    F1A                          full_adder_38_225                          5     31.280    13.488       44.768 
    full_adder_loop[1].FA        full_adder_219                            10     85.082    33.763      118.845 
    full_adder_loop[2].FA        full_adder_218                            11     68.816    37.157      105.973 
    full_adder_loop[3].FA        full_adder_217                             8     61.309    20.362       81.671 
    full_adder_loop[4].FA        full_adder_216                             7     61.309    16.969       78.278 
    full_adder_loop[5].FA        full_adder_215                             7     61.309    16.969       78.278 
    full_adder_loop[6].FA        full_adder_214                             7     61.309    16.969       78.278 
    full_adder_loop[7].FA        full_adder_213                             7     61.309    16.969       78.278 
    full_adder_loop[8].FA        full_adder_212                             7     61.309    16.969       78.278 
    full_adder_loop[9].FA        full_adder_211                             9     98.845    27.063      125.908 
  CSA_BLOCKS[2].RCA_C1           ripple_carry_adder_WIDTH10_3_228          81    679.402   273.936      953.338 
    F1A                          full_adder_48_226                          6     36.285    16.882       53.166 
    full_adder_loop[1].FA        full_adder_200                            11     66.314    37.157      103.471 
    full_adder_loop[2].FA        full_adder_199                            11     77.574    37.157      114.732 
    full_adder_loop[3].FA        full_adder_198                             8     63.811    20.362       84.174 
    full_adder_loop[4].FA        full_adder_197                             7     65.062    16.969       82.031 
    full_adder_loop[5].FA        full_adder_196                             7     65.062    16.969       82.031 
    full_adder_loop[6].FA        full_adder_195                             8     68.816    22.016       90.832 
    full_adder_loop[7].FA        full_adder_194                             8     68.816    22.016       90.832 
    full_adder_loop[8].FA        full_adder_193                             8     76.323    22.016       98.339 
    full_adder_loop[9].FA        full_adder_192                             7     91.338    16.969      108.306 
  CSA_BLOCKS[3].RCA_C0           ripple_carry_adder_WIDTH10_227            64    456.688   204.669      661.357 
    F1A                          full_adder_38                              4     23.773    10.094       33.867 
    full_adder_loop[1].FA        full_adder_191                             9     43.792    27.063       70.855 
    full_adder_loop[2].FA        full_adder_190                             7     41.290    16.969       58.258 
    full_adder_loop[3].FA        full_adder_189                             7     43.792    16.969       60.761 
    full_adder_loop[4].FA        full_adder_188                             7     48.797    16.969       65.766 
    full_adder_loop[5].FA        full_adder_187                             6     52.550    13.575       66.125 
    full_adder_loop[6].FA        full_adder_186                             6     56.304    13.575       69.879 
    full_adder_loop[7].FA        full_adder_185                             6     52.550    13.575       66.125 
    full_adder_loop[8].FA        full_adder_184                             6     52.550    13.575       66.125 
    full_adder_loop[9].FA        full_adder_183                             6     41.290    15.228       56.518 
  CSA_BLOCKS[3].RCA_C1           ripple_carry_adder_WIDTH10_3              69    449.181   221.638      670.818 
    F1A                          full_adder_48                              4     22.522    10.094       32.616 
    full_adder_loop[1].FA        full_adder_182                            10     52.550    30.457       83.007 
    full_adder_loop[2].FA        full_adder_181                             9     48.797    23.756       72.553 
    full_adder_loop[3].FA        full_adder_180                             7     43.792    16.969       60.761 
    full_adder_loop[4].FA        full_adder_179                             7     45.043    16.969       62.012 
    full_adder_loop[5].FA        full_adder_178                             7     45.043    16.969       62.012 
    full_adder_loop[6].FA        full_adder_177                             7     45.043    16.969       62.012 
    full_adder_loop[7].FA        full_adder_176                             6     40.038    13.575       53.613 
    full_adder_loop[8].FA        full_adder_175                             6     45.043    13.575       58.618 
    full_adder_loop[9].FA        full_adder_174                             6     61.309    15.228       76.537 
  RCA_LSB                        ripple_carry_adder_WIDTH6                 39    325.312   128.614      453.926 
    F1A                          full_adder                                 9     53.802    28.716       82.518 
    full_adder_loop[1].FA        full_adder_224                             7     43.792    16.969       60.761 
    full_adder_loop[2].FA        full_adder_223                             6     52.550    16.969       69.519 
    full_adder_loop[3].FA        full_adder_222                             7     57.555    20.362       77.918 
    full_adder_loop[4].FA        full_adder_221                             5     58.806    10.181       68.988 
    full_adder_loop[5].FA        full_adder_220                             5     58.806    10.181       68.988 
