============================================================
  Generated by:           Genus(TM) Synthesis Solution 23.12-s086_1
  Generated on:           Apr 07 2025  07:22:26 pm
  Module:                 carry_select_adder_661010_32bits
  Operating conditions:   tt_025C_1v80 
  Interconnect mode:      global
  Area mode:              physical library
============================================================

Timing
-------
  Cost    Critical         Violating 
 Group   Path Slack  TNS     Paths   
-------------------------------------
default         0.0   0.0          0 
-------------------------------------
Total                 0.0          0 

Instance Count
--------------
Leaf Instance Count             605 
Physical Instance count           0 
Sequential Instance Count         0 
Combinational Instance Count    605 
Hierarchical Instance Count      65 

Area
----
Cell Area                          4311.635
Physical Cell Area                 0.000
Total Cell Area (Cell+Physical)    4311.635
Net Area                           2993.630
Total Area (Cell+Physical+Net)     7305.265

Max Fanout                         12 (C0[2])
Min Fanout                         1 (C0[1])
Average Fanout                     1.6
Terms to net ratio                 2.4815
Terms to instance ratio            2.7769
Runtime                            18.377843 seconds
Elapsed Runtime                    21 seconds
Genus peak memory usage            2006.65 
Innovus peak memory usage          no_value 
Hostname                           cadmicro-inf-el8-623207
