============================================================
  Generated by:           Genus(TM) Synthesis Solution 23.12-s086_1
  Generated on:           Apr 07 2025  01:34:06 pm
  Module:                 cla_32bits
  Operating conditions:   tt_025C_1v80 
  Interconnect mode:      global
  Area mode:              physical library
============================================================

Timing
-------
  Cost    Critical         Violating 
 Group   Path Slack  TNS     Paths   
-------------------------------------
default         0.1   0.0          0 
-------------------------------------
Total                 0.0          0 

Instance Count
--------------
Leaf Instance Count             533 
Physical Instance count           0 
Sequential Instance Count         0 
Combinational Instance Count    533 
Hierarchical Instance Count     148 

Area
----
Cell Area                          3398.259
Physical Cell Area                 0.000
Total Cell Area (Cell+Physical)    3398.259
Net Area                           2727.177
Total Area (Cell+Physical+Net)     6125.436

Max Fanout                         33 (n_8)
Min Fanout                         0 (G3128)
Average Fanout                     1.7
Terms to net ratio                 2.5415
Terms to instance ratio            2.8705
Runtime                            17.805108999999998 seconds
Elapsed Runtime                    19 seconds
Genus peak memory usage            1897.54 
Innovus peak memory usage          no_value 
Hostname                           cadmicro-inf-el8-623207
