============================================================
  Generated by:           Genus(TM) Synthesis Solution 23.12-s086_1
  Generated on:           Apr 07 2025  05:07:36 pm
  Module:                 carry_increment_32bits
  Operating conditions:   tt_025C_1v80 
  Interconnect mode:      global
  Area mode:              physical library
============================================================

Timing
-------
  Cost    Critical          Violating 
 Group   Path Slack   TNS     Paths   
--------------------------------------
default        -0.4   -0.4          1 
--------------------------------------
Total                 -0.4          1 

Instance Count
--------------
Leaf Instance Count             663 
Physical Instance count           0 
Sequential Instance Count         0 
Combinational Instance Count    663 
Hierarchical Instance Count      40 

Area
----
Cell Area                          4402.973
Physical Cell Area                 0.000
Total Cell Area (Cell+Physical)    4402.973
Net Area                           3277.572
Total Area (Cell+Physical+Net)     7680.545

Max Fanout                         8 (n_1039)
Min Fanout                         1 (C2[4])
Average Fanout                     1.7
Terms to net ratio                 2.5377
Terms to instance ratio            2.7903
Runtime                            40.934665 seconds
Elapsed Runtime                    43 seconds
Genus peak memory usage            2025.38 
Innovus peak memory usage          no_value 
Hostname                           cadmicro-inf-el8-623207
