============================================================
  Generated by:           Genus(TM) Synthesis Solution 23.12-s086_1
  Generated on:           Apr 07 2025  05:07:36 pm
  Module:                 carry_increment_32bits
  Operating conditions:   tt_025C_1v80 
  Interconnect mode:      global
  Area mode:              physical library
============================================================


Path 1: MET (-0 ps) Path Delay Check
     Startpoint: (F) B[21]
       Endpoint: (R) S[29]

                   Capture    Launch  
      Path Delay:+    1620         -  
      Drv Adjust:+       0         0  
         Arrival:=    1620            
                                      
   Required Time:=    1620            
       Data Path:-    1620            
           Slack:=      -0            

Exceptions/Constraints:
  max_delay             1620            constraints.sdc_line_1 

#---------------------------------------------------------------------------------------------------------------------------------
#              Timing Point                Flags   Arc   Edge           Cell             Fanout Load Trans Delay Arrival Instance 
#                                                                                               (fF)  (ps)  (ps)   (ps)  Location 
#---------------------------------------------------------------------------------------------------------------------------------
  B[21]                                    -       -     F     (arrival)                      1  3.3  1000     0       0    (-,-) 
  g2936/X                                  -       A->X  F     sky130_fd_sc_hd__clkbuf_1      2  7.0    68   334     334    (-,-) 
  RCAS[5].RCA2/full_adder_loop[1].FA/g29/Y -       A->Y  R     sky130_fd_sc_hd__clkinv_1      1  5.9    45    64     397    (-,-) 
  RCAS[5].RCA2/full_adder_loop[1].FA/g27/Y -       B->Y  F     sky130_fd_sc_hd__nand2_2       2  8.4    44    59     456    (-,-) 
  RCAS[5].RCA2/full_adder_loop[1].FA/g26/Y -       A->Y  R     sky130_fd_sc_hd__nand2_2       1 10.1    72    73     529    (-,-) 
  RCAS[5].RCA2/full_adder_loop[1].FA/g24/Y -       A->Y  F     sky130_fd_sc_hd__nand2_4       3 13.9    51    59     588    (-,-) 
  RCAS[5].RCA2/full_adder_loop[2].FA/g23/Y -       A->Y  R     sky130_fd_sc_hd__nand2_1       1  5.9    71    76     664    (-,-) 
  RCAS[5].RCA2/full_adder_loop[2].FA/g11/Y -       B->Y  F     sky130_fd_sc_hd__nand2_2       2  7.8    44    65     728    (-,-) 
  g8380__8533/Y                            -       B->Y  R     sky130_fd_sc_hd__nand3_2       1  6.8    64    75     804    (-,-) 
  fopt8532/Y                               -       A->Y  F     sky130_fd_sc_hd__clkinv_2      3 12.7    57    74     878    (-,-) 
  g9033/Y                                  -       A->Y  R     sky130_fd_sc_hd__nand2_2       3 11.9    81    85     963    (-,-) 
  g9034/Y                                  -       A->Y  F     sky130_fd_sc_hd__nand2_2       2  8.5    50    64    1027    (-,-) 
  g9021/Y                                  -       A->Y  R     sky130_fd_sc_hd__nand2_2       1 10.1    72    75    1102    (-,-) 
  g122/Y                                   -       A->Y  F     sky130_fd_sc_hd__nand2_4       5 21.0    59    70    1172    (-,-) 
  g8988/Y                                  -       A->Y  R     sky130_fd_sc_hd__nand2_1       1  5.9    75    79    1251    (-,-) 
  g8987/Y                                  -       A->Y  F     sky130_fd_sc_hd__nand2_2       1  5.6    39    53    1305    (-,-) 
  g8884/Y                                  -       A->Y  R     sky130_fd_sc_hd__nand2_2       1  5.7    51    55    1360    (-,-) 
  g8188__3680/Y                            -       A->Y  F     sky130_fd_sc_hd__nand3_2       1  9.6    77    78    1438    (-,-) 
  g19/Y                                    -       C->Y  R     sky130_fd_sc_hd__nand3_4       1 51.3   188   182    1620    (-,-) 
  S[29]                                    <<<     -     R     (port)                         -    -     -     0    1620    (-,-) 
#---------------------------------------------------------------------------------------------------------------------------------

