============================================================
  Generated by:           Genus(TM) Synthesis Solution 23.12-s086_1
  Generated on:           Apr 07 2025  04:56:14 pm
  Module:                 carry_bypass8_32bits
  Operating conditions:   tt_025C_1v80 
  Interconnect mode:      global
  Area mode:              physical library
============================================================


Path 1: MET (0 ps) Path Delay Check
     Startpoint: (F) A[0]
       Endpoint: (F) Cout

                   Capture    Launch  
      Path Delay:+    4651         -  
      Drv Adjust:+       0         0  
         Arrival:=    4651            
                                      
   Required Time:=    4651            
       Data Path:-    4651            
           Slack:=       0            

Exceptions/Constraints:
  max_delay             4651            constraints.sdc_line_1 

#-----------------------------------------------------------------------------------------------------------------------------
#            Timing Point              Flags   Arc   Edge           Cell             Fanout Load Trans Delay Arrival Instance 
#                                                                                           (fF)  (ps)  (ps)   (ps)  Location 
#-----------------------------------------------------------------------------------------------------------------------------
  A[0]                                 -       -     F     (arrival)                      1  8.0  1000     0       0    (-,-) 
  g22/X                                -       A->X  F     sky130_fd_sc_hd__buf_8         4 19.2    55   424     424    (-,-) 
  BPS1/FA1/g195__6260/Y                -       A->Y  R     sky130_fd_sc_hd__nor2_4        1  6.0    72   104     528    (-,-) 
  BPS1/FA1/g192__2398/Y                -       A2->Y F     sky130_fd_sc_hd__o21ai_2       2  7.8    49    65     593    (-,-) 
  BPS1/FA2/g124__3680/Y                -       A->Y  R     sky130_fd_sc_hd__nand2_2       1  5.9    51    60     653    (-,-) 
  BPS1/FA2/g122__5526/Y                -       A->Y  F     sky130_fd_sc_hd__nand2_2       2  7.8    44    54     707    (-,-) 
  BPS1/FA3/g124__7098/Y                -       A->Y  R     sky130_fd_sc_hd__nand2_2       1  5.9    51    58     765    (-,-) 
  BPS1/FA3/g122__5122/Y                -       A->Y  F     sky130_fd_sc_hd__nand2_2       2  7.8    44    54     819    (-,-) 
  BPS1/FA4/g124__6161/Y                -       A->Y  R     sky130_fd_sc_hd__nand2_2       1  5.9    51    58     876    (-,-) 
  BPS1/FA4/g122__7482/Y                -       A->Y  F     sky130_fd_sc_hd__nand2_2       2  7.8    44    54     930    (-,-) 
  BPS1/FA5/g124__7410/Y                -       A->Y  R     sky130_fd_sc_hd__nand2_2       1  5.9    52    58     988    (-,-) 
  BPS1/FA5/g122__2346/Y                -       A->Y  F     sky130_fd_sc_hd__nand2_2       2  7.8    44    54    1042    (-,-) 
  BPS1/FA6/g124__4319/Y                -       A->Y  R     sky130_fd_sc_hd__nand2_2       1  5.9    52    58    1100    (-,-) 
  BPS1/FA6/g122__5107/Y                -       A->Y  F     sky130_fd_sc_hd__nand2_2       2  7.8    44    54    1154    (-,-) 
  BPS1/FA7/g124__2802/Y                -       A->Y  R     sky130_fd_sc_hd__nand2_2       1  5.9    54    58    1212    (-,-) 
  BPS1/FA7/g122__3680/Y                -       A->Y  F     sky130_fd_sc_hd__nand2_2       2  7.8    44    55    1267    (-,-) 
  BPS1/FA8/g124__1881/Y                -       A->Y  R     sky130_fd_sc_hd__nand2_2       1  5.9    54    58    1324    (-,-) 
  BPS1/FA8/g122__7098/Y                -       A->Y  F     sky130_fd_sc_hd__nand2_2       1  5.6    36    48    1373    (-,-) 
  BPS1/g383__9315/Y                    -       A->Y  R     sky130_fd_sc_hd__nand2_2       1 10.6    76    71    1444    (-,-) 
  BPS1/g382__6161/Y                    -       B->Y  F     sky130_fd_sc_hd__nand2b_4      3  9.8    45    61    1505    (-,-) 
  bypass_loop[1].BPS2/FA1/g124__3680/Y -       A->Y  R     sky130_fd_sc_hd__nand2_2       1  5.9    54    59    1563    (-,-) 
  bypass_loop[1].BPS2/FA1/g122__5526/Y -       A->Y  F     sky130_fd_sc_hd__nand2_2       2  7.8    44    55    1618    (-,-) 
  bypass_loop[1].BPS2/FA2/g124__7098/Y -       A->Y  R     sky130_fd_sc_hd__nand2_2       1  5.9    54    58    1676    (-,-) 
  bypass_loop[1].BPS2/FA2/g122__5122/Y -       A->Y  F     sky130_fd_sc_hd__nand2_2       2  7.8    44    55    1730    (-,-) 
  bypass_loop[1].BPS2/FA3/g124__6161/Y -       A->Y  R     sky130_fd_sc_hd__nand2_2       1  5.9    54    58    1788    (-,-) 
  bypass_loop[1].BPS2/FA3/g122__7482/Y -       A->Y  F     sky130_fd_sc_hd__nand2_2       2  7.8    44    55    1842    (-,-) 
  bypass_loop[1].BPS2/FA4/g124__7410/Y -       A->Y  R     sky130_fd_sc_hd__nand2_2       1  5.9    54    58    1900    (-,-) 
  bypass_loop[1].BPS2/FA4/g122__2346/Y -       A->Y  F     sky130_fd_sc_hd__nand2_2       2  7.8    44    55    1955    (-,-) 
  bypass_loop[1].BPS2/FA5/g124__4319/Y -       A->Y  R     sky130_fd_sc_hd__nand2_2       1  5.9    54    58    2012    (-,-) 
  bypass_loop[1].BPS2/FA5/g122__5107/Y -       A->Y  F     sky130_fd_sc_hd__nand2_2       2  7.8    44    55    2067    (-,-) 
  bypass_loop[1].BPS2/FA6/g124__2802/Y -       A->Y  R     sky130_fd_sc_hd__nand2_2       1  5.9    54    58    2125    (-,-) 
  bypass_loop[1].BPS2/FA6/g122__3680/Y -       A->Y  F     sky130_fd_sc_hd__nand2_2       2  7.8    44    55    2179    (-,-) 
  bypass_loop[1].BPS2/FA7/g124__1881/Y -       A->Y  R     sky130_fd_sc_hd__nand2_2       1  5.9    54    58    2237    (-,-) 
  bypass_loop[1].BPS2/FA7/g122__7098/Y -       A->Y  F     sky130_fd_sc_hd__nand2_2       2  7.8    44    55    2292    (-,-) 
  bypass_loop[1].BPS2/FA8/g124__9945/Y -       A->Y  R     sky130_fd_sc_hd__nand2_2       1  5.9    54    58    2349    (-,-) 
  bypass_loop[1].BPS2/FA8/g122__6161/Y -       A->Y  F     sky130_fd_sc_hd__nand2_2       1  5.6    36    48    2398    (-,-) 
  bypass_loop[1].BPS2/g393__6417/Y     -       A->Y  R     sky130_fd_sc_hd__nand2_2       1 10.6    81    71    2469    (-,-) 
  bypass_loop[1].BPS2/g392__7410/Y     -       B->Y  F     sky130_fd_sc_hd__nand2b_4      3  9.8    45    62    2531    (-,-) 
  bypass_loop[2].BPS2/FA1/g124__7098/Y -       A->Y  R     sky130_fd_sc_hd__nand2_2       1  5.9    52    59    2589    (-,-) 
  bypass_loop[2].BPS2/FA1/g122__5122/Y -       A->Y  F     sky130_fd_sc_hd__nand2_2       2  7.8    44    54    2644    (-,-) 
  bypass_loop[2].BPS2/FA2/g124__6161/Y -       A->Y  R     sky130_fd_sc_hd__nand2_2       1  5.9    54    58    2701    (-,-) 
  bypass_loop[2].BPS2/FA2/g122__7482/Y -       A->Y  F     sky130_fd_sc_hd__nand2_2       2  7.8    44    55    2756    (-,-) 
  bypass_loop[2].BPS2/FA3/g124__7410/Y -       A->Y  R     sky130_fd_sc_hd__nand2_2       1  5.9    54    58    2814    (-,-) 
  bypass_loop[2].BPS2/FA3/g122__2346/Y -       A->Y  F     sky130_fd_sc_hd__nand2_2       2  7.8    44    55    2868    (-,-) 
  bypass_loop[2].BPS2/FA4/g124__4319/Y -       A->Y  R     sky130_fd_sc_hd__nand2_2       1  5.9    54    58    2926    (-,-) 
  bypass_loop[2].BPS2/FA4/g122__5107/Y -       A->Y  F     sky130_fd_sc_hd__nand2_2       2  7.8    44    55    2980    (-,-) 
  bypass_loop[2].BPS2/FA5/g124__1617/Y -       A->Y  R     sky130_fd_sc_hd__nand2_2       1  5.9    54    58    3038    (-,-) 
  bypass_loop[2].BPS2/FA5/g122__3680/Y -       A->Y  F     sky130_fd_sc_hd__nand2_2       2  7.8    44    55    3093    (-,-) 
  bypass_loop[2].BPS2/FA6/g124__7098/Y -       A->Y  R     sky130_fd_sc_hd__nand2_2       1  5.9    54    58    3150    (-,-) 
  bypass_loop[2].BPS2/FA6/g122__8246/Y -       A->Y  F     sky130_fd_sc_hd__nand2_2       2  7.8    44    55    3205    (-,-) 
  bypass_loop[2].BPS2/FA7/g124__4733/Y -       A->Y  R     sky130_fd_sc_hd__nand2_2       1  5.9    54    58    3263    (-,-) 
  bypass_loop[2].BPS2/FA7/g122__7482/Y -       A->Y  F     sky130_fd_sc_hd__nand2_2       2  7.8    44    55    3318    (-,-) 
  bypass_loop[2].BPS2/FA8/g124__2346/Y -       A->Y  R     sky130_fd_sc_hd__nand2_2       1  5.9    54    58    3376    (-,-) 
  bypass_loop[2].BPS2/FA8/g122__2883/Y -       A->Y  F     sky130_fd_sc_hd__nand2_2       1  5.6    36    48    3424    (-,-) 
  bypass_loop[2].BPS2/g393__2398/Y     -       A->Y  R     sky130_fd_sc_hd__nand2_2       1 10.6    81    71    3495    (-,-) 
  bypass_loop[2].BPS2/g392__5477/Y     -       B->Y  F     sky130_fd_sc_hd__nand2b_4      3 10.0    46    62    3557    (-,-) 
  bypass_loop[3].BPS2/FA1/g124__1881/Y -       A->Y  R     sky130_fd_sc_hd__nand2_2       1  5.9    54    59    3616    (-,-) 
  bypass_loop[3].BPS2/FA1/g122__7098/Y -       A->Y  F     sky130_fd_sc_hd__nand2_2       2  7.8    44    55    3671    (-,-) 
  bypass_loop[3].BPS2/FA2/g124__9945/Y -       A->Y  R     sky130_fd_sc_hd__nand2_2       1  5.9    54    58    3729    (-,-) 
  bypass_loop[3].BPS2/FA2/g122__6161/Y -       A->Y  F     sky130_fd_sc_hd__nand2_2       2  7.8    44    55    3783    (-,-) 
  bypass_loop[3].BPS2/FA3/g124__5477/Y -       A->Y  R     sky130_fd_sc_hd__nand2_2       1  5.9    54    58    3841    (-,-) 
  bypass_loop[3].BPS2/FA3/g122__7410/Y -       A->Y  F     sky130_fd_sc_hd__nand2_2       2 11.8    58    66    3907    (-,-) 
  bypass_loop[3].BPS2/FA4/g124__5526/Y -       A->Y  R     sky130_fd_sc_hd__nand2_4       1 10.1    57    65    3972    (-,-) 
  bypass_loop[3].BPS2/FA4/g122__4319/Y -       A->Y  F     sky130_fd_sc_hd__nand2_4       2 11.8    40    52    4024    (-,-) 
  bypass_loop[3].BPS2/FA5/g124__5122/Y -       A->Y  R     sky130_fd_sc_hd__nand2_4       1 10.1    57    57    4081    (-,-) 
  bypass_loop[3].BPS2/FA5/g122__2802/Y -       A->Y  F     sky130_fd_sc_hd__nand2_4       2 11.8    40    52    4133    (-,-) 
  bypass_loop[3].BPS2/FA6/g124__7482/Y -       A->Y  R     sky130_fd_sc_hd__nand2_4       1 10.1    52    57    4190    (-,-) 
  bypass_loop[3].BPS2/FA6/g122__1881/Y -       A->Y  F     sky130_fd_sc_hd__nand2_4       2 14.6    49    55    4245    (-,-) 
  bypass_loop[3].BPS2/FA7/g124__2346/Y -       A->Y  R     sky130_fd_sc_hd__nand2_4       1 10.1    57    61    4306    (-,-) 
  bypass_loop[3].BPS2/FA7/g122__9945/Y -       A->Y  F     sky130_fd_sc_hd__nand2_4       3 11.3    43    51    4357    (-,-) 
  bypass_loop[3].BPS2/FA8/g126__6260/Y -       A->Y  R     sky130_fd_sc_hd__nand2_2       1  5.9    54    58    4414    (-,-) 
  bypass_loop[3].BPS2/FA8/g122__5477/Y -       A->Y  F     sky130_fd_sc_hd__nand2_2       1  5.6    36    48    4463    (-,-) 
  bypass_loop[3].BPS2/g401__3680/Y     -       A->Y  R     sky130_fd_sc_hd__nand2_2       1 10.1    78    70    4532    (-,-) 
  bypass_loop[3].BPS2/g2__6161/Y       -       A->Y  F     sky130_fd_sc_hd__nand2_4       1 51.3   118   118    4651    (-,-) 
  Cout                                 -       -     F     (port)                         -    -     -     0    4651    (-,-) 
#-----------------------------------------------------------------------------------------------------------------------------

