============================================================
  Generated by:           Genus(TM) Synthesis Solution 23.12-s086_1
  Generated on:           Apr 07 2025  04:56:14 pm
  Module:                 carry_bypass8_32bits
  Operating conditions:   tt_025C_1v80 
  Interconnect mode:      global
  Area mode:              physical library
============================================================

Timing
-------
  Cost    Critical         Violating 
 Group   Path Slack  TNS     Paths   
-------------------------------------
default         0.0   0.0          0 
-------------------------------------
Total                 0.0          0 

Instance Count
--------------
Leaf Instance Count             378 
Physical Instance count           0 
Sequential Instance Count         0 
Combinational Instance Count    378 
Hierarchical Instance Count      36 

Area
----
Cell Area                          2458.608
Physical Cell Area                 0.000
Total Cell Area (Cell+Physical)    2458.608
Net Area                           1893.622
Total Area (Cell+Physical+Net)     4352.230

Max Fanout                         4 (n_4)
Min Fanout                         1 (Cout)
Average Fanout                     1.5
Terms to net ratio                 2.3296
Terms to instance ratio            2.7302
Runtime                            15.587702000000002 seconds
Elapsed Runtime                    17 seconds
Genus peak memory usage            1892.46 
Innovus peak memory usage          no_value 
Hostname                           cadmicro-inf-el8-623207
