    Hinst Name                               Module Name                     Inst Count           Total Area
---------------------------------------------------------------------------------------------------------
carry_select_adder_8888_32bits                                                      414             3558.413
  CSA_BLOCKS[1].RCA_C0                       ripple_carry_adder_WIDTH8_5_231         49              424.157
    CSA_BLOCKS[1].RCA_C0/F1A                 full_adder_24_228                        3               26.275
    CSA_BLOCKS[1].RCA_C0/full_adder_loop[1].FA full_adder_219                           8               53.802
    CSA_BLOCKS[1].RCA_C0/full_adder_loop[2].FA full_adder_218                           8               60.058
    CSA_BLOCKS[1].RCA_C0/full_adder_loop[3].FA full_adder_217                           6               52.550
    CSA_BLOCKS[1].RCA_C0/full_adder_loop[4].FA full_adder_216                           6               56.304
    CSA_BLOCKS[1].RCA_C0/full_adder_loop[5].FA full_adder_215                           6               57.555
    CSA_BLOCKS[1].RCA_C0/full_adder_loop[6].FA full_adder_214                           6               57.555
    CSA_BLOCKS[1].RCA_C0/full_adder_loop[7].FA full_adder_213                           6               60.058
  CSA_BLOCKS[1].RCA_C1                       ripple_carry_adder_WIDTH8_6_233         50              415.398
    CSA_BLOCKS[1].RCA_C1/F1A                 full_adder_32_230                        3               31.280
    CSA_BLOCKS[1].RCA_C1/full_adder_loop[1].FA full_adder_212                           8               52.550
    CSA_BLOCKS[1].RCA_C1/full_adder_loop[2].FA full_adder_211                           8               47.546
    CSA_BLOCKS[1].RCA_C1/full_adder_loop[3].FA full_adder_210                           6               50.048
    CSA_BLOCKS[1].RCA_C1/full_adder_loop[4].FA full_adder_209                           6               55.053
    CSA_BLOCKS[1].RCA_C1/full_adder_loop[5].FA full_adder_208                           6               60.058
    CSA_BLOCKS[1].RCA_C1/full_adder_loop[6].FA full_adder_207                           6               55.053
    CSA_BLOCKS[1].RCA_C1/full_adder_loop[7].FA full_adder_206                           6               60.058
  CSA_BLOCKS[2].RCA_C0                       ripple_carry_adder_WIDTH8_5_232         45              342.829
    CSA_BLOCKS[2].RCA_C0/F1A                 full_adder_24                            4               30.029
    CSA_BLOCKS[2].RCA_C0/full_adder_loop[1].FA full_adder_205                           6               51.299
    CSA_BLOCKS[2].RCA_C0/full_adder_loop[2].FA full_adder_204                           6               37.536
    CSA_BLOCKS[2].RCA_C0/full_adder_loop[3].FA full_adder_203                           6               41.290
    CSA_BLOCKS[2].RCA_C0/full_adder_loop[4].FA full_adder_202                           6               41.290
    CSA_BLOCKS[2].RCA_C0/full_adder_loop[5].FA full_adder_201                           6               43.792
    CSA_BLOCKS[2].RCA_C0/full_adder_loop[6].FA full_adder_200                           6               45.043
    CSA_BLOCKS[2].RCA_C0/full_adder_loop[7].FA full_adder_199                           5               52.550
  CSA_BLOCKS[2].RCA_C1                       ripple_carry_adder_WIDTH8_6_234         46              326.563
    CSA_BLOCKS[2].RCA_C1/F1A                 full_adder_32                            4               22.522
    CSA_BLOCKS[2].RCA_C1/full_adder_loop[1].FA full_adder_198                           8               42.541
    CSA_BLOCKS[2].RCA_C1/full_adder_loop[2].FA full_adder_197                           6               37.536
    CSA_BLOCKS[2].RCA_C1/full_adder_loop[3].FA full_adder_196                           6               40.038
    CSA_BLOCKS[2].RCA_C1/full_adder_loop[4].FA full_adder_195                           5               50.048
    CSA_BLOCKS[2].RCA_C1/full_adder_loop[5].FA full_adder_194                           6               46.294
    CSA_BLOCKS[2].RCA_C1/full_adder_loop[6].FA full_adder_193                           6               40.038
    CSA_BLOCKS[2].RCA_C1/full_adder_loop[7].FA full_adder_192                           5               47.546
  CSA_BLOCKS[3].RCA_C0                       ripple_carry_adder_WIDTH8_5             36              335.322
    CSA_BLOCKS[3].RCA_C0/F1A                 full_adder_24_227                        1               25.024
    CSA_BLOCKS[3].RCA_C0/full_adder_loop[1].FA full_adder_191                           8               45.043
    CSA_BLOCKS[3].RCA_C0/full_adder_loop[2].FA full_adder_190                           6               46.294
    CSA_BLOCKS[3].RCA_C0/full_adder_loop[3].FA full_adder_189                           6               43.792
    CSA_BLOCKS[3].RCA_C0/full_adder_loop[4].FA full_adder_188                           5               50.048
    CSA_BLOCKS[3].RCA_C0/full_adder_loop[5].FA full_adder_187                           4               42.541
    CSA_BLOCKS[3].RCA_C0/full_adder_loop[6].FA full_adder_186                           1               33.782
    CSA_BLOCKS[3].RCA_C0/full_adder_loop[7].FA full_adder_185                           1               33.782
  CSA_BLOCKS[3].RCA_C1                       ripple_carry_adder_WIDTH8_6             37              342.829
    CSA_BLOCKS[3].RCA_C1/F1A                 full_adder_32_229                        4               26.275
    CSA_BLOCKS[3].RCA_C1/full_adder_loop[1].FA full_adder_184                           8               47.546
    CSA_BLOCKS[3].RCA_C1/full_adder_loop[2].FA full_adder_183                           7               55.053
    CSA_BLOCKS[3].RCA_C1/full_adder_loop[3].FA full_adder_182                           6               53.802
    CSA_BLOCKS[3].RCA_C1/full_adder_loop[4].FA full_adder_181                           5               52.550
    CSA_BLOCKS[3].RCA_C1/full_adder_loop[5].FA full_adder_180                           5               40.038
    CSA_BLOCKS[3].RCA_C1/full_adder_loop[6].FA full_adder_179                           1               33.782
    CSA_BLOCKS[3].RCA_C1/full_adder_loop[7].FA full_adder_178                           1               33.782
  RCA_LSB                                    ripple_carry_adder_WIDTH8               55              531.760
    RCA_LSB/F1A                              full_adder                               7               53.802
    RCA_LSB/full_adder_loop[1].FA            full_adder_226                           8               72.570
    RCA_LSB/full_adder_loop[2].FA            full_adder_225                           8               65.062
    RCA_LSB/full_adder_loop[3].FA            full_adder_224                           6               57.555
    RCA_LSB/full_adder_loop[4].FA            full_adder_223                           5               62.560
    RCA_LSB/full_adder_loop[5].FA            full_adder_222                           5               66.314
    RCA_LSB/full_adder_loop[6].FA            full_adder_221                           5               65.062
    RCA_LSB/full_adder_loop[7].FA            full_adder_220                           5               66.314
