Hinst Name                Module Name          Inst Count           Total Area               Buffer             Inverter        Combinational                 Flop                Latch           Clock Gate                Macro             Physical
---------------------------------------------------------------------------------------------------------------------------------------------------------------------------------------------------------------------------------------------------------------
carry_skip4_32bits                                    765             4785.840              105.101              125.120             2658.800                0.000                0.000                0.000                0.000             1896.819
  CSKIP1                  skip4                        40              412.896                7.507               47.546              357.843                0.000                0.000                0.000                0.000                0.000
    CSKIP1/FA1            full_adder                    6               86.333                0.000               16.266               70.067                0.000                0.000                0.000                0.000                0.000
    CSKIP1/FA2            full_adder_100                8               62.560                0.000                7.507               55.053                0.000                0.000                0.000                0.000                0.000
    CSKIP1/FA3            full_adder_99                 8               65.062                0.000                7.507               57.555                0.000                0.000                0.000                0.000                0.000
    CSKIP1/FA4            full_adder_98                 8               65.062                0.000                7.507               57.555                0.000                0.000                0.000                0.000                0.000
  skip_loop[1].CSKIP2     skip4_107                    35              334.070               12.512                8.758              312.800                0.000                0.000                0.000                0.000                0.000
    skip_loop[1].CSKIP2/FA1 full_adder_97                 6               60.058                0.000                0.000               60.058                0.000                0.000                0.000                0.000                0.000
    skip_loop[1].CSKIP2/FA2 full_adder_96                 6               60.058                0.000                0.000               60.058                0.000                0.000                0.000                0.000                0.000
    skip_loop[1].CSKIP2/FA3 full_adder_95                 6               60.058                0.000                0.000               60.058                0.000                0.000                0.000                0.000                0.000
    skip_loop[1].CSKIP2/FA4 full_adder_94                 6               60.058                0.000                0.000               60.058                0.000                0.000                0.000                0.000                0.000
  skip_loop[2].CSKIP2     skip4_106                    34              306.544                7.507                5.005              294.032                0.000                0.000                0.000                0.000                0.000
    skip_loop[2].CSKIP2/FA1 full_adder_93                 6               60.058                0.000                0.000               60.058                0.000                0.000                0.000                0.000                0.000
    skip_loop[2].CSKIP2/FA2 full_adder_92                 6               60.058                0.000                0.000               60.058                0.000                0.000                0.000                0.000                0.000
    skip_loop[2].CSKIP2/FA3 full_adder_91                 6               60.058                0.000                0.000               60.058                0.000                0.000                0.000                0.000                0.000
    skip_loop[2].CSKIP2/FA4 full_adder_90                 6               50.048                0.000                0.000               50.048                0.000                0.000                0.000                0.000                0.000
  skip_loop[3].CSKIP2     skip4_105                    34              306.544                7.507                5.005              294.032                0.000                0.000                0.000                0.000                0.000
    skip_loop[3].CSKIP2/FA1 full_adder_89                 6               60.058                0.000                0.000               60.058                0.000                0.000                0.000                0.000                0.000
    skip_loop[3].CSKIP2/FA2 full_adder_88                 6               60.058                0.000                0.000               60.058                0.000                0.000                0.000                0.000                0.000
    skip_loop[3].CSKIP2/FA3 full_adder_87                 6               60.058                0.000                0.000               60.058                0.000                0.000                0.000                0.000                0.000
    skip_loop[3].CSKIP2/FA4 full_adder_86                 6               50.048                0.000                0.000               50.048                0.000                0.000                0.000                0.000                0.000
  skip_loop[4].CSKIP2     skip4_104                    32              330.317               11.261                3.754              315.302                0.000                0.000                0.000                0.000                0.000
    skip_loop[4].CSKIP2/FA1 full_adder_85                 6               60.058                0.000                0.000               60.058                0.000                0.000                0.000                0.000                0.000
    skip_loop[4].CSKIP2/FA2 full_adder_84                 5               62.560                0.000                0.000               62.560                0.000                0.000                0.000                0.000                0.000
    skip_loop[4].CSKIP2/FA3 full_adder_83                 5               62.560                0.000                0.000               62.560                0.000                0.000                0.000                0.000                0.000
    skip_loop[4].CSKIP2/FA4 full_adder_82                 5               57.555                0.000                0.000               57.555                0.000                0.000                0.000                0.000                0.000
  skip_loop[5].CSKIP2     skip4_103                    31              329.066                7.507                3.754              317.805                0.000                0.000                0.000                0.000                0.000
    skip_loop[5].CSKIP2/FA1 full_adder_81                 5               62.560                0.000                0.000               62.560                0.000                0.000                0.000                0.000                0.000
    skip_loop[5].CSKIP2/FA2 full_adder_80                 6               61.309                0.000                0.000               61.309                0.000                0.000                0.000                0.000                0.000
    skip_loop[5].CSKIP2/FA3 full_adder_79                 5               67.565                0.000                0.000               67.565                0.000                0.000                0.000                0.000                0.000
    skip_loop[5].CSKIP2/FA4 full_adder_78                 5               62.560                0.000                0.000               62.560                0.000                0.000                0.000                0.000                0.000
  skip_loop[6].CSKIP2     skip4_102                    38              356.592                7.507               12.512              336.573                0.000                0.000                0.000                0.000                0.000
    skip_loop[6].CSKIP2/FA1 full_adder_77                 6               62.560                0.000                0.000               62.560                0.000                0.000                0.000                0.000                0.000
    skip_loop[6].CSKIP2/FA2 full_adder_76                 6               71.318                0.000                0.000               71.318                0.000                0.000                0.000                0.000                0.000
    skip_loop[6].CSKIP2/FA3 full_adder_75                 6               71.318                0.000                0.000               71.318                0.000                0.000                0.000                0.000                0.000
    skip_loop[6].CSKIP2/FA4 full_adder_74                10               76.323                0.000                8.758               67.565                0.000                0.000                0.000                0.000                0.000
  skip_loop[7].CSKIP2     skip4_101                    52              490.470               21.270               38.787              430.413                0.000                0.000                0.000                0.000                0.000
    skip_loop[7].CSKIP2/FA1 full_adder_73                11               91.338                5.005                8.758               77.574                0.000                0.000                0.000                0.000                0.000
    skip_loop[7].CSKIP2/FA2 full_adder_72                10              103.850                0.000                8.758               95.091                0.000                0.000                0.000                0.000                0.000
    skip_loop[7].CSKIP2/FA3 full_adder_71                10              103.850                0.000                8.758               95.091                0.000                0.000                0.000                0.000                0.000
    skip_loop[7].CSKIP2/FA4 full_adder_70                 9              101.347                0.000                3.754               97.594                0.000                0.000                0.000                0.000                0.000
