###############################################################
#  Generated by:      Cadence Innovus 23.32-s091_1
#  OS:                Linux x86_64(Host ID cadmicro-inf-el8-623207)
#  Generated on:      Wed Apr  9 12:43:25 2025
#  Design:            carry_skip4_32bits
#  Command:           report_timing > reports/report_timing.rpt
###############################################################
Path 1: VIOLATED Path Delay Check
Endpoint:   Cout (v)
Beginpoint: A[0] (v) triggered by  leading edge of '@'
Path Groups: {default}
Analysis View: default_emulate_view
- External Delay                0.000
+ Path Delay                    4.350
= Required Time                 4.350
- Arrival Time                  4.833
= Slack Time                   -0.483
     Clock Rise Edge                      0.000
     + Input Delay                        0.000
     = Beginpoint Arrival Time            0.000
     +-----------------------------------------------------------------------------------------------------------+ 
     |              Instance              |     Arc     |           Cell            | Delay | Arrival | Required | 
     |                                    |             |                           |       |  Time   |   Time   | 
     |------------------------------------+-------------+---------------------------+-------+---------+----------| 
     |                                    | A[0] v      |                           |       |   0.000 |   -0.483 | 
     | CSKIP1/FA1/g195__6260              | A v -> Y ^  | sky130_fd_sc_hd__nor2_8   | 0.328 |   0.328 |   -0.155 | 
     | CSKIP1/FA1/g192__2398              | A2 ^ -> Y v | sky130_fd_sc_hd__o21ai_2  | 0.102 |   0.430 |   -0.053 | 
     | CSKIP1/FA2/g124__3680              | A v -> Y ^  | sky130_fd_sc_hd__nand2_4  | 0.076 |   0.506 |    0.023 | 
     | CSKIP1/FA2/g122__5526              | A ^ -> Y v  | sky130_fd_sc_hd__nand2_4  | 0.056 |   0.562 |    0.079 | 
     | CSKIP1/FA3/g124__7098              | A v -> Y ^  | sky130_fd_sc_hd__nand2_4  | 0.066 |   0.627 |    0.144 | 
     | CSKIP1/FA3/g122__5122              | A ^ -> Y v  | sky130_fd_sc_hd__nand2_4  | 0.053 |   0.680 |    0.197 | 
     | CSKIP1/FA4/g124__6161              | A v -> Y ^  | sky130_fd_sc_hd__nand2_4  | 0.064 |   0.745 |    0.262 | 
     | CSKIP1/FA4/g122__7482              | A ^ -> Y v  | sky130_fd_sc_hd__nand2_4  | 0.048 |   0.793 |    0.310 | 
     | CSKIP1/g74                         | A v -> Y ^  | sky130_fd_sc_hd__clkinv_4 | 0.049 |   0.842 |    0.359 | 
     | CSKIP1/g183__2346                  | A ^ -> Y v  | sky130_fd_sc_hd__nand2_4  | 0.050 |   0.891 |    0.408 | 
     | skip_loop[1].CSKIP2/FA1/g124__8428 | A v -> Y ^  | sky130_fd_sc_hd__nand2_4  | 0.071 |   0.962 |    0.479 | 
     | skip_loop[1].CSKIP2/FA1/g122__6260 | A ^ -> Y v  | sky130_fd_sc_hd__nand2_4  | 0.053 |   1.015 |    0.532 | 
     | skip_loop[1].CSKIP2/FA2/g124__1705 | A v -> Y ^  | sky130_fd_sc_hd__nand2_4  | 0.063 |   1.077 |    0.594 | 
     | skip_loop[1].CSKIP2/FA2/g122__1617 | A ^ -> Y v  | sky130_fd_sc_hd__nand2_4  | 0.051 |   1.129 |    0.646 | 
     | skip_loop[1].CSKIP2/FA3/g124__5115 | A v -> Y ^  | sky130_fd_sc_hd__nand2_4  | 0.063 |   1.192 |    0.709 | 
     | skip_loop[1].CSKIP2/FA3/g122__6131 | A ^ -> Y v  | sky130_fd_sc_hd__nand2_4  | 0.054 |   1.246 |    0.763 | 
     | skip_loop[1].CSKIP2/FA4/g124__2883 | A v -> Y ^  | sky130_fd_sc_hd__nand2_4  | 0.066 |   1.312 |    0.829 | 
     | skip_loop[1].CSKIP2/FA4/g122__9315 | A ^ -> Y v  | sky130_fd_sc_hd__nand2_4  | 0.049 |   1.360 |    0.877 | 
     | skip_loop[1].CSKIP2/g39            | A v -> Y ^  | sky130_fd_sc_hd__clkinv_4 | 0.049 |   1.409 |    0.926 | 
     | skip_loop[1].CSKIP2/g159           | A ^ -> Y v  | sky130_fd_sc_hd__nand2_4  | 0.044 |   1.453 |    0.970 | 
     | skip_loop[2].CSKIP2/FA1/g124__3680 | A v -> Y ^  | sky130_fd_sc_hd__nand2_4  | 0.056 |   1.509 |    1.026 | 
     | skip_loop[2].CSKIP2/FA1/g122__5526 | A ^ -> Y v  | sky130_fd_sc_hd__nand2_4  | 0.051 |   1.560 |    1.077 | 
     | skip_loop[2].CSKIP2/FA2/g124__7098 | A v -> Y ^  | sky130_fd_sc_hd__nand2_4  | 0.062 |   1.622 |    1.138 | 
     | skip_loop[2].CSKIP2/FA2/g122__5122 | A ^ -> Y v  | sky130_fd_sc_hd__nand2_4  | 0.053 |   1.675 |    1.192 | 
     | skip_loop[2].CSKIP2/FA3/g124__6161 | A v -> Y ^  | sky130_fd_sc_hd__nand2_4  | 0.064 |   1.739 |    1.256 | 
     | skip_loop[2].CSKIP2/FA3/g122__7482 | A ^ -> Y v  | sky130_fd_sc_hd__nand2_4  | 0.052 |   1.791 |    1.308 | 
     | skip_loop[2].CSKIP2/FA4/g124__7410 | A v -> Y ^  | sky130_fd_sc_hd__nand2_4  | 0.055 |   1.846 |    1.363 | 
     | skip_loop[2].CSKIP2/FA4/g122__2346 | A ^ -> Y v  | sky130_fd_sc_hd__nand2_2  | 0.044 |   1.890 |    1.407 | 
     | skip_loop[2].CSKIP2/g37            | A v -> Y ^  | sky130_fd_sc_hd__clkinv_2 | 0.058 |   1.948 |    1.465 | 
     | skip_loop[2].CSKIP2/g159           | A ^ -> Y v  | sky130_fd_sc_hd__nand2_4  | 0.047 |   1.995 |    1.512 | 
     | skip_loop[3].CSKIP2/FA1/g124__1705 | A v -> Y ^  | sky130_fd_sc_hd__nand2_4  | 0.055 |   2.050 |    1.567 | 
     | skip_loop[3].CSKIP2/FA1/g122__1617 | A ^ -> Y v  | sky130_fd_sc_hd__nand2_4  | 0.051 |   2.101 |    1.618 | 
     | skip_loop[3].CSKIP2/FA2/g124__5115 | A v -> Y ^  | sky130_fd_sc_hd__nand2_4  | 0.064 |   2.165 |    1.682 | 
     | skip_loop[3].CSKIP2/FA2/g122__6131 | A ^ -> Y v  | sky130_fd_sc_hd__nand2_4  | 0.055 |   2.220 |    1.737 | 
     | skip_loop[3].CSKIP2/FA3/g124__2883 | A v -> Y ^  | sky130_fd_sc_hd__nand2_4  | 0.064 |   2.285 |    1.802 | 
     | skip_loop[3].CSKIP2/FA3/g122__9315 | A ^ -> Y v  | sky130_fd_sc_hd__nand2_4  | 0.051 |   2.336 |    1.853 | 
     | skip_loop[3].CSKIP2/FA4/g124__2398 | A v -> Y ^  | sky130_fd_sc_hd__nand2_4  | 0.055 |   2.391 |    1.908 | 
     | skip_loop[3].CSKIP2/FA4/g122__6417 | A ^ -> Y v  | sky130_fd_sc_hd__nand2_2  | 0.044 |   2.435 |    1.952 | 
     | skip_loop[3].CSKIP2/g74            | A v -> Y ^  | sky130_fd_sc_hd__clkinv_2 | 0.057 |   2.492 |    2.009 | 
     | skip_loop[3].CSKIP2/g152__8428     | A ^ -> Y v  | sky130_fd_sc_hd__nand2_4  | 0.047 |   2.539 |    2.056 | 
     | skip_loop[4].CSKIP2/FA1/g124__7098 | A v -> Y ^  | sky130_fd_sc_hd__nand2_4  | 0.054 |   2.593 |    2.110 | 
     | skip_loop[4].CSKIP2/FA1/g122__5122 | A ^ -> Y v  | sky130_fd_sc_hd__nand2_4  | 0.054 |   2.647 |    2.164 | 
     | skip_loop[4].CSKIP2/FA2/g124__4733 | A v -> Y ^  | sky130_fd_sc_hd__nand2_4  | 0.067 |   2.714 |    2.231 | 
     | skip_loop[4].CSKIP2/FA2/g122__7482 | A ^ -> Y v  | sky130_fd_sc_hd__nand2_4  | 0.053 |   2.767 |    2.284 | 
     | skip_loop[4].CSKIP2/FA3/g124__2346 | A v -> Y ^  | sky130_fd_sc_hd__nand2_4  | 0.065 |   2.832 |    2.349 | 
     | skip_loop[4].CSKIP2/FA3/g122__2883 | A ^ -> Y v  | sky130_fd_sc_hd__nand2_4  | 0.053 |   2.885 |    2.402 | 
     | skip_loop[4].CSKIP2/FA4/g124__2398 | A v -> Y ^  | sky130_fd_sc_hd__nand2_4  | 0.054 |   2.939 |    2.456 | 
     | skip_loop[4].CSKIP2/FA4/g122__5477 | A ^ -> Y v  | sky130_fd_sc_hd__nand2_2  | 0.042 |   2.981 |    2.498 | 
     | skip_loop[4].CSKIP2/g74            | A v -> Y ^  | sky130_fd_sc_hd__inv_2    | 0.063 |   3.044 |    2.561 | 
     | skip_loop[4].CSKIP2/g152__8428     | A ^ -> Y v  | sky130_fd_sc_hd__nand2_4  | 0.050 |   3.095 |    2.612 | 
     | skip_loop[5].CSKIP2/FA1/g124__8246 | A v -> Y ^  | sky130_fd_sc_hd__nand2_4  | 0.055 |   3.150 |    2.667 | 
     | skip_loop[5].CSKIP2/FA1/g122__5122 | A ^ -> Y v  | sky130_fd_sc_hd__nand2_4  | 0.053 |   3.202 |    2.719 | 
     | skip_loop[5].CSKIP2/FA2/g124__4733 | A v -> Y ^  | sky130_fd_sc_hd__nand2_4  | 0.065 |   3.268 |    2.785 | 
     | skip_loop[5].CSKIP2/FA2/g122__5115 | A ^ -> Y v  | sky130_fd_sc_hd__nand2_4  | 0.052 |   3.320 |    2.837 | 
     | skip_loop[5].CSKIP2/FA3/g124__1666 | A v -> Y ^  | sky130_fd_sc_hd__nand2_4  | 0.064 |   3.383 |    2.900 | 
     | skip_loop[5].CSKIP2/FA3/g122__2883 | A ^ -> Y v  | sky130_fd_sc_hd__nand2_4  | 0.052 |   3.436 |    2.953 | 
     | skip_loop[5].CSKIP2/FA4/g124__6260 | A v -> Y ^  | sky130_fd_sc_hd__nand2_4  | 0.054 |   3.490 |    3.007 | 
     | skip_loop[5].CSKIP2/FA4/g122__2398 | A ^ -> Y v  | sky130_fd_sc_hd__nand2_2  | 0.041 |   3.532 |    3.049 | 
     | skip_loop[5].CSKIP2/g164           | A v -> Y ^  | sky130_fd_sc_hd__inv_2    | 0.062 |   3.594 |    3.111 | 
     | skip_loop[5].CSKIP2/g157__6783     | A ^ -> Y v  | sky130_fd_sc_hd__nand2_4  | 0.051 |   3.645 |    3.162 | 
     | skip_loop[6].CSKIP2/FA1/g124__1881 | A v -> Y ^  | sky130_fd_sc_hd__nand2_4  | 0.055 |   3.700 |    3.217 | 
     | skip_loop[6].CSKIP2/FA1/g122__7098 | A ^ -> Y v  | sky130_fd_sc_hd__nand2_4  | 0.054 |   3.753 |    3.270 | 
     | skip_loop[6].CSKIP2/FA2/g124__9945 | A v -> Y ^  | sky130_fd_sc_hd__nand2_4  | 0.064 |   3.817 |    3.334 | 
     | skip_loop[6].CSKIP2/FA2/g122__6161 | A ^ -> Y v  | sky130_fd_sc_hd__nand2_4  | 0.051 |   3.868 |    3.385 | 
     | skip_loop[6].CSKIP2/FA3/g124__5477 | A v -> Y ^  | sky130_fd_sc_hd__nand2_4  | 0.066 |   3.933 |    3.450 | 
     | skip_loop[6].CSKIP2/FA3/g122__7410 | A ^ -> Y v  | sky130_fd_sc_hd__nand2_4  | 0.060 |   3.993 |    3.510 | 
     | skip_loop[6].CSKIP2/FA4/g124__5526 | A v -> Y ^  | sky130_fd_sc_hd__nand2_4  | 0.058 |   4.051 |    3.568 | 
     | skip_loop[6].CSKIP2/FA4/g122__4319 | A ^ -> Y v  | sky130_fd_sc_hd__nand2_2  | 0.043 |   4.094 |    3.611 | 
     | skip_loop[6].CSKIP2/g74            | A v -> Y ^  | sky130_fd_sc_hd__inv_2    | 0.063 |   4.156 |    3.673 | 
     | skip_loop[6].CSKIP2/g157__2802     | A ^ -> Y v  | sky130_fd_sc_hd__nand2_4  | 0.054 |   4.210 |    3.727 | 
     | skip_loop[7].CSKIP2/FA1/g124__4733 | A v -> Y ^  | sky130_fd_sc_hd__nand2_4  | 0.058 |   4.269 |    3.786 | 
     | skip_loop[7].CSKIP2/FA1/g122__5115 | A ^ -> Y v  | sky130_fd_sc_hd__nand2_4  | 0.058 |   4.326 |    3.843 | 
     | skip_loop[7].CSKIP2/FA2/g126__6417 | A v -> Y ^  | sky130_fd_sc_hd__nand2_4  | 0.067 |   4.393 |    3.910 | 
     | skip_loop[7].CSKIP2/FA2/g122__2883 | A ^ -> Y v  | sky130_fd_sc_hd__nand2_4  | 0.054 |   4.447 |    3.964 | 
     | skip_loop[7].CSKIP2/FA3/g127__6783 | A v -> Y ^  | sky130_fd_sc_hd__nand2_4  | 0.068 |   4.515 |    4.032 | 
     | skip_loop[7].CSKIP2/FA3/g123__6260 | A ^ -> Y v  | sky130_fd_sc_hd__nand2_4  | 0.062 |   4.577 |    4.094 | 
     | skip_loop[7].CSKIP2/FA4/g127__7098 | A v -> Y ^  | sky130_fd_sc_hd__nand2_4  | 0.068 |   4.645 |    4.162 | 
     | skip_loop[7].CSKIP2/FA4/g123__1705 | A ^ -> Y v  | sky130_fd_sc_hd__nand2_4  | 0.048 |   4.693 |    4.210 | 
     | skip_loop[7].CSKIP2/g79            | A v -> Y ^  | sky130_fd_sc_hd__clkinv_4 | 0.060 |   4.753 |    4.270 | 
     | skip_loop[7].CSKIP2/g167__4733     | A ^ -> Y v  | sky130_fd_sc_hd__nand2_8  | 0.079 |   4.832 |    4.349 | 
     |                                    | Cout v      |                           | 0.001 |   4.833 |    4.350 | 
     +-----------------------------------------------------------------------------------------------------------+ 

