============================================================
  Generated by:           Genus(TM) Synthesis Solution 23.12-s086_1
  Generated on:           Apr 07 2025  06:44:12 pm
  Module:                 carry_select_adder_66668_32bits
  Operating conditions:   tt_025C_1v80 
  Interconnect mode:      global
  Area mode:              physical library
============================================================

            Instance                         Module              Cell-Count  Cell-Area  Net-Area   Total-Area 
--------------------------------------------------------------------------------------------------------------
carry_select_adder_66668_32bits NA                                      563   3419.530  2753.370     6172.899 
  CSA_BLOCKS[1].RCA_C0          ripple_carry_adder_WIDTH6_5_235          41    241.482   133.574      375.056 
    F1A                         full_adder_26_232                         4     20.019    10.094       30.113 
    full_adder_loop[1].FA       full_adder_218                           11     53.802    37.157       90.959 
    full_adder_loop[2].FA       full_adder_217                            7     43.792    16.969       60.761 
    full_adder_loop[3].FA       full_adder_216                            7     43.792    16.969       60.761 
    full_adder_loop[4].FA       full_adder_215                            6     40.038    13.575       53.613 
    full_adder_loop[5].FA       full_adder_214                            6     40.038    13.575       53.613 
  CSA_BLOCKS[1].RCA_C1          ripple_carry_adder_WIDTH6_6_237          46    250.240   157.156      407.396 
    F1A                         full_adder_32_234                         4     22.522    10.094       32.616 
    full_adder_loop[1].FA       full_adder_213                           11     51.299    37.157       88.456 
    full_adder_loop[2].FA       full_adder_212                           11     53.802    37.157       90.959 
    full_adder_loop[3].FA       full_adder_211                            6     35.034    13.575       48.609 
    full_adder_loop[4].FA       full_adder_210                            7     43.792    16.969       60.761 
    full_adder_loop[5].FA       full_adder_209                            7     43.792    16.969       60.761 
  CSA_BLOCKS[2].RCA_C0          ripple_carry_adder_WIDTH6_5_236          40    236.477   130.268      366.744 
    F1A                         full_adder_26                             1     15.014     0.000       15.014 
    full_adder_loop[1].FA       full_adder_208                           11     51.299    37.157       88.456 
    full_adder_loop[2].FA       full_adder_207                            7     38.787    16.969       55.756 
    full_adder_loop[3].FA       full_adder_206                            7     43.792    16.969       60.761 
    full_adder_loop[4].FA       full_adder_205                            7     43.792    16.969       60.761 
    full_adder_loop[5].FA       full_adder_204                            7     43.792    16.969       60.761 
  CSA_BLOCKS[2].RCA_C1          ripple_carry_adder_WIDTH6_6_238          42    225.216   136.968      362.184 
    F1A                         full_adder_32                             4     20.019    10.094       30.113 
    full_adder_loop[1].FA       full_adder_203                           10     47.546    33.763       81.309 
    full_adder_loop[2].FA       full_adder_202                            7     38.787    16.969       55.756 
    full_adder_loop[3].FA       full_adder_201                            7     38.787    16.969       55.756 
    full_adder_loop[4].FA       full_adder_200                            7     38.787    16.969       55.756 
    full_adder_loop[5].FA       full_adder_199                            7     41.290    16.969       58.258 
  CSA_BLOCKS[3].RCA_C0          ripple_carry_adder_WIDTH6_5              47    241.482   160.550      402.032 
    F1A                         full_adder_26_231                         4     20.019    10.094       30.113 
    full_adder_loop[1].FA       full_adder_198                           11     51.299    37.157       88.456 
    full_adder_loop[2].FA       full_adder_197                           11     51.299    37.157       88.456 
    full_adder_loop[3].FA       full_adder_196                            7     38.787    16.969       55.756 
    full_adder_loop[4].FA       full_adder_195                            7     38.787    16.969       55.756 
    full_adder_loop[5].FA       full_adder_194                            7     41.290    16.969       58.258 
  CSA_BLOCKS[3].RCA_C1          ripple_carry_adder_WIDTH6_6              45    245.235   153.763      398.998 
    F1A                         full_adder_32_233                         4     20.019    10.094       30.113 
    full_adder_loop[1].FA       full_adder_193                           11     51.299    37.157       88.456 
    full_adder_loop[2].FA       full_adder_192                           11     57.555    37.157       94.712 
    full_adder_loop[3].FA       full_adder_191                            6     35.034    13.575       48.609 
    full_adder_loop[4].FA       full_adder_190                            7     41.290    16.969       58.258 
    full_adder_loop[5].FA       full_adder_189                            6     40.038    13.575       53.613 
  CSA_BLOCKS[4].RCA_C0          ripple_carry_adder_WIDTH8                45    269.008   143.842      412.850 
    F1A                         full_adder_6                              4     20.019    10.094       30.113 
    full_adder_loop[1].FA       full_adder_225                            8     40.038    20.362       60.401 
    full_adder_loop[2].FA       full_adder_224                            6     35.034    13.575       48.609 
    full_adder_loop[3].FA       full_adder_223                            6     35.034    13.575       48.609 
    full_adder_loop[4].FA       full_adder_222                            6     35.034    13.575       48.609 
    full_adder_loop[5].FA       full_adder_221                            7     38.787    16.969       55.756 
    full_adder_loop[6].FA       full_adder_220                            4     32.531    10.181       42.712 
    full_adder_loop[7].FA       full_adder_219                            4     32.531    10.181       42.712 
  CSA_BLOCKS[4].RCA_C1          ripple_carry_adder_WIDTH8_1              45    291.530   148.803      440.332 
    F1A                         full_adder_50                             4     22.522    10.094       32.616 
    full_adder_loop[1].FA       full_adder_188                           10     47.546    33.763       81.309 
    full_adder_loop[2].FA       full_adder_187                            6     35.034    13.575       48.609 
    full_adder_loop[3].FA       full_adder_186                            6     35.034    13.575       48.609 
    full_adder_loop[4].FA       full_adder_185                            6     35.034    13.575       48.609 
    full_adder_loop[5].FA       full_adder_184                            7     45.043    16.969       62.012 
    full_adder_loop[6].FA       full_adder_183                            5     37.536    13.575       51.111 
    full_adder_loop[7].FA       full_adder_182                            1     33.782     0.000       33.782 
  RCA_LSB                       ripple_carry_adder_WIDTH6                45    399.133   148.803      547.935 
    F1A                         full_adder                                6     50.048    15.228       65.276 
    full_adder_loop[1].FA       full_adder_230                           11     75.072    37.157      112.229 
    full_adder_loop[2].FA       full_adder_229                            9     72.570    27.063       99.633 
    full_adder_loop[3].FA       full_adder_228                            7     73.821    16.969       90.790 
    full_adder_loop[4].FA       full_adder_227                            6     67.565    13.575       81.140 
    full_adder_loop[5].FA       full_adder_226                            6     60.058    13.575       73.633 
