============================================================
  Generated by:           Genus(TM) Synthesis Solution 23.12-s086_1
  Generated on:           Apr 07 2025  06:44:12 pm
  Module:                 carry_select_adder_66668_32bits
  Operating conditions:   tt_025C_1v80 
  Interconnect mode:      global
  Area mode:              physical library
============================================================


Path 1: MET (0 ps) Path Delay Check
     Startpoint: (F) B[0]
       Endpoint: (F) S[24]

                   Capture    Launch  
      Path Delay:+    1848         -  
      Drv Adjust:+       0         0  
         Arrival:=    1848            
                                      
   Required Time:=    1848            
       Data Path:-    1848            
           Slack:=       0            

Exceptions/Constraints:
  max_delay             1848            constraints.sdc_line_1 

#-----------------------------------------------------------------------------------------------------------------------------------
#               Timing Point                 Flags   Arc   Edge           Cell             Fanout Load Trans Delay Arrival Instance 
#                                                                                                 (fF)  (ps)  (ps)   (ps)  Location 
#-----------------------------------------------------------------------------------------------------------------------------------
  B[0]                                       -       -     F     (arrival)                      1  3.3  1000     0       0    (-,-) 
  g5597/X                                    -       A->X  F     sky130_fd_sc_hd__clkbuf_1      3 10.5    85   352     352    (-,-) 
  RCA_LSB/F1A/g35/Y                          -       A->Y  R     sky130_fd_sc_hd__nor2_2        1  6.0    96   132     484    (-,-) 
  RCA_LSB/F1A/g33/Y                          -       A2->Y F     sky130_fd_sc_hd__o21ai_2       2 11.8    63    83     566    (-,-) 
  RCA_LSB/full_adder_loop[1].FA/g121__2346/Y -       A->Y  R     sky130_fd_sc_hd__nand2_4       1 10.1    57    67     634    (-,-) 
  RCA_LSB/full_adder_loop[1].FA/g119__9945/Y -       A->Y  F     sky130_fd_sc_hd__nand2_4       2 11.8    39    52     685    (-,-) 
  RCA_LSB/full_adder_loop[2].FA/g121__5107/Y -       A->Y  R     sky130_fd_sc_hd__nand2_4       1 10.1    54    57     742    (-,-) 
  RCA_LSB/full_adder_loop[2].FA/g119__5477/Y -       A->Y  F     sky130_fd_sc_hd__nand2_4       2 11.8    38    51     793    (-,-) 
  RCA_LSB/full_adder_loop[3].FA/g121__6783/Y -       A->Y  R     sky130_fd_sc_hd__nand2_4       1 10.1    52    57     849    (-,-) 
  RCA_LSB/full_adder_loop[3].FA/g119__5526/Y -       A->Y  F     sky130_fd_sc_hd__nand2_4       2 11.8    38    50     900    (-,-) 
  RCA_LSB/full_adder_loop[4].FA/g121__5122/Y -       A->Y  R     sky130_fd_sc_hd__nand2_4       1 10.1    52    57     956    (-,-) 
  RCA_LSB/full_adder_loop[4].FA/g119__1705/Y -       A->Y  F     sky130_fd_sc_hd__nand2_4       2 11.8    38    50    1007    (-,-) 
  RCA_LSB/full_adder_loop[5].FA/g18/Y        -       A->Y  R     sky130_fd_sc_hd__nand2_4       1 10.1    55    56    1063    (-,-) 
  RCA_LSB/full_adder_loop[5].FA/g17/Y        -       A->Y  F     sky130_fd_sc_hd__nand2_4       5 22.1    63    67    1130    (-,-) 
  g102/Y                                     -       A->Y  R     sky130_fd_sc_hd__inv_2         1 10.6    57    73    1203    (-,-) 
  g76/Y                                      -       B->Y  F     sky130_fd_sc_hd__nand2_4       2 14.4    51    60    1263    (-,-) 
  g24/Y                                      -       A->Y  R     sky130_fd_sc_hd__nand2_2       1 10.1    73    76    1339    (-,-) 
  g23/Y                                      -       A->Y  F     sky130_fd_sc_hd__nand2_4       2 20.6    58    70    1409    (-,-) 
  g17/Y                                      -       A->Y  R     sky130_fd_sc_hd__nand2_8      17 65.8   132   122    1532    (-,-) 
  g6184__6266/Y                              -       B->Y  F     sky130_fd_sc_hd__nor2_1        1  5.4    49    69    1601    (-,-) 
  g6162__6265/X                              -       B1->X F     sky130_fd_sc_hd__a21o_4        1 51.3    90   247    1848    (-,-) 
  S[24]                                      <<<     -     F     (port)                         -    -     -     0    1848    (-,-) 
#-----------------------------------------------------------------------------------------------------------------------------------

