============================================================
  Generated by:           Genus(TM) Synthesis Solution 23.12-s086_1
  Generated on:           Apr 07 2025  06:44:12 pm
  Module:                 carry_select_adder_66668_32bits
  Operating conditions:   tt_025C_1v80 
  Interconnect mode:      global
  Area mode:              physical library
============================================================

Timing
-------
  Cost    Critical         Violating 
 Group   Path Slack  TNS     Paths   
-------------------------------------
default         0.0   0.0          0 
-------------------------------------
Total                 0.0          0 

Instance Count
--------------
Leaf Instance Count             563 
Physical Instance count           0 
Sequential Instance Count         0 
Combinational Instance Count    563 
Hierarchical Instance Count      67 

Area
----
Cell Area                          3419.530
Physical Cell Area                 0.000
Total Cell Area (Cell+Physical)    3419.530
Net Area                           2753.369
Total Area (Cell+Physical+Net)     6172.899

Max Fanout                         17 (n_343)
Min Fanout                         1 (C0[4])
Average Fanout                     1.6
Terms to net ratio                 2.4281
Terms to instance ratio            2.7300
Runtime                            18.534098 seconds
Elapsed Runtime                    21 seconds
Genus peak memory usage            1897.23 
Innovus peak memory usage          no_value 
Hostname                           cadmicro-inf-el8-623207
