    Hinst Name                               Module Name                     Inst Count           Total Area
---------------------------------------------------------------------------------------------------------
carry_select_adder_66668_32bits                                                     407             3341.955
  CSA_BLOCKS[1].RCA_C0                       ripple_carry_adder_WIDTH6_5_235         39              332.819
    CSA_BLOCKS[1].RCA_C0/F1A                 full_adder_26_232                        4               33.782
    CSA_BLOCKS[1].RCA_C0/full_adder_loop[1].FA full_adder_218                           7               63.811
    CSA_BLOCKS[1].RCA_C0/full_adder_loop[2].FA full_adder_217                           8               57.555
    CSA_BLOCKS[1].RCA_C0/full_adder_loop[3].FA full_adder_216                           6               50.048
    CSA_BLOCKS[1].RCA_C0/full_adder_loop[4].FA full_adder_215                           6               60.058
    CSA_BLOCKS[1].RCA_C0/full_adder_loop[5].FA full_adder_214                           6               60.058
  CSA_BLOCKS[1].RCA_C1                       ripple_carry_adder_WIDTH6_6_237         39              299.037
    CSA_BLOCKS[1].RCA_C1/F1A                 full_adder_32_234                        4               47.546
    CSA_BLOCKS[1].RCA_C1/full_adder_loop[1].FA full_adder_213                           8               52.550
    CSA_BLOCKS[1].RCA_C1/full_adder_loop[2].FA full_adder_212                           8               45.043
    CSA_BLOCKS[1].RCA_C1/full_adder_loop[3].FA full_adder_211                           6               40.038
    CSA_BLOCKS[1].RCA_C1/full_adder_loop[4].FA full_adder_210                           6               55.053
    CSA_BLOCKS[1].RCA_C1/full_adder_loop[5].FA full_adder_209                           6               55.053
  CSA_BLOCKS[2].RCA_C0                       ripple_carry_adder_WIDTH6_5_236         42              314.051
    CSA_BLOCKS[2].RCA_C0/F1A                 full_adder_26                            4               58.806
    CSA_BLOCKS[2].RCA_C0/full_adder_loop[1].FA full_adder_208                           8               45.043
    CSA_BLOCKS[2].RCA_C0/full_adder_loop[2].FA full_adder_207                           8               45.043
    CSA_BLOCKS[2].RCA_C0/full_adder_loop[3].FA full_adder_206                           6               47.546
    CSA_BLOCKS[2].RCA_C0/full_adder_loop[4].FA full_adder_205                           6               52.550
    CSA_BLOCKS[2].RCA_C0/full_adder_loop[5].FA full_adder_204                           6               50.048
  CSA_BLOCKS[2].RCA_C1                       ripple_carry_adder_WIDTH6_6_238         39              299.037
    CSA_BLOCKS[2].RCA_C1/F1A                 full_adder_32                            4               40.038
    CSA_BLOCKS[2].RCA_C1/full_adder_loop[1].FA full_adder_203                           8               48.797
    CSA_BLOCKS[2].RCA_C1/full_adder_loop[2].FA full_adder_202                           8               52.550
    CSA_BLOCKS[2].RCA_C1/full_adder_loop[3].FA full_adder_201                           6               50.048
    CSA_BLOCKS[2].RCA_C1/full_adder_loop[4].FA full_adder_200                           6               52.550
    CSA_BLOCKS[2].RCA_C1/full_adder_loop[5].FA full_adder_199                           6               50.048
  CSA_BLOCKS[3].RCA_C0                       ripple_carry_adder_WIDTH6_5             30              248.989
    CSA_BLOCKS[3].RCA_C0/F1A                 full_adder_26_231                        1               25.024
    CSA_BLOCKS[3].RCA_C0/full_adder_loop[1].FA full_adder_198                           8               47.546
    CSA_BLOCKS[3].RCA_C0/full_adder_loop[2].FA full_adder_197                           6               40.038
    CSA_BLOCKS[3].RCA_C0/full_adder_loop[3].FA full_adder_196                           5               47.546
    CSA_BLOCKS[3].RCA_C0/full_adder_loop[4].FA full_adder_195                           5               40.038
    CSA_BLOCKS[3].RCA_C0/full_adder_loop[5].FA full_adder_194                           1               33.782
  CSA_BLOCKS[3].RCA_C1                       ripple_carry_adder_WIDTH6_6             27              202.694
    CSA_BLOCKS[3].RCA_C1/F1A                 full_adder_32_233                        4               22.522
    CSA_BLOCKS[3].RCA_C1/full_adder_loop[1].FA full_adder_193                           6               37.536
    CSA_BLOCKS[3].RCA_C1/full_adder_loop[2].FA full_adder_192                           6               35.034
    CSA_BLOCKS[3].RCA_C1/full_adder_loop[3].FA full_adder_191                           6               37.536
    CSA_BLOCKS[3].RCA_C1/full_adder_loop[4].FA full_adder_190                           4               36.285
    CSA_BLOCKS[3].RCA_C1/full_adder_loop[5].FA full_adder_189                           1               33.782
  CSA_BLOCKS[4].RCA_C0                       ripple_carry_adder_WIDTH8               35              301.539
    CSA_BLOCKS[4].RCA_C0/F1A                 full_adder_6                             3               22.522
    CSA_BLOCKS[4].RCA_C0/full_adder_loop[1].FA full_adder_225                           8               43.792
    CSA_BLOCKS[4].RCA_C0/full_adder_loop[2].FA full_adder_224                           6               41.290
    CSA_BLOCKS[4].RCA_C0/full_adder_loop[3].FA full_adder_223                           6               43.792
    CSA_BLOCKS[4].RCA_C0/full_adder_loop[4].FA full_adder_222                           5               41.290
    CSA_BLOCKS[4].RCA_C0/full_adder_loop[5].FA full_adder_221                           5               41.290
    CSA_BLOCKS[4].RCA_C0/full_adder_loop[6].FA full_adder_220                           1               33.782
    CSA_BLOCKS[4].RCA_C0/full_adder_loop[7].FA full_adder_219                           1               33.782
  CSA_BLOCKS[4].RCA_C1                       ripple_carry_adder_WIDTH8_1             35              292.781
    CSA_BLOCKS[4].RCA_C1/F1A                 full_adder_50                            3               16.266
    CSA_BLOCKS[4].RCA_C1/full_adder_loop[1].FA full_adder_188                           8               47.546
    CSA_BLOCKS[4].RCA_C1/full_adder_loop[2].FA full_adder_187                           6               37.536
    CSA_BLOCKS[4].RCA_C1/full_adder_loop[3].FA full_adder_186                           5               40.038
    CSA_BLOCKS[4].RCA_C1/full_adder_loop[4].FA full_adder_185                           6               43.792
    CSA_BLOCKS[4].RCA_C1/full_adder_loop[5].FA full_adder_184                           5               40.038
    CSA_BLOCKS[4].RCA_C1/full_adder_loop[6].FA full_adder_183                           1               33.782
    CSA_BLOCKS[4].RCA_C1/full_adder_loop[7].FA full_adder_182                           1               33.782
  RCA_LSB                                    ripple_carry_adder_WIDTH6               45              391.626
    RCA_LSB/F1A                              full_adder                              10              121.366
    RCA_LSB/full_adder_loop[1].FA            full_adder_230                           8               51.299
    RCA_LSB/full_adder_loop[2].FA            full_adder_229                           8               47.546
    RCA_LSB/full_adder_loop[3].FA            full_adder_228                           6               47.546
    RCA_LSB/full_adder_loop[4].FA            full_adder_227                           5               55.053
    RCA_LSB/full_adder_loop[5].FA            full_adder_226                           5               57.555
