###############################################################
#  Generated by:      Cadence Innovus 23.32-s091_1
#  OS:                Linux x86_64(Host ID cadmicro-inf-el8-623207)
#  Generated on:      Mon Apr  7 18:50:17 2025
#  Design:            carry_select_adder_66668_32bits
#  Command:           report_timing > reports/report_timing.rpt
###############################################################
Path 1: VIOLATED Path Delay Check
Endpoint:   S[25] (^)
Beginpoint: A[0]  (v) triggered by  leading edge of '@'
Path Groups: {default}
Analysis View: default_emulate_view
- External Delay                0.000
+ Path Delay                    1.906
= Required Time                 1.906
- Arrival Time                  1.959
= Slack Time                   -0.053
     Clock Rise Edge                      0.000
     + Input Delay                        0.000
     = Beginpoint Arrival Time            0.000
     +--------------------------------------------------------------------------------------------------------------------+ 
     |                 Instance                 |      Arc      |            Cell            | Delay | Arrival | Required | 
     |                                          |               |                            |       |  Time   |   Time   | 
     |------------------------------------------+---------------+----------------------------+-------+---------+----------| 
     |                                          | A[0] v        |                            |       |   0.000 |   -0.053 | 
     | RCA_LSB/F1A/fopt214                      | A v -> Y ^    | sky130_fd_sc_hd__clkinv_16 | 0.196 |   0.196 |    0.144 | 
     | RCA_LSB/F1A/g3                           | B ^ -> Y v    | sky130_fd_sc_hd__nand2_2   | 0.063 |   0.259 |    0.206 | 
     | RCA_LSB/F1A/g1                           | B v -> Y ^    | sky130_fd_sc_hd__nand2_1   | 0.081 |   0.340 |    0.287 | 
     | RCA_LSB/F1A/g192__216                    | A ^ -> Y v    | sky130_fd_sc_hd__nand2_2   | 0.105 |   0.445 |    0.393 | 
     | RCA_LSB/full_adder_loop[1].FA/g121__2883 | A v -> Y ^    | sky130_fd_sc_hd__nand2_2   | 0.075 |   0.520 |    0.468 | 
     | RCA_LSB/full_adder_loop[1].FA/g119__9315 | A ^ -> Y v    | sky130_fd_sc_hd__nand2_2   | 0.054 |   0.574 |    0.521 | 
     | RCA_LSB/full_adder_loop[2].FA/g118__2398 | A v -> Y ^    | sky130_fd_sc_hd__nand2_2   | 0.063 |   0.637 |    0.585 | 
     | RCA_LSB/full_adder_loop[2].FA/g116__6417 | A ^ -> Y v    | sky130_fd_sc_hd__nand2_2   | 0.061 |   0.698 |    0.646 | 
     | RCA_LSB/full_adder_loop[3].FA/g118__6783 | A v -> Y ^    | sky130_fd_sc_hd__nand2_2   | 0.084 |   0.782 |    0.730 | 
     | RCA_LSB/full_adder_loop[3].FA/g116__8428 | A ^ -> Y v    | sky130_fd_sc_hd__nand2_4   | 0.058 |   0.840 |    0.787 | 
     | RCA_LSB/full_adder_loop[4].FA/g118__5122 | A v -> Y ^    | sky130_fd_sc_hd__nand2_4   | 0.066 |   0.905 |    0.853 | 
     | RCA_LSB/full_adder_loop[4].FA/g116__1705 | A ^ -> Y v    | sky130_fd_sc_hd__nand2_4   | 0.052 |   0.958 |    0.905 | 
     | RCA_LSB/full_adder_loop[5].FA/g83__7482  | A v -> Y ^    | sky130_fd_sc_hd__nand2_4   | 0.069 |   1.027 |    0.974 | 
     | RCA_LSB/full_adder_loop[5].FA/g81__1881  | A ^ -> Y v    | sky130_fd_sc_hd__nand2_4   | 0.077 |   1.104 |    1.051 | 
     | g8221__2802                              | B v -> Y ^    | sky130_fd_sc_hd__nor2_2    | 0.105 |   1.209 |    1.156 | 
     | g8218__6783                              | A ^ -> Y v    | sky130_fd_sc_hd__nor2_2    | 0.059 |   1.268 |    1.215 | 
     | g8211__2398                              | A v -> Y ^    | sky130_fd_sc_hd__nand2_4   | 0.075 |   1.343 |    1.291 | 
     | g8195__9945                              | A2_N ^ -> X v | sky130_fd_sc_hd__a2bb2o_4  | 0.284 |   1.627 |    1.574 | 
     | g8192                                    | A v -> Y ^    | sky130_fd_sc_hd__inv_8     | 0.111 |   1.738 |    1.686 | 
     | g8187__6131                              | A ^ -> Y v    | sky130_fd_sc_hd__nand2_2   | 0.068 |   1.806 |    1.753 | 
     | g8172__5477                              | A v -> Y ^    | sky130_fd_sc_hd__nand2_4   | 0.152 |   1.957 |    1.905 | 
     |                                          | S[25] ^       |                            | 0.001 |   1.959 |    1.906 | 
     +--------------------------------------------------------------------------------------------------------------------+ 

