###############################################################
#  Generated by:      Cadence Innovus 23.32-s091_1
#  OS:                Linux x86_64(Host ID cadmicro-inf-el8-623207)
#  Generated on:      Wed Apr  9 12:50:35 2025
#  Design:            carry_select_adder_56678_32bits
#  Command:           report_timing > reports/report_timing.rpt
###############################################################
Path 1: MET Path Delay Check
Endpoint:   S[30] (v)
Beginpoint: B[5]  (v) triggered by  leading edge of '@'
Path Groups: {default}
Analysis View: default_emulate_view
- External Delay                0.000
+ Path Delay                    4.350
= Required Time                 4.350
- Arrival Time                  4.225
= Slack Time                    0.125
     Clock Rise Edge                      0.000
     + Input Delay                        0.000
     = Beginpoint Arrival Time            0.000
     +------------------------------------------------------------------------------------------------------------------------------+ 
     |                      Instance                      |       Arc       |           Cell           | Delay | Arrival | Required | 
     |                                                    |                 |                          |       |  Time   |   Time   | 
     |----------------------------------------------------+-----------------+--------------------------+-------+---------+----------| 
     |                                                    | B[5] v          |                          |       |   0.000 |    0.125 | 
     | g317                                               | A v -> Y ^      | sky130_fd_sc_hd__inv_2   | 0.360 |   0.360 |    0.484 | 
     | CSA_BLOCKS[1].RCA_C1/F1A/g38__5122                 | B ^ -> Y v      | sky130_fd_sc_hd__nand2_1 | 0.095 |   0.455 |    0.579 | 
     | CSA_BLOCKS[1].RCA_C1/full_adder_loop[1].FA/g2      | CI v -> COUT v  | sky130_fd_sc_hd__fah_1   | 0.280 |   0.734 |    0.859 | 
     | CSA_BLOCKS[1].RCA_C1/full_adder_loop[2].FA/g57__47 | CIN v -> COUT v | sky130_fd_sc_hd__fa_1    | 0.391 |   1.126 |    1.250 | 
     | 33                                                 |                 |                          |       |         |          | 
     | CSA_BLOCKS[1].RCA_C1/full_adder_loop[3].FA/g57__61 | CIN v -> COUT v | sky130_fd_sc_hd__fa_1    | 0.422 |   1.547 |    1.672 | 
     | 61                                                 |                 |                          |       |         |          | 
     | CSA_BLOCKS[1].RCA_C1/full_adder_loop[4].FA/g57__93 | CIN v -> COUT v | sky130_fd_sc_hd__fa_1    | 0.414 |   1.961 |    2.086 | 
     | 15                                                 |                 |                          |       |         |          | 
     | CSA_BLOCKS[1].RCA_C1/full_adder_loop[5].FA/g57__99 | CIN v -> COUT v | sky130_fd_sc_hd__fa_1    | 0.421 |   2.382 |    2.507 | 
     | 45                                                 |                 |                          |       |         |          | 
     | g610__2346                                         | A1 v -> Y ^     | sky130_fd_sc_hd__mux2i_4 | 0.339 |   2.721 |    2.845 | 
     | g603__5115                                         | S ^ -> Y ^      | sky130_fd_sc_hd__mux2i_4 | 0.505 |   3.226 |    3.350 | 
     | g592__5526                                         | S ^ -> Y ^      | sky130_fd_sc_hd__mux2i_4 | 0.474 |   3.700 |    3.824 | 
     | g581__2883                                         | S ^ -> X v      | sky130_fd_sc_hd__mux2_2  | 0.524 |   4.224 |    4.349 | 
     |                                                    | S[30] v         |                          | 0.001 |   4.225 |    4.350 | 
     +------------------------------------------------------------------------------------------------------------------------------+ 

