============================================================
  Generated by:           Genus(TM) Synthesis Solution 23.12-s086_1
  Generated on:           Apr 07 2025  06:25:54 pm
  Module:                 carry_select_adder_56678_32bits
  Operating conditions:   tt_025C_1v80 
  Interconnect mode:      global
  Area mode:              physical library
============================================================


Path 1: MET (0 ps) Path Delay Check
     Startpoint: (F) Cin
       Endpoint: (F) S[31]

                   Capture    Launch  
      Path Delay:+    1730         -  
      Drv Adjust:+       0         0  
         Arrival:=    1730            
                                      
   Required Time:=    1730            
       Data Path:-    1730            
           Slack:=       0            

Exceptions/Constraints:
  max_delay             1730            constraints.sdc_line_1 

#-----------------------------------------------------------------------------------------------------------------------------------
#               Timing Point                 Flags   Arc   Edge           Cell             Fanout Load Trans Delay Arrival Instance 
#                                                                                                 (fF)  (ps)  (ps)   (ps)  Location 
#-----------------------------------------------------------------------------------------------------------------------------------
  Cin                                        -       -     F     (arrival)                      1  5.6  1000     0       0    (-,-) 
  RCA_LSB/F1A/fopt216/Y                      -       A->Y  R     sky130_fd_sc_hd__inv_2         2  9.2   191   276     276    (-,-) 
  RCA_LSB/F1A/g2__2398/X                     -       B1->X R     sky130_fd_sc_hd__a21o_1        1  5.9    64   126     402    (-,-) 
  RCA_LSB/F1A/g192__6417/Y                   -       A->Y  F     sky130_fd_sc_hd__nand2_2       2 10.4    53    65     467    (-,-) 
  RCA_LSB/full_adder_loop[1].FA/g122__5526/Y -       A->Y  R     sky130_fd_sc_hd__nand2_2       1  5.9    51    62     529    (-,-) 
  RCA_LSB/full_adder_loop[1].FA/g120__4319/Y -       A->Y  F     sky130_fd_sc_hd__nand2_2       2  8.2    45    55     584    (-,-) 
  RCA_LSB/full_adder_loop[2].FA/g122__5122/Y -       A->Y  R     sky130_fd_sc_hd__nand2_2       1  5.9    52    58     642    (-,-) 
  RCA_LSB/full_adder_loop[2].FA/g120__2802/Y -       A->Y  F     sky130_fd_sc_hd__nand2_2       2 11.8    58    66     708    (-,-) 
  RCA_LSB/full_adder_loop[3].FA/g122__7482/Y -       A->Y  R     sky130_fd_sc_hd__nand2_4       1 10.1    52    65     773    (-,-) 
  RCA_LSB/full_adder_loop[3].FA/g120__1881/Y -       A->Y  F     sky130_fd_sc_hd__nand2_4       2 11.8    40    50     823    (-,-) 
  RCA_LSB/full_adder_loop[4].FA/g116__2883/Y -       A->Y  R     sky130_fd_sc_hd__nand2_4       1 18.7    76    75     898    (-,-) 
  RCA_LSB/full_adder_loop[4].FA/g114__9315/Y -       A->Y  F     sky130_fd_sc_hd__nand2_8       8 42.0    71    80     978    (-,-) 
  g18868/Y                                   -       A->Y  R     sky130_fd_sc_hd__clkinv_4      1 10.6    35    57    1036    (-,-) 
  g18859__5526/Y                             -       B->Y  F     sky130_fd_sc_hd__nand2_4       2 14.5    47    54    1090    (-,-) 
  g18869__5122/Y                             -       B->Y  R     sky130_fd_sc_hd__nand2_2       2 19.9   120   117    1207    (-,-) 
  g18837__18969/Y                            -       B->Y  F     sky130_fd_sc_hd__nand3_4       2 22.4    99   118    1326    (-,-) 
  g18835__7482_dup18952/Y                    -       B->Y  R     sky130_fd_sc_hd__nand2_8       9 41.0    94   125    1450    (-,-) 
  fopt3/Y                                    -       A->Y  F     sky130_fd_sc_hd__clkinv_1      1  5.6    59    84    1534    (-,-) 
  g18800__5122/Y                             -       A->Y  R     sky130_fd_sc_hd__nand2_2       1 10.1    72    79    1614    (-,-) 
  g18788__5477/Y                             -       A->Y  F     sky130_fd_sc_hd__nand2_4       1 51.3   117   116    1730    (-,-) 
  S[31]                                      <<<     -     F     (port)                         -    -     -     0    1730    (-,-) 
#-----------------------------------------------------------------------------------------------------------------------------------

