============================================================
  Generated by:           Genus(TM) Synthesis Solution 23.12-s086_1
  Generated on:           Apr 07 2025  06:25:54 pm
  Module:                 carry_select_adder_56678_32bits
  Operating conditions:   tt_025C_1v80 
  Interconnect mode:      global
  Area mode:              physical library
============================================================

            Instance                         Module              Cell-Count  Cell-Area  Net-Area   Total-Area 
--------------------------------------------------------------------------------------------------------------
carry_select_adder_56678_32bits NA                                      578   3681.030  2826.205     6507.235 
  CSA_BLOCKS[1].RCA_C0          ripple_carry_adder_WIDTH6                45    310.298   153.763      464.060 
    F1A                         full_adder_32_230                         4     22.522    10.094       32.616 
    full_adder_loop[1].FA       full_adder_224                           10     60.058    33.763       93.821 
    full_adder_loop[2].FA       full_adder_223                           10     65.062    33.763       98.826 
    full_adder_loop[3].FA       full_adder_222                            8     62.560    20.362       82.922 
    full_adder_loop[4].FA       full_adder_221                            6     53.802    13.575       67.377 
    full_adder_loop[5].FA       full_adder_220                            7     46.294    16.969       63.263 
  CSA_BLOCKS[1].RCA_C1          ripple_carry_adder_WIDTH6_3_234          44    265.254   147.062      412.317 
    F1A                         full_adder_38_231                         4     22.522    10.094       32.616 
    full_adder_loop[1].FA       full_adder_206                           10     58.806    33.763       92.570 
    full_adder_loop[2].FA       full_adder_205                            9     51.299    27.063       78.362 
    full_adder_loop[3].FA       full_adder_204                            7     45.043    16.969       62.012 
    full_adder_loop[4].FA       full_adder_203                            7     43.792    16.969       60.761 
    full_adder_loop[5].FA       full_adder_202                            7     43.792    16.969       60.761 
  CSA_BLOCKS[2].RCA_C0          ripple_carry_adder_WIDTH6_233            39    240.230   131.834      372.064 
    F1A                         full_adder_32                             4     22.522    10.094       32.616 
    full_adder_loop[1].FA       full_adder_201                           10     50.048    33.763       83.811 
    full_adder_loop[2].FA       full_adder_200                            8     45.043    22.016       67.059 
    full_adder_loop[3].FA       full_adder_199                            6     37.536    13.575       51.111 
    full_adder_loop[4].FA       full_adder_198                            6     37.536    13.575       51.111 
    full_adder_loop[5].FA       full_adder_197                            5     47.546    13.575       61.121 
  CSA_BLOCKS[2].RCA_C1          ripple_carry_adder_WIDTH6_3              38    253.994   130.181      384.174 
    F1A                         full_adder_38                             4     20.019    10.094       30.113 
    full_adder_loop[1].FA       full_adder_196                           10     53.802    33.763       87.565 
    full_adder_loop[2].FA       full_adder_195                            6     37.536    13.575       51.111 
    full_adder_loop[3].FA       full_adder_194                            6     37.536    13.575       51.111 
    full_adder_loop[4].FA       full_adder_193                            5     47.546    13.575       61.121 
    full_adder_loop[5].FA       full_adder_192                            7     57.555    20.362       77.918 
  CSA_BLOCKS[3].RCA_C0          ripple_carry_adder_WIDTH7                52    337.824   169.165      506.989 
    F1A                         full_adder_11                             4     22.522    10.094       32.616 
    full_adder_loop[1].FA       full_adder_219                           11     56.304    37.157       93.461 
    full_adder_loop[2].FA       full_adder_218                            9     46.294    23.756       70.051 
    full_adder_loop[3].FA       full_adder_217                            7     43.792    16.969       60.761 
    full_adder_loop[4].FA       full_adder_216                            7     56.304    16.969       73.273 
    full_adder_loop[5].FA       full_adder_215                            7     56.304    16.969       73.273 
    full_adder_loop[6].FA       full_adder_214                            7     56.304    16.969       73.273 
  CSA_BLOCKS[3].RCA_C1          ripple_carry_adder_WIDTH7_1              53    326.563   179.172      505.735 
    F1A                         full_adder_51_232                         5     32.531    13.488       46.019 
    full_adder_loop[1].FA       full_adder_191                            9     58.806    30.370       89.176 
    full_adder_loop[2].FA       full_adder_190                           11     56.304    37.157       93.461 
    full_adder_loop[3].FA       full_adder_189                            8     50.048    20.362       70.410 
    full_adder_loop[4].FA       full_adder_188                            7     45.043    16.969       62.012 
    full_adder_loop[5].FA       full_adder_187                            7     43.792    16.969       60.761 
    full_adder_loop[6].FA       full_adder_186                            6     40.038    13.575       53.613 
  CSA_BLOCKS[4].RCA_C0          ripple_carry_adder_WIDTH8                46    332.819   162.291      495.110 
    F1A                         full_adder_11_229                         4     26.275    10.094       36.369 
    full_adder_loop[1].FA       full_adder_213                           10     53.802    33.763       87.565 
    full_adder_loop[2].FA       full_adder_212                            8     46.294    22.016       68.310 
    full_adder_loop[3].FA       full_adder_211                            6     41.290    13.575       54.865 
    full_adder_loop[4].FA       full_adder_210                            4     40.038    10.181       50.220 
    full_adder_loop[5].FA       full_adder_209                            5     41.290    13.575       54.865 
    full_adder_loop[6].FA       full_adder_208                            5     43.792    13.575       57.367 
    full_adder_loop[7].FA       full_adder_207                            4     40.038    10.181       50.220 
  CSA_BLOCKS[4].RCA_C1          ripple_carry_adder_WIDTH8_1              48    302.790   164.031      466.821 
    F1A                         full_adder_51                             4     20.019    10.094       30.113 
    full_adder_loop[1].FA       full_adder_185                           10     47.546    33.763       81.309 
    full_adder_loop[2].FA       full_adder_184                            7     41.290    16.969       58.258 
    full_adder_loop[3].FA       full_adder_183                            6     37.536    13.575       51.111 
    full_adder_loop[4].FA       full_adder_182                            6     40.038    13.575       53.613 
    full_adder_loop[5].FA       full_adder_181                            6     43.792    16.969       60.761 
    full_adder_loop[6].FA       full_adder_180                            5     40.038    13.575       53.613 
    full_adder_loop[7].FA       full_adder_179                            4     32.531    10.181       42.712 
  RCA_LSB                       ripple_carry_adder_WIDTH5                39    300.288   131.834      432.122 
    F1A                         full_adder                                9     57.555    30.370       87.925 
    full_adder_loop[1].FA       full_adder_228                           10     52.550    33.763       86.314 
    full_adder_loop[2].FA       full_adder_227                            8     48.797    20.362       69.159 
    full_adder_loop[3].FA       full_adder_226                            6     62.560    13.575       76.135 
    full_adder_loop[4].FA       full_adder_225                            6     78.826    13.575       92.401 
