============================================================
  Generated by:           Genus(TM) Synthesis Solution 23.12-s086_1
  Generated on:           Apr 07 2025  05:18:35 pm
  Module:                 carry_skip4_32bits
  Operating conditions:   tt_025C_1v80 
  Interconnect mode:      global
  Area mode:              physical library
============================================================


Path 1: MET (0 ps) Path Delay Check
     Startpoint: (F) A[0]
       Endpoint: (F) Cout

                   Capture    Launch  
      Path Delay:+    4760         -  
      Drv Adjust:+       0         0  
         Arrival:=    4760            
                                      
   Required Time:=    4760            
       Data Path:-    4760            
           Slack:=       0            

Exceptions/Constraints:
  max_delay             4760            constraints.sdc_line_1 

#-----------------------------------------------------------------------------------------------------------------------------
#            Timing Point              Flags   Arc   Edge           Cell             Fanout Load Trans Delay Arrival Instance 
#                                                                                           (fF)  (ps)  (ps)   (ps)  Location 
#-----------------------------------------------------------------------------------------------------------------------------
  A[0]                                 -       -     F     (arrival)                      1  8.0  1000     0       0    (-,-) 
  g59/X                                -       A->X  F     sky130_fd_sc_hd__buf_8         4 21.3    56   426     426    (-,-) 
  CSKIP1/FA1/g194__6260/Y              -       A->Y  R     sky130_fd_sc_hd__nor2_4        1  6.0    72   105     531    (-,-) 
  CSKIP1/FA1/g191__2398/Y              -       A2->Y F     sky130_fd_sc_hd__o21ai_2       2 11.8    62    77     607    (-,-) 
  CSKIP1/FA2/g124__3680/Y              -       A->Y  R     sky130_fd_sc_hd__nand2_4       1 10.1    55    67     674    (-,-) 
  CSKIP1/FA2/g122__5526/Y              -       A->Y  F     sky130_fd_sc_hd__nand2_4       2 11.8    38    51     725    (-,-) 
  CSKIP1/FA3/g124__7098/Y              -       A->Y  R     sky130_fd_sc_hd__nand2_4       1 10.1    54    57     782    (-,-) 
  CSKIP1/FA3/g122__5122/Y              -       A->Y  F     sky130_fd_sc_hd__nand2_4       2 11.8    38    51     833    (-,-) 
  CSKIP1/FA4/g124__6161/Y              -       A->Y  R     sky130_fd_sc_hd__nand2_4       1 10.1    52    57     890    (-,-) 
  CSKIP1/FA4/g122__7482/Y              -       A->Y  F     sky130_fd_sc_hd__nand2_4       1  9.9    35    47     937    (-,-) 
  CSKIP1/g74/Y                         -       A->Y  R     sky130_fd_sc_hd__inv_4         1 10.1    37    49     986    (-,-) 
  CSKIP1/g183__2346/Y                  -       A->Y  F     sky130_fd_sc_hd__nand2_4       3 14.6    46    50    1036    (-,-) 
  skip_loop[1].CSKIP2/FA1/g124__8428/Y -       A->Y  R     sky130_fd_sc_hd__nand2_4       1 10.1    52    60    1096    (-,-) 
  skip_loop[1].CSKIP2/FA1/g122__6260/Y -       A->Y  F     sky130_fd_sc_hd__nand2_4       2 11.8    38    50    1146    (-,-) 
  skip_loop[1].CSKIP2/FA2/g124__1705/Y -       A->Y  R     sky130_fd_sc_hd__nand2_4       1 10.1    52    56    1202    (-,-) 
  skip_loop[1].CSKIP2/FA2/g122__1617/Y -       A->Y  F     sky130_fd_sc_hd__nand2_4       2 11.8    38    50    1253    (-,-) 
  skip_loop[1].CSKIP2/FA3/g124__5115/Y -       A->Y  R     sky130_fd_sc_hd__nand2_4       1 10.1    52    57    1309    (-,-) 
  skip_loop[1].CSKIP2/FA3/g122__6131/Y -       A->Y  F     sky130_fd_sc_hd__nand2_4       2 11.8    38    50    1360    (-,-) 
  skip_loop[1].CSKIP2/FA4/g124__2883/Y -       A->Y  R     sky130_fd_sc_hd__nand2_4       1 10.1    52    57    1416    (-,-) 
  skip_loop[1].CSKIP2/FA4/g122__9315/Y -       A->Y  F     sky130_fd_sc_hd__nand2_4       1  9.9    35    47    1463    (-,-) 
  skip_loop[1].CSKIP2/g74/Y            -       A->Y  R     sky130_fd_sc_hd__inv_4         1 10.1    37    49    1512    (-,-) 
  skip_loop[1].CSKIP2/g152__6417/Y     -       A->Y  F     sky130_fd_sc_hd__nand2_4       3 14.6    49    50    1562    (-,-) 
  skip_loop[2].CSKIP2/FA1/g124__3680/Y -       A->Y  R     sky130_fd_sc_hd__nand2_4       1 10.1    52    61    1623    (-,-) 
  skip_loop[2].CSKIP2/FA1/g122__5526/Y -       A->Y  F     sky130_fd_sc_hd__nand2_4       2 11.8    38    50    1674    (-,-) 
  skip_loop[2].CSKIP2/FA2/g124__7098/Y -       A->Y  R     sky130_fd_sc_hd__nand2_4       1 10.1    52    57    1730    (-,-) 
  skip_loop[2].CSKIP2/FA2/g122__5122/Y -       A->Y  F     sky130_fd_sc_hd__nand2_4       2 11.8    38    50    1780    (-,-) 
  skip_loop[2].CSKIP2/FA3/g124__6161/Y -       A->Y  R     sky130_fd_sc_hd__nand2_4       1 10.1    52    57    1837    (-,-) 
  skip_loop[2].CSKIP2/FA3/g122__7482/Y -       A->Y  F     sky130_fd_sc_hd__nand2_4       2 11.8    38    50    1887    (-,-) 
  skip_loop[2].CSKIP2/FA4/g124__7410/Y -       A->Y  R     sky130_fd_sc_hd__nand2_4       1 10.1    52    57    1944    (-,-) 
  skip_loop[2].CSKIP2/FA4/g122__2346/Y -       A->Y  F     sky130_fd_sc_hd__nand2_4       1  9.9    35    47    1991    (-,-) 
  skip_loop[2].CSKIP2/g74/Y            -       A->Y  R     sky130_fd_sc_hd__inv_4         1 10.1    37    49    2040    (-,-) 
  skip_loop[2].CSKIP2/g152__5107/Y     -       A->Y  F     sky130_fd_sc_hd__nand2_4       3 14.6    49    50    2090    (-,-) 
  skip_loop[3].CSKIP2/FA1/g124__1705/Y -       A->Y  R     sky130_fd_sc_hd__nand2_4       1 10.1    52    61    2151    (-,-) 
  skip_loop[3].CSKIP2/FA1/g122__1617/Y -       A->Y  F     sky130_fd_sc_hd__nand2_4       2 11.8    38    50    2201    (-,-) 
  skip_loop[3].CSKIP2/FA2/g124__5115/Y -       A->Y  R     sky130_fd_sc_hd__nand2_4       1 10.1    52    57    2258    (-,-) 
  skip_loop[3].CSKIP2/FA2/g122__6131/Y -       A->Y  F     sky130_fd_sc_hd__nand2_4       2 11.8    38    50    2308    (-,-) 
  skip_loop[3].CSKIP2/FA3/g124__2883/Y -       A->Y  R     sky130_fd_sc_hd__nand2_4       1 10.1    52    57    2365    (-,-) 
  skip_loop[3].CSKIP2/FA3/g122__9315/Y -       A->Y  F     sky130_fd_sc_hd__nand2_4       2 11.8    38    50    2415    (-,-) 
  skip_loop[3].CSKIP2/FA4/g124__2398/Y -       A->Y  R     sky130_fd_sc_hd__nand2_4       1 10.1    52    57    2472    (-,-) 
  skip_loop[3].CSKIP2/FA4/g122__6417/Y -       A->Y  F     sky130_fd_sc_hd__nand2_4       1  9.9    35    47    2519    (-,-) 
  skip_loop[3].CSKIP2/g74/Y            -       A->Y  R     sky130_fd_sc_hd__inv_4         1 10.1    37    49    2568    (-,-) 
  skip_loop[3].CSKIP2/g152__8428/Y     -       A->Y  F     sky130_fd_sc_hd__nand2_4       3 14.0    48    49    2617    (-,-) 
  skip_loop[4].CSKIP2/FA1/g124__7098/Y -       A->Y  R     sky130_fd_sc_hd__nand2_4       1 10.1    52    61    2677    (-,-) 
  skip_loop[4].CSKIP2/FA1/g122__5122/Y -       A->Y  F     sky130_fd_sc_hd__nand2_4       2 11.8    38    50    2728    (-,-) 
  skip_loop[4].CSKIP2/FA2/g124__6161/Y -       A->Y  R     sky130_fd_sc_hd__nand2_4       1 10.1    52    57    2784    (-,-) 
  skip_loop[4].CSKIP2/FA2/g122__7482/Y -       A->Y  F     sky130_fd_sc_hd__nand2_4       2 11.8    40    50    2835    (-,-) 
  skip_loop[4].CSKIP2/FA3/g124__7410/Y -       A->Y  R     sky130_fd_sc_hd__nand2_4       1 10.1    52    57    2892    (-,-) 
  skip_loop[4].CSKIP2/FA3/g122__2346/Y -       A->Y  F     sky130_fd_sc_hd__nand2_4       2 11.8    40    50    2942    (-,-) 
  skip_loop[4].CSKIP2/FA4/g124__4319/Y -       A->Y  R     sky130_fd_sc_hd__nand2_4       1 10.1    52    57    3000    (-,-) 
  skip_loop[4].CSKIP2/FA4/g122__5107/Y -       A->Y  F     sky130_fd_sc_hd__nand2_4       1 10.8    36    49    3048    (-,-) 
  skip_loop[4].CSKIP2/g74/Y            -       A->Y  R     sky130_fd_sc_hd__clkinv_4      1 10.1    29    42    3091    (-,-) 
  skip_loop[4].CSKIP2/g152__6783/Y     -       A->Y  F     sky130_fd_sc_hd__nand2_4       3 14.0    41    46    3137    (-,-) 
  skip_loop[5].CSKIP2/FA1/g124__6131/Y -       A->Y  R     sky130_fd_sc_hd__nand2_4       1 10.1    52    58    3195    (-,-) 
  skip_loop[5].CSKIP2/FA1/g122__7098/Y -       A->Y  F     sky130_fd_sc_hd__nand2_4       2 11.8    38    50    3245    (-,-) 
  skip_loop[5].CSKIP2/FA2/g124__6161/Y -       A->Y  R     sky130_fd_sc_hd__nand2_4       1 10.1    52    57    3302    (-,-) 
  skip_loop[5].CSKIP2/FA2/g122__4733/Y -       A->Y  F     sky130_fd_sc_hd__nand2_4       2 11.8    38    50    3352    (-,-) 
  skip_loop[5].CSKIP2/FA3/g124__1666/Y -       A->Y  R     sky130_fd_sc_hd__nand2_4       1 10.1    52    57    3409    (-,-) 
  skip_loop[5].CSKIP2/FA3/g122__2346/Y -       A->Y  F     sky130_fd_sc_hd__nand2_4       2 11.8    38    50    3459    (-,-) 
  skip_loop[5].CSKIP2/FA4/g124__6260/Y -       A->Y  R     sky130_fd_sc_hd__nand2_4       1  5.9    41    48    3507    (-,-) 
  skip_loop[5].CSKIP2/FA4/g122__2398/Y -       A->Y  F     sky130_fd_sc_hd__nand2_2       1  6.1    36    46    3553    (-,-) 
  skip_loop[5].CSKIP2/g74/Y            -       A->Y  R     sky130_fd_sc_hd__clkinv_2      1 10.1    43    52    3605    (-,-) 
  skip_loop[5].CSKIP2/g157__6783/Y     -       A->Y  F     sky130_fd_sc_hd__nand2_4       3 14.0    41    51    3656    (-,-) 
  skip_loop[6].CSKIP2/FA1/g124__1881/Y -       A->Y  R     sky130_fd_sc_hd__nand2_4       1 10.1    52    58    3714    (-,-) 
  skip_loop[6].CSKIP2/FA1/g122__7098/Y -       A->Y  F     sky130_fd_sc_hd__nand2_4       2 11.8    38    50    3764    (-,-) 
  skip_loop[6].CSKIP2/FA2/g124__9945/Y -       A->Y  R     sky130_fd_sc_hd__nand2_4       1 10.1    52    57    3821    (-,-) 
  skip_loop[6].CSKIP2/FA2/g122__6161/Y -       A->Y  F     sky130_fd_sc_hd__nand2_4       2 11.8    38    50    3871    (-,-) 
  skip_loop[6].CSKIP2/FA3/g124__5477/Y -       A->Y  R     sky130_fd_sc_hd__nand2_4       1 10.1    52    57    3928    (-,-) 
  skip_loop[6].CSKIP2/FA3/g122__7410/Y -       A->Y  F     sky130_fd_sc_hd__nand2_4       2 11.8    38    50    3978    (-,-) 
  skip_loop[6].CSKIP2/FA4/g124__5526/Y -       A->Y  R     sky130_fd_sc_hd__nand2_4       1  5.9    41    48    4026    (-,-) 
  skip_loop[6].CSKIP2/FA4/g122__4319/Y -       A->Y  F     sky130_fd_sc_hd__nand2_2       1  5.6    34    44    4070    (-,-) 
  skip_loop[6].CSKIP2/g79/Y            -       A->Y  R     sky130_fd_sc_hd__inv_2         1 10.1    53    59    4129    (-,-) 
  skip_loop[6].CSKIP2/g167__2802/Y     -       A->Y  F     sky130_fd_sc_hd__nand2_4       3 14.0    42    54    4183    (-,-) 
  skip_loop[7].CSKIP2/FA1/g124__4733/Y -       A->Y  R     sky130_fd_sc_hd__nand2_4       1 10.1    52    58    4242    (-,-) 
  skip_loop[7].CSKIP2/FA1/g122__5115/Y -       A->Y  F     sky130_fd_sc_hd__nand2_4       2 11.8    38    50    4292    (-,-) 
  skip_loop[7].CSKIP2/FA2/g126__6417/Y -       A->Y  R     sky130_fd_sc_hd__nand2_4       1 10.1    52    57    4348    (-,-) 
  skip_loop[7].CSKIP2/FA2/g122__2883/Y -       A->Y  F     sky130_fd_sc_hd__nand2_4       2 11.8    38    50    4399    (-,-) 
  skip_loop[7].CSKIP2/FA3/g127__6783/Y -       A->Y  R     sky130_fd_sc_hd__nand2_4       1 10.1    52    57    4455    (-,-) 
  skip_loop[7].CSKIP2/FA3/g123__6260/Y -       A->Y  F     sky130_fd_sc_hd__nand2_4       3 18.0    50    60    4515    (-,-) 
  skip_loop[7].CSKIP2/FA4/g127__7098/Y -       A->Y  R     sky130_fd_sc_hd__nand2_4       1 10.1    55    62    4577    (-,-) 
  skip_loop[7].CSKIP2/FA4/g123__1705/Y -       A->Y  F     sky130_fd_sc_hd__nand2_4       1 10.8    36    49    4626    (-,-) 
  skip_loop[7].CSKIP2/g79/Y            -       A->Y  R     sky130_fd_sc_hd__clkinv_4      1 18.7    44    54    4680    (-,-) 
  skip_loop[7].CSKIP2/g167__4733/Y     -       A->Y  F     sky130_fd_sc_hd__nand2_8       1 51.3    91    79    4760    (-,-) 
  Cout                                 -       -     F     (port)                         -    -     -     0    4760    (-,-) 
#-----------------------------------------------------------------------------------------------------------------------------

