###############################################################
#  Generated by:      Cadence Innovus 23.32-s091_1
#  OS:                Linux x86_64(Host ID cadmicro-inf-el8-623207)
#  Generated on:      Wed Apr  2 17:43:02 2025
#  Design:            carry_skip4_32bits
#  Command:           report_timing > reports/report_timing.rpt
###############################################################
Path 1: MET Path Delay Check
Endpoint:   S[31] (^)
Beginpoint: A[0]  (v) triggered by  leading edge of '@'
Path Groups: {default}
Analysis View: default_emulate_view
- External Delay                0.000
+ Path Delay                  200.000
= Required Time               200.000
- Arrival Time                 15.185
= Slack Time                  184.815
     Clock Rise Edge                      0.000
     + Input Delay                        0.000
     = Beginpoint Arrival Time            0.000
     +------------------------------------------------------------------------------------------------------------+ 
     |             Instance              |       Arc       |          Cell           | Delay | Arrival | Required | 
     |                                   |                 |                         |       |  Time   |   Time   | 
     |-----------------------------------+-----------------+-------------------------+-------+---------+----------| 
     |                                   | A[0] v          |                         |       |  -0.000 |  184.815 | 
     | CSKIP1/FA1/g65__2398              | B v -> COUT v   | sky130_fd_sc_hd__fa_1   | 0.793 |   0.793 |  185.608 | 
     | CSKIP1/FA2/g65__5107              | CIN v -> COUT v | sky130_fd_sc_hd__fa_1   | 0.412 |   1.205 |  186.020 | 
     | CSKIP1/FA3/g65__6260              | CIN v -> COUT v | sky130_fd_sc_hd__fa_1   | 0.404 |   1.609 |  186.424 | 
     | CSKIP1/FA4/g65__4319              | CIN v -> COUT v | sky130_fd_sc_hd__fa_1   | 0.376 |   1.985 |  186.800 | 
     | CSKIP1/g139__8428                 | B1 v -> X v     | sky130_fd_sc_hd__a41o_1 | 0.254 |   2.238 |  187.053 | 
     | skip_loop[1].CSKIP2/FA1/g65__1705 | CIN v -> COUT v | sky130_fd_sc_hd__fa_1   | 0.403 |   2.641 |  187.456 | 
     | skip_loop[1].CSKIP2/FA2/g65__5122 | CIN v -> COUT v | sky130_fd_sc_hd__fa_1   | 0.396 |   3.036 |  187.852 | 
     | skip_loop[1].CSKIP2/FA3/g65__8246 | CIN v -> COUT v | sky130_fd_sc_hd__fa_1   | 0.402 |   3.439 |  188.254 | 
     | skip_loop[1].CSKIP2/FA4/g65__7098 | CIN v -> COUT v | sky130_fd_sc_hd__fa_1   | 0.370 |   3.809 |  188.624 | 
     | skip_loop[1].CSKIP2/g139__6131    | B1 v -> X v     | sky130_fd_sc_hd__a41o_1 | 0.242 |   4.051 |  188.867 | 
     | skip_loop[2].CSKIP2/FA1/g65__9315 | CIN v -> COUT v | sky130_fd_sc_hd__fa_1   | 0.388 |   4.439 |  189.255 | 
     | skip_loop[2].CSKIP2/FA2/g65__9945 | CIN v -> COUT v | sky130_fd_sc_hd__fa_1   | 0.415 |   4.854 |  189.670 | 
     | skip_loop[2].CSKIP2/FA3/g65__2883 | CIN v -> COUT v | sky130_fd_sc_hd__fa_1   | 0.413 |   5.267 |  190.082 | 
     | skip_loop[2].CSKIP2/FA4/g65__2346 | CIN v -> COUT v | sky130_fd_sc_hd__fa_1   | 0.375 |   5.642 |  190.458 | 
     | skip_loop[2].CSKIP2/g139__1666    | B1 v -> X v     | sky130_fd_sc_hd__a41o_1 | 0.244 |   5.886 |  190.701 | 
     | skip_loop[3].CSKIP2/FA1/g65__6260 | CIN v -> COUT v | sky130_fd_sc_hd__fa_1   | 0.391 |   6.277 |  191.092 | 
     | skip_loop[3].CSKIP2/FA2/g65__4319 | CIN v -> COUT v | sky130_fd_sc_hd__fa_1   | 0.395 |   6.672 |  191.487 | 
     | skip_loop[3].CSKIP2/FA3/g65__8428 | CIN v -> COUT v | sky130_fd_sc_hd__fa_1   | 0.404 |   7.076 |  191.891 | 
     | skip_loop[3].CSKIP2/FA4/g65__5526 | CIN v -> COUT v | sky130_fd_sc_hd__fa_1   | 0.375 |   7.450 |  192.266 | 
     | skip_loop[3].CSKIP2/g139__6783    | B1 v -> X v     | sky130_fd_sc_hd__a41o_1 | 0.244 |   7.694 |  192.509 | 
     | skip_loop[4].CSKIP2/FA1/g65__8246 | CIN v -> COUT v | sky130_fd_sc_hd__fa_1   | 0.393 |   8.087 |  192.902 | 
     | skip_loop[4].CSKIP2/FA2/g65__7098 | CIN v -> COUT v | sky130_fd_sc_hd__fa_1   | 0.410 |   8.497 |  193.312 | 
     | skip_loop[4].CSKIP2/FA3/g65__6131 | CIN v -> COUT v | sky130_fd_sc_hd__fa_1   | 0.403 |   8.900 |  193.715 | 
     | skip_loop[4].CSKIP2/FA4/g65__1881 | CIN v -> COUT v | sky130_fd_sc_hd__fa_1   | 0.370 |   9.270 |  194.086 | 
     | skip_loop[4].CSKIP2/g139__5115    | B1 v -> X v     | sky130_fd_sc_hd__a41o_1 | 0.242 |   9.512 |  194.327 | 
     | skip_loop[5].CSKIP2/FA1/g65__2883 | CIN v -> COUT v | sky130_fd_sc_hd__fa_1   | 0.385 |   9.897 |  194.712 | 
     | skip_loop[5].CSKIP2/FA2/g65__2346 | CIN v -> COUT v | sky130_fd_sc_hd__fa_1   | 0.410 |  10.307 |  195.122 | 
     | skip_loop[5].CSKIP2/FA3/g65__1666 | CIN v -> COUT v | sky130_fd_sc_hd__fa_1   | 0.404 |  10.711 |  195.526 | 
     | skip_loop[5].CSKIP2/FA4/g65__7410 | CIN v -> COUT v | sky130_fd_sc_hd__fa_1   | 0.374 |  11.085 |  195.900 | 
     | skip_loop[5].CSKIP2/g139__6417    | B1 v -> X v     | sky130_fd_sc_hd__a41o_1 | 0.244 |  11.329 |  196.144 | 
     | skip_loop[6].CSKIP2/FA1/g65__8428 | CIN v -> COUT v | sky130_fd_sc_hd__fa_1   | 0.392 |  11.720 |  196.536 | 
     | skip_loop[6].CSKIP2/FA2/g65__5526 | CIN v -> COUT v | sky130_fd_sc_hd__fa_1   | 0.401 |  12.122 |  196.937 | 
     | skip_loop[6].CSKIP2/FA3/g65__6783 | CIN v -> COUT v | sky130_fd_sc_hd__fa_1   | 0.401 |  12.522 |  197.338 | 
     | skip_loop[6].CSKIP2/FA4/g65__3680 | CIN v -> COUT v | sky130_fd_sc_hd__fa_1   | 0.381 |  12.903 |  197.718 | 
     | skip_loop[6].CSKIP2/g139__1617    | B1 v -> X v     | sky130_fd_sc_hd__a41o_1 | 0.248 |  13.152 |  197.967 | 
     | skip_loop[7].CSKIP2/FA1/g65__6131 | CIN v -> COUT v | sky130_fd_sc_hd__fa_1   | 0.398 |  13.550 |  198.365 | 
     | skip_loop[7].CSKIP2/FA2/g65__1881 | CIN v -> COUT v | sky130_fd_sc_hd__fa_1   | 0.405 |  13.954 |  198.770 | 
     | skip_loop[7].CSKIP2/FA3/g65__5115 | CIN v -> COUT v | sky130_fd_sc_hd__fa_1   | 0.403 |  14.358 |  199.173 | 
     | skip_loop[7].CSKIP2/FA4/g65__7482 | CIN v -> SUM ^  | sky130_fd_sc_hd__fa_1   | 0.826 |  15.184 |  199.999 | 
     |                                   | S[31] ^         |                         | 0.001 |  15.185 |  200.000 | 
     +------------------------------------------------------------------------------------------------------------+ 

