
Power Net Detected:
        Voltage	    Name
             0V	    VGND
           1.8V	    VPWR
Using Power View: default_emulate_view.
Load RC corner of view default_emulate_view
Set Default Frequency 100MHz.

Begin Power Analysis

             0V	    VGND
           1.8V	    VPWR

Begin Processing Timing Library for Power Calculation

Ended Processing Timing Library for Power Calculation: (cpu=0:00:00, real=0:00:00, mem(process/total/peak)=2624.62MB/5055.09MB/2624.62MB)



Begin Processing Power Net/Grid for Power Calculation

Ended Processing Power Net/Grid for Power Calculation: (cpu=0:00:00, real=0:00:00, mem(process/total/peak)=2624.62MB/5055.09MB/2624.62MB)

Begin Processing Timing Window Data for Power Calculation

Ended Processing Timing Window Data for Power Calculation: (cpu=0:00:00, real=0:00:00, mem(process/total/peak)=2624.62MB/5055.09MB/2624.62MB)

Begin Processing User Attributes

Ended Processing User Attributes: (cpu=0:00:00, real=0:00:00, mem(process/total/peak)=2624.62MB/5055.09MB/2624.62MB)

Begin Processing Signal Activity


Starting Levelizing
2025-Apr-02 17:43:02 (2025-Apr-02 20:43:02 GMT)
2025-Apr-02 17:43:02 (2025-Apr-02 20:43:02 GMT): 10%
2025-Apr-02 17:43:02 (2025-Apr-02 20:43:02 GMT): 20%
2025-Apr-02 17:43:02 (2025-Apr-02 20:43:02 GMT): 30%
2025-Apr-02 17:43:02 (2025-Apr-02 20:43:02 GMT): 40%
2025-Apr-02 17:43:02 (2025-Apr-02 20:43:02 GMT): 50%
2025-Apr-02 17:43:02 (2025-Apr-02 20:43:02 GMT): 60%
2025-Apr-02 17:43:02 (2025-Apr-02 20:43:02 GMT): 70%
2025-Apr-02 17:43:02 (2025-Apr-02 20:43:02 GMT): 80%
2025-Apr-02 17:43:02 (2025-Apr-02 20:43:02 GMT): 90%

Finished Levelizing
2025-Apr-02 17:43:02 (2025-Apr-02 20:43:02 GMT)

Starting Activity Propagation
2025-Apr-02 17:43:02 (2025-Apr-02 20:43:02 GMT)
** INFO:  (VOLTUS_POWR-1356): No default input activity has been set. Defaulting to 0.2.
Use 'set_default_switching_activity -input_activity' command to change the default activity value.

2025-Apr-02 17:43:02 (2025-Apr-02 20:43:02 GMT): 10%
2025-Apr-02 17:43:02 (2025-Apr-02 20:43:02 GMT): 20%
2025-Apr-02 17:43:02 (2025-Apr-02 20:43:02 GMT): 30%
2025-Apr-02 17:43:02 (2025-Apr-02 20:43:02 GMT): 40%

Finished Activity Propagation
2025-Apr-02 17:43:02 (2025-Apr-02 20:43:02 GMT)
Ended Processing Signal Activity: (cpu=0:00:00, real=0:00:00, mem(process/total/peak)=2624.62MB/5055.09MB/2624.62MB)

Begin Power Computation

      ----------------------------------------------------------
      # of cell(s) missing both power/leakage table: 0
      # of cell(s) missing power table: 0
      # of cell(s) missing leakage table: 0
      ----------------------------------------------------------



Starting Calculating power
2025-Apr-02 17:43:02 (2025-Apr-02 20:43:02 GMT)
 ... Calculating switching power
2025-Apr-02 17:43:02 (2025-Apr-02 20:43:02 GMT): 10%
2025-Apr-02 17:43:02 (2025-Apr-02 20:43:02 GMT): 20%
2025-Apr-02 17:43:02 (2025-Apr-02 20:43:02 GMT): 30%
2025-Apr-02 17:43:02 (2025-Apr-02 20:43:02 GMT): 40%
2025-Apr-02 17:43:02 (2025-Apr-02 20:43:02 GMT): 50%
2025-Apr-02 17:43:02 (2025-Apr-02 20:43:02 GMT): 60%
 ... Calculating internal and leakage power
2025-Apr-02 17:43:02 (2025-Apr-02 20:43:02 GMT): 70%
2025-Apr-02 17:43:02 (2025-Apr-02 20:43:02 GMT): 80%
2025-Apr-02 17:43:02 (2025-Apr-02 20:43:02 GMT): 90%

Finished Calculating power
2025-Apr-02 17:43:02 (2025-Apr-02 20:43:02 GMT)
      # of MSMV cell(s) missing power_level: 0
Ended Power Computation: (cpu=0:00:00, real=0:00:00, mem(process/total/peak)=2625.15MB/5055.09MB/2625.15MB)

Begin Processing User Attributes

Begin Processing set_power
Ended Processing set_power: (cpu=0:00:00, real=0:00:00,
mem(process/total/peak)=2625.15MB/5055.09MB/2625.15MB)
Ended Processing User Attributes: (cpu=0:00:00, real=0:00:00, mem(process/total/peak)=2625.15MB/5055.09MB/2625.15MB)

Ended Power Analysis: (cpu=0:00:00, real=0:00:00, mem(process/total/peak)=2625.15MB/5055.09MB/2625.15MB)

Begin Boundary Leakage Calculation
Ended Boundary Leakage Calculation: (cpu=0:00:00, real=0:00:00,
mem(process/total/peak)=2625.15MB/5055.09MB/2625.15MB)
Begin Static Power Report Generation
*----------------------------------------------------------------------------------------
*	Innovus 23.32-s091_1 (64bit) 07/30/2024 17:21 (Linux 3.10.0-693.el7.x86_64)
*	
*
* 	Date & Time:	2025-Apr-02 17:43:02 (2025-Apr-02 20:43:02 GMT)
*
*----------------------------------------------------------------------------------------
*
*	Design: carry_skip4_32bits
*
*	Liberty Libraries used:
*	        default_emulate_view: /home/gme/guilherme.manske/sky130_workspace/libs.ref/sky130_fd_sc_hd/lib/sky130_fd_sc_hd__tt_025C_1v80.lib
*
*	Parasitic Files used:
*
*       Power View : default_emulate_view
*
*       User-Defined Activity : N.A.
*
*       Activity File: N.A.
*
*       Hierarchical Global Activity: N.A.
*
*       Global Activity: N.A.
*
*       Sequential Element Activity: 0.200000
*
*       Primary Input Activity: 0.200000
*
*       Default icg ratio: N.A.
*
*       Global Comb ClockGate Ratio: N.A.
*
*	Power Units = 1mW
*
*	Time Units = 1e-09 secs
*
*       report_power
*
-----------------------------------------------------------------------------------------
*



Total Power
-----------------------------------------------------------------------------------------
Total Internal Power:        0.06070845 	   27.3902%
Total Switching Power:       0.16093389 	   72.6096%
Total Leakage Power:         0.00000040 	    0.0002%
Total Power:                 0.22164275
-----------------------------------------------------------------------------------------


Group                           Internal   Switching     Leakage       Total  Percentage 
                                Power      Power         Power         Power  (%)        
-----------------------------------------------------------------------------------------
Sequential                             0           0           0           0           0
Macro                                  0           0           0           0           0
IO                                     0           0           0           0           0
Combinational                    0.06071      0.1609   4.041e-07      0.2216         100
Clock (Combinational)                  0           0           0           0           0
Clock (Sequential)                     0           0           0           0           0
-----------------------------------------------------------------------------------------
Total                            0.06071      0.1609   4.041e-07      0.2216         100
-----------------------------------------------------------------------------------------


Rail                  Voltage   Internal   Switching     Leakage       Total  Percentage 
                                Power      Power         Power         Power  (%)        
-----------------------------------------------------------------------------------------
VPWR                      1.8    0.06071      0.1609   4.041e-07      0.2216         100
 
 
-----------------------------------------------------------------------------------------
*	Power Distribution Summary: 
*              Highest Average Power: skip_loop[7].CSKIP2/FA1/g65__6131 (sky130_fd_sc_hd__fa_1):         0.006789
*              Highest Leakage Power:      CSKIP1/FA1/g65__2398 (sky130_fd_sc_hd__fa_1):        7.299e-09
*                Total Cap:      2.12025e-12 F
*                Total instances in design:    80
*                Total instances in design with no power:     0
*                Total instances in design with no activty:     0

*                Total Fillers and Decap:     0
-----------------------------------------------------------------------------------------
 
** INFO:  (VOLTUS_POWR-3465): There are 0 decaps and 0 fillers in the design

Ended Static Power Report Generation: (cpu=0:00:00, real=0:00:00,
mem(process/total/peak)=2626.46MB/5055.09MB/2626.46MB)

