    Hinst Name            Module Name          Inst Count           Total Area
---------------------------------------------------------------------------
carry_skip4_32bits                                     80             1030.989
  CSKIP1                  skip4                        10              128.874
    CSKIP1/FA1            full_adder                    1               20.019
    CSKIP1/FA2            full_adder_100                1               20.019
    CSKIP1/FA3            full_adder_99                 1               20.019
    CSKIP1/FA4            full_adder_98                 1               20.019
  skip_loop[1].CSKIP2     skip4_107                    10              128.874
    skip_loop[1].CSKIP2/FA1 full_adder_97                 1               20.019
    skip_loop[1].CSKIP2/FA2 full_adder_96                 1               20.019
    skip_loop[1].CSKIP2/FA3 full_adder_95                 1               20.019
    skip_loop[1].CSKIP2/FA4 full_adder_94                 1               20.019
  skip_loop[2].CSKIP2     skip4_106                    10              128.874
    skip_loop[2].CSKIP2/FA1 full_adder_93                 1               20.019
    skip_loop[2].CSKIP2/FA2 full_adder_92                 1               20.019
    skip_loop[2].CSKIP2/FA3 full_adder_91                 1               20.019
    skip_loop[2].CSKIP2/FA4 full_adder_90                 1               20.019
  skip_loop[3].CSKIP2     skip4_105                    10              128.874
    skip_loop[3].CSKIP2/FA1 full_adder_89                 1               20.019
    skip_loop[3].CSKIP2/FA2 full_adder_88                 1               20.019
    skip_loop[3].CSKIP2/FA3 full_adder_87                 1               20.019
    skip_loop[3].CSKIP2/FA4 full_adder_86                 1               20.019
  skip_loop[4].CSKIP2     skip4_104                    10              128.874
    skip_loop[4].CSKIP2/FA1 full_adder_85                 1               20.019
    skip_loop[4].CSKIP2/FA2 full_adder_84                 1               20.019
    skip_loop[4].CSKIP2/FA3 full_adder_83                 1               20.019
    skip_loop[4].CSKIP2/FA4 full_adder_82                 1               20.019
  skip_loop[5].CSKIP2     skip4_103                    10              128.874
    skip_loop[5].CSKIP2/FA1 full_adder_81                 1               20.019
    skip_loop[5].CSKIP2/FA2 full_adder_80                 1               20.019
    skip_loop[5].CSKIP2/FA3 full_adder_79                 1               20.019
    skip_loop[5].CSKIP2/FA4 full_adder_78                 1               20.019
  skip_loop[6].CSKIP2     skip4_102                    10              128.874
    skip_loop[6].CSKIP2/FA1 full_adder_77                 1               20.019
    skip_loop[6].CSKIP2/FA2 full_adder_76                 1               20.019
    skip_loop[6].CSKIP2/FA3 full_adder_75                 1               20.019
    skip_loop[6].CSKIP2/FA4 full_adder_74                 1               20.019
  skip_loop[7].CSKIP2     skip4_101                    10              128.874
    skip_loop[7].CSKIP2/FA1 full_adder_73                 1               20.019
    skip_loop[7].CSKIP2/FA2 full_adder_72                 1               20.019
    skip_loop[7].CSKIP2/FA3 full_adder_71                 1               20.019
    skip_loop[7].CSKIP2/FA4 full_adder_70                 1               20.019
