============================================================
  Generated by:           Genus(TM) Synthesis Solution 23.12-s086_1
  Generated on:           Apr 07 2025  05:18:02 pm
  Module:                 carry_skip4_32bits
  Operating conditions:   tt_025C_1v80 
  Interconnect mode:      global
  Area mode:              physical library
============================================================


Path 1: MET (0 ps) Path Delay Check
     Startpoint: (F) A[0]
       Endpoint: (F) Cout

                   Capture    Launch  
      Path Delay:+    4820         -  
      Drv Adjust:+       0         0  
         Arrival:=    4820            
                                      
   Required Time:=    4820            
       Data Path:-    4820            
           Slack:=       0            

Exceptions/Constraints:
  max_delay             4820            constraints.sdc_line_1 

#-----------------------------------------------------------------------------------------------------------------------------
#            Timing Point              Flags   Arc   Edge           Cell             Fanout Load Trans Delay Arrival Instance 
#                                                                                           (fF)  (ps)  (ps)   (ps)  Location 
#-----------------------------------------------------------------------------------------------------------------------------
  A[0]                                 -       -     F     (arrival)                      1  8.0  1000     0       0    (-,-) 
  g59/X                                -       A->X  F     sky130_fd_sc_hd__buf_8         4 20.7    56   425     425    (-,-) 
  CSKIP1/FA1/g194__6260/Y              -       A->Y  R     sky130_fd_sc_hd__nor2_4        1  6.0    72   105     530    (-,-) 
  CSKIP1/FA1/g191__2398/Y              -       A2->Y F     sky130_fd_sc_hd__o21ai_2       2  7.8    49    65     595    (-,-) 
  CSKIP1/FA2/g124__3680/Y              -       A->Y  R     sky130_fd_sc_hd__nand2_2       1  5.9    51    60     655    (-,-) 
  CSKIP1/FA2/g122__5526/Y              -       A->Y  F     sky130_fd_sc_hd__nand2_2       2  7.8    44    54     709    (-,-) 
  CSKIP1/FA3/g124__7098/Y              -       A->Y  R     sky130_fd_sc_hd__nand2_2       1  5.9    53    58     767    (-,-) 
  CSKIP1/FA3/g122__5122/Y              -       A->Y  F     sky130_fd_sc_hd__nand2_2       2  7.8    44    54     821    (-,-) 
  CSKIP1/FA4/g124__6161/Y              -       A->Y  R     sky130_fd_sc_hd__nand2_2       1  5.9    51    58     879    (-,-) 
  CSKIP1/FA4/g122__7482/Y              -       A->Y  F     sky130_fd_sc_hd__nand2_2       1  6.1    36    49     928    (-,-) 
  CSKIP1/g74/Y                         -       A->Y  R     sky130_fd_sc_hd__clkinv_2      1 10.1    43    52     980    (-,-) 
  CSKIP1/g183__2346/Y                  -       A->Y  F     sky130_fd_sc_hd__nand2_4       3 14.6    48    52    1032    (-,-) 
  skip_loop[1].CSKIP2/FA1/g124__8428/Y -       A->Y  R     sky130_fd_sc_hd__nand2_4       1 10.1    52    61    1093    (-,-) 
  skip_loop[1].CSKIP2/FA1/g122__6260/Y -       A->Y  F     sky130_fd_sc_hd__nand2_4       2 11.8    40    50    1143    (-,-) 
  skip_loop[1].CSKIP2/FA2/g124__1705/Y -       A->Y  R     sky130_fd_sc_hd__nand2_4       1 10.1    52    57    1200    (-,-) 
  skip_loop[1].CSKIP2/FA2/g122__1617/Y -       A->Y  F     sky130_fd_sc_hd__nand2_4       2 11.8    44    50    1251    (-,-) 
  skip_loop[1].CSKIP2/FA3/g124__5115/Y -       A->Y  R     sky130_fd_sc_hd__nand2_4       1 10.1    52    59    1310    (-,-) 
  skip_loop[1].CSKIP2/FA3/g122__6131/Y -       A->Y  F     sky130_fd_sc_hd__nand2_4       2 11.8    40    50    1360    (-,-) 
  skip_loop[1].CSKIP2/FA4/g124__2883/Y -       A->Y  R     sky130_fd_sc_hd__nand2_4       1 10.1    52    57    1418    (-,-) 
  skip_loop[1].CSKIP2/FA4/g122__9315/Y -       A->Y  F     sky130_fd_sc_hd__nand2_4       1  9.9    36    47    1465    (-,-) 
  skip_loop[1].CSKIP2/g74/Y            -       A->Y  R     sky130_fd_sc_hd__inv_4         1 10.1    37    49    1514    (-,-) 
  skip_loop[1].CSKIP2/g152__6417/Y     -       A->Y  F     sky130_fd_sc_hd__nand2_4       3 10.6    41    44    1558    (-,-) 
  skip_loop[2].CSKIP2/FA1/g124__3680/Y -       A->Y  R     sky130_fd_sc_hd__nand2_2       1  5.9    52    57    1615    (-,-) 
  skip_loop[2].CSKIP2/FA1/g122__5526/Y -       A->Y  F     sky130_fd_sc_hd__nand2_2       2  7.8    42    54    1669    (-,-) 
  skip_loop[2].CSKIP2/FA2/g124__7098/Y -       A->Y  R     sky130_fd_sc_hd__nand2_2       1  5.9    51    57    1726    (-,-) 
  skip_loop[2].CSKIP2/FA2/g122__5122/Y -       A->Y  F     sky130_fd_sc_hd__nand2_2       2  7.8    42    54    1780    (-,-) 
  skip_loop[2].CSKIP2/FA3/g124__6161/Y -       A->Y  R     sky130_fd_sc_hd__nand2_2       1  5.9    51    57    1837    (-,-) 
  skip_loop[2].CSKIP2/FA3/g122__7482/Y -       A->Y  F     sky130_fd_sc_hd__nand2_2       2  7.8    42    54    1891    (-,-) 
  skip_loop[2].CSKIP2/FA4/g124__7410/Y -       A->Y  R     sky130_fd_sc_hd__nand2_2       1  5.9    51    57    1948    (-,-) 
  skip_loop[2].CSKIP2/FA4/g122__2346/Y -       A->Y  F     sky130_fd_sc_hd__nand2_2       1  5.6    35    48    1996    (-,-) 
  skip_loop[2].CSKIP2/g74/Y            -       A->Y  R     sky130_fd_sc_hd__inv_2         1 10.1    53    60    2056    (-,-) 
  skip_loop[2].CSKIP2/g152__5107/Y     -       A->Y  F     sky130_fd_sc_hd__nand2_4       3 14.6    49    55    2111    (-,-) 
  skip_loop[3].CSKIP2/FA1/g124__1705/Y -       A->Y  R     sky130_fd_sc_hd__nand2_4       1 10.1    52    61    2172    (-,-) 
  skip_loop[3].CSKIP2/FA1/g122__1617/Y -       A->Y  F     sky130_fd_sc_hd__nand2_4       2 11.8    38    50    2222    (-,-) 
  skip_loop[3].CSKIP2/FA2/g124__5115/Y -       A->Y  R     sky130_fd_sc_hd__nand2_4       1 10.1    52    57    2279    (-,-) 
  skip_loop[3].CSKIP2/FA2/g122__6131/Y -       A->Y  F     sky130_fd_sc_hd__nand2_4       2 11.8    38    50    2329    (-,-) 
  skip_loop[3].CSKIP2/FA3/g124__2883/Y -       A->Y  R     sky130_fd_sc_hd__nand2_4       1 10.1    52    57    2386    (-,-) 
  skip_loop[3].CSKIP2/FA3/g122__9315/Y -       A->Y  F     sky130_fd_sc_hd__nand2_4       2 11.8    38    50    2436    (-,-) 
  skip_loop[3].CSKIP2/FA4/g124__2398/Y -       A->Y  R     sky130_fd_sc_hd__nand2_4       1 10.1    52    57    2492    (-,-) 
  skip_loop[3].CSKIP2/FA4/g122__6417/Y -       A->Y  F     sky130_fd_sc_hd__nand2_4       1  9.9    35    47    2540    (-,-) 
  skip_loop[3].CSKIP2/g74/Y            -       A->Y  R     sky130_fd_sc_hd__inv_4         1 10.1    37    49    2588    (-,-) 
  skip_loop[3].CSKIP2/g152__8428/Y     -       A->Y  F     sky130_fd_sc_hd__nand2_4       3 14.0    48    49    2638    (-,-) 
  skip_loop[4].CSKIP2/FA1/g124__7098/Y -       A->Y  R     sky130_fd_sc_hd__nand2_4       1 10.1    52    61    2698    (-,-) 
  skip_loop[4].CSKIP2/FA1/g122__5122/Y -       A->Y  F     sky130_fd_sc_hd__nand2_4       2  7.8    32    44    2742    (-,-) 
  skip_loop[4].CSKIP2/FA2/g124__6161/Y -       A->Y  R     sky130_fd_sc_hd__nand2_2       1  5.9    51    53    2795    (-,-) 
  skip_loop[4].CSKIP2/FA2/g122__7482/Y -       A->Y  F     sky130_fd_sc_hd__nand2_2       2  7.8    42    54    2849    (-,-) 
  skip_loop[4].CSKIP2/FA3/g124__7410/Y -       A->Y  R     sky130_fd_sc_hd__nand2_2       1  5.9    51    57    2906    (-,-) 
  skip_loop[4].CSKIP2/FA3/g122__2346/Y -       A->Y  F     sky130_fd_sc_hd__nand2_2       2  7.8    42    54    2960    (-,-) 
  skip_loop[4].CSKIP2/FA4/g124__4319/Y -       A->Y  R     sky130_fd_sc_hd__nand2_2       1  5.9    51    57    3017    (-,-) 
  skip_loop[4].CSKIP2/FA4/g122__5107/Y -       A->Y  F     sky130_fd_sc_hd__nand2_2       1  6.1    36    49    3066    (-,-) 
  skip_loop[4].CSKIP2/g74/Y            -       A->Y  R     sky130_fd_sc_hd__clkinv_2      1 10.1    43    52    3119    (-,-) 
  skip_loop[4].CSKIP2/g152__6783/Y     -       A->Y  F     sky130_fd_sc_hd__nand2_4       3 14.0    41    51    3170    (-,-) 
  skip_loop[5].CSKIP2/FA1/g124__6131/Y -       A->Y  R     sky130_fd_sc_hd__nand2_4       1 10.1    52    58    3228    (-,-) 
  skip_loop[5].CSKIP2/FA1/g122__7098/Y -       A->Y  F     sky130_fd_sc_hd__nand2_4       2 11.8    38    50    3278    (-,-) 
  skip_loop[5].CSKIP2/FA2/g124__6161/Y -       A->Y  R     sky130_fd_sc_hd__nand2_4       1 10.1    52    57    3335    (-,-) 
  skip_loop[5].CSKIP2/FA2/g122__4733/Y -       A->Y  F     sky130_fd_sc_hd__nand2_4       2 11.8    38    50    3385    (-,-) 
  skip_loop[5].CSKIP2/FA3/g124__1666/Y -       A->Y  R     sky130_fd_sc_hd__nand2_4       1 10.1    52    57    3442    (-,-) 
  skip_loop[5].CSKIP2/FA3/g122__2346/Y -       A->Y  F     sky130_fd_sc_hd__nand2_4       2  7.8    32    44    3486    (-,-) 
  skip_loop[5].CSKIP2/FA4/g124__5107/Y -       A->Y  R     sky130_fd_sc_hd__nand2_2       1  5.9    51    53    3539    (-,-) 
  skip_loop[5].CSKIP2/FA4/g122__2398/Y -       A->Y  F     sky130_fd_sc_hd__nand2_2       1  6.1    36    49    3588    (-,-) 
  skip_loop[5].CSKIP2/g74/Y            -       A->Y  R     sky130_fd_sc_hd__clkinv_2      1 10.1    43    52    3640    (-,-) 
  skip_loop[5].CSKIP2/g157__5526/Y     -       A->Y  F     sky130_fd_sc_hd__nand2_4       3 14.0    41    51    3691    (-,-) 
  skip_loop[6].CSKIP2/FA1/g124__6131/Y -       A->Y  R     sky130_fd_sc_hd__nand2_4       1 10.1    52    58    3749    (-,-) 
  skip_loop[6].CSKIP2/FA1/g122__8246/Y -       A->Y  F     sky130_fd_sc_hd__nand2_4       2 11.8    38    50    3800    (-,-) 
  skip_loop[6].CSKIP2/FA2/g124__9315/Y -       A->Y  R     sky130_fd_sc_hd__nand2_4       1 10.1    52    57    3856    (-,-) 
  skip_loop[6].CSKIP2/FA2/g122__4733/Y -       A->Y  F     sky130_fd_sc_hd__nand2_4       2  9.6    36    47    3903    (-,-) 
  skip_loop[6].CSKIP2/FA3/g124__6417/Y -       A->Y  R     sky130_fd_sc_hd__nand2_2       1  5.9    51    54    3958    (-,-) 
  skip_loop[6].CSKIP2/FA3/g122__1666/Y -       A->Y  F     sky130_fd_sc_hd__nand2_2       2  7.8    42    54    4011    (-,-) 
  skip_loop[6].CSKIP2/FA4/g124__8428/Y -       A->Y  R     sky130_fd_sc_hd__nand2_2       1  5.9    51    57    4069    (-,-) 
  skip_loop[6].CSKIP2/FA4/g122__6260/Y -       A->Y  F     sky130_fd_sc_hd__nand2_2       1  5.6    35    48    4116    (-,-) 
  skip_loop[6].CSKIP2/g79/Y            -       A->Y  R     sky130_fd_sc_hd__inv_2         1 10.1    53    60    4176    (-,-) 
  skip_loop[6].CSKIP2/g167__1617/Y     -       A->Y  F     sky130_fd_sc_hd__nand2_4       3 14.7    43    55    4231    (-,-) 
  skip_loop[7].CSKIP2/FA1/g124__7482/Y -       A->Y  R     sky130_fd_sc_hd__nand2_4       1 10.1    52    59    4290    (-,-) 
  skip_loop[7].CSKIP2/FA1/g122__1881/Y -       A->Y  F     sky130_fd_sc_hd__nand2_4       2 11.8    38    50    4340    (-,-) 
  skip_loop[7].CSKIP2/FA2/g126__7410/Y -       A->Y  R     sky130_fd_sc_hd__nand2_4       1 10.1    52    57    4397    (-,-) 
  skip_loop[7].CSKIP2/FA2/g122__9945/Y -       A->Y  F     sky130_fd_sc_hd__nand2_4       2  7.8    31    44    4441    (-,-) 
  skip_loop[7].CSKIP2/FA3/g127__5526/Y -       A->Y  R     sky130_fd_sc_hd__nand2_2       1 10.1    72    67    4508    (-,-) 
  skip_loop[7].CSKIP2/FA3/g123__5107/Y -       A->Y  F     sky130_fd_sc_hd__nand2_4       3 18.0    53    66    4574    (-,-) 
  skip_loop[7].CSKIP2/FA4/g127__8246/Y -       A->Y  R     sky130_fd_sc_hd__nand2_4       1 10.1    55    63    4637    (-,-) 
  skip_loop[7].CSKIP2/FA4/g123__2802/Y -       A->Y  F     sky130_fd_sc_hd__nand2_4       1 10.8    36    49    4686    (-,-) 
  skip_loop[7].CSKIP2/g79/Y            -       A->Y  R     sky130_fd_sc_hd__clkinv_4      1 18.7    44    54    4740    (-,-) 
  skip_loop[7].CSKIP2/g167__7482/Y     -       A->Y  F     sky130_fd_sc_hd__nand2_8       1 51.3    91    79    4819    (-,-) 
  Cout                                 -       -     F     (port)                         -    -     -     0    4820    (-,-) 
#-----------------------------------------------------------------------------------------------------------------------------

