============================================================
  Generated by:           Genus(TM) Synthesis Solution 23.12-s086_1
  Generated on:           Apr 07 2025  05:18:02 pm
  Module:                 carry_skip4_32bits
  Operating conditions:   tt_025C_1v80 
  Interconnect mode:      global
  Area mode:              physical library
============================================================

       Instance           Module      Cell-Count  Cell-Area  Net-Area   Total-Area 
-----------------------------------------------------------------------------------
carry_skip4_32bits    NA                     361   2798.934  1839.235     4638.169 
  CSKIP1              skip4                   43    291.530   148.803      440.332 
    FA1               full_adder               6     48.797    15.228       64.025 
    FA2               full_adder_100          11     57.555    37.157       94.712 
    FA3               full_adder_99           11     57.555    37.157       94.712 
    FA4               full_adder_98            7     50.048    16.969       67.017 
  skip_loop[1].CSKIP2 skip4_107               36    300.288   110.166      410.454 
    FA1               full_adder_97            7     60.058    16.969       77.026 
    FA2               full_adder_96            7     57.555    16.969       74.524 
    FA3               full_adder_95            7     60.058    16.969       77.026 
    FA4               full_adder_94            7     60.058    16.969       77.026 
  skip_loop[2].CSKIP2 skip4_106               36    257.747   110.166      367.913 
    FA1               full_adder_93            7     47.546    16.969       64.514 
    FA2               full_adder_92            7     50.048    16.969       67.017 
    FA3               full_adder_91            7     50.048    16.969       67.017 
    FA4               full_adder_90            7     50.048    16.969       67.017 
  skip_loop[3].CSKIP2 skip4_105               36    322.810   110.166      432.976 
    FA1               full_adder_89            7     65.062    16.969       82.031 
    FA2               full_adder_88            7     65.062    16.969       82.031 
    FA3               full_adder_87            7     65.062    16.969       82.031 
    FA4               full_adder_86            7     65.062    16.969       82.031 
  skip_loop[4].CSKIP2 skip4_104               36    290.278   110.166      400.445 
    FA1               full_adder_85            7     63.811    16.969       80.780 
    FA2               full_adder_84            7     50.048    16.969       67.017 
    FA3               full_adder_83            7     50.048    16.969       67.017 
    FA4               full_adder_82            6     52.550    13.575       66.125 
  skip_loop[5].CSKIP2 skip4_103               33    327.814    99.985      427.799 
    FA1               full_adder_81            6     67.565    13.575       81.140 
    FA2               full_adder_80            6     67.565    13.575       81.140 
    FA3               full_adder_79            6     66.314    13.575       79.889 
    FA4               full_adder_78            6     52.550    13.575       66.125 
  skip_loop[6].CSKIP2 skip4_102               32    325.312    96.591      421.903 
    FA1               full_adder_77            6     72.570    13.575       86.145 
    FA2               full_adder_76            6     68.816    13.575       82.391 
    FA3               full_adder_75            5     51.299    10.181       61.480 
    FA4               full_adder_74            6     60.058    13.575       73.633 
  skip_loop[7].CSKIP2 skip4_101               42    410.394   140.449      550.842 
    FA1               full_adder_73            6     72.570    13.575       86.145 
    FA2               full_adder_72            9     80.077    27.063      107.140 
    FA3               full_adder_71           10     85.082    30.457      115.538 
    FA4               full_adder_70            9     98.845    25.410      124.254 
