============================================================
  Generated by:           Genus(TM) Synthesis Solution 23.12-s086_1
  Generated on:           Apr 07 2025  05:18:02 pm
  Module:                 carry_skip4_32bits
  Operating conditions:   tt_025C_1v80 
  Interconnect mode:      global
  Area mode:              physical library
============================================================

Timing
-------
  Cost    Critical         Violating 
 Group   Path Slack  TNS     Paths   
-------------------------------------
default         0.2   0.0          0 
-------------------------------------
Total                 0.0          0 

Instance Count
--------------
Leaf Instance Count             361 
Physical Instance count           0 
Sequential Instance Count         0 
Combinational Instance Count    361 
Hierarchical Instance Count      40 

Area
----
Cell Area                          2798.934
Physical Cell Area                 0.000
Total Cell Area (Cell+Physical)    2798.934
Net Area                           1839.235
Total Area (Cell+Physical+Net)     4638.169

Max Fanout                         4 (n_0)
Min Fanout                         1 (Cout)
Average Fanout                     1.6
Terms to net ratio                 2.3474
Terms to instance ratio            2.7701
Runtime                            16.643939 seconds
Elapsed Runtime                    18 seconds
Genus peak memory usage            1892.62 
Innovus peak memory usage          no_value 
Hostname                           cadmicro-inf-el8-623207
