###############################################################
#  Generated by:      Cadence Innovus 23.32-s091_1
#  OS:                Linux x86_64(Host ID cadmicro-inf-el8-623207)
#  Generated on:      Thu Apr  3 15:06:36 2025
#  Design:            carry_select_adder_661010_32bits
#  Command:           report_timing > reports/report_timing.rpt
###############################################################
Path 1: MET Path Delay Check
Endpoint:   S[27] (v)
Beginpoint: B[12] (v) triggered by  leading edge of '@'
Path Groups: {default}
Analysis View: default_emulate_view
- External Delay                0.000
+ Path Delay                  200.000
= Required Time               200.000
- Arrival Time                  5.655
= Slack Time                  194.345
     Clock Rise Edge                      0.000
     + Input Delay                        0.000
     = Beginpoint Arrival Time            0.000
     +------------------------------------------------------------------------------------------------------------------------------+ 
     |                      Instance                      |       Arc       |           Cell           | Delay | Arrival | Required | 
     |                                                    |                 |                          |       |  Time   |   Time   | 
     |----------------------------------------------------+-----------------+--------------------------+-------+---------+----------| 
     |                                                    | B[12] v         |                          |       |  -0.000 |  194.345 | 
     | CSA_BLOCKS[2].RCA_C0/F1A/g28__7098                 | A v -> COUT v   | sky130_fd_sc_hd__ha_1    | 0.619 |   0.619 |  194.964 | 
     | CSA_BLOCKS[2].RCA_C0/full_adder_loop[1].FA/g65__61 | A v -> COUT v   | sky130_fd_sc_hd__fa_1    | 0.457 |   1.076 |  195.421 | 
     | 31                                                 |                 |                          |       |         |          | 
     | CSA_BLOCKS[2].RCA_C0/full_adder_loop[2].FA/g65__18 | CIN v -> COUT v | sky130_fd_sc_hd__fa_1    | 0.408 |   1.484 |  195.829 | 
     | 81                                                 |                 |                          |       |         |          | 
     | CSA_BLOCKS[2].RCA_C0/full_adder_loop[3].FA/g65__51 | CIN v -> COUT v | sky130_fd_sc_hd__fa_1    | 0.392 |   1.877 |  196.222 | 
     | 15                                                 |                 |                          |       |         |          | 
     | CSA_BLOCKS[2].RCA_C0/full_adder_loop[4].FA/g65__74 | CIN v -> COUT v | sky130_fd_sc_hd__fa_1    | 0.389 |   2.266 |  196.611 | 
     | 82                                                 |                 |                          |       |         |          | 
     | CSA_BLOCKS[2].RCA_C0/full_adder_loop[5].FA/g65__47 | CIN v -> COUT v | sky130_fd_sc_hd__fa_1    | 0.391 |   2.657 |  197.001 | 
     | 33                                                 |                 |                          |       |         |          | 
     | CSA_BLOCKS[2].RCA_C0/full_adder_loop[6].FA/g65__61 | CIN v -> COUT v | sky130_fd_sc_hd__fa_1    | 0.403 |   3.059 |  197.404 | 
     | 61                                                 |                 |                          |       |         |          | 
     | CSA_BLOCKS[2].RCA_C0/full_adder_loop[7].FA/g65__93 | CIN v -> COUT v | sky130_fd_sc_hd__fa_1    | 0.392 |   3.452 |  197.796 | 
     | 15                                                 |                 |                          |       |         |          | 
     | CSA_BLOCKS[2].RCA_C0/full_adder_loop[8].FA/g65__99 | CIN v -> COUT v | sky130_fd_sc_hd__fa_1    | 0.398 |   3.850 |  198.194 | 
     | 45                                                 |                 |                          |       |         |          | 
     | CSA_BLOCKS[2].RCA_C0/full_adder_loop[9].FA/g65__28 | CIN v -> COUT v | sky130_fd_sc_hd__fa_1    | 0.378 |   4.228 |  198.573 | 
     | 83                                                 |                 |                          |       |         |          | 
     | g552__9315                                         | A1 v -> Y ^     | sky130_fd_sc_hd__mux2i_1 | 0.855 |   5.083 |  199.428 | 
     | g537__5526                                         | S ^ -> X v      | sky130_fd_sc_hd__mux2_2  | 0.571 |   5.654 |  199.999 | 
     |                                                    | S[27] v         |                          | 0.001 |   5.655 |  200.000 | 
     +------------------------------------------------------------------------------------------------------------------------------+ 

