============================================================
  Generated by:           Genus(TM) Synthesis Solution 23.12-s086_1
  Generated on:           Apr 07 2025  05:58:23 pm
  Module:                 carry_select_adder_46688_32bits
  Operating conditions:   tt_025C_1v80 
  Interconnect mode:      global
  Area mode:              physical library
============================================================

            Instance                         Module              Cell-Count  Cell-Area  Net-Area   Total-Area 
--------------------------------------------------------------------------------------------------------------
carry_select_adder_46688_32bits NA                                      658   4566.880  3142.084     7708.964 
  CSA_BLOCKS[1].RCA_C0          ripple_carry_adder_WIDTH6                53    361.597   184.219      545.816 
    F1A                         full_adder_24_245                         4     22.522    10.094       32.616 
    full_adder_loop[1].FA       full_adder_239                           13     77.574    43.945      121.519 
    full_adder_loop[2].FA       full_adder_238                           11     60.058    37.157       97.215 
    full_adder_loop[3].FA       full_adder_237                            9     58.806    23.756       82.563 
    full_adder_loop[4].FA       full_adder_236                            7     68.816    16.969       85.785 
    full_adder_loop[5].FA       full_adder_235                            9     73.821    27.063      100.884 
  CSA_BLOCKS[1].RCA_C1          ripple_carry_adder_WIDTH6_3_250          55    414.147   191.007      605.154 
    F1A                         full_adder_52_246                         6     47.546    16.882       64.427 
    full_adder_loop[1].FA       full_adder_227                           11     77.574    37.157      114.732 
    full_adder_loop[2].FA       full_adder_226                           11     77.574    37.157      114.732 
    full_adder_loop[3].FA       full_adder_225                           11     70.067    30.544      100.611 
    full_adder_loop[4].FA       full_adder_224                            7     65.062    16.969       82.031 
    full_adder_loop[5].FA       full_adder_223                            9     76.323    27.063      103.386 
  CSA_BLOCKS[2].RCA_C0          ripple_carry_adder_WIDTH6_249            52    387.872   180.913      568.785 
    F1A                         full_adder_24                             5     26.275    13.488       39.763 
    full_adder_loop[1].FA       full_adder_222                           12     82.579    40.551      123.130 
    full_adder_loop[2].FA       full_adder_221                           11     73.821    37.157      110.978 
    full_adder_loop[3].FA       full_adder_220                           10     66.314    27.150       93.464 
    full_adder_loop[4].FA       full_adder_219                            6     71.318    13.575       84.893 
    full_adder_loop[5].FA       full_adder_218                            8     67.565    23.756       91.321 
  CSA_BLOCKS[2].RCA_C1          ripple_carry_adder_WIDTH6_3              53    412.896   185.873      598.769 
    F1A                         full_adder_52_247                         6     43.792    16.882       60.674 
    full_adder_loop[1].FA       full_adder_217                           11     80.077    37.157      117.234 
    full_adder_loop[2].FA       full_adder_216                           11     77.574    37.157      114.732 
    full_adder_loop[3].FA       full_adder_215                            9     73.821    25.410       99.230 
    full_adder_loop[4].FA       full_adder_214                            7     65.062    16.969       82.031 
    full_adder_loop[5].FA       full_adder_213                            9     72.570    27.063       99.633 
  CSA_BLOCKS[3].RCA_C0          ripple_carry_adder_WIDTH8                61    385.370   204.582      589.951 
    F1A                         full_adder_24_243                         4     22.522    10.094       32.616 
    full_adder_loop[1].FA       full_adder_234                           10     60.058    33.763       93.821 
    full_adder_loop[2].FA       full_adder_233                            9     56.304    27.063       83.367 
    full_adder_loop[3].FA       full_adder_232                            9     51.299    23.756       75.055 
    full_adder_loop[4].FA       full_adder_231                            6     50.048    13.575       63.623 
    full_adder_loop[5].FA       full_adder_230                            9     51.299    27.063       78.362 
    full_adder_loop[6].FA       full_adder_229                            7     50.048    16.969       67.017 
    full_adder_loop[7].FA       full_adder_228                            7     43.792    16.969       60.761 
  CSA_BLOCKS[3].RCA_C1          ripple_carry_adder_WIDTH8_3_252          63    395.379   214.676      610.055 
    F1A                         full_adder_52_248                         4     30.029    10.094       40.123 
    full_adder_loop[1].FA       full_adder_212                           10     60.058    33.763       93.821 
    full_adder_loop[2].FA       full_adder_211                           11     60.058    37.157       97.215 
    full_adder_loop[3].FA       full_adder_210                            9     51.299    23.756       75.055 
    full_adder_loop[4].FA       full_adder_209                            7     46.294    16.969       63.263 
    full_adder_loop[5].FA       full_adder_208                            9     53.802    27.063       80.865 
    full_adder_loop[6].FA       full_adder_207                            6     42.541    13.575       56.116 
    full_adder_loop[7].FA       full_adder_206                            7     51.299    16.969       68.268 
  CSA_BLOCKS[4].RCA_C0          ripple_carry_adder_WIDTH8_251            47    347.834   165.597      513.431 
    F1A                         full_adder_24_244                         4     26.275    10.094       36.369 
    full_adder_loop[1].FA       full_adder_205                           10     56.304    33.763       90.067 
    full_adder_loop[2].FA       full_adder_204                            7     46.294    16.969       63.263 
    full_adder_loop[3].FA       full_adder_203                            7     45.043    16.969       62.012 
    full_adder_loop[4].FA       full_adder_202                            8     51.299    23.669       74.968 
    full_adder_loop[5].FA       full_adder_201                            5     43.792    13.575       57.367 
    full_adder_loop[6].FA       full_adder_200                            1     33.782     0.000       33.782 
    full_adder_loop[7].FA       full_adder_199                            5     45.043    16.882       61.925 
  CSA_BLOCKS[4].RCA_C1          ripple_carry_adder_WIDTH8_3              45    325.312   148.890      474.202 
    F1A                         full_adder_52                             4     22.522    10.094       32.616 
    full_adder_loop[1].FA       full_adder_198                            5     36.285    10.181       46.466 
    full_adder_loop[2].FA       full_adder_197                            7     42.541    16.969       59.510 
    full_adder_loop[3].FA       full_adder_196                            7     50.048    18.622       68.670 
    full_adder_loop[4].FA       full_adder_195                            6     43.792    16.969       60.761 
    full_adder_loop[5].FA       full_adder_194                            5     47.546    13.575       61.121 
    full_adder_loop[6].FA       full_adder_193                            5     40.038    13.575       53.613 
    full_adder_loop[7].FA       full_adder_192                            6     42.541    13.575       56.116 
  RCA_LSB                       ripple_carry_adder_WIDTH4                27    253.994    86.236      340.229 
    F1A                         full_adder                                7     55.053    20.275       75.328 
    full_adder_loop[1].FA       full_adder_242                            7     53.802    16.969       70.770 
    full_adder_loop[2].FA       full_adder_241                            6     65.062    13.575       78.637 
    full_adder_loop[3].FA       full_adder_240                            7     80.077    20.275      100.352 
