============================================================
  Generated by:           Genus(TM) Synthesis Solution 23.12-s086_1
  Generated on:           Apr 07 2025  05:58:23 pm
  Module:                 carry_select_adder_46688_32bits
  Operating conditions:   tt_025C_1v80 
  Interconnect mode:      global
  Area mode:              physical library
============================================================


Path 1: VIOLATED (-302 ps) Path Delay Check
     Startpoint: (F) B[10]
       Endpoint: (R) S[30]

                   Capture    Launch  
      Path Delay:+    1430         -  
      Drv Adjust:+       0         0  
         Arrival:=    1430            
                                      
   Required Time:=    1430            
       Data Path:-    1732            
           Slack:=    -302            

Exceptions/Constraints:
  max_delay             1430            constraints.sdc_line_1 

#------------------------------------------------------------------------------------------------------------------------------------------------
#                      Timing Point                       Flags   Arc   Edge           Cell             Fanout Load Trans Delay Arrival Instance 
#                                                                                                              (fF)  (ps)  (ps)   (ps)  Location 
#------------------------------------------------------------------------------------------------------------------------------------------------
  B[10]                                                   -       -     F     (arrival)                      2  5.9  1000     0       0    (-,-) 
  g8825_dup/X                                             -       A->X  F     sky130_fd_sc_hd__clkbuf_1      1  6.1    64   328     328    (-,-) 
  CSA_BLOCKS[2].RCA_C1/F1A/g9/Y                           -       A->Y  R     sky130_fd_sc_hd__clkinv_2      2 12.9    54    72     400    (-,-) 
  CSA_BLOCKS[2].RCA_C1/F1A/g8/Y                           -       B->Y  F     sky130_fd_sc_hd__nand2_4       2 11.9    38    56     455    (-,-) 
  CSA_BLOCKS[2].RCA_C1/full_adder_loop[1].FA/g15/Y        -       B->Y  R     sky130_fd_sc_hd__nand2_4       1 10.1    52    67     522    (-,-) 
  CSA_BLOCKS[2].RCA_C1/full_adder_loop[1].FA/g14/Y        -       A->Y  F     sky130_fd_sc_hd__nand2_4       2 11.8    38    50     572    (-,-) 
  CSA_BLOCKS[2].RCA_C1/full_adder_loop[2].FA/g124__2883/Y -       A->Y  R     sky130_fd_sc_hd__nand2_4       1 10.1    52    56     629    (-,-) 
  CSA_BLOCKS[2].RCA_C1/full_adder_loop[2].FA/g122__9315/Y -       A->Y  F     sky130_fd_sc_hd__nand2_4       2 11.8    38    50     679    (-,-) 
  CSA_BLOCKS[2].RCA_C1/full_adder_loop[3].FA/g16/Y        -       A->Y  R     sky130_fd_sc_hd__nand2_4       1 10.1    52    56     735    (-,-) 
  CSA_BLOCKS[2].RCA_C1/full_adder_loop[3].FA/g15/Y        -       A->Y  F     sky130_fd_sc_hd__nand2_4       2 11.8    38    50     786    (-,-) 
  CSA_BLOCKS[2].RCA_C1/full_adder_loop[4].FA/g125__6783/Y -       A->Y  R     sky130_fd_sc_hd__nand2_4       1 10.1    52    56     842    (-,-) 
  CSA_BLOCKS[2].RCA_C1/full_adder_loop[4].FA/g123__8428/Y -       A->Y  F     sky130_fd_sc_hd__nand2_4       2 11.8    38    50     892    (-,-) 
  CSA_BLOCKS[2].RCA_C1/full_adder_loop[5].FA/g125__8246/Y -       A->Y  R     sky130_fd_sc_hd__nand2_4       1 10.1    52    56     949    (-,-) 
  CSA_BLOCKS[2].RCA_C1/full_adder_loop[5].FA/g123__1705/Y -       A->Y  F     sky130_fd_sc_hd__nand2_4       3 13.2    40    52    1002    (-,-) 
  g25/Y                                                   -       A->Y  R     sky130_fd_sc_hd__inv_2         1  5.7    35    48    1049    (-,-) 
  g96/Y                                                   -       A->Y  F     sky130_fd_sc_hd__nand3_2       2 10.3    82    76    1125    (-,-) 
  g95_0/Y                                                 -       C->Y  R     sky130_fd_sc_hd__nand4_2       1  5.9    79   109    1234    (-,-) 
  fopt14418/Y                                             -       A->Y  F     sky130_fd_sc_hd__inv_2         1  9.6    34    49    1283    (-,-) 
  g14655/Y                                                -       A->Y  R     sky130_fd_sc_hd__nand2_4       2 23.9    90    83    1366    (-,-) 
  g14287__2398_dup/Y                                      -       A->Y  F     sky130_fd_sc_hd__nand2_8       8 39.5    70    82    1448    (-,-) 
  fopt/Y                                                  -       A->Y  R     sky130_fd_sc_hd__inv_2         2 11.1    60    78    1526    (-,-) 
  g15/Y                                                   -       A->Y  F     sky130_fd_sc_hd__nand2_2       1  9.6    50    62    1588    (-,-) 
  g14/Y                                                   -       A->Y  R     sky130_fd_sc_hd__nand2_4       1 51.3   165   144    1732    (-,-) 
  S[30]                                                   <<<     -     R     (port)                         -    -     -     0    1732    (-,-) 
#------------------------------------------------------------------------------------------------------------------------------------------------

