============================================================
  Generated by:           Genus(TM) Synthesis Solution 23.12-s086_1
  Generated on:           Apr 07 2025  05:58:23 pm
  Module:                 carry_select_adder_46688_32bits
  Operating conditions:   tt_025C_1v80 
  Interconnect mode:      global
  Area mode:              physical library
============================================================

Timing
-------
  Cost    Critical             Violating 
 Group   Path Slack    TNS       Paths   
-----------------------------------------
default      -302.3   -6193.9         23 
-----------------------------------------
Total                 -6193.9         23 

Instance Count
--------------
Leaf Instance Count             658 
Physical Instance count           0 
Sequential Instance Count         0 
Combinational Instance Count    658 
Hierarchical Instance Count      69 

Area
----
Cell Area                          4566.880
Physical Cell Area                 0.000
Total Cell Area (Cell+Physical)    4566.880
Net Area                           3142.084
Total Area (Cell+Physical+Net)     7708.964

Max Fanout                         10 (n_606)
Min Fanout                         1 (C0[3])
Average Fanout                     1.6
Terms to net ratio                 2.4315
Terms to instance ratio            2.6976
Runtime                            35.469819 seconds
Elapsed Runtime                    42 seconds
Genus peak memory usage            1902.91 
Innovus peak memory usage          no_value 
Hostname                           cadmicro-inf-el8-623207
