============================================================
  Generated by:           Genus(TM) Synthesis Solution 23.12-s086_1
  Generated on:           Apr 07 2025  06:13:33 pm
  Module:                 carry_select_adder_46814_32bits
  Operating conditions:   tt_025C_1v80 
  Interconnect mode:      global
  Area mode:              physical library
============================================================

            Instance                       Module             Cell-Count  Cell-Area  Net-Area   Total-Area 
-----------------------------------------------------------------------------------------------------------
carry_select_adder_46814_32bits NA                                   503   3672.272  2571.848     6244.120 
  CSA_BLOCKS[1].RCA_C0          ripple_carry_adder_WIDTH6             35    230.221   130.006      360.227 
    F1A                         full_adder_4                           4     20.019    10.094       30.113 
    full_adder_loop[1].FA       full_adder_227                         9     52.550    30.370       82.920 
    full_adder_loop[2].FA       full_adder_226                         7     41.290    23.582       64.872 
    full_adder_loop[3].FA       full_adder_225                         5     37.536    13.575       51.111 
    full_adder_loop[4].FA       full_adder_224                         5     37.536    13.575       51.111 
    full_adder_loop[5].FA       full_adder_223                         5     41.290    13.575       54.865 
  CSA_BLOCKS[1].RCA_C1          ripple_carry_adder_WIDTH6_1           34    208.950   109.992      318.942 
    F1A                         full_adder_46_233                      4     20.019    10.094       30.113 
    full_adder_loop[1].FA       full_adder_202                         8     40.038    20.362       60.401 
    full_adder_loop[2].FA       full_adder_201                         6     35.034    13.575       48.609 
    full_adder_loop[3].FA       full_adder_200                         6     35.034    13.575       48.609 
    full_adder_loop[4].FA       full_adder_199                         5     37.536    13.575       51.111 
    full_adder_loop[5].FA       full_adder_198                         5     41.290    13.575       54.865 
  CSA_BLOCKS[2].RCA_C0          ripple_carry_adder_WIDTH8             47    295.283   160.637      455.920 
    F1A                         full_adder_4_232                       4     22.522    10.094       32.616 
    full_adder_loop[1].FA       full_adder_222                        10     47.546    33.763       81.309 
    full_adder_loop[2].FA       full_adder_221                         6     35.034    13.575       48.609 
    full_adder_loop[3].FA       full_adder_220                         6     37.536    13.575       51.111 
    full_adder_loop[4].FA       full_adder_219                         6     40.038    13.575       53.613 
    full_adder_loop[5].FA       full_adder_218                         5     37.536    13.575       51.111 
    full_adder_loop[6].FA       full_adder_217                         5     37.536    13.575       51.111 
    full_adder_loop[7].FA       full_adder_216                         5     37.536    13.575       51.111 
  CSA_BLOCKS[2].RCA_C1          ripple_carry_adder_WIDTH8_1           48    294.032   160.637      454.669 
    F1A                         full_adder_46_234                      4     22.522    10.094       32.616 
    full_adder_loop[1].FA       full_adder_197                        10     47.546    33.763       81.309 
    full_adder_loop[2].FA       full_adder_196                         6     37.536    13.575       51.111 
    full_adder_loop[3].FA       full_adder_195                         6     35.034    13.575       48.609 
    full_adder_loop[4].FA       full_adder_194                         6     35.034    13.575       48.609 
    full_adder_loop[5].FA       full_adder_193                         6     41.290    13.575       54.865 
    full_adder_loop[6].FA       full_adder_192                         5     37.536    13.575       51.111 
    full_adder_loop[7].FA       full_adder_191                         5     37.536    13.575       51.111 
  CSA_BLOCKS[3].RCA_C0          ripple_carry_adder_WIDTH14           104    884.598   350.078     1234.676 
    F1A                         full_adder_4_231                       5     31.280    13.488       44.768 
    full_adder_loop[10].FA      full_adder_206                         7     65.062    16.969       82.031 
    full_adder_loop[11].FA      full_adder_205                         8     78.826    22.016      100.841 
    full_adder_loop[12].FA      full_adder_204                         6     56.304    16.969       73.273 
    full_adder_loop[13].FA      full_adder_203                         5     40.038    11.835       51.873 
    full_adder_loop[1].FA       full_adder_215                        11     78.826    37.157      115.983 
    full_adder_loop[2].FA       full_adder_214                        11     77.574    37.157      114.732 
    full_adder_loop[3].FA       full_adder_213                         8     62.560    20.362       82.922 
    full_adder_loop[4].FA       full_adder_212                         7     65.062    16.969       82.031 
    full_adder_loop[5].FA       full_adder_211                         7     65.062    16.969       82.031 
    full_adder_loop[6].FA       full_adder_210                         7     65.062    16.969       82.031 
    full_adder_loop[7].FA       full_adder_209                         7     65.062    16.969       82.031 
    full_adder_loop[8].FA       full_adder_208                         8     68.816    22.016       90.832 
    full_adder_loop[9].FA       full_adder_207                         7     65.062    16.969       82.031 
  CSA_BLOCKS[3].RCA_C1          ripple_carry_adder_WIDTH14_1         114    953.414   400.549     1353.963 
    F1A                         full_adder_46                          5     32.531    13.488       46.019 
    full_adder_loop[10].FA      full_adder_181                         9     80.077    27.063      107.140 
    full_adder_loop[11].FA      full_adder_180                         8     66.314    25.410       91.723 
    full_adder_loop[12].FA      full_adder_179                         5     75.072    10.181       85.253 
    full_adder_loop[13].FA      full_adder_178                         6     53.802    15.228       69.030 
    full_adder_loop[1].FA       full_adder_190                        11     80.077    37.157      117.234 
    full_adder_loop[2].FA       full_adder_189                        11     77.574    37.157      114.732 
    full_adder_loop[3].FA       full_adder_188                         8     63.811    20.362       84.174 
    full_adder_loop[4].FA       full_adder_187                         7     65.062    16.969       82.031 
    full_adder_loop[5].FA       full_adder_186                         9     72.570    27.063       99.633 
    full_adder_loop[6].FA       full_adder_185                         9     72.570    27.063       99.633 
    full_adder_loop[7].FA       full_adder_184                         9     72.570    27.063       99.633 
    full_adder_loop[8].FA       full_adder_183                         8     68.816    22.016       90.832 
    full_adder_loop[9].FA       full_adder_182                         9     72.570    27.063       99.633 
  RCA_LSB                       ripple_carry_adder_WIDTH4             23    156.400    67.701      224.101 
    F1A                         full_adder                             6     33.782    15.228       49.011 
    full_adder_loop[1].FA       full_adder_230                         6     35.034    13.575       48.609 
    full_adder_loop[2].FA       full_adder_229                         5     37.536    10.181       47.717 
    full_adder_loop[3].FA       full_adder_228                         6     50.048    13.575       63.623 
