============================================================
  Generated by:           Genus(TM) Synthesis Solution 23.12-s086_1
  Generated on:           Apr 07 2025  04:42:54 pm
  Module:                 carry_bypass8_32bits
  Operating conditions:   tt_025C_1v80 
  Interconnect mode:      global
  Area mode:              physical library
============================================================

Timing
-------
  Cost    Critical              Violating 
 Group   Path Slack     TNS       Paths   
------------------------------------------
default     -1670.5   -16049.5         17 
------------------------------------------
Total                 -16049.5         17 

Instance Count
--------------
Leaf Instance Count             439 
Physical Instance count           0 
Sequential Instance Count         0 
Combinational Instance Count    439 
Hierarchical Instance Count      36 

Area
----
Cell Area                          3400.762
Physical Cell Area                 0.000
Total Cell Area (Cell+Physical)    3400.762
Net Area                           2156.941
Total Area (Cell+Physical+Net)     5557.703

Max Fanout                         4 (n_1)
Min Fanout                         1 (Cout)
Average Fanout                     1.5
Terms to net ratio                 2.3426
Terms to instance ratio            2.6948
Runtime                            36.584567 seconds
Elapsed Runtime                    38 seconds
Genus peak memory usage            1899.93 
Innovus peak memory usage          no_value 
Hostname                           cadmicro-inf-el8-623207
