============================================================
  Generated by:           Genus(TM) Synthesis Solution 23.12-s086_1
  Generated on:           Apr 07 2025  04:42:54 pm
  Module:                 carry_bypass8_32bits
  Operating conditions:   tt_025C_1v80 
  Interconnect mode:      global
  Area mode:              physical library
============================================================


Path 1: VIOLATED (-1670 ps) Path Delay Check
     Startpoint: (F) A[0]
       Endpoint: (R) S[31]

                   Capture    Launch  
      Path Delay:+    2750         -  
      Drv Adjust:+       0         0  
         Arrival:=    2750            
                                      
   Required Time:=    2750            
       Data Path:-    4420            
           Slack:=   -1670            

Exceptions/Constraints:
  max_delay             2750            constraints.sdc_line_1 

#----------------------------------------------------------------------------------------------------------------------------
#            Timing Point              Flags   Arc   Edge           Cell            Fanout Load Trans Delay Arrival Instance 
#                                                                                          (fF)  (ps)  (ps)   (ps)  Location 
#----------------------------------------------------------------------------------------------------------------------------
  A[0]                                 -       -     F     (arrival)                     1  8.0  1000     0       0    (-,-) 
  g21/X                                -       A->X  F     sky130_fd_sc_hd__buf_8        4 19.2    55   424     424    (-,-) 
  BPS1/FA1/g195__6260/Y                -       A->Y  R     sky130_fd_sc_hd__nor2_4       1  6.0    72   104     528    (-,-) 
  BPS1/FA1/g192__2398/Y                -       A2->Y F     sky130_fd_sc_hd__o21ai_2      2 11.8    62    77     605    (-,-) 
  BPS1/FA2/g124__3680/Y                -       A->Y  R     sky130_fd_sc_hd__nand2_4      1 10.1    55    67     672    (-,-) 
  BPS1/FA2/g122__5526/Y                -       A->Y  F     sky130_fd_sc_hd__nand2_4      2 11.8    38    51     723    (-,-) 
  BPS1/FA3/g124__7098/Y                -       A->Y  R     sky130_fd_sc_hd__nand2_4      1 10.1    52    57     779    (-,-) 
  BPS1/FA3/g122__5122/Y                -       A->Y  F     sky130_fd_sc_hd__nand2_4      2 11.8    38    50     830    (-,-) 
  BPS1/FA4/g124__6161/Y                -       A->Y  R     sky130_fd_sc_hd__nand2_4      1 10.1    52    56     886    (-,-) 
  BPS1/FA4/g122__7482/Y                -       A->Y  F     sky130_fd_sc_hd__nand2_4      2 11.8    38    50     936    (-,-) 
  BPS1/FA5/g124__7410/Y                -       A->Y  R     sky130_fd_sc_hd__nand2_4      1 10.1    52    57     993    (-,-) 
  BPS1/FA5/g122__2346/Y                -       A->Y  F     sky130_fd_sc_hd__nand2_4      2 11.8    38    50    1043    (-,-) 
  BPS1/FA6/g124__4319/Y                -       A->Y  R     sky130_fd_sc_hd__nand2_4      1 10.1    52    56    1100    (-,-) 
  BPS1/FA6/g122__5107/Y                -       A->Y  F     sky130_fd_sc_hd__nand2_4      2 11.8    38    50    1150    (-,-) 
  BPS1/FA7/g124__2802/Y                -       A->Y  R     sky130_fd_sc_hd__nand2_4      1 10.1    52    56    1206    (-,-) 
  BPS1/FA7/g122__3680/Y                -       A->Y  F     sky130_fd_sc_hd__nand2_4      2 11.8    38    50    1257    (-,-) 
  BPS1/FA8/g124__1881/Y                -       A->Y  R     sky130_fd_sc_hd__nand2_4      1 10.1    52    56    1313    (-,-) 
  BPS1/FA8/g122__7098/Y                -       A->Y  F     sky130_fd_sc_hd__nand2_4      1  9.6    34    47    1360    (-,-) 
  BPS1/g5/Y                            -       A->Y  R     sky130_fd_sc_hd__nand2_4      1 10.1    52    55    1415    (-,-) 
  BPS1/g1/Y                            -       A->Y  F     sky130_fd_sc_hd__nand2_4      3 13.8    42    54    1469    (-,-) 
  bypass_loop[1].BPS2/FA1/g124__5526/Y -       A->Y  R     sky130_fd_sc_hd__nand2_4      1 10.1    52    58    1527    (-,-) 
  bypass_loop[1].BPS2/FA1/g122__4319/Y -       A->Y  F     sky130_fd_sc_hd__nand2_4      2 11.8    38    50    1577    (-,-) 
  bypass_loop[1].BPS2/FA2/g124__5122/Y -       A->Y  R     sky130_fd_sc_hd__nand2_4      1 10.1    52    56    1634    (-,-) 
  bypass_loop[1].BPS2/FA2/g122__2802/Y -       A->Y  F     sky130_fd_sc_hd__nand2_4      2 11.8    38    50    1684    (-,-) 
  bypass_loop[1].BPS2/FA3/g124__5115/Y -       A->Y  R     sky130_fd_sc_hd__nand2_4      1 10.1    52    56    1740    (-,-) 
  bypass_loop[1].BPS2/FA3/g122__1881/Y -       A->Y  F     sky130_fd_sc_hd__nand2_4      2 11.8    38    50    1791    (-,-) 
  bypass_loop[1].BPS2/FA4/g124__9945/Y -       A->Y  R     sky130_fd_sc_hd__nand2_4      1 10.1    52    56    1847    (-,-) 
  bypass_loop[1].BPS2/FA4/g122__9315/Y -       A->Y  F     sky130_fd_sc_hd__nand2_4      2 11.8    38    50    1897    (-,-) 
  bypass_loop[1].BPS2/FA5/g124__6417/Y -       A->Y  R     sky130_fd_sc_hd__nand2_4      1 10.1    52    56    1954    (-,-) 
  bypass_loop[1].BPS2/FA5/g122__7410/Y -       A->Y  F     sky130_fd_sc_hd__nand2_4      2 11.8    38    50    2004    (-,-) 
  bypass_loop[1].BPS2/FA6/g124__8428/Y -       A->Y  R     sky130_fd_sc_hd__nand2_4      1 10.1    52    56    2061    (-,-) 
  bypass_loop[1].BPS2/FA6/g122__6260/Y -       A->Y  F     sky130_fd_sc_hd__nand2_4      2 11.8    38    50    2111    (-,-) 
  bypass_loop[1].BPS2/FA7/g124__2802/Y -       A->Y  R     sky130_fd_sc_hd__nand2_4      1 10.1    52    56    2168    (-,-) 
  bypass_loop[1].BPS2/FA7/g122__3680/Y -       A->Y  F     sky130_fd_sc_hd__nand2_4      2 11.8    38    50    2218    (-,-) 
  bypass_loop[1].BPS2/FA8/g124__6131/Y -       A->Y  R     sky130_fd_sc_hd__nand2_4      1 10.1    52    56    2274    (-,-) 
  bypass_loop[1].BPS2/FA8/g122__8246/Y -       A->Y  F     sky130_fd_sc_hd__nand2_4      1  9.6    34    47    2321    (-,-) 
  bypass_loop[1].BPS2/g84/Y            -       A->Y  R     sky130_fd_sc_hd__nand2_4      1 10.1    52    55    2376    (-,-) 
  bypass_loop[1].BPS2/g1/Y             -       A->Y  F     sky130_fd_sc_hd__nand2_4      3 13.8    42    53    2430    (-,-) 
  bypass_loop[2].BPS2/FA1/g124__6783/Y -       A->Y  R     sky130_fd_sc_hd__nand2_4      1 10.1    52    58    2488    (-,-) 
  bypass_loop[2].BPS2/FA1/g122__8428/Y -       A->Y  F     sky130_fd_sc_hd__nand2_4      2 11.8    38    50    2538    (-,-) 
  bypass_loop[2].BPS2/FA2/g124__8246/Y -       A->Y  R     sky130_fd_sc_hd__nand2_4      1 10.1    52    56    2594    (-,-) 
  bypass_loop[2].BPS2/FA2/g122__1705/Y -       A->Y  F     sky130_fd_sc_hd__nand2_4      2 11.8    38    50    2645    (-,-) 
  bypass_loop[2].BPS2/FA3/g124__4733/Y -       A->Y  R     sky130_fd_sc_hd__nand2_4      1 10.1    52    56    2701    (-,-) 
  bypass_loop[2].BPS2/FA3/g122__5115/Y -       A->Y  F     sky130_fd_sc_hd__nand2_4      2 11.8    38    50    2752    (-,-) 
  bypass_loop[2].BPS2/FA4/g124__1666/Y -       A->Y  R     sky130_fd_sc_hd__nand2_4      1 10.1    52    56    2808    (-,-) 
  bypass_loop[2].BPS2/FA4/g122__2883/Y -       A->Y  F     sky130_fd_sc_hd__nand2_4      2 11.8    38    50    2858    (-,-) 
  bypass_loop[2].BPS2/FA5/g124__6260/Y -       A->Y  R     sky130_fd_sc_hd__nand2_4      1 10.1    52    56    2915    (-,-) 
  bypass_loop[2].BPS2/FA5/g122__2398/Y -       A->Y  F     sky130_fd_sc_hd__nand2_4      2 11.8    38    50    2965    (-,-) 
  bypass_loop[2].BPS2/FA6/g124__1617/Y -       A->Y  R     sky130_fd_sc_hd__nand2_4      1 10.1    52    57    3022    (-,-) 
  bypass_loop[2].BPS2/FA6/g122__6783/Y -       A->Y  F     sky130_fd_sc_hd__nand2_4      2 11.8    38    50    3072    (-,-) 
  bypass_loop[2].BPS2/FA7/g124__6131/Y -       A->Y  R     sky130_fd_sc_hd__nand2_4      1 10.1    52    57    3129    (-,-) 
  bypass_loop[2].BPS2/FA7/g122__8246/Y -       A->Y  F     sky130_fd_sc_hd__nand2_4      2 11.8    38    50    3179    (-,-) 
  bypass_loop[2].BPS2/FA8/g124__9315/Y -       A->Y  R     sky130_fd_sc_hd__nand2_4      1 10.1    52    57    3236    (-,-) 
  bypass_loop[2].BPS2/FA8/g122__4733/Y -       A->Y  F     sky130_fd_sc_hd__nand2_4      1  9.6    34    47    3282    (-,-) 
  bypass_loop[2].BPS2/g78/Y            -       A->Y  R     sky130_fd_sc_hd__nand2_4      1 10.1    58    55    3337    (-,-) 
  bypass_loop[2].BPS2/g1/Y             -       A->Y  F     sky130_fd_sc_hd__nand2_4      3 14.0    43    55    3393    (-,-) 
  bypass_loop[3].BPS2/FA1/g124__8246/Y -       A->Y  R     sky130_fd_sc_hd__nand2_4      1 10.1    52    59    3451    (-,-) 
  bypass_loop[3].BPS2/FA1/g122__1705/Y -       A->Y  F     sky130_fd_sc_hd__nand2_4      2 11.8    38    50    3502    (-,-) 
  bypass_loop[3].BPS2/FA2/g124__4733/Y -       A->Y  R     sky130_fd_sc_hd__nand2_4      1 10.1    52    57    3558    (-,-) 
  bypass_loop[3].BPS2/FA2/g122__5115/Y -       A->Y  F     sky130_fd_sc_hd__nand2_4      2 11.8    38    50    3609    (-,-) 
  bypass_loop[3].BPS2/FA3/g124__1666/Y -       A->Y  R     sky130_fd_sc_hd__nand2_4      1 10.1    52    57    3665    (-,-) 
  bypass_loop[3].BPS2/FA3/g122__2883/Y -       A->Y  F     sky130_fd_sc_hd__nand2_4      2 11.8    38    50    3716    (-,-) 
  bypass_loop[3].BPS2/FA4/g124__6260/Y -       A->Y  R     sky130_fd_sc_hd__nand2_4      1 10.1    52    57    3772    (-,-) 
  bypass_loop[3].BPS2/FA4/g122__2398/Y -       A->Y  F     sky130_fd_sc_hd__nand2_4      2 11.8    38    50    3822    (-,-) 
  bypass_loop[3].BPS2/FA5/g124__1617/Y -       A->Y  R     sky130_fd_sc_hd__nand2_4      1 10.1    52    57    3879    (-,-) 
  bypass_loop[3].BPS2/FA5/g122__6783/Y -       A->Y  F     sky130_fd_sc_hd__nand2_4      2 11.8    38    50    3929    (-,-) 
  bypass_loop[3].BPS2/FA6/g124__6131/Y -       A->Y  R     sky130_fd_sc_hd__nand2_4      1 10.1    52    57    3986    (-,-) 
  bypass_loop[3].BPS2/FA6/g122__8246/Y -       A->Y  F     sky130_fd_sc_hd__nand2_4      2 11.8    38    50    4036    (-,-) 
  bypass_loop[3].BPS2/FA7/g124__9315/Y -       A->Y  R     sky130_fd_sc_hd__nand2_4      1 10.1    52    57    4093    (-,-) 
  bypass_loop[3].BPS2/FA7/g122__4733/Y -       A->Y  F     sky130_fd_sc_hd__nand2_4      3 15.3    45    56    4149    (-,-) 
  bypass_loop[3].BPS2/FA8/fopt/Y       -       A->Y  R     sky130_fd_sc_hd__inv_1        1  5.9    59    66    4215    (-,-) 
  bypass_loop[3].BPS2/FA8/g125__6417/Y -       A->Y  F     sky130_fd_sc_hd__nand2_2      1  9.6    50    61    4276    (-,-) 
  bypass_loop[3].BPS2/FA8/g123__7410/Y -       A->Y  R     sky130_fd_sc_hd__nand2_4      1 51.3   165   144    4420    (-,-) 
  S[31]                                <<<     -     R     (port)                        -    -     -     0    4420    (-,-) 
#----------------------------------------------------------------------------------------------------------------------------

