============================================================
  Generated by:           Genus(TM) Synthesis Solution 23.12-s086_1
  Generated on:           Apr 07 2025  04:42:54 pm
  Module:                 carry_bypass8_32bits
  Operating conditions:   tt_025C_1v80 
  Interconnect mode:      global
  Area mode:              physical library
============================================================

       Instance           Module     Cell-Count  Cell-Area  Net-Area   Total-Area 
----------------------------------------------------------------------------------
carry_bypass8_32bits  NA                    439   3400.762  2156.941     5557.703 
  BPS1                bypass8                84    684.406   287.685      972.091 
    FA1               full_adder              6     48.797    15.228       64.025 
    FA2               full_adder_96          11     75.072    37.157      112.229 
    FA3               full_adder_95          11     77.574    37.157      114.732 
    FA4               full_adder_94           9     70.067    23.756       93.823 
    FA5               full_adder_93           7     65.062    16.969       82.031 
    FA6               full_adder_92           7     65.062    16.969       82.031 
    FA7               full_adder_91           8     68.816    22.016       90.832 
    FA8               full_adder_90           7     61.309    20.362       81.671 
  bypass_loop[1].BPS2 bypass8_7              81    730.701   279.070     1009.771 
    FA1               full_adder_89           8     68.816    22.016       90.832 
    FA2               full_adder_88           8     68.816    22.016       90.832 
    FA3               full_adder_87           7     78.826    18.622       97.448 
    FA4               full_adder_86           7     75.072    18.622       93.694 
    FA5               full_adder_85           7     75.072    18.622       93.694 
    FA6               full_adder_84           7     75.072    18.622       93.694 
    FA7               full_adder_83           7     75.072    18.622       93.694 
    FA8               full_adder_82           9     75.072    30.370      105.442 
  bypass_loop[2].BPS2 bypass8_6             103    878.342   365.306     1243.648 
    FA1               full_adder_81           8     80.077    25.323      105.399 
    FA2               full_adder_80          12    106.352    38.898      145.250 
    FA3               full_adder_79          12    106.352    38.898      145.250 
    FA4               full_adder_78          12    106.352    38.898      145.250 
    FA5               full_adder_77          11    102.598    33.850      136.449 
    FA6               full_adder_76          11     85.082    33.850      118.932 
    FA7               full_adder_75          11     85.082    33.850      118.932 
    FA8               full_adder_74          11     85.082    33.850      118.932 
  bypass_loop[3].BPS2 bypass8_5             101    825.792   351.905     1177.697 
    FA1               full_adder_73          11     86.333    33.850      120.183 
    FA2               full_adder_72          11     85.082    33.850      118.932 
    FA3               full_adder_71          11     85.082    33.850      118.932 
    FA4               full_adder_70          11     85.082    33.850      118.932 
    FA5               full_adder_69          11     85.082    33.850      118.932 
    FA6               full_adder_68          11     85.082    33.850      118.932 
    FA7               full_adder_67          11     87.584    33.850      121.434 
    FA8               full_adder_66           9     82.579    25.410      107.989 
