============================================================
  Generated by:           Genus(TM) Synthesis Solution 23.12-s086_1
  Generated on:           Apr 07 2025  06:01:29 pm
  Module:                 carry_select_adder_46688_32bits
  Operating conditions:   tt_025C_1v80 
  Interconnect mode:      global
  Area mode:              physical library
============================================================


Path 1: VIOLATED (-3 ps) Path Delay Check
     Startpoint: (F) B[5]
       Endpoint: (R) S[24]

                   Capture    Launch  
      Path Delay:+    1730         -  
      Drv Adjust:+       0         0  
         Arrival:=    1730            
                                      
   Required Time:=    1730            
       Data Path:-    1733            
           Slack:=      -3            

Exceptions/Constraints:
  max_delay             1730            constraints.sdc_line_1 

#------------------------------------------------------------------------------------------------------------------------------------------------
#                      Timing Point                       Flags   Arc   Edge           Cell             Fanout Load Trans Delay Arrival Instance 
#                                                                                                              (fF)  (ps)  (ps)   (ps)  Location 
#------------------------------------------------------------------------------------------------------------------------------------------------
  B[5]                                                    -       -     F     (arrival)                      2  5.9  1000     0       0    (-,-) 
  g9909/X                                                 -       A->X  F     sky130_fd_sc_hd__clkbuf_1      1  6.1    64   328     328    (-,-) 
  CSA_BLOCKS[1].RCA_C0/full_adder_loop[1].FA/g204/Y       -       A->Y  R     sky130_fd_sc_hd__clkinv_2      2 11.1    49    67     395    (-,-) 
  CSA_BLOCKS[1].RCA_C0/full_adder_loop[1].FA/g196__6783/Y -       B->Y  F     sky130_fd_sc_hd__nand2_2       1  9.6    49    64     459    (-,-) 
  CSA_BLOCKS[1].RCA_C0/full_adder_loop[1].FA/g194__8428/Y -       A->Y  R     sky130_fd_sc_hd__nand2_4       1 10.1    53    61     520    (-,-) 
  CSA_BLOCKS[1].RCA_C0/full_adder_loop[1].FA/g192__6260/Y -       A->Y  F     sky130_fd_sc_hd__nand2_4       2 11.8    38    50     571    (-,-) 
  CSA_BLOCKS[1].RCA_C0/full_adder_loop[2].FA/g121__1705/Y -       A->Y  R     sky130_fd_sc_hd__nand2_4       1 10.1    52    57     627    (-,-) 
  CSA_BLOCKS[1].RCA_C0/full_adder_loop[2].FA/g119__1617/Y -       A->Y  F     sky130_fd_sc_hd__nand2_4       2 11.8    38    50     678    (-,-) 
  CSA_BLOCKS[1].RCA_C0/full_adder_loop[3].FA/g121__5115/Y -       A->Y  R     sky130_fd_sc_hd__nand2_4       1 10.1    52    56     734    (-,-) 
  CSA_BLOCKS[1].RCA_C0/full_adder_loop[3].FA/g119__6131/Y -       A->Y  F     sky130_fd_sc_hd__nand2_4       2 11.8    44    50     784    (-,-) 
  CSA_BLOCKS[1].RCA_C0/full_adder_loop[4].FA/g121__2883/Y -       A->Y  R     sky130_fd_sc_hd__nand2_4       1 10.1    52    59     843    (-,-) 
  CSA_BLOCKS[1].RCA_C0/full_adder_loop[4].FA/g119__9315/Y -       A->Y  F     sky130_fd_sc_hd__nand2_4       2 11.8    38    50     894    (-,-) 
  CSA_BLOCKS[1].RCA_C0/full_adder_loop[5].FA/g121__2398/Y -       A->Y  R     sky130_fd_sc_hd__nand2_4       1 10.1    52    56     950    (-,-) 
  CSA_BLOCKS[1].RCA_C0/full_adder_loop[5].FA/g119__6417/Y -       A->Y  F     sky130_fd_sc_hd__nand2_4       3 13.2    41    52    1003    (-,-) 
  g136/Y                                                  -       A->Y  R     sky130_fd_sc_hd__nand2_2       2 10.9    76    74    1077    (-,-) 
  g157/Y                                                  -       B->Y  F     sky130_fd_sc_hd__nand3_2       1  9.7    80    97    1174    (-,-) 
  g156/Y                                                  -       B->Y  R     sky130_fd_sc_hd__nand2_4       2 13.2    63    92    1266    (-,-) 
  g154/Y                                                  -       A->Y  F     sky130_fd_sc_hd__nand2_4       1 17.7    52    63    1329    (-,-) 
  g10197/Y                                                -       A->Y  R     sky130_fd_sc_hd__nand2_8      15 54.9   115   107    1436    (-,-) 
  g10164/Y                                                -       A->Y  F     sky130_fd_sc_hd__nand2_1       1 17.6   134   144    1580    (-,-) 
  g16/Y                                                   -       B->Y  R     sky130_fd_sc_hd__nand2_8       1 51.3   112   152    1732    (-,-) 
  S[24]                                                   <<<     -     R     (port)                         -    -     -     0    1733    (-,-) 
#------------------------------------------------------------------------------------------------------------------------------------------------

