============================================================
  Generated by:           Genus(TM) Synthesis Solution 23.12-s086_1
  Generated on:           Apr 07 2025  06:01:29 pm
  Module:                 carry_select_adder_46688_32bits
  Operating conditions:   tt_025C_1v80 
  Interconnect mode:      global
  Area mode:              physical library
============================================================

            Instance                         Module              Cell-Count  Cell-Area  Net-Area   Total-Area 
--------------------------------------------------------------------------------------------------------------
carry_select_adder_46688_32bits NA                                      573   3858.701  2825.335     6684.035 
  CSA_BLOCKS[1].RCA_C0          ripple_carry_adder_WIDTH6                50    386.621   172.385      559.006 
    F1A                         full_adder_24_245                         5     33.782    13.488       47.270 
    full_adder_loop[1].FA       full_adder_239                           11     80.077    37.157      117.234 
    full_adder_loop[2].FA       full_adder_238                           11     77.574    37.157      114.732 
    full_adder_loop[3].FA       full_adder_237                            8     61.309    20.362       81.671 
    full_adder_loop[4].FA       full_adder_236                            7     65.062    16.969       82.031 
    full_adder_loop[5].FA       full_adder_235                            8     68.816    22.016       90.832 
  CSA_BLOCKS[1].RCA_C1          ripple_carry_adder_WIDTH6_3_250          50    394.128   172.385      566.513 
    F1A                         full_adder_52_246                         5     38.787    13.488       52.275 
    full_adder_loop[1].FA       full_adder_227                           11     80.077    37.157      117.234 
    full_adder_loop[2].FA       full_adder_226                           11     77.574    37.157      114.732 
    full_adder_loop[3].FA       full_adder_225                            8     63.811    20.362       84.174 
    full_adder_loop[4].FA       full_adder_224                            7     65.062    16.969       82.031 
    full_adder_loop[5].FA       full_adder_223                            8     68.816    22.016       90.832 
  CSA_BLOCKS[2].RCA_C0          ripple_carry_adder_WIDTH6_249            41    296.534   133.574      430.109 
    F1A                         full_adder_24                             4     52.550    10.094       62.645 
    full_adder_loop[1].FA       full_adder_222                            5     36.285    10.181       46.466 
    full_adder_loop[2].FA       full_adder_221                           11     60.058    37.157       97.215 
    full_adder_loop[3].FA       full_adder_220                            7     50.048    16.969       67.017 
    full_adder_loop[4].FA       full_adder_219                            7     50.048    16.969       67.017 
    full_adder_loop[5].FA       full_adder_218                            7     47.546    16.969       64.514 
  CSA_BLOCKS[2].RCA_C1          ripple_carry_adder_WIDTH6_3              45    280.269   150.456      430.725 
    F1A                         full_adder_52_247                         4     28.778    10.094       38.872 
    full_adder_loop[1].FA       full_adder_217                            9     62.560    27.063       89.623 
    full_adder_loop[2].FA       full_adder_216                           11     56.304    37.157       93.461 
    full_adder_loop[3].FA       full_adder_215                            7     43.792    16.969       60.761 
    full_adder_loop[4].FA       full_adder_214                            7     45.043    16.969       62.012 
    full_adder_loop[5].FA       full_adder_213                            7     43.792    16.969       60.761 
  CSA_BLOCKS[3].RCA_C0          ripple_carry_adder_WIDTH8                56    347.834   181.000      528.833 
    F1A                         full_adder_24_243                         4     37.536    10.094       47.630 
    full_adder_loop[1].FA       full_adder_234                            8     45.043    20.362       65.406 
    full_adder_loop[2].FA       full_adder_233                           10     50.048    33.763       83.811 
    full_adder_loop[3].FA       full_adder_232                            6     40.038    13.575       53.613 
    full_adder_loop[4].FA       full_adder_231                            7     41.290    16.969       58.258 
    full_adder_loop[5].FA       full_adder_230                            7     43.792    16.969       60.761 
    full_adder_loop[6].FA       full_adder_229                            7     43.792    16.969       60.761 
    full_adder_loop[7].FA       full_adder_228                            7     46.294    16.969       63.263 
  CSA_BLOCKS[3].RCA_C1          ripple_carry_adder_WIDTH8_3_252          55    351.587   177.606      529.193 
    F1A                         full_adder_52_248                         6     30.029    16.882       46.910 
    full_adder_loop[1].FA       full_adder_212                            8     45.043    20.362       65.406 
    full_adder_loop[2].FA       full_adder_211                            9     58.806    30.370       89.176 
    full_adder_loop[3].FA       full_adder_210                            5     46.294    10.181       56.476 
    full_adder_loop[4].FA       full_adder_209                            7     43.792    16.969       60.761 
    full_adder_loop[5].FA       full_adder_208                            7     43.792    16.969       60.761 
    full_adder_loop[6].FA       full_adder_207                            7     43.792    16.969       60.761 
    full_adder_loop[7].FA       full_adder_206                            6     40.038    13.575       53.613 
  CSA_BLOCKS[4].RCA_C0          ripple_carry_adder_WIDTH8_251            46    320.307   157.243      477.551 
    F1A                         full_adder_24_244                         4     20.019    10.094       30.113 
    full_adder_loop[1].FA       full_adder_205                           10     47.546    33.763       81.309 
    full_adder_loop[2].FA       full_adder_204                            7     43.792    16.969       60.761 
    full_adder_loop[3].FA       full_adder_203                            6     40.038    13.575       53.613 
    full_adder_loop[4].FA       full_adder_202                            5     36.285    10.181       46.466 
    full_adder_loop[5].FA       full_adder_201                            5     42.541    13.575       56.116 
    full_adder_loop[6].FA       full_adder_200                            5     47.546    13.575       61.121 
    full_adder_loop[7].FA       full_adder_199                            4     42.541    10.181       52.722 
  CSA_BLOCKS[4].RCA_C1          ripple_carry_adder_WIDTH8_3              48    337.824   160.637      498.461 
    F1A                         full_adder_52                             4     22.522    10.094       32.616 
    full_adder_loop[1].FA       full_adder_198                           10     56.304    33.763       90.067 
    full_adder_loop[2].FA       full_adder_197                            8     52.550    22.016       74.566 
    full_adder_loop[3].FA       full_adder_196                            6     43.792    13.575       57.367 
    full_adder_loop[4].FA       full_adder_195                            7     41.290    16.969       58.258 
    full_adder_loop[5].FA       full_adder_194                            7     43.792    16.969       60.761 
    full_adder_loop[6].FA       full_adder_193                            5     43.792    13.575       57.367 
    full_adder_loop[7].FA       full_adder_192                            1     33.782     0.000       33.782 
  RCA_LSB                       ripple_carry_adder_WIDTH4                25    207.699    76.142      283.841 
    F1A                         full_adder                                6     50.048    16.882       66.930 
    full_adder_loop[1].FA       full_adder_242                            8     42.541    20.362       62.903 
    full_adder_loop[2].FA       full_adder_241                            6     37.536    13.575       51.111 
    full_adder_loop[3].FA       full_adder_240                            5     77.574    10.181       87.756 
