============================================================
  Generated by:           Genus(TM) Synthesis Solution 23.12-s086_1
  Generated on:           Apr 07 2025  06:01:29 pm
  Module:                 carry_select_adder_46688_32bits
  Operating conditions:   tt_025C_1v80 
  Interconnect mode:      global
  Area mode:              physical library
============================================================

Timing
-------
  Cost    Critical          Violating 
 Group   Path Slack   TNS     Paths   
--------------------------------------
default        -2.6   -5.2          2 
--------------------------------------
Total                 -5.2          2 

Instance Count
--------------
Leaf Instance Count             573 
Physical Instance count           0 
Sequential Instance Count         0 
Combinational Instance Count    573 
Hierarchical Instance Count      69 

Area
----
Cell Area                          3858.701
Physical Cell Area                 0.000
Total Cell Area (Cell+Physical)    3858.701
Net Area                           2825.334
Total Area (Cell+Physical+Net)     6684.035

Max Fanout                         15 (n_666)
Min Fanout                         1 (C0[2])
Average Fanout                     1.6
Terms to net ratio                 2.4619
Terms to instance ratio            2.7627
Runtime                            33.509589 seconds
Elapsed Runtime                    35 seconds
Genus peak memory usage            1901.08 
Innovus peak memory usage          no_value 
Hostname                           cadmicro-inf-el8-623207
