============================================================
  Generated by:           Genus(TM) Synthesis Solution 23.12-s086_1
  Generated on:           Apr 07 2025  07:21:17 pm
  Module:                 carry_select_adder_661010_32bits
  Operating conditions:   tt_025C_1v80 
  Interconnect mode:      global
  Area mode:              physical library
============================================================

            Instance                          Module               Cell-Count  Cell-Area  Net-Area   Total-Area 
----------------------------------------------------------------------------------------------------------------
carry_select_adder_661010_32bits NA                                       495   3074.198  2513.197     5587.396 
  CSA_BLOCKS[1].RCA_C0           ripple_carry_adder_WIDTH6_1               36    226.467   126.787      353.254 
    F1A                          full_adder_16                              4     20.019    10.094       30.113 
    full_adder_loop[1].FA        full_adder_210                            10     47.546    33.763       81.309 
    full_adder_loop[2].FA        full_adder_209                             7     41.290    16.969       58.258 
    full_adder_loop[3].FA        full_adder_208                             5     40.038    13.575       53.613 
    full_adder_loop[4].FA        full_adder_207                             5     40.038    13.575       53.613 
    full_adder_loop[5].FA        full_adder_206                             5     37.536    13.575       51.111 
  CSA_BLOCKS[1].RCA_C1           ripple_carry_adder_WIDTH6_2               37    223.965   126.787      350.752 
    F1A                          full_adder_22                              4     22.522    10.094       32.616 
    full_adder_loop[1].FA        full_adder_205                            10     47.546    33.763       81.309 
    full_adder_loop[2].FA        full_adder_204                             7     41.290    16.969       58.258 
    full_adder_loop[3].FA        full_adder_203                             6     35.034    13.575       48.609 
    full_adder_loop[4].FA        full_adder_202                             5     40.038    13.575       53.613 
    full_adder_loop[5].FA        full_adder_201                             5     37.536    13.575       51.111 
  CSA_BLOCKS[2].RCA_C0           ripple_carry_adder_WIDTH10                73    429.162   235.212      664.374 
    F1A                          full_adder_38_225                          4     20.019    10.094       30.113 
    full_adder_loop[1].FA        full_adder_219                            11     56.304    37.157       93.461 
    full_adder_loop[2].FA        full_adder_218                             9     46.294    23.756       70.051 
    full_adder_loop[3].FA        full_adder_217                             7     43.792    16.969       60.761 
    full_adder_loop[4].FA        full_adder_216                             7     43.792    16.969       60.761 
    full_adder_loop[5].FA        full_adder_215                             7     43.792    16.969       60.761 
    full_adder_loop[6].FA        full_adder_214                             7     43.792    16.969       60.761 
    full_adder_loop[7].FA        full_adder_213                             7     43.792    16.969       60.761 
    full_adder_loop[8].FA        full_adder_212                             7     43.792    16.969       60.761 
    full_adder_loop[9].FA        full_adder_211                             7     43.792    16.969       60.761 
  CSA_BLOCKS[2].RCA_C1           ripple_carry_adder_WIDTH10_3_228          74    441.674   245.220      686.893 
    F1A                          full_adder_48_226                          4     22.522    10.094       32.616 
    full_adder_loop[1].FA        full_adder_200                            10     52.550    33.763       86.314 
    full_adder_loop[2].FA        full_adder_199                            11     57.555    37.157       94.712 
    full_adder_loop[3].FA        full_adder_198                             7     43.792    16.969       60.761 
    full_adder_loop[4].FA        full_adder_197                             7     43.792    16.969       60.761 
    full_adder_loop[5].FA        full_adder_196                             7     45.043    16.969       62.012 
    full_adder_loop[6].FA        full_adder_195                             7     43.792    16.969       60.761 
    full_adder_loop[7].FA        full_adder_194                             7     45.043    16.969       62.012 
    full_adder_loop[8].FA        full_adder_193                             7     43.792    16.969       60.761 
    full_adder_loop[9].FA        full_adder_192                             7     43.792    16.969       60.761 
  CSA_BLOCKS[3].RCA_C0           ripple_carry_adder_WIDTH10_227            57    371.606   184.480      556.087 
    F1A                          full_adder_38                              4     22.522    10.094       32.616 
    full_adder_loop[1].FA        full_adder_191                             8     40.038    20.362       60.401 
    full_adder_loop[2].FA        full_adder_190                             7     41.290    16.969       58.258 
    full_adder_loop[3].FA        full_adder_189                             6     37.536    13.575       51.111 
    full_adder_loop[4].FA        full_adder_188                             6     37.536    13.575       51.111 
    full_adder_loop[5].FA        full_adder_187                             6     37.536    13.575       51.111 
    full_adder_loop[6].FA        full_adder_186                             6     37.536    13.575       51.111 
    full_adder_loop[7].FA        full_adder_185                             5     42.541    13.575       56.116 
    full_adder_loop[8].FA        full_adder_184                             5     42.541    13.575       56.116 
    full_adder_loop[9].FA        full_adder_183                             4     32.531    10.181       42.712 
  CSA_BLOCKS[3].RCA_C1           ripple_carry_adder_WIDTH10_3              57    389.123   189.440      578.564 
    F1A                          full_adder_48                              4     22.522    10.094       32.616 
    full_adder_loop[1].FA        full_adder_182                            10     50.048    33.763       83.811 
    full_adder_loop[2].FA        full_adder_181                             8     45.043    20.362       65.406 
    full_adder_loop[3].FA        full_adder_180                             6     40.038    13.575       53.613 
    full_adder_loop[4].FA        full_adder_179                             6     40.038    13.575       53.613 
    full_adder_loop[5].FA        full_adder_178                             6     37.536    13.575       51.111 
    full_adder_loop[6].FA        full_adder_177                             6     40.038    13.575       53.613 
    full_adder_loop[7].FA        full_adder_176                             5     42.541    13.575       56.116 
    full_adder_loop[8].FA        full_adder_175                             5     37.536    13.575       51.111 
    full_adder_loop[9].FA        full_adder_174                             1     33.782     0.000       33.782 
  RCA_LSB                        ripple_carry_adder_WIDTH6                 44    276.515   148.716      425.231 
    F1A                          full_adder                                 8     50.048    28.629       78.677 
    full_adder_loop[1].FA        full_adder_224                            11     56.304    37.157       93.461 
    full_adder_loop[2].FA        full_adder_223                             6     40.038    13.575       53.613 
    full_adder_loop[3].FA        full_adder_222                             7     43.792    16.969       60.761 
    full_adder_loop[4].FA        full_adder_221                             7     43.792    16.969       60.761 
    full_adder_loop[5].FA        full_adder_220                             5     42.541    10.181       52.722 
