============================================================
  Generated by:           Genus(TM) Synthesis Solution 23.12-s086_1
  Generated on:           Apr 07 2025  05:51:09 pm
  Module:                 carry_select_adder_8888_32bits
  Operating conditions:   tt_025C_1v80 
  Interconnect mode:      global
  Area mode:              physical library
============================================================


Path 1: MET (0 ps) Path Delay Check
     Startpoint: (F) B[16]
       Endpoint: (R) S[24]

                   Capture    Launch  
      Path Delay:+    1974         -  
      Drv Adjust:+       0         0  
         Arrival:=    1974            
                                      
   Required Time:=    1974            
       Data Path:-    1974            
           Slack:=       0            

Exceptions/Constraints:
  max_delay             1974            constraints.sdc_line_1 

#-----------------------------------------------------------------------------------------------------------------------------------------------
#                     Timing Point                       Flags   Arc   Edge           Cell             Fanout Load Trans Delay Arrival Instance 
#                                                                                                             (fF)  (ps)  (ps)   (ps)  Location 
#-----------------------------------------------------------------------------------------------------------------------------------------------
  B[16]                                                  -       -     F     (arrival)                      1  3.3  1000     0       0    (-,-) 
  g2549/X                                                -       A->X  F     sky130_fd_sc_hd__clkbuf_1      2  9.1    78   345     345    (-,-) 
  CSA_BLOCKS[2].RCA_C1/F1A/g56/Y                         -       A->Y  R     sky130_fd_sc_hd__clkinv_1      2  9.0    61    80     426    (-,-) 
  CSA_BLOCKS[2].RCA_C1/F1A/g54__7482/Y                   -       B->Y  F     sky130_fd_sc_hd__nand2_1       2  8.4    69    82     507    (-,-) 
  CSA_BLOCKS[2].RCA_C1/full_adder_loop[1].FA/g84__9945/Y -       A->Y  R     sky130_fd_sc_hd__nand2_1       1  3.7    52    70     577    (-,-) 
  CSA_BLOCKS[2].RCA_C1/full_adder_loop[1].FA/g82__6161/Y -       A->Y  F     sky130_fd_sc_hd__nand2_1       2  8.4    68    76     652    (-,-) 
  CSA_BLOCKS[2].RCA_C1/full_adder_loop[2].FA/g84__5477/Y -       A->Y  R     sky130_fd_sc_hd__nand2_1       1  3.7    52    69     722    (-,-) 
  CSA_BLOCKS[2].RCA_C1/full_adder_loop[2].FA/g82__7410/Y -       A->Y  F     sky130_fd_sc_hd__nand2_1       2  8.4    69    76     797    (-,-) 
  CSA_BLOCKS[2].RCA_C1/full_adder_loop[3].FA/g84__5526/Y -       A->Y  R     sky130_fd_sc_hd__nand2_1       1  3.7    53    70     867    (-,-) 
  CSA_BLOCKS[2].RCA_C1/full_adder_loop[3].FA/g82__4319/Y -       A->Y  F     sky130_fd_sc_hd__nand2_1       2  7.8    65    73     940    (-,-) 
  CSA_BLOCKS[2].RCA_C1/full_adder_loop[4].FA/g18/Y       -       A->Y  R     sky130_fd_sc_hd__nand2_2       1  5.9    54    67    1006    (-,-) 
  CSA_BLOCKS[2].RCA_C1/full_adder_loop[4].FA/g17/Y       -       A->Y  F     sky130_fd_sc_hd__nand2_2       2 10.4    53    62    1068    (-,-) 
  CSA_BLOCKS[2].RCA_C1/full_adder_loop[5].FA/g81__7482/Y -       A->Y  R     sky130_fd_sc_hd__nand2_2       1  5.9    54    62    1130    (-,-) 
  CSA_BLOCKS[2].RCA_C1/full_adder_loop[5].FA/g79__1881/Y -       A->Y  F     sky130_fd_sc_hd__nand2_2       2 10.4    53    62    1192    (-,-) 
  CSA_BLOCKS[2].RCA_C1/full_adder_loop[6].FA/g81__2346/Y -       A->Y  R     sky130_fd_sc_hd__nand2_2       1  5.9    54    62    1254    (-,-) 
  CSA_BLOCKS[2].RCA_C1/full_adder_loop[6].FA/g79__9945/Y -       A->Y  F     sky130_fd_sc_hd__nand2_2       2 10.3    53    62    1316    (-,-) 
  CSA_BLOCKS[2].RCA_C1/full_adder_loop[7].FA/g2/Y        -       B->Y  R     sky130_fd_sc_hd__nand2_2       1  3.8    41    64    1379    (-,-) 
  CSA_BLOCKS[2].RCA_C1/full_adder_loop[7].FA/g79__5477/Y -       B->Y  F     sky130_fd_sc_hd__nand2b_1      1  5.6    61    64    1443    (-,-) 
  g220/Y                                                 -       C->Y  R     sky130_fd_sc_hd__nand3_2       2 20.5   129   129    1573    (-,-) 
  g12/Y                                                  -       B->Y  F     sky130_fd_sc_hd__nand2_4       9 28.8    77   100    1672    (-,-) 
  g5375/Y                                                -       A->Y  R     sky130_fd_sc_hd__inv_2         2 11.1    61    81    1753    (-,-) 
  g5371/Y                                                -       A->Y  F     sky130_fd_sc_hd__nand2_2       1  9.7    62    62    1815    (-,-) 
  g5370/Y                                                -       B->Y  R     sky130_fd_sc_hd__nand2_4       1 51.3   165   158    1974    (-,-) 
  S[24]                                                  <<<     -     R     (port)                         -    -     -     0    1974    (-,-) 
#-----------------------------------------------------------------------------------------------------------------------------------------------

