============================================================
  Generated by:           Genus(TM) Synthesis Solution 23.12-s086_1
  Generated on:           Apr 07 2025  05:51:10 pm
  Module:                 carry_select_adder_8888_32bits
  Operating conditions:   tt_025C_1v80 
  Interconnect mode:      global
  Area mode:              physical library
============================================================

Timing
-------
  Cost    Critical         Violating 
 Group   Path Slack  TNS     Paths   
-------------------------------------
default         0.0   0.0          0 
-------------------------------------
Total                 0.0          0 

Instance Count
--------------
Leaf Instance Count             484 
Physical Instance count           0 
Sequential Instance Count         0 
Combinational Instance Count    484 
Hierarchical Instance Count      63 

Area
----
Cell Area                          3121.744
Physical Cell Area                 0.000
Total Cell Area (Cell+Physical)    3121.744
Net Area                           2452.806
Total Area (Cell+Physical+Net)     5574.550

Max Fanout                         10 (n_1)
Min Fanout                         1 (C0[2])
Average Fanout                     1.6
Terms to net ratio                 2.4349
Terms to instance ratio            2.8223
Runtime                            19.524171 seconds
Elapsed Runtime                    22 seconds
Genus peak memory usage            1899.23 
Innovus peak memory usage          no_value 
Hostname                           cadmicro-inf-el8-623207
