============================================================
  Generated by:           Genus(TM) Synthesis Solution 23.12-s086_1
  Generated on:           Apr 07 2025  05:51:10 pm
  Module:                 carry_select_adder_8888_32bits
  Operating conditions:   tt_025C_1v80 
  Interconnect mode:      global
  Area mode:              physical library
============================================================

           Instance                         Module              Cell-Count  Cell-Area  Net-Area   Total-Area 
-------------------------------------------------------------------------------------------------------------
carry_select_adder_8888_32bits NA                                      484   3121.744  2452.806     5574.550 
  CSA_BLOCKS[1].RCA_C0         ripple_carry_adder_WIDTH8_5_231          57    324.061   187.787      511.848 
    F1A                        full_adder_24_228                         1     15.014     0.000       15.014 
    full_adder_loop[1].FA      full_adder_219                           10     50.048    30.457       80.505 
    full_adder_loop[2].FA      full_adder_218                           11     56.304    37.157       93.461 
    full_adder_loop[3].FA      full_adder_217                            7     45.043    16.969       62.012 
    full_adder_loop[4].FA      full_adder_216                            7     38.787    16.969       55.756 
    full_adder_loop[5].FA      full_adder_215                            7     38.787    16.969       55.756 
    full_adder_loop[6].FA      full_adder_214                            7     38.787    16.969       55.756 
    full_adder_loop[7].FA      full_adder_213                            7     41.290    16.969       58.258 
  CSA_BLOCKS[1].RCA_C1         ripple_carry_adder_WIDTH8_6_233          55    319.056   177.606      496.662 
    F1A                        full_adder_32_230                         4     20.019    10.094       30.113 
    full_adder_loop[1].FA      full_adder_212                           11     51.299    37.157       88.456 
    full_adder_loop[2].FA      full_adder_211                            9     46.294    23.756       70.051 
    full_adder_loop[3].FA      full_adder_210                            6     40.038    13.575       53.613 
    full_adder_loop[4].FA      full_adder_209                            6     40.038    13.575       53.613 
    full_adder_loop[5].FA      full_adder_208                            6     40.038    13.575       53.613 
    full_adder_loop[6].FA      full_adder_207                            7     43.792    16.969       60.761 
    full_adder_loop[7].FA      full_adder_206                            6     37.536    13.575       51.111 
  CSA_BLOCKS[2].RCA_C0         ripple_carry_adder_WIDTH8_5_232          50    295.283   164.031      459.314 
    F1A                        full_adder_24                             4     20.019    10.094       30.113 
    full_adder_loop[1].FA      full_adder_205                           10     47.546    33.763       81.309 
    full_adder_loop[2].FA      full_adder_204                            7     38.787    16.969       55.756 
    full_adder_loop[3].FA      full_adder_203                            6     35.034    13.575       48.609 
    full_adder_loop[4].FA      full_adder_202                            6     35.034    13.575       48.609 
    full_adder_loop[5].FA      full_adder_201                            6     35.034    13.575       48.609 
    full_adder_loop[6].FA      full_adder_200                            7     45.043    16.969       62.012 
    full_adder_loop[7].FA      full_adder_199                            4     38.787    10.181       48.968 
  CSA_BLOCKS[2].RCA_C1         ripple_carry_adder_WIDTH8_6_234          54    317.805   182.566      500.371 
    F1A                        full_adder_32                             4     20.019    10.094       30.113 
    full_adder_loop[1].FA      full_adder_198                           10     47.546    33.763       81.309 
    full_adder_loop[2].FA      full_adder_197                            7     38.787    16.969       55.756 
    full_adder_loop[3].FA      full_adder_196                            6     35.034    13.575       48.609 
    full_adder_loop[4].FA      full_adder_195                            7     45.043    16.969       62.012 
    full_adder_loop[5].FA      full_adder_194                            8     47.546    23.669       71.215 
    full_adder_loop[6].FA      full_adder_193                            7     43.792    18.622       62.414 
    full_adder_loop[7].FA      full_adder_192                            5     40.038    13.575       53.613 
  CSA_BLOCKS[3].RCA_C0         ripple_carry_adder_WIDTH8_5              33    281.520   106.598      388.118 
    F1A                        full_adder_24_227                         4     20.019    10.094       30.113 
    full_adder_loop[1].FA      full_adder_191                            8     43.792    20.362       64.154 
    full_adder_loop[2].FA      full_adder_190                            6     38.787    13.575       52.362 
    full_adder_loop[3].FA      full_adder_189                            5     37.536    10.181       47.717 
    full_adder_loop[4].FA      full_adder_188                            4     38.787    10.181       48.968 
    full_adder_loop[5].FA      full_adder_187                            4     35.034    10.181       45.215 
    full_adder_loop[6].FA      full_adder_186                            1     33.782     0.000       33.782 
    full_adder_loop[7].FA      full_adder_185                            1     33.782     0.000       33.782 
  CSA_BLOCKS[3].RCA_C1         ripple_carry_adder_WIDTH8_6              33    271.510   106.598      378.109 
    F1A                        full_adder_32_229                         4     20.019    10.094       30.113 
    full_adder_loop[1].FA      full_adder_184                            6     33.782    15.228       49.011 
    full_adder_loop[2].FA      full_adder_183                            6     38.787    13.575       52.362 
    full_adder_loop[3].FA      full_adder_182                            6     38.787    13.575       52.362 
    full_adder_loop[4].FA      full_adder_181                            5     37.536    13.575       51.111 
    full_adder_loop[5].FA      full_adder_180                            4     35.034    10.181       45.215 
    full_adder_loop[6].FA      full_adder_179                            1     33.782     0.000       33.782 
    full_adder_loop[7].FA      full_adder_178                            1     33.782     0.000       33.782 
  RCA_LSB                      ripple_carry_adder_WIDTH8                53    507.987   167.599      675.586 
    F1A                        full_adder                                6     43.792    13.575       57.367 
    full_adder_loop[1].FA      full_adder_226                           11     71.318    37.244      108.563 
    full_adder_loop[2].FA      full_adder_225                            6     57.555    13.575       71.130 
    full_adder_loop[3].FA      full_adder_224                            6     60.058    13.575       73.633 
    full_adder_loop[4].FA      full_adder_223                            6     66.314    13.575       79.889 
    full_adder_loop[5].FA      full_adder_222                            6     67.565    13.575       81.140 
    full_adder_loop[6].FA      full_adder_221                            6     70.067    13.575       83.642 
    full_adder_loop[7].FA      full_adder_220                            6     71.318    13.575       84.893 
