============================================================
  Generated by:           Genus(TM) Synthesis Solution 23.12-s086_1
  Generated on:           Apr 07 2025  02:04:54 pm
  Module:                 cla_16bits
  Operating conditions:   tt_025C_1v80 
  Interconnect mode:      global
  Area mode:              physical library
============================================================

Timing
-------
  Cost    Critical         Violating 
 Group   Path Slack  TNS     Paths   
-------------------------------------
default         0.2   0.0          0 
-------------------------------------
Total                 0.0          0 

Instance Count
--------------
Leaf Instance Count             277 
Physical Instance count           0 
Sequential Instance Count         0 
Combinational Instance Count    277 
Hierarchical Instance Count      72 

Area
----
Cell Area                          1746.675
Physical Cell Area                 0.000
Total Cell Area (Cell+Physical)    1746.675
Net Area                           1391.000
Total Area (Cell+Physical+Net)     3137.675

Max Fanout                         12 (n_50)
Min Fanout                         1 (C[0])
Average Fanout                     1.7
Terms to net ratio                 2.5194
Terms to instance ratio            2.8195
Runtime                            15.891258 seconds
Elapsed Runtime                    17 seconds
Genus peak memory usage            1892.74 
Innovus peak memory usage          no_value 
Hostname                           cadmicro-inf-el8-623207
