============================================================
  Generated by:           Genus(TM) Synthesis Solution 23.12-s086_1
  Generated on:           Apr 07 2025  05:04:45 pm
  Module:                 carry_increment_32bits
  Operating conditions:   tt_025C_1v80 
  Interconnect mode:      global
  Area mode:              physical library
============================================================

         Instance                      Module              Cell-Count  Cell-Area  Net-Area   Total-Area 
--------------------------------------------------------------------------------------------------------
carry_increment_32bits    NA                                      739   4762.067  3619.905     8381.973 
  RCA1                    ripple_carry_adder_WIDTH4                29    217.709    94.677      312.386 
    F1A                   full_adder                                7     57.555    18.622       76.177 
    full_adder_loop[1].FA full_adder_91                            10     58.806    33.763       92.570 
    full_adder_loop[2].FA full_adder_90                             6     46.294    13.575       59.869 
    full_adder_loop[3].FA full_adder_89                             6     55.053    13.575       68.628 
  RCAS[1].RCA2            ripple_carry_adder_WIDTH4_7_98           41    261.501   165.162      426.663 
    F1A                   full_adder_24_93                          4     27.526    10.094       37.621 
    full_adder_loop[1].FA full_adder_88                            14     91.338    52.298      143.636 
    full_adder_loop[2].FA full_adder_87                            12     72.570    42.204      114.774 
    full_adder_loop[3].FA full_adder_86                            11     70.067    38.810      108.878 
  RCAS[2].RCA2            ripple_carry_adder_WIDTH4_7_99           33    208.950   128.092      337.042 
    F1A                   full_adder_24_94                          5     23.773    13.488       37.261 
    full_adder_loop[1].FA full_adder_85                            11     62.560    38.810      101.370 
    full_adder_loop[2].FA full_adder_84                            11     58.806    38.810       97.617 
    full_adder_loop[3].FA full_adder_83                             6     63.811    15.228       79.040 
  RCAS[3].RCA2            ripple_carry_adder_WIDTH4_7_100          38    235.226   133.487      368.713 
    F1A                   full_adder_24_95                          5     33.782    10.181       43.964 
    full_adder_loop[1].FA full_adder_82                            15     85.082    47.425      132.507 
    full_adder_loop[2].FA full_adder_81                             8     55.053    25.323       80.375 
    full_adder_loop[3].FA full_adder_80                            10     61.309    28.803       90.112 
  RCAS[4].RCA2            ripple_carry_adder_WIDTH4_7_101          40    271.510   153.502      425.012 
    F1A                   full_adder_24_96                          5     32.531    16.795       49.326 
    full_adder_loop[1].FA full_adder_79                            15     83.830    45.772      129.602 
    full_adder_loop[2].FA full_adder_78                             8     55.053    28.629       83.682 
    full_adder_loop[3].FA full_adder_77                            12    100.096    42.204      142.300 
  RCAS[5].RCA2            ripple_carry_adder_WIDTH4_7_102          42    243.984   171.863      415.847 
    F1A                   full_adder_24_97                          4     25.024    13.401       38.425 
    full_adder_loop[1].FA full_adder_76                            14     78.826    53.952      132.777 
    full_adder_loop[2].FA full_adder_75                            12     73.821    45.511      119.332 
    full_adder_loop[3].FA full_adder_74                            12     66.314    38.898      105.211 
  RCAS[6].RCA2            ripple_carry_adder_WIDTH4_7_103          34    212.704   128.179      340.883 
    F1A                   full_adder_24                             5     27.526    13.488       41.014 
    full_adder_loop[1].FA full_adder_73                             9     65.062    30.370       95.432 
    full_adder_loop[2].FA full_adder_72                            12     70.067    42.204      112.271 
    full_adder_loop[3].FA full_adder_71                             8     50.048    22.016       72.064 
  RCAS[7].RCA2            ripple_carry_adder_WIDTH4_7              20    160.154    69.093      229.247 
    F1A                   full_adder_24_92                          4     35.034    10.094       45.128 
    full_adder_loop[1].FA full_adder_70                             7     47.546    18.622       66.168 
    full_adder_loop[2].FA full_adder_69                             6     47.546    16.882       64.427 
    full_adder_loop[3].FA full_adder_68                             3     30.029     5.047       35.076 
