============================================================
  Generated by:           Genus(TM) Synthesis Solution 23.12-s086_1
  Generated on:           Apr 07 2025  05:04:45 pm
  Module:                 carry_increment_32bits
  Operating conditions:   tt_025C_1v80 
  Interconnect mode:      global
  Area mode:              physical library
============================================================


Path 1: VIOLATED (-18 ps) Path Delay Check
     Startpoint: (F) A[17]
       Endpoint: (R) S[20]

                   Capture    Launch  
      Path Delay:+    1590         -  
      Drv Adjust:+       0         0  
         Arrival:=    1590            
                                      
   Required Time:=    1590            
       Data Path:-    1608            
           Slack:=     -18            

Exceptions/Constraints:
  max_delay             1590            constraints.sdc_line_1 

#----------------------------------------------------------------------------------------------------------------------------------------
#                  Timing Point                   Flags   Arc   Edge           Cell             Fanout Load Trans Delay Arrival Instance 
#                                                                                                      (fF)  (ps)  (ps)   (ps)  Location 
#----------------------------------------------------------------------------------------------------------------------------------------
  A[17]                                           -       -     F     (arrival)                      1  3.3  1000     0       0    (-,-) 
  g3055/X                                         -       A->X  F     sky130_fd_sc_hd__buf_1         5 18.4   122   388     388    (-,-) 
  RCAS[4].RCA2/full_adder_loop[1].FA/g9/Y         -       A->Y  R     sky130_fd_sc_hd__clkinv_2      1  5.9    46    74     462    (-,-) 
  RCAS[4].RCA2/full_adder_loop[1].FA/g8/Y         -       A->Y  F     sky130_fd_sc_hd__nand2_2       1  5.6    34    46     508    (-,-) 
  RCAS[4].RCA2/full_adder_loop[1].FA/g196__2802/Y -       A->Y  R     sky130_fd_sc_hd__nand2_2       1  5.9    51    54     562    (-,-) 
  RCAS[4].RCA2/full_adder_loop[1].FA/g192__5526/Y -       A->Y  F     sky130_fd_sc_hd__nand2_2       3 10.1    52    60     622    (-,-) 
  RCAS[4].RCA2/full_adder_loop[2].FA/g124__7482/Y -       A->Y  R     sky130_fd_sc_hd__nand2_2       1 10.1    72    76     699    (-,-) 
  RCAS[4].RCA2/full_adder_loop[2].FA/g122__1881/Y -       A->Y  F     sky130_fd_sc_hd__nand2_4       3 13.9    45    59     758    (-,-) 
  RCAS[4].RCA2/full_adder_loop[3].FA/g46/Y        -       A->Y  R     sky130_fd_sc_hd__nand2_1       1 10.6   112   103     861    (-,-) 
  RCAS[4].RCA2/full_adder_loop[3].FA/g13/Y        -       B->Y  F     sky130_fd_sc_hd__nand2_4       3 15.3    50    75     935    (-,-) 
  g9383/Y                                         -       A->Y  R     sky130_fd_sc_hd__nand2_4       3 14.2    65    70    1006    (-,-) 
  g9382/Y                                         -       A->Y  F     sky130_fd_sc_hd__inv_2         4 15.4    41    56    1062    (-,-) 
  g9338/Y                                         -       A->Y  R     sky130_fd_sc_hd__nand2_2       1 10.1    72    72    1134    (-,-) 
  g26/Y                                           -       A->Y  F     sky130_fd_sc_hd__nand2_4       6 19.6    56    68    1202    (-,-) 
  fopt67/Y                                        -       A->Y  R     sky130_fd_sc_hd__inv_2         3 14.1    71    81    1283    (-,-) 
  g9286/Y                                         -       A->Y  F     sky130_fd_sc_hd__nand2_1       1  5.5    61    66    1350    (-,-) 
  g9514/Y                                         -       B->Y  R     sky130_fd_sc_hd__nand2_2       1 10.1    72    90    1439    (-,-) 
  g9513/Y                                         -       A->Y  F     sky130_fd_sc_hd__nand2_4       1 17.7    52    65    1504    (-,-) 
  g9424/Y                                         -       A->Y  R     sky130_fd_sc_hd__nand2_8       1 51.3   109   104    1608    (-,-) 
  S[20]                                           <<<     -     R     (port)                         -    -     -     0    1608    (-,-) 
#----------------------------------------------------------------------------------------------------------------------------------------

