============================================================
  Generated by:           Genus(TM) Synthesis Solution 23.12-s086_1
  Generated on:           Apr 07 2025  05:04:45 pm
  Module:                 carry_increment_32bits
  Operating conditions:   tt_025C_1v80 
  Interconnect mode:      global
  Area mode:              physical library
============================================================

Timing
-------
  Cost    Critical           Violating 
 Group   Path Slack   TNS      Paths   
---------------------------------------
default       -18.4   -95.5          8 
---------------------------------------
Total                 -95.5          8 

Instance Count
--------------
Leaf Instance Count             739 
Physical Instance count           0 
Sequential Instance Count         0 
Combinational Instance Count    739 
Hierarchical Instance Count      40 

Area
----
Cell Area                          4762.067
Physical Cell Area                 0.000
Total Cell Area (Cell+Physical)    4762.067
Net Area                           3619.906
Total Area (Cell+Physical+Net)     8381.973

Max Fanout                         9 (S1[4][0])
Min Fanout                         1 (C2[6])
Average Fanout                     1.7
Terms to net ratio                 2.5471
Terms to instance ratio            2.7781
Runtime                            42.884225 seconds
Elapsed Runtime                    45 seconds
Genus peak memory usage            2023.34 
Innovus peak memory usage          no_value 
Hostname                           cadmicro-inf-el8-623207
