============================================================
  Generated by:           Genus(TM) Synthesis Solution 23.12-s086_1
  Generated on:           Apr 07 2025  05:09:26 pm
  Module:                 carry_increment_32bits
  Operating conditions:   tt_025C_1v80 
  Interconnect mode:      global
  Area mode:              physical library
============================================================


Path 1: MET (0 ps) Path Delay Check
     Startpoint: (F) A[5]
       Endpoint: (R) Cout

                   Capture    Launch  
      Path Delay:+    1651         -  
      Drv Adjust:+       0         0  
         Arrival:=    1651            
                                      
   Required Time:=    1651            
       Data Path:-    1651            
           Slack:=       0            

Exceptions/Constraints:
  max_delay             1651            constraints.sdc_line_1 

#----------------------------------------------------------------------------------------------------------------------------------------
#                  Timing Point                   Flags   Arc   Edge           Cell             Fanout Load Trans Delay Arrival Instance 
#                                                                                                      (fF)  (ps)  (ps)   (ps)  Location 
#----------------------------------------------------------------------------------------------------------------------------------------
  A[5]                                            -       -     F     (arrival)                      1  3.3  1000     0       0    (-,-) 
  g2899/X                                         -       A->X  F     sky130_fd_sc_hd__clkbuf_1      4 13.6   100   366     366    (-,-) 
  RCAS[1].RCA2/full_adder_loop[1].FA/g18/Y        -       A->Y  R     sky130_fd_sc_hd__clkinv_2      1 10.1    52    79     444    (-,-) 
  RCAS[1].RCA2/full_adder_loop[1].FA/g17/Y        -       A->Y  F     sky130_fd_sc_hd__nand2_4       1  9.6    34    47     491    (-,-) 
  RCAS[1].RCA2/full_adder_loop[1].FA/g16/Y        -       A->Y  R     sky130_fd_sc_hd__nand2_4       1 10.1    52    55     546    (-,-) 
  RCAS[1].RCA2/full_adder_loop[1].FA/g176__1666/Y -       A->Y  F     sky130_fd_sc_hd__nand2_4       3 15.1    50    55     602    (-,-) 
  RCAS[1].RCA2/full_adder_loop[2].FA/g128__8428/Y -       A->Y  R     sky130_fd_sc_hd__nand2_2       1 10.1    72    75     677    (-,-) 
  RCAS[1].RCA2/full_adder_loop[2].FA/g126__6260/Y -       A->Y  F     sky130_fd_sc_hd__nand2_4       3 17.6    52    65     742    (-,-) 
  RCAS[1].RCA2/full_adder_loop[3].FA/g90/Y        -       A->Y  R     sky130_fd_sc_hd__inv_4         1 10.1    38    56     798    (-,-) 
  RCAS[1].RCA2/full_adder_loop[3].FA/g23/Y        -       A->Y  F     sky130_fd_sc_hd__nand2_4       1  9.6    34    42     841    (-,-) 
  RCAS[1].RCA2/full_adder_loop[3].FA/g13/Y        -       A->Y  R     sky130_fd_sc_hd__nand2_4       2 13.0    62    61     902    (-,-) 
  g8234/Y                                         -       B->Y  F     sky130_fd_sc_hd__nand3_4       1  9.6    58    75     976    (-,-) 
  g8233/Y                                         -       A->Y  R     sky130_fd_sc_hd__nand2_4       4 19.0    76    83    1060    (-,-) 
  g8465/Y                                         -       B->Y  F     sky130_fd_sc_hd__nand2_4       3 25.5    66    82    1142    (-,-) 
  g8464/Y                                         -       A->Y  R     sky130_fd_sc_hd__nand2_2       2 11.1    77    86    1228    (-,-) 
  g8463/Y                                         -       A->Y  F     sky130_fd_sc_hd__nand2_2       2  6.5    43    57    1284    (-,-) 
  g8462/Y                                         -       A->Y  R     sky130_fd_sc_hd__nand2_1       1  3.7    52    58    1343    (-,-) 
  g36/Y                                           -       A->Y  F     sky130_fd_sc_hd__nand2_1       1  5.6    50    61    1404    (-,-) 
  g8187/Y                                         -       A->Y  R     sky130_fd_sc_hd__nand2_2       1 10.1    73    75    1479    (-,-) 
  g8186/Y                                         -       A->Y  F     sky130_fd_sc_hd__nand2_4       1 17.7    57    66    1545    (-,-) 
  g8185/Y                                         -       A->Y  R     sky130_fd_sc_hd__nand2_8       1 51.3   108   106    1651    (-,-) 
  Cout                                            -       -     R     (port)                         -    -     -     0    1651    (-,-) 
#----------------------------------------------------------------------------------------------------------------------------------------

