============================================================
  Generated by:           Genus(TM) Synthesis Solution 23.12-s086_1
  Generated on:           Apr 07 2025  05:09:26 pm
  Module:                 carry_increment_32bits
  Operating conditions:   tt_025C_1v80 
  Interconnect mode:      global
  Area mode:              physical library
============================================================

Timing
-------
  Cost    Critical         Violating 
 Group   Path Slack  TNS     Paths   
-------------------------------------
default         0.0   0.0          0 
-------------------------------------
Total                 0.0          0 

Instance Count
--------------
Leaf Instance Count             615 
Physical Instance count           0 
Sequential Instance Count         0 
Combinational Instance Count    615 
Hierarchical Instance Count      40 

Area
----
Cell Area                          4036.371
Physical Cell Area                 0.000
Total Cell Area (Cell+Physical)    4036.371
Net Area                           3068.814
Total Area (Cell+Physical+Net)     7105.185

Max Fanout                         8 (S1[6][0])
Min Fanout                         1 (C2[0])
Average Fanout                     1.7
Terms to net ratio                 2.5131
Terms to instance ratio            2.8033
Runtime                            31.023397 seconds
Elapsed Runtime                    33 seconds
Genus peak memory usage            2024.09 
Innovus peak memory usage          no_value 
Hostname                           cadmicro-inf-el8-623207
