============================================================
  Generated by:           Genus(TM) Synthesis Solution 23.12-s086_1
  Generated on:           Apr 07 2025  05:09:26 pm
  Module:                 carry_increment_32bits
  Operating conditions:   tt_025C_1v80 
  Interconnect mode:      global
  Area mode:              physical library
============================================================

         Instance                      Module              Cell-Count  Cell-Area  Net-Area   Total-Area 
--------------------------------------------------------------------------------------------------------
carry_increment_32bits    NA                                      615   4036.371  3068.814     7105.185 
  RCA1                    ripple_carry_adder_WIDTH4                32    228.970   103.205      332.174 
    F1A                   full_adder                               10     57.555    30.457       88.012 
    full_adder_loop[1].FA full_adder_91                            10     52.550    30.457       83.007 
    full_adder_loop[2].FA full_adder_90                             6     60.058    13.575       73.633 
    full_adder_loop[3].FA full_adder_89                             6     58.806    13.575       72.381 
  RCAS[1].RCA2            ripple_carry_adder_WIDTH4_7_98           37    246.486   140.014      386.500 
    F1A                   full_adder_24_93                          5     23.773    13.488       37.261 
    full_adder_loop[1].FA full_adder_88                            14     86.333    47.338      133.671 
    full_adder_loop[2].FA full_adder_87                             8     66.314    28.629       94.943 
    full_adder_loop[3].FA full_adder_86                            10     70.067    28.803       98.871 
  RCAS[2].RCA2            ripple_carry_adder_WIDTH4_7_99           29    240.230   106.337      346.568 
    F1A                   full_adder_24_94                          1     25.024     0.000       25.024 
    full_adder_loop[1].FA full_adder_85                             9     62.560    25.410       87.970 
    full_adder_loop[2].FA full_adder_84                            12     70.067    42.204      112.271 
    full_adder_loop[3].FA full_adder_83                             7     82.579    21.929      104.508 
  RCAS[3].RCA2            ripple_carry_adder_WIDTH4_7_100          33    230.221   123.132      353.353 
    F1A                   full_adder_24_95                          4     22.522    10.094       32.616 
    full_adder_loop[1].FA full_adder_82                            10     71.318    33.763      105.082 
    full_adder_loop[2].FA full_adder_81                             7     67.565    21.929       89.494 
    full_adder_loop[3].FA full_adder_80                            12     68.816    38.898      107.714 
  RCAS[4].RCA2            ripple_carry_adder_WIDTH4_7_101          42    261.501   158.636      420.137 
    F1A                   full_adder_24_96                          5     31.280    13.488       44.768 
    full_adder_loop[1].FA full_adder_79                            10     68.816    37.070      105.886 
    full_adder_loop[2].FA full_adder_78                            14     92.589    47.338      139.927 
    full_adder_loop[3].FA full_adder_77                            13     68.816    42.291      111.107 
  RCAS[5].RCA2            ripple_carry_adder_WIDTH4_7_102          36    212.704   133.313      346.017 
    F1A                   full_adder_24_97                          5     27.526    13.488       41.014 
    full_adder_loop[1].FA full_adder_76                             9     67.565    28.716       96.281 
    full_adder_loop[2].FA full_adder_75                            12     60.058    42.204      102.262 
    full_adder_loop[3].FA full_adder_74                            10     57.555    28.803       86.359 
  RCAS[6].RCA2            ripple_carry_adder_WIDTH4_7_103          35    197.690   123.306      320.996 
    F1A                   full_adder_24                             4     23.773     6.787       30.560 
    full_adder_loop[1].FA full_adder_73                            13     77.574    37.331      114.906 
    full_adder_loop[2].FA full_adder_72                             9     48.797    32.023       80.820 
    full_adder_loop[3].FA full_adder_71                             9     47.546    25.410       72.955 
  RCAS[7].RCA2            ripple_carry_adder_WIDTH4_7              15    133.878    60.565      194.444 
    F1A                   full_adder_24_92                          1     12.512     0.000       12.512 
    full_adder_loop[1].FA full_adder_70                             6     46.294    21.842       68.136 
    full_adder_loop[2].FA full_adder_69                             7     41.290    23.582       64.872 
    full_adder_loop[3].FA full_adder_68                             1     33.782     0.000       33.782 
