============================================================
  Generated by:           Genus(TM) Synthesis Solution 23.12-s086_1
  Generated on:           Apr 02 2025  05:40:43 pm
  Module:                 carry_increment_32bits
  Operating conditions:   tt_025C_1v80 
  Interconnect mode:      global
  Area mode:              physical library
============================================================


Path 1: MET (191326 ps) Path Delay Check
     Startpoint: (F) A[0]
       Endpoint: (F) Cout

                   Capture    Launch  
      Path Delay:+  200000         -  
      Drv Adjust:+       0         0  
         Arrival:=  200000            
                                      
   Required Time:=  200000            
       Data Path:-    8674            
           Slack:=  191326            

Exceptions/Constraints:
  max_delay            200000           constraints.sdc_line_1 

#-----------------------------------------------------------------------------------------------------------------------------------
#               Timing Point                Flags     Arc     Edge          Cell           Fanout Load Trans Delay Arrival Instance 
#                                                                                                 (fF)  (ps)  (ps)   (ps)  Location 
#-----------------------------------------------------------------------------------------------------------------------------------
  A[0]                                      -       -         F     (arrival)                   1  7.2  1000     0       0    (-,-) 
  RCA1/F1A/g65__2398/COUT                   -       B->COUT   F     sky130_fd_sc_hd__fa_1       1  5.8    96   786     786    (-,-) 
  RCA1/full_adder_loop[1].FA/g65__5107/COUT -       CIN->COUT F     sky130_fd_sc_hd__fa_1       1  5.8    96   396    1182    (-,-) 
  RCA1/full_adder_loop[2].FA/g65__6260/COUT -       CIN->COUT F     sky130_fd_sc_hd__fa_1       1  5.8    96   396    1579    (-,-) 
  RCA1/full_adder_loop[3].FA/g65__4319/COUT -       CIN->COUT F     sky130_fd_sc_hd__fa_1       1  4.1    87   382    1961    (-,-) 
  g553__1705/COUT                           -       B->COUT   F     sky130_fd_sc_hd__ha_1       1  4.1    49   199    2160    (-,-) 
  g552__2802/COUT                           -       B->COUT   F     sky130_fd_sc_hd__ha_1       1  4.1    49   182    2342    (-,-) 
  g551__1617/COUT                           -       B->COUT   F     sky130_fd_sc_hd__ha_1       1  4.1    49   182    2524    (-,-) 
  g550__3680/COUT                           -       B->COUT   F     sky130_fd_sc_hd__ha_1       1  2.7    42   173    2697    (-,-) 
  g549__6783/X                              -       B->X      F     sky130_fd_sc_hd__or2_0      1  4.1    64   203    2900    (-,-) 
  g548__5526/COUT                           -       B->COUT   F     sky130_fd_sc_hd__ha_1       1  4.1    49   189    3089    (-,-) 
  g547__8428/COUT                           -       B->COUT   F     sky130_fd_sc_hd__ha_1       1  4.1    49   182    3271    (-,-) 
  g546__4319/COUT                           -       B->COUT   F     sky130_fd_sc_hd__ha_1       1  4.1    49   182    3453    (-,-) 
  g545__6260/COUT                           -       B->COUT   F     sky130_fd_sc_hd__ha_1       1  2.7    42   173    3626    (-,-) 
  g544__5107/X                              -       B->X      F     sky130_fd_sc_hd__or2_0      1  4.1    64   203    3829    (-,-) 
  g543__2398/COUT                           -       B->COUT   F     sky130_fd_sc_hd__ha_1       1  4.1    49   189    4017    (-,-) 
  g542__5477/COUT                           -       B->COUT   F     sky130_fd_sc_hd__ha_1       1  4.1    49   182    4199    (-,-) 
  g541__6417/COUT                           -       B->COUT   F     sky130_fd_sc_hd__ha_1       1  4.1    49   182    4381    (-,-) 
  g540__7410/COUT                           -       B->COUT   F     sky130_fd_sc_hd__ha_1       1  2.7    42   173    4554    (-,-) 
  g539__1666/X                              -       B->X      F     sky130_fd_sc_hd__or2_0      1  4.1    64   203    4757    (-,-) 
  g538__2346/COUT                           -       B->COUT   F     sky130_fd_sc_hd__ha_1       1  4.1    49   189    4946    (-,-) 
  g537__2883/COUT                           -       B->COUT   F     sky130_fd_sc_hd__ha_1       1  4.1    49   182    5128    (-,-) 
  g536__9945/COUT                           -       B->COUT   F     sky130_fd_sc_hd__ha_1       1  4.1    49   182    5310    (-,-) 
  g535__9315/COUT                           -       B->COUT   F     sky130_fd_sc_hd__ha_1       1  2.7    42   173    5483    (-,-) 
  g534__6161/X                              -       B->X      F     sky130_fd_sc_hd__or2_0      1  4.1    64   203    5686    (-,-) 
  g533__4733/COUT                           -       B->COUT   F     sky130_fd_sc_hd__ha_1       1  4.1    49   189    5875    (-,-) 
  g532__7482/COUT                           -       B->COUT   F     sky130_fd_sc_hd__ha_1       1  4.1    49   182    6057    (-,-) 
  g531__5115/COUT                           -       B->COUT   F     sky130_fd_sc_hd__ha_1       1  4.1    49   182    6239    (-,-) 
  g530__1881/COUT                           -       B->COUT   F     sky130_fd_sc_hd__ha_1       1  2.7    42   173    6412    (-,-) 
  g529__6131/X                              -       B->X      F     sky130_fd_sc_hd__or2_0      1  4.1    64   203    6615    (-,-) 
  g528__7098/COUT                           -       B->COUT   F     sky130_fd_sc_hd__ha_1       1  4.1    49   189    6803    (-,-) 
  g527__8246/COUT                           -       B->COUT   F     sky130_fd_sc_hd__ha_1       1  4.1    49   182    6985    (-,-) 
  g526__5122/COUT                           -       B->COUT   F     sky130_fd_sc_hd__ha_1       1  4.1    49   182    7167    (-,-) 
  g525__1705/COUT                           -       B->COUT   F     sky130_fd_sc_hd__ha_1       1  2.7    42   173    7340    (-,-) 
  g524__2802/X                              -       B->X      F     sky130_fd_sc_hd__or2_0      1  4.1    64   203    7544    (-,-) 
  g523__1617/COUT                           -       B->COUT   F     sky130_fd_sc_hd__ha_1       1  4.1    49   189    7732    (-,-) 
  g522__3680/COUT                           -       B->COUT   F     sky130_fd_sc_hd__ha_1       1  4.1    49   182    7914    (-,-) 
  g521__6783/COUT                           -       B->COUT   F     sky130_fd_sc_hd__ha_1       1  4.1    49   182    8096    (-,-) 
  g520__5526/COUT                           -       B->COUT   F     sky130_fd_sc_hd__ha_1       1  2.6    42   172    8268    (-,-) 
  g519__8428/X                              -       B->X      F     sky130_fd_sc_hd__or2_2      1 51.3   168   406    8674    (-,-) 
  Cout                                      -       -         F     (port)                      -    -     -     0    8674    (-,-) 
#-----------------------------------------------------------------------------------------------------------------------------------

