============================================================
  Generated by:           Genus(TM) Synthesis Solution 23.12-s086_1
  Generated on:           Apr 02 2025  05:40:43 pm
  Module:                 carry_increment_32bits
  Operating conditions:   tt_025C_1v80 
  Interconnect mode:      global
  Area mode:              physical library
============================================================

Timing
-------
  Cost    Critical         Violating 
 Group   Path Slack  TNS     Paths   
-------------------------------------
default    191325.6   0.0          0 
-------------------------------------
Total                 0.0          0 

Instance Count
--------------
Leaf Instance Count             67 
Physical Instance count          0 
Sequential Instance Count        0 
Combinational Instance Count    67 
Hierarchical Instance Count     40 

Area
----
Cell Area                          982.192
Physical Cell Area                 0.000
Total Cell Area (Cell+Physical)    982.192
Net Area                           651.599
Total Area (Cell+Physical+Net)     1633.791

Max Fanout                         1 (C2[0])
Min Fanout                         1 (C2[0])
Average Fanout                     1.0
Terms to net ratio                 1.4896
Terms to instance ratio            4.2687
Runtime                            11.816074 seconds
Elapsed Runtime                    12 seconds
Genus peak memory usage            1890.26 
Innovus peak memory usage          no_value 
Hostname                           cadmicro-inf-el8-623207
