###############################################################
#  Generated by:      Cadence Innovus 23.32-s091_1
#  OS:                Linux x86_64(Host ID cadmicro-inf-el8-623207)
#  Generated on:      Wed Apr  9 12:47:42 2025
#  Design:            carry_select_adder_46688_32bits
#  Command:           report_timing > reports/report_timing.rpt
###############################################################
Path 1: MET Path Delay Check
Endpoint:   S[24] (v)
Beginpoint: A[5]  (v) triggered by  leading edge of '@'
Path Groups: {default}
Analysis View: default_emulate_view
- External Delay                0.000
+ Path Delay                    4.350
= Required Time                 4.350
- Arrival Time                  4.348
= Slack Time                    0.002
     Clock Rise Edge                      0.000
     + Input Delay                        0.000
     = Beginpoint Arrival Time            0.000
     +------------------------------------------------------------------------------------------------------------------------------+ 
     |                      Instance                      |       Arc       |           Cell           | Delay | Arrival | Required | 
     |                                                    |                 |                          |       |  Time   |   Time   | 
     |----------------------------------------------------+-----------------+--------------------------+-------+---------+----------| 
     |                                                    | A[5] v          |                          |       |   0.000 |    0.002 | 
     | CSA_BLOCKS[1].RCA_C0/full_adder_loop[1].FA/g2      | B v -> COUT v   | sky130_fd_sc_hd__fah_1   | 0.675 |   0.675 |    0.677 | 
     | CSA_BLOCKS[1].RCA_C0/full_adder_loop[2].FA/g57__36 | CIN v -> COUT v | sky130_fd_sc_hd__fa_1    | 0.401 |   1.076 |    1.078 | 
     | 80                                                 |                 |                          |       |         |          | 
     | CSA_BLOCKS[1].RCA_C0/full_adder_loop[3].FA/g57__16 | CIN v -> COUT v | sky130_fd_sc_hd__fa_1    | 0.401 |   1.477 |    1.479 | 
     | 17                                                 |                 |                          |       |         |          | 
     | CSA_BLOCKS[1].RCA_C0/full_adder_loop[4].FA/g57__28 | CIN v -> COUT v | sky130_fd_sc_hd__fa_1    | 0.400 |   1.877 |    1.879 | 
     | 02                                                 |                 |                          |       |         |          | 
     | CSA_BLOCKS[1].RCA_C0/full_adder_loop[5].FA/g57__17 | CIN v -> COUT v | sky130_fd_sc_hd__fa_1    | 0.425 |   2.302 |    2.304 | 
     | 05                                                 |                 |                          |       |         |          | 
     | g616__9315                                         | A0 v -> Y ^     | sky130_fd_sc_hd__mux2i_4 | 0.307 |   2.609 |    2.611 | 
     | g609__7098                                         | S ^ -> Y ^      | sky130_fd_sc_hd__mux2i_2 | 0.673 |   3.281 |    3.284 | 
     | g601__5526                                         | S ^ -> Y ^      | sky130_fd_sc_hd__mux2i_4 | 0.535 |   3.816 |    3.818 | 
     | g597__5107                                         | S ^ -> X v      | sky130_fd_sc_hd__mux2_2  | 0.530 |   4.346 |    4.349 | 
     |                                                    | S[24] v         |                          | 0.001 |   4.348 |    4.350 | 
     +------------------------------------------------------------------------------------------------------------------------------+ 

