    Hinst Name                               Module Name                     Inst Count           Total Area
---------------------------------------------------------------------------------------------------------
carry_select_adder_46688_32bits                                                     103             1594.029
  CSA_BLOCKS[1].RCA_C0                       ripple_carry_adder_WIDTH6                9              133.878
    CSA_BLOCKS[1].RCA_C0/F1A                 full_adder_24_245                        4               20.019
    CSA_BLOCKS[1].RCA_C0/full_adder_loop[1].FA full_adder_239                           1               33.782
    CSA_BLOCKS[1].RCA_C0/full_adder_loop[2].FA full_adder_238                           1               20.019
    CSA_BLOCKS[1].RCA_C0/full_adder_loop[3].FA full_adder_237                           1               20.019
    CSA_BLOCKS[1].RCA_C0/full_adder_loop[4].FA full_adder_236                           1               20.019
    CSA_BLOCKS[1].RCA_C0/full_adder_loop[5].FA full_adder_235                           1               20.019
  CSA_BLOCKS[1].RCA_C1                       ripple_carry_adder_WIDTH6_3_250          9              133.878
    CSA_BLOCKS[1].RCA_C1/F1A                 full_adder_52_246                        4               20.019
    CSA_BLOCKS[1].RCA_C1/full_adder_loop[1].FA full_adder_227                           1               33.782
    CSA_BLOCKS[1].RCA_C1/full_adder_loop[2].FA full_adder_226                           1               20.019
    CSA_BLOCKS[1].RCA_C1/full_adder_loop[3].FA full_adder_225                           1               20.019
    CSA_BLOCKS[1].RCA_C1/full_adder_loop[4].FA full_adder_224                           1               20.019
    CSA_BLOCKS[1].RCA_C1/full_adder_loop[5].FA full_adder_223                           1               20.019
  CSA_BLOCKS[2].RCA_C0                       ripple_carry_adder_WIDTH6_249            6              112.608
    CSA_BLOCKS[2].RCA_C0/F1A                 full_adder_24                            1               12.512
    CSA_BLOCKS[2].RCA_C0/full_adder_loop[1].FA full_adder_222                           1               20.019
    CSA_BLOCKS[2].RCA_C0/full_adder_loop[2].FA full_adder_221                           1               20.019
    CSA_BLOCKS[2].RCA_C0/full_adder_loop[3].FA full_adder_220                           1               20.019
    CSA_BLOCKS[2].RCA_C0/full_adder_loop[4].FA full_adder_219                           1               20.019
    CSA_BLOCKS[2].RCA_C0/full_adder_loop[5].FA full_adder_218                           1               20.019
  CSA_BLOCKS[2].RCA_C1                       ripple_carry_adder_WIDTH6_3              7              115.110
    CSA_BLOCKS[2].RCA_C1/F1A                 full_adder_52_247                        2               15.014
    CSA_BLOCKS[2].RCA_C1/full_adder_loop[1].FA full_adder_217                           1               20.019
    CSA_BLOCKS[2].RCA_C1/full_adder_loop[2].FA full_adder_216                           1               20.019
    CSA_BLOCKS[2].RCA_C1/full_adder_loop[3].FA full_adder_215                           1               20.019
    CSA_BLOCKS[2].RCA_C1/full_adder_loop[4].FA full_adder_214                           1               20.019
    CSA_BLOCKS[2].RCA_C1/full_adder_loop[5].FA full_adder_213                           1               20.019
  CSA_BLOCKS[3].RCA_C0                       ripple_carry_adder_WIDTH8                8              165.158
    CSA_BLOCKS[3].RCA_C0/F1A                 full_adder_24_243                        1               25.024
    CSA_BLOCKS[3].RCA_C0/full_adder_loop[1].FA full_adder_234                           1               20.019
    CSA_BLOCKS[3].RCA_C0/full_adder_loop[2].FA full_adder_233                           1               20.019
    CSA_BLOCKS[3].RCA_C0/full_adder_loop[3].FA full_adder_232                           1               20.019
    CSA_BLOCKS[3].RCA_C0/full_adder_loop[4].FA full_adder_231                           1               20.019
    CSA_BLOCKS[3].RCA_C0/full_adder_loop[5].FA full_adder_230                           1               20.019
    CSA_BLOCKS[3].RCA_C0/full_adder_loop[6].FA full_adder_229                           1               20.019
    CSA_BLOCKS[3].RCA_C0/full_adder_loop[7].FA full_adder_228                           1               20.019
  CSA_BLOCKS[3].RCA_C1                       ripple_carry_adder_WIDTH8_3_252         11              160.154
    CSA_BLOCKS[3].RCA_C1/F1A                 full_adder_52_248                        4               20.019
    CSA_BLOCKS[3].RCA_C1/full_adder_loop[1].FA full_adder_212                           1               20.019
    CSA_BLOCKS[3].RCA_C1/full_adder_loop[2].FA full_adder_211                           1               20.019
    CSA_BLOCKS[3].RCA_C1/full_adder_loop[3].FA full_adder_210                           1               20.019
    CSA_BLOCKS[3].RCA_C1/full_adder_loop[4].FA full_adder_209                           1               20.019
    CSA_BLOCKS[3].RCA_C1/full_adder_loop[5].FA full_adder_208                           1               20.019
    CSA_BLOCKS[3].RCA_C1/full_adder_loop[6].FA full_adder_207                           1               20.019
    CSA_BLOCKS[3].RCA_C1/full_adder_loop[7].FA full_adder_206                           1               20.019
  CSA_BLOCKS[4].RCA_C0                       ripple_carry_adder_WIDTH8_251            8              152.646
    CSA_BLOCKS[4].RCA_C0/F1A                 full_adder_24_244                        1               12.512
    CSA_BLOCKS[4].RCA_C0/full_adder_loop[1].FA full_adder_205                           1               20.019
    CSA_BLOCKS[4].RCA_C0/full_adder_loop[2].FA full_adder_204                           1               20.019
    CSA_BLOCKS[4].RCA_C0/full_adder_loop[3].FA full_adder_203                           1               20.019
    CSA_BLOCKS[4].RCA_C0/full_adder_loop[4].FA full_adder_202                           1               20.019
    CSA_BLOCKS[4].RCA_C0/full_adder_loop[5].FA full_adder_201                           1               20.019
    CSA_BLOCKS[4].RCA_C0/full_adder_loop[6].FA full_adder_200                           1               20.019
    CSA_BLOCKS[4].RCA_C0/full_adder_loop[7].FA full_adder_199                           1               20.019
  CSA_BLOCKS[4].RCA_C1                       ripple_carry_adder_WIDTH8_3              9              155.149
    CSA_BLOCKS[4].RCA_C1/F1A                 full_adder_52                            2               15.014
    CSA_BLOCKS[4].RCA_C1/full_adder_loop[1].FA full_adder_198                           1               20.019
    CSA_BLOCKS[4].RCA_C1/full_adder_loop[2].FA full_adder_197                           1               20.019
    CSA_BLOCKS[4].RCA_C1/full_adder_loop[3].FA full_adder_196                           1               20.019
    CSA_BLOCKS[4].RCA_C1/full_adder_loop[4].FA full_adder_195                           1               20.019
    CSA_BLOCKS[4].RCA_C1/full_adder_loop[5].FA full_adder_194                           1               20.019
    CSA_BLOCKS[4].RCA_C1/full_adder_loop[6].FA full_adder_193                           1               20.019
    CSA_BLOCKS[4].RCA_C1/full_adder_loop[7].FA full_adder_192                           1               20.019
  RCA_LSB                                    ripple_carry_adder_WIDTH4                4               80.077
    RCA_LSB/F1A                              full_adder                               1               20.019
    RCA_LSB/full_adder_loop[1].FA            full_adder_242                           1               20.019
    RCA_LSB/full_adder_loop[2].FA            full_adder_241                           1               20.019
    RCA_LSB/full_adder_loop[3].FA            full_adder_240                           1               20.019
