============================================================
  Generated by:           Genus(TM) Synthesis Solution 23.12-s086_1
  Generated on:           Apr 07 2025  06:12:23 pm
  Module:                 carry_select_adder_46814_32bits
  Operating conditions:   tt_025C_1v80 
  Interconnect mode:      global
  Area mode:              physical library
============================================================

            Instance                       Module             Cell-Count  Cell-Area  Net-Area   Total-Area 
-----------------------------------------------------------------------------------------------------------
carry_select_adder_46814_32bits NA                                   471   3110.483  2466.468     5576.951 
  CSA_BLOCKS[1].RCA_C0          ripple_carry_adder_WIDTH6             34    217.709   109.992      327.701 
    F1A                         full_adder_4                           4     22.522    10.094       32.616 
    full_adder_loop[1].FA       full_adder_227                         8     40.038    20.362       60.401 
    full_adder_loop[2].FA       full_adder_226                         6     37.536    13.575       51.111 
    full_adder_loop[3].FA       full_adder_225                         6     40.038    13.575       53.613 
    full_adder_loop[4].FA       full_adder_224                         5     40.038    13.575       53.613 
    full_adder_loop[5].FA       full_adder_223                         5     37.536    13.575       51.111 
  CSA_BLOCKS[1].RCA_C1          ripple_carry_adder_WIDTH6_1           35    210.202   109.992      320.194 
    F1A                         full_adder_46_233                      4     22.522    10.094       32.616 
    full_adder_loop[1].FA       full_adder_202                         8     40.038    20.362       60.401 
    full_adder_loop[2].FA       full_adder_201                         6     37.536    13.575       51.111 
    full_adder_loop[3].FA       full_adder_200                         6     35.034    13.575       48.609 
    full_adder_loop[4].FA       full_adder_199                         6     37.536    13.575       51.111 
    full_adder_loop[5].FA       full_adder_198                         5     37.536    13.575       51.111 
  CSA_BLOCKS[2].RCA_C0          ripple_carry_adder_WIDTH8             47    315.302   160.637      475.940 
    F1A                         full_adder_4_232                       4     20.019    10.094       30.113 
    full_adder_loop[1].FA       full_adder_222                        10     52.550    33.763       86.314 
    full_adder_loop[2].FA       full_adder_221                         6     37.536    13.575       51.111 
    full_adder_loop[3].FA       full_adder_220                         6     37.536    13.575       51.111 
    full_adder_loop[4].FA       full_adder_219                         6     40.038    13.575       53.613 
    full_adder_loop[5].FA       full_adder_218                         5     47.546    13.575       61.121 
    full_adder_loop[6].FA       full_adder_217                         5     42.541    13.575       56.116 
    full_adder_loop[7].FA       full_adder_216                         5     37.536    13.575       51.111 
  CSA_BLOCKS[2].RCA_C1          ripple_carry_adder_WIDTH8_1           44    289.027   140.449      429.476 
    F1A                         full_adder_46_234                      4     20.019    10.094       30.113 
    full_adder_loop[1].FA       full_adder_197                         6     41.290    15.228       56.518 
    full_adder_loop[2].FA       full_adder_196                         6     35.034    13.575       48.609 
    full_adder_loop[3].FA       full_adder_195                         6     40.038    13.575       53.613 
    full_adder_loop[4].FA       full_adder_194                         6     37.536    13.575       51.111 
    full_adder_loop[5].FA       full_adder_193                         6     37.536    13.575       51.111 
    full_adder_loop[6].FA       full_adder_192                         5     40.038    13.575       53.613 
    full_adder_loop[7].FA       full_adder_191                         5     37.536    13.575       51.111 
  CSA_BLOCKS[3].RCA_C0          ripple_carry_adder_WIDTH14           100    630.605   334.849      965.454 
    F1A                         full_adder_4_231                       4     20.019    10.094       30.113 
    full_adder_loop[10].FA      full_adder_206                         7     45.043    16.969       62.012 
    full_adder_loop[11].FA      full_adder_205                         7     48.797    16.969       65.766 
    full_adder_loop[12].FA      full_adder_204                         7     58.806    20.362       79.169 
    full_adder_loop[13].FA      full_adder_203                         6     41.290    15.228       56.518 
    full_adder_loop[1].FA       full_adder_215                        10     53.802    33.763       87.565 
    full_adder_loop[2].FA       full_adder_214                        11     56.304    37.157       93.461 
    full_adder_loop[3].FA       full_adder_213                         7     43.792    16.969       60.761 
    full_adder_loop[4].FA       full_adder_212                         7     45.043    16.969       62.012 
    full_adder_loop[5].FA       full_adder_211                         7     43.792    16.969       60.761 
    full_adder_loop[6].FA       full_adder_210                         7     43.792    16.969       60.761 
    full_adder_loop[7].FA       full_adder_209                         7     45.043    16.969       62.012 
    full_adder_loop[8].FA       full_adder_208                         6     40.038    13.575       53.613 
    full_adder_loop[9].FA       full_adder_207                         7     45.043    16.969       62.012 
  CSA_BLOCKS[3].RCA_C1          ripple_carry_adder_WIDTH14_1          99    675.648   326.408     1002.056 
    F1A                         full_adder_46                          4     22.522    10.094       32.616 
    full_adder_loop[10].FA      full_adder_181                         7     57.555    16.969       74.524 
    full_adder_loop[11].FA      full_adder_180                         7     57.555    16.969       74.524 
    full_adder_loop[12].FA      full_adder_179                         6     57.555    13.575       71.130 
    full_adder_loop[13].FA      full_adder_178                         6     41.290    15.228       56.518 
    full_adder_loop[1].FA       full_adder_190                        10     57.555    33.763       91.319 
    full_adder_loop[2].FA       full_adder_189                        10     52.550    33.763       86.314 
    full_adder_loop[3].FA       full_adder_188                         8     51.299    20.362       71.662 
    full_adder_loop[4].FA       full_adder_187                         6     40.038    13.575       53.613 
    full_adder_loop[5].FA       full_adder_186                         7     47.546    16.969       64.514 
    full_adder_loop[6].FA       full_adder_185                         7     47.546    16.969       64.514 
    full_adder_loop[7].FA       full_adder_184                         7     47.546    16.969       64.514 
    full_adder_loop[8].FA       full_adder_183                         7     47.546    16.969       64.514 
    full_adder_loop[9].FA       full_adder_182                         7     47.546    16.969       64.514 
  RCA_LSB                       ripple_carry_adder_WIDTH4             25    173.917    91.196      265.113 
    F1A                         full_adder                             8     46.294    28.629       74.924 
    full_adder_loop[1].FA       full_adder_230                         8     47.546    23.669       71.215 
    full_adder_loop[2].FA       full_adder_229                         5     37.536    13.575       51.111 
    full_adder_loop[3].FA       full_adder_228                         4     42.541    10.181       52.722 
