============================================================
  Generated by:           Genus(TM) Synthesis Solution 23.12-s086_1
  Generated on:           Apr 07 2025  04:44:34 pm
  Module:                 carry_bypass8_32bits
  Operating conditions:   tt_025C_1v80 
  Interconnect mode:      global
  Area mode:              physical library
============================================================

Timing
-------
  Cost    Critical             Violating 
 Group   Path Slack    TNS       Paths   
-----------------------------------------
default      -367.8   -1386.0          6 
-----------------------------------------
Total                 -1386.0          6 

Instance Count
--------------
Leaf Instance Count             401 
Physical Instance count           0 
Sequential Instance Count         0 
Combinational Instance Count    401 
Hierarchical Instance Count      36 

Area
----
Cell Area                          3251.869
Physical Cell Area                 0.000
Total Cell Area (Cell+Physical)    3251.869
Net Area                           1994.825
Total Area (Cell+Physical+Net)     5246.694

Max Fanout                         4 (n_4)
Min Fanout                         1 (Cout)
Average Fanout                     1.5
Terms to net ratio                 2.3433
Terms to instance ratio            2.7232
Runtime                            31.584755000000005 seconds
Elapsed Runtime                    33 seconds
Genus peak memory usage            1902.07 
Innovus peak memory usage          no_value 
Hostname                           cadmicro-inf-el8-623207
