============================================================
  Generated by:           Genus(TM) Synthesis Solution 23.12-s086_1
  Generated on:           Apr 07 2025  02:53:27 pm
  Module:                 kogge_stone_32bits
  Operating conditions:   tt_025C_1v80 
  Interconnect mode:      global
  Area mode:              physical library
============================================================

Timing
-------
  Cost    Critical           Violating 
 Group   Path Slack   TNS      Paths   
---------------------------------------
default        -4.6   -40.7         11 
---------------------------------------
Total                 -40.7         11 

Instance Count
--------------
Leaf Instance Count             919 
Physical Instance count           0 
Sequential Instance Count         0 
Combinational Instance Count    919 
Hierarchical Instance Count     515 

Area
----
Cell Area                          6294.787
Physical Cell Area                 0.000
Total Cell Area (Cell+Physical)    6294.787
Net Area                           4372.795
Total Area (Cell+Physical+Net)     10667.582

Max Fanout                         14 (n_76)
Min Fanout                         1 (C[0])
Average Fanout                     1.6
Terms to net ratio                 2.5407
Terms to instance ratio            2.7203
Runtime                            31.758935 seconds
Elapsed Runtime                    33 seconds
Genus peak memory usage            1904.74 
Innovus peak memory usage          no_value 
Hostname                           cadmicro-inf-el8-623207
