============================================================
  Generated by:           Genus(TM) Synthesis Solution 23.12-s086_1
  Generated on:           Apr 07 2025  02:34:37 pm
  Module:                 ripple_carry_adder_8bits
  Operating conditions:   tt_025C_1v80 
  Interconnect mode:      global
  Area mode:              physical library
============================================================

Timing
-------
  Cost    Critical           Violating 
 Group   Path Slack   TNS      Paths   
---------------------------------------
default       -29.0   -33.0          2 
---------------------------------------
Total                 -33.0          2 

Instance Count
--------------
Leaf Instance Count             84 
Physical Instance count          0 
Sequential Instance Count        0 
Combinational Instance Count    84 
Hierarchical Instance Count      8 

Area
----
Cell Area                          705.677
Physical Cell Area                 0.000
Total Cell Area (Cell+Physical)    705.677
Net Area                           418.822
Total Area (Cell+Physical+Net)     1124.499

Max Fanout                         3 (carry[5])
Min Fanout                         1 (Cout)
Average Fanout                     1.5
Terms to net ratio                 2.2079
Terms to instance ratio            2.6548
Runtime                            19.943489 seconds
Elapsed Runtime                    21 seconds
Genus peak memory usage            1897.67 
Innovus peak memory usage          no_value 
Hostname                           cadmicro-inf-el8-623207
