============================================================
  Generated by:           Genus(TM) Synthesis Solution 23.12-s086_1
  Generated on:           Apr 07 2025  04:33:22 pm
  Module:                 signal_32bits
  Operating conditions:   tt_025C_1v80 
  Interconnect mode:      global
  Area mode:              physical library
============================================================


Path 1: MET (-0 ps) Path Delay Check
     Startpoint: (R) B[13]
       Endpoint: (R) S[17]

                   Capture    Launch  
      Path Delay:+    1180         -  
      Drv Adjust:+       0         0  
         Arrival:=    1180            
                                      
   Required Time:=    1180            
       Data Path:-    1180            
           Slack:=      -0            

Exceptions/Constraints:
  max_delay             1180            constraints.sdc_line_1 

#--------------------------------------------------------------------------------------------------------
# Timing Point   Flags   Arc   Edge            Cell             Fanout Load Trans Delay Arrival Instance 
#                                                                      (fF)  (ps)  (ps)   (ps)  Location 
#--------------------------------------------------------------------------------------------------------
  B[13]          -       -     R     (arrival)                       2 47.8  1000     0       0    (-,-) 
  fopt3883/Y     -       A->Y  F     sky130_fd_sc_hd__clkinv_16      1  9.7   115    62      62    (-,-) 
  g4316/Y        -       B->Y  R     sky130_fd_sc_hd__nand2_4        4 16.4    73   115     176    (-,-) 
  g4814/Y        -       B->Y  F     sky130_fd_sc_hd__nand2_2        1  5.6    38    58     234    (-,-) 
  g4865/Y        -       A->Y  R     sky130_fd_sc_hd__inv_2          3 11.1    58    64     298    (-,-) 
  g4868/Y        -       A->Y  F     sky130_fd_sc_hd__nand3_2        1  5.6    59    63     361    (-,-) 
  g4867/Y        -       A->Y  R     sky130_fd_sc_hd__inv_2          1  5.7    36    56     417    (-,-) 
  g23/Y          -       A->Y  F     sky130_fd_sc_hd__nand3_2        1  5.6    62    57     474    (-,-) 
  g3930/Y        -       A->Y  R     sky130_fd_sc_hd__inv_2          1 10.1    55    71     545    (-,-) 
  g3928/Y        -       A->Y  F     sky130_fd_sc_hd__nand2_4        1  9.6    34    48     592    (-,-) 
  g4521/Y        -       A->Y  R     sky130_fd_sc_hd__nand2_4        2 15.9    68    67     660    (-,-) 
  g5088/Y        -       A->Y  F     sky130_fd_sc_hd__inv_2          1  9.7    32    46     706    (-,-) 
  g5096/Y        -       B->Y  R     sky130_fd_sc_hd__nand2_4        8 29.1   104   101     807    (-,-) 
  g5095/Y        -       A->Y  F     sky130_fd_sc_hd__nand2_1        2  6.4    63    82     889    (-,-) 
  g4750/Y        -       A->Y  R     sky130_fd_sc_hd__nand2_1        1  5.9    72    81     970    (-,-) 
  g17/Y          -       A->Y  F     sky130_fd_sc_hd__nand2_2        1  9.6    52    65    1035    (-,-) 
  g4547/Y        -       A->Y  R     sky130_fd_sc_hd__nand2_4        1 51.3   165   145    1180    (-,-) 
  S[17]          <<<     -     R     (port)                          -    -     -     0    1180    (-,-) 
#--------------------------------------------------------------------------------------------------------

