###############################################################
#  Generated by:      Cadence Innovus 23.32-s091_1
#  OS:                Linux x86_64(Host ID cadmicro-inf-el8-623207)
#  Generated on:      Mon Apr  7 14:28:27 2025
#  Design:            ripple_carry_adder_16bits
#  Command:           report_timing > reports/report_timing.rpt
###############################################################
Path 1: VIOLATED Path Delay Check
Endpoint:   S[15] (^)
Beginpoint: B[3]  (v) triggered by  leading edge of '@'
Path Groups: {default}
Analysis View: default_emulate_view
- External Delay                0.000
+ Path Delay                    2.180
= Required Time                 2.180
- Arrival Time                  2.241
= Slack Time                   -0.061
     Clock Rise Edge                      0.000
     + Input Delay                        0.000
     = Beginpoint Arrival Time            0.000
     +---------------------------------------------------------------------------------------------------------+ 
     |             Instance              |    Arc     |           Cell            | Delay | Arrival | Required | 
     |                                   |            |                           |       |  Time   |   Time   | 
     |-----------------------------------+------------+---------------------------+-------+---------+----------| 
     |                                   | B[3] v     |                           |       |   0.000 |   -0.061 | 
     | full_adder_loop[3].FA/g2__6161    | B v -> X v | sky130_fd_sc_hd__or2_0    | 0.568 |   0.568 |    0.507 | 
     | full_adder_loop[3].FA/g124__5115  | B v -> Y ^ | sky130_fd_sc_hd__nand2_4  | 0.101 |   0.670 |    0.608 | 
     | full_adder_loop[3].FA/g122__6131  | A ^ -> Y v | sky130_fd_sc_hd__nand2_4  | 0.056 |   0.725 |    0.664 | 
     | full_adder_loop[4].FA/g124__2883  | A v -> Y ^ | sky130_fd_sc_hd__nand2_4  | 0.068 |   0.793 |    0.732 | 
     | full_adder_loop[4].FA/g122__9315  | A ^ -> Y v | sky130_fd_sc_hd__nand2_4  | 0.051 |   0.844 |    0.783 | 
     | full_adder_loop[5].FA/g124__2398  | A v -> Y ^ | sky130_fd_sc_hd__nand2_4  | 0.062 |   0.906 |    0.845 | 
     | full_adder_loop[5].FA/g122__6417  | A ^ -> Y v | sky130_fd_sc_hd__nand2_4  | 0.050 |   0.956 |    0.895 | 
     | full_adder_loop[6].FA/g124__6783  | A v -> Y ^ | sky130_fd_sc_hd__nand2_4  | 0.062 |   1.018 |    0.957 | 
     | full_adder_loop[6].FA/g122__8428  | A ^ -> Y v | sky130_fd_sc_hd__nand2_4  | 0.052 |   1.070 |    1.009 | 
     | full_adder_loop[7].FA/g124__5122  | A v -> Y ^ | sky130_fd_sc_hd__nand2_4  | 0.063 |   1.134 |    1.072 | 
     | full_adder_loop[7].FA/g122__1705  | A ^ -> Y v | sky130_fd_sc_hd__nand2_4  | 0.051 |   1.185 |    1.123 | 
     | full_adder_loop[8].FA/g124__5115  | A v -> Y ^ | sky130_fd_sc_hd__nand2_4  | 0.063 |   1.248 |    1.187 | 
     | full_adder_loop[8].FA/g122__1881  | A ^ -> Y v | sky130_fd_sc_hd__nand2_4  | 0.050 |   1.298 |    1.237 | 
     | full_adder_loop[9].FA/g124__2883  | A v -> Y ^ | sky130_fd_sc_hd__nand2_4  | 0.062 |   1.361 |    1.299 | 
     | full_adder_loop[9].FA/g122__9315  | A ^ -> Y v | sky130_fd_sc_hd__nand2_4  | 0.051 |   1.412 |    1.350 | 
     | full_adder_loop[10].FA/g124__5477 | A v -> Y ^ | sky130_fd_sc_hd__nand2_4  | 0.062 |   1.474 |    1.413 | 
     | full_adder_loop[10].FA/g122__7410 | A ^ -> Y v | sky130_fd_sc_hd__nand2_4  | 0.051 |   1.525 |    1.463 | 
     | full_adder_loop[11].FA/g124__8428 | A v -> Y ^ | sky130_fd_sc_hd__nand2_4  | 0.063 |   1.587 |    1.526 | 
     | full_adder_loop[11].FA/g122__6260 | A ^ -> Y v | sky130_fd_sc_hd__nand2_4  | 0.051 |   1.638 |    1.577 | 
     | full_adder_loop[12].FA/g124__2802 | A v -> Y ^ | sky130_fd_sc_hd__nand2_4  | 0.065 |   1.703 |    1.642 | 
     | full_adder_loop[12].FA/g122__3680 | A ^ -> Y v | sky130_fd_sc_hd__nand2_4  | 0.058 |   1.762 |    1.700 | 
     | full_adder_loop[13].FA/g124__1881 | A v -> Y ^ | sky130_fd_sc_hd__nand2_4  | 0.067 |   1.829 |    1.768 | 
     | full_adder_loop[13].FA/g122__7098 | A ^ -> Y v | sky130_fd_sc_hd__nand2_4  | 0.061 |   1.890 |    1.829 | 
     | full_adder_loop[14].FA/g125__9945 | A v -> Y ^ | sky130_fd_sc_hd__nand2_4  | 0.068 |   1.958 |    1.896 | 
     | full_adder_loop[14].FA/g123__6161 | A ^ -> Y v | sky130_fd_sc_hd__nand2_4  | 0.059 |   2.016 |    1.955 | 
     | full_adder_loop[15].FA/g11        | A v -> Y ^ | sky130_fd_sc_hd__clkinv_2 | 0.064 |   2.080 |    2.019 | 
     | full_adder_loop[15].FA/g9         | A ^ -> Y v | sky130_fd_sc_hd__nand2_4  | 0.056 |   2.136 |    2.075 | 
     | full_adder_loop[15].FA/g27        | A v -> Y ^ | sky130_fd_sc_hd__nand2_8  | 0.104 |   2.240 |    2.179 | 
     |                                   | S[15] ^    |                           | 0.001 |   2.241 |    2.180 | 
     +---------------------------------------------------------------------------------------------------------+ 

