============================================================
  Generated by:           Genus(TM) Synthesis Solution 23.12-s086_1
  Generated on:           Apr 09 2025  12:43:41 pm
  Module:                 carry_select_adder
  Operating conditions:   tt_025C_1v80 
  Interconnect mode:      global
  Area mode:              physical library
============================================================


Path 1: MET (1 ps) Path Delay Check
     Startpoint: (F) B[18]
       Endpoint: (F) S[31]

                   Capture    Launch  
      Path Delay:+    4350         -  
      Drv Adjust:+       0         0  
         Arrival:=    4350            
                                      
   Required Time:=    4350            
       Data Path:-    4349            
           Slack:=       1            

Exceptions/Constraints:
  max_delay             4350            constraints.sdc_line_1 

#--------------------------------------------------------------------------------------------------------------------------------------------------------
#                       Timing Point                         Flags     Arc     Edge            Cell             Fanout Load Trans Delay Arrival Instance 
#                                                                                                                      (fF)  (ps)  (ps)   (ps)  Location 
#--------------------------------------------------------------------------------------------------------------------------------------------------------
  B[18]                                                      -       -         F     (arrival)                       1  6.1  1000     0       0    (-,-) 
  g288/Y                                                     -       A->Y      R     sky130_fd_sc_hd__clkinv_2       1  5.9   161   204     204    (-,-) 
  g287/Y                                                     -       A->Y      F     sky130_fd_sc_hd__inv_2          2  7.7    45    58     263    (-,-) 
  CSA_BLOCKS[3].RCA_C1/F1A/g42/Y                             -       A->Y      R     sky130_fd_sc_hd__clkinv_1       2  9.0    57    66     328    (-,-) 
  CSA_BLOCKS[3].RCA_C1/F1A/g40__7482/Y                       -       B->Y      F     sky130_fd_sc_hd__nand2_1        2  8.4    68    81     409    (-,-) 
  CSA_BLOCKS[3].RCA_C1/full_adder_loop[1].FA/g62__9945/Y     -       A->Y      R     sky130_fd_sc_hd__nand2_1        1  3.7    52    69     479    (-,-) 
  CSA_BLOCKS[3].RCA_C1/full_adder_loop[1].FA/g60__6161/Y     -       A->Y      F     sky130_fd_sc_hd__nand2_1        2  8.4    68    76     554    (-,-) 
  CSA_BLOCKS[3].RCA_C1/full_adder_loop[2].FA/g62__5477/Y     -       A->Y      R     sky130_fd_sc_hd__nand2_1        1  3.7    55    69     624    (-,-) 
  CSA_BLOCKS[3].RCA_C1/full_adder_loop[2].FA/g60__7410/Y     -       A->Y      F     sky130_fd_sc_hd__nand2_1        1  5.6    67    62     686    (-,-) 
  CSA_BLOCKS[3].RCA_C1/full_adder_loop[3].FA/g61/Y           -       A->Y      R     sky130_fd_sc_hd__inv_2          2  9.1    52    70     756    (-,-) 
  CSA_BLOCKS[3].RCA_C1/full_adder_loop[3].FA/g57__4319/Y     -       B2->Y     F     sky130_fd_sc_hd__o2bb2ai_1      2  8.4    98    85     841    (-,-) 
  CSA_BLOCKS[3].RCA_C1/full_adder_loop[4].FA/g59__2802/Y     -       A->Y      R     sky130_fd_sc_hd__nand2_1        1  3.7    55    82     923    (-,-) 
  CSA_BLOCKS[3].RCA_C1/full_adder_loop[4].FA/g57__3680/Y     -       A->Y      F     sky130_fd_sc_hd__nand2_1        2  8.4    83    77    1000    (-,-) 
  CSA_BLOCKS[3].RCA_C1/full_adder_loop[5].FA/g2/X            -       A1->X     F     sky130_fd_sc_hd__a21o_1         2  8.4    58   192    1192    (-,-) 
  CSA_BLOCKS[3].RCA_C1/full_adder_loop[6].FA/g2/X            -       A1->X     F     sky130_fd_sc_hd__a21o_1         2  7.7    55   178    1370    (-,-) 
  CSA_BLOCKS[3].RCA_C1/full_adder_loop[7].FA/g59__7410/Y     -       B1->Y     R     sky130_fd_sc_hd__o21ai_0        1  3.8   299    82    1452    (-,-) 
  CSA_BLOCKS[3].RCA_C1/full_adder_loop[7].FA/g57__2346/Y     -       B->Y      F     sky130_fd_sc_hd__nand2b_1       1  5.8    86   119    1571    (-,-) 
  CSA_BLOCKS[3].RCA_C1/full_adder_loop[8].FA/g57__5477/COUT  -       CIN->COUT F     sky130_fd_sc_hd__fa_1           1  5.8    96   392    1964    (-,-) 
  CSA_BLOCKS[3].RCA_C1/full_adder_loop[9].FA/g57__2398/COUT  -       CIN->COUT F     sky130_fd_sc_hd__fa_1           1  5.8    96   396    2360    (-,-) 
  CSA_BLOCKS[3].RCA_C1/full_adder_loop[10].FA/g57__5107/COUT -       CIN->COUT F     sky130_fd_sc_hd__fa_1           1  5.8    96   396    2756    (-,-) 
  CSA_BLOCKS[3].RCA_C1/full_adder_loop[11].FA/g57__6260/COUT -       CIN->COUT F     sky130_fd_sc_hd__fa_1           1  6.3    99   400    3156    (-,-) 
  CSA_BLOCKS[3].RCA_C1/full_adder_loop[12].FA/g57__4319/COUT -       CIN->COUT F     sky130_fd_sc_hd__fa_2           1  5.8    81   355    3511    (-,-) 
  CSA_BLOCKS[3].RCA_C1/full_adder_loop[13].FA/g57__8428/SUM  -       CIN->SUM  F     sky130_fd_sc_hd__fa_1           1  3.1    83   436    3947    (-,-) 
  g569__1881/X                                               -       A0->X     F     sky130_fd_sc_hd__mux2_2         1 51.3   158   401    4349    (-,-) 
  S[31]                                                      <<<     -         F     (port)                          -    -     -     0    4349    (-,-) 
#--------------------------------------------------------------------------------------------------------------------------------------------------------

