============================================================
  Generated by:           Genus(TM) Synthesis Solution 23.12-s086_1
  Generated on:           Apr 07 2025  07:08:24 pm
  Module:                 carry_select_adder_461012_32bits
  Operating conditions:   tt_025C_1v80 
  Interconnect mode:      global
  Area mode:              physical library
============================================================

            Instance                        Module             Cell-Count  Cell-Area  Net-Area   Total-Area 
------------------------------------------------------------------------------------------------------------
carry_select_adder_461012_32bits NA                                   424   2896.528  2282.684     5179.212 
  CSA_BLOCKS[1].RCA_C0           ripple_carry_adder_WIDTH6             28    193.936    99.637      293.573 
    F1A                          full_adder_4                           4     20.019    10.094       30.113 
    full_adder_loop[1].FA        full_adder_227                         5     30.029    10.181       40.210 
    full_adder_loop[2].FA        full_adder_226                         7     41.290    23.582       64.872 
    full_adder_loop[3].FA        full_adder_225                         4     35.034    10.181       45.215 
    full_adder_loop[4].FA        full_adder_224                         4     35.034    10.181       45.215 
    full_adder_loop[5].FA        full_adder_223                         4     32.531    10.181       42.712 
  CSA_BLOCKS[1].RCA_C1           ripple_carry_adder_WIDTH6_1           28    192.685    93.023      285.708 
    F1A                          full_adder_48_233                      4     20.019    10.094       30.113 
    full_adder_loop[1].FA        full_adder_202                         6     35.034    13.575       48.609 
    full_adder_loop[2].FA        full_adder_201                         6     35.034    13.575       48.609 
    full_adder_loop[3].FA        full_adder_200                         4     35.034    10.181       45.215 
    full_adder_loop[4].FA        full_adder_199                         4     35.034    10.181       45.215 
    full_adder_loop[5].FA        full_adder_198                         4     32.531    10.181       42.712 
  CSA_BLOCKS[2].RCA_C0           ripple_carry_adder_WIDTH10            58    370.355   184.480      554.836 
    F1A                          full_adder_4_232                       4     20.019    10.094       30.113 
    full_adder_loop[1].FA        full_adder_222                         8     40.038    20.362       60.401 
    full_adder_loop[2].FA        full_adder_221                         6     37.536    13.575       51.111 
    full_adder_loop[3].FA        full_adder_220                         6     37.536    13.575       51.111 
    full_adder_loop[4].FA        full_adder_219                         6     37.536    13.575       51.111 
    full_adder_loop[5].FA        full_adder_218                         6     37.536    13.575       51.111 
    full_adder_loop[6].FA        full_adder_217                         6     37.536    13.575       51.111 
    full_adder_loop[7].FA        full_adder_216                         6     37.536    13.575       51.111 
    full_adder_loop[8].FA        full_adder_215                         5     42.541    13.575       56.116 
    full_adder_loop[9].FA        full_adder_214                         5     42.541    13.575       56.116 
  CSA_BLOCKS[2].RCA_C1           ripple_carry_adder_WIDTH10_1          61    372.858   197.881      570.739 
    F1A                          full_adder_48_234                      4     20.019    10.094       30.113 
    full_adder_loop[1].FA        full_adder_197                        10     47.546    33.763       81.309 
    full_adder_loop[2].FA        full_adder_196                         6     40.038    13.575       53.613 
    full_adder_loop[3].FA        full_adder_195                         6     35.034    13.575       48.609 
    full_adder_loop[4].FA        full_adder_194                         6     37.536    13.575       51.111 
    full_adder_loop[5].FA        full_adder_193                         6     37.536    13.575       51.111 
    full_adder_loop[6].FA        full_adder_192                         6     37.536    13.575       51.111 
    full_adder_loop[7].FA        full_adder_191                         6     37.536    13.575       51.111 
    full_adder_loop[8].FA        full_adder_190                         6     37.536    13.575       51.111 
    full_adder_loop[9].FA        full_adder_189                         5     42.541    13.575       56.116 
  CSA_BLOCKS[3].RCA_C0           ripple_carry_adder_WIDTH12            71    444.176   228.425      672.601 
    F1A                          full_adder_4_231                       4     20.019    10.094       30.113 
    full_adder_loop[10].FA       full_adder_204                         4     38.787    10.181       48.968 
    full_adder_loop[11].FA       full_adder_203                         4     32.531    10.181       42.712 
    full_adder_loop[1].FA        full_adder_213                         8     46.294    23.669       69.964 
    full_adder_loop[2].FA        full_adder_212                         9     43.792    23.756       67.548 
    full_adder_loop[3].FA        full_adder_211                         6     37.536    13.575       51.111 
    full_adder_loop[4].FA        full_adder_210                         6     37.536    13.575       51.111 
    full_adder_loop[5].FA        full_adder_209                         6     37.536    13.575       51.111 
    full_adder_loop[6].FA        full_adder_208                         6     37.536    13.575       51.111 
    full_adder_loop[7].FA        full_adder_207                         6     37.536    13.575       51.111 
    full_adder_loop[8].FA        full_adder_206                         6     37.536    13.575       51.111 
    full_adder_loop[9].FA        full_adder_205                         6     37.536    13.575       51.111 
  CSA_BLOCKS[3].RCA_C1           ripple_carry_adder_WIDTH12_1          67    450.432   221.551      671.983 
    F1A                          full_adder_48                          4     20.019    10.094       30.113 
    full_adder_loop[10].FA       full_adder_179                         5     42.541    13.575       56.116 
    full_adder_loop[11].FA       full_adder_178                         4     32.531    10.181       42.712 
    full_adder_loop[1].FA        full_adder_188                         7     45.043    23.582       68.625 
    full_adder_loop[2].FA        full_adder_187                         6     40.038    13.575       53.613 
    full_adder_loop[3].FA        full_adder_186                         6     37.536    13.575       51.111 
    full_adder_loop[4].FA        full_adder_185                         6     37.536    13.575       51.111 
    full_adder_loop[5].FA        full_adder_184                         6     37.536    13.575       51.111 
    full_adder_loop[6].FA        full_adder_183                         6     37.536    13.575       51.111 
    full_adder_loop[7].FA        full_adder_182                         6     37.536    13.575       51.111 
    full_adder_loop[8].FA        full_adder_181                         6     40.038    13.575       53.613 
    full_adder_loop[9].FA        full_adder_180                         5     42.541    13.575       56.116 
  RCA_LSB                        ripple_carry_adder_WIDTH4             15    151.395    47.425      198.821 
    F1A                          full_adder                             5     36.285    11.835       48.119 
    full_adder_loop[1].FA        full_adder_230                         4     32.531    10.181       42.712 
    full_adder_loop[2].FA        full_adder_229                         1     33.782     0.000       33.782 
    full_adder_loop[3].FA        full_adder_228                         5     48.797    13.575       62.372 
