============================================================
  Generated by:           Genus(TM) Synthesis Solution 23.12-s086_1
  Generated on:           Apr 07 2025  07:08:24 pm
  Module:                 carry_select_adder_461012_32bits
  Operating conditions:   tt_025C_1v80 
  Interconnect mode:      global
  Area mode:              physical library
============================================================

Timing
-------
  Cost    Critical         Violating 
 Group   Path Slack  TNS     Paths   
-------------------------------------
default         0.5   0.0          0 
-------------------------------------
Total                 0.0          0 

Instance Count
--------------
Leaf Instance Count             424 
Physical Instance count           0 
Sequential Instance Count         0 
Combinational Instance Count    424 
Hierarchical Instance Count      67 

Area
----
Cell Area                          2896.528
Physical Cell Area                 0.000
Total Cell Area (Cell+Physical)    2896.528
Net Area                           2282.684
Total Area (Cell+Physical+Net)     5179.212

Max Fanout                         13 (n_2)
Min Fanout                         1 (C0[1])
Average Fanout                     1.7
Terms to net ratio                 2.4822
Terms to instance ratio            2.9623
Runtime                            15.568361000000001 seconds
Elapsed Runtime                    18 seconds
Genus peak memory usage            1892.44 
Innovus peak memory usage          no_value 
Hostname                           cadmicro-inf-el8-623207
