###############################################################
#  Generated by:      Cadence Innovus 23.32-s091_1
#  OS:                Linux x86_64(Host ID cadmicro-inf-el8-623207)
#  Generated on:      Mon Mar 31 17:40:14 2025
#  Design:            signal_32bits
#  Command:           report_timing > reports/report_timing.rpt
###############################################################
Path 1: MET Path Delay Check
Endpoint:   S[31] (^)
Beginpoint: A[0]  (v) triggered by  leading edge of '@'
Path Groups: {default}
Analysis View: default_emulate_view
- External Delay                0.000
+ Path Delay                  200.000
= Required Time               200.000
- Arrival Time                 13.611
= Slack Time                  186.389
     Clock Rise Edge                      0.000
     + Input Delay                        0.000
     = Beginpoint Arrival Time            0.000
     +----------------------------------------------------------------------------------------------------+ 
     |          Instance           |       Arc       |         Cell          | Delay | Arrival | Required | 
     |                             |                 |                       |       |  Time   |   Time   | 
     |-----------------------------+-----------------+-----------------------+-------+---------+----------| 
     |                             | A[0] v          |                       |       |  -0.000 |  186.389 | 
     | addinc_add_7_30_g2310__4319 | B v -> COUT v   | sky130_fd_sc_hd__fa_1 | 0.801 |   0.801 |  187.190 | 
     | addinc_add_7_30_g2309__6260 | CIN v -> COUT v | sky130_fd_sc_hd__fa_1 | 0.392 |   1.192 |  187.582 | 
     | addinc_add_7_30_g2308__5107 | CIN v -> COUT v | sky130_fd_sc_hd__fa_1 | 0.399 |   1.592 |  187.981 | 
     | addinc_add_7_30_g2307__2398 | CIN v -> COUT v | sky130_fd_sc_hd__fa_1 | 0.401 |   1.993 |  188.382 | 
     | addinc_add_7_30_g2306__5477 | CIN v -> COUT v | sky130_fd_sc_hd__fa_1 | 0.398 |   2.391 |  188.780 | 
     | addinc_add_7_30_g2305__6417 | CIN v -> COUT v | sky130_fd_sc_hd__fa_1 | 0.410 |   2.801 |  189.190 | 
     | addinc_add_7_30_g2304__7410 | CIN v -> COUT v | sky130_fd_sc_hd__fa_1 | 0.399 |   3.200 |  189.589 | 
     | addinc_add_7_30_g2303__1666 | CIN v -> COUT v | sky130_fd_sc_hd__fa_1 | 0.403 |   3.603 |  189.992 | 
     | addinc_add_7_30_g2302__2346 | CIN v -> COUT v | sky130_fd_sc_hd__fa_1 | 0.401 |   4.004 |  190.393 | 
     | addinc_add_7_30_g2301__2883 | CIN v -> COUT v | sky130_fd_sc_hd__fa_1 | 0.397 |   4.401 |  190.790 | 
     | addinc_add_7_30_g2300__9945 | CIN v -> COUT v | sky130_fd_sc_hd__fa_1 | 0.397 |   4.798 |  191.187 | 
     | addinc_add_7_30_g2299__9315 | CIN v -> COUT v | sky130_fd_sc_hd__fa_1 | 0.398 |   5.196 |  191.585 | 
     | addinc_add_7_30_g2298__6161 | CIN v -> COUT v | sky130_fd_sc_hd__fa_1 | 0.398 |   5.594 |  191.983 | 
     | addinc_add_7_30_g2297__4733 | CIN v -> COUT v | sky130_fd_sc_hd__fa_1 | 0.391 |   5.984 |  192.373 | 
     | addinc_add_7_30_g2296__7482 | CIN v -> COUT v | sky130_fd_sc_hd__fa_1 | 0.396 |   6.381 |  192.770 | 
     | addinc_add_7_30_g2295__5115 | CIN v -> COUT v | sky130_fd_sc_hd__fa_1 | 0.400 |   6.780 |  193.170 | 
     | addinc_add_7_30_g2294__1881 | CIN v -> COUT v | sky130_fd_sc_hd__fa_1 | 0.392 |   7.173 |  193.562 | 
     | addinc_add_7_30_g2293__6131 | CIN v -> COUT v | sky130_fd_sc_hd__fa_1 | 0.398 |   7.570 |  193.960 | 
     | addinc_add_7_30_g2292__7098 | CIN v -> COUT v | sky130_fd_sc_hd__fa_1 | 0.398 |   7.969 |  194.358 | 
     | addinc_add_7_30_g2291__8246 | CIN v -> COUT v | sky130_fd_sc_hd__fa_1 | 0.391 |   8.359 |  194.748 | 
     | addinc_add_7_30_g2290__5122 | CIN v -> COUT v | sky130_fd_sc_hd__fa_1 | 0.397 |   8.756 |  195.145 | 
     | addinc_add_7_30_g2289__1705 | CIN v -> COUT v | sky130_fd_sc_hd__fa_1 | 0.400 |   9.156 |  195.545 | 
     | addinc_add_7_30_g2288__2802 | CIN v -> COUT v | sky130_fd_sc_hd__fa_1 | 0.401 |   9.557 |  195.946 | 
     | addinc_add_7_30_g2287__1617 | CIN v -> COUT v | sky130_fd_sc_hd__fa_1 | 0.401 |   9.958 |  196.347 | 
     | addinc_add_7_30_g2286__3680 | CIN v -> COUT v | sky130_fd_sc_hd__fa_1 | 0.413 |  10.371 |  196.760 | 
     | addinc_add_7_30_g2285__6783 | CIN v -> COUT v | sky130_fd_sc_hd__fa_1 | 0.404 |  10.775 |  197.164 | 
     | addinc_add_7_30_g2284__5526 | CIN v -> COUT v | sky130_fd_sc_hd__fa_1 | 0.398 |  11.173 |  197.563 | 
     | addinc_add_7_30_g2283__8428 | CIN v -> COUT v | sky130_fd_sc_hd__fa_1 | 0.401 |  11.574 |  197.964 | 
     | addinc_add_7_30_g2282__4319 | CIN v -> COUT v | sky130_fd_sc_hd__fa_1 | 0.405 |  11.979 |  198.368 | 
     | addinc_add_7_30_g2281__6260 | CIN v -> COUT v | sky130_fd_sc_hd__fa_1 | 0.393 |  12.372 |  198.761 | 
     | addinc_add_7_30_g2280__5107 | CIN v -> COUT v | sky130_fd_sc_hd__fa_1 | 0.399 |  12.772 |  199.161 | 
     | addinc_add_7_30_g2279__2398 | CIN v -> SUM ^  | sky130_fd_sc_hd__fa_1 | 0.838 |  13.610 |  199.999 | 
     |                             | S[31] ^         |                       | 0.001 |  13.611 |  200.000 | 
     +----------------------------------------------------------------------------------------------------+ 

