============================================================
  Generated by:           Genus(TM) Synthesis Solution 23.12-s086_1
  Generated on:           Apr 07 2025  02:20:33 pm
  Module:                 ripple_carry_adder_16bits
  Operating conditions:   tt_025C_1v80 
  Interconnect mode:      global
  Area mode:              physical library
============================================================

Timing
-------
  Cost    Critical         Violating 
 Group   Path Slack  TNS     Paths   
-------------------------------------
default         4.2   0.0          0 
-------------------------------------
Total                 0.0          0 

Instance Count
--------------
Leaf Instance Count             73 
Physical Instance count          0 
Sequential Instance Count        0 
Combinational Instance Count    73 
Hierarchical Instance Count     16 

Area
----
Cell Area                          515.494
Physical Cell Area                 0.000
Total Cell Area (Cell+Physical)    515.494
Net Area                           454.588
Total Area (Cell+Physical+Net)     970.082

Max Fanout                         3 (B[5])
Min Fanout                         1 (carry[9])
Average Fanout                     1.4
Terms to net ratio                 1.9469
Terms to instance ratio            3.0137
Runtime                            11.910104 seconds
Elapsed Runtime                    12 seconds
Genus peak memory usage            1888.53 
Innovus peak memory usage          no_value 
Hostname                           cadmicro-inf-el8-623207
