============================================================
  Generated by:           Genus(TM) Synthesis Solution 23.12-s086_1
  Generated on:           Apr 07 2025  02:20:33 pm
  Module:                 ripple_carry_adder_16bits
  Operating conditions:   tt_025C_1v80 
  Interconnect mode:      global
  Area mode:              physical library
============================================================


Path 1: MET (4 ps) Path Delay Check
     Startpoint: (F) B[1]
       Endpoint: (R) S[15]

                   Capture    Launch  
      Path Delay:+    4500         -  
      Drv Adjust:+       0         0  
         Arrival:=    4500            
                                      
   Required Time:=    4500            
       Data Path:-    4496            
           Slack:=       4            

Exceptions/Constraints:
  max_delay             4500            constraints.sdc_line_1 

#----------------------------------------------------------------------------------------------------------------------------------
#             Timing Point              Flags     Arc     Edge           Cell             Fanout Load Trans Delay Arrival Instance 
#                                                                                                (fF)  (ps)  (ps)   (ps)  Location 
#----------------------------------------------------------------------------------------------------------------------------------
  B[1]                                  -       -         F     (arrival)                      1  6.1  1000     0       0    (-,-) 
  g25/Y                                 -       A->Y      R     sky130_fd_sc_hd__clkinv_2      1  5.9   161   204     204    (-,-) 
  g24/Y                                 -       A->Y      F     sky130_fd_sc_hd__inv_2         3 13.3    58    76     281    (-,-) 
  full_adder_loop[1].FA/g106/Y          -       A->Y      R     sky130_fd_sc_hd__inv_2         1  3.7    29    48     329    (-,-) 
  full_adder_loop[1].FA/g99__6783/Y     -       B->Y      F     sky130_fd_sc_hd__nand2_1       1  5.6    49    57     387    (-,-) 
  full_adder_loop[1].FA/g97__8428/Y     -       A->Y      R     sky130_fd_sc_hd__nand2_2       1  5.9    51    60     447    (-,-) 
  full_adder_loop[1].FA/g95__6260/Y     -       A->Y      F     sky130_fd_sc_hd__nand2_2       2 10.4    53    61     508    (-,-) 
  full_adder_loop[2].FA/g62__1705/Y     -       A->Y      R     sky130_fd_sc_hd__nand2_2       1  5.9    53    62     570    (-,-) 
  full_adder_loop[2].FA/g60__1617/Y     -       A->Y      F     sky130_fd_sc_hd__nand2_2       2  8.4    65    56     626    (-,-) 
  full_adder_loop[3].FA/g62__5115/Y     -       A->Y      R     sky130_fd_sc_hd__nand2_1       1  3.7    55    68     694    (-,-) 
  full_adder_loop[3].FA/g60__6131/Y     -       A->Y      F     sky130_fd_sc_hd__nand2_1       2  8.4    83    77     770    (-,-) 
  full_adder_loop[4].FA/g59__2883/Y     -       A->Y      R     sky130_fd_sc_hd__nand2_1       1  3.7    55    76     846    (-,-) 
  full_adder_loop[4].FA/g57__9315/Y     -       A->Y      F     sky130_fd_sc_hd__nand2_1       2  8.4    83    77     923    (-,-) 
  full_adder_loop[5].FA/g59__2398/Y     -       A->Y      R     sky130_fd_sc_hd__nand2_1       1  3.7    54    76     998    (-,-) 
  full_adder_loop[5].FA/g57__6417/Y     -       A->Y      F     sky130_fd_sc_hd__nand2_1       2  8.4    83    76    1075    (-,-) 
  full_adder_loop[6].FA/g59__6783/Y     -       A->Y      R     sky130_fd_sc_hd__nand2_1       1  3.7    55    76    1151    (-,-) 
  full_adder_loop[6].FA/g57__8428/Y     -       A->Y      F     sky130_fd_sc_hd__nand2_1       2  8.4    83    77    1227    (-,-) 
  full_adder_loop[7].FA/g59__8246/Y     -       A->Y      R     sky130_fd_sc_hd__nand2_1       1  3.7    55    76    1303    (-,-) 
  full_adder_loop[7].FA/g57__1705/Y     -       A->Y      F     sky130_fd_sc_hd__nand2_1       2  8.4    83    77    1380    (-,-) 
  full_adder_loop[8].FA/g59__4733/Y     -       A->Y      R     sky130_fd_sc_hd__nand2_1       1  3.8    56    76    1456    (-,-) 
  full_adder_loop[8].FA/g57__5115/Y     -       B->Y      F     sky130_fd_sc_hd__nand2b_1      2  8.1    77    82    1538    (-,-) 
  full_adder_loop[9].FA/g59__2346/Y     -       B1->Y     R     sky130_fd_sc_hd__o21ai_1       1  3.8   250    92    1630    (-,-) 
  full_adder_loop[9].FA/g57__9945/Y     -       B->Y      F     sky130_fd_sc_hd__nand2b_1      1  5.8    79   111    1741    (-,-) 
  full_adder_loop[10].FA/g57__7410/COUT -       CIN->COUT F     sky130_fd_sc_hd__fa_1          1  5.8    96   390    2131    (-,-) 
  full_adder_loop[11].FA/g57__6417/COUT -       CIN->COUT F     sky130_fd_sc_hd__fa_1          1  5.8    96   396    2528    (-,-) 
  full_adder_loop[12].FA/g57__5477/COUT -       CIN->COUT F     sky130_fd_sc_hd__fa_1          1  5.8    96   396    2924    (-,-) 
  full_adder_loop[13].FA/g57__2398/COUT -       CIN->COUT F     sky130_fd_sc_hd__fa_1          1  6.3    99   400    3324    (-,-) 
  full_adder_loop[14].FA/g57__5107/COUT -       CIN->COUT F     sky130_fd_sc_hd__fa_2          1  5.8    81   355    3679    (-,-) 
  full_adder_loop[15].FA/g57__6260/SUM  -       CIN->SUM  R     sky130_fd_sc_hd__fa_1          1 51.3   506   816    4495    (-,-) 
  S[15]                                 <<<     -         R     (port)                         -    -     -     0    4496    (-,-) 
#----------------------------------------------------------------------------------------------------------------------------------

