============================================================
  Generated by:           Genus(TM) Synthesis Solution 23.12-s086_1
  Generated on:           Apr 03 2025  02:58:03 pm
  Module:                 carry_select_adder_46688_32bits
  Operating conditions:   tt_025C_1v80 
  Interconnect mode:      global
  Area mode:              physical library
============================================================


Path 1: MET (194792 ps) Path Delay Check
     Startpoint: (F) B[4]
       Endpoint: (F) Cout

                   Capture    Launch  
      Path Delay:+  200000         -  
      Drv Adjust:+       0         0  
         Arrival:=  200000            
                                      
   Required Time:=  200000            
       Data Path:-    5208            
           Slack:=  194792            

Exceptions/Constraints:
  max_delay            200000           constraints.sdc_line_1 

#-----------------------------------------------------------------------------------------------------------------------------------------------------
#                       Timing Point                        Flags     Arc     Edge           Cell            Fanout Load Trans Delay Arrival Instance 
#                                                                                                                   (fF)  (ps)  (ps)   (ps)  Location 
#-----------------------------------------------------------------------------------------------------------------------------------------------------
  B[4]                                                      -       -         F     (arrival)                     3 11.3  1000     0       0    (-,-) 
  CSA_BLOCKS[1].RCA_C0/F1A/g28__2398/COUT                   -       A->COUT   F     sky130_fd_sc_hd__ha_1         1  7.9    86   601     601    (-,-) 
  CSA_BLOCKS[1].RCA_C0/full_adder_loop[1].FA/g65__5107/COUT -       A->COUT   F     sky130_fd_sc_hd__fa_1         1  5.8    96   445    1047    (-,-) 
  CSA_BLOCKS[1].RCA_C0/full_adder_loop[2].FA/g65__6260/COUT -       CIN->COUT F     sky130_fd_sc_hd__fa_1         1  5.8    96   396    1443    (-,-) 
  CSA_BLOCKS[1].RCA_C0/full_adder_loop[3].FA/g65__4319/COUT -       CIN->COUT F     sky130_fd_sc_hd__fa_1         1  5.8    96   396    1839    (-,-) 
  CSA_BLOCKS[1].RCA_C0/full_adder_loop[4].FA/g65__8428/COUT -       CIN->COUT F     sky130_fd_sc_hd__fa_1         1  5.8    96   396    2236    (-,-) 
  CSA_BLOCKS[1].RCA_C0/full_adder_loop[5].FA/g65__5526/COUT -       CIN->COUT F     sky130_fd_sc_hd__fa_1         1  3.4    83   377    2612    (-,-) 
  g616__3680/Y                                              -       A0->Y     R     sky130_fd_sc_hd__mux2i_1      7 30.1   665   521    3133    (-,-) 
  g609__2398/Y                                              -       S->Y      R     sky130_fd_sc_hd__mux2i_1      9 38.1   824   773    3906    (-,-) 
  g601__9315/Y                                              -       S->Y      R     sky130_fd_sc_hd__mux2i_1      9 36.7   796   759    4665    (-,-) 
  g595__6131/X                                              -       S->X      F     sky130_fd_sc_hd__mux2_2       1 51.3   158   543    5208    (-,-) 
  Cout                                                      -       -         F     (port)                        -    -     -     0    5208    (-,-) 
#-----------------------------------------------------------------------------------------------------------------------------------------------------

