============================================================
  Generated by:           Genus(TM) Synthesis Solution 23.12-s086_1
  Generated on:           Apr 03 2025  02:58:03 pm
  Module:                 carry_select_adder_46688_32bits
  Operating conditions:   tt_025C_1v80 
  Interconnect mode:      global
  Area mode:              physical library
============================================================

Timing
-------
  Cost    Critical         Violating 
 Group   Path Slack  TNS     Paths   
-------------------------------------
default    194791.7   0.0          0 
-------------------------------------
Total                 0.0          0 

Instance Count
--------------
Leaf Instance Count             96 
Physical Instance count          0 
Sequential Instance Count        0 
Combinational Instance Count    96 
Hierarchical Instance Count     69 

Area
----
Cell Area                          1507.696
Physical Cell Area                 0.000
Total Cell Area (Cell+Physical)    1507.696
Net Area                           888.552
Total Area (Cell+Physical+Net)     2396.248

Max Fanout                         9 (n_1)
Min Fanout                         1 (C0[1])
Average Fanout                     1.4
Terms to net ratio                 1.9724
Terms to instance ratio            4.4583
Runtime                            13.641153000000001 seconds
Elapsed Runtime                    13 seconds
Genus peak memory usage            1890.78 
Innovus peak memory usage          no_value 
Hostname                           cadmicro-inf-el8-623207
