============================================================
  Generated by:           Genus(TM) Synthesis Solution 23.12-s086_1
  Generated on:           Apr 07 2025  06:54:23 pm
  Module:                 carry_select_adder_68810_32bits
  Operating conditions:   tt_025C_1v80 
  Interconnect mode:      global
  Area mode:              physical library
============================================================

Timing
-------
  Cost    Critical             Violating 
 Group   Path Slack    TNS       Paths   
-----------------------------------------
default      -375.9   -7866.7         28 
-----------------------------------------
Total                 -7866.7         28 

Instance Count
--------------
Leaf Instance Count             692 
Physical Instance count           0 
Sequential Instance Count         0 
Combinational Instance Count    692 
Hierarchical Instance Count      65 

Area
----
Cell Area                          4693.251
Physical Cell Area                 0.000
Total Cell Area (Cell+Physical)    4693.251
Net Area                           3228.929
Total Area (Cell+Physical+Net)     7922.180

Max Fanout                         9 (n_512)
Min Fanout                         1 (C0[3])
Average Fanout                     1.5
Terms to net ratio                 2.3926
Terms to instance ratio            2.6243
Runtime                            32.514412 seconds
Elapsed Runtime                    35 seconds
Genus peak memory usage            1901.89 
Innovus peak memory usage          no_value 
Hostname                           cadmicro-inf-el8-623207
