============================================================
  Generated by:           Genus(TM) Synthesis Solution 23.12-s086_1
  Generated on:           Apr 07 2025  06:54:23 pm
  Module:                 carry_select_adder_68810_32bits
  Operating conditions:   tt_025C_1v80 
  Interconnect mode:      global
  Area mode:              physical library
============================================================

            Instance                         Module              Cell-Count  Cell-Area  Net-Area   Total-Area 
--------------------------------------------------------------------------------------------------------------
carry_select_adder_68810_32bits NA                                      692   4693.251  3228.929     7922.180 
  CSA_BLOCKS[1].RCA_C0          ripple_carry_adder_WIDTH8                69    521.750   238.345      760.096 
    F1A                         full_adder_32_225                         6     35.034    16.882       51.915 
    full_adder_loop[1].FA       full_adder_219                           11     70.067    37.157      107.224 
    full_adder_loop[2].FA       full_adder_218                           10     63.811    33.763       97.575 
    full_adder_loop[3].FA       full_adder_217                            9     58.806    23.756       82.563 
    full_adder_loop[4].FA       full_adder_216                            6     71.318    13.575       84.893 
    full_adder_loop[5].FA       full_adder_215                            9     72.570    27.063       99.633 
    full_adder_loop[6].FA       full_adder_214                            9     71.318    27.063       98.381 
    full_adder_loop[7].FA       full_adder_213                            9     78.826    23.756      102.582 
  CSA_BLOCKS[1].RCA_C1          ripple_carry_adder_WIDTH8_3_228          71    524.253   245.133      769.385 
    F1A                         full_adder_40_226                         6     43.792    16.882       60.674 
    full_adder_loop[1].FA       full_adder_203                           11     70.067    37.157      107.224 
    full_adder_loop[2].FA       full_adder_202                           11     68.816    37.157      105.973 
    full_adder_loop[3].FA       full_adder_201                            9     66.314    23.756       90.070 
    full_adder_loop[4].FA       full_adder_200                            7     61.309    16.969       78.278 
    full_adder_loop[5].FA       full_adder_199                            9     68.816    27.063       95.879 
    full_adder_loop[6].FA       full_adder_198                            9     68.816    27.063       95.879 
    full_adder_loop[7].FA       full_adder_197                            9     76.323    23.756      100.079 
  CSA_BLOCKS[2].RCA_C0          ripple_carry_adder_WIDTH8_227            70    509.238   248.352      757.591 
    F1A                         full_adder_32                             6     35.034    16.882       51.915 
    full_adder_loop[1].FA       full_adder_196                            9     71.318    30.370      101.688 
    full_adder_loop[2].FA       full_adder_195                           11     72.570    37.157      109.727 
    full_adder_loop[3].FA       full_adder_194                           10     70.067    30.457      100.524 
    full_adder_loop[4].FA       full_adder_193                            7     60.058    16.969       77.026 
    full_adder_loop[5].FA       full_adder_192                            9     66.314    27.063       93.377 
    full_adder_loop[6].FA       full_adder_191                            9     66.314    27.063       93.377 
    full_adder_loop[7].FA       full_adder_190                            9     67.565    27.063       94.628 
  CSA_BLOCKS[2].RCA_C1          ripple_carry_adder_WIDTH8_3              68    531.760   238.258      770.018 
    F1A                         full_adder_40                             4     25.024    10.094       35.118 
    full_adder_loop[1].FA       full_adder_189                           11     80.077    37.157      117.234 
    full_adder_loop[2].FA       full_adder_188                           11     77.574    37.157      114.732 
    full_adder_loop[3].FA       full_adder_187                           10     71.318    30.457      101.775 
    full_adder_loop[4].FA       full_adder_186                            7     65.062    16.969       82.031 
    full_adder_loop[5].FA       full_adder_185                            9     72.570    27.063       99.633 
    full_adder_loop[6].FA       full_adder_184                            9     72.570    27.063       99.633 
    full_adder_loop[7].FA       full_adder_183                            7     67.565    16.969       84.534 
  CSA_BLOCKS[3].RCA_C0          ripple_carry_adder_WIDTH10               72    491.722   251.746      743.468 
    F1A                         full_adder_14                             4     22.522    10.094       32.616 
    full_adder_loop[1].FA       full_adder_212                           11     56.304    37.157       93.461 
    full_adder_loop[2].FA       full_adder_211                           10     50.048    33.763       83.811 
    full_adder_loop[3].FA       full_adder_210                            8     52.550    20.362       72.913 
    full_adder_loop[4].FA       full_adder_209                            6     52.550    13.575       66.125 
    full_adder_loop[5].FA       full_adder_208                            8     60.058    23.669       83.727 
    full_adder_loop[6].FA       full_adder_207                            8     60.058    23.669       83.727 
    full_adder_loop[7].FA       full_adder_206                            6     52.550    13.575       66.125 
    full_adder_loop[8].FA       full_adder_205                            6     40.038    13.575       53.613 
    full_adder_loop[9].FA       full_adder_204                            5     45.043    15.228       60.272 
  CSA_BLOCKS[3].RCA_C1          ripple_carry_adder_WIDTH10_1             76    449.181   258.708      707.888 
    F1A                         full_adder_48                             4     22.522    10.094       32.616 
    full_adder_loop[1].FA       full_adder_182                           11     57.555    37.157       94.712 
    full_adder_loop[2].FA       full_adder_181                           11     56.304    37.157       93.461 
    full_adder_loop[3].FA       full_adder_180                            9     48.797    23.756       72.553 
    full_adder_loop[4].FA       full_adder_179                            7     41.290    16.969       58.258 
    full_adder_loop[5].FA       full_adder_178                            9     51.299    27.063       78.362 
    full_adder_loop[6].FA       full_adder_177                            7     41.290    16.969       58.258 
    full_adder_loop[7].FA       full_adder_176                            7     43.792    16.969       60.761 
    full_adder_loop[8].FA       full_adder_175                            7     43.792    16.969       60.761 
    full_adder_loop[9].FA       full_adder_174                            4     42.541    10.181       52.722 
  RCA_LSB                       ripple_carry_adder_WIDTH6                48    366.602   167.251      533.852 
    F1A                         full_adder                               10     63.811    33.763       97.575 
    full_adder_loop[1].FA       full_adder_224                           10     65.062    33.763       98.826 
    full_adder_loop[2].FA       full_adder_223                            7     56.304    16.969       73.273 
    full_adder_loop[3].FA       full_adder_222                            8     60.058    23.669       83.727 
    full_adder_loop[4].FA       full_adder_221                            8     61.309    23.669       84.978 
    full_adder_loop[5].FA       full_adder_220                            5     60.058    10.181       70.239 
