============================================================
  Generated by:           Genus(TM) Synthesis Solution 23.12-s086_1
  Generated on:           Apr 07 2025  06:54:22 pm
  Module:                 carry_select_adder_68810_32bits
  Operating conditions:   tt_025C_1v80 
  Interconnect mode:      global
  Area mode:              physical library
============================================================


Path 1: VIOLATED (-376 ps) Path Delay Check
     Startpoint: (F) A[15]
       Endpoint: (R) S[25]

                   Capture    Launch  
      Path Delay:+    1430         -  
      Drv Adjust:+       0         0  
         Arrival:=    1430            
                                      
   Required Time:=    1430            
       Data Path:-    1806            
           Slack:=    -376            

Exceptions/Constraints:
  max_delay             1430            constraints.sdc_line_1 

#------------------------------------------------------------------------------------------------------------------------------------------------
#                      Timing Point                       Flags   Arc   Edge           Cell             Fanout Load Trans Delay Arrival Instance 
#                                                                                                              (fF)  (ps)  (ps)   (ps)  Location 
#------------------------------------------------------------------------------------------------------------------------------------------------
  A[15]                                                   -       -     F     (arrival)                      2  5.9  1000     0       0    (-,-) 
  g14593/X                                                -       A->X  F     sky130_fd_sc_hd__clkbuf_1      1  6.1    64   328     328    (-,-) 
  CSA_BLOCKS[2].RCA_C1/full_adder_loop[1].FA/g193/Y       -       A->Y  R     sky130_fd_sc_hd__clkinv_2      2 11.1    49    67     395    (-,-) 
  CSA_BLOCKS[2].RCA_C1/full_adder_loop[1].FA/g183__196/Y  -       B->Y  F     sky130_fd_sc_hd__nand2_2       1  9.7    49    64     459    (-,-) 
  CSA_BLOCKS[2].RCA_C1/full_adder_loop[1].FA/g181__195/Y  -       B->Y  R     sky130_fd_sc_hd__nand2_4       1 10.1    52    71     531    (-,-) 
  CSA_BLOCKS[2].RCA_C1/full_adder_loop[1].FA/g179__2883/Y -       A->Y  F     sky130_fd_sc_hd__nand2_4       2 11.8    38    50     581    (-,-) 
  CSA_BLOCKS[2].RCA_C1/full_adder_loop[2].FA/g124__6260/Y -       A->Y  R     sky130_fd_sc_hd__nand2_4       1 10.1    52    56     637    (-,-) 
  CSA_BLOCKS[2].RCA_C1/full_adder_loop[2].FA/g122__2398/Y -       A->Y  F     sky130_fd_sc_hd__nand2_4       2 11.8    38    50     688    (-,-) 
  CSA_BLOCKS[2].RCA_C1/full_adder_loop[3].FA/g16/Y        -       A->Y  R     sky130_fd_sc_hd__nand2_4       1 10.1    52    56     744    (-,-) 
  CSA_BLOCKS[2].RCA_C1/full_adder_loop[3].FA/g15/Y        -       A->Y  F     sky130_fd_sc_hd__nand2_4       2 11.8    39    50     794    (-,-) 
  CSA_BLOCKS[2].RCA_C1/full_adder_loop[4].FA/g124__6131/Y -       A->Y  R     sky130_fd_sc_hd__nand2_4       1 10.1    52    57     851    (-,-) 
  CSA_BLOCKS[2].RCA_C1/full_adder_loop[4].FA/g122__8246/Y -       A->Y  F     sky130_fd_sc_hd__nand2_4       2 11.8    38    50     902    (-,-) 
  CSA_BLOCKS[2].RCA_C1/full_adder_loop[5].FA/g124__9315/Y -       A->Y  R     sky130_fd_sc_hd__nand2_4       1 10.1    52    56     958    (-,-) 
  CSA_BLOCKS[2].RCA_C1/full_adder_loop[5].FA/g122__4733/Y -       A->Y  F     sky130_fd_sc_hd__nand2_4       2 11.8    38    50    1008    (-,-) 
  CSA_BLOCKS[2].RCA_C1/full_adder_loop[6].FA/g124__6417/Y -       A->Y  R     sky130_fd_sc_hd__nand2_4       1 10.1    52    56    1065    (-,-) 
  CSA_BLOCKS[2].RCA_C1/full_adder_loop[6].FA/g122__1666/Y -       A->Y  F     sky130_fd_sc_hd__nand2_4       2 11.8    38    50    1115    (-,-) 
  CSA_BLOCKS[2].RCA_C1/full_adder_loop[7].FA/g124__8428/Y -       A->Y  R     sky130_fd_sc_hd__nand2_4       1  5.9    41    48    1163    (-,-) 
  CSA_BLOCKS[2].RCA_C1/full_adder_loop[7].FA/g122__6260/Y -       A->Y  F     sky130_fd_sc_hd__nand2_2       1  6.1    36    46    1209    (-,-) 
  g14561/Y                                                -       A->Y  R     sky130_fd_sc_hd__clkinv_2      2 11.1    47    54    1263    (-,-) 
  g14549__5122/Y                                          -       A->Y  F     sky130_fd_sc_hd__nand2_2       3 12.7    61    66    1329    (-,-) 
  g376/Y                                                  -       A->Y  R     sky130_fd_sc_hd__nand3_2       1 10.6    81    85    1414    (-,-) 
  g374/Y                                                  -       B->Y  F     sky130_fd_sc_hd__nand2_4       9 32.4    81    94    1508    (-,-) 
  fopt14629/Y                                             -       A->Y  R     sky130_fd_sc_hd__inv_2         2 11.1    62    83    1590    (-,-) 
  g14824/Y                                                -       A->Y  F     sky130_fd_sc_hd__nand2_2       1  9.7    50    62    1652    (-,-) 
  g14822/Y                                                -       B->Y  R     sky130_fd_sc_hd__nand2_4       1 51.3   165   153    1806    (-,-) 
  S[25]                                                   <<<     -     R     (port)                         -    -     -     0    1806    (-,-) 
#------------------------------------------------------------------------------------------------------------------------------------------------

