============================================================
  Generated by:           Genus(TM) Synthesis Solution 23.12-s086_1
  Generated on:           Mar 31 2025  05:39:10 pm
  Module:                 signal_32bits
  Operating conditions:   tt_025C_1v80 
  Interconnect mode:      global
  Area mode:              physical library
============================================================

Timing
-------
  Cost    Critical         Violating 
 Group   Path Slack  TNS     Paths   
-------------------------------------
default    186503.0   0.0          0 
-------------------------------------
Total                 0.0          0 

Instance Count
--------------
Leaf Instance Count             32 
Physical Instance count          0 
Sequential Instance Count        0 
Combinational Instance Count    32 
Hierarchical Instance Count      0 

Area
----
Cell Area                          640.614
Physical Cell Area                 0.000
Total Cell Area (Cell+Physical)    640.614
Net Area                           437.793
Total Area (Cell+Physical+Net)     1078.407

Max Fanout                         1 (B[1])
Min Fanout                         1 (B[1])
Average Fanout                     1.0
Terms to net ratio                 1.2403
Terms to instance ratio            5.0000
Runtime                            13.708786 seconds
Elapsed Runtime                    14 seconds
Genus peak memory usage            1925.91 
Innovus peak memory usage          no_value 
Hostname                           cadmicro-inf-el8-623207
