============================================================
  Generated by:           Genus(TM) Synthesis Solution 23.12-s086_1
  Generated on:           Mar 31 2025  05:39:10 pm
  Module:                 signal_32bits
  Operating conditions:   tt_025C_1v80 
  Interconnect mode:      global
  Area mode:              physical library
============================================================


Path 1: MET (186503 ps) Path Delay Check
     Startpoint: (F) A[0]
       Endpoint: (R) S[31]

                   Capture    Launch  
      Path Delay:+  200000         -  
      Drv Adjust:+       0         0  
         Arrival:=  200000            
                                      
   Required Time:=  200000            
       Data Path:-   13497            
           Slack:=  186503            

Exceptions/Constraints:
  max_delay            200000           constraints.sdc_line_1 

#-------------------------------------------------------------------------------------------------------------------------
#          Timing Point            Flags     Arc     Edge         Cell           Fanout Load Trans Delay Arrival Instance 
#                                                                                       (fF)  (ps)  (ps)   (ps)  Location 
#-------------------------------------------------------------------------------------------------------------------------
  A[0]                             -       -         F     (arrival)                  1  7.2  1000     0       0    (-,-) 
  addinc_add_7_30_g2310__4319/COUT -       B->COUT   F     sky130_fd_sc_hd__fa_1      1  5.8    96   786     786    (-,-) 
  addinc_add_7_30_g2309__6260/COUT -       CIN->COUT F     sky130_fd_sc_hd__fa_1      1  5.8    96   396    1182    (-,-) 
  addinc_add_7_30_g2308__5107/COUT -       CIN->COUT F     sky130_fd_sc_hd__fa_1      1  5.8    96   396    1579    (-,-) 
  addinc_add_7_30_g2307__2398/COUT -       CIN->COUT F     sky130_fd_sc_hd__fa_1      1  5.8    96   396    1975    (-,-) 
  addinc_add_7_30_g2306__5477/COUT -       CIN->COUT F     sky130_fd_sc_hd__fa_1      1  5.8    96   396    2371    (-,-) 
  addinc_add_7_30_g2305__6417/COUT -       CIN->COUT F     sky130_fd_sc_hd__fa_1      1  5.8    96   396    2768    (-,-) 
  addinc_add_7_30_g2304__7410/COUT -       CIN->COUT F     sky130_fd_sc_hd__fa_1      1  5.8    96   396    3164    (-,-) 
  addinc_add_7_30_g2303__1666/COUT -       CIN->COUT F     sky130_fd_sc_hd__fa_1      1  5.8    96   396    3560    (-,-) 
  addinc_add_7_30_g2302__2346/COUT -       CIN->COUT F     sky130_fd_sc_hd__fa_1      1  5.8    96   396    3956    (-,-) 
  addinc_add_7_30_g2301__2883/COUT -       CIN->COUT F     sky130_fd_sc_hd__fa_1      1  5.8    96   396    4353    (-,-) 
  addinc_add_7_30_g2300__9945/COUT -       CIN->COUT F     sky130_fd_sc_hd__fa_1      1  5.8    96   396    4749    (-,-) 
  addinc_add_7_30_g2299__9315/COUT -       CIN->COUT F     sky130_fd_sc_hd__fa_1      1  5.8    96   396    5145    (-,-) 
  addinc_add_7_30_g2298__6161/COUT -       CIN->COUT F     sky130_fd_sc_hd__fa_1      1  5.8    96   396    5542    (-,-) 
  addinc_add_7_30_g2297__4733/COUT -       CIN->COUT F     sky130_fd_sc_hd__fa_1      1  5.8    96   396    5938    (-,-) 
  addinc_add_7_30_g2296__7482/COUT -       CIN->COUT F     sky130_fd_sc_hd__fa_1      1  5.8    96   396    6334    (-,-) 
  addinc_add_7_30_g2295__5115/COUT -       CIN->COUT F     sky130_fd_sc_hd__fa_1      1  5.8    96   396    6730    (-,-) 
  addinc_add_7_30_g2294__1881/COUT -       CIN->COUT F     sky130_fd_sc_hd__fa_1      1  5.8    96   396    7127    (-,-) 
  addinc_add_7_30_g2293__6131/COUT -       CIN->COUT F     sky130_fd_sc_hd__fa_1      1  5.8    96   396    7523    (-,-) 
  addinc_add_7_30_g2292__7098/COUT -       CIN->COUT F     sky130_fd_sc_hd__fa_1      1  5.8    96   396    7919    (-,-) 
  addinc_add_7_30_g2291__8246/COUT -       CIN->COUT F     sky130_fd_sc_hd__fa_1      1  5.8    96   396    8316    (-,-) 
  addinc_add_7_30_g2290__5122/COUT -       CIN->COUT F     sky130_fd_sc_hd__fa_1      1  5.8    96   396    8712    (-,-) 
  addinc_add_7_30_g2289__1705/COUT -       CIN->COUT F     sky130_fd_sc_hd__fa_1      1  5.8    96   396    9108    (-,-) 
  addinc_add_7_30_g2288__2802/COUT -       CIN->COUT F     sky130_fd_sc_hd__fa_1      1  5.8    96   396    9505    (-,-) 
  addinc_add_7_30_g2287__1617/COUT -       CIN->COUT F     sky130_fd_sc_hd__fa_1      1  5.8    96   396    9901    (-,-) 
  addinc_add_7_30_g2286__3680/COUT -       CIN->COUT F     sky130_fd_sc_hd__fa_1      1  5.8    96   396   10297    (-,-) 
  addinc_add_7_30_g2285__6783/COUT -       CIN->COUT F     sky130_fd_sc_hd__fa_1      1  5.8    96   396   10694    (-,-) 
  addinc_add_7_30_g2284__5526/COUT -       CIN->COUT F     sky130_fd_sc_hd__fa_1      1  5.8    96   396   11090    (-,-) 
  addinc_add_7_30_g2283__8428/COUT -       CIN->COUT F     sky130_fd_sc_hd__fa_1      1  5.8    96   396   11486    (-,-) 
  addinc_add_7_30_g2282__4319/COUT -       CIN->COUT F     sky130_fd_sc_hd__fa_1      1  5.8    96   396   11882    (-,-) 
  addinc_add_7_30_g2281__6260/COUT -       CIN->COUT F     sky130_fd_sc_hd__fa_1      1  5.8    96   396   12279    (-,-) 
  addinc_add_7_30_g2280__5107/COUT -       CIN->COUT F     sky130_fd_sc_hd__fa_1      1  5.8    96   396   12675    (-,-) 
  addinc_add_7_30_g2279__2398/SUM  -       CIN->SUM  R     sky130_fd_sc_hd__fa_1      1 51.3   506   822   13497    (-,-) 
  S[31]                            <<<     -         R     (port)                     -    -     -     0   13497    (-,-) 
#-------------------------------------------------------------------------------------------------------------------------

