Hinst Name                                    Module Name                  Inst Count           Total Area               Buffer             Inverter        Combinational                 Flop                Latch           Clock Gate                Macro             Physical
-------------------------------------------------------------------------------------------------------------------------------------------------------------------------------------------------------------------------------------------------------------------------------------------
carry_select_adder_461012_32bits                                                  916             5675.443               91.338              302.790             3246.864                0.000                0.000                0.000                0.000             2034.451
  CSA_BLOCKS[1].RCA_C0                        ripple_carry_adder_WIDTH6            38              248.989               18.768                7.507              222.714                0.000                0.000                0.000                0.000                0.000
    CSA_BLOCKS[1].RCA_C0/F1A                  full_adder_4                          1               25.024                0.000                0.000               25.024                0.000                0.000                0.000                0.000                0.000
    CSA_BLOCKS[1].RCA_C0/full_adder_loop[1].FA full_adder_227                        8               45.043                0.000                7.507               37.536                0.000                0.000                0.000                0.000                0.000
    CSA_BLOCKS[1].RCA_C0/full_adder_loop[2].FA full_adder_226                        6               40.038                0.000                0.000               40.038                0.000                0.000                0.000                0.000                0.000
    CSA_BLOCKS[1].RCA_C0/full_adder_loop[3].FA full_adder_225                        6               40.038                0.000                0.000               40.038                0.000                0.000                0.000                0.000                0.000
    CSA_BLOCKS[1].RCA_C0/full_adder_loop[4].FA full_adder_224                        6               40.038                0.000                0.000               40.038                0.000                0.000                0.000                0.000                0.000
    CSA_BLOCKS[1].RCA_C0/full_adder_loop[5].FA full_adder_223                        6               40.038                0.000                0.000               40.038                0.000                0.000                0.000                0.000                0.000
  CSA_BLOCKS[1].RCA_C1                        ripple_carry_adder_WIDTH6_1          37              212.704                0.000               28.778              183.926                0.000                0.000                0.000                0.000                0.000
    CSA_BLOCKS[1].RCA_C1/F1A                  full_adder_48_233                     4               26.275                0.000               13.763               12.512                0.000                0.000                0.000                0.000                0.000
    CSA_BLOCKS[1].RCA_C1/full_adder_loop[1].FA full_adder_202                        8               40.038                0.000                7.507               32.531                0.000                0.000                0.000                0.000                0.000
    CSA_BLOCKS[1].RCA_C1/full_adder_loop[2].FA full_adder_201                        7               41.290                0.000                7.507               33.782                0.000                0.000                0.000                0.000                0.000
    CSA_BLOCKS[1].RCA_C1/full_adder_loop[3].FA full_adder_200                        6               35.034                0.000                0.000               35.034                0.000                0.000                0.000                0.000                0.000
    CSA_BLOCKS[1].RCA_C1/full_adder_loop[4].FA full_adder_199                        6               35.034                0.000                0.000               35.034                0.000                0.000                0.000                0.000                0.000
    CSA_BLOCKS[1].RCA_C1/full_adder_loop[5].FA full_adder_198                        6               35.034                0.000                0.000               35.034                0.000                0.000                0.000                0.000                0.000
  CSA_BLOCKS[2].RCA_C0                        ripple_carry_adder_WIDTH10           68              569.296               26.275               57.555              485.466                0.000                0.000                0.000                0.000                0.000
    CSA_BLOCKS[2].RCA_C0/F1A                  full_adder_4_232                      5               60.058                3.754               41.290               15.014                0.000                0.000                0.000                0.000                0.000
    CSA_BLOCKS[2].RCA_C0/full_adder_loop[1].FA full_adder_222                        8               52.550                0.000                8.758               43.792                0.000                0.000                0.000                0.000                0.000
    CSA_BLOCKS[2].RCA_C0/full_adder_loop[2].FA full_adder_221                        8               45.043                0.000                7.507               37.536                0.000                0.000                0.000                0.000                0.000
    CSA_BLOCKS[2].RCA_C0/full_adder_loop[3].FA full_adder_220                        6               47.546                0.000                0.000               47.546                0.000                0.000                0.000                0.000                0.000
    CSA_BLOCKS[2].RCA_C0/full_adder_loop[4].FA full_adder_219                        6               55.053                0.000                0.000               55.053                0.000                0.000                0.000                0.000                0.000
    CSA_BLOCKS[2].RCA_C0/full_adder_loop[5].FA full_adder_218                        6               55.053                0.000                0.000               55.053                0.000                0.000                0.000                0.000                0.000
    CSA_BLOCKS[2].RCA_C0/full_adder_loop[6].FA full_adder_217                        6               55.053                0.000                0.000               55.053                0.000                0.000                0.000                0.000                0.000
    CSA_BLOCKS[2].RCA_C0/full_adder_loop[7].FA full_adder_216                        6               55.053                0.000                0.000               55.053                0.000                0.000                0.000                0.000                0.000
    CSA_BLOCKS[2].RCA_C0/full_adder_loop[8].FA full_adder_215                        6               55.053                0.000                0.000               55.053                0.000                0.000                0.000                0.000                0.000
    CSA_BLOCKS[2].RCA_C0/full_adder_loop[9].FA full_adder_214                        5               66.314                0.000                0.000               66.314                0.000                0.000                0.000                0.000                0.000
  CSA_BLOCKS[2].RCA_C1                        ripple_carry_adder_WIDTH10_1         65              605.581               11.261               46.294              548.026                0.000                0.000                0.000                0.000                0.000
    CSA_BLOCKS[2].RCA_C1/F1A                  full_adder_48_234                     6               40.038                7.507               17.517               15.014                0.000                0.000                0.000                0.000                0.000
    CSA_BLOCKS[2].RCA_C1/full_adder_loop[1].FA full_adder_197                        7               68.816                0.000               10.010               58.806                0.000                0.000                0.000                0.000                0.000
    CSA_BLOCKS[2].RCA_C1/full_adder_loop[2].FA full_adder_196                        8               65.062                0.000                7.507               57.555                0.000                0.000                0.000                0.000                0.000
    CSA_BLOCKS[2].RCA_C1/full_adder_loop[3].FA full_adder_195                        8               65.062                0.000                7.507               57.555                0.000                0.000                0.000                0.000                0.000
    CSA_BLOCKS[2].RCA_C1/full_adder_loop[4].FA full_adder_194                        6               56.304                0.000                3.754               52.550                0.000                0.000                0.000                0.000                0.000
    CSA_BLOCKS[2].RCA_C1/full_adder_loop[5].FA full_adder_193                        6               60.058                0.000                0.000               60.058                0.000                0.000                0.000                0.000                0.000
    CSA_BLOCKS[2].RCA_C1/full_adder_loop[6].FA full_adder_192                        6               60.058                0.000                0.000               60.058                0.000                0.000                0.000                0.000                0.000
    CSA_BLOCKS[2].RCA_C1/full_adder_loop[7].FA full_adder_191                        6               60.058                0.000                0.000               60.058                0.000                0.000                0.000                0.000                0.000
    CSA_BLOCKS[2].RCA_C1/full_adder_loop[8].FA full_adder_190                        6               60.058                0.000                0.000               60.058                0.000                0.000                0.000                0.000                0.000
    CSA_BLOCKS[2].RCA_C1/full_adder_loop[9].FA full_adder_189                        5               66.314                0.000                0.000               66.314                0.000                0.000                0.000                0.000                0.000
  CSA_BLOCKS[3].RCA_C0                        ripple_carry_adder_WIDTH12           77              590.566               15.014               42.541              533.011                0.000                0.000                0.000                0.000                0.000
    CSA_BLOCKS[3].RCA_C0/F1A                  full_adder_4_231                      5               46.294                3.754               27.526               15.014                0.000                0.000                0.000                0.000                0.000
    CSA_BLOCKS[3].RCA_C0/full_adder_loop[10].FA full_adder_204                        5               51.299                0.000                0.000               51.299                0.000                0.000                0.000                0.000                0.000
    CSA_BLOCKS[3].RCA_C0/full_adder_loop[11].FA full_adder_203                        6               41.290                0.000                0.000               41.290                0.000                0.000                0.000                0.000                0.000
    CSA_BLOCKS[3].RCA_C0/full_adder_loop[1].FA full_adder_213                        8               47.546                0.000                7.507               40.038                0.000                0.000                0.000                0.000                0.000
    CSA_BLOCKS[3].RCA_C0/full_adder_loop[2].FA full_adder_212                        8               45.043                0.000                7.507               37.536                0.000                0.000                0.000                0.000                0.000
    CSA_BLOCKS[3].RCA_C0/full_adder_loop[3].FA full_adder_211                        6               40.038                0.000                0.000               40.038                0.000                0.000                0.000                0.000                0.000
    CSA_BLOCKS[3].RCA_C0/full_adder_loop[4].FA full_adder_210                        6               50.048                0.000                0.000               50.048                0.000                0.000                0.000                0.000                0.000
    CSA_BLOCKS[3].RCA_C0/full_adder_loop[5].FA full_adder_209                        6               50.048                0.000                0.000               50.048                0.000                0.000                0.000                0.000                0.000
    CSA_BLOCKS[3].RCA_C0/full_adder_loop[6].FA full_adder_208                        6               50.048                0.000                0.000               50.048                0.000                0.000                0.000                0.000                0.000
    CSA_BLOCKS[3].RCA_C0/full_adder_loop[7].FA full_adder_207                        6               52.550                0.000                0.000               52.550                0.000                0.000                0.000                0.000                0.000
    CSA_BLOCKS[3].RCA_C0/full_adder_loop[8].FA full_adder_206                        6               52.550                0.000                0.000               52.550                0.000                0.000                0.000                0.000                0.000
    CSA_BLOCKS[3].RCA_C0/full_adder_loop[9].FA full_adder_205                        6               52.550                0.000                0.000               52.550                0.000                0.000                0.000                0.000                0.000
  CSA_BLOCKS[3].RCA_C1                        ripple_carry_adder_WIDTH12_1         76              598.074                3.754               58.806              535.514                0.000                0.000                0.000                0.000                0.000
    CSA_BLOCKS[3].RCA_C1/F1A                  full_adder_48                         4               52.550                0.000               32.531               20.019                0.000                0.000                0.000                0.000                0.000
    CSA_BLOCKS[3].RCA_C1/full_adder_loop[10].FA full_adder_179                        5               56.304                0.000                0.000               56.304                0.000                0.000                0.000                0.000                0.000
    CSA_BLOCKS[3].RCA_C1/full_adder_loop[11].FA full_adder_178                        8               53.802                0.000                7.507               46.294                0.000                0.000                0.000                0.000                0.000
    CSA_BLOCKS[3].RCA_C1/full_adder_loop[1].FA full_adder_188                        8               60.058                0.000                7.507               52.550                0.000                0.000                0.000                0.000                0.000
    CSA_BLOCKS[3].RCA_C1/full_adder_loop[2].FA full_adder_187                        8               55.053                0.000                7.507               47.546                0.000                0.000                0.000                0.000                0.000
    CSA_BLOCKS[3].RCA_C1/full_adder_loop[3].FA full_adder_186                        6               52.550                0.000                0.000               52.550                0.000                0.000                0.000                0.000                0.000
    CSA_BLOCKS[3].RCA_C1/full_adder_loop[4].FA full_adder_185                        6               53.802                0.000                3.754               50.048                0.000                0.000                0.000                0.000                0.000
    CSA_BLOCKS[3].RCA_C1/full_adder_loop[5].FA full_adder_184                        6               45.043                0.000                0.000               45.043                0.000                0.000                0.000                0.000                0.000
    CSA_BLOCKS[3].RCA_C1/full_adder_loop[6].FA full_adder_183                        6               40.038                0.000                0.000               40.038                0.000                0.000                0.000                0.000                0.000
    CSA_BLOCKS[3].RCA_C1/full_adder_loop[7].FA full_adder_182                        6               40.038                0.000                0.000               40.038                0.000                0.000                0.000                0.000                0.000
    CSA_BLOCKS[3].RCA_C1/full_adder_loop[8].FA full_adder_181                        6               40.038                0.000                0.000               40.038                0.000                0.000                0.000                0.000                0.000
    CSA_BLOCKS[3].RCA_C1/full_adder_loop[9].FA full_adder_180                        6               45.043                0.000                0.000               45.043                0.000                0.000                0.000                0.000                0.000
  RCA_LSB                                     ripple_carry_adder_WIDTH4            18              163.907                0.000                3.754              160.154                0.000                0.000                0.000                0.000                0.000
    RCA_LSB/F1A                               full_adder                            5               50.048                0.000                3.754               46.294                0.000                0.000                0.000                0.000                0.000
    RCA_LSB/full_adder_loop[1].FA             full_adder_230                        5               36.285                0.000                0.000               36.285                0.000                0.000                0.000                0.000                0.000
    RCA_LSB/full_adder_loop[2].FA             full_adder_229                        4               35.034                0.000                0.000               35.034                0.000                0.000                0.000                0.000                0.000
    RCA_LSB/full_adder_loop[3].FA             full_adder_228                        4               42.541                0.000                0.000               42.541                0.000                0.000                0.000                0.000                0.000
