###############################################################
#  Generated by:      Cadence Innovus 23.32-s091_1
#  OS:                Linux x86_64(Host ID cadmicro-inf-el8-623207)
#  Generated on:      Mon Apr  7 19:18:13 2025
#  Design:            carry_select_adder_461012_32bits
#  Command:           report_timing > reports/report_timing.rpt
###############################################################
Path 1: MET Path Delay Check
Endpoint:   S[31] (^)
Beginpoint: B[20] (v) triggered by  leading edge of '@'
Path Groups: {default}
Analysis View: default_emulate_view
- External Delay                0.000
+ Path Delay                    1.947
= Required Time                 1.947
- Arrival Time                  1.945
= Slack Time                    0.002
     Clock Rise Edge                      0.000
     + Input Delay                        0.000
     = Beginpoint Arrival Time            0.000
     +----------------------------------------------------------------------------------------------------------------------------+ 
     |                      Instance                      |     Arc     |            Cell            | Delay | Arrival | Required | 
     |                                                    |             |                            |       |  Time   |   Time   | 
     |----------------------------------------------------+-------------+----------------------------+-------+---------+----------| 
     |                                                    | B[20] v     |                            |       |   0.000 |    0.002 | 
     | CSA_BLOCKS[3].RCA_C0/F1A/g36                       | A v -> Y ^  | sky130_fd_sc_hd__inv_12    | 0.248 |   0.248 |    0.250 | 
     | CSA_BLOCKS[3].RCA_C0/F1A/g34__1617                 | A ^ -> Y v  | sky130_fd_sc_hd__nor2_2    | 0.075 |   0.323 |    0.325 | 
     | CSA_BLOCKS[3].RCA_C0/full_adder_loop[1].FA/g194__8 | B v -> Y ^  | sky130_fd_sc_hd__nand2_2   | 0.069 |   0.392 |    0.394 | 
     | 246                                                |             |                            |       |         |          | 
     | CSA_BLOCKS[3].RCA_C0/full_adder_loop[1].FA/g192__1 | A ^ -> Y v  | sky130_fd_sc_hd__nand2_2   | 0.061 |   0.453 |    0.455 | 
     | 705                                                |             |                            |       |         |          | 
     | CSA_BLOCKS[3].RCA_C0/full_adder_loop[2].FA/g124__4 | A v -> Y ^  | sky130_fd_sc_hd__nand2_2   | 0.069 |   0.522 |    0.524 | 
     | 733                                                |             |                            |       |         |          | 
     | CSA_BLOCKS[3].RCA_C0/full_adder_loop[2].FA/g122__5 | A ^ -> Y v  | sky130_fd_sc_hd__nand2_2   | 0.061 |   0.582 |    0.584 | 
     | 115                                                |             |                            |       |         |          | 
     | CSA_BLOCKS[3].RCA_C0/full_adder_loop[3].FA/g12     | A v -> Y ^  | sky130_fd_sc_hd__nand2_2   | 0.067 |   0.650 |    0.652 | 
     | CSA_BLOCKS[3].RCA_C0/full_adder_loop[3].FA/g11     | A ^ -> Y v  | sky130_fd_sc_hd__nand2_2   | 0.066 |   0.715 |    0.717 | 
     | CSA_BLOCKS[3].RCA_C0/full_adder_loop[4].FA/g18     | A v -> Y ^  | sky130_fd_sc_hd__nand2_4   | 0.074 |   0.789 |    0.791 | 
     | CSA_BLOCKS[3].RCA_C0/full_adder_loop[4].FA/g17     | A ^ -> Y v  | sky130_fd_sc_hd__nand2_4   | 0.052 |   0.842 |    0.844 | 
     | CSA_BLOCKS[3].RCA_C0/full_adder_loop[5].FA/g18     | A v -> Y ^  | sky130_fd_sc_hd__nand2_4   | 0.070 |   0.911 |    0.913 | 
     | CSA_BLOCKS[3].RCA_C0/full_adder_loop[5].FA/g17     | A ^ -> Y v  | sky130_fd_sc_hd__nand2_4   | 0.055 |   0.966 |    0.968 | 
     | CSA_BLOCKS[3].RCA_C0/full_adder_loop[6].FA/g18     | A v -> Y ^  | sky130_fd_sc_hd__nand2_4   | 0.069 |   1.035 |    1.037 | 
     | CSA_BLOCKS[3].RCA_C0/full_adder_loop[6].FA/g17     | A ^ -> Y v  | sky130_fd_sc_hd__nand2_4   | 0.053 |   1.088 |    1.090 | 
     | CSA_BLOCKS[3].RCA_C0/full_adder_loop[7].FA/g121__9 | A v -> Y ^  | sky130_fd_sc_hd__nand2_4   | 0.069 |   1.157 |    1.159 | 
     | 315                                                |             |                            |       |         |          | 
     | CSA_BLOCKS[3].RCA_C0/full_adder_loop[7].FA/g119__4 | A ^ -> Y v  | sky130_fd_sc_hd__nand2_4   | 0.055 |   1.212 |    1.214 | 
     | 733                                                |             |                            |       |         |          | 
     | CSA_BLOCKS[3].RCA_C0/full_adder_loop[8].FA/g122__6 | A v -> Y ^  | sky130_fd_sc_hd__nand2_4   | 0.066 |   1.279 |    1.281 | 
     | 417                                                |             |                            |       |         |          | 
     | CSA_BLOCKS[3].RCA_C0/full_adder_loop[8].FA/g120__1 | A ^ -> Y v  | sky130_fd_sc_hd__nand2_4   | 0.059 |   1.337 |    1.339 | 
     | 666                                                |             |                            |       |         |          | 
     | CSA_BLOCKS[3].RCA_C0/full_adder_loop[9].FA/g122__8 | A v -> Y ^  | sky130_fd_sc_hd__nand2_4   | 0.069 |   1.406 |    1.408 | 
     | 428                                                |             |                            |       |         |          | 
     | CSA_BLOCKS[3].RCA_C0/full_adder_loop[9].FA/g120__6 | A ^ -> Y v  | sky130_fd_sc_hd__nand2_4   | 0.050 |   1.456 |    1.458 | 
     | 260                                                |             |                            |       |         |          | 
     | CSA_BLOCKS[3].RCA_C0/full_adder_loop[10].FA/g122__ | A v -> Y ^  | sky130_fd_sc_hd__nand2_2   | 0.077 |   1.533 |    1.535 | 
     | 1705                                               |             |                            |       |         |          | 
     | CSA_BLOCKS[3].RCA_C0/full_adder_loop[10].FA/g120__ | A ^ -> Y v  | sky130_fd_sc_hd__nand2_4   | 0.058 |   1.591 |    1.593 | 
     | 1617                                               |             |                            |       |         |          | 
     | CSA_BLOCKS[3].RCA_C0/full_adder_loop[11].FA/g30    | B2 v -> Y ^ | sky130_fd_sc_hd__o2bb2ai_2 | 0.129 |   1.719 |    1.721 | 
     | g4616__6161                                        | A ^ -> Y v  | sky130_fd_sc_hd__nand2_2   | 0.104 |   1.823 |    1.825 | 
     | g16                                                | A v -> Y ^  | sky130_fd_sc_hd__nand2_8   | 0.121 |   1.944 |    1.946 | 
     |                                                    | S[31] ^     |                            | 0.001 |   1.945 |    1.947 | 
     +----------------------------------------------------------------------------------------------------------------------------+ 

