    Hinst Name                                Module Name                  Inst Count           Total Area
-------------------------------------------------------------------------------------------------------
carry_select_adder_461012_32bits                                                  453             3640.992
  CSA_BLOCKS[1].RCA_C0                        ripple_carry_adder_WIDTH6            38              248.989
    CSA_BLOCKS[1].RCA_C0/F1A                  full_adder_4                          1               25.024
    CSA_BLOCKS[1].RCA_C0/full_adder_loop[1].FA full_adder_227                        8               45.043
    CSA_BLOCKS[1].RCA_C0/full_adder_loop[2].FA full_adder_226                        6               40.038
    CSA_BLOCKS[1].RCA_C0/full_adder_loop[3].FA full_adder_225                        6               40.038
    CSA_BLOCKS[1].RCA_C0/full_adder_loop[4].FA full_adder_224                        6               40.038
    CSA_BLOCKS[1].RCA_C0/full_adder_loop[5].FA full_adder_223                        6               40.038
  CSA_BLOCKS[1].RCA_C1                        ripple_carry_adder_WIDTH6_1          37              212.704
    CSA_BLOCKS[1].RCA_C1/F1A                  full_adder_48_233                     4               26.275
    CSA_BLOCKS[1].RCA_C1/full_adder_loop[1].FA full_adder_202                        8               40.038
    CSA_BLOCKS[1].RCA_C1/full_adder_loop[2].FA full_adder_201                        7               41.290
    CSA_BLOCKS[1].RCA_C1/full_adder_loop[3].FA full_adder_200                        6               35.034
    CSA_BLOCKS[1].RCA_C1/full_adder_loop[4].FA full_adder_199                        6               35.034
    CSA_BLOCKS[1].RCA_C1/full_adder_loop[5].FA full_adder_198                        6               35.034
  CSA_BLOCKS[2].RCA_C0                        ripple_carry_adder_WIDTH10           68              569.296
    CSA_BLOCKS[2].RCA_C0/F1A                  full_adder_4_232                      5               60.058
    CSA_BLOCKS[2].RCA_C0/full_adder_loop[1].FA full_adder_222                        8               52.550
    CSA_BLOCKS[2].RCA_C0/full_adder_loop[2].FA full_adder_221                        8               45.043
    CSA_BLOCKS[2].RCA_C0/full_adder_loop[3].FA full_adder_220                        6               47.546
    CSA_BLOCKS[2].RCA_C0/full_adder_loop[4].FA full_adder_219                        6               55.053
    CSA_BLOCKS[2].RCA_C0/full_adder_loop[5].FA full_adder_218                        6               55.053
    CSA_BLOCKS[2].RCA_C0/full_adder_loop[6].FA full_adder_217                        6               55.053
    CSA_BLOCKS[2].RCA_C0/full_adder_loop[7].FA full_adder_216                        6               55.053
    CSA_BLOCKS[2].RCA_C0/full_adder_loop[8].FA full_adder_215                        6               55.053
    CSA_BLOCKS[2].RCA_C0/full_adder_loop[9].FA full_adder_214                        5               66.314
  CSA_BLOCKS[2].RCA_C1                        ripple_carry_adder_WIDTH10_1         65              605.581
    CSA_BLOCKS[2].RCA_C1/F1A                  full_adder_48_234                     6               40.038
    CSA_BLOCKS[2].RCA_C1/full_adder_loop[1].FA full_adder_197                        7               68.816
    CSA_BLOCKS[2].RCA_C1/full_adder_loop[2].FA full_adder_196                        8               65.062
    CSA_BLOCKS[2].RCA_C1/full_adder_loop[3].FA full_adder_195                        8               65.062
    CSA_BLOCKS[2].RCA_C1/full_adder_loop[4].FA full_adder_194                        6               56.304
    CSA_BLOCKS[2].RCA_C1/full_adder_loop[5].FA full_adder_193                        6               60.058
    CSA_BLOCKS[2].RCA_C1/full_adder_loop[6].FA full_adder_192                        6               60.058
    CSA_BLOCKS[2].RCA_C1/full_adder_loop[7].FA full_adder_191                        6               60.058
    CSA_BLOCKS[2].RCA_C1/full_adder_loop[8].FA full_adder_190                        6               60.058
    CSA_BLOCKS[2].RCA_C1/full_adder_loop[9].FA full_adder_189                        5               66.314
  CSA_BLOCKS[3].RCA_C0                        ripple_carry_adder_WIDTH12           77              590.566
    CSA_BLOCKS[3].RCA_C0/F1A                  full_adder_4_231                      5               46.294
    CSA_BLOCKS[3].RCA_C0/full_adder_loop[10].FA full_adder_204                        5               51.299
    CSA_BLOCKS[3].RCA_C0/full_adder_loop[11].FA full_adder_203                        6               41.290
    CSA_BLOCKS[3].RCA_C0/full_adder_loop[1].FA full_adder_213                        8               47.546
    CSA_BLOCKS[3].RCA_C0/full_adder_loop[2].FA full_adder_212                        8               45.043
    CSA_BLOCKS[3].RCA_C0/full_adder_loop[3].FA full_adder_211                        6               40.038
    CSA_BLOCKS[3].RCA_C0/full_adder_loop[4].FA full_adder_210                        6               50.048
    CSA_BLOCKS[3].RCA_C0/full_adder_loop[5].FA full_adder_209                        6               50.048
    CSA_BLOCKS[3].RCA_C0/full_adder_loop[6].FA full_adder_208                        6               50.048
    CSA_BLOCKS[3].RCA_C0/full_adder_loop[7].FA full_adder_207                        6               52.550
    CSA_BLOCKS[3].RCA_C0/full_adder_loop[8].FA full_adder_206                        6               52.550
    CSA_BLOCKS[3].RCA_C0/full_adder_loop[9].FA full_adder_205                        6               52.550
  CSA_BLOCKS[3].RCA_C1                        ripple_carry_adder_WIDTH12_1         76              598.074
    CSA_BLOCKS[3].RCA_C1/F1A                  full_adder_48                         4               52.550
    CSA_BLOCKS[3].RCA_C1/full_adder_loop[10].FA full_adder_179                        5               56.304
    CSA_BLOCKS[3].RCA_C1/full_adder_loop[11].FA full_adder_178                        8               53.802
    CSA_BLOCKS[3].RCA_C1/full_adder_loop[1].FA full_adder_188                        8               60.058
    CSA_BLOCKS[3].RCA_C1/full_adder_loop[2].FA full_adder_187                        8               55.053
    CSA_BLOCKS[3].RCA_C1/full_adder_loop[3].FA full_adder_186                        6               52.550
    CSA_BLOCKS[3].RCA_C1/full_adder_loop[4].FA full_adder_185                        6               53.802
    CSA_BLOCKS[3].RCA_C1/full_adder_loop[5].FA full_adder_184                        6               45.043
    CSA_BLOCKS[3].RCA_C1/full_adder_loop[6].FA full_adder_183                        6               40.038
    CSA_BLOCKS[3].RCA_C1/full_adder_loop[7].FA full_adder_182                        6               40.038
    CSA_BLOCKS[3].RCA_C1/full_adder_loop[8].FA full_adder_181                        6               40.038
    CSA_BLOCKS[3].RCA_C1/full_adder_loop[9].FA full_adder_180                        6               45.043
  RCA_LSB                                     ripple_carry_adder_WIDTH4            18              163.907
    RCA_LSB/F1A                               full_adder                            5               50.048
    RCA_LSB/full_adder_loop[1].FA             full_adder_230                        5               36.285
    RCA_LSB/full_adder_loop[2].FA             full_adder_229                        4               35.034
    RCA_LSB/full_adder_loop[3].FA             full_adder_228                        4               42.541
