    Hinst Name                               Module Name                     Inst Count           Total Area
---------------------------------------------------------------------------------------------------------
carry_select_adder_68810_32bits                                                     403             2985.363
  CSA_BLOCKS[1].RCA_C0                       ripple_carry_adder_WIDTH8               50              364.099
    CSA_BLOCKS[1].RCA_C0/F1A                 full_adder_32_225                        4               51.299
    CSA_BLOCKS[1].RCA_C0/full_adder_loop[1].FA full_adder_219                           8               42.541
    CSA_BLOCKS[1].RCA_C0/full_adder_loop[2].FA full_adder_218                           8               45.043
    CSA_BLOCKS[1].RCA_C0/full_adder_loop[3].FA full_adder_217                           6               40.038
    CSA_BLOCKS[1].RCA_C0/full_adder_loop[4].FA full_adder_216                           6               40.038
    CSA_BLOCKS[1].RCA_C0/full_adder_loop[5].FA full_adder_215                           6               45.043
    CSA_BLOCKS[1].RCA_C0/full_adder_loop[6].FA full_adder_214                           6               50.048
    CSA_BLOCKS[1].RCA_C0/full_adder_loop[7].FA full_adder_213                           6               50.048
  CSA_BLOCKS[1].RCA_C1                       ripple_carry_adder_WIDTH8_3_228         49              375.360
    CSA_BLOCKS[1].RCA_C1/F1A                 full_adder_40_226                        4               53.802
    CSA_BLOCKS[1].RCA_C1/full_adder_loop[1].FA full_adder_203                           7               56.304
    CSA_BLOCKS[1].RCA_C1/full_adder_loop[2].FA full_adder_202                           8               47.546
    CSA_BLOCKS[1].RCA_C1/full_adder_loop[3].FA full_adder_201                           6               42.541
    CSA_BLOCKS[1].RCA_C1/full_adder_loop[4].FA full_adder_200                           6               45.043
    CSA_BLOCKS[1].RCA_C1/full_adder_loop[5].FA full_adder_199                           6               45.043
    CSA_BLOCKS[1].RCA_C1/full_adder_loop[6].FA full_adder_198                           6               45.043
    CSA_BLOCKS[1].RCA_C1/full_adder_loop[7].FA full_adder_197                           6               40.038
  CSA_BLOCKS[2].RCA_C0                       ripple_carry_adder_WIDTH8_227           44              305.293
    CSA_BLOCKS[2].RCA_C0/F1A                 full_adder_32                            4               20.019
    CSA_BLOCKS[2].RCA_C0/full_adder_loop[1].FA full_adder_196                           8               40.038
    CSA_BLOCKS[2].RCA_C0/full_adder_loop[2].FA full_adder_195                           6               37.536
    CSA_BLOCKS[2].RCA_C0/full_adder_loop[3].FA full_adder_194                           6               37.536
    CSA_BLOCKS[2].RCA_C0/full_adder_loop[4].FA full_adder_193                           5               42.541
    CSA_BLOCKS[2].RCA_C0/full_adder_loop[5].FA full_adder_192                           5               47.546
    CSA_BLOCKS[2].RCA_C0/full_adder_loop[6].FA full_adder_191                           5               42.541
    CSA_BLOCKS[2].RCA_C0/full_adder_loop[7].FA full_adder_190                           5               37.536
  CSA_BLOCKS[2].RCA_C1                       ripple_carry_adder_WIDTH8_3             44              310.298
    CSA_BLOCKS[2].RCA_C1/F1A                 full_adder_40                            4               33.782
    CSA_BLOCKS[2].RCA_C1/full_adder_loop[1].FA full_adder_189                           8               42.541
    CSA_BLOCKS[2].RCA_C1/full_adder_loop[2].FA full_adder_188                           6               40.038
    CSA_BLOCKS[2].RCA_C1/full_adder_loop[3].FA full_adder_187                           6               40.038
    CSA_BLOCKS[2].RCA_C1/full_adder_loop[4].FA full_adder_186                           6               40.038
    CSA_BLOCKS[2].RCA_C1/full_adder_loop[5].FA full_adder_185                           6               43.792
    CSA_BLOCKS[2].RCA_C1/full_adder_loop[6].FA full_adder_184                           4               35.034
    CSA_BLOCKS[2].RCA_C1/full_adder_loop[7].FA full_adder_183                           4               35.034
  CSA_BLOCKS[3].RCA_C0                       ripple_carry_adder_WIDTH10              61              395.379
    CSA_BLOCKS[3].RCA_C0/F1A                 full_adder_14                            4               25.024
    CSA_BLOCKS[3].RCA_C0/full_adder_loop[1].FA full_adder_212                           8               40.038
    CSA_BLOCKS[3].RCA_C0/full_adder_loop[2].FA full_adder_211                           7               38.787
    CSA_BLOCKS[3].RCA_C0/full_adder_loop[3].FA full_adder_210                           6               37.536
    CSA_BLOCKS[3].RCA_C0/full_adder_loop[4].FA full_adder_209                           6               40.038
    CSA_BLOCKS[3].RCA_C0/full_adder_loop[5].FA full_adder_208                           6               37.536
    CSA_BLOCKS[3].RCA_C0/full_adder_loop[6].FA full_adder_207                           6               40.038
    CSA_BLOCKS[3].RCA_C0/full_adder_loop[7].FA full_adder_206                           6               45.043
    CSA_BLOCKS[3].RCA_C0/full_adder_loop[8].FA full_adder_205                           6               50.048
    CSA_BLOCKS[3].RCA_C0/full_adder_loop[9].FA full_adder_204                           6               41.290
  CSA_BLOCKS[3].RCA_C1                       ripple_carry_adder_WIDTH10_1            58              377.862
    CSA_BLOCKS[3].RCA_C1/F1A                 full_adder_48                            4               22.522
    CSA_BLOCKS[3].RCA_C1/full_adder_loop[1].FA full_adder_182                           8               42.541
    CSA_BLOCKS[3].RCA_C1/full_adder_loop[2].FA full_adder_181                           6               40.038
    CSA_BLOCKS[3].RCA_C1/full_adder_loop[3].FA full_adder_180                           6               40.038
    CSA_BLOCKS[3].RCA_C1/full_adder_loop[4].FA full_adder_179                           6               37.536
    CSA_BLOCKS[3].RCA_C1/full_adder_loop[5].FA full_adder_178                           6               40.038
    CSA_BLOCKS[3].RCA_C1/full_adder_loop[6].FA full_adder_177                           6               37.536
    CSA_BLOCKS[3].RCA_C1/full_adder_loop[7].FA full_adder_176                           6               37.536
    CSA_BLOCKS[3].RCA_C1/full_adder_loop[8].FA full_adder_175                           5               42.541
    CSA_BLOCKS[3].RCA_C1/full_adder_loop[9].FA full_adder_174                           5               37.536
  RCA_LSB                                    ripple_carry_adder_WIDTH6               35              270.259
    RCA_LSB/F1A                              full_adder                               5               48.797
    RCA_LSB/full_adder_loop[1].FA            full_adder_224                           8               42.541
    RCA_LSB/full_adder_loop[2].FA            full_adder_223                           6               40.038
    RCA_LSB/full_adder_loop[3].FA            full_adder_222                           6               40.038
    RCA_LSB/full_adder_loop[4].FA            full_adder_221                           5               42.541
    RCA_LSB/full_adder_loop[5].FA            full_adder_220                           5               56.304
