###############################################################
#  Generated by:      Cadence Innovus 23.32-s091_1
#  OS:                Linux x86_64(Host ID cadmicro-inf-el8-623207)
#  Generated on:      Mon Apr  7 19:05:48 2025
#  Design:            carry_select_adder_68810_32bits
#  Command:           report_timing > reports/report_timing.rpt
###############################################################
Path 1: MET Path Delay Check
Endpoint:   S[25] (v)
Beginpoint: B[6]  (v) triggered by  leading edge of '@'
Path Groups: {default}
Analysis View: default_emulate_view
- External Delay                0.000
+ Path Delay                    1.987
= Required Time                 1.987
- Arrival Time                  1.983
= Slack Time                    0.004
     Clock Rise Edge                      0.000
     + Input Delay                        0.000
     = Beginpoint Arrival Time            0.000
     +------------------------------------------------------------------------------------------------------------------------------+ 
     |                      Instance                      |      Arc      |            Cell            | Delay | Arrival | Required | 
     |                                                    |               |                            |       |  Time   |   Time   | 
     |----------------------------------------------------+---------------+----------------------------+-------+---------+----------| 
     |                                                    | B[6] v        |                            |       |   0.000 |    0.004 | 
     | CSA_BLOCKS[1].RCA_C1/F1A/fopt59                    | A v -> Y ^    | sky130_fd_sc_hd__clkinv_4  | 0.237 |   0.237 |    0.241 | 
     | CSA_BLOCKS[1].RCA_C1/F1A/g54__5115                 | B ^ -> Y v    | sky130_fd_sc_hd__nand2_2   | 0.092 |   0.329 |    0.333 | 
     | CSA_BLOCKS[1].RCA_C1/full_adder_loop[1].FA/g150__9 | B v -> Y ^    | sky130_fd_sc_hd__nand2_2   | 0.078 |   0.407 |    0.411 | 
     | 315                                                |               |                            |       |         |          | 
     | CSA_BLOCKS[1].RCA_C1/full_adder_loop[1].FA/g148__4 | A ^ -> Y v    | sky130_fd_sc_hd__nand2_2   | 0.064 |   0.471 |    0.475 | 
     | 733                                                |               |                            |       |         |          | 
     | CSA_BLOCKS[1].RCA_C1/full_adder_loop[2].FA/g118__6 | A v -> Y ^    | sky130_fd_sc_hd__nand2_2   | 0.065 |   0.536 |    0.541 | 
     | 417                                                |               |                            |       |         |          | 
     | CSA_BLOCKS[1].RCA_C1/full_adder_loop[2].FA/g116__1 | A ^ -> Y v    | sky130_fd_sc_hd__nand2_2   | 0.060 |   0.596 |    0.601 | 
     | 666                                                |               |                            |       |         |          | 
     | CSA_BLOCKS[1].RCA_C1/full_adder_loop[3].FA/g118__8 | A v -> Y ^    | sky130_fd_sc_hd__nand2_2   | 0.068 |   0.664 |    0.669 | 
     | 428                                                |               |                            |       |         |          | 
     | CSA_BLOCKS[1].RCA_C1/full_adder_loop[3].FA/g116__6 | A ^ -> Y v    | sky130_fd_sc_hd__nand2_2   | 0.063 |   0.727 |    0.732 | 
     | 260                                                |               |                            |       |         |          | 
     | CSA_BLOCKS[1].RCA_C1/full_adder_loop[4].FA/g118__1 | A v -> Y ^    | sky130_fd_sc_hd__nand2_2   | 0.066 |   0.793 |    0.797 | 
     | 705                                                |               |                            |       |         |          | 
     | CSA_BLOCKS[1].RCA_C1/full_adder_loop[4].FA/g116__1 | A ^ -> Y v    | sky130_fd_sc_hd__nand2_2   | 0.060 |   0.853 |    0.857 | 
     | 617                                                |               |                            |       |         |          | 
     | CSA_BLOCKS[1].RCA_C1/full_adder_loop[5].FA/g119__5 | A v -> Y ^    | sky130_fd_sc_hd__nand2_2   | 0.064 |   0.917 |    0.921 | 
     | 115                                                |               |                            |       |         |          | 
     | CSA_BLOCKS[1].RCA_C1/full_adder_loop[5].FA/g117__6 | A ^ -> Y v    | sky130_fd_sc_hd__nand2_2   | 0.061 |   0.978 |    0.983 | 
     | 131                                                |               |                            |       |         |          | 
     | CSA_BLOCKS[1].RCA_C1/full_adder_loop[6].FA/g91__28 | A v -> Y ^    | sky130_fd_sc_hd__nand2_2   | 0.066 |   1.044 |    1.049 | 
     | 83                                                 |               |                            |       |         |          | 
     | CSA_BLOCKS[1].RCA_C1/full_adder_loop[6].FA/g89__93 | A ^ -> Y v    | sky130_fd_sc_hd__nand2_2   | 0.059 |   1.104 |    1.108 | 
     | 15                                                 |               |                            |       |         |          | 
     | CSA_BLOCKS[1].RCA_C1/full_adder_loop[7].FA/g96__23 | A v -> Y ^    | sky130_fd_sc_hd__nand2_2   | 0.065 |   1.169 |    1.173 | 
     | 98                                                 |               |                            |       |         |          | 
     | CSA_BLOCKS[1].RCA_C1/full_adder_loop[7].FA/g94__64 | A ^ -> Y v    | sky130_fd_sc_hd__nand2_2   | 0.055 |   1.223 |    1.228 | 
     | 17                                                 |               |                            |       |         |          | 
     | g5220                                              | A v -> Y ^    | sky130_fd_sc_hd__clkinv_2  | 0.070 |   1.294 |    1.298 | 
     | g5187__9945_dup                                    | A2_N ^ -> Y ^ | sky130_fd_sc_hd__o2bb2ai_2 | 0.107 |   1.400 |    1.405 | 
     | g5176__5221                                        | B ^ -> Y v    | sky130_fd_sc_hd__nand2_2   | 0.113 |   1.513 |    1.517 | 
     | g5171__6783                                        | A v -> Y ^    | sky130_fd_sc_hd__nand2_4   | 0.144 |   1.656 |    1.661 | 
     | g5155__4733                                        | B ^ -> Y v    | sky130_fd_sc_hd__nor2_1    | 0.073 |   1.729 |    1.734 | 
     | g5147__5122                                        | B1 v -> X v   | sky130_fd_sc_hd__a21o_4    | 0.251 |   1.981 |    1.985 | 
     |                                                    | S[25] v       |                            | 0.002 |   1.983 |    1.987 | 
     +------------------------------------------------------------------------------------------------------------------------------+ 

