============================================================
  Generated by:           Genus(TM) Synthesis Solution 23.12-s086_1
  Generated on:           Apr 09 2025  12:26:29 pm
  Module:                 cla_16bits
  Operating conditions:   tt_025C_1v80 
  Interconnect mode:      global
  Area mode:              physical library
============================================================

Timing
-------
  Cost    Critical         Violating 
 Group   Path Slack  TNS     Paths   
-------------------------------------
default      1469.1   0.0          0 
-------------------------------------
Total                 0.0          0 

Instance Count
--------------
Leaf Instance Count             112 
Physical Instance count           0 
Sequential Instance Count         0 
Combinational Instance Count    112 
Hierarchical Instance Count      72 

Area
----
Cell Area                          830.797
Physical Cell Area                 0.000
Total Cell Area (Cell+Physical)    830.797
Net Area                           716.950
Total Area (Cell+Physical+Net)     1547.747

Max Fanout                         17 (Cin)
Min Fanout                         1 (C[0])
Average Fanout                     1.9
Terms to net ratio                 2.5931
Terms to instance ratio            3.3571
Runtime                            11.912505 seconds
Elapsed Runtime                    14 seconds
Genus peak memory usage            1889.98 
Innovus peak memory usage          no_value 
Hostname                           cadmicro-inf-el8-623207
