Hinst Name                Module Name          Inst Count           Total Area               Buffer             Inverter        Combinational                 Flop                Latch           Clock Gate                Macro             Physical
---------------------------------------------------------------------------------------------------------------------------------------------------------------------------------------------------------------------------------------------------------------
carry_skip4_32bits                                    653             3363.226               87.584               68.816             1826.752                0.000                0.000                0.000                0.000             1380.074
  CSKIP1                  skip4                        39              284.022               11.261               27.526              245.235                0.000                0.000                0.000                0.000                0.000
    CSKIP1/FA1            full_adder                    6               75.072                0.000                8.758               66.314                0.000                0.000                0.000                0.000                0.000
    CSKIP1/FA2            full_adder_100                8               45.043                0.000                7.507               37.536                0.000                0.000                0.000                0.000                0.000
    CSKIP1/FA3            full_adder_99                 8               45.043                0.000                7.507               37.536                0.000                0.000                0.000                0.000                0.000
    CSKIP1/FA4            full_adder_98                 6               37.536                0.000                0.000               37.536                0.000                0.000                0.000                0.000                0.000
  skip_loop[1].CSKIP2     skip4_107                    35              227.718               11.261                5.005              211.453                0.000                0.000                0.000                0.000                0.000
    skip_loop[1].CSKIP2/FA1 full_adder_97                 7               43.792                3.754                0.000               40.038                0.000                0.000                0.000                0.000                0.000
    skip_loop[1].CSKIP2/FA2 full_adder_96                 6               40.038                0.000                0.000               40.038                0.000                0.000                0.000                0.000                0.000
    skip_loop[1].CSKIP2/FA3 full_adder_95                 6               40.038                0.000                0.000               40.038                0.000                0.000                0.000                0.000                0.000
    skip_loop[1].CSKIP2/FA4 full_adder_94                 6               40.038                0.000                0.000               40.038                0.000                0.000                0.000                0.000                0.000
  skip_loop[2].CSKIP2     skip4_106                    34              227.718                7.507                3.754              216.458                0.000                0.000                0.000                0.000                0.000
    skip_loop[2].CSKIP2/FA1 full_adder_93                 6               40.038                0.000                0.000               40.038                0.000                0.000                0.000                0.000                0.000
    skip_loop[2].CSKIP2/FA2 full_adder_92                 6               40.038                0.000                0.000               40.038                0.000                0.000                0.000                0.000                0.000
    skip_loop[2].CSKIP2/FA3 full_adder_91                 6               40.038                0.000                0.000               40.038                0.000                0.000                0.000                0.000                0.000
    skip_loop[2].CSKIP2/FA4 full_adder_90                 6               40.038                0.000                0.000               40.038                0.000                0.000                0.000                0.000                0.000
  skip_loop[3].CSKIP2     skip4_105                    35              231.472               11.261                3.754              216.458                0.000                0.000                0.000                0.000                0.000
    skip_loop[3].CSKIP2/FA1 full_adder_89                 7               43.792                3.754                0.000               40.038                0.000                0.000                0.000                0.000                0.000
    skip_loop[3].CSKIP2/FA2 full_adder_88                 6               40.038                0.000                0.000               40.038                0.000                0.000                0.000                0.000                0.000
    skip_loop[3].CSKIP2/FA3 full_adder_87                 6               40.038                0.000                0.000               40.038                0.000                0.000                0.000                0.000                0.000
    skip_loop[3].CSKIP2/FA4 full_adder_86                 6               40.038                0.000                0.000               40.038                0.000                0.000                0.000                0.000                0.000
  skip_loop[4].CSKIP2     skip4_104                    34              222.714                7.507                3.754              211.453                0.000                0.000                0.000                0.000                0.000
    skip_loop[4].CSKIP2/FA1 full_adder_85                 7               43.792                3.754                0.000               40.038                0.000                0.000                0.000                0.000                0.000
    skip_loop[4].CSKIP2/FA2 full_adder_84                 6               40.038                0.000                0.000               40.038                0.000                0.000                0.000                0.000                0.000
    skip_loop[4].CSKIP2/FA3 full_adder_83                 6               40.038                0.000                0.000               40.038                0.000                0.000                0.000                0.000                0.000
    skip_loop[4].CSKIP2/FA4 full_adder_82                 6               40.038                0.000                0.000               40.038                0.000                0.000                0.000                0.000                0.000
  skip_loop[5].CSKIP2     skip4_103                    30              232.723                7.507                3.754              221.462                0.000                0.000                0.000                0.000                0.000
    skip_loop[5].CSKIP2/FA1 full_adder_81                 5               42.541                0.000                0.000               42.541                0.000                0.000                0.000                0.000                0.000
    skip_loop[5].CSKIP2/FA2 full_adder_80                 5               42.541                0.000                0.000               42.541                0.000                0.000                0.000                0.000                0.000
    skip_loop[5].CSKIP2/FA3 full_adder_79                 5               42.541                0.000                0.000               42.541                0.000                0.000                0.000                0.000                0.000
    skip_loop[5].CSKIP2/FA4 full_adder_78                 5               42.541                0.000                0.000               42.541                0.000                0.000                0.000                0.000                0.000
  skip_loop[6].CSKIP2     skip4_102                    30              241.482                7.507                5.005              228.970                0.000                0.000                0.000                0.000                0.000
    skip_loop[6].CSKIP2/FA1 full_adder_77                 5               42.541                0.000                0.000               42.541                0.000                0.000                0.000                0.000                0.000
    skip_loop[6].CSKIP2/FA2 full_adder_76                 5               42.541                0.000                0.000               42.541                0.000                0.000                0.000                0.000                0.000
    skip_loop[6].CSKIP2/FA3 full_adder_75                 5               42.541                0.000                0.000               42.541                0.000                0.000                0.000                0.000                0.000
    skip_loop[6].CSKIP2/FA4 full_adder_74                 5               45.043                0.000                0.000               45.043                0.000                0.000                0.000                0.000                0.000
  skip_loop[7].CSKIP2     skip4_101                    37              295.283                3.754               16.266              275.264                0.000                0.000                0.000                0.000                0.000
    skip_loop[7].CSKIP2/FA1 full_adder_73                 5               47.546                0.000                0.000               47.546                0.000                0.000                0.000                0.000                0.000
    skip_loop[7].CSKIP2/FA2 full_adder_72                 5               47.546                0.000                0.000               47.546                0.000                0.000                0.000                0.000                0.000
    skip_loop[7].CSKIP2/FA3 full_adder_71                 9               63.811                0.000                3.754               60.058                0.000                0.000                0.000                0.000                0.000
    skip_loop[7].CSKIP2/FA4 full_adder_70                 9               58.806                0.000                3.754               55.053                0.000                0.000                0.000                0.000                0.000
