###############################################################
#  Generated by:      Cadence Innovus 23.32-s091_1
#  OS:                Linux x86_64(Host ID cadmicro-inf-el8-623207)
#  Generated on:      Mon Apr  7 17:29:05 2025
#  Design:            carry_skip4_32bits
#  Command:           report_timing > reports/report_timing.rpt
###############################################################
Path 1: MET Path Delay Check
Endpoint:   Cout (v)
Beginpoint: B[0] (v) triggered by  leading edge of '@'
Path Groups: {default}
Analysis View: default_emulate_view
- External Delay                0.000
+ Path Delay                    5.014
= Required Time                 5.014
- Arrival Time                  5.014
= Slack Time                    0.000
     Clock Rise Edge                      0.000
     + Input Delay                        0.000
     = Beginpoint Arrival Time            0.000
     +-----------------------------------------------------------------------------------------------------------+ 
     |              Instance              |     Arc     |           Cell            | Delay | Arrival | Required | 
     |                                    |             |                           |       |  Time   |   Time   | 
     |------------------------------------+-------------+---------------------------+-------+---------+----------| 
     |                                    | B[0] v      |                           |       |   0.000 |    0.000 | 
     | CSKIP1/FA1/g194__4319              | A v -> Y ^  | sky130_fd_sc_hd__nor2_8   | 0.330 |   0.330 |    0.330 | 
     | CSKIP1/FA1/g191__2398              | A2 ^ -> Y v | sky130_fd_sc_hd__o21ai_2  | 0.085 |   0.415 |    0.415 | 
     | CSKIP1/FA2/g124__3680              | A v -> Y ^  | sky130_fd_sc_hd__nand2_2  | 0.066 |   0.481 |    0.481 | 
     | CSKIP1/FA2/g122__5526              | A ^ -> Y v  | sky130_fd_sc_hd__nand2_2  | 0.057 |   0.538 |    0.538 | 
     | CSKIP1/FA3/g124__7098              | A v -> Y ^  | sky130_fd_sc_hd__nand2_2  | 0.066 |   0.604 |    0.604 | 
     | CSKIP1/FA3/g122__5122              | A ^ -> Y v  | sky130_fd_sc_hd__nand2_2  | 0.056 |   0.660 |    0.660 | 
     | CSKIP1/FA4/g124__6161              | A v -> Y ^  | sky130_fd_sc_hd__nand2_2  | 0.060 |   0.719 |    0.719 | 
     | CSKIP1/FA4/g122__7482              | A ^ -> Y v  | sky130_fd_sc_hd__nand2_1  | 0.048 |   0.767 |    0.767 | 
     | CSKIP1/g74                         | A v -> Y ^  | sky130_fd_sc_hd__clkinv_1 | 0.056 |   0.823 |    0.823 | 
     | CSKIP1/g183__2346                  | A ^ -> Y v  | sky130_fd_sc_hd__nand2_2  | 0.058 |   0.881 |    0.881 | 
     | skip_loop[1].CSKIP2/FA1/g124__8428 | A v -> Y ^  | sky130_fd_sc_hd__nand2_2  | 0.071 |   0.952 |    0.952 | 
     | skip_loop[1].CSKIP2/FA1/g122__6260 | A ^ -> Y v  | sky130_fd_sc_hd__nand2_2  | 0.057 |   1.008 |    1.008 | 
     | skip_loop[1].CSKIP2/FA2/g124__1705 | A v -> Y ^  | sky130_fd_sc_hd__nand2_2  | 0.065 |   1.074 |    1.074 | 
     | skip_loop[1].CSKIP2/FA2/g122__1617 | A ^ -> Y v  | sky130_fd_sc_hd__nand2_2  | 0.054 |   1.128 |    1.128 | 
     | skip_loop[1].CSKIP2/FA3/g124__5115 | A v -> Y ^  | sky130_fd_sc_hd__nand2_2  | 0.064 |   1.192 |    1.192 | 
     | skip_loop[1].CSKIP2/FA3/g122__6131 | A ^ -> Y v  | sky130_fd_sc_hd__nand2_2  | 0.059 |   1.251 |    1.251 | 
     | skip_loop[1].CSKIP2/FA4/g124__2883 | A v -> Y ^  | sky130_fd_sc_hd__nand2_2  | 0.067 |   1.318 |    1.318 | 
     | skip_loop[1].CSKIP2/FA4/g122__9315 | A ^ -> Y v  | sky130_fd_sc_hd__nand2_2  | 0.048 |   1.366 |    1.366 | 
     | skip_loop[1].CSKIP2/g74            | A v -> Y ^  | sky130_fd_sc_hd__clkinv_2 | 0.050 |   1.416 |    1.416 | 
     | skip_loop[1].CSKIP2/g152__6417     | A ^ -> Y v  | sky130_fd_sc_hd__nand2_2  | 0.046 |   1.462 |    1.462 | 
     | skip_loop[2].CSKIP2/FA1/g124__3680 | A v -> Y ^  | sky130_fd_sc_hd__nand2_2  | 0.054 |   1.516 |    1.516 | 
     | skip_loop[2].CSKIP2/FA1/g122__5526 | A ^ -> Y v  | sky130_fd_sc_hd__nand2_2  | 0.055 |   1.571 |    1.571 | 
     | skip_loop[2].CSKIP2/FA2/g124__7098 | A v -> Y ^  | sky130_fd_sc_hd__nand2_2  | 0.065 |   1.636 |    1.636 | 
     | skip_loop[2].CSKIP2/FA2/g122__5122 | A ^ -> Y v  | sky130_fd_sc_hd__nand2_2  | 0.063 |   1.699 |    1.699 | 
     | skip_loop[2].CSKIP2/FA3/g124__6161 | A v -> Y ^  | sky130_fd_sc_hd__nand2_2  | 0.069 |   1.767 |    1.767 | 
     | skip_loop[2].CSKIP2/FA3/g122__7482 | A ^ -> Y v  | sky130_fd_sc_hd__nand2_2  | 0.053 |   1.821 |    1.821 | 
     | skip_loop[2].CSKIP2/FA4/g124__7410 | A v -> Y ^  | sky130_fd_sc_hd__nand2_2  | 0.064 |   1.884 |    1.884 | 
     | skip_loop[2].CSKIP2/FA4/g122__2346 | A ^ -> Y v  | sky130_fd_sc_hd__nand2_2  | 0.045 |   1.929 |    1.929 | 
     | skip_loop[2].CSKIP2/g74            | A v -> Y ^  | sky130_fd_sc_hd__inv_2    | 0.065 |   1.994 |    1.994 | 
     | skip_loop[2].CSKIP2/g152__5107     | A ^ -> Y v  | sky130_fd_sc_hd__nand2_4  | 0.047 |   2.041 |    2.041 | 
     | skip_loop[3].CSKIP2/FA1/g124__1705 | A v -> Y ^  | sky130_fd_sc_hd__nand2_2  | 0.053 |   2.095 |    2.095 | 
     | skip_loop[3].CSKIP2/FA1/g122__1617 | A ^ -> Y v  | sky130_fd_sc_hd__nand2_2  | 0.055 |   2.150 |    2.150 | 
     | skip_loop[3].CSKIP2/FA2/g124__5115 | A v -> Y ^  | sky130_fd_sc_hd__nand2_2  | 0.065 |   2.215 |    2.215 | 
     | skip_loop[3].CSKIP2/FA2/g122__6131 | A ^ -> Y v  | sky130_fd_sc_hd__nand2_2  | 0.060 |   2.274 |    2.275 | 
     | skip_loop[3].CSKIP2/FA3/g124__2883 | A v -> Y ^  | sky130_fd_sc_hd__nand2_2  | 0.068 |   2.343 |    2.343 | 
     | skip_loop[3].CSKIP2/FA3/g122__9315 | A ^ -> Y v  | sky130_fd_sc_hd__nand2_2  | 0.056 |   2.398 |    2.398 | 
     | skip_loop[3].CSKIP2/FA4/g124__2398 | A v -> Y ^  | sky130_fd_sc_hd__nand2_2  | 0.065 |   2.463 |    2.463 | 
     | skip_loop[3].CSKIP2/FA4/g122__6417 | A ^ -> Y v  | sky130_fd_sc_hd__nand2_2  | 0.047 |   2.510 |    2.510 | 
     | skip_loop[3].CSKIP2/g159           | A v -> Y ^  | sky130_fd_sc_hd__inv_2    | 0.066 |   2.576 |    2.576 | 
     | skip_loop[3].CSKIP2/g152__8428     | A ^ -> Y v  | sky130_fd_sc_hd__nand2_4  | 0.050 |   2.626 |    2.626 | 
     | skip_loop[4].CSKIP2/FA1/g124__7098 | A v -> Y ^  | sky130_fd_sc_hd__nand2_2  | 0.055 |   2.681 |    2.681 | 
     | skip_loop[4].CSKIP2/FA1/g122__5122 | A ^ -> Y v  | sky130_fd_sc_hd__nand2_2  | 0.059 |   2.741 |    2.741 | 
     | skip_loop[4].CSKIP2/FA2/g124__6161 | A v -> Y ^  | sky130_fd_sc_hd__nand2_2  | 0.070 |   2.811 |    2.811 | 
     | skip_loop[4].CSKIP2/FA2/g122__7482 | A ^ -> Y v  | sky130_fd_sc_hd__nand2_2  | 0.059 |   2.869 |    2.869 | 
     | skip_loop[4].CSKIP2/FA3/g124__7410 | A v -> Y ^  | sky130_fd_sc_hd__nand2_2  | 0.066 |   2.936 |    2.936 | 
     | skip_loop[4].CSKIP2/FA3/g122__2346 | A ^ -> Y v  | sky130_fd_sc_hd__nand2_2  | 0.059 |   2.995 |    2.995 | 
     | skip_loop[4].CSKIP2/FA4/g124__4319 | A v -> Y ^  | sky130_fd_sc_hd__nand2_2  | 0.067 |   3.062 |    3.062 | 
     | skip_loop[4].CSKIP2/FA4/g122__5107 | A ^ -> Y v  | sky130_fd_sc_hd__nand2_2  | 0.046 |   3.108 |    3.108 | 
     | skip_loop[4].CSKIP2/g159           | A v -> Y ^  | sky130_fd_sc_hd__inv_2    | 0.053 |   3.160 |    3.160 | 
     | skip_loop[4].CSKIP2/g152__3680     | A ^ -> Y v  | sky130_fd_sc_hd__nand2_2  | 0.048 |   3.209 |    3.209 | 
     | skip_loop[5].CSKIP2/FA1/g124__1881 | A v -> Y ^  | sky130_fd_sc_hd__nand2_2  | 0.055 |   3.263 |    3.263 | 
     | skip_loop[5].CSKIP2/FA1/g122__6131 | A ^ -> Y v  | sky130_fd_sc_hd__nand2_2  | 0.061 |   3.325 |    3.325 | 
     | skip_loop[5].CSKIP2/FA2/g124__9315 | A v -> Y ^  | sky130_fd_sc_hd__nand2_2  | 0.068 |   3.393 |    3.393 | 
     | skip_loop[5].CSKIP2/FA2/g122__6161 | A ^ -> Y v  | sky130_fd_sc_hd__nand2_2  | 0.054 |   3.447 |    3.447 | 
     | skip_loop[5].CSKIP2/FA3/g124__7410 | A v -> Y ^  | sky130_fd_sc_hd__nand2_2  | 0.064 |   3.511 |    3.511 | 
     | skip_loop[5].CSKIP2/FA3/g122__1666 | A ^ -> Y v  | sky130_fd_sc_hd__nand2_2  | 0.054 |   3.565 |    3.565 | 
     | skip_loop[5].CSKIP2/FA4/g124__6260 | A v -> Y ^  | sky130_fd_sc_hd__nand2_2  | 0.064 |   3.629 |    3.629 | 
     | skip_loop[5].CSKIP2/FA4/g122__5107 | A ^ -> Y v  | sky130_fd_sc_hd__nand2_2  | 0.047 |   3.676 |    3.676 | 
     | skip_loop[5].CSKIP2/g164           | A v -> Y ^  | sky130_fd_sc_hd__inv_2    | 0.054 |   3.730 |    3.730 | 
     | skip_loop[5].CSKIP2/g157__6783     | A ^ -> Y v  | sky130_fd_sc_hd__nand2_2  | 0.046 |   3.777 |    3.777 | 
     | skip_loop[6].CSKIP2/FA1/g124__1881 | A v -> Y ^  | sky130_fd_sc_hd__nand2_2  | 0.053 |   3.830 |    3.830 | 
     | skip_loop[6].CSKIP2/FA1/g122__7098 | A ^ -> Y v  | sky130_fd_sc_hd__nand2_2  | 0.055 |   3.885 |    3.885 | 
     | skip_loop[6].CSKIP2/FA2/g124__9945 | A v -> Y ^  | sky130_fd_sc_hd__nand2_2  | 0.064 |   3.949 |    3.949 | 
     | skip_loop[6].CSKIP2/FA2/g122__6161 | A ^ -> Y v  | sky130_fd_sc_hd__nand2_2  | 0.054 |   4.003 |    4.003 | 
     | skip_loop[6].CSKIP2/FA3/g124__5477 | A v -> Y ^  | sky130_fd_sc_hd__nand2_2  | 0.064 |   4.067 |    4.067 | 
     | skip_loop[6].CSKIP2/FA3/g122__7410 | A ^ -> Y v  | sky130_fd_sc_hd__nand2_2  | 0.065 |   4.132 |    4.132 | 
     | skip_loop[6].CSKIP2/FA4/g124__5526 | A v -> Y ^  | sky130_fd_sc_hd__nand2_2  | 0.070 |   4.202 |    4.202 | 
     | skip_loop[6].CSKIP2/FA4/g122__4319 | A ^ -> Y v  | sky130_fd_sc_hd__nand2_2  | 0.048 |   4.250 |    4.250 | 
     | skip_loop[6].CSKIP2/g174           | A v -> Y ^  | sky130_fd_sc_hd__clkinv_2 | 0.060 |   4.309 |    4.309 | 
     | skip_loop[6].CSKIP2/g167__2802     | A ^ -> Y v  | sky130_fd_sc_hd__nand2_4  | 0.042 |   4.351 |    4.351 | 
     | skip_loop[7].CSKIP2/FA1/g124__4733 | A v -> Y ^  | sky130_fd_sc_hd__nand2_2  | 0.054 |   4.405 |    4.405 | 
     | skip_loop[7].CSKIP2/FA1/g122__5115 | A ^ -> Y v  | sky130_fd_sc_hd__nand2_2  | 0.056 |   4.461 |    4.461 | 
     | skip_loop[7].CSKIP2/FA2/g124__1666 | A v -> Y ^  | sky130_fd_sc_hd__nand2_2  | 0.065 |   4.526 |    4.526 | 
     | skip_loop[7].CSKIP2/FA2/g122__2883 | A ^ -> Y v  | sky130_fd_sc_hd__nand2_2  | 0.063 |   4.589 |    4.590 | 
     | skip_loop[7].CSKIP2/FA3/g127__8428 | A v -> Y ^  | sky130_fd_sc_hd__nand2_2  | 0.084 |   4.674 |    4.674 | 
     | skip_loop[7].CSKIP2/FA3/g123__2398 | A ^ -> Y v  | sky130_fd_sc_hd__nand2_4  | 0.058 |   4.732 |    4.732 | 
     | skip_loop[7].CSKIP2/FA4/g127__5122 | A v -> Y ^  | sky130_fd_sc_hd__nand2_2  | 0.069 |   4.800 |    4.800 | 
     | skip_loop[7].CSKIP2/FA4/g123__1617 | A ^ -> Y v  | sky130_fd_sc_hd__nand2_2  | 0.062 |   4.862 |    4.862 | 
     | skip_loop[7].CSKIP2/g79            | A v -> Y ^  | sky130_fd_sc_hd__clkinv_4 | 0.069 |   4.931 |    4.931 | 
     | skip_loop[7].CSKIP2/g167__5115     | A ^ -> Y v  | sky130_fd_sc_hd__nand2_8  | 0.082 |   5.013 |    5.013 | 
     |                                    | Cout v      |                           | 0.001 |   5.014 |    5.014 | 
     +-----------------------------------------------------------------------------------------------------------+ 

