    Hinst Name            Module Name          Inst Count           Total Area
---------------------------------------------------------------------------
carry_skip4_32bits                                    279             1983.152
  CSKIP1                  skip4                        39              284.022
    CSKIP1/FA1            full_adder                    6               75.072
    CSKIP1/FA2            full_adder_100                8               45.043
    CSKIP1/FA3            full_adder_99                 8               45.043
    CSKIP1/FA4            full_adder_98                 6               37.536
  skip_loop[1].CSKIP2     skip4_107                    35              227.718
    skip_loop[1].CSKIP2/FA1 full_adder_97                 7               43.792
    skip_loop[1].CSKIP2/FA2 full_adder_96                 6               40.038
    skip_loop[1].CSKIP2/FA3 full_adder_95                 6               40.038
    skip_loop[1].CSKIP2/FA4 full_adder_94                 6               40.038
  skip_loop[2].CSKIP2     skip4_106                    34              227.718
    skip_loop[2].CSKIP2/FA1 full_adder_93                 6               40.038
    skip_loop[2].CSKIP2/FA2 full_adder_92                 6               40.038
    skip_loop[2].CSKIP2/FA3 full_adder_91                 6               40.038
    skip_loop[2].CSKIP2/FA4 full_adder_90                 6               40.038
  skip_loop[3].CSKIP2     skip4_105                    35              231.472
    skip_loop[3].CSKIP2/FA1 full_adder_89                 7               43.792
    skip_loop[3].CSKIP2/FA2 full_adder_88                 6               40.038
    skip_loop[3].CSKIP2/FA3 full_adder_87                 6               40.038
    skip_loop[3].CSKIP2/FA4 full_adder_86                 6               40.038
  skip_loop[4].CSKIP2     skip4_104                    34              222.714
    skip_loop[4].CSKIP2/FA1 full_adder_85                 7               43.792
    skip_loop[4].CSKIP2/FA2 full_adder_84                 6               40.038
    skip_loop[4].CSKIP2/FA3 full_adder_83                 6               40.038
    skip_loop[4].CSKIP2/FA4 full_adder_82                 6               40.038
  skip_loop[5].CSKIP2     skip4_103                    30              232.723
    skip_loop[5].CSKIP2/FA1 full_adder_81                 5               42.541
    skip_loop[5].CSKIP2/FA2 full_adder_80                 5               42.541
    skip_loop[5].CSKIP2/FA3 full_adder_79                 5               42.541
    skip_loop[5].CSKIP2/FA4 full_adder_78                 5               42.541
  skip_loop[6].CSKIP2     skip4_102                    30              241.482
    skip_loop[6].CSKIP2/FA1 full_adder_77                 5               42.541
    skip_loop[6].CSKIP2/FA2 full_adder_76                 5               42.541
    skip_loop[6].CSKIP2/FA3 full_adder_75                 5               42.541
    skip_loop[6].CSKIP2/FA4 full_adder_74                 5               45.043
  skip_loop[7].CSKIP2     skip4_101                    37              295.283
    skip_loop[7].CSKIP2/FA1 full_adder_73                 5               47.546
    skip_loop[7].CSKIP2/FA2 full_adder_72                 5               47.546
    skip_loop[7].CSKIP2/FA3 full_adder_71                 9               63.811
    skip_loop[7].CSKIP2/FA4 full_adder_70                 9               58.806
