============================================================
  Generated by:           Genus(TM) Synthesis Solution 23.12-s086_1
  Generated on:           Apr 07 2025  04:41:28 pm
  Module:                 carry_bypass8_32bits
  Operating conditions:   tt_025C_1v80 
  Interconnect mode:      global
  Area mode:              physical library
============================================================


Path 1: MET (0 ps) Path Delay Check
     Startpoint: (F) A[0]
       Endpoint: (R) S[31]

                   Capture    Launch  
      Path Delay:+    8000         -  
      Drv Adjust:+       0         0  
         Arrival:=    8000            
                                      
   Required Time:=    8000            
       Data Path:-    8000            
           Slack:=       0            

Exceptions/Constraints:
  max_delay             8000            constraints.sdc_line_1 

#------------------------------------------------------------------------------------------------------------------------------------
#             Timing Point               Flags     Arc     Edge            Cell             Fanout Load Trans Delay Arrival Instance 
#                                                                                                  (fF)  (ps)  (ps)   (ps)  Location 
#------------------------------------------------------------------------------------------------------------------------------------
  A[0]                                   -       -         F     (arrival)                       1 10.8  1000     0       0    (-,-) 
  g21/Y                                  -       A->Y      R     sky130_fd_sc_hd__clkinv_4       1  5.9   140   194     194    (-,-) 
  g20/Y                                  -       A->Y      F     sky130_fd_sc_hd__inv_2          2  8.2    43    57     251    (-,-) 
  BPS1/FA1/g74/Y                         -       A->Y      R     sky130_fd_sc_hd__inv_2          3 10.9    57    66     316    (-,-) 
  BPS1/FA1/g67__5107/X                   -       A2->X     R     sky130_fd_sc_hd__a21o_1         1  3.7    46   112     429    (-,-) 
  BPS1/FA1/g65__2398/Y                   -       A->Y      F     sky130_fd_sc_hd__nand2_1        2  8.4    68    74     502    (-,-) 
  BPS1/FA2/g62__3680/Y                   -       A->Y      R     sky130_fd_sc_hd__nand2_1        1  3.7    52    69     572    (-,-) 
  BPS1/FA2/g60__5526/Y                   -       A->Y      F     sky130_fd_sc_hd__nand2_1        1  3.6    37    51     622    (-,-) 
  BPS1/FA3/g65/COUT                      -       CI->COUT  F     sky130_fd_sc_hd__fah_1          2  8.4    83   270     892    (-,-) 
  BPS1/FA4/g59__7482/Y                   -       A->Y      R     sky130_fd_sc_hd__nand2_1        1  5.9    72    90     982    (-,-) 
  BPS1/FA4/g57__1881/Y                   -       A->Y      F     sky130_fd_sc_hd__nand2_2        2  9.0    50    63    1045    (-,-) 
  BPS1/FA5/g61/Y                         -       A->Y      R     sky130_fd_sc_hd__clkinv_1       1  3.8    31    48    1093    (-,-) 
  BPS1/FA5/g57__9945/Y                   -       A2->Y     F     sky130_fd_sc_hd__o21bai_1       2  9.0    93    85    1178    (-,-) 
  BPS1/FA6/g61/Y                         -       A->Y      R     sky130_fd_sc_hd__clkinv_1       1  6.0    50    74    1252    (-,-) 
  BPS1/FA6/g57__7410/Y                   -       A2->Y     F     sky130_fd_sc_hd__o21bai_2       2 10.4    76    76    1327    (-,-) 
  BPS1/FA7/g59__4319/Y                   -       A->Y      R     sky130_fd_sc_hd__nand2_2        1  5.9    54    72    1399    (-,-) 
  BPS1/FA7/g57__5107/Y                   -       A->Y      F     sky130_fd_sc_hd__nand2_2        2  8.4    46    56    1455    (-,-) 
  BPS1/FA8/g59__2802/Y                   -       A->Y      R     sky130_fd_sc_hd__nand2_1        1  3.7    53    60    1515    (-,-) 
  BPS1/FA8/g57__3680/Y                   -       A->Y      F     sky130_fd_sc_hd__nand2_1        1  4.2    41    54    1569    (-,-) 
  BPS1/g173/Y                            -       A->Y      R     sky130_fd_sc_hd__clkinv_1       1  3.9    31    44    1613    (-,-) 
  BPS1/g260__7098/Y                      -       A2->Y     F     sky130_fd_sc_hd__o21ai_1        3 11.4   111    92    1705    (-,-) 
  bypass_loop[1].BPS2/FA1/g59__2398/Y    -       A->Y      R     sky130_fd_sc_hd__nand2_1        1  3.7    56    88    1793    (-,-) 
  bypass_loop[1].BPS2/FA1/g57__6417/Y    -       A->Y      F     sky130_fd_sc_hd__nand2_1        2  8.4    69    77    1870    (-,-) 
  bypass_loop[1].BPS2/FA2/g59__6783/Y    -       A->Y      R     sky130_fd_sc_hd__nand2_1        1  3.8    54    70    1940    (-,-) 
  bypass_loop[1].BPS2/FA2/g57__8428/Y    -       B->Y      F     sky130_fd_sc_hd__nand2b_1       2  8.4    79    83    2023    (-,-) 
  bypass_loop[1].BPS2/FA3/g59__5122/Y    -       A->Y      R     sky130_fd_sc_hd__nand2_1        1  3.7    53    74    2097    (-,-) 
  bypass_loop[1].BPS2/FA3/g57__2802/Y    -       A->Y      F     sky130_fd_sc_hd__nand2_1        1  3.6    37    51    2148    (-,-) 
  bypass_loop[1].BPS2/FA4/g2/COUT        -       CI->COUT  F     sky130_fd_sc_hd__fah_1          2  8.4    83   270    2418    (-,-) 
  bypass_loop[1].BPS2/FA5/g59__9945/Y    -       A->Y      R     sky130_fd_sc_hd__nand2_1        1  3.8    54    76    2494    (-,-) 
  bypass_loop[1].BPS2/FA5/g57__6161/Y    -       B->Y      F     sky130_fd_sc_hd__nand2b_1       2  7.0    70    76    2570    (-,-) 
  bypass_loop[1].BPS2/FA6/g59__7410/Y    -       A->Y      R     sky130_fd_sc_hd__nand2_1        1  3.8    54    71    2640    (-,-) 
  bypass_loop[1].BPS2/FA6/g57__1666/Y    -       B->Y      F     sky130_fd_sc_hd__nand2b_1       2  8.4    79    83    2723    (-,-) 
  bypass_loop[1].BPS2/FA7/g59__4319/Y    -       A->Y      R     sky130_fd_sc_hd__nand2_1        1  3.8    54    75    2798    (-,-) 
  bypass_loop[1].BPS2/FA7/g57__5107/Y    -       B->Y      F     sky130_fd_sc_hd__nand2b_1       2 10.3    91    93    2891    (-,-) 
  bypass_loop[1].BPS2/FA8/g59__1617/Y    -       B1->Y     R     sky130_fd_sc_hd__o21ai_2        1  3.8    96    71    2962    (-,-) 
  bypass_loop[1].BPS2/FA8/g57__6783/Y    -       B->Y      F     sky130_fd_sc_hd__nand2b_1       1  4.2    52    71    3033    (-,-) 
  bypass_loop[1].BPS2/g173/Y             -       A->Y      R     sky130_fd_sc_hd__clkinv_1       1  3.8    31    49    3082    (-,-) 
  bypass_loop[1].BPS2/g260__1705/Y       -       B2->Y     F     sky130_fd_sc_hd__o2bb2ai_1      3 11.4   135    94    3176    (-,-) 
  bypass_loop[2].BPS2/FA1/g59__1666/Y    -       A->Y      R     sky130_fd_sc_hd__nand2_1        1  3.8    61    97    3274    (-,-) 
  bypass_loop[2].BPS2/FA1/g57__2883/Y    -       B->Y      F     sky130_fd_sc_hd__nand2b_1       2  8.4    79    85    3359    (-,-) 
  bypass_loop[2].BPS2/FA2/g59__5107/Y    -       A->Y      R     sky130_fd_sc_hd__nand2_1        1  3.8    54    75    3433    (-,-) 
  bypass_loop[2].BPS2/FA2/g57__5477/Y    -       B->Y      F     sky130_fd_sc_hd__nand2b_1       2  8.4    79    83    3516    (-,-) 
  bypass_loop[2].BPS2/FA3/g59__6783/Y    -       A->Y      R     sky130_fd_sc_hd__nand2_1        1  3.8    56    75    3591    (-,-) 
  bypass_loop[2].BPS2/FA3/g57__8428/Y    -       B->Y      F     sky130_fd_sc_hd__nand2b_1       2  8.4    79    84    3675    (-,-) 
  bypass_loop[2].BPS2/FA4/g59__5122/Y    -       A->Y      R     sky130_fd_sc_hd__nand2_1        1  3.8    54    75    3749    (-,-) 
  bypass_loop[2].BPS2/FA4/g57__2802/Y    -       B->Y      F     sky130_fd_sc_hd__nand2b_1       2  8.4    79    83    3833    (-,-) 
  bypass_loop[2].BPS2/FA5/g59__5115/Y    -       A->Y      R     sky130_fd_sc_hd__nand2_1        1  3.8    56    75    3907    (-,-) 
  bypass_loop[2].BPS2/FA5/g57__6131/Y    -       B->Y      F     sky130_fd_sc_hd__nand2b_1       2  8.4    79    84    3991    (-,-) 
  bypass_loop[2].BPS2/FA6/g59__9945/Y    -       A->Y      R     sky130_fd_sc_hd__nand2_1        1  3.8    56    75    4066    (-,-) 
  bypass_loop[2].BPS2/FA6/g57__6161/Y    -       B->Y      F     sky130_fd_sc_hd__nand2b_1       2  8.4    79    84    4149    (-,-) 
  bypass_loop[2].BPS2/FA7/g59__6417/Y    -       A->Y      R     sky130_fd_sc_hd__nand2_1        1  3.8    56    75    4224    (-,-) 
  bypass_loop[2].BPS2/FA7/g57__1666/Y    -       B->Y      F     sky130_fd_sc_hd__nand2b_1       2  7.7    74    80    4304    (-,-) 
  bypass_loop[2].BPS2/FA8/g59__4319/Y    -       B1->Y     R     sky130_fd_sc_hd__o21ai_0        1  3.8   164    91    4395    (-,-) 
  bypass_loop[2].BPS2/FA8/g57__5107/Y    -       B->Y      F     sky130_fd_sc_hd__nand2b_1       1  4.2    58    84    4480    (-,-) 
  bypass_loop[2].BPS2/g173/Y             -       A->Y      R     sky130_fd_sc_hd__clkinv_1       1  3.8    32    51    4531    (-,-) 
  bypass_loop[2].BPS2/g276__5526/Y       -       B2->Y     F     sky130_fd_sc_hd__o2bb2ai_1      3  9.9   125    87    4617    (-,-) 
  bypass_loop[3].BPS2/FA1/g59__6161/Y    -       B1->Y     R     sky130_fd_sc_hd__o21ai_0        1  3.8   164   114    4731    (-,-) 
  bypass_loop[3].BPS2/FA1/g57__7482/Y    -       B->Y      F     sky130_fd_sc_hd__nand2b_1       1  5.8    67    95    4826    (-,-) 
  bypass_loop[3].BPS2/FA2/g57__9945/COUT -       CIN->COUT F     sky130_fd_sc_hd__fa_1           1  5.8    88   386    5212    (-,-) 
  bypass_loop[3].BPS2/FA3/g57__2883/COUT -       CIN->COUT F     sky130_fd_sc_hd__fa_1           1  5.8    88   393    5605    (-,-) 
  bypass_loop[3].BPS2/FA4/g57__2346/COUT -       CIN->COUT F     sky130_fd_sc_hd__fa_1           1  5.8    88   393    5998    (-,-) 
  bypass_loop[3].BPS2/FA5/g57__1666/COUT -       CIN->COUT F     sky130_fd_sc_hd__fa_1           1  5.8    88   393    6392    (-,-) 
  bypass_loop[3].BPS2/FA6/g57__7410/COUT -       CIN->COUT F     sky130_fd_sc_hd__fa_1           1  5.8    88   393    6785    (-,-) 
  bypass_loop[3].BPS2/FA7/g57__6417/COUT -       CIN->COUT F     sky130_fd_sc_hd__fa_1           1  5.8    96   393    7178    (-,-) 
  bypass_loop[3].BPS2/FA8/g57__5477/SUM  -       CIN->SUM  R     sky130_fd_sc_hd__fa_1           1 51.3   506   822    8000    (-,-) 
  S[31]                                  <<<     -         R     (port)                          -    -     -     0    8000    (-,-) 
#------------------------------------------------------------------------------------------------------------------------------------

