============================================================
  Generated by:           Genus(TM) Synthesis Solution 23.12-s086_1
  Generated on:           Apr 07 2025  04:43:47 pm
  Module:                 carry_bypass8_32bits
  Operating conditions:   tt_025C_1v80 
  Interconnect mode:      global
  Area mode:              physical library
============================================================

Timing
-------
  Cost    Critical             Violating 
 Group   Path Slack    TNS       Paths   
-----------------------------------------
default      -805.4   -4760.8          9 
-----------------------------------------
Total                 -4760.8          9 

Instance Count
--------------
Leaf Instance Count             400 
Physical Instance count           0 
Sequential Instance Count         0 
Combinational Instance Count    400 
Hierarchical Instance Count      36 

Area
----
Cell Area                          3271.888
Physical Cell Area                 0.000
Total Cell Area (Cell+Physical)    3271.888
Net Area                           1998.044
Total Area (Cell+Physical+Net)     5269.932

Max Fanout                         4 (n_1)
Min Fanout                         1 (Cout)
Average Fanout                     1.5
Terms to net ratio                 2.3484
Terms to instance ratio            2.7300
Runtime                            36.578630000000004 seconds
Elapsed Runtime                    38 seconds
Genus peak memory usage            1900.71 
Innovus peak memory usage          no_value 
Hostname                           cadmicro-inf-el8-623207
