============================================================
  Generated by:           Genus(TM) Synthesis Solution 23.12-s086_1
  Generated on:           Apr 07 2025  04:43:47 pm
  Module:                 carry_bypass8_32bits
  Operating conditions:   tt_025C_1v80 
  Interconnect mode:      global
  Area mode:              physical library
============================================================

       Instance           Module     Cell-Count  Cell-Area  Net-Area   Total-Area 
----------------------------------------------------------------------------------
carry_bypass8_32bits  NA                    400   3271.888  1998.044     5269.932 
  BPS1                bypass8                82    690.662   277.504      968.166 
    FA1               full_adder              6     55.053    15.228       70.281 
    FA2               full_adder_96          11     75.072    37.157      112.229 
    FA3               full_adder_95          11     77.574    37.157      114.732 
    FA4               full_adder_94           7     65.062    16.969       82.031 
    FA5               full_adder_93           7     65.062    16.969       82.031 
    FA6               full_adder_92           7     65.062    16.969       82.031 
    FA7               full_adder_91           8     68.816    22.016       90.832 
    FA8               full_adder_90           7     65.062    16.969       82.031 
  bypass_loop[1].BPS2 bypass8_7              78    678.150   260.622      938.772 
    FA1               full_adder_89           9     76.323    27.063      103.386 
    FA2               full_adder_88           8     68.816    22.016       90.832 
    FA3               full_adder_87           8     68.816    22.016       90.832 
    FA4               full_adder_86           8     68.816    22.016       90.832 
    FA5               full_adder_85           8     68.816    22.016       90.832 
    FA6               full_adder_84           8     68.816    22.016       90.832 
    FA7               full_adder_83           8     68.816    22.016       90.832 
    FA8               full_adder_82           6     67.565    13.575       81.140 
  bypass_loop[2].BPS2 bypass8_6              71    726.947   241.826      968.773 
    FA1               full_adder_81           7     75.072    18.622       93.694 
    FA2               full_adder_80           7     71.318    18.622       89.940 
    FA3               full_adder_79           7     80.077    18.622       98.699 
    FA4               full_adder_78           7     76.323    18.622       94.945 
    FA5               full_adder_77           7     75.072    18.622       93.694 
    FA6               full_adder_76           7     71.318    20.275       91.594 
    FA7               full_adder_75           7     67.565    20.275       87.840 
    FA8               full_adder_74           7     76.323    20.275       96.599 
  bypass_loop[3].BPS2 bypass8_5              99    888.352   345.118     1233.470 
    FA1               full_adder_73          11    102.598    33.850      136.449 
    FA2               full_adder_72          11    102.598    33.850      136.449 
    FA3               full_adder_71          11    102.598    33.850      136.449 
    FA4               full_adder_70          11    102.598    33.850      136.449 
    FA5               full_adder_69          11     85.082    33.850      118.932 
    FA6               full_adder_68          11     85.082    33.850      118.932 
    FA7               full_adder_67           9     78.826    27.063      105.889 
    FA8               full_adder_66           9     85.082    25.410      110.491 
