============================================================
  Generated by:           Genus(TM) Synthesis Solution 23.12-s086_1
  Generated on:           Apr 07 2025  04:43:47 pm
  Module:                 carry_bypass8_32bits
  Operating conditions:   tt_025C_1v80 
  Interconnect mode:      global
  Area mode:              physical library
============================================================


Path 1: VIOLATED (-805 ps) Path Delay Check
     Startpoint: (F) A[0]
       Endpoint: (R) S[31]

                   Capture    Launch  
      Path Delay:+    3620         -  
      Drv Adjust:+       0         0  
         Arrival:=    3620            
                                      
   Required Time:=    3620            
       Data Path:-    4425            
           Slack:=    -805            

Exceptions/Constraints:
  max_delay             3620            constraints.sdc_line_1 

#----------------------------------------------------------------------------------------------------------------------------
#            Timing Point              Flags   Arc   Edge           Cell            Fanout Load Trans Delay Arrival Instance 
#                                                                                          (fF)  (ps)  (ps)   (ps)  Location 
#----------------------------------------------------------------------------------------------------------------------------
  A[0]                                 -       -     F     (arrival)                     1  8.0  1000     0       0    (-,-) 
  g21/X                                -       A->X  F     sky130_fd_sc_hd__buf_8        4 18.0    54   422     422    (-,-) 
  BPS1/FA1/g60/Y                       -       A->Y  R     sky130_fd_sc_hd__nor2_4       1  6.0    72   104     527    (-,-) 
  BPS1/FA1/g58/Y                       -       A2->Y F     sky130_fd_sc_hd__o21ai_2      2 11.8    62    77     603    (-,-) 
  BPS1/FA2/g124__3680/Y                -       A->Y  R     sky130_fd_sc_hd__nand2_4      1 10.1    55    67     670    (-,-) 
  BPS1/FA2/g122__5526/Y                -       A->Y  F     sky130_fd_sc_hd__nand2_4      2 11.8    38    51     721    (-,-) 
  BPS1/FA3/g124__7098/Y                -       A->Y  R     sky130_fd_sc_hd__nand2_4      1 10.1    52    57     778    (-,-) 
  BPS1/FA3/g122__5122/Y                -       A->Y  F     sky130_fd_sc_hd__nand2_4      2 11.8    38    50     828    (-,-) 
  BPS1/FA4/g124__6161/Y                -       A->Y  R     sky130_fd_sc_hd__nand2_4      1 10.1    52    56     885    (-,-) 
  BPS1/FA4/g122__7482/Y                -       A->Y  F     sky130_fd_sc_hd__nand2_4      2 11.8    38    50     935    (-,-) 
  BPS1/FA5/g124__7410/Y                -       A->Y  R     sky130_fd_sc_hd__nand2_4      1 10.1    52    56     991    (-,-) 
  BPS1/FA5/g122__2346/Y                -       A->Y  F     sky130_fd_sc_hd__nand2_4      2 11.8    38    50    1042    (-,-) 
  BPS1/FA6/g124__4319/Y                -       A->Y  R     sky130_fd_sc_hd__nand2_4      1 10.1    52    56    1098    (-,-) 
  BPS1/FA6/g122__5107/Y                -       A->Y  F     sky130_fd_sc_hd__nand2_4      2 11.8    38    50    1148    (-,-) 
  BPS1/FA7/g124__2802/Y                -       A->Y  R     sky130_fd_sc_hd__nand2_4      1 10.1    52    56    1205    (-,-) 
  BPS1/FA7/g122__3680/Y                -       A->Y  F     sky130_fd_sc_hd__nand2_4      2 11.8    38    50    1255    (-,-) 
  BPS1/FA8/g124__1881/Y                -       A->Y  R     sky130_fd_sc_hd__nand2_4      1 10.1    52    56    1312    (-,-) 
  BPS1/FA8/g122__7098/Y                -       A->Y  F     sky130_fd_sc_hd__nand2_4      1  9.6    34    47    1359    (-,-) 
  BPS1/g5/Y                            -       A->Y  R     sky130_fd_sc_hd__nand2_4      1 10.1    52    55    1414    (-,-) 
  BPS1/g1/Y                            -       A->Y  F     sky130_fd_sc_hd__nand2_4      3 13.8    42    54    1467    (-,-) 
  bypass_loop[1].BPS2/FA1/g124__5526/Y -       A->Y  R     sky130_fd_sc_hd__nand2_4      1 10.1    52    58    1525    (-,-) 
  bypass_loop[1].BPS2/FA1/g122__4319/Y -       A->Y  F     sky130_fd_sc_hd__nand2_4      2 11.8    38    50    1576    (-,-) 
  bypass_loop[1].BPS2/FA2/g124__5122/Y -       A->Y  R     sky130_fd_sc_hd__nand2_4      1 10.1    52    56    1632    (-,-) 
  bypass_loop[1].BPS2/FA2/g122__2802/Y -       A->Y  F     sky130_fd_sc_hd__nand2_4      2 11.8    38    50    1682    (-,-) 
  bypass_loop[1].BPS2/FA3/g124__7482/Y -       A->Y  R     sky130_fd_sc_hd__nand2_4      1 10.1    52    56    1739    (-,-) 
  bypass_loop[1].BPS2/FA3/g122__1881/Y -       A->Y  F     sky130_fd_sc_hd__nand2_4      2 11.8    38    50    1789    (-,-) 
  bypass_loop[1].BPS2/FA4/g124__2346/Y -       A->Y  R     sky130_fd_sc_hd__nand2_4      1 10.1    52    56    1846    (-,-) 
  bypass_loop[1].BPS2/FA4/g122__9945/Y -       A->Y  F     sky130_fd_sc_hd__nand2_4      2 11.8    38    50    1896    (-,-) 
  bypass_loop[1].BPS2/FA5/g124__5107/Y -       A->Y  R     sky130_fd_sc_hd__nand2_4      1 10.1    52    56    1952    (-,-) 
  bypass_loop[1].BPS2/FA5/g122__5477/Y -       A->Y  F     sky130_fd_sc_hd__nand2_4      2 11.8    38    50    2003    (-,-) 
  bypass_loop[1].BPS2/FA6/g124__3680/Y -       A->Y  R     sky130_fd_sc_hd__nand2_4      1 10.1    52    56    2059    (-,-) 
  bypass_loop[1].BPS2/FA6/g122__5526/Y -       A->Y  F     sky130_fd_sc_hd__nand2_4      2 11.8    38    50    2110    (-,-) 
  bypass_loop[1].BPS2/FA7/g124__7098/Y -       A->Y  R     sky130_fd_sc_hd__nand2_4      1 10.1    52    56    2166    (-,-) 
  bypass_loop[1].BPS2/FA7/g122__5122/Y -       A->Y  F     sky130_fd_sc_hd__nand2_4      2 11.8    38    50    2216    (-,-) 
  bypass_loop[1].BPS2/FA8/g124__4733/Y -       A->Y  R     sky130_fd_sc_hd__nand2_4      1 10.1    52    56    2273    (-,-) 
  bypass_loop[1].BPS2/FA8/g122__7482/Y -       A->Y  F     sky130_fd_sc_hd__nand2_4      1  9.6    34    47    2320    (-,-) 
  bypass_loop[1].BPS2/g78/Y            -       A->Y  R     sky130_fd_sc_hd__nand2_4      1 10.1    58    55    2375    (-,-) 
  bypass_loop[1].BPS2/g1/Y             -       A->Y  F     sky130_fd_sc_hd__nand2_4      3 13.8    42    55    2430    (-,-) 
  bypass_loop[2].BPS2/FA1/g124__2802/Y -       A->Y  R     sky130_fd_sc_hd__nand2_4      1 10.1    52    58    2488    (-,-) 
  bypass_loop[2].BPS2/FA1/g122__1617/Y -       A->Y  F     sky130_fd_sc_hd__nand2_4      2 11.8    38    50    2538    (-,-) 
  bypass_loop[2].BPS2/FA2/g124__6131/Y -       A->Y  R     sky130_fd_sc_hd__nand2_4      1 10.1    52    56    2595    (-,-) 
  bypass_loop[2].BPS2/FA2/g122__7098/Y -       A->Y  F     sky130_fd_sc_hd__nand2_4      2 11.8    38    50    2645    (-,-) 
  bypass_loop[2].BPS2/FA3/g124__6161/Y -       A->Y  R     sky130_fd_sc_hd__nand2_4      1 10.1    52    56    2702    (-,-) 
  bypass_loop[2].BPS2/FA3/g122__4733/Y -       A->Y  F     sky130_fd_sc_hd__nand2_4      2 11.8    38    50    2752    (-,-) 
  bypass_loop[2].BPS2/FA4/g124__7410/Y -       A->Y  R     sky130_fd_sc_hd__nand2_4      1 10.1    52    56    2809    (-,-) 
  bypass_loop[2].BPS2/FA4/g122__2346/Y -       A->Y  F     sky130_fd_sc_hd__nand2_4      2 11.8    38    50    2859    (-,-) 
  bypass_loop[2].BPS2/FA5/g124__4319/Y -       A->Y  R     sky130_fd_sc_hd__nand2_4      1 10.1    52    56    2915    (-,-) 
  bypass_loop[2].BPS2/FA5/g122__5107/Y -       A->Y  F     sky130_fd_sc_hd__nand2_4      2 11.8    38    50    2966    (-,-) 
  bypass_loop[2].BPS2/FA6/g124__2802/Y -       A->Y  R     sky130_fd_sc_hd__nand2_4      1 10.1    52    56    3022    (-,-) 
  bypass_loop[2].BPS2/FA6/g122__3680/Y -       A->Y  F     sky130_fd_sc_hd__nand2_4      2 11.8    38    50    3072    (-,-) 
  bypass_loop[2].BPS2/FA7/g124__1881/Y -       A->Y  R     sky130_fd_sc_hd__nand2_4      1 10.1    52    57    3129    (-,-) 
  bypass_loop[2].BPS2/FA7/g122__7098/Y -       A->Y  F     sky130_fd_sc_hd__nand2_4      2 11.8    38    50    3179    (-,-) 
  bypass_loop[2].BPS2/FA8/g124__9945/Y -       A->Y  R     sky130_fd_sc_hd__nand2_4      1 10.1    52    57    3236    (-,-) 
  bypass_loop[2].BPS2/FA8/g122__6161/Y -       A->Y  F     sky130_fd_sc_hd__nand2_4      1  9.6    34    47    3283    (-,-) 
  bypass_loop[2].BPS2/g19/Y            -       A->Y  R     sky130_fd_sc_hd__nand2_4      1 10.1    66    55    3338    (-,-) 
  bypass_loop[2].BPS2/g18/Y            -       A->Y  F     sky130_fd_sc_hd__nand2_4      3 14.0    44    58    3395    (-,-) 
  bypass_loop[3].BPS2/FA1/g124__7098/Y -       A->Y  R     sky130_fd_sc_hd__nand2_4      1 10.1    52    59    3455    (-,-) 
  bypass_loop[3].BPS2/FA1/g122__5122/Y -       A->Y  F     sky130_fd_sc_hd__nand2_4      2 11.8    38    50    3505    (-,-) 
  bypass_loop[3].BPS2/FA2/g124__6161/Y -       A->Y  R     sky130_fd_sc_hd__nand2_4      1 10.1    52    57    3562    (-,-) 
  bypass_loop[3].BPS2/FA2/g122__7482/Y -       A->Y  F     sky130_fd_sc_hd__nand2_4      2 11.8    38    50    3612    (-,-) 
  bypass_loop[3].BPS2/FA3/g124__7410/Y -       A->Y  R     sky130_fd_sc_hd__nand2_4      1 10.1    52    57    3669    (-,-) 
  bypass_loop[3].BPS2/FA3/g122__2346/Y -       A->Y  F     sky130_fd_sc_hd__nand2_4      2 11.8    38    50    3719    (-,-) 
  bypass_loop[3].BPS2/FA4/g124__4319/Y -       A->Y  R     sky130_fd_sc_hd__nand2_4      1 10.1    52    57    3776    (-,-) 
  bypass_loop[3].BPS2/FA4/g122__5107/Y -       A->Y  F     sky130_fd_sc_hd__nand2_4      2 11.8    38    50    3826    (-,-) 
  bypass_loop[3].BPS2/FA5/g124__2802/Y -       A->Y  R     sky130_fd_sc_hd__nand2_4      1 10.1    52    57    3882    (-,-) 
  bypass_loop[3].BPS2/FA5/g122__3680/Y -       A->Y  F     sky130_fd_sc_hd__nand2_4      2 11.8    38    50    3933    (-,-) 
  bypass_loop[3].BPS2/FA6/g124__1881/Y -       A->Y  R     sky130_fd_sc_hd__nand2_4      1 10.1    52    57    3989    (-,-) 
  bypass_loop[3].BPS2/FA6/g122__7098/Y -       A->Y  F     sky130_fd_sc_hd__nand2_4      2 12.4    39    51    4041    (-,-) 
  bypass_loop[3].BPS2/FA7/g126__2883/Y -       A->Y  R     sky130_fd_sc_hd__nand2_4      1 10.1    52    57    4098    (-,-) 
  bypass_loop[3].BPS2/FA7/g122__6161/Y -       A->Y  F     sky130_fd_sc_hd__nand2_4      3 15.3    45    56    4154    (-,-) 
  bypass_loop[3].BPS2/FA8/fopt/Y       -       A->Y  R     sky130_fd_sc_hd__inv_1        1  5.9    59    66    4220    (-,-) 
  bypass_loop[3].BPS2/FA8/g125__5107/Y -       A->Y  F     sky130_fd_sc_hd__nand2_2      1  9.6    50    61    4281    (-,-) 
  bypass_loop[3].BPS2/FA8/g123__2398/Y -       A->Y  R     sky130_fd_sc_hd__nand2_4      1 51.3   165   144    4425    (-,-) 
  S[31]                                <<<     -     R     (port)                        -    -     -     0    4425    (-,-) 
#----------------------------------------------------------------------------------------------------------------------------

