============================================================
  Generated by:           Genus(TM) Synthesis Solution 23.12-s086_1
  Generated on:           Apr 07 2025  05:27:59 pm
  Module:                 carry_skip4_32bits
  Operating conditions:   tt_025C_1v80 
  Interconnect mode:      global
  Area mode:              physical library
============================================================

Timing
-------
  Cost    Critical         Violating 
 Group   Path Slack  TNS     Paths   
-------------------------------------
default         0.8   0.0          0 
-------------------------------------
Total                 0.0          0 

Instance Count
--------------
Leaf Instance Count             379 
Physical Instance count           0 
Sequential Instance Count         0 
Combinational Instance Count    379 
Hierarchical Instance Count      40 

Area
----
Cell Area                          2337.242
Physical Cell Area                 0.000
Total Cell Area (Cell+Physical)    2337.242
Net Area                           1897.015
Total Area (Cell+Physical+Net)     4234.257

Max Fanout                         4 (n_0)
Min Fanout                         1 (Cout)
Average Fanout                     1.5
Terms to net ratio                 2.3288
Terms to instance ratio            2.7282
Runtime                            14.650998000000001 seconds
Elapsed Runtime                    17 seconds
Genus peak memory usage            1892.36 
Innovus peak memory usage          no_value 
Hostname                           cadmicro-inf-el8-623207
