============================================================
  Generated by:           Genus(TM) Synthesis Solution 23.12-s086_1
  Generated on:           Apr 07 2025  05:27:59 pm
  Module:                 carry_skip4_32bits
  Operating conditions:   tt_025C_1v80 
  Interconnect mode:      global
  Area mode:              physical library
============================================================


Path 1: MET (1 ps) Path Delay Check
     Startpoint: (F) B[0]
       Endpoint: (R) S[28]

                   Capture    Launch  
      Path Delay:+    5014         -  
      Drv Adjust:+       0         0  
         Arrival:=    5014            
                                      
   Required Time:=    5014            
       Data Path:-    5013            
           Slack:=       1            

Exceptions/Constraints:
  max_delay             5014            constraints.sdc_line_1 

#-----------------------------------------------------------------------------------------------------------------------------
#            Timing Point              Flags   Arc   Edge           Cell             Fanout Load Trans Delay Arrival Instance 
#                                                                                           (fF)  (ps)  (ps)   (ps)  Location 
#-----------------------------------------------------------------------------------------------------------------------------
  B[0]                                 -       -     F     (arrival)                      1  8.0  1000     0       0    (-,-) 
  g14/X                                -       A->X  F     sky130_fd_sc_hd__buf_8         4 22.2    56   427     427    (-,-) 
  CSKIP1/FA1/g194__4319/Y              -       A->Y  R     sky130_fd_sc_hd__nor2_4        1  6.0    72   105     532    (-,-) 
  CSKIP1/FA1/g191__2398/Y              -       A2->Y F     sky130_fd_sc_hd__o21ai_2       2  8.2    50    66     598    (-,-) 
  CSKIP1/FA2/g124__3680/Y              -       A->Y  R     sky130_fd_sc_hd__nand2_2       1  5.9    51    61     659    (-,-) 
  CSKIP1/FA2/g122__5526/Y              -       A->Y  F     sky130_fd_sc_hd__nand2_2       2  7.8    44    54     713    (-,-) 
  CSKIP1/FA3/g124__7098/Y              -       A->Y  R     sky130_fd_sc_hd__nand2_2       1  5.9    51    58     771    (-,-) 
  CSKIP1/FA3/g122__5122/Y              -       A->Y  F     sky130_fd_sc_hd__nand2_2       2  6.2    38    49     820    (-,-) 
  CSKIP1/FA4/g124__6161/Y              -       A->Y  R     sky130_fd_sc_hd__nand2_1       1  3.7    53    56     876    (-,-) 
  CSKIP1/FA4/g122__7482/Y              -       A->Y  F     sky130_fd_sc_hd__nand2_1       1  4.2    41    54     930    (-,-) 
  CSKIP1/g74/Y                         -       A->Y  R     sky130_fd_sc_hd__clkinv_1      1  5.9    41    52     983    (-,-) 
  CSKIP1/g183__2346/Y                  -       A->Y  F     sky130_fd_sc_hd__nand2_2       3 11.1    58    60    1042    (-,-) 
  skip_loop[1].CSKIP2/FA1/g124__8428/Y -       A->Y  R     sky130_fd_sc_hd__nand2_2       1  5.9    52    64    1106    (-,-) 
  skip_loop[1].CSKIP2/FA1/g122__6260/Y -       A->Y  F     sky130_fd_sc_hd__nand2_2       2  8.2    45    55    1162    (-,-) 
  skip_loop[1].CSKIP2/FA2/g124__1705/Y -       A->Y  R     sky130_fd_sc_hd__nand2_2       1  5.9    54    58    1220    (-,-) 
  skip_loop[1].CSKIP2/FA2/g122__1617/Y -       A->Y  F     sky130_fd_sc_hd__nand2_2       2  8.2    45    56    1276    (-,-) 
  skip_loop[1].CSKIP2/FA3/g124__5115/Y -       A->Y  R     sky130_fd_sc_hd__nand2_2       1  5.9    54    58    1334    (-,-) 
  skip_loop[1].CSKIP2/FA3/g122__6131/Y -       A->Y  F     sky130_fd_sc_hd__nand2_2       2  8.2    45    56    1390    (-,-) 
  skip_loop[1].CSKIP2/FA4/g124__2883/Y -       A->Y  R     sky130_fd_sc_hd__nand2_2       1  3.7    44    50    1440    (-,-) 
  skip_loop[1].CSKIP2/FA4/g122__9315/Y -       A->Y  F     sky130_fd_sc_hd__nand2_1       1  5.6    50    58    1498    (-,-) 
  skip_loop[1].CSKIP2/g74/Y            -       A->Y  R     sky130_fd_sc_hd__inv_2         1 10.1    54    66    1564    (-,-) 
  skip_loop[1].CSKIP2/g152__6417/Y     -       A->Y  F     sky130_fd_sc_hd__nand2_4       3 11.1    42    50    1614    (-,-) 
  skip_loop[2].CSKIP2/FA1/g124__3680/Y -       A->Y  R     sky130_fd_sc_hd__nand2_2       1  5.9    52    57    1671    (-,-) 
  skip_loop[2].CSKIP2/FA1/g122__5526/Y -       A->Y  F     sky130_fd_sc_hd__nand2_2       2  8.2    45    55    1726    (-,-) 
  skip_loop[2].CSKIP2/FA2/g124__7098/Y -       A->Y  R     sky130_fd_sc_hd__nand2_2       1  5.9    54    58    1785    (-,-) 
  skip_loop[2].CSKIP2/FA2/g122__5122/Y -       A->Y  F     sky130_fd_sc_hd__nand2_2       2  8.2    45    56    1840    (-,-) 
  skip_loop[2].CSKIP2/FA3/g124__6161/Y -       A->Y  R     sky130_fd_sc_hd__nand2_2       1  5.9    54    58    1899    (-,-) 
  skip_loop[2].CSKIP2/FA3/g122__7482/Y -       A->Y  F     sky130_fd_sc_hd__nand2_2       2  7.8    44    55    1953    (-,-) 
  skip_loop[2].CSKIP2/FA4/g124__7410/Y -       A->Y  R     sky130_fd_sc_hd__nand2_2       1  5.9    54    58    2011    (-,-) 
  skip_loop[2].CSKIP2/FA4/g122__2346/Y -       A->Y  F     sky130_fd_sc_hd__nand2_2       1  5.6    36    48    2059    (-,-) 
  skip_loop[2].CSKIP2/g74/Y            -       A->Y  R     sky130_fd_sc_hd__inv_2         1 10.1    53    60    2119    (-,-) 
  skip_loop[2].CSKIP2/g152__5107/Y     -       A->Y  F     sky130_fd_sc_hd__nand2_4       3 11.1    42    50    2169    (-,-) 
  skip_loop[3].CSKIP2/FA1/g124__1705/Y -       A->Y  R     sky130_fd_sc_hd__nand2_2       1  5.9    52    57    2226    (-,-) 
  skip_loop[3].CSKIP2/FA1/g122__1617/Y -       A->Y  F     sky130_fd_sc_hd__nand2_2       2  8.2    45    55    2281    (-,-) 
  skip_loop[3].CSKIP2/FA2/g124__5115/Y -       A->Y  R     sky130_fd_sc_hd__nand2_2       1  5.9    54    58    2340    (-,-) 
  skip_loop[3].CSKIP2/FA2/g122__6131/Y -       A->Y  F     sky130_fd_sc_hd__nand2_2       2  8.2    45    56    2395    (-,-) 
  skip_loop[3].CSKIP2/FA3/g124__2883/Y -       A->Y  R     sky130_fd_sc_hd__nand2_2       1  5.9    54    58    2454    (-,-) 
  skip_loop[3].CSKIP2/FA3/g122__9315/Y -       A->Y  F     sky130_fd_sc_hd__nand2_2       2  8.2    45    56    2509    (-,-) 
  skip_loop[3].CSKIP2/FA4/g124__2398/Y -       A->Y  R     sky130_fd_sc_hd__nand2_2       1  5.9    54    58    2568    (-,-) 
  skip_loop[3].CSKIP2/FA4/g122__6417/Y -       A->Y  F     sky130_fd_sc_hd__nand2_2       1  5.6    36    48    2616    (-,-) 
  skip_loop[3].CSKIP2/g159/Y           -       A->Y  R     sky130_fd_sc_hd__inv_2         1 10.1    53    60    2676    (-,-) 
  skip_loop[3].CSKIP2/g152__8428/Y     -       A->Y  F     sky130_fd_sc_hd__nand2_4       3 10.8    42    49    2725    (-,-) 
  skip_loop[4].CSKIP2/FA1/g124__7098/Y -       A->Y  R     sky130_fd_sc_hd__nand2_2       1  5.9    54    57    2782    (-,-) 
  skip_loop[4].CSKIP2/FA1/g122__5122/Y -       A->Y  F     sky130_fd_sc_hd__nand2_2       2  8.2    45    56    2838    (-,-) 
  skip_loop[4].CSKIP2/FA2/g124__6161/Y -       A->Y  R     sky130_fd_sc_hd__nand2_2       1  5.9    54    59    2896    (-,-) 
  skip_loop[4].CSKIP2/FA2/g122__7482/Y -       A->Y  F     sky130_fd_sc_hd__nand2_2       2  7.8    44    55    2951    (-,-) 
  skip_loop[4].CSKIP2/FA3/g124__7410/Y -       A->Y  R     sky130_fd_sc_hd__nand2_2       1  5.9    54    58    3009    (-,-) 
  skip_loop[4].CSKIP2/FA3/g122__2346/Y -       A->Y  F     sky130_fd_sc_hd__nand2_2       2  7.8    44    55    3063    (-,-) 
  skip_loop[4].CSKIP2/FA4/g124__4319/Y -       A->Y  R     sky130_fd_sc_hd__nand2_2       1  5.9    54    58    3121    (-,-) 
  skip_loop[4].CSKIP2/FA4/g122__5107/Y -       A->Y  F     sky130_fd_sc_hd__nand2_2       1  5.6    36    48    3169    (-,-) 
  skip_loop[4].CSKIP2/g159/Y           -       A->Y  R     sky130_fd_sc_hd__inv_2         1 10.1    53    60    3229    (-,-) 
  skip_loop[4].CSKIP2/g152__3680/Y     -       A->Y  F     sky130_fd_sc_hd__nand2_4       3 13.6    47    53    3283    (-,-) 
  skip_loop[5].CSKIP2/FA1/g124__1881/Y -       A->Y  R     sky130_fd_sc_hd__nand2_2       1  5.9    54    59    3342    (-,-) 
  skip_loop[5].CSKIP2/FA1/g122__6131/Y -       A->Y  F     sky130_fd_sc_hd__nand2_2       2  8.2    46    56    3398    (-,-) 
  skip_loop[5].CSKIP2/FA2/g124__9315/Y -       A->Y  R     sky130_fd_sc_hd__nand2_2       1  5.9    54    59    3456    (-,-) 
  skip_loop[5].CSKIP2/FA2/g122__6161/Y -       A->Y  F     sky130_fd_sc_hd__nand2_2       2  8.2    46    56    3512    (-,-) 
  skip_loop[5].CSKIP2/FA3/g124__7410/Y -       A->Y  R     sky130_fd_sc_hd__nand2_2       1  5.9    54    59    3570    (-,-) 
  skip_loop[5].CSKIP2/FA3/g122__1666/Y -       A->Y  F     sky130_fd_sc_hd__nand2_2       2  8.2    46    56    3626    (-,-) 
  skip_loop[5].CSKIP2/FA4/g124__6260/Y -       A->Y  R     sky130_fd_sc_hd__nand2_2       1  5.9    54    59    3685    (-,-) 
  skip_loop[5].CSKIP2/FA4/g122__5107/Y -       A->Y  F     sky130_fd_sc_hd__nand2_2       1  5.6    36    48    3733    (-,-) 
  skip_loop[5].CSKIP2/g164/Y           -       A->Y  R     sky130_fd_sc_hd__inv_2         1  5.9    35    47    3780    (-,-) 
  skip_loop[5].CSKIP2/g157__6783/Y     -       A->Y  F     sky130_fd_sc_hd__nand2_2       3 10.8    54    57    3837    (-,-) 
  skip_loop[6].CSKIP2/FA1/g124__1881/Y -       A->Y  R     sky130_fd_sc_hd__nand2_2       1  5.9    54    62    3899    (-,-) 
  skip_loop[6].CSKIP2/FA1/g122__7098/Y -       A->Y  F     sky130_fd_sc_hd__nand2_2       2  8.2    46    56    3955    (-,-) 
  skip_loop[6].CSKIP2/FA2/g124__9945/Y -       A->Y  R     sky130_fd_sc_hd__nand2_2       1  5.9    54    59    4014    (-,-) 
  skip_loop[6].CSKIP2/FA2/g122__6161/Y -       A->Y  F     sky130_fd_sc_hd__nand2_2       2  7.8    44    55    4068    (-,-) 
  skip_loop[6].CSKIP2/FA3/g124__5477/Y -       A->Y  R     sky130_fd_sc_hd__nand2_2       1  5.9    54    58    4126    (-,-) 
  skip_loop[6].CSKIP2/FA3/g122__7410/Y -       A->Y  F     sky130_fd_sc_hd__nand2_2       2  7.8    44    55    4181    (-,-) 
  skip_loop[6].CSKIP2/FA4/g124__5526/Y -       A->Y  R     sky130_fd_sc_hd__nand2_2       1  5.9    54    58    4239    (-,-) 
  skip_loop[6].CSKIP2/FA4/g122__4319/Y -       A->Y  F     sky130_fd_sc_hd__nand2_2       1  6.1    38    50    4288    (-,-) 
  skip_loop[6].CSKIP2/g174/Y           -       A->Y  R     sky130_fd_sc_hd__clkinv_2      1  5.9    30    43    4331    (-,-) 
  skip_loop[6].CSKIP2/g167__2802/Y     -       A->Y  F     sky130_fd_sc_hd__nand2_2       3 10.8    54    55    4387    (-,-) 
  skip_loop[7].CSKIP2/FA1/g129/X       -       A->X  F     sky130_fd_sc_hd__clkbuf_1      1  4.7    38   100    4487    (-,-) 
  skip_loop[7].CSKIP2/FA1/g2/X         -       C->X  R     sky130_fd_sc_hd__xor3_1        1 51.3   520   526    5013    (-,-) 
  S[28]                                <<<     -     R     (port)                         -    -     -     0    5013    (-,-) 
#-----------------------------------------------------------------------------------------------------------------------------

