Hinst Name                           Module Name                     Inst Count           Total Area               Buffer             Inverter        Combinational                 Flop                Latch           Clock Gate                Macro             Physical
-------------------------------------------------------------------------------------------------------------------------------------------------------------------------------------------------------------------------------------------------------------------------------------
carry_increment_32bits                                                      216             1782.960                0.000               43.792             1174.877                0.000                0.000                0.000                0.000              564.291
  RCA1                               ripple_carry_adder_WIDTH4               23              145.139                0.000                7.507              137.632                0.000                0.000                0.000                0.000                0.000
    RCA1/F1A                         full_adder                               7               42.541                0.000                7.507               35.034                0.000                0.000                0.000                0.000                0.000
    RCA1/full_adder_loop[1].FA       full_adder_91                            6               35.034                0.000                0.000               35.034                0.000                0.000                0.000                0.000                0.000
    RCA1/full_adder_loop[2].FA       full_adder_90                            6               35.034                0.000                0.000               35.034                0.000                0.000                0.000                0.000                0.000
    RCA1/full_adder_loop[3].FA       full_adder_89                            4               32.531                0.000                0.000               32.531                0.000                0.000                0.000                0.000                0.000
  RCAS[1].RCA2                       ripple_carry_adder_WIDTH4_7_98          12              125.120                0.000                7.507              117.613                0.000                0.000                0.000                0.000                0.000
    RCAS[1].RCA2/F1A                 full_adder_24_93                         1               25.024                0.000                0.000               25.024                0.000                0.000                0.000                0.000                0.000
    RCAS[1].RCA2/full_adder_loop[1].FA full_adder_88                            6               43.792                0.000                7.507               36.285                0.000                0.000                0.000                0.000                0.000
    RCAS[1].RCA2/full_adder_loop[2].FA full_adder_87                            4               36.285                0.000                0.000               36.285                0.000                0.000                0.000                0.000                0.000
    RCAS[1].RCA2/full_adder_loop[3].FA full_adder_86                            1               20.019                0.000                0.000               20.019                0.000                0.000                0.000                0.000                0.000
  RCAS[2].RCA2                       ripple_carry_adder_WIDTH4_7_99           5               75.072                0.000                0.000               75.072                0.000                0.000                0.000                0.000                0.000
    RCAS[2].RCA2/F1A                 full_adder_24_94                         2               12.512                0.000                0.000               12.512                0.000                0.000                0.000                0.000                0.000
    RCAS[2].RCA2/full_adder_loop[1].FA full_adder_85                            1               22.522                0.000                0.000               22.522                0.000                0.000                0.000                0.000                0.000
    RCAS[2].RCA2/full_adder_loop[2].FA full_adder_84                            1               20.019                0.000                0.000               20.019                0.000                0.000                0.000                0.000                0.000
    RCAS[2].RCA2/full_adder_loop[3].FA full_adder_83                            1               20.019                0.000                0.000               20.019                0.000                0.000                0.000                0.000                0.000
  RCAS[3].RCA2                       ripple_carry_adder_WIDTH4_7_100          4               72.570                0.000                0.000               72.570                0.000                0.000                0.000                0.000                0.000
    RCAS[3].RCA2/F1A                 full_adder_24_95                         1               12.512                0.000                0.000               12.512                0.000                0.000                0.000                0.000                0.000
    RCAS[3].RCA2/full_adder_loop[1].FA full_adder_82                            1               20.019                0.000                0.000               20.019                0.000                0.000                0.000                0.000                0.000
    RCAS[3].RCA2/full_adder_loop[2].FA full_adder_81                            1               20.019                0.000                0.000               20.019                0.000                0.000                0.000                0.000                0.000
    RCAS[3].RCA2/full_adder_loop[3].FA full_adder_80                            1               20.019                0.000                0.000               20.019                0.000                0.000                0.000                0.000                0.000
  RCAS[4].RCA2                       ripple_carry_adder_WIDTH4_7_101          4               72.570                0.000                0.000               72.570                0.000                0.000                0.000                0.000                0.000
    RCAS[4].RCA2/F1A                 full_adder_24_96                         1               12.512                0.000                0.000               12.512                0.000                0.000                0.000                0.000                0.000
    RCAS[4].RCA2/full_adder_loop[1].FA full_adder_79                            1               20.019                0.000                0.000               20.019                0.000                0.000                0.000                0.000                0.000
    RCAS[4].RCA2/full_adder_loop[2].FA full_adder_78                            1               20.019                0.000                0.000               20.019                0.000                0.000                0.000                0.000                0.000
    RCAS[4].RCA2/full_adder_loop[3].FA full_adder_77                            1               20.019                0.000                0.000               20.019                0.000                0.000                0.000                0.000                0.000
  RCAS[5].RCA2                       ripple_carry_adder_WIDTH4_7_102          4               72.570                0.000                0.000               72.570                0.000                0.000                0.000                0.000                0.000
    RCAS[5].RCA2/F1A                 full_adder_24_97                         1               12.512                0.000                0.000               12.512                0.000                0.000                0.000                0.000                0.000
    RCAS[5].RCA2/full_adder_loop[1].FA full_adder_76                            1               20.019                0.000                0.000               20.019                0.000                0.000                0.000                0.000                0.000
    RCAS[5].RCA2/full_adder_loop[2].FA full_adder_75                            1               20.019                0.000                0.000               20.019                0.000                0.000                0.000                0.000                0.000
    RCAS[5].RCA2/full_adder_loop[3].FA full_adder_74                            1               20.019                0.000                0.000               20.019                0.000                0.000                0.000                0.000                0.000
  RCAS[6].RCA2                       ripple_carry_adder_WIDTH4_7_103          4               72.570                0.000                0.000               72.570                0.000                0.000                0.000                0.000                0.000
    RCAS[6].RCA2/F1A                 full_adder_24                            1               12.512                0.000                0.000               12.512                0.000                0.000                0.000                0.000                0.000
    RCAS[6].RCA2/full_adder_loop[1].FA full_adder_73                            1               20.019                0.000                0.000               20.019                0.000                0.000                0.000                0.000                0.000
    RCAS[6].RCA2/full_adder_loop[2].FA full_adder_72                            1               20.019                0.000                0.000               20.019                0.000                0.000                0.000                0.000                0.000
    RCAS[6].RCA2/full_adder_loop[3].FA full_adder_71                            1               20.019                0.000                0.000               20.019                0.000                0.000                0.000                0.000                0.000
  RCAS[7].RCA2                       ripple_carry_adder_WIDTH4_7              4               72.570                0.000                0.000               72.570                0.000                0.000                0.000                0.000                0.000
    RCAS[7].RCA2/F1A                 full_adder_24_92                         1               12.512                0.000                0.000               12.512                0.000                0.000                0.000                0.000                0.000
    RCAS[7].RCA2/full_adder_loop[1].FA full_adder_70                            1               20.019                0.000                0.000               20.019                0.000                0.000                0.000                0.000                0.000
    RCAS[7].RCA2/full_adder_loop[2].FA full_adder_69                            1               20.019                0.000                0.000               20.019                0.000                0.000                0.000                0.000                0.000
    RCAS[7].RCA2/full_adder_loop[3].FA full_adder_68                            1               20.019                0.000                0.000               20.019                0.000                0.000                0.000                0.000                0.000
