    Hinst Name                       Module Name                     Inst Count           Total Area
-------------------------------------------------------------------------------------------------
carry_increment_32bits                                                      110             1218.669
  RCA1                               ripple_carry_adder_WIDTH4               23              145.139
    RCA1/F1A                         full_adder                               7               42.541
    RCA1/full_adder_loop[1].FA       full_adder_91                            6               35.034
    RCA1/full_adder_loop[2].FA       full_adder_90                            6               35.034
    RCA1/full_adder_loop[3].FA       full_adder_89                            4               32.531
  RCAS[1].RCA2                       ripple_carry_adder_WIDTH4_7_98          12              125.120
    RCAS[1].RCA2/F1A                 full_adder_24_93                         1               25.024
    RCAS[1].RCA2/full_adder_loop[1].FA full_adder_88                            6               43.792
    RCAS[1].RCA2/full_adder_loop[2].FA full_adder_87                            4               36.285
    RCAS[1].RCA2/full_adder_loop[3].FA full_adder_86                            1               20.019
  RCAS[2].RCA2                       ripple_carry_adder_WIDTH4_7_99           5               75.072
    RCAS[2].RCA2/F1A                 full_adder_24_94                         2               12.512
    RCAS[2].RCA2/full_adder_loop[1].FA full_adder_85                            1               22.522
    RCAS[2].RCA2/full_adder_loop[2].FA full_adder_84                            1               20.019
    RCAS[2].RCA2/full_adder_loop[3].FA full_adder_83                            1               20.019
  RCAS[3].RCA2                       ripple_carry_adder_WIDTH4_7_100          4               72.570
    RCAS[3].RCA2/F1A                 full_adder_24_95                         1               12.512
    RCAS[3].RCA2/full_adder_loop[1].FA full_adder_82                            1               20.019
    RCAS[3].RCA2/full_adder_loop[2].FA full_adder_81                            1               20.019
    RCAS[3].RCA2/full_adder_loop[3].FA full_adder_80                            1               20.019
  RCAS[4].RCA2                       ripple_carry_adder_WIDTH4_7_101          4               72.570
    RCAS[4].RCA2/F1A                 full_adder_24_96                         1               12.512
    RCAS[4].RCA2/full_adder_loop[1].FA full_adder_79                            1               20.019
    RCAS[4].RCA2/full_adder_loop[2].FA full_adder_78                            1               20.019
    RCAS[4].RCA2/full_adder_loop[3].FA full_adder_77                            1               20.019
  RCAS[5].RCA2                       ripple_carry_adder_WIDTH4_7_102          4               72.570
    RCAS[5].RCA2/F1A                 full_adder_24_97                         1               12.512
    RCAS[5].RCA2/full_adder_loop[1].FA full_adder_76                            1               20.019
    RCAS[5].RCA2/full_adder_loop[2].FA full_adder_75                            1               20.019
    RCAS[5].RCA2/full_adder_loop[3].FA full_adder_74                            1               20.019
  RCAS[6].RCA2                       ripple_carry_adder_WIDTH4_7_103          4               72.570
    RCAS[6].RCA2/F1A                 full_adder_24                            1               12.512
    RCAS[6].RCA2/full_adder_loop[1].FA full_adder_73                            1               20.019
    RCAS[6].RCA2/full_adder_loop[2].FA full_adder_72                            1               20.019
    RCAS[6].RCA2/full_adder_loop[3].FA full_adder_71                            1               20.019
  RCAS[7].RCA2                       ripple_carry_adder_WIDTH4_7              4               72.570
    RCAS[7].RCA2/F1A                 full_adder_24_92                         1               12.512
    RCAS[7].RCA2/full_adder_loop[1].FA full_adder_70                            1               20.019
    RCAS[7].RCA2/full_adder_loop[2].FA full_adder_69                            1               20.019
    RCAS[7].RCA2/full_adder_loop[3].FA full_adder_68                            1               20.019
