###############################################################
#  Generated by:      Cadence Innovus 23.32-s091_1
#  OS:                Linux x86_64(Host ID cadmicro-inf-el8-623207)
#  Generated on:      Wed Apr  9 12:41:27 2025
#  Design:            carry_increment_32bits
#  Command:           report_timing > reports/report_timing.rpt
###############################################################
Path 1: MET Path Delay Check
Endpoint:   S[31] (^)
Beginpoint: B[4]  (v) triggered by  leading edge of '@'
Path Groups: {default}
Analysis View: default_emulate_view
- External Delay                0.000
+ Path Delay                    4.350
= Required Time                 4.350
- Arrival Time                  4.350
= Slack Time                    0.000
     Clock Rise Edge                      0.000
     + Input Delay                        0.000
     = Beginpoint Arrival Time            0.000
     +-------------------------------------------------------------------------------------------------------------------------+ 
     |                   Instance                   |      Arc       |            Cell            | Delay | Arrival | Required | 
     |                                              |                |                            |       |  Time   |   Time   | 
     |----------------------------------------------+----------------+----------------------------+-------+---------+----------| 
     |                                              | B[4] v         |                            |       |   0.000 |    0.000 | 
     | RCAS[1].RCA2/F1A/g2                          | A v -> COUT v  | sky130_fd_sc_hd__ha_4      | 0.537 |   0.537 |    0.537 | 
     | RCAS[1].RCA2/full_adder_loop[1].FA/g2        | A2_N v -> Y v  | sky130_fd_sc_hd__o2bb2ai_2 | 0.142 |   0.678 |    0.678 | 
     | RCAS[1].RCA2/full_adder_loop[2].FA/g59__8428 | B1 v -> Y ^    | sky130_fd_sc_hd__o21ai_2   | 0.066 |   0.744 |    0.744 | 
     | RCAS[1].RCA2/full_adder_loop[2].FA/g57__6260 | B ^ -> Y v     | sky130_fd_sc_hd__nand2b_1  | 0.108 |   0.852 |    0.852 | 
     | RCAS[1].RCA2/full_adder_loop[3].FA/g57__6783 | CIN v -> SUM ^ | sky130_fd_sc_hd__fa_1      | 0.526 |   1.378 |    1.378 | 
     | g773__5115                                   | A2 ^ -> X ^    | sky130_fd_sc_hd__a21o_1    | 0.153 |   1.531 |    1.531 | 
     | g770__7098                                   | A ^ -> X ^     | sky130_fd_sc_hd__and4_4    | 0.222 |   1.753 |    1.753 | 
     | g767__1705                                   | A1 ^ -> X ^    | sky130_fd_sc_hd__a21o_1    | 0.133 |   1.886 |    1.887 | 
     | g764__3680                                   | A ^ -> X ^     | sky130_fd_sc_hd__and4_4    | 0.229 |   2.115 |    2.115 | 
     | g761__8428                                   | A1 ^ -> Y v    | sky130_fd_sc_hd__a21oi_2   | 0.083 |   2.198 |    2.198 | 
     | g2__2883                                     | A v -> Y ^     | sky130_fd_sc_hd__nor2b_4   | 0.128 |   2.326 |    2.326 | 
     | g757                                         | A ^ -> Y v     | sky130_fd_sc_hd__inv_2     | 0.042 |   2.368 |    2.368 | 
     | g756__6260                                   | A v -> Y ^     | sky130_fd_sc_hd__nor2b_2   | 0.168 |   2.536 |    2.536 | 
     | g754__2398                                   | B ^ -> COUT ^  | sky130_fd_sc_hd__ha_4      | 0.161 |   2.697 |    2.697 | 
     | g752__6417                                   | A1 ^ -> X ^    | sky130_fd_sc_hd__a21o_1    | 0.131 |   2.828 |    2.828 | 
     | g749__2346                                   | A ^ -> X ^     | sky130_fd_sc_hd__and4_4    | 0.230 |   3.058 |    3.059 | 
     | g746__9315                                   | A1 ^ -> X ^    | sky130_fd_sc_hd__a21o_1    | 0.137 |   3.196 |    3.196 | 
     | g743__7482                                   | A ^ -> X ^     | sky130_fd_sc_hd__and4_4    | 0.221 |   3.417 |    3.417 | 
     | g741__1881                                   | A ^ -> Y v     | sky130_fd_sc_hd__nand2_1   | 0.063 |   3.480 |    3.481 | 
     | g739__7098                                   | A v -> Y ^     | sky130_fd_sc_hd__nand2_2   | 0.071 |   3.552 |    3.552 | 
     | g738__8246                                   | B ^ -> COUT ^  | sky130_fd_sc_hd__ha_4      | 0.125 |   3.676 |    3.676 | 
     | g780__2346                                   | B ^ -> X ^     | sky130_fd_sc_hd__and2_1    | 0.144 |   3.820 |    3.820 | 
     | g734__1705                                   | B ^ -> COUT ^  | sky130_fd_sc_hd__ha_2      | 0.193 |   4.013 |    4.013 | 
     | g733                                         | A ^ -> Y v     | sky130_fd_sc_hd__inv_2     | 0.048 |   4.061 |    4.061 | 
     | g732__2802                                   | A2_N v -> X ^  | sky130_fd_sc_hd__a2bb2o_4  | 0.287 |   4.349 |    4.349 | 
     |                                              | S[31] ^        |                            | 0.001 |   4.350 |    4.350 | 
     +-------------------------------------------------------------------------------------------------------------------------+ 

