Hinst Name                Module Name          Inst Count           Total Area               Buffer             Inverter        Combinational                 Flop                Latch           Clock Gate                Macro             Physical
---------------------------------------------------------------------------------------------------------------------------------------------------------------------------------------------------------------------------------------------------------------
carry_bypass8_32bits                                  658             3661.011               91.338               35.034             2099.514                0.000                0.000                0.000                0.000             1435.126
  BPS1                    bypass8                      71              535.514               18.768               23.773              492.973                0.000                0.000                0.000                0.000                0.000
    BPS1/FA1              full_adder                    7               82.579                3.754                8.758               70.067                0.000                0.000                0.000                0.000                0.000
    BPS1/FA2              full_adder_96                 8               47.546                0.000                7.507               40.038                0.000                0.000                0.000                0.000                0.000
    BPS1/FA3              full_adder_95                 8               47.546                0.000                7.507               40.038                0.000                0.000                0.000                0.000                0.000
    BPS1/FA4              full_adder_94                 6               42.541                0.000                0.000               42.541                0.000                0.000                0.000                0.000                0.000
    BPS1/FA5              full_adder_93                 6               45.043                0.000                0.000               45.043                0.000                0.000                0.000                0.000                0.000
    BPS1/FA6              full_adder_92                 6               45.043                0.000                0.000               45.043                0.000                0.000                0.000                0.000                0.000
    BPS1/FA7              full_adder_91                 6               45.043                0.000                0.000               45.043                0.000                0.000                0.000                0.000                0.000
    BPS1/FA8              full_adder_90                 6               45.043                0.000                0.000               45.043                0.000                0.000                0.000                0.000                0.000
  bypass_loop[1].BPS2     bypass8_7                    65              492.973               15.014                3.754              474.205                0.000                0.000                0.000                0.000                0.000
    bypass_loop[1].BPS2/FA1 full_adder_89                 6               42.541                0.000                0.000               42.541                0.000                0.000                0.000                0.000                0.000
    bypass_loop[1].BPS2/FA2 full_adder_88                 6               45.043                0.000                0.000               45.043                0.000                0.000                0.000                0.000                0.000
    bypass_loop[1].BPS2/FA3 full_adder_87                 6               45.043                0.000                0.000               45.043                0.000                0.000                0.000                0.000                0.000
    bypass_loop[1].BPS2/FA4 full_adder_86                 6               45.043                0.000                0.000               45.043                0.000                0.000                0.000                0.000                0.000
    bypass_loop[1].BPS2/FA5 full_adder_85                 6               45.043                0.000                0.000               45.043                0.000                0.000                0.000                0.000                0.000
    bypass_loop[1].BPS2/FA6 full_adder_84                 6               45.043                0.000                0.000               45.043                0.000                0.000                0.000                0.000                0.000
    bypass_loop[1].BPS2/FA7 full_adder_83                 6               45.043                0.000                0.000               45.043                0.000                0.000                0.000                0.000                0.000
    bypass_loop[1].BPS2/FA8 full_adder_82                 6               45.043                0.000                0.000               45.043                0.000                0.000                0.000                0.000                0.000
  bypass_loop[2].BPS2     bypass8_6                    64              515.494               26.275                0.000              489.219                0.000                0.000                0.000                0.000                0.000
    bypass_loop[2].BPS2/FA1 full_adder_81                 7               46.294                3.754                0.000               42.541                0.000                0.000                0.000                0.000                0.000
    bypass_loop[2].BPS2/FA2 full_adder_80                 6               45.043                0.000                0.000               45.043                0.000                0.000                0.000                0.000                0.000
    bypass_loop[2].BPS2/FA3 full_adder_79                 6               45.043                0.000                0.000               45.043                0.000                0.000                0.000                0.000                0.000
    bypass_loop[2].BPS2/FA4 full_adder_78                 5               47.546                0.000                0.000               47.546                0.000                0.000                0.000                0.000                0.000
    bypass_loop[2].BPS2/FA5 full_adder_77                 5               47.546                0.000                0.000               47.546                0.000                0.000                0.000                0.000                0.000
    bypass_loop[2].BPS2/FA6 full_adder_76                 5               47.546                0.000                0.000               47.546                0.000                0.000                0.000                0.000                0.000
    bypass_loop[2].BPS2/FA7 full_adder_75                 5               47.546                0.000                0.000               47.546                0.000                0.000                0.000                0.000                0.000
    bypass_loop[2].BPS2/FA8 full_adder_74                 5               47.546                0.000                0.000               47.546                0.000                0.000                0.000                0.000                0.000
  bypass_loop[3].BPS2     bypass8_5                    70              674.397               23.773                7.507              643.117                0.000                0.000                0.000                0.000                0.000
    bypass_loop[3].BPS2/FA1 full_adder_73                 6               66.314                3.754                0.000               62.560                0.000                0.000                0.000                0.000                0.000
    bypass_loop[3].BPS2/FA2 full_adder_72                 5               65.062                0.000                0.000               65.062                0.000                0.000                0.000                0.000                0.000
    bypass_loop[3].BPS2/FA3 full_adder_71                 5               67.565                0.000                0.000               67.565                0.000                0.000                0.000                0.000                0.000
    bypass_loop[3].BPS2/FA4 full_adder_70                 6               61.309                0.000                0.000               61.309                0.000                0.000                0.000                0.000                0.000
    bypass_loop[3].BPS2/FA5 full_adder_69                 6               71.318                0.000                0.000               71.318                0.000                0.000                0.000                0.000                0.000
    bypass_loop[3].BPS2/FA6 full_adder_68                 6               62.560                0.000                0.000               62.560                0.000                0.000                0.000                0.000                0.000
    bypass_loop[3].BPS2/FA7 full_adder_67                 9               80.077                5.005                3.754               71.318                0.000                0.000                0.000                0.000                0.000
    bypass_loop[3].BPS2/FA8 full_adder_66                 9               68.816                0.000                3.754               65.062                0.000                0.000                0.000                0.000                0.000
