###############################################################
#  Generated by:      Cadence Innovus 23.32-s091_1
#  OS:                Linux x86_64(Host ID cadmicro-inf-el8-623207)
#  Generated on:      Mon Apr  7 16:55:56 2025
#  Design:            carry_bypass8_32bits
#  Command:           report_timing > reports/report_timing.rpt
###############################################################
Path 1: VIOLATED Path Delay Check
Endpoint:   Cout (v)
Beginpoint: A[0] (v) triggered by  leading edge of '@'
Path Groups: {default}
Analysis View: default_emulate_view
- External Delay                0.000
+ Path Delay                    4.571
= Required Time                 4.571
- Arrival Time                  4.651
= Slack Time                   -0.080
     Clock Rise Edge                      0.000
     + Input Delay                        0.000
     = Beginpoint Arrival Time            0.000
     +--------------------------------------------------------------------------------------------------------------+ 
     |              Instance              |      Arc      |            Cell            | Delay | Arrival | Required | 
     |                                    |               |                            |       |  Time   |   Time   | 
     |------------------------------------+---------------+----------------------------+-------+---------+----------| 
     |                                    | A[0] v        |                            |       |   0.000 |   -0.080 | 
     | BPS1/FA1/g194__6260                | A v -> Y ^    | sky130_fd_sc_hd__nor2_8    | 0.336 |   0.336 |    0.256 | 
     | BPS1/FA1/g191__2398                | A2 ^ -> Y v   | sky130_fd_sc_hd__o21ai_2   | 0.087 |   0.423 |    0.343 | 
     | BPS1/FA2/g124__3680                | A v -> Y ^    | sky130_fd_sc_hd__nand2_2   | 0.068 |   0.491 |    0.411 | 
     | BPS1/FA2/g122__5526                | A ^ -> Y v    | sky130_fd_sc_hd__nand2_2   | 0.056 |   0.547 |    0.466 | 
     | BPS1/FA3/g124__7098                | A v -> Y ^    | sky130_fd_sc_hd__nand2_2   | 0.063 |   0.610 |    0.529 | 
     | BPS1/FA3/g122__5122                | A ^ -> Y v    | sky130_fd_sc_hd__nand2_2   | 0.058 |   0.668 |    0.588 | 
     | BPS1/FA4/g124__6161                | A v -> Y ^    | sky130_fd_sc_hd__nand2_2   | 0.065 |   0.733 |    0.653 | 
     | BPS1/FA4/g122__7482                | A ^ -> Y v    | sky130_fd_sc_hd__nand2_2   | 0.061 |   0.794 |    0.714 | 
     | BPS1/FA5/g124__7410                | A v -> Y ^    | sky130_fd_sc_hd__nand2_2   | 0.066 |   0.860 |    0.780 | 
     | BPS1/FA5/g122__2346                | A ^ -> Y v    | sky130_fd_sc_hd__nand2_2   | 0.059 |   0.919 |    0.839 | 
     | BPS1/FA6/g124__4319                | A v -> Y ^    | sky130_fd_sc_hd__nand2_2   | 0.068 |   0.987 |    0.906 | 
     | BPS1/FA6/g122__5107                | A ^ -> Y v    | sky130_fd_sc_hd__nand2_2   | 0.055 |   1.042 |    0.961 | 
     | BPS1/FA7/g124__2802                | A v -> Y ^    | sky130_fd_sc_hd__nand2_2   | 0.062 |   1.104 |    1.023 | 
     | BPS1/FA7/g122__3680                | A ^ -> Y v    | sky130_fd_sc_hd__nand2_2   | 0.055 |   1.159 |    1.079 | 
     | BPS1/FA8/g124__1881                | A v -> Y ^    | sky130_fd_sc_hd__nand2_2   | 0.064 |   1.223 |    1.142 | 
     | BPS1/FA8/g122__7098                | A ^ -> Y v    | sky130_fd_sc_hd__nand2_2   | 0.047 |   1.270 |    1.189 | 
     | BPS1/g367__6161                    | A v -> Y ^    | sky130_fd_sc_hd__nand2_2   | 0.059 |   1.329 |    1.248 | 
     | BPS1/g2__5107                      | A ^ -> Y v    | sky130_fd_sc_hd__nand2_2   | 0.063 |   1.392 |    1.311 | 
     | bypass_loop[1].BPS2/FA1/g124__3680 | A v -> Y ^    | sky130_fd_sc_hd__nand2_2   | 0.069 |   1.461 |    1.380 | 
     | bypass_loop[1].BPS2/FA1/g122__5526 | A ^ -> Y v    | sky130_fd_sc_hd__nand2_2   | 0.053 |   1.513 |    1.433 | 
     | bypass_loop[1].BPS2/FA2/g124__7098 | A v -> Y ^    | sky130_fd_sc_hd__nand2_2   | 0.061 |   1.575 |    1.494 | 
     | bypass_loop[1].BPS2/FA2/g122__5122 | A ^ -> Y v    | sky130_fd_sc_hd__nand2_2   | 0.060 |   1.634 |    1.554 | 
     | bypass_loop[1].BPS2/FA3/g124__6161 | A v -> Y ^    | sky130_fd_sc_hd__nand2_2   | 0.064 |   1.698 |    1.618 | 
     | bypass_loop[1].BPS2/FA3/g122__7482 | A ^ -> Y v    | sky130_fd_sc_hd__nand2_2   | 0.052 |   1.750 |    1.670 | 
     | bypass_loop[1].BPS2/FA4/g124__7410 | A v -> Y ^    | sky130_fd_sc_hd__nand2_2   | 0.062 |   1.812 |    1.731 | 
     | bypass_loop[1].BPS2/FA4/g122__2346 | A ^ -> Y v    | sky130_fd_sc_hd__nand2_2   | 0.056 |   1.867 |    1.787 | 
     | bypass_loop[1].BPS2/FA5/g124__4319 | A v -> Y ^    | sky130_fd_sc_hd__nand2_2   | 0.063 |   1.930 |    1.849 | 
     | bypass_loop[1].BPS2/FA5/g122__5107 | A ^ -> Y v    | sky130_fd_sc_hd__nand2_2   | 0.058 |   1.988 |    1.908 | 
     | bypass_loop[1].BPS2/FA6/g124__2802 | A v -> Y ^    | sky130_fd_sc_hd__nand2_2   | 0.064 |   2.053 |    1.972 | 
     | bypass_loop[1].BPS2/FA6/g122__3680 | A ^ -> Y v    | sky130_fd_sc_hd__nand2_2   | 0.058 |   2.111 |    2.030 | 
     | bypass_loop[1].BPS2/FA7/g124__1881 | A v -> Y ^    | sky130_fd_sc_hd__nand2_2   | 0.066 |   2.177 |    2.097 | 
     | bypass_loop[1].BPS2/FA7/g122__7098 | A ^ -> Y v    | sky130_fd_sc_hd__nand2_2   | 0.054 |   2.231 |    2.151 | 
     | bypass_loop[1].BPS2/FA8/g124__9945 | A v -> Y ^    | sky130_fd_sc_hd__nand2_2   | 0.062 |   2.293 |    2.213 | 
     | bypass_loop[1].BPS2/FA8/g122__6161 | A ^ -> Y v    | sky130_fd_sc_hd__nand2_2   | 0.046 |   2.339 |    2.258 | 
     | bypass_loop[1].BPS2/g392__7410     | A2_N v -> Y v | sky130_fd_sc_hd__o2bb2ai_2 | 0.136 |   2.475 |    2.394 | 
     | bypass_loop[2].BPS2/FA1/g124__5122 | A v -> Y ^    | sky130_fd_sc_hd__nand2_2   | 0.063 |   2.538 |    2.457 | 
     | bypass_loop[2].BPS2/FA1/g122__2802 | A ^ -> Y v    | sky130_fd_sc_hd__nand2_2   | 0.053 |   2.591 |    2.511 | 
     | bypass_loop[2].BPS2/FA2/g124__7482 | A v -> Y ^    | sky130_fd_sc_hd__nand2_2   | 0.061 |   2.652 |    2.572 | 
     | bypass_loop[2].BPS2/FA2/g122__1881 | A ^ -> Y v    | sky130_fd_sc_hd__nand2_2   | 0.053 |   2.706 |    2.625 | 
     | bypass_loop[2].BPS2/FA3/g124__2346 | A v -> Y ^    | sky130_fd_sc_hd__nand2_2   | 0.065 |   2.771 |    2.690 | 
     | bypass_loop[2].BPS2/FA3/g122__9945 | A ^ -> Y v    | sky130_fd_sc_hd__nand2_2   | 0.053 |   2.823 |    2.743 | 
     | bypass_loop[2].BPS2/FA4/g124__2398 | A v -> Y ^    | sky130_fd_sc_hd__nand2_2   | 0.061 |   2.884 |    2.804 | 
     | bypass_loop[2].BPS2/FA4/g122__5477 | A ^ -> Y v    | sky130_fd_sc_hd__nand2_2   | 0.061 |   2.946 |    2.865 | 
     | bypass_loop[2].BPS2/FA5/g124__5526 | A v -> Y ^    | sky130_fd_sc_hd__nand2_2   | 0.066 |   3.011 |    2.931 | 
     | bypass_loop[2].BPS2/FA5/g122__8428 | A ^ -> Y v    | sky130_fd_sc_hd__nand2_2   | 0.051 |   3.063 |    2.982 | 
     | bypass_loop[2].BPS2/FA6/g124__1705 | A v -> Y ^    | sky130_fd_sc_hd__nand2_2   | 0.061 |   3.124 |    3.044 | 
     | bypass_loop[2].BPS2/FA6/g122__2802 | A ^ -> Y v    | sky130_fd_sc_hd__nand2_2   | 0.054 |   3.179 |    3.098 | 
     | bypass_loop[2].BPS2/FA7/g124__1881 | A v -> Y ^    | sky130_fd_sc_hd__nand2_2   | 0.062 |   3.241 |    3.160 | 
     | bypass_loop[2].BPS2/FA7/g122__6131 | A ^ -> Y v    | sky130_fd_sc_hd__nand2_2   | 0.053 |   3.294 |    3.214 | 
     | bypass_loop[2].BPS2/FA8/g124__9315 | A v -> Y ^    | sky130_fd_sc_hd__nand2_2   | 0.062 |   3.356 |    3.276 | 
     | bypass_loop[2].BPS2/FA8/g122__6161 | A ^ -> Y v    | sky130_fd_sc_hd__nand2_2   | 0.045 |   3.402 |    3.321 | 
     | bypass_loop[2].BPS2/g393__7410     | A v -> Y ^    | sky130_fd_sc_hd__nand2_2   | 0.074 |   3.476 |    3.395 | 
     | bypass_loop[2].BPS2/g392__1666     | B ^ -> Y v    | sky130_fd_sc_hd__nand2b_4  | 0.072 |   3.548 |    3.467 | 
     | bypass_loop[3].BPS2/FA1/g124__8246 | A v -> Y ^    | sky130_fd_sc_hd__nand2_4   | 0.063 |   3.611 |    3.530 | 
     | bypass_loop[3].BPS2/FA1/g122__1705 | A ^ -> Y v    | sky130_fd_sc_hd__nand2_4   | 0.049 |   3.660 |    3.580 | 
     | bypass_loop[3].BPS2/FA2/g124__4733 | A v -> Y ^    | sky130_fd_sc_hd__nand2_4   | 0.061 |   3.721 |    3.641 | 
     | bypass_loop[3].BPS2/FA2/g122__5115 | A ^ -> Y v    | sky130_fd_sc_hd__nand2_4   | 0.058 |   3.780 |    3.699 | 
     | bypass_loop[3].BPS2/FA3/g124__1666 | A v -> Y ^    | sky130_fd_sc_hd__nand2_4   | 0.068 |   3.848 |    3.768 | 
     | bypass_loop[3].BPS2/FA3/g122__2883 | A ^ -> Y v    | sky130_fd_sc_hd__nand2_4   | 0.051 |   3.899 |    3.818 | 
     | bypass_loop[3].BPS2/FA4/g124__6260 | A v -> Y ^    | sky130_fd_sc_hd__nand2_4   | 0.062 |   3.961 |    3.881 | 
     | bypass_loop[3].BPS2/FA4/g122__2398 | A ^ -> Y v    | sky130_fd_sc_hd__nand2_4   | 0.051 |   4.012 |    3.932 | 
     | bypass_loop[3].BPS2/FA5/g124__1617 | A v -> Y ^    | sky130_fd_sc_hd__nand2_4   | 0.062 |   4.074 |    3.994 | 
     | bypass_loop[3].BPS2/FA5/g122__6783 | A ^ -> Y v    | sky130_fd_sc_hd__nand2_4   | 0.049 |   4.124 |    4.043 | 
     | bypass_loop[3].BPS2/FA6/g124__6131 | A v -> Y ^    | sky130_fd_sc_hd__nand2_4   | 0.061 |   4.185 |    4.105 | 
     | bypass_loop[3].BPS2/FA6/g122__8246 | A ^ -> Y v    | sky130_fd_sc_hd__nand2_4   | 0.050 |   4.235 |    4.155 | 
     | bypass_loop[3].BPS2/FA7/g126__9945 | A v -> Y ^    | sky130_fd_sc_hd__nand2_4   | 0.063 |   4.298 |    4.217 | 
     | bypass_loop[3].BPS2/FA7/g122__4733 | A ^ -> Y v    | sky130_fd_sc_hd__nand2_4   | 0.056 |   4.354 |    4.273 | 
     | bypass_loop[3].BPS2/FA8/g126__5107 | A v -> Y ^    | sky130_fd_sc_hd__nand2_4   | 0.056 |   4.410 |    4.329 | 
     | bypass_loop[3].BPS2/FA8/g122__6417 | A ^ -> Y v    | sky130_fd_sc_hd__nand2_2   | 0.045 |   4.454 |    4.374 | 
     | bypass_loop[3].BPS2/g401__6783     | A v -> Y ^    | sky130_fd_sc_hd__nand2_2   | 0.076 |   4.530 |    4.450 | 
     | bypass_loop[3].BPS2/g2__4733       | A ^ -> Y v    | sky130_fd_sc_hd__nand2_4   | 0.120 |   4.650 |    4.570 | 
     |                                    | Cout v        |                            | 0.001 |   4.651 |    4.571 | 
     +--------------------------------------------------------------------------------------------------------------+ 

