============================================================
  Generated by:           Genus(TM) Synthesis Solution 23.12-s086_1
  Generated on:           Apr 07 2025  06:24:35 pm
  Module:                 carry_select_adder_56678_32bits
  Operating conditions:   tt_025C_1v80 
  Interconnect mode:      global
  Area mode:              physical library
============================================================

Timing
-------
  Cost    Critical         Violating 
 Group   Path Slack  TNS     Paths   
-------------------------------------
default         0.0   0.0          0 
-------------------------------------
Total                 0.0          0 

Instance Count
--------------
Leaf Instance Count             558 
Physical Instance count           0 
Sequential Instance Count         0 
Combinational Instance Count    558 
Hierarchical Instance Count      68 

Area
----
Cell Area                          3503.360
Physical Cell Area                 0.000
Total Cell Area (Cell+Physical)    3503.360
Net Area                           2753.370
Total Area (Cell+Physical+Net)     6256.730

Max Fanout                         9 (n_401)
Min Fanout                         1 (C0[1])
Average Fanout                     1.6
Terms to net ratio                 2.4250
Terms to instance ratio            2.7509
Runtime                            21.520981 seconds
Elapsed Runtime                    23 seconds
Genus peak memory usage            1900.77 
Innovus peak memory usage          no_value 
Hostname                           cadmicro-inf-el8-623207
