============================================================
  Generated by:           Genus(TM) Synthesis Solution 23.12-s086_1
  Generated on:           Apr 07 2025  06:24:35 pm
  Module:                 carry_select_adder_56678_32bits
  Operating conditions:   tt_025C_1v80 
  Interconnect mode:      global
  Area mode:              physical library
============================================================

            Instance                         Module              Cell-Count  Cell-Area  Net-Area   Total-Area 
--------------------------------------------------------------------------------------------------------------
carry_select_adder_56678_32bits NA                                      558   3503.360  2753.370     6256.730 
  CSA_BLOCKS[1].RCA_C0          ripple_carry_adder_WIDTH6                45    260.250   153.763      414.012 
    F1A                         full_adder_32_230                         4     22.522    10.094       32.616 
    full_adder_loop[1].FA       full_adder_224                           10     52.550    33.763       86.314 
    full_adder_loop[2].FA       full_adder_223                           11     56.304    37.157       93.461 
    full_adder_loop[3].FA       full_adder_222                            7     43.792    16.969       60.761 
    full_adder_loop[4].FA       full_adder_221                            6     40.038    13.575       53.613 
    full_adder_loop[5].FA       full_adder_220                            7     45.043    16.969       62.012 
  CSA_BLOCKS[1].RCA_C1          ripple_carry_adder_WIDTH6_3_234          47    267.757   160.550      428.307 
    F1A                         full_adder_38_231                         4     22.522    10.094       32.616 
    full_adder_loop[1].FA       full_adder_206                           11     53.802    37.157       90.959 
    full_adder_loop[2].FA       full_adder_205                           11     57.555    37.157       94.712 
    full_adder_loop[3].FA       full_adder_204                            7     43.792    16.969       60.761 
    full_adder_loop[4].FA       full_adder_203                            7     45.043    16.969       62.012 
    full_adder_loop[5].FA       full_adder_202                            7     45.043    16.969       62.012 
  CSA_BLOCKS[2].RCA_C0          ripple_carry_adder_WIDTH6_233            34    230.221   113.299      343.520 
    F1A                         full_adder_32                             1     15.014     0.000       15.014 
    full_adder_loop[1].FA       full_adder_201                           10     52.550    33.763       86.314 
    full_adder_loop[2].FA       full_adder_200                            6     37.536    13.575       51.111 
    full_adder_loop[3].FA       full_adder_199                            6     37.536    13.575       51.111 
    full_adder_loop[4].FA       full_adder_198                            6     40.038    13.575       53.613 
    full_adder_loop[5].FA       full_adder_197                            5     47.546    13.575       61.121 
  CSA_BLOCKS[2].RCA_C1          ripple_carry_adder_WIDTH6_3              37    235.226   123.393      358.619 
    F1A                         full_adder_38                             4     20.019    10.094       30.113 
    full_adder_loop[1].FA       full_adder_196                           10     50.048    33.763       83.811 
    full_adder_loop[2].FA       full_adder_195                            6     37.536    13.575       51.111 
    full_adder_loop[3].FA       full_adder_194                            6     40.038    13.575       53.613 
    full_adder_loop[4].FA       full_adder_193                            5     42.541    13.575       56.116 
    full_adder_loop[5].FA       full_adder_192                            6     45.043    13.575       58.618 
  CSA_BLOCKS[3].RCA_C0          ripple_carry_adder_WIDTH7                58    345.331   197.794      543.126 
    F1A                         full_adder_11                             6     31.280    16.882       48.162 
    full_adder_loop[1].FA       full_adder_219                           12     67.565    40.551      108.116 
    full_adder_loop[2].FA       full_adder_218                           11     56.304    37.157       93.461 
    full_adder_loop[3].FA       full_adder_217                            7     46.294    16.969       63.263 
    full_adder_loop[4].FA       full_adder_216                            7     46.294    16.969       63.263 
    full_adder_loop[5].FA       full_adder_215                            8     50.048    22.016       72.064 
    full_adder_loop[6].FA       full_adder_214                            7     47.546    16.969       64.514 
  CSA_BLOCKS[3].RCA_C1          ripple_carry_adder_WIDTH7_1              53    317.805   174.212      492.017 
    F1A                         full_adder_51_232                         4     25.024    10.094       35.118 
    full_adder_loop[1].FA       full_adder_191                           11     56.304    37.157       93.461 
    full_adder_loop[2].FA       full_adder_190                            9     52.550    23.756       76.307 
    full_adder_loop[3].FA       full_adder_189                            7     46.294    16.969       63.263 
    full_adder_loop[4].FA       full_adder_188                            7     43.792    16.969       60.761 
    full_adder_loop[5].FA       full_adder_187                            8     48.797    22.016       70.813 
    full_adder_loop[6].FA       full_adder_186                            7     45.043    16.969       62.012 
  CSA_BLOCKS[4].RCA_C0          ripple_carry_adder_WIDTH8                48    305.293   165.684      470.977 
    F1A                         full_adder_11_229                         4     27.526    10.094       37.621 
    full_adder_loop[1].FA       full_adder_213                           10     47.546    33.763       81.309 
    full_adder_loop[2].FA       full_adder_212                            8     42.541    22.016       64.557 
    full_adder_loop[3].FA       full_adder_211                            6     35.034    13.575       48.609 
    full_adder_loop[4].FA       full_adder_210                            5     37.536    13.575       51.111 
    full_adder_loop[5].FA       full_adder_209                            5     37.536    13.575       51.111 
    full_adder_loop[6].FA       full_adder_208                            6     37.536    13.575       51.111 
    full_adder_loop[7].FA       full_adder_207                            4     40.038    10.181       50.220 
  CSA_BLOCKS[4].RCA_C1          ripple_carry_adder_WIDTH8_1              49    316.554   169.078      485.632 
    F1A                         full_adder_51                             4     20.019    10.094       30.113 
    full_adder_loop[1].FA       full_adder_185                           11     51.299    37.157       88.456 
    full_adder_loop[2].FA       full_adder_184                            8     47.546    22.016       69.561 
    full_adder_loop[3].FA       full_adder_183                            6     35.034    13.575       48.609 
    full_adder_loop[4].FA       full_adder_182                            6     35.034    13.575       48.609 
    full_adder_loop[5].FA       full_adder_181                            5     40.038    13.575       53.613 
    full_adder_loop[6].FA       full_adder_180                            5     47.546    13.575       61.121 
    full_adder_loop[7].FA       full_adder_179                            4     40.038    10.181       50.220 
  RCA_LSB                       ripple_carry_adder_WIDTH5                30    284.022    91.457      375.479 
    F1A                         full_adder                                5     47.546    10.181       57.727 
    full_adder_loop[1].FA       full_adder_228                            9     61.309    23.756       85.065 
    full_adder_loop[2].FA       full_adder_227                            6     53.802    16.969       70.770 
    full_adder_loop[3].FA       full_adder_226                            5     55.053    10.181       65.234 
    full_adder_loop[4].FA       full_adder_225                            5     66.314    10.181       76.495 
