============================================================
  Generated by:           Genus(TM) Synthesis Solution 23.12-s086_1
  Generated on:           Apr 07 2025  06:24:35 pm
  Module:                 carry_select_adder_56678_32bits
  Operating conditions:   tt_025C_1v80 
  Interconnect mode:      global
  Area mode:              physical library
============================================================


Path 1: MET (0 ps) Path Delay Check
     Startpoint: (F) B[17]
       Endpoint: (R) S[24]

                   Capture    Launch  
      Path Delay:+    1760         -  
      Drv Adjust:+       0         0  
         Arrival:=    1760            
                                      
   Required Time:=    1760            
       Data Path:-    1760            
           Slack:=       0            

Exceptions/Constraints:
  max_delay             1760            constraints.sdc_line_1 

#-----------------------------------------------------------------------------------------------------------------------------------------------
#                     Timing Point                       Flags   Arc   Edge           Cell             Fanout Load Trans Delay Arrival Instance 
#                                                                                                             (fF)  (ps)  (ps)   (ps)  Location 
#-----------------------------------------------------------------------------------------------------------------------------------------------
  B[17]                                                  -       -     F     (arrival)                      1  3.3  1000     0       0    (-,-) 
  g13010/X                                               -       A->X  F     sky130_fd_sc_hd__clkbuf_1      2 11.0    87   354     354    (-,-) 
  CSA_BLOCKS[3].RCA_C1/F1A/g56/Y                         -       A->Y  R     sky130_fd_sc_hd__clkinv_2      2 11.2    53    77     431    (-,-) 
  CSA_BLOCKS[3].RCA_C1/F1A/g54__2346/Y                   -       B->Y  F     sky130_fd_sc_hd__nand2_2       2  8.1    44    61     491    (-,-) 
  CSA_BLOCKS[3].RCA_C1/full_adder_loop[1].FA/g23/Y       -       B->Y  R     sky130_fd_sc_hd__nand2_2       1  5.9    51    67     558    (-,-) 
  CSA_BLOCKS[3].RCA_C1/full_adder_loop[1].FA/g22/Y       -       A->Y  F     sky130_fd_sc_hd__nand2_2       2  7.8    44    54     612    (-,-) 
  CSA_BLOCKS[3].RCA_C1/full_adder_loop[2].FA/g84__5526/Y -       A->Y  R     sky130_fd_sc_hd__nand2_2       1  5.9    51    58     670    (-,-) 
  CSA_BLOCKS[3].RCA_C1/full_adder_loop[2].FA/g82__4319/Y -       A->Y  F     sky130_fd_sc_hd__nand2_2       2  8.2    44    55     725    (-,-) 
  CSA_BLOCKS[3].RCA_C1/full_adder_loop[3].FA/g84__5122/Y -       A->Y  R     sky130_fd_sc_hd__nand2_2       1  5.9    52    58     783    (-,-) 
  CSA_BLOCKS[3].RCA_C1/full_adder_loop[3].FA/g82__2802/Y -       A->Y  F     sky130_fd_sc_hd__nand2_2       2  8.2    44    55     838    (-,-) 
  CSA_BLOCKS[3].RCA_C1/full_adder_loop[4].FA/g7/Y        -       A->Y  R     sky130_fd_sc_hd__nand2_2       1  5.9    52    58     896    (-,-) 
  CSA_BLOCKS[3].RCA_C1/full_adder_loop[4].FA/g82__1881/Y -       A->Y  F     sky130_fd_sc_hd__nand2_2       2  7.8    44    54     950    (-,-) 
  CSA_BLOCKS[3].RCA_C1/full_adder_loop[5].FA/g7/Y        -       A->Y  R     sky130_fd_sc_hd__nand2_2       1  5.9    52    58    1008    (-,-) 
  CSA_BLOCKS[3].RCA_C1/full_adder_loop[5].FA/g82__9945/Y -       A->Y  F     sky130_fd_sc_hd__nand2_2       2  7.8    44    54    1062    (-,-) 
  CSA_BLOCKS[3].RCA_C1/full_adder_loop[6].FA/g84__5107/Y -       A->Y  R     sky130_fd_sc_hd__nand2_2       1  5.9    52    58    1120    (-,-) 
  CSA_BLOCKS[3].RCA_C1/full_adder_loop[6].FA/g82__5477/Y -       A->Y  F     sky130_fd_sc_hd__nand2_2       1  6.1    39    49    1169    (-,-) 
  g9/Y                                                   -       A->Y  R     sky130_fd_sc_hd__clkinv_2      2 11.1    47    56    1225    (-,-) 
  g27/Y                                                  -       A->Y  F     sky130_fd_sc_hd__nand2_2       1  9.6    50    58    1283    (-,-) 
  g26/Y                                                  -       C->Y  R     sky130_fd_sc_hd__nand3_4       3 21.0   101   109    1391    (-,-) 
  g18968/Y                                               -       B->Y  F     sky130_fd_sc_hd__nand2_4       1 20.1    62    80    1471    (-,-) 
  g18967/Y                                               -       A->Y  R     sky130_fd_sc_hd__clkinv_8      9 47.5    62    78    1548    (-,-) 
  g18808__9945/Y                                         -       A->Y  F     sky130_fd_sc_hd__nand2_2       1  9.6    62    62    1610    (-,-) 
  g18954/Y                                               -       A->Y  R     sky130_fd_sc_hd__nand2_4       1 51.3   165   149    1760    (-,-) 
  S[24]                                                  <<<     -     R     (port)                         -    -     -     0    1760    (-,-) 
#-----------------------------------------------------------------------------------------------------------------------------------------------

