============================================================
  Generated by:           Genus(TM) Synthesis Solution 23.12-s086_1
  Generated on:           Apr 07 2025  05:44:26 pm
  Module:                 carry_select_adder_8888_32bits
  Operating conditions:   tt_025C_1v80 
  Interconnect mode:      global
  Area mode:              physical library
============================================================

Timing
-------
  Cost    Critical             Violating 
 Group   Path Slack    TNS       Paths   
-----------------------------------------
default      -176.3   -3707.3         25 
-----------------------------------------
Total                 -3707.3         25 

Instance Count
--------------
Leaf Instance Count             554 
Physical Instance count           0 
Sequential Instance Count         0 
Combinational Instance Count    554 
Hierarchical Instance Count      63 

Area
----
Cell Area                          4201.530
Physical Cell Area                 0.000
Total Cell Area (Cell+Physical)    4201.530
Net Area                           2705.074
Total Area (Cell+Physical+Net)     6906.604

Max Fanout                         9 (n_480)
Min Fanout                         1 (C0[3])
Average Fanout                     1.5
Terms to net ratio                 2.4165
Terms to instance ratio            2.7437
Runtime                            34.530372 seconds
Elapsed Runtime                    36 seconds
Genus peak memory usage            1900.41 
Innovus peak memory usage          no_value 
Hostname                           cadmicro-inf-el8-623207
