============================================================
  Generated by:           Genus(TM) Synthesis Solution 23.12-s086_1
  Generated on:           Apr 07 2025  05:44:26 pm
  Module:                 carry_select_adder_8888_32bits
  Operating conditions:   tt_025C_1v80 
  Interconnect mode:      global
  Area mode:              physical library
============================================================


Path 1: VIOLATED (-176 ps) Path Delay Check
     Startpoint: (F) B[1]
       Endpoint: (R) S[31]

                   Capture    Launch  
      Path Delay:+    1650         -  
      Drv Adjust:+       0         0  
         Arrival:=    1650            
                                      
   Required Time:=    1650            
       Data Path:-    1826            
           Slack:=    -176            

Exceptions/Constraints:
  max_delay             1650            constraints.sdc_line_1 

#-----------------------------------------------------------------------------------------------------------------------------------
#               Timing Point                 Flags   Arc   Edge           Cell             Fanout Load Trans Delay Arrival Instance 
#                                                                                                 (fF)  (ps)  (ps)   (ps)  Location 
#-----------------------------------------------------------------------------------------------------------------------------------
  B[1]                                       -       -     F     (arrival)                      1  3.3  1000     0       0    (-,-) 
  g6258/X                                    -       A->X  F     sky130_fd_sc_hd__clkbuf_1      1  6.1    64   328     328    (-,-) 
  RCA_LSB/full_adder_loop[1].FA/g36/Y        -       A->Y  R     sky130_fd_sc_hd__clkinv_2      2 11.1    49    67     395    (-,-) 
  RCA_LSB/full_adder_loop[1].FA/g34/Y        -       B->Y  F     sky130_fd_sc_hd__nand2_2       1  9.6    49    64     459    (-,-) 
  RCA_LSB/full_adder_loop[1].FA/g31/Y        -       A->Y  R     sky130_fd_sc_hd__nand2_4       1 10.1    52    61     520    (-,-) 
  RCA_LSB/full_adder_loop[1].FA/g30/Y        -       A->Y  F     sky130_fd_sc_hd__nand2_4       2 11.8    38    50     570    (-,-) 
  RCA_LSB/full_adder_loop[2].FA/g124__6161/Y -       A->Y  R     sky130_fd_sc_hd__nand2_4       1 10.1    52    56     627    (-,-) 
  RCA_LSB/full_adder_loop[2].FA/g122__4733/Y -       A->Y  F     sky130_fd_sc_hd__nand2_4       2 11.8    38    50     677    (-,-) 
  RCA_LSB/full_adder_loop[3].FA/g124__7410/Y -       A->Y  R     sky130_fd_sc_hd__nand2_4       1 10.1    52    56     734    (-,-) 
  RCA_LSB/full_adder_loop[3].FA/g122__2346/Y -       A->Y  F     sky130_fd_sc_hd__nand2_4       2 11.8    38    50     784    (-,-) 
  RCA_LSB/full_adder_loop[4].FA/g124__6260/Y -       A->Y  R     sky130_fd_sc_hd__nand2_4       1 10.1    52    56     840    (-,-) 
  RCA_LSB/full_adder_loop[4].FA/g122__2398/Y -       A->Y  F     sky130_fd_sc_hd__nand2_4       2 11.8    38    50     891    (-,-) 
  RCA_LSB/full_adder_loop[5].FA/g124__3680/Y -       A->Y  R     sky130_fd_sc_hd__nand2_4       1 10.1    52    56     947    (-,-) 
  RCA_LSB/full_adder_loop[5].FA/g122__5526/Y -       A->Y  F     sky130_fd_sc_hd__nand2_4       2 11.8    38    50     998    (-,-) 
  RCA_LSB/full_adder_loop[6].FA/g124__8246/Y -       A->Y  R     sky130_fd_sc_hd__nand2_4       1 10.1    52    56    1054    (-,-) 
  RCA_LSB/full_adder_loop[6].FA/g122__1705/Y -       A->Y  F     sky130_fd_sc_hd__nand2_4       2 11.8    38    50    1104    (-,-) 
  RCA_LSB/full_adder_loop[7].FA/g20/Y        -       A->Y  R     sky130_fd_sc_hd__nand2_4       1 10.1    52    56    1161    (-,-) 
  RCA_LSB/full_adder_loop[7].FA/g19/Y        -       A->Y  F     sky130_fd_sc_hd__nand2_4       6 23.5    60    68    1229    (-,-) 
  g8/Y                                       -       B->Y  R     sky130_fd_sc_hd__nand2_2       2 13.7    90   102    1331    (-,-) 
  g11494/Y                                   -       B->Y  F     sky130_fd_sc_hd__nand2_4       2 14.5    46    68    1399    (-,-) 
  g210/Y                                     -       A->Y  R     sky130_fd_sc_hd__nand2_4       2 15.3    66    71    1470    (-,-) 
  g208/Y                                     -       A->Y  F     sky130_fd_sc_hd__nand2_4       7 24.9    66    74    1544    (-,-) 
  fopt11376/Y                                -       A->Y  R     sky130_fd_sc_hd__inv_2         2 11.1    60    76    1620    (-,-) 
  g15/Y                                      -       A->Y  F     sky130_fd_sc_hd__nand2_2       1  9.6    50    61    1682    (-,-) 
  g14/Y                                      -       A->Y  R     sky130_fd_sc_hd__nand2_4       1 51.3   165   144    1826    (-,-) 
  S[31]                                      <<<     -     R     (port)                         -    -     -     0    1826    (-,-) 
#-----------------------------------------------------------------------------------------------------------------------------------

