============================================================
  Generated by:           Genus(TM) Synthesis Solution 23.12-s086_1
  Generated on:           Apr 07 2025  05:44:26 pm
  Module:                 carry_select_adder_8888_32bits
  Operating conditions:   tt_025C_1v80 
  Interconnect mode:      global
  Area mode:              physical library
============================================================

           Instance                         Module              Cell-Count  Cell-Area  Net-Area   Total-Area 
-------------------------------------------------------------------------------------------------------------
carry_select_adder_8888_32bits NA                                      554   4201.530  2705.074     6906.604 
  CSA_BLOCKS[1].RCA_C0         ripple_carry_adder_WIDTH8_5_231          67    504.234   231.558      735.791 
    F1A                        full_adder_24_228                         4     28.778    10.094       38.872 
    full_adder_loop[1].FA      full_adder_219                           11     78.826    37.157      115.983 
    full_adder_loop[2].FA      full_adder_218                           11     75.072    37.157      112.229 
    full_adder_loop[3].FA      full_adder_217                            9     65.062    23.756       88.819 
    full_adder_loop[4].FA      full_adder_216                            9     70.067    27.063       97.130 
    full_adder_loop[5].FA      full_adder_215                            8     65.062    22.016       87.078 
    full_adder_loop[6].FA      full_adder_214                            8     65.062    22.016       87.078 
    full_adder_loop[7].FA      full_adder_213                            7     56.304    16.969       73.273 
  CSA_BLOCKS[1].RCA_C1         ripple_carry_adder_WIDTH8_6_233          70    551.779   243.392      795.171 
    F1A                        full_adder_32_230                         6     42.541    16.882       59.422 
    full_adder_loop[1].FA      full_adder_212                           11     78.826    37.157      115.983 
    full_adder_loop[2].FA      full_adder_211                           11     77.574    37.157      114.732 
    full_adder_loop[3].FA      full_adder_210                            9     65.062    23.756       88.819 
    full_adder_loop[4].FA      full_adder_209                            8     68.816    22.016       90.832 
    full_adder_loop[5].FA      full_adder_208                            9     72.570    27.063       99.633 
    full_adder_loop[6].FA      full_adder_207                            7     73.821    16.969       90.790 
    full_adder_loop[7].FA      full_adder_206                            9     72.570    27.063       99.633 
  CSA_BLOCKS[2].RCA_C0         ripple_carry_adder_WIDTH8_5_232          46    399.133   157.243      556.376 
    F1A                        full_adder_24                             4     32.531    10.094       42.625 
    full_adder_loop[1].FA      full_adder_205                            8     58.806    26.976       85.782 
    full_adder_loop[2].FA      full_adder_204                            6     48.797    13.575       62.372 
    full_adder_loop[3].FA      full_adder_203                            6     41.290    13.575       54.865 
    full_adder_loop[4].FA      full_adder_202                            5     53.802    10.181       63.983 
    full_adder_loop[5].FA      full_adder_201                            6     57.555    16.969       74.524 
    full_adder_loop[6].FA      full_adder_200                            6     53.802    16.969       70.770 
    full_adder_loop[7].FA      full_adder_199                            5     52.550    13.575       66.125 
  CSA_BLOCKS[2].RCA_C1         ripple_carry_adder_WIDTH8_6_234          52    362.848   169.078      531.926 
    F1A                        full_adder_32                             4     30.029    10.094       40.123 
    full_adder_loop[1].FA      full_adder_198                           10     52.550    33.763       86.314 
    full_adder_loop[2].FA      full_adder_197                            9     52.550    25.410       77.960 
    full_adder_loop[3].FA      full_adder_196                            5     48.797    10.181       58.978 
    full_adder_loop[4].FA      full_adder_195                            6     43.792    13.575       57.367 
    full_adder_loop[5].FA      full_adder_194                            7     43.792    16.969       60.761 
    full_adder_loop[6].FA      full_adder_193                            5     46.294    10.181       56.476 
    full_adder_loop[7].FA      full_adder_192                            6     45.043    13.575       58.618 
  CSA_BLOCKS[3].RCA_C0         ripple_carry_adder_WIDTH8_5              40    344.080   136.968      481.048 
    F1A                        full_adder_24_227                         4     31.280    10.094       41.374 
    full_adder_loop[1].FA      full_adder_191                           10     56.304    33.763       90.067 
    full_adder_loop[2].FA      full_adder_190                            7     51.299    16.969       68.268 
    full_adder_loop[3].FA      full_adder_189                            5     51.299    13.575       64.874 
    full_adder_loop[4].FA      full_adder_188                            6     47.546    16.969       64.514 
    full_adder_loop[5].FA      full_adder_187                            6     38.787    13.575       52.362 
    full_adder_loop[6].FA      full_adder_186                            1     33.782     0.000       33.782 
    full_adder_loop[7].FA      full_adder_185                            1     33.782     0.000       33.782 
  CSA_BLOCKS[3].RCA_C1         ripple_carry_adder_WIDTH8_6              44    336.573   152.109      488.682 
    F1A                        full_adder_32_229                         5     31.280    13.488       44.768 
    full_adder_loop[1].FA      full_adder_184                           10     53.802    33.763       87.565 
    full_adder_loop[2].FA      full_adder_183                            6     41.290    13.575       54.865 
    full_adder_loop[3].FA      full_adder_182                            6     43.792    13.575       57.367 
    full_adder_loop[4].FA      full_adder_181                            5     46.294    13.575       59.869 
    full_adder_loop[5].FA      full_adder_180                            5     41.290    13.575       54.865 
    full_adder_loop[6].FA      full_adder_179                            6     45.043    16.882       61.925 
    full_adder_loop[7].FA      full_adder_178                            1     33.782     0.000       33.782 
  RCA_LSB                      ripple_carry_adder_WIDTH8                63    613.088   213.023      826.111 
    F1A                        full_adder                               10     88.835    30.457      119.292 
    full_adder_loop[1].FA      full_adder_226                           11     78.826    37.157      115.983 
    full_adder_loop[2].FA      full_adder_225                           10     80.077    33.763      113.840 
    full_adder_loop[3].FA      full_adder_224                            7     75.072    16.969       92.041 
    full_adder_loop[4].FA      full_adder_223                            6     71.318    13.575       84.893 
    full_adder_loop[5].FA      full_adder_222                            6     71.318    13.575       84.893 
    full_adder_loop[6].FA      full_adder_221                            6     71.318    13.575       84.893 
    full_adder_loop[7].FA      full_adder_220                            7     76.323    18.622       94.945 
