###############################################################
#  Generated by:      Cadence Innovus 23.32-s091_1
#  OS:                Linux x86_64(Host ID cadmicro-inf-el8-623207)
#  Generated on:      Wed Apr  2 17:41:47 2025
#  Design:            carry_increment_32bits
#  Command:           report_timing > reports/report_timing.rpt
###############################################################
Path 1: MET Path Delay Check
Endpoint:   Cout (v)
Beginpoint: A[0] (v) triggered by  leading edge of '@'
Path Groups: {default}
Analysis View: default_emulate_view
- External Delay                0.000
+ Path Delay                  200.000
= Required Time               200.000
- Arrival Time                  8.711
= Slack Time                  191.289
     Clock Rise Edge                      0.000
     + Input Delay                        0.000
     = Beginpoint Arrival Time            0.000
     +--------------------------------------------------------------------------------------------------------------+ 
     |               Instance               |       Arc       |          Cell          | Delay | Arrival | Required | 
     |                                      |                 |                        |       |  Time   |   Time   | 
     |--------------------------------------+-----------------+------------------------+-------+---------+----------| 
     |                                      | A[0] v          |                        |       |  -0.000 |  191.289 | 
     | RCA1/F1A/g65__2398                   | B v -> COUT v   | sky130_fd_sc_hd__fa_1  | 0.799 |   0.799 |  192.088 | 
     | RCA1/full_adder_loop[1].FA/g65__5107 | CIN v -> COUT v | sky130_fd_sc_hd__fa_1  | 0.396 |   1.195 |  192.483 | 
     | RCA1/full_adder_loop[2].FA/g65__6260 | CIN v -> COUT v | sky130_fd_sc_hd__fa_1  | 0.408 |   1.602 |  192.891 | 
     | RCA1/full_adder_loop[3].FA/g65__4319 | CIN v -> COUT v | sky130_fd_sc_hd__fa_1  | 0.384 |   1.986 |  193.275 | 
     | g553__1705                           | B v -> COUT v   | sky130_fd_sc_hd__ha_1  | 0.196 |   2.182 |  193.471 | 
     | g552__2802                           | B v -> COUT v   | sky130_fd_sc_hd__ha_1  | 0.179 |   2.361 |  193.650 | 
     | g551__1617                           | B v -> COUT v   | sky130_fd_sc_hd__ha_1  | 0.182 |   2.543 |  193.831 | 
     | g550__3680                           | B v -> COUT v   | sky130_fd_sc_hd__ha_1  | 0.174 |   2.717 |  194.005 | 
     | g549__6783                           | B v -> X v      | sky130_fd_sc_hd__or2_0 | 0.223 |   2.940 |  194.229 | 
     | g548__5526                           | B v -> COUT v   | sky130_fd_sc_hd__ha_1  | 0.192 |   3.132 |  194.421 | 
     | g547__8428                           | B v -> COUT v   | sky130_fd_sc_hd__ha_1  | 0.181 |   3.313 |  194.602 | 
     | g546__4319                           | B v -> COUT v   | sky130_fd_sc_hd__ha_1  | 0.186 |   3.499 |  194.788 | 
     | g545__6260                           | B v -> COUT v   | sky130_fd_sc_hd__ha_1  | 0.167 |   3.666 |  194.955 | 
     | g544__5107                           | B v -> X v      | sky130_fd_sc_hd__or2_0 | 0.199 |   3.865 |  195.154 | 
     | g543__2398                           | B v -> COUT v   | sky130_fd_sc_hd__ha_1  | 0.184 |   4.049 |  195.338 | 
     | g542__5477                           | B v -> COUT v   | sky130_fd_sc_hd__ha_1  | 0.177 |   4.226 |  195.515 | 
     | g541__6417                           | B v -> COUT v   | sky130_fd_sc_hd__ha_1  | 0.177 |   4.403 |  195.692 | 
     | g540__7410                           | B v -> COUT v   | sky130_fd_sc_hd__ha_1  | 0.176 |   4.580 |  195.868 | 
     | g539__1666                           | B v -> X v      | sky130_fd_sc_hd__or2_0 | 0.200 |   4.780 |  196.068 | 
     | g538__2346                           | B v -> COUT v   | sky130_fd_sc_hd__ha_1  | 0.184 |   4.964 |  196.253 | 
     | g537__2883                           | B v -> COUT v   | sky130_fd_sc_hd__ha_1  | 0.177 |   5.142 |  196.430 | 
     | g536__9945                           | B v -> COUT v   | sky130_fd_sc_hd__ha_1  | 0.184 |   5.326 |  196.615 | 
     | g535__9315                           | B v -> COUT v   | sky130_fd_sc_hd__ha_1  | 0.167 |   5.492 |  196.781 | 
     | g534__6161                           | B v -> X v      | sky130_fd_sc_hd__or2_0 | 0.202 |   5.695 |  196.984 | 
     | g533__4733                           | B v -> COUT v   | sky130_fd_sc_hd__ha_1  | 0.184 |   5.879 |  197.167 | 
     | g532__7482                           | B v -> COUT v   | sky130_fd_sc_hd__ha_1  | 0.181 |   6.060 |  197.348 | 
     | g531__5115                           | B v -> COUT v   | sky130_fd_sc_hd__ha_1  | 0.190 |   6.250 |  197.538 | 
     | g530__1881                           | B v -> COUT v   | sky130_fd_sc_hd__ha_1  | 0.177 |   6.427 |  197.715 | 
     | g529__6131                           | B v -> X v      | sky130_fd_sc_hd__or2_0 | 0.214 |   6.641 |  197.930 | 
     | g528__7098                           | B v -> COUT v   | sky130_fd_sc_hd__ha_1  | 0.192 |   6.833 |  198.121 | 
     | g527__8246                           | B v -> COUT v   | sky130_fd_sc_hd__ha_1  | 0.178 |   7.011 |  198.300 | 
     | g526__5122                           | B v -> COUT v   | sky130_fd_sc_hd__ha_1  | 0.178 |   7.189 |  198.478 | 
     | g525__1705                           | B v -> COUT v   | sky130_fd_sc_hd__ha_1  | 0.165 |   7.354 |  198.643 | 
     | g524__2802                           | B v -> X v      | sky130_fd_sc_hd__or2_0 | 0.203 |   7.557 |  198.845 | 
     | g523__1617                           | B v -> COUT v   | sky130_fd_sc_hd__ha_1  | 0.190 |   7.746 |  199.035 | 
     | g522__3680                           | B v -> COUT v   | sky130_fd_sc_hd__ha_1  | 0.193 |   7.939 |  199.228 | 
     | g521__6783                           | B v -> COUT v   | sky130_fd_sc_hd__ha_1  | 0.187 |   8.126 |  199.415 | 
     | g520__5526                           | B v -> COUT v   | sky130_fd_sc_hd__ha_1  | 0.172 |   8.298 |  199.586 | 
     | g519__8428                           | B v -> X v      | sky130_fd_sc_hd__or2_2 | 0.413 |   8.710 |  199.999 | 
     |                                      | Cout v          |                        | 0.001 |   8.711 |  200.000 | 
     +--------------------------------------------------------------------------------------------------------------+ 

