============================================================
  Generated by:           Genus(TM) Synthesis Solution 23.12-s086_1
  Generated on:           Apr 07 2025  04:50:40 pm
  Module:                 carry_bypass8_32bits
  Operating conditions:   tt_025C_1v80 
  Interconnect mode:      global
  Area mode:              physical library
============================================================

Timing
-------
  Cost    Critical           Violating 
 Group   Path Slack   TNS      Paths   
---------------------------------------
default        -7.6   -14.4          2 
---------------------------------------
Total                 -14.4          2 

Instance Count
--------------
Leaf Instance Count             369 
Physical Instance count           0 
Sequential Instance Count         0 
Combinational Instance Count    369 
Hierarchical Instance Count      36 

Area
----
Cell Area                          3054.179
Physical Cell Area                 0.000
Total Cell Area (Cell+Physical)    3054.179
Net Area                           1879.612
Total Area (Cell+Physical+Net)     4933.791

Max Fanout                         4 (n_0)
Min Fanout                         1 (Cout)
Average Fanout                     1.6
Terms to net ratio                 2.3594
Terms to instance ratio            2.7751
Runtime                            32.577735000000004 seconds
Elapsed Runtime                    34 seconds
Genus peak memory usage            1899.99 
Innovus peak memory usage          no_value 
Hostname                           cadmicro-inf-el8-623207
