============================================================
  Generated by:           Genus(TM) Synthesis Solution 23.12-s086_1
  Generated on:           Apr 09 2025  12:22:20 pm
  Module:                 ripple_carry_adder_32bits
  Operating conditions:   tt_025C_1v80 
  Interconnect mode:      global
  Area mode:              physical library
============================================================

Timing
-------
  Cost    Critical         Violating 
 Group   Path Slack  TNS     Paths   
-------------------------------------
default         0.0   0.0          0 
-------------------------------------
Total                 0.0          0 

Instance Count
--------------
Leaf Instance Count             296 
Physical Instance count           0 
Sequential Instance Count         0 
Combinational Instance Count    296 
Hierarchical Instance Count      32 

Area
----
Cell Area                          1794.221
Physical Cell Area                 0.000
Total Cell Area (Cell+Physical)    1794.221
Net Area                           1496.292
Total Area (Cell+Physical+Net)     3290.513

Max Fanout                         3 (carry[30])
Min Fanout                         1 (Cout)
Average Fanout                     1.5
Terms to net ratio                 2.1994
Terms to instance ratio            2.6824
Runtime                            13.790840999999999 seconds
Elapsed Runtime                    16 seconds
Genus peak memory usage            1889.43 
Innovus peak memory usage          no_value 
Hostname                           cadmicro-inf-el8-623207
