============================================================
  Generated by:           Genus(TM) Synthesis Solution 23.12-s086_1
  Generated on:           Apr 07 2025  06:34:27 pm
  Module:                 carry_select_adder_66668_32bits
  Operating conditions:   tt_025C_1v80 
  Interconnect mode:      global
  Area mode:              physical library
============================================================

            Instance                         Module              Cell-Count  Cell-Area  Net-Area   Total-Area 
--------------------------------------------------------------------------------------------------------------
carry_select_adder_66668_32bits NA                                      264   2152.064  1582.093     3734.157 
  CSA_BLOCKS[1].RCA_C0          ripple_carry_adder_WIDTH6_5_235          21    191.434    62.567      254.000 
    F1A                         full_adder_26_232                         4     20.019    10.094       30.113 
    full_adder_loop[1].FA       full_adder_218                            5     36.285    10.181       46.466 
    full_adder_loop[2].FA       full_adder_217                            4     32.531     6.787       39.319 
    full_adder_loop[3].FA       full_adder_216                            6     35.034    13.575       48.609 
    full_adder_loop[4].FA       full_adder_215                            1     33.782     0.000       33.782 
    full_adder_loop[5].FA       full_adder_214                            1     33.782     0.000       33.782 
  CSA_BLOCKS[1].RCA_C1          ripple_carry_adder_WIDTH6_6_237          23    202.694    76.142      278.836 
    F1A                         full_adder_32_234                         4     20.019    10.094       30.113 
    full_adder_loop[1].FA       full_adder_213                            5     30.029    10.181       40.210 
    full_adder_loop[2].FA       full_adder_212                            5     48.797    13.575       62.372 
    full_adder_loop[3].FA       full_adder_211                            4     35.034    10.181       45.215 
    full_adder_loop[4].FA       full_adder_210                            4     35.034    10.181       45.215 
    full_adder_loop[5].FA       full_adder_209                            1     33.782     0.000       33.782 
  CSA_BLOCKS[2].RCA_C0          ripple_carry_adder_WIDTH6_5_236          22    162.656    72.661      235.317 
    F1A                         full_adder_26                             4     20.019    10.094       30.113 
    full_adder_loop[1].FA       full_adder_208                            5     30.029    10.181       40.210 
    full_adder_loop[2].FA       full_adder_207                            7     37.536    20.275       57.811 
    full_adder_loop[3].FA       full_adder_206                            4     35.034    10.181       45.215 
    full_adder_loop[4].FA       full_adder_205                            1     20.019     0.000       20.019 
    full_adder_loop[5].FA       full_adder_204                            1     20.019     0.000       20.019 
  CSA_BLOCKS[2].RCA_C1          ripple_carry_adder_WIDTH6_6_238          19    165.158    60.826      225.985 
    F1A                         full_adder_32                             4     20.019    10.094       30.113 
    full_adder_loop[1].FA       full_adder_203                            5     33.782    11.835       45.617 
    full_adder_loop[2].FA       full_adder_202                            7     37.536    20.275       57.811 
    full_adder_loop[3].FA       full_adder_201                            1     33.782     0.000       33.782 
    full_adder_loop[4].FA       full_adder_200                            1     20.019     0.000       20.019 
    full_adder_loop[5].FA       full_adder_199                            1     20.019     0.000       20.019 
  CSA_BLOCKS[3].RCA_C0          ripple_carry_adder_WIDTH6_5              14    153.898    48.905      202.802 
    F1A                         full_adder_26_231                         4     20.019    10.094       30.113 
    full_adder_loop[1].FA       full_adder_198                            6     40.038    20.188       60.227 
    full_adder_loop[2].FA       full_adder_197                            1     33.782     0.000       33.782 
    full_adder_loop[3].FA       full_adder_196                            1     20.019     0.000       20.019 
    full_adder_loop[4].FA       full_adder_195                            1     20.019     0.000       20.019 
    full_adder_loop[5].FA       full_adder_194                            1     20.019     0.000       20.019 
  CSA_BLOCKS[3].RCA_C1          ripple_carry_adder_WIDTH6_6              13    143.888    38.898      182.786 
    F1A                         full_adder_32_233                         4     20.019    10.094       30.113 
    full_adder_loop[1].FA       full_adder_193                            5     30.029    10.181       40.210 
    full_adder_loop[2].FA       full_adder_192                            1     33.782     0.000       33.782 
    full_adder_loop[3].FA       full_adder_191                            1     20.019     0.000       20.019 
    full_adder_loop[4].FA       full_adder_190                            1     20.019     0.000       20.019 
    full_adder_loop[5].FA       full_adder_189                            1     20.019     0.000       20.019 
  CSA_BLOCKS[4].RCA_C0          ripple_carry_adder_WIDTH8                26    221.462    82.929      304.392 
    F1A                         full_adder_6                              4     20.019    10.094       30.113 
    full_adder_loop[1].FA       full_adder_225                            8     40.038    20.362       60.401 
    full_adder_loop[2].FA       full_adder_224                            6     35.034    13.575       48.609 
    full_adder_loop[3].FA       full_adder_223                            4     32.531    10.181       42.712 
    full_adder_loop[4].FA       full_adder_222                            1     33.782     0.000       33.782 
    full_adder_loop[5].FA       full_adder_221                            1     20.019     0.000       20.019 
    full_adder_loop[6].FA       full_adder_220                            1     20.019     0.000       20.019 
    full_adder_loop[7].FA       full_adder_219                            1     20.019     0.000       20.019 
  CSA_BLOCKS[4].RCA_C1          ripple_carry_adder_WIDTH8_1              29    237.728   103.031      340.759 
    F1A                         full_adder_50                             4     20.019    10.094       30.113 
    full_adder_loop[1].FA       full_adder_188                           10     47.546    33.763       81.309 
    full_adder_loop[2].FA       full_adder_187                            7     41.290    20.275       61.565 
    full_adder_loop[3].FA       full_adder_186                            4     35.034    10.181       45.215 
    full_adder_loop[4].FA       full_adder_185                            1     33.782     0.000       33.782 
    full_adder_loop[5].FA       full_adder_184                            1     20.019     0.000       20.019 
    full_adder_loop[6].FA       full_adder_183                            1     20.019     0.000       20.019 
    full_adder_loop[7].FA       full_adder_182                            1     20.019     0.000       20.019 
  RCA_LSB                       ripple_carry_adder_WIDTH6                38    225.216   116.780      341.996 
    F1A                         full_adder                                8     47.546    23.669       71.215 
    full_adder_loop[1].FA       full_adder_230                            6     35.034    13.575       48.609 
    full_adder_loop[2].FA       full_adder_229                            6     35.034    13.575       48.609 
    full_adder_loop[3].FA       full_adder_228                            6     35.034    13.575       48.609 
    full_adder_loop[4].FA       full_adder_227                            6     35.034    13.575       48.609 
    full_adder_loop[5].FA       full_adder_226                            6     37.536    13.575       51.111 
