============================================================
  Generated by:           Genus(TM) Synthesis Solution 23.12-s086_1
  Generated on:           Apr 07 2025  06:34:27 pm
  Module:                 carry_select_adder_66668_32bits
  Operating conditions:   tt_025C_1v80 
  Interconnect mode:      global
  Area mode:              physical library
============================================================


Path 1: MET (1 ps) Path Delay Check
     Startpoint: (F) B[0]
       Endpoint: (F) Cout

                   Capture    Launch  
      Path Delay:+    2750         -  
      Drv Adjust:+       0         0  
         Arrival:=    2750            
                                      
   Required Time:=    2750            
       Data Path:-    2749            
           Slack:=       1            

Exceptions/Constraints:
  max_delay             2750            constraints.sdc_line_1 

#------------------------------------------------------------------------------------------------------------------------------------
#               Timing Point                Flags    Arc    Edge           Cell             Fanout Load Trans Delay Arrival Instance 
#                                                                                                  (fF)  (ps)  (ps)   (ps)  Location 
#------------------------------------------------------------------------------------------------------------------------------------
  B[0]                                      -       -       F     (arrival)                      1  3.3  1000     0       0    (-,-) 
  g344/X                                    -       A->X    F     sky130_fd_sc_hd__clkbuf_1      2  8.5    75   342     342    (-,-) 
  RCA_LSB/F1A/g105/Y                        -       A->Y    R     sky130_fd_sc_hd__inv_2         2  5.7    40    62     404    (-,-) 
  RCA_LSB/F1A/g2__6783/Y                    -       A_N->Y  R     sky130_fd_sc_hd__nand2b_1      1  5.8    80   111     516    (-,-) 
  RCA_LSB/F1A/g95__4319/Y                   -       B1->Y   F     sky130_fd_sc_hd__o21ai_2       2  8.4    52    71     587    (-,-) 
  RCA_LSB/full_adder_loop[1].FA/g62__1705/Y -       A->Y    R     sky130_fd_sc_hd__nand2_1       1  3.7    55    62     649    (-,-) 
  RCA_LSB/full_adder_loop[1].FA/g60__1617/Y -       A->Y    F     sky130_fd_sc_hd__nand2_1       2  8.4    83    77     726    (-,-) 
  RCA_LSB/full_adder_loop[2].FA/g62__5115/Y -       A->Y    R     sky130_fd_sc_hd__nand2_1       1  3.7    53    76     801    (-,-) 
  RCA_LSB/full_adder_loop[2].FA/g60__6131/Y -       A->Y    F     sky130_fd_sc_hd__nand2_1       2  8.4    68    76     877    (-,-) 
  RCA_LSB/full_adder_loop[3].FA/g59__2883/Y -       A->Y    R     sky130_fd_sc_hd__nand2_1       1  3.7    55    69     947    (-,-) 
  RCA_LSB/full_adder_loop[3].FA/g57__9315/Y -       A->Y    F     sky130_fd_sc_hd__nand2_1       2  8.4    83    77    1023    (-,-) 
  RCA_LSB/full_adder_loop[4].FA/g59__2398/Y -       A->Y    R     sky130_fd_sc_hd__nand2_1       1  3.7    54    76    1099    (-,-) 
  RCA_LSB/full_adder_loop[4].FA/g57__6417/Y -       A->Y    F     sky130_fd_sc_hd__nand2_1       2  8.4    83    76    1175    (-,-) 
  RCA_LSB/full_adder_loop[5].FA/g59__6783/Y -       A->Y    R     sky130_fd_sc_hd__nand2_1       1  5.9    73    90    1265    (-,-) 
  RCA_LSB/full_adder_loop[5].FA/g57__8428/Y -       A->Y    F     sky130_fd_sc_hd__nand2_2       8 28.6   132   119    1384    (-,-) 
  g603__8246/Y                              -       A->Y    R     sky130_fd_sc_hd__nand2_1       1  3.8    60    97    1481    (-,-) 
  g602__5122/X                              -       B1->X   R     sky130_fd_sc_hd__o21a_2        7 30.7   169   225    1706    (-,-) 
  g595__8428/X                              -       S->X    F     sky130_fd_sc_hd__mux2_4        7 28.4    87   368    2074    (-,-) 
  g583__9945/X                              -       A2_N->X R     sky130_fd_sc_hd__o2bb2a_4     10 37.7   130   280    2354    (-,-) 
  g580/Y                                    -       A->Y    F     sky130_fd_sc_hd__inv_4         9 25.9    52    70    2424    (-,-) 
  g577__5115/X                              -       B1->X   F     sky130_fd_sc_hd__a22o_2        1 51.3   146   325    2749    (-,-) 
  Cout                                      -       -       F     (port)                         -    -     -     0    2749    (-,-) 
#------------------------------------------------------------------------------------------------------------------------------------

