============================================================
  Generated by:           Genus(TM) Synthesis Solution 23.12-s086_1
  Generated on:           Apr 07 2025  06:34:27 pm
  Module:                 carry_select_adder_66668_32bits
  Operating conditions:   tt_025C_1v80 
  Interconnect mode:      global
  Area mode:              physical library
============================================================

Timing
-------
  Cost    Critical         Violating 
 Group   Path Slack  TNS     Paths   
-------------------------------------
default         1.0   0.0          0 
-------------------------------------
Total                 0.0          0 

Instance Count
--------------
Leaf Instance Count             264 
Physical Instance count           0 
Sequential Instance Count         0 
Combinational Instance Count    264 
Hierarchical Instance Count      67 

Area
----
Cell Area                          2152.064
Physical Cell Area                 0.000
Total Cell Area (Cell+Physical)    2152.064
Net Area                           1582.093
Total Area (Cell+Physical+Net)     3734.157

Max Fanout                         10 (n_8)
Min Fanout                         1 (C0[1])
Average Fanout                     1.6
Terms to net ratio                 2.3398
Terms to instance ratio            3.1818
Runtime                            14.607534000000001 seconds
Elapsed Runtime                    16 seconds
Genus peak memory usage            1892.39 
Innovus peak memory usage          no_value 
Hostname                           cadmicro-inf-el8-623207
