============================================================
  Generated by:           Genus(TM) Synthesis Solution 23.12-s086_1
  Generated on:           Apr 07 2025  06:11:10 pm
  Module:                 carry_select_adder_46814_32bits
  Operating conditions:   tt_025C_1v80 
  Interconnect mode:      global
  Area mode:              physical library
============================================================


Path 1: MET (0 ps) Path Delay Check
     Startpoint: (F) B[18]
       Endpoint: (F) Cout

                   Capture    Launch  
      Path Delay:+    2310         -  
      Drv Adjust:+       0         0  
         Arrival:=    2310            
                                      
   Required Time:=    2310            
       Data Path:-    2310            
           Slack:=       0            

Exceptions/Constraints:
  max_delay             2310            constraints.sdc_line_1 

#-------------------------------------------------------------------------------------------------------------------------------------------------
#                      Timing Point                        Flags   Arc   Edge           Cell             Fanout Load Trans Delay Arrival Instance 
#                                                                                                               (fF)  (ps)  (ps)   (ps)  Location 
#-------------------------------------------------------------------------------------------------------------------------------------------------
  B[18]                                                    -       -     F     (arrival)                      1  5.7  1000     0       0    (-,-) 
  g292/X                                                   -       A->X  F     sky130_fd_sc_hd__buf_6         2 11.0    51   414     414    (-,-) 
  CSA_BLOCKS[3].RCA_C1/F1A/g58/Y                           -       A->Y  R     sky130_fd_sc_hd__clkinv_2      2 11.2    48    61     475    (-,-) 
  CSA_BLOCKS[3].RCA_C1/F1A/g56__5107/Y                     -       B->Y  F     sky130_fd_sc_hd__nand2_2       2  7.8    44    58     533    (-,-) 
  CSA_BLOCKS[3].RCA_C1/full_adder_loop[1].FA/g181__5526/Y  -       A->Y  R     sky130_fd_sc_hd__nand2_2       1  5.9    51    58     591    (-,-) 
  CSA_BLOCKS[3].RCA_C1/full_adder_loop[1].FA/g179__4319/Y  -       A->Y  F     sky130_fd_sc_hd__nand2_2       2 10.4    53    61     653    (-,-) 
  CSA_BLOCKS[3].RCA_C1/full_adder_loop[2].FA/g121__5122/Y  -       A->Y  R     sky130_fd_sc_hd__nand2_2       1  5.9    54    62     714    (-,-) 
  CSA_BLOCKS[3].RCA_C1/full_adder_loop[2].FA/g119__2802/Y  -       A->Y  F     sky130_fd_sc_hd__nand2_2       2  7.8    44    54     769    (-,-) 
  CSA_BLOCKS[3].RCA_C1/full_adder_loop[3].FA/g121__7482/Y  -       A->Y  R     sky130_fd_sc_hd__nand2_2       1  5.9    52    58     827    (-,-) 
  CSA_BLOCKS[3].RCA_C1/full_adder_loop[3].FA/g119__1881/Y  -       A->Y  F     sky130_fd_sc_hd__nand2_2       2  8.2    46    55     882    (-,-) 
  CSA_BLOCKS[3].RCA_C1/full_adder_loop[4].FA/g121__2346/Y  -       A->Y  R     sky130_fd_sc_hd__nand2_2       1  5.9    54    59     941    (-,-) 
  CSA_BLOCKS[3].RCA_C1/full_adder_loop[4].FA/g119__9945/Y  -       A->Y  F     sky130_fd_sc_hd__nand2_2       2  8.2    45    56     996    (-,-) 
  CSA_BLOCKS[3].RCA_C1/full_adder_loop[5].FA/g121__5107/Y  -       A->Y  R     sky130_fd_sc_hd__nand2_2       1  5.9    54    58    1055    (-,-) 
  CSA_BLOCKS[3].RCA_C1/full_adder_loop[5].FA/g119__5477/Y  -       A->Y  F     sky130_fd_sc_hd__nand2_2       2  7.8    44    55    1110    (-,-) 
  CSA_BLOCKS[3].RCA_C1/full_adder_loop[6].FA/g121__3680/Y  -       A->Y  R     sky130_fd_sc_hd__nand2_2       1  5.9    54    58    1168    (-,-) 
  CSA_BLOCKS[3].RCA_C1/full_adder_loop[6].FA/g119__5526/Y  -       A->Y  F     sky130_fd_sc_hd__nand2_2       2  8.2    46    56    1223    (-,-) 
  CSA_BLOCKS[3].RCA_C1/full_adder_loop[7].FA/g121__7098/Y  -       A->Y  R     sky130_fd_sc_hd__nand2_2       1  5.9    54    59    1282    (-,-) 
  CSA_BLOCKS[3].RCA_C1/full_adder_loop[7].FA/g119__5122/Y  -       A->Y  F     sky130_fd_sc_hd__nand2_2       2  8.2    46    56    1338    (-,-) 
  CSA_BLOCKS[3].RCA_C1/full_adder_loop[8].FA/g121__6161/Y  -       A->Y  R     sky130_fd_sc_hd__nand2_2       1  5.9    54    59    1396    (-,-) 
  CSA_BLOCKS[3].RCA_C1/full_adder_loop[8].FA/g119__7482/Y  -       A->Y  F     sky130_fd_sc_hd__nand2_2       2  7.8    44    55    1451    (-,-) 
  CSA_BLOCKS[3].RCA_C1/full_adder_loop[9].FA/g121__7410/Y  -       A->Y  R     sky130_fd_sc_hd__nand2_2       1  5.9    54    58    1509    (-,-) 
  CSA_BLOCKS[3].RCA_C1/full_adder_loop[9].FA/g119__2346/Y  -       A->Y  F     sky130_fd_sc_hd__nand2_2       2  8.2    46    56    1565    (-,-) 
  CSA_BLOCKS[3].RCA_C1/full_adder_loop[10].FA/g119__4319/Y -       A->Y  R     sky130_fd_sc_hd__nand2_2       1  5.9    54    59    1624    (-,-) 
  CSA_BLOCKS[3].RCA_C1/full_adder_loop[10].FA/g117__5107/Y -       A->Y  F     sky130_fd_sc_hd__nand2_2       2  8.2    46    56    1679    (-,-) 
  CSA_BLOCKS[3].RCA_C1/full_adder_loop[11].FA/g119__2802/Y -       A->Y  R     sky130_fd_sc_hd__nand2_2       1  5.9    54    59    1738    (-,-) 
  CSA_BLOCKS[3].RCA_C1/full_adder_loop[11].FA/g117__3680/Y -       A->Y  F     sky130_fd_sc_hd__nand2_2       2  6.2    39    50    1788    (-,-) 
  CSA_BLOCKS[3].RCA_C1/full_adder_loop[12].FA/g119__1881/Y -       A->Y  R     sky130_fd_sc_hd__nand2_1       1  5.9    72    71    1859    (-,-) 
  CSA_BLOCKS[3].RCA_C1/full_adder_loop[12].FA/g117__7098/Y -       A->Y  F     sky130_fd_sc_hd__nand2_2       2 12.3    61    73    1932    (-,-) 
  CSA_BLOCKS[3].RCA_C1/full_adder_loop[13].FA/g122/X       -       A1->X F     sky130_fd_sc_hd__a21bo_1       1  9.6    65   200    2132    (-,-) 
  g844__5526/Y                                             -       A->Y  R     sky130_fd_sc_hd__nand2_4       1 18.7    83    86    2218    (-,-) 
  g839__2398/Y                                             -       A->Y  F     sky130_fd_sc_hd__nand2_8       1 51.3    83    91    2310    (-,-) 
  Cout                                                     -       -     F     (port)                         -    -     -     0    2310    (-,-) 
#-------------------------------------------------------------------------------------------------------------------------------------------------

