###############################################################
#  Generated by:      Cadence Innovus 23.32-s091_1
#  OS:                Linux x86_64(Host ID cadmicro-inf-el8-623207)
#  Generated on:      Wed Apr  9 12:52:00 2025
#  Design:            carry_select_adder_66668_32bits
#  Command:           report_timing > reports/report_timing.rpt
###############################################################
Path 1: MET Path Delay Check
Endpoint:   S[28] (v)
Beginpoint: A[0]  (v) triggered by  leading edge of '@'
Path Groups: {default}
Analysis View: default_emulate_view
- External Delay                0.000
+ Path Delay                    4.350
= Required Time                 4.350
- Arrival Time                  4.310
= Slack Time                    0.040
     Clock Rise Edge                      0.000
     + Input Delay                        0.000
     = Beginpoint Arrival Time            0.000
     +--------------------------------------------------------------------------------------------------------------------+ 
     |                Instance                 |       Arc       |           Cell            | Delay | Arrival | Required | 
     |                                         |                 |                           |       |  Time   |   Time   | 
     |-----------------------------------------+-----------------+---------------------------+-------+---------+----------| 
     |                                         | A[0] v          |                           |       |   0.000 |    0.040 | 
     | RCA_LSB/F1A/g69__8246                   | A v -> Y ^      | sky130_fd_sc_hd__nor2_1   | 0.312 |   0.312 |    0.352 | 
     | RCA_LSB/F1A/g2                          | A2_N ^ -> X v   | sky130_fd_sc_hd__a2bb2o_2 | 0.315 |   0.627 |    0.667 | 
     | RCA_LSB/full_adder_loop[1].FA/g62__5115 | A v -> Y ^      | sky130_fd_sc_hd__nand2_1  | 0.069 |   0.695 |    0.736 | 
     | RCA_LSB/full_adder_loop[1].FA/g60__6131 | A ^ -> Y v      | sky130_fd_sc_hd__nand2_1  | 0.076 |   0.771 |    0.811 | 
     | RCA_LSB/full_adder_loop[2].FA/g59__2883 | B1 v -> Y ^     | sky130_fd_sc_hd__o21ai_1  | 0.098 |   0.869 |    0.909 | 
     | RCA_LSB/full_adder_loop[2].FA/g57__9315 | B ^ -> Y v      | sky130_fd_sc_hd__nand2b_1 | 0.121 |   0.990 |    1.030 | 
     | RCA_LSB/full_adder_loop[3].FA/g57__1666 | CIN v -> COUT v | sky130_fd_sc_hd__fa_1     | 0.405 |   1.395 |    1.435 | 
     | RCA_LSB/full_adder_loop[4].FA/g57__7410 | CIN v -> COUT v | sky130_fd_sc_hd__fa_2     | 0.360 |   1.755 |    1.795 | 
     | RCA_LSB/full_adder_loop[5].FA/g57__6417 | CIN v -> COUT v | sky130_fd_sc_hd__fa_1     | 0.562 |   2.317 |    2.357 | 
     | g600__2398                              | S v -> Y ^      | sky130_fd_sc_hd__mux2i_4  | 0.369 |   2.686 |    2.726 | 
     | g593__9945                              | S ^ -> Y ^      | sky130_fd_sc_hd__mux2i_2  | 0.588 |   3.274 |    3.314 | 
     | g582__1705                              | S ^ -> Y ^      | sky130_fd_sc_hd__mux2i_4  | 0.505 |   3.779 |    3.819 | 
     | g571__5477                              | S ^ -> X v      | sky130_fd_sc_hd__mux2_2   | 0.530 |   4.308 |    4.348 | 
     |                                         | S[28] v         |                           | 0.002 |   4.310 |    4.350 | 
     +--------------------------------------------------------------------------------------------------------------------+ 

