    Hinst Name                               Module Name                     Inst Count           Total Area
---------------------------------------------------------------------------------------------------------
carry_select_adder_66668_32bits                                                     117             1574.010
  CSA_BLOCKS[1].RCA_C0                       ripple_carry_adder_WIDTH6_5_235         11              140.134
    CSA_BLOCKS[1].RCA_C0/F1A                 full_adder_26_232                        1               25.024
    CSA_BLOCKS[1].RCA_C0/full_adder_loop[1].FA full_adder_218                           6               35.034
    CSA_BLOCKS[1].RCA_C0/full_adder_loop[2].FA full_adder_217                           1               20.019
    CSA_BLOCKS[1].RCA_C0/full_adder_loop[3].FA full_adder_216                           1               20.019
    CSA_BLOCKS[1].RCA_C0/full_adder_loop[4].FA full_adder_215                           1               20.019
    CSA_BLOCKS[1].RCA_C0/full_adder_loop[5].FA full_adder_214                           1               20.019
  CSA_BLOCKS[1].RCA_C1                       ripple_carry_adder_WIDTH6_6_237         14              135.130
    CSA_BLOCKS[1].RCA_C1/F1A                 full_adder_32_234                        4               20.019
    CSA_BLOCKS[1].RCA_C1/full_adder_loop[1].FA full_adder_213                           6               35.034
    CSA_BLOCKS[1].RCA_C1/full_adder_loop[2].FA full_adder_212                           1               20.019
    CSA_BLOCKS[1].RCA_C1/full_adder_loop[3].FA full_adder_211                           1               20.019
    CSA_BLOCKS[1].RCA_C1/full_adder_loop[4].FA full_adder_210                           1               20.019
    CSA_BLOCKS[1].RCA_C1/full_adder_loop[5].FA full_adder_209                           1               20.019
  CSA_BLOCKS[2].RCA_C0                       ripple_carry_adder_WIDTH6_5_236          6              112.608
    CSA_BLOCKS[2].RCA_C0/F1A                 full_adder_26                            1               12.512
    CSA_BLOCKS[2].RCA_C0/full_adder_loop[1].FA full_adder_208                           1               20.019
    CSA_BLOCKS[2].RCA_C0/full_adder_loop[2].FA full_adder_207                           1               20.019
    CSA_BLOCKS[2].RCA_C0/full_adder_loop[3].FA full_adder_206                           1               20.019
    CSA_BLOCKS[2].RCA_C0/full_adder_loop[4].FA full_adder_205                           1               20.019
    CSA_BLOCKS[2].RCA_C0/full_adder_loop[5].FA full_adder_204                           1               20.019
  CSA_BLOCKS[2].RCA_C1                       ripple_carry_adder_WIDTH6_6_238          7              115.110
    CSA_BLOCKS[2].RCA_C1/F1A                 full_adder_32                            2               15.014
    CSA_BLOCKS[2].RCA_C1/full_adder_loop[1].FA full_adder_203                           1               20.019
    CSA_BLOCKS[2].RCA_C1/full_adder_loop[2].FA full_adder_202                           1               20.019
    CSA_BLOCKS[2].RCA_C1/full_adder_loop[3].FA full_adder_201                           1               20.019
    CSA_BLOCKS[2].RCA_C1/full_adder_loop[4].FA full_adder_200                           1               20.019
    CSA_BLOCKS[2].RCA_C1/full_adder_loop[5].FA full_adder_199                           1               20.019
  CSA_BLOCKS[3].RCA_C0                       ripple_carry_adder_WIDTH6_5              6              112.608
    CSA_BLOCKS[3].RCA_C0/F1A                 full_adder_26_231                        1               12.512
    CSA_BLOCKS[3].RCA_C0/full_adder_loop[1].FA full_adder_198                           1               20.019
    CSA_BLOCKS[3].RCA_C0/full_adder_loop[2].FA full_adder_197                           1               20.019
    CSA_BLOCKS[3].RCA_C0/full_adder_loop[3].FA full_adder_196                           1               20.019
    CSA_BLOCKS[3].RCA_C0/full_adder_loop[4].FA full_adder_195                           1               20.019
    CSA_BLOCKS[3].RCA_C0/full_adder_loop[5].FA full_adder_194                           1               20.019
  CSA_BLOCKS[3].RCA_C1                       ripple_carry_adder_WIDTH6_6              7              115.110
    CSA_BLOCKS[3].RCA_C1/F1A                 full_adder_32_233                        2               15.014
    CSA_BLOCKS[3].RCA_C1/full_adder_loop[1].FA full_adder_193                           1               20.019
    CSA_BLOCKS[3].RCA_C1/full_adder_loop[2].FA full_adder_192                           1               20.019
    CSA_BLOCKS[3].RCA_C1/full_adder_loop[3].FA full_adder_191                           1               20.019
    CSA_BLOCKS[3].RCA_C1/full_adder_loop[4].FA full_adder_190                           1               20.019
    CSA_BLOCKS[3].RCA_C1/full_adder_loop[5].FA full_adder_189                           1               20.019
  CSA_BLOCKS[4].RCA_C0                       ripple_carry_adder_WIDTH8                8              152.646
    CSA_BLOCKS[4].RCA_C0/F1A                 full_adder_6                             1               12.512
    CSA_BLOCKS[4].RCA_C0/full_adder_loop[1].FA full_adder_225                           1               20.019
    CSA_BLOCKS[4].RCA_C0/full_adder_loop[2].FA full_adder_224                           1               20.019
    CSA_BLOCKS[4].RCA_C0/full_adder_loop[3].FA full_adder_223                           1               20.019
    CSA_BLOCKS[4].RCA_C0/full_adder_loop[4].FA full_adder_222                           1               20.019
    CSA_BLOCKS[4].RCA_C0/full_adder_loop[5].FA full_adder_221                           1               20.019
    CSA_BLOCKS[4].RCA_C0/full_adder_loop[6].FA full_adder_220                           1               20.019
    CSA_BLOCKS[4].RCA_C0/full_adder_loop[7].FA full_adder_219                           1               20.019
  CSA_BLOCKS[4].RCA_C1                       ripple_carry_adder_WIDTH8_1              9              155.149
    CSA_BLOCKS[4].RCA_C1/F1A                 full_adder_50                            2               15.014
    CSA_BLOCKS[4].RCA_C1/full_adder_loop[1].FA full_adder_188                           1               20.019
    CSA_BLOCKS[4].RCA_C1/full_adder_loop[2].FA full_adder_187                           1               20.019
    CSA_BLOCKS[4].RCA_C1/full_adder_loop[3].FA full_adder_186                           1               20.019
    CSA_BLOCKS[4].RCA_C1/full_adder_loop[4].FA full_adder_185                           1               20.019
    CSA_BLOCKS[4].RCA_C1/full_adder_loop[5].FA full_adder_184                           1               20.019
    CSA_BLOCKS[4].RCA_C1/full_adder_loop[6].FA full_adder_183                           1               20.019
    CSA_BLOCKS[4].RCA_C1/full_adder_loop[7].FA full_adder_182                           1               20.019
  RCA_LSB                                    ripple_carry_adder_WIDTH6               19              172.666
    RCA_LSB/F1A                              full_adder                               5               36.285
    RCA_LSB/full_adder_loop[1].FA            full_adder_230                           7               41.290
    RCA_LSB/full_adder_loop[2].FA            full_adder_229                           4               32.531
    RCA_LSB/full_adder_loop[3].FA            full_adder_228                           1               20.019
    RCA_LSB/full_adder_loop[4].FA            full_adder_227                           1               22.522
    RCA_LSB/full_adder_loop[5].FA            full_adder_226                           1               20.019
