============================================================
  Generated by:           Genus(TM) Synthesis Solution 23.12-s086_1
  Generated on:           Apr 07 2025  05:12:37 pm
  Module:                 carry_increment_32bits
  Operating conditions:   tt_025C_1v80 
  Interconnect mode:      global
  Area mode:              physical library
============================================================

Timing
-------
  Cost    Critical         Violating 
 Group   Path Slack  TNS     Paths   
-------------------------------------
default         0.2   0.0          0 
-------------------------------------
Total                 0.0          0 

Instance Count
--------------
Leaf Instance Count             482 
Physical Instance count           0 
Sequential Instance Count         0 
Combinational Instance Count    482 
Hierarchical Instance Count      40 

Area
----
Cell Area                          3204.323
Physical Cell Area                 0.000
Total Cell Area (Cell+Physical)    3204.323
Net Area                           2510.326
Total Area (Cell+Physical+Net)     5714.649

Max Fanout                         8 (S1[4][0])
Min Fanout                         1 (C2[0])
Average Fanout                     1.7
Terms to net ratio                 2.5009
Terms to instance ratio            2.8900
Runtime                            19.190471 seconds
Elapsed Runtime                    20 seconds
Genus peak memory usage            2023.30 
Innovus peak memory usage          no_value 
Hostname                           cadmicro-inf-el8-623207
