============================================================
  Generated by:           Genus(TM) Synthesis Solution 23.12-s086_1
  Generated on:           Apr 07 2025  05:12:37 pm
  Module:                 carry_increment_32bits
  Operating conditions:   tt_025C_1v80 
  Interconnect mode:      global
  Area mode:              physical library
============================================================

         Instance                      Module              Cell-Count  Cell-Area  Net-Area   Total-Area 
--------------------------------------------------------------------------------------------------------
carry_increment_32bits    NA                                      482   3204.323  2510.326     5714.649 
  RCA1                    ripple_carry_adder_WIDTH4                29    202.694    94.677      297.371 
    F1A                   full_adder                                6     50.048    15.228       65.276 
    full_adder_loop[1].FA full_adder_91                            11     57.555    37.157       94.712 
    full_adder_loop[2].FA full_adder_90                             7     43.792    16.969       60.761 
    full_adder_loop[3].FA full_adder_89                             5     51.299    10.181       61.480 
  RCAS[1].RCA2            ripple_carry_adder_WIDTH4_7_98           31    180.173   117.998      298.171 
    F1A                   full_adder_24_93                          5     23.773    13.488       37.261 
    full_adder_loop[1].FA full_adder_88                             9     52.550    30.370       82.920 
    full_adder_loop[2].FA full_adder_87                             8     51.299    28.629       79.928 
    full_adder_loop[3].FA full_adder_86                             9     52.550    25.410       77.960 
  RCAS[2].RCA2            ripple_carry_adder_WIDTH4_7_99           27    148.893    94.503      243.395 
    F1A                   full_adder_24_94                          4     18.768    10.094       28.862 
    full_adder_loop[1].FA full_adder_85                             8     45.043    26.976       72.019 
    full_adder_loop[2].FA full_adder_84                             6     37.536    13.575       51.111 
    full_adder_loop[3].FA full_adder_83                             9     47.546    25.410       72.955 
  RCAS[3].RCA2            ripple_carry_adder_WIDTH4_7_100          26    192.685    92.762      285.447 
    F1A                   full_adder_24_95                          4     23.773     6.787       30.560 
    full_adder_loop[1].FA full_adder_82                            10     56.304    37.070       93.374 
    full_adder_loop[2].FA full_adder_81                             6     48.797    13.575       62.372 
    full_adder_loop[3].FA full_adder_80                             6     63.811    15.228       79.040 
  RCAS[4].RCA2            ripple_carry_adder_WIDTH4_7_101          27    202.694    92.849      295.544 
    F1A                   full_adder_24_96                          4     22.522     6.787       29.309 
    full_adder_loop[1].FA full_adder_79                             7     58.806    16.969       75.775 
    full_adder_loop[2].FA full_adder_78                             8     63.811    28.629       92.440 
    full_adder_loop[3].FA full_adder_77                             8     57.555    22.016       79.571 
  RCAS[5].RCA2            ripple_carry_adder_WIDTH4_7_102          27    196.438   101.116      297.555 
    F1A                   full_adder_24_97                          5     26.275    13.488       39.763 
    full_adder_loop[1].FA full_adder_76                             8     52.550    26.976       79.526 
    full_adder_loop[2].FA full_adder_75                             8     63.811    28.629       92.440 
    full_adder_loop[3].FA full_adder_74                             6     53.802    13.575       67.377 
  RCAS[6].RCA2            ripple_carry_adder_WIDTH4_7_103          25    195.187    97.635      292.823 
    F1A                   full_adder_24                             4     22.522    10.094       32.616 
    full_adder_loop[1].FA full_adder_73                             8     60.058    26.976       87.034 
    full_adder_loop[2].FA full_adder_72                             8     71.318    28.629       99.948 
    full_adder_loop[3].FA full_adder_71                             5     41.290    11.835       53.124 
  RCAS[7].RCA2            ripple_carry_adder_WIDTH4_7              12    120.115    42.117      162.232 
    F1A                   full_adder_24_92                          4     21.270    13.401       34.671 
    full_adder_loop[1].FA full_adder_70                             6     45.043    16.882       61.925 
    full_adder_loop[2].FA full_adder_69                             1     20.019     0.000       20.019 
    full_adder_loop[3].FA full_adder_68                             1     33.782     0.000       33.782 
