============================================================
  Generated by:           Genus(TM) Synthesis Solution 23.12-s086_1
  Generated on:           Apr 09 2025  12:55:00 pm
  Module:                 carry_select_adder_661010_32bits
  Operating conditions:   tt_025C_1v80 
  Interconnect mode:      global
  Area mode:              physical library
============================================================

Timing
-------
  Cost    Critical         Violating 
 Group   Path Slack  TNS     Paths   
-------------------------------------
default         3.2   0.0          0 
-------------------------------------
Total                 0.0          0 

Instance Count
--------------
Leaf Instance Count             117 
Physical Instance count           0 
Sequential Instance Count         0 
Combinational Instance Count    117 
Hierarchical Instance Count      65 

Area
----
Cell Area                          1620.304
Physical Cell Area                 0.000
Total Cell Area (Cell+Physical)    1620.304
Net Area                           967.652
Total Area (Cell+Physical+Net)     2587.956

Max Fanout                         11 (n_2)
Min Fanout                         1 (C0[1])
Average Fanout                     1.5
Terms to net ratio                 2.0386
Terms to instance ratio            4.0598
Runtime                            13.652883000000001 seconds
Elapsed Runtime                    16 seconds
Genus peak memory usage            1891.13 
Innovus peak memory usage          no_value 
Hostname                           cadmicro-inf-el8-623207
