============================================================
  Generated by:           Genus(TM) Synthesis Solution 23.12-s086_1
  Generated on:           Apr 09 2025  12:55:00 pm
  Module:                 carry_select_adder_661010_32bits
  Operating conditions:   tt_025C_1v80 
  Interconnect mode:      global
  Area mode:              physical library
============================================================


Path 1: MET (3 ps) Path Delay Check
     Startpoint: (F) B[0]
       Endpoint: (F) Cout

                   Capture    Launch  
      Path Delay:+    4350         -  
      Drv Adjust:+       0         0  
         Arrival:=    4350            
                                      
   Required Time:=    4350            
       Data Path:-    4347            
           Slack:=       3            

Exceptions/Constraints:
  max_delay             4350            constraints.sdc_line_1 

#----------------------------------------------------------------------------------------------------------------------------------------
#                Timing Point                  Flags     Arc     Edge           Cell            Fanout Load Trans Delay Arrival Instance 
#                                                                                                      (fF)  (ps)  (ps)   (ps)  Location 
#----------------------------------------------------------------------------------------------------------------------------------------
  B[0]                                         -       -         F     (arrival)                     1  7.8  1000     0       0    (-,-) 
  RCA_LSB/F1A/g76/COUT                         -       B->COUT   F     sky130_fd_sc_hd__fah_1        1  3.6    87   646     646    (-,-) 
  RCA_LSB/full_adder_loop[1].FA/g2/COUT        -       CI->COUT  F     sky130_fd_sc_hd__fah_1        1  5.8    73   275     921    (-,-) 
  RCA_LSB/full_adder_loop[2].FA/g57__9315/COUT -       CIN->COUT F     sky130_fd_sc_hd__fa_1         1  5.8    96   388    1309    (-,-) 
  RCA_LSB/full_adder_loop[3].FA/g57__9945/COUT -       CIN->COUT F     sky130_fd_sc_hd__fa_1         1  5.8    96   396    1705    (-,-) 
  RCA_LSB/full_adder_loop[4].FA/g57__2883/COUT -       CIN->COUT F     sky130_fd_sc_hd__fa_1         1  5.8    96   396    2101    (-,-) 
  RCA_LSB/full_adder_loop[5].FA/g57__2346/COUT -       CIN->COUT F     sky130_fd_sc_hd__fa_1         7 29.6   200   527    2629    (-,-) 
  g565__1666/Y                                 -       S->Y      R     sky130_fd_sc_hd__mux2i_2     11 52.9   753   669    3297    (-,-) 
  g552__5122/Y                                 -       S->Y      R     sky130_fd_sc_hd__mux2i_4     11 44.7   406   533    3830    (-,-) 
  g540__5477/X                                 -       S->X      F     sky130_fd_sc_hd__mux2_2       1 51.3   158   516    4346    (-,-) 
  Cout                                         -       -         F     (port)                        -    -     -     0    4347    (-,-) 
#----------------------------------------------------------------------------------------------------------------------------------------

