============================================================
  Generated by:           Genus(TM) Synthesis Solution 23.12-s086_1
  Generated on:           Apr 09 2025  12:55:00 pm
  Module:                 carry_select_adder_661010_32bits
  Operating conditions:   tt_025C_1v80 
  Interconnect mode:      global
  Area mode:              physical library
============================================================

            Instance                          Module               Cell-Count  Cell-Area  Net-Area   Total-Area 
----------------------------------------------------------------------------------------------------------------
carry_select_adder_661010_32bits NA                                       117   1620.304   967.652     2587.956 
  CSA_BLOCKS[1].RCA_C0           ripple_carry_adder_WIDTH6_1                6    112.608    16.969      129.577 
    F1A                          full_adder_16                              1     12.512     0.000       12.512 
    full_adder_loop[1].FA        full_adder_210                             1     20.019     0.000       20.019 
    full_adder_loop[2].FA        full_adder_209                             1     20.019     0.000       20.019 
    full_adder_loop[3].FA        full_adder_208                             1     20.019     0.000       20.019 
    full_adder_loop[4].FA        full_adder_207                             1     20.019     0.000       20.019 
    full_adder_loop[5].FA        full_adder_206                             1     20.019     0.000       20.019 
  CSA_BLOCKS[1].RCA_C1           ripple_carry_adder_WIDTH6_2                8    118.864    22.016      140.880 
    F1A                          full_adder_22                              3     18.768     5.047       23.815 
    full_adder_loop[1].FA        full_adder_205                             1     20.019     0.000       20.019 
    full_adder_loop[2].FA        full_adder_204                             1     20.019     0.000       20.019 
    full_adder_loop[3].FA        full_adder_203                             1     20.019     0.000       20.019 
    full_adder_loop[4].FA        full_adder_202                             1     20.019     0.000       20.019 
    full_adder_loop[5].FA        full_adder_201                             1     20.019     0.000       20.019 
  CSA_BLOCKS[2].RCA_C0           ripple_carry_adder_WIDTH10                20    238.979    64.307      303.286 
    F1A                          full_adder_38_225                          4     20.019    10.094       30.113 
    full_adder_loop[1].FA        full_adder_219                             5     30.029    10.181       40.210 
    full_adder_loop[2].FA        full_adder_218                             1     33.782     0.000       33.782 
    full_adder_loop[3].FA        full_adder_217                             4     35.034    10.181       45.215 
    full_adder_loop[4].FA        full_adder_216                             1     20.019     0.000       20.019 
    full_adder_loop[5].FA        full_adder_215                             1     20.019     0.000       20.019 
    full_adder_loop[6].FA        full_adder_214                             1     20.019     0.000       20.019 
    full_adder_loop[7].FA        full_adder_213                             1     20.019     0.000       20.019 
    full_adder_loop[8].FA        full_adder_212                             1     20.019     0.000       20.019 
    full_adder_loop[9].FA        full_adder_211                             1     20.019     0.000       20.019 
  CSA_BLOCKS[2].RCA_C1           ripple_carry_adder_WIDTH10_3_228          20    238.979    64.307      303.286 
    F1A                          full_adder_48_226                          4     20.019    10.094       30.113 
    full_adder_loop[1].FA        full_adder_200                             5     30.029    10.181       40.210 
    full_adder_loop[2].FA        full_adder_199                             1     33.782     0.000       33.782 
    full_adder_loop[3].FA        full_adder_198                             4     35.034    10.181       45.215 
    full_adder_loop[4].FA        full_adder_197                             1     20.019     0.000       20.019 
    full_adder_loop[5].FA        full_adder_196                             1     20.019     0.000       20.019 
    full_adder_loop[6].FA        full_adder_195                             1     20.019     0.000       20.019 
    full_adder_loop[7].FA        full_adder_194                             1     20.019     0.000       20.019 
    full_adder_loop[8].FA        full_adder_193                             1     20.019     0.000       20.019 
    full_adder_loop[9].FA        full_adder_192                             1     20.019     0.000       20.019 
  CSA_BLOCKS[3].RCA_C0           ripple_carry_adder_WIDTH10_227            15    220.211    49.079      269.290 
    F1A                          full_adder_38                              1     25.024     0.000       25.024 
    full_adder_loop[1].FA        full_adder_191                             6     35.034    16.882       51.915 
    full_adder_loop[2].FA        full_adder_190                             1     20.019     0.000       20.019 
    full_adder_loop[3].FA        full_adder_189                             1     20.019     0.000       20.019 
    full_adder_loop[4].FA        full_adder_188                             1     20.019     0.000       20.019 
    full_adder_loop[5].FA        full_adder_187                             1     20.019     0.000       20.019 
    full_adder_loop[6].FA        full_adder_186                             1     20.019     0.000       20.019 
    full_adder_loop[7].FA        full_adder_185                             1     20.019     0.000       20.019 
    full_adder_loop[8].FA        full_adder_184                             1     20.019     0.000       20.019 
    full_adder_loop[9].FA        full_adder_183                             1     20.019     0.000       20.019 
  CSA_BLOCKS[3].RCA_C1           ripple_carry_adder_WIDTH10_3              13    202.694    40.638      243.332 
    F1A                          full_adder_48                              4     20.019    10.094       30.113 
    full_adder_loop[1].FA        full_adder_182                             1     22.522     0.000       22.522 
    full_adder_loop[2].FA        full_adder_181                             1     20.019     0.000       20.019 
    full_adder_loop[3].FA        full_adder_180                             1     20.019     0.000       20.019 
    full_adder_loop[4].FA        full_adder_179                             1     20.019     0.000       20.019 
    full_adder_loop[5].FA        full_adder_178                             1     20.019     0.000       20.019 
    full_adder_loop[6].FA        full_adder_177                             1     20.019     0.000       20.019 
    full_adder_loop[7].FA        full_adder_176                             1     20.019     0.000       20.019 
    full_adder_loop[8].FA        full_adder_175                             1     20.019     0.000       20.019 
    full_adder_loop[9].FA        full_adder_174                             1     20.019     0.000       20.019 
  RCA_LSB                        ripple_carry_adder_WIDTH6                  6    147.642    16.969      164.610 
    F1A                          full_adder                                 1     33.782     0.000       33.782 
    full_adder_loop[1].FA        full_adder_224                             1     33.782     0.000       33.782 
    full_adder_loop[2].FA        full_adder_223                             1     20.019     0.000       20.019 
    full_adder_loop[3].FA        full_adder_222                             1     20.019     0.000       20.019 
    full_adder_loop[4].FA        full_adder_221                             1     20.019     0.000       20.019 
    full_adder_loop[5].FA        full_adder_220                             1     20.019     0.000       20.019 
