============================================================
  Generated by:           Genus(TM) Synthesis Solution 23.12-s086_1
  Generated on:           Apr 07 2025  07:23:08 pm
  Module:                 carry_select_adder_661010_32bits
  Operating conditions:   tt_025C_1v80 
  Interconnect mode:      global
  Area mode:              physical library
============================================================

Timing
-------
  Cost    Critical         Violating 
 Group   Path Slack  TNS     Paths   
-------------------------------------
default         0.0   0.0          0 
-------------------------------------
Total                 0.0          0 

Instance Count
--------------
Leaf Instance Count             580 
Physical Instance count           0 
Sequential Instance Count         0 
Combinational Instance Count    580 
Hierarchical Instance Count      65 

Area
----
Cell Area                          4170.250
Physical Cell Area                 0.000
Total Cell Area (Cell+Physical)    4170.250
Net Area                           2897.734
Total Area (Cell+Physical+Net)     7067.984

Max Fanout                         11 (n_303)
Min Fanout                         1 (C0[1])
Average Fanout                     1.6
Terms to net ratio                 2.4696
Terms to instance ratio            2.8017
Runtime                            26.381733999999998 seconds
Elapsed Runtime                    28 seconds
Genus peak memory usage            1950.39 
Innovus peak memory usage          no_value 
Hostname                           cadmicro-inf-el8-623207
