============================================================
  Generated by:           Genus(TM) Synthesis Solution 23.12-s086_1
  Generated on:           Apr 07 2025  07:23:08 pm
  Module:                 carry_select_adder_661010_32bits
  Operating conditions:   tt_025C_1v80 
  Interconnect mode:      global
  Area mode:              physical library
============================================================

            Instance                          Module               Cell-Count  Cell-Area  Net-Area   Total-Area 
----------------------------------------------------------------------------------------------------------------
carry_select_adder_661010_32bits NA                                       580   4170.250  2897.734     7067.984 
  CSA_BLOCKS[1].RCA_C0           ripple_carry_adder_WIDTH6_1               33    218.960   116.606      335.566 
    F1A                          full_adder_16                              4     20.019    10.094       30.113 
    full_adder_loop[1].FA        full_adder_210                            10     50.048    33.763       83.811 
    full_adder_loop[2].FA        full_adder_209                             6     37.536    13.575       51.111 
    full_adder_loop[3].FA        full_adder_208                             5     42.541    13.575       56.116 
    full_adder_loop[4].FA        full_adder_207                             4     36.285    10.181       46.466 
    full_adder_loop[5].FA        full_adder_206                             4     32.531    10.181       42.712 
  CSA_BLOCKS[1].RCA_C1           ripple_carry_adder_WIDTH6_2               31    215.206    99.811      315.017 
    F1A                          full_adder_22                              4     20.019    10.094       30.113 
    full_adder_loop[1].FA        full_adder_205                             8     42.541    20.362       62.903 
    full_adder_loop[2].FA        full_adder_204                             6     40.038    13.575       53.613 
    full_adder_loop[3].FA        full_adder_203                             5     43.792    10.181       53.973 
    full_adder_loop[4].FA        full_adder_202                             4     36.285    10.181       46.466 
    full_adder_loop[5].FA        full_adder_201                             4     32.531    10.181       42.712 
  CSA_BLOCKS[2].RCA_C0           ripple_carry_adder_WIDTH10                74    614.339   263.842      878.181 
    F1A                          full_adder_38_225                          4     22.522    10.094       32.616 
    full_adder_loop[1].FA        full_adder_219                             9     81.328    30.370      111.698 
    full_adder_loop[2].FA        full_adder_218                            11     68.816    37.157      105.973 
    full_adder_loop[3].FA        full_adder_217                             8     61.309    20.362       81.671 
    full_adder_loop[4].FA        full_adder_216                             7     61.309    20.362       81.671 
    full_adder_loop[5].FA        full_adder_215                             7     61.309    20.362       81.671 
    full_adder_loop[6].FA        full_adder_214                             7     61.309    20.362       81.671 
    full_adder_loop[7].FA        full_adder_213                             7     60.058    20.362       80.420 
    full_adder_loop[8].FA        full_adder_212                             7     61.309    20.362       81.671 
    full_adder_loop[9].FA        full_adder_211                             7     75.072    18.622       93.694 
  CSA_BLOCKS[2].RCA_C1           ripple_carry_adder_WIDTH10_3_228          78    661.885   265.408      927.293 
    F1A                          full_adder_48_226                          4     22.522    10.094       32.616 
    full_adder_loop[1].FA        full_adder_200                            10     86.333    33.763      120.096 
    full_adder_loop[2].FA        full_adder_199                            11     77.574    37.157      114.732 
    full_adder_loop[3].FA        full_adder_198                             8     63.811    20.362       84.174 
    full_adder_loop[4].FA        full_adder_197                             7     65.062    16.969       82.031 
    full_adder_loop[5].FA        full_adder_196                             9     72.570    27.063       99.633 
    full_adder_loop[6].FA        full_adder_195                             7     65.062    16.969       82.031 
    full_adder_loop[7].FA        full_adder_194                             8     68.816    22.016       90.832 
    full_adder_loop[8].FA        full_adder_193                             7     65.062    16.969       82.031 
    full_adder_loop[9].FA        full_adder_192                             7     75.072    18.622       93.694 
  CSA_BLOCKS[3].RCA_C0           ripple_carry_adder_WIDTH10_227            62    407.891   214.676      622.567 
    F1A                          full_adder_38                              4     22.522    10.094       32.616 
    full_adder_loop[1].FA        full_adder_191                            10     52.550    33.763       86.314 
    full_adder_loop[2].FA        full_adder_190                            10     52.550    33.763       86.314 
    full_adder_loop[3].FA        full_adder_189                             6     40.038    13.575       53.613 
    full_adder_loop[4].FA        full_adder_188                             6     40.038    13.575       53.613 
    full_adder_loop[5].FA        full_adder_187                             6     40.038    13.575       53.613 
    full_adder_loop[6].FA        full_adder_186                             6     37.536    13.575       51.111 
    full_adder_loop[7].FA        full_adder_185                             5     47.546    13.575       61.121 
    full_adder_loop[8].FA        full_adder_184                             5     42.541    13.575       56.116 
    full_adder_loop[9].FA        full_adder_183                             4     32.531    10.181       42.712 
  CSA_BLOCKS[3].RCA_C1           ripple_carry_adder_WIDTH10_3              60    427.910   187.787      615.698 
    F1A                          full_adder_48                              4     20.019    10.094       30.113 
    full_adder_loop[1].FA        full_adder_182                             8     45.043    23.669       68.712 
    full_adder_loop[2].FA        full_adder_181                             8     51.299    20.362       71.662 
    full_adder_loop[3].FA        full_adder_180                             6     37.536    13.575       51.111 
    full_adder_loop[4].FA        full_adder_179                             6     43.792    13.575       57.367 
    full_adder_loop[5].FA        full_adder_178                             6     42.541    13.575       56.116 
    full_adder_loop[6].FA        full_adder_177                             7     56.304    16.969       73.273 
    full_adder_loop[7].FA        full_adder_176                             6     52.550    13.575       66.125 
    full_adder_loop[8].FA        full_adder_175                             6     40.038    13.575       53.613 
    full_adder_loop[9].FA        full_adder_174                             3     38.787     3.394       42.181 
  RCA_LSB                        ripple_carry_adder_WIDTH6                 37    306.544   111.732      418.276 
    F1A                          full_adder                                 6     43.792    15.228       59.020 
    full_adder_loop[1].FA        full_adder_224                             8     45.043    20.362       65.406 
    full_adder_loop[2].FA        full_adder_223                             7     48.797    16.969       65.766 
    full_adder_loop[3].FA        full_adder_222                             6     50.048    13.575       63.623 
    full_adder_loop[4].FA        full_adder_221                             5     55.053    10.181       65.234 
    full_adder_loop[5].FA        full_adder_220                             5     63.811    10.181       73.992 
