    Hinst Name                               Module Name                     Inst Count           Total Area
---------------------------------------------------------------------------------------------------------
carry_select_adder_46688_32bits                                                     478             3625.978
  CSA_BLOCKS[1].RCA_C0                       ripple_carry_adder_WIDTH6               41              340.326
    CSA_BLOCKS[1].RCA_C0/F1A                 full_adder_24_245                        6               53.802
    CSA_BLOCKS[1].RCA_C0/full_adder_loop[1].FA full_adder_239                           7               71.318
    CSA_BLOCKS[1].RCA_C0/full_adder_loop[2].FA full_adder_238                           8               45.043
    CSA_BLOCKS[1].RCA_C0/full_adder_loop[3].FA full_adder_237                           6               45.043
    CSA_BLOCKS[1].RCA_C0/full_adder_loop[4].FA full_adder_236                           6               60.058
    CSA_BLOCKS[1].RCA_C0/full_adder_loop[5].FA full_adder_235                           6               57.555
  CSA_BLOCKS[1].RCA_C1                       ripple_carry_adder_WIDTH6_3_250         43              377.862
    CSA_BLOCKS[1].RCA_C1/F1A                 full_adder_52_246                        5               57.555
    CSA_BLOCKS[1].RCA_C1/full_adder_loop[1].FA full_adder_227                           8               72.570
    CSA_BLOCKS[1].RCA_C1/full_adder_loop[2].FA full_adder_226                           8               65.062
    CSA_BLOCKS[1].RCA_C1/full_adder_loop[3].FA full_adder_225                           6               47.546
    CSA_BLOCKS[1].RCA_C1/full_adder_loop[4].FA full_adder_224                           6               60.058
    CSA_BLOCKS[1].RCA_C1/full_adder_loop[5].FA full_adder_223                           6               60.058
  CSA_BLOCKS[2].RCA_C0                       ripple_carry_adder_WIDTH6_249           43              311.549
    CSA_BLOCKS[2].RCA_C0/F1A                 full_adder_24                            4               42.541
    CSA_BLOCKS[2].RCA_C0/full_adder_loop[1].FA full_adder_222                           8               55.053
    CSA_BLOCKS[2].RCA_C0/full_adder_loop[2].FA full_adder_221                           8               45.043
    CSA_BLOCKS[2].RCA_C0/full_adder_loop[3].FA full_adder_220                           6               45.043
    CSA_BLOCKS[2].RCA_C0/full_adder_loop[4].FA full_adder_219                           6               52.550
    CSA_BLOCKS[2].RCA_C0/full_adder_loop[5].FA full_adder_218                           6               52.550
  CSA_BLOCKS[2].RCA_C1                       ripple_carry_adder_WIDTH6_3             45              324.061
    CSA_BLOCKS[2].RCA_C1/F1A                 full_adder_52_247                        7               51.299
    CSA_BLOCKS[2].RCA_C1/full_adder_loop[1].FA full_adder_217                           8               67.565
    CSA_BLOCKS[2].RCA_C1/full_adder_loop[2].FA full_adder_216                           8               57.555
    CSA_BLOCKS[2].RCA_C1/full_adder_loop[3].FA full_adder_215                           6               42.541
    CSA_BLOCKS[2].RCA_C1/full_adder_loop[4].FA full_adder_214                           6               45.043
    CSA_BLOCKS[2].RCA_C1/full_adder_loop[5].FA full_adder_213                           6               45.043
  CSA_BLOCKS[3].RCA_C0                       ripple_carry_adder_WIDTH8               51              346.582
    CSA_BLOCKS[3].RCA_C0/F1A                 full_adder_24_243                        5               43.792
    CSA_BLOCKS[3].RCA_C0/full_adder_loop[1].FA full_adder_234                           8               48.797
    CSA_BLOCKS[3].RCA_C0/full_adder_loop[2].FA full_adder_233                           6               37.536
    CSA_BLOCKS[3].RCA_C0/full_adder_loop[3].FA full_adder_232                           6               40.038
    CSA_BLOCKS[3].RCA_C0/full_adder_loop[4].FA full_adder_231                           6               40.038
    CSA_BLOCKS[3].RCA_C0/full_adder_loop[5].FA full_adder_230                           6               40.038
    CSA_BLOCKS[3].RCA_C0/full_adder_loop[6].FA full_adder_229                           6               40.038
    CSA_BLOCKS[3].RCA_C0/full_adder_loop[7].FA full_adder_228                           6               48.797
  CSA_BLOCKS[3].RCA_C1                       ripple_carry_adder_WIDTH8_3_252         54              385.370
    CSA_BLOCKS[3].RCA_C1/F1A                 full_adder_52_248                        5               70.067
    CSA_BLOCKS[3].RCA_C1/full_adder_loop[1].FA full_adder_212                           8               51.299
    CSA_BLOCKS[3].RCA_C1/full_adder_loop[2].FA full_adder_211                           8               45.043
    CSA_BLOCKS[3].RCA_C1/full_adder_loop[3].FA full_adder_210                           6               40.038
    CSA_BLOCKS[3].RCA_C1/full_adder_loop[4].FA full_adder_209                           6               42.541
    CSA_BLOCKS[3].RCA_C1/full_adder_loop[5].FA full_adder_208                           6               42.541
    CSA_BLOCKS[3].RCA_C1/full_adder_loop[6].FA full_adder_207                           6               40.038
    CSA_BLOCKS[3].RCA_C1/full_adder_loop[7].FA full_adder_206                           6               42.541
  CSA_BLOCKS[4].RCA_C0                       ripple_carry_adder_WIDTH8_251           44              289.027
    CSA_BLOCKS[4].RCA_C0/F1A                 full_adder_24_244                        4               22.522
    CSA_BLOCKS[4].RCA_C0/full_adder_loop[1].FA full_adder_205                           8               40.038
    CSA_BLOCKS[4].RCA_C0/full_adder_loop[2].FA full_adder_204                           5               30.029
    CSA_BLOCKS[4].RCA_C0/full_adder_loop[3].FA full_adder_203                           6               35.034
    CSA_BLOCKS[4].RCA_C0/full_adder_loop[4].FA full_adder_202                           6               37.536
    CSA_BLOCKS[4].RCA_C0/full_adder_loop[5].FA full_adder_201                           6               41.290
    CSA_BLOCKS[4].RCA_C0/full_adder_loop[6].FA full_adder_200                           5               42.541
    CSA_BLOCKS[4].RCA_C0/full_adder_loop[7].FA full_adder_199                           4               40.038
  CSA_BLOCKS[4].RCA_C1                       ripple_carry_adder_WIDTH8_3             42              305.293
    CSA_BLOCKS[4].RCA_C1/F1A                 full_adder_52                            4               28.778
    CSA_BLOCKS[4].RCA_C1/full_adder_loop[1].FA full_adder_198                           8               46.294
    CSA_BLOCKS[4].RCA_C1/full_adder_loop[2].FA full_adder_197                           7               47.546
    CSA_BLOCKS[4].RCA_C1/full_adder_loop[3].FA full_adder_196                           6               35.034
    CSA_BLOCKS[4].RCA_C1/full_adder_loop[4].FA full_adder_195                           6               40.038
    CSA_BLOCKS[4].RCA_C1/full_adder_loop[5].FA full_adder_194                           6               37.536
    CSA_BLOCKS[4].RCA_C1/full_adder_loop[6].FA full_adder_193                           4               36.285
    CSA_BLOCKS[4].RCA_C1/full_adder_loop[7].FA full_adder_192                           1               33.782
  RCA_LSB                                    ripple_carry_adder_WIDTH4               24              205.197
    RCA_LSB/F1A                              full_adder                               5               42.541
    RCA_LSB/full_adder_loop[1].FA            full_adder_242                           8               45.043
    RCA_LSB/full_adder_loop[2].FA            full_adder_241                           6               53.802
    RCA_LSB/full_adder_loop[3].FA            full_adder_240                           5               63.811
