
Power Net Detected:
        Voltage	    Name
             0V	    VGND
           1.8V	    VPWR
Using Power View: default_emulate_view.
Load RC corner of view default_emulate_view
Set Default Frequency 100MHz.

Begin Power Analysis

             0V	    VGND
           1.8V	    VPWR

Begin Processing Timing Library for Power Calculation

Ended Processing Timing Library for Power Calculation: (cpu=0:00:00, real=0:00:00, mem(process/total/peak)=2722.87MB/5210.80MB/2774.30MB)



Begin Processing Power Net/Grid for Power Calculation

Ended Processing Power Net/Grid for Power Calculation: (cpu=0:00:00, real=0:00:00, mem(process/total/peak)=2722.87MB/5210.80MB/2774.30MB)

Begin Processing Timing Window Data for Power Calculation

Ended Processing Timing Window Data for Power Calculation: (cpu=0:00:00, real=0:00:00, mem(process/total/peak)=2722.87MB/5210.80MB/2774.30MB)

Begin Processing User Attributes

Ended Processing User Attributes: (cpu=0:00:00, real=0:00:00, mem(process/total/peak)=2722.87MB/5210.80MB/2774.30MB)

Begin Processing Signal Activity


Starting Levelizing
2025-Apr-07 18:07:00 (2025-Apr-07 21:07:00 GMT)
2025-Apr-07 18:07:00 (2025-Apr-07 21:07:00 GMT): 10%
2025-Apr-07 18:07:00 (2025-Apr-07 21:07:00 GMT): 20%
2025-Apr-07 18:07:00 (2025-Apr-07 21:07:00 GMT): 30%
2025-Apr-07 18:07:00 (2025-Apr-07 21:07:00 GMT): 40%
2025-Apr-07 18:07:00 (2025-Apr-07 21:07:00 GMT): 50%
2025-Apr-07 18:07:00 (2025-Apr-07 21:07:00 GMT): 60%
2025-Apr-07 18:07:00 (2025-Apr-07 21:07:00 GMT): 70%
2025-Apr-07 18:07:00 (2025-Apr-07 21:07:00 GMT): 80%
2025-Apr-07 18:07:00 (2025-Apr-07 21:07:00 GMT): 90%

Finished Levelizing
2025-Apr-07 18:07:00 (2025-Apr-07 21:07:00 GMT)

Starting Activity Propagation
2025-Apr-07 18:07:00 (2025-Apr-07 21:07:00 GMT)
** INFO:  (VOLTUS_POWR-1356): No default input activity has been set. Defaulting to 0.2.
Use 'set_default_switching_activity -input_activity' command to change the default activity value.

2025-Apr-07 18:07:00 (2025-Apr-07 21:07:00 GMT): 10%
2025-Apr-07 18:07:00 (2025-Apr-07 21:07:00 GMT): 20%
2025-Apr-07 18:07:00 (2025-Apr-07 21:07:00 GMT): 30%

Finished Activity Propagation
2025-Apr-07 18:07:00 (2025-Apr-07 21:07:00 GMT)
Ended Processing Signal Activity: (cpu=0:00:00, real=0:00:00, mem(process/total/peak)=2722.87MB/5210.80MB/2774.30MB)

Begin Power Computation

      ----------------------------------------------------------
      # of cell(s) missing both power/leakage table: 0
      # of cell(s) missing power table: 0
      # of cell(s) missing leakage table: 0
      ----------------------------------------------------------



Starting Calculating power
2025-Apr-07 18:07:00 (2025-Apr-07 21:07:00 GMT)
 ... Calculating switching power
2025-Apr-07 18:07:00 (2025-Apr-07 21:07:00 GMT): 10%
2025-Apr-07 18:07:00 (2025-Apr-07 21:07:00 GMT): 20%
2025-Apr-07 18:07:00 (2025-Apr-07 21:07:00 GMT): 30%
2025-Apr-07 18:07:00 (2025-Apr-07 21:07:00 GMT): 40%
2025-Apr-07 18:07:00 (2025-Apr-07 21:07:00 GMT): 50%
 ... Calculating internal and leakage power
2025-Apr-07 18:07:00 (2025-Apr-07 21:07:00 GMT): 60%
2025-Apr-07 18:07:00 (2025-Apr-07 21:07:00 GMT): 70%
2025-Apr-07 18:07:00 (2025-Apr-07 21:07:00 GMT): 80%
2025-Apr-07 18:07:00 (2025-Apr-07 21:07:00 GMT): 90%

Finished Calculating power
2025-Apr-07 18:07:00 (2025-Apr-07 21:07:00 GMT)
      # of MSMV cell(s) missing power_level: 0
Ended Power Computation: (cpu=0:00:00, real=0:00:00, mem(process/total/peak)=2724.01MB/5210.80MB/2774.30MB)

Begin Processing User Attributes

Begin Processing set_power
Ended Processing set_power: (cpu=0:00:00, real=0:00:00,
mem(process/total/peak)=2724.01MB/5210.80MB/2774.30MB)
Ended Processing User Attributes: (cpu=0:00:00, real=0:00:00, mem(process/total/peak)=2724.01MB/5210.80MB/2774.30MB)

Ended Power Analysis: (cpu=0:00:00, real=0:00:00, mem(process/total/peak)=2724.01MB/5210.80MB/2774.30MB)

Begin Boundary Leakage Calculation
Ended Boundary Leakage Calculation: (cpu=0:00:00, real=0:00:00,
mem(process/total/peak)=2724.01MB/5210.80MB/2774.30MB)
Begin Static Power Report Generation
*----------------------------------------------------------------------------------------
*	Innovus 23.32-s091_1 (64bit) 07/30/2024 17:21 (Linux 3.10.0-693.el7.x86_64)
*	
*
* 	Date & Time:	2025-Apr-07 18:07:00 (2025-Apr-07 21:07:00 GMT)
*
*----------------------------------------------------------------------------------------
*
*	Design: carry_select_adder_46688_32bits
*
*	Liberty Libraries used:
*	        default_emulate_view: /home/gme/guilherme.manske/sky130_workspace/libs.ref/sky130_fd_sc_hd/lib/sky130_fd_sc_hd__tt_025C_1v80.lib
*
*	Parasitic Files used:
*
*       Power View : default_emulate_view
*
*       User-Defined Activity : N.A.
*
*       Activity File: N.A.
*
*       Hierarchical Global Activity: N.A.
*
*       Global Activity: N.A.
*
*       Sequential Element Activity: 0.200000
*
*       Primary Input Activity: 0.200000
*
*       Default icg ratio: N.A.
*
*       Global Comb ClockGate Ratio: N.A.
*
*	Power Units = 1mW
*
*	Time Units = 1e-09 secs
*
*       report_power
*
-----------------------------------------------------------------------------------------
*



Total Power
-----------------------------------------------------------------------------------------
Total Internal Power:        0.17598741 	   31.6215%
Total Switching Power:       0.38055435 	   68.3782%
Total Leakage Power:         0.00000178 	    0.0003%
Total Power:                 0.55654354
-----------------------------------------------------------------------------------------


Group                           Internal   Switching     Leakage       Total  Percentage 
                                Power      Power         Power         Power  (%)        
-----------------------------------------------------------------------------------------
Sequential                             0           0           0           0           0
Macro                                  0           0           0           0           0
IO                                     0           0           0           0           0
Combinational                      0.176      0.3806   1.775e-06      0.5565         100
Clock (Combinational)                  0           0           0           0           0
Clock (Sequential)                     0           0           0           0           0
-----------------------------------------------------------------------------------------
Total                              0.176      0.3806   1.775e-06      0.5565         100
-----------------------------------------------------------------------------------------


Rail                  Voltage   Internal   Switching     Leakage       Total  Percentage 
                                Power      Power         Power         Power  (%)        
-----------------------------------------------------------------------------------------
VPWR                      1.8      0.176      0.3806   1.775e-06      0.5565         100
 
 
-----------------------------------------------------------------------------------------
*	Power Distribution Summary: 
*              Highest Average Power:                       g11 (sky130_fd_sc_hd__nand2_8):          0.01014
*              Highest Leakage Power: CSA_BLOCKS[4].RCA_C1/full_adder_loop[7].FA/g79__5122 (sky130_fd_sc_hd__fah_1):        1.991e-08
*                Total Cap:      5.00422e-12 F
*                Total instances in design:   478
*                Total instances in design with no power:     0
*                Total instances in design with no activty:     0

*                Total Fillers and Decap:     0
-----------------------------------------------------------------------------------------
 
** INFO:  (VOLTUS_POWR-3465): There are 0 decaps and 0 fillers in the design

Ended Static Power Report Generation: (cpu=0:00:00, real=0:00:00,
mem(process/total/peak)=2724.98MB/5210.80MB/2774.30MB)

