###############################################################
#  Generated by:      Cadence Innovus 23.32-s091_1
#  OS:                Linux x86_64(Host ID cadmicro-inf-el8-623207)
#  Generated on:      Mon Apr  7 18:07:00 2025
#  Design:            carry_select_adder_46688_32bits
#  Command:           report_timing > reports/report_timing.rpt
###############################################################
Path 1: VIOLATED Path Delay Check
Endpoint:   S[26] (^)
Beginpoint: B[18] (v) triggered by  leading edge of '@'
Path Groups: {default}
Analysis View: default_emulate_view
- External Delay                0.000
+ Path Delay                    1.740
= Required Time                 1.740
- Arrival Time                  1.780
= Slack Time                   -0.040
     Clock Rise Edge                      0.000
     + Input Delay                        0.000
     = Beginpoint Arrival Time            0.000
     +--------------------------------------------------------------------------------------------------------------------------+ 
     |                      Instance                      |    Arc     |           Cell            | Delay | Arrival | Required | 
     |                                                    |            |                           |       |  Time   |   Time   | 
     |----------------------------------------------------+------------+---------------------------+-------+---------+----------| 
     |                                                    | B[18] v    |                           |       |   0.000 |   -0.040 | 
     | CSA_BLOCKS[3].RCA_C0/full_adder_loop[2].FA/g2      | B v -> X v | sky130_fd_sc_hd__or2_0    | 0.516 |   0.516 |    0.477 | 
     | CSA_BLOCKS[3].RCA_C0/full_adder_loop[2].FA/g122__6 | B v -> Y ^ | sky130_fd_sc_hd__nand2_1  | 0.091 |   0.607 |    0.568 | 
     | 417                                                |            |                           |       |         |          | 
     | CSA_BLOCKS[3].RCA_C0/full_adder_loop[2].FA/g120__1 | A ^ -> Y v | sky130_fd_sc_hd__nand2_2  | 0.061 |   0.669 |    0.629 | 
     | 666                                                |            |                           |       |         |          | 
     | CSA_BLOCKS[3].RCA_C0/full_adder_loop[3].FA/g122__8 | A v -> Y ^ | sky130_fd_sc_hd__nand2_2  | 0.065 |   0.734 |    0.694 | 
     | 428                                                |            |                           |       |         |          | 
     | CSA_BLOCKS[3].RCA_C0/full_adder_loop[3].FA/g120__6 | A ^ -> Y v | sky130_fd_sc_hd__nand2_2  | 0.054 |   0.788 |    0.748 | 
     | 260                                                |            |                           |       |         |          | 
     | CSA_BLOCKS[3].RCA_C0/full_adder_loop[4].FA/g119__1 | A v -> Y ^ | sky130_fd_sc_hd__nand2_2  | 0.064 |   0.852 |    0.813 | 
     | 705                                                |            |                           |       |         |          | 
     | CSA_BLOCKS[3].RCA_C0/full_adder_loop[4].FA/g117__1 | A ^ -> Y v | sky130_fd_sc_hd__nand2_2  | 0.059 |   0.911 |    0.872 | 
     | 617                                                |            |                           |       |         |          | 
     | CSA_BLOCKS[3].RCA_C0/full_adder_loop[5].FA/g7      | A v -> Y ^ | sky130_fd_sc_hd__nand2_2  | 0.066 |   0.977 |    0.938 | 
     | CSA_BLOCKS[3].RCA_C0/full_adder_loop[5].FA/g117__6 | A ^ -> Y v | sky130_fd_sc_hd__nand2_2  | 0.059 |   1.037 |    0.997 | 
     | 131                                                |            |                           |       |         |          | 
     | CSA_BLOCKS[3].RCA_C0/full_adder_loop[6].FA/g119__2 | A v -> Y ^ | sky130_fd_sc_hd__nand2_2  | 0.067 |   1.104 |    1.065 | 
     | 883                                                |            |                           |       |         |          | 
     | CSA_BLOCKS[3].RCA_C0/full_adder_loop[6].FA/g117__9 | A ^ -> Y v | sky130_fd_sc_hd__nand2_2  | 0.060 |   1.165 |    1.125 | 
     | 315                                                |            |                           |       |         |          | 
     | CSA_BLOCKS[3].RCA_C0/full_adder_loop[7].FA/g119__2 | A v -> Y ^ | sky130_fd_sc_hd__nand2_2  | 0.085 |   1.250 |    1.210 | 
     | 398                                                |            |                           |       |         |          | 
     | CSA_BLOCKS[3].RCA_C0/full_adder_loop[7].FA/g117__6 | A ^ -> Y v | sky130_fd_sc_hd__nand2_4  | 0.065 |   1.315 |    1.275 | 
     | 417                                                |            |                           |       |         |          | 
     | g9845__1617                                        | B v -> Y ^ | sky130_fd_sc_hd__nand2_8  | 0.080 |   1.395 |    1.356 | 
     | g10122                                             | A ^ -> Y v | sky130_fd_sc_hd__nand2_8  | 0.087 |   1.482 |    1.442 | 
     | FE_DBTC0_n_552                                     | A v -> Y ^ | sky130_fd_sc_hd__clkinv_8 | 0.082 |   1.564 |    1.524 | 
     | g10062                                             | A ^ -> Y v | sky130_fd_sc_hd__nand2_2  | 0.061 |   1.625 |    1.585 | 
     | g10061                                             | A v -> Y ^ | sky130_fd_sc_hd__nand2_4  | 0.153 |   1.778 |    1.738 | 
     |                                                    | S[26] ^    |                           | 0.002 |   1.780 |    1.740 | 
     +--------------------------------------------------------------------------------------------------------------------------+ 

