============================================================
  Generated by:           Genus(TM) Synthesis Solution 23.12-s086_1
  Generated on:           Apr 07 2025  05:57:27 pm
  Module:                 carry_select_adder_46688_32bits
  Operating conditions:   tt_025C_1v80 
  Interconnect mode:      global
  Area mode:              physical library
============================================================

            Instance                         Module              Cell-Count  Cell-Area  Net-Area   Total-Area 
--------------------------------------------------------------------------------------------------------------
carry_select_adder_46688_32bits NA                                      529   3468.326  2650.165     6118.492 
  CSA_BLOCKS[1].RCA_C0          ripple_carry_adder_WIDTH6                45    257.747   153.763      411.510 
    F1A                         full_adder_24_245                         4     20.019    10.094       30.113 
    full_adder_loop[1].FA       full_adder_239                           10     52.550    33.763       86.314 
    full_adder_loop[2].FA       full_adder_238                           11     56.304    37.157       93.461 
    full_adder_loop[3].FA       full_adder_237                            7     43.792    16.969       60.761 
    full_adder_loop[4].FA       full_adder_236                            6     40.038    13.575       53.613 
    full_adder_loop[5].FA       full_adder_235                            7     45.043    16.969       62.012 
  CSA_BLOCKS[1].RCA_C1          ripple_carry_adder_WIDTH6_3_250          45    262.752   153.763      416.515 
    F1A                         full_adder_52_246                         4     20.019    10.094       30.113 
    full_adder_loop[1].FA       full_adder_227                           10     57.555    33.763       91.319 
    full_adder_loop[2].FA       full_adder_226                           11     56.304    37.157       93.461 
    full_adder_loop[3].FA       full_adder_225                            6     40.038    13.575       53.613 
    full_adder_loop[4].FA       full_adder_224                            7     43.792    16.969       60.761 
    full_adder_loop[5].FA       full_adder_223                            7     45.043    16.969       62.012 
  CSA_BLOCKS[2].RCA_C0          ripple_carry_adder_WIDTH6_249            35    265.254   123.393      388.647 
    F1A                         full_adder_24                             4     22.522    10.094       32.616 
    full_adder_loop[1].FA       full_adder_222                           10     52.550    33.763       86.314 
    full_adder_loop[2].FA       full_adder_221                            7     43.792    16.969       60.761 
    full_adder_loop[3].FA       full_adder_220                            5     47.546    13.575       61.121 
    full_adder_loop[4].FA       full_adder_219                            5     56.304    13.575       69.879 
    full_adder_loop[5].FA       full_adder_218                            4     42.541    10.181       52.722 
  CSA_BLOCKS[2].RCA_C1          ripple_carry_adder_WIDTH6_3              38    241.482   133.487      374.969 
    F1A                         full_adder_52_247                         4     25.024    10.094       35.118 
    full_adder_loop[1].FA       full_adder_217                           10     50.048    33.763       83.811 
    full_adder_loop[2].FA       full_adder_216                            8     47.546    23.669       71.215 
    full_adder_loop[3].FA       full_adder_215                            6     37.536    13.575       51.111 
    full_adder_loop[4].FA       full_adder_214                            6     46.294    16.969       63.263 
    full_adder_loop[5].FA       full_adder_213                            4     35.034    10.181       45.215 
  CSA_BLOCKS[3].RCA_C0          ripple_carry_adder_WIDTH8                61    357.843   204.582      562.425 
    F1A                         full_adder_24_243                         4     22.522    10.094       32.616 
    full_adder_loop[1].FA       full_adder_234                           11     56.304    37.157       93.461 
    full_adder_loop[2].FA       full_adder_233                           11     57.555    37.157       94.712 
    full_adder_loop[3].FA       full_adder_232                            7     45.043    16.969       62.012 
    full_adder_loop[4].FA       full_adder_231                            7     45.043    16.969       62.012 
    full_adder_loop[5].FA       full_adder_230                            7     43.792    16.969       60.761 
    full_adder_loop[6].FA       full_adder_229                            7     43.792    16.969       60.761 
    full_adder_loop[7].FA       full_adder_228                            7     43.792    16.969       60.761 
  CSA_BLOCKS[3].RCA_C1          ripple_carry_adder_WIDTH8_3_252          61    387.872   201.275      589.147 
    F1A                         full_adder_52_248                         4     22.522    10.094       32.616 
    full_adder_loop[1].FA       full_adder_212                           11     57.555    37.157       94.712 
    full_adder_loop[2].FA       full_adder_211                            9     52.550    23.756       76.307 
    full_adder_loop[3].FA       full_adder_210                            7     48.797    16.969       65.766 
    full_adder_loop[4].FA       full_adder_209                            7     50.048    16.969       67.017 
    full_adder_loop[5].FA       full_adder_208                            8     53.802    22.016       75.817 
    full_adder_loop[6].FA       full_adder_207                            7     48.797    16.969       65.766 
    full_adder_loop[7].FA       full_adder_206                            8     53.802    22.016       75.817 
  CSA_BLOCKS[4].RCA_C0          ripple_carry_adder_WIDTH8_251            41    334.070   136.968      471.038 
    F1A                         full_adder_24_244                         4     27.526    10.094       37.621 
    full_adder_loop[1].FA       full_adder_205                           10     57.555    33.763       91.319 
    full_adder_loop[2].FA       full_adder_204                            6     43.792    13.575       57.367 
    full_adder_loop[3].FA       full_adder_203                            7     47.546    16.969       64.514 
    full_adder_loop[4].FA       full_adder_202                            7     50.048    16.969       67.017 
    full_adder_loop[5].FA       full_adder_201                            5     40.038    13.575       53.613 
    full_adder_loop[6].FA       full_adder_200                            1     33.782     0.000       33.782 
    full_adder_loop[7].FA       full_adder_199                            1     33.782     0.000       33.782 
  CSA_BLOCKS[4].RCA_C1          ripple_carry_adder_WIDTH8_3              44    309.046   153.850      462.896 
    F1A                         full_adder_52                             4     22.522    10.094       32.616 
    full_adder_loop[1].FA       full_adder_198                           10     47.546    33.763       81.309 
    full_adder_loop[2].FA       full_adder_197                            9     48.797    25.410       74.206 
    full_adder_loop[3].FA       full_adder_196                            6     37.536    13.575       51.111 
    full_adder_loop[4].FA       full_adder_195                            5     40.038    13.575       53.613 
    full_adder_loop[5].FA       full_adder_194                            5     42.541    13.575       56.116 
    full_adder_loop[6].FA       full_adder_193                            4     36.285    10.181       46.466 
    full_adder_loop[7].FA       full_adder_192                            1     33.782     0.000       33.782 
  RCA_LSB                       ripple_carry_adder_WIDTH4                25    175.168    81.102      256.270 
    F1A                         full_adder                                8     46.294    28.629       74.924 
    full_adder_loop[1].FA       full_adder_242                            6     37.536    13.575       51.111 
    full_adder_loop[2].FA       full_adder_241                            6     40.038    13.575       53.613 
    full_adder_loop[3].FA       full_adder_240                            5     51.299    10.181       61.480 
