============================================================
  Generated by:           Genus(TM) Synthesis Solution 23.12-s086_1
  Generated on:           Apr 07 2025  05:57:27 pm
  Module:                 carry_select_adder_46688_32bits
  Operating conditions:   tt_025C_1v80 
  Interconnect mode:      global
  Area mode:              physical library
============================================================

Timing
-------
  Cost    Critical         Violating 
 Group   Path Slack  TNS     Paths   
-------------------------------------
default         0.0   0.0          0 
-------------------------------------
Total                 0.0          0 

Instance Count
--------------
Leaf Instance Count             529 
Physical Instance count           0 
Sequential Instance Count         0 
Combinational Instance Count    529 
Hierarchical Instance Count      69 

Area
----
Cell Area                          3468.326
Physical Cell Area                 0.000
Total Cell Area (Cell+Physical)    3468.326
Net Area                           2650.166
Total Area (Cell+Physical+Net)     6118.492

Max Fanout                         8 (C_mid[0])
Min Fanout                         1 (C0[1])
Average Fanout                     1.6
Terms to net ratio                 2.4323
Terms to instance ratio            2.7864
Runtime                            17.520669 seconds
Elapsed Runtime                    18 seconds
Genus peak memory usage            1892.94 
Innovus peak memory usage          no_value 
Hostname                           cadmicro-inf-el8-623207
