============================================================
  Generated by:           Genus(TM) Synthesis Solution 23.12-s086_1
  Generated on:           Apr 07 2025  04:53:04 pm
  Module:                 carry_bypass8_32bits
  Operating conditions:   tt_025C_1v80 
  Interconnect mode:      global
  Area mode:              physical library
============================================================

Timing
-------
  Cost    Critical         Violating 
 Group   Path Slack  TNS     Paths   
-------------------------------------
default         0.5   0.0          0 
-------------------------------------
Total                 0.0          0 

Instance Count
--------------
Leaf Instance Count             346 
Physical Instance count           0 
Sequential Instance Count         0 
Combinational Instance Count    346 
Hierarchical Instance Count      36 

Area
----
Cell Area                          2543.690
Physical Cell Area                 0.000
Total Cell Area (Cell+Physical)    2543.690
Net Area                           1789.981
Total Area (Cell+Physical+Net)     4333.671

Max Fanout                         4 (n_1)
Min Fanout                         1 (Cout)
Average Fanout                     1.6
Terms to net ratio                 2.3674
Terms to instance ratio            2.8121
Runtime                            16.584538000000002 seconds
Elapsed Runtime                    18 seconds
Genus peak memory usage            1892.59 
Innovus peak memory usage          no_value 
Hostname                           cadmicro-inf-el8-623207
