============================================================
  Generated by:           Genus(TM) Synthesis Solution 23.12-s086_1
  Generated on:           Apr 07 2025  04:53:03 pm
  Module:                 carry_bypass8_32bits
  Operating conditions:   tt_025C_1v80 
  Interconnect mode:      global
  Area mode:              physical library
============================================================


Path 1: MET (0 ps) Path Delay Check
     Startpoint: (F) A[0]
       Endpoint: (F) Cout

                   Capture    Launch  
      Path Delay:+    4564         -  
      Drv Adjust:+       0         0  
         Arrival:=    4564            
                                      
   Required Time:=    4564            
       Data Path:-    4564            
           Slack:=       0            

Exceptions/Constraints:
  max_delay             4564            constraints.sdc_line_1 

#----------------------------------------------------------------------------------------------------------------------------
#            Timing Point              Flags   Arc   Edge           Cell            Fanout Load Trans Delay Arrival Instance 
#                                                                                          (fF)  (ps)  (ps)   (ps)  Location 
#----------------------------------------------------------------------------------------------------------------------------
  A[0]                                 -       -     F     (arrival)                     1  8.0  1000     0       0    (-,-) 
  g21/X                                -       A->X  F     sky130_fd_sc_hd__buf_8        4 19.2    55   424     424    (-,-) 
  BPS1/FA1/g194__6260/Y                -       A->Y  R     sky130_fd_sc_hd__nor2_4       1  6.0    72   104     528    (-,-) 
  BPS1/FA1/g191__2398/Y                -       A2->Y F     sky130_fd_sc_hd__o21ai_2      2  7.8    49    65     593    (-,-) 
  BPS1/FA2/g124__3680/Y                -       A->Y  R     sky130_fd_sc_hd__nand2_2      1  5.9    51    60     653    (-,-) 
  BPS1/FA2/g122__5526/Y                -       A->Y  F     sky130_fd_sc_hd__nand2_2      2  7.8    42    54     707    (-,-) 
  BPS1/FA3/g124__7098/Y                -       A->Y  R     sky130_fd_sc_hd__nand2_2      1  5.9    54    57     764    (-,-) 
  BPS1/FA3/g122__5122/Y                -       A->Y  F     sky130_fd_sc_hd__nand2_2      2  7.8    43    55     819    (-,-) 
  BPS1/FA4/g124__6161/Y                -       A->Y  R     sky130_fd_sc_hd__nand2_2      1  5.9    51    57     877    (-,-) 
  BPS1/FA4/g122__7482/Y                -       A->Y  F     sky130_fd_sc_hd__nand2_2      2  7.8    42    54     930    (-,-) 
  BPS1/FA5/g124__7410/Y                -       A->Y  R     sky130_fd_sc_hd__nand2_2      1  5.9    51    57     988    (-,-) 
  BPS1/FA5/g122__2346/Y                -       A->Y  F     sky130_fd_sc_hd__nand2_2      2  7.8    43    54    1042    (-,-) 
  BPS1/FA6/g124__4319/Y                -       A->Y  R     sky130_fd_sc_hd__nand2_2      1  5.9    51    57    1099    (-,-) 
  BPS1/FA6/g122__5107/Y                -       A->Y  F     sky130_fd_sc_hd__nand2_2      2  7.8    42    54    1153    (-,-) 
  BPS1/FA7/g124__2802/Y                -       A->Y  R     sky130_fd_sc_hd__nand2_2      1  5.9    51    57    1210    (-,-) 
  BPS1/FA7/g122__3680/Y                -       A->Y  F     sky130_fd_sc_hd__nand2_2      2  7.8    42    54    1264    (-,-) 
  BPS1/FA8/g124__1881/Y                -       A->Y  R     sky130_fd_sc_hd__nand2_2      1  5.9    51    57    1321    (-,-) 
  BPS1/FA8/g122__7098/Y                -       A->Y  F     sky130_fd_sc_hd__nand2_2      1  5.6    35    48    1369    (-,-) 
  BPS1/g367__6161/Y                    -       A->Y  R     sky130_fd_sc_hd__nand2_2      1  5.9    51    54    1423    (-,-) 
  BPS1/g2__5107/Y                      -       A->Y  F     sky130_fd_sc_hd__nand2_2      3  9.8    50    60    1482    (-,-) 
  bypass_loop[1].BPS2/FA1/g124__3680/Y -       A->Y  R     sky130_fd_sc_hd__nand2_2      1  5.9    52    60    1543    (-,-) 
  bypass_loop[1].BPS2/FA1/g122__5526/Y -       A->Y  F     sky130_fd_sc_hd__nand2_2      2  7.8    42    54    1597    (-,-) 
  bypass_loop[1].BPS2/FA2/g124__7098/Y -       A->Y  R     sky130_fd_sc_hd__nand2_2      1  5.9    51    57    1654    (-,-) 
  bypass_loop[1].BPS2/FA2/g122__5122/Y -       A->Y  F     sky130_fd_sc_hd__nand2_2      2  7.8    42    54    1708    (-,-) 
  bypass_loop[1].BPS2/FA3/g124__6161/Y -       A->Y  R     sky130_fd_sc_hd__nand2_2      1  5.9    51    57    1765    (-,-) 
  bypass_loop[1].BPS2/FA3/g122__7482/Y -       A->Y  F     sky130_fd_sc_hd__nand2_2      2  7.8    42    54    1819    (-,-) 
  bypass_loop[1].BPS2/FA4/g124__7410/Y -       A->Y  R     sky130_fd_sc_hd__nand2_2      1  5.9    51    57    1876    (-,-) 
  bypass_loop[1].BPS2/FA4/g122__2346/Y -       A->Y  F     sky130_fd_sc_hd__nand2_2      2  7.8    42    54    1930    (-,-) 
  bypass_loop[1].BPS2/FA5/g124__4319/Y -       A->Y  R     sky130_fd_sc_hd__nand2_2      1  5.9    51    57    1987    (-,-) 
  bypass_loop[1].BPS2/FA5/g122__5107/Y -       A->Y  F     sky130_fd_sc_hd__nand2_2      2  7.8    42    54    2041    (-,-) 
  bypass_loop[1].BPS2/FA6/g124__2802/Y -       A->Y  R     sky130_fd_sc_hd__nand2_2      1  5.9    51    57    2098    (-,-) 
  bypass_loop[1].BPS2/FA6/g122__3680/Y -       A->Y  F     sky130_fd_sc_hd__nand2_2      2  7.8    42    54    2152    (-,-) 
  bypass_loop[1].BPS2/FA7/g124__1881/Y -       A->Y  R     sky130_fd_sc_hd__nand2_2      1  5.9    51    57    2210    (-,-) 
  bypass_loop[1].BPS2/FA7/g122__7098/Y -       A->Y  F     sky130_fd_sc_hd__nand2_2      2  7.8    42    54    2263    (-,-) 
  bypass_loop[1].BPS2/FA8/g124__9945/Y -       A->Y  R     sky130_fd_sc_hd__nand2_2      1  5.9    51    57    2321    (-,-) 
  bypass_loop[1].BPS2/FA8/g122__6161/Y -       A->Y  F     sky130_fd_sc_hd__nand2_2      1  5.5    34    47    2368    (-,-) 
  bypass_loop[1].BPS2/g5/Y             -       B->Y  R     sky130_fd_sc_hd__nand2_2      1  5.9    59    63    2431    (-,-) 
  bypass_loop[1].BPS2/g409/Y           -       B->Y  F     sky130_fd_sc_hd__nand2_2      3  9.8    49    67    2498    (-,-) 
  bypass_loop[2].BPS2/FA1/g124__5122/Y -       A->Y  R     sky130_fd_sc_hd__nand2_2      1  5.9    52    60    2558    (-,-) 
  bypass_loop[2].BPS2/FA1/g122__2802/Y -       A->Y  F     sky130_fd_sc_hd__nand2_2      2  7.8    42    54    2613    (-,-) 
  bypass_loop[2].BPS2/FA2/g124__7482/Y -       A->Y  R     sky130_fd_sc_hd__nand2_2      1  5.9    51    57    2670    (-,-) 
  bypass_loop[2].BPS2/FA2/g122__1881/Y -       A->Y  F     sky130_fd_sc_hd__nand2_2      2  7.8    42    54    2724    (-,-) 
  bypass_loop[2].BPS2/FA3/g124__2346/Y -       A->Y  R     sky130_fd_sc_hd__nand2_2      1  5.9    51    57    2781    (-,-) 
  bypass_loop[2].BPS2/FA3/g122__9945/Y -       A->Y  F     sky130_fd_sc_hd__nand2_2      2  7.8    42    54    2835    (-,-) 
  bypass_loop[2].BPS2/FA4/g124__2398/Y -       A->Y  R     sky130_fd_sc_hd__nand2_2      1  5.9    51    57    2892    (-,-) 
  bypass_loop[2].BPS2/FA4/g122__5477/Y -       A->Y  F     sky130_fd_sc_hd__nand2_2      2  7.8    42    54    2946    (-,-) 
  bypass_loop[2].BPS2/FA5/g124__5526/Y -       A->Y  R     sky130_fd_sc_hd__nand2_2      1  5.9    51    57    3003    (-,-) 
  bypass_loop[2].BPS2/FA5/g122__8428/Y -       A->Y  F     sky130_fd_sc_hd__nand2_2      2  7.8    42    54    3057    (-,-) 
  bypass_loop[2].BPS2/FA6/g124__1705/Y -       A->Y  R     sky130_fd_sc_hd__nand2_2      1  5.9    51    57    3114    (-,-) 
  bypass_loop[2].BPS2/FA6/g122__2802/Y -       A->Y  F     sky130_fd_sc_hd__nand2_2      2  7.8    42    54    3168    (-,-) 
  bypass_loop[2].BPS2/FA7/g124__1881/Y -       A->Y  R     sky130_fd_sc_hd__nand2_2      1  5.9    51    57    3225    (-,-) 
  bypass_loop[2].BPS2/FA7/g122__6131/Y -       A->Y  F     sky130_fd_sc_hd__nand2_2      2  7.8    42    54    3279    (-,-) 
  bypass_loop[2].BPS2/FA8/g124__9315/Y -       A->Y  R     sky130_fd_sc_hd__nand2_2      1  5.9    51    57    3336    (-,-) 
  bypass_loop[2].BPS2/FA8/g122__6161/Y -       A->Y  F     sky130_fd_sc_hd__nand2_2      1  5.6    35    48    3384    (-,-) 
  bypass_loop[2].BPS2/g393__407/Y      -       A->Y  R     sky130_fd_sc_hd__nand2_2      1 10.6    80    71    3455    (-,-) 
  bypass_loop[2].BPS2/g1/Y             -       B->Y  F     sky130_fd_sc_hd__nand2_4      3 15.1    46    67    3522    (-,-) 
  bypass_loop[3].BPS2/FA1/g124__8246/Y -       A->Y  R     sky130_fd_sc_hd__nand2_4      1 10.1    52    60    3582    (-,-) 
  bypass_loop[3].BPS2/FA1/g122__1705/Y -       A->Y  F     sky130_fd_sc_hd__nand2_4      2 11.8    38    50    3632    (-,-) 
  bypass_loop[3].BPS2/FA2/g124__4733/Y -       A->Y  R     sky130_fd_sc_hd__nand2_4      1 10.1    52    57    3689    (-,-) 
  bypass_loop[3].BPS2/FA2/g122__5115/Y -       A->Y  F     sky130_fd_sc_hd__nand2_4      2 11.8    38    50    3739    (-,-) 
  bypass_loop[3].BPS2/FA3/g124__1666/Y -       A->Y  R     sky130_fd_sc_hd__nand2_4      1 10.1    52    57    3796    (-,-) 
  bypass_loop[3].BPS2/FA3/g122__2883/Y -       A->Y  F     sky130_fd_sc_hd__nand2_4      2 11.8    38    50    3846    (-,-) 
  bypass_loop[3].BPS2/FA4/g124__6260/Y -       A->Y  R     sky130_fd_sc_hd__nand2_4      1 10.1    52    57    3903    (-,-) 
  bypass_loop[3].BPS2/FA4/g122__2398/Y -       A->Y  F     sky130_fd_sc_hd__nand2_4      2 11.8    38    50    3953    (-,-) 
  bypass_loop[3].BPS2/FA5/g124__1617/Y -       A->Y  R     sky130_fd_sc_hd__nand2_4      1 10.1    52    57    4010    (-,-) 
  bypass_loop[3].BPS2/FA5/g122__6783/Y -       A->Y  F     sky130_fd_sc_hd__nand2_4      2 11.8    38    50    4060    (-,-) 
  bypass_loop[3].BPS2/FA6/g124__6131/Y -       A->Y  R     sky130_fd_sc_hd__nand2_4      1 10.1    52    57    4117    (-,-) 
  bypass_loop[3].BPS2/FA6/g122__8246/Y -       A->Y  F     sky130_fd_sc_hd__nand2_4      2 12.4    39    51    4168    (-,-) 
  bypass_loop[3].BPS2/FA7/g126__9945/Y -       A->Y  R     sky130_fd_sc_hd__nand2_4      1 10.1    52    57    4225    (-,-) 
  bypass_loop[3].BPS2/FA7/g122__4733/Y -       A->Y  F     sky130_fd_sc_hd__nand2_4      3 15.3    45    56    4281    (-,-) 
  bypass_loop[3].BPS2/FA8/g126__5107/Y -       A->Y  R     sky130_fd_sc_hd__nand2_4      1  5.9    41    51    4332    (-,-) 
  bypass_loop[3].BPS2/FA8/g122__6417/Y -       A->Y  F     sky130_fd_sc_hd__nand2_2      1  5.6    34    44    4376    (-,-) 
  bypass_loop[3].BPS2/g401__6783/Y     -       A->Y  R     sky130_fd_sc_hd__nand2_2      1 10.1    78    69    4445    (-,-) 
  bypass_loop[3].BPS2/g2__4733/Y       -       A->Y  F     sky130_fd_sc_hd__nand2_4      1 51.3   118   118    4563    (-,-) 
  Cout                                 -       -     F     (port)                        -    -     -     0    4564    (-,-) 
#----------------------------------------------------------------------------------------------------------------------------

