============================================================
  Generated by:           Genus(TM) Synthesis Solution 23.12-s086_1
  Generated on:           Apr 07 2025  07:25:59 pm
  Module:                 carry_select_adder_661010_32bits
  Operating conditions:   tt_025C_1v80 
  Interconnect mode:      global
  Area mode:              physical library
============================================================

Timing
-------
  Cost    Critical            Violating 
 Group   Path Slack    TNS      Paths   
----------------------------------------
default       -26.8   -254.4         11 
----------------------------------------
Total                 -254.4         11 

Instance Count
--------------
Leaf Instance Count             613 
Physical Instance count           0 
Sequential Instance Count         0 
Combinational Instance Count    613 
Hierarchical Instance Count      65 

Area
----
Cell Area                          4623.184
Physical Cell Area                 0.000
Total Cell Area (Cell+Physical)    4623.184
Net Area                           3006.508
Total Area (Cell+Physical+Net)     7629.692

Max Fanout                         9 (n_297)
Min Fanout                         1 (C0[1])
Average Fanout                     1.6
Terms to net ratio                 2.4595
Terms to instance ratio            2.7765
Runtime                            28.386191 seconds
Elapsed Runtime                    31 seconds
Genus peak memory usage            1959.88 
Innovus peak memory usage          no_value 
Hostname                           cadmicro-inf-el8-623207
