============================================================
  Generated by:           Genus(TM) Synthesis Solution 23.12-s086_1
  Generated on:           Apr 07 2025  04:25:55 pm
  Module:                 signal_32bits
  Operating conditions:   tt_025C_1v80 
  Interconnect mode:      global
  Area mode:              physical library
============================================================

Timing
-------
  Cost    Critical         Violating 
 Group   Path Slack  TNS     Paths   
-------------------------------------
default         0.0   0.0          0 
-------------------------------------
Total                 0.0          0 

Instance Count
--------------
Leaf Instance Count             245 
Physical Instance count           0 
Sequential Instance Count         0 
Combinational Instance Count    245 
Hierarchical Instance Count       0 

Area
----
Cell Area                          1386.330
Physical Cell Area                 0.000
Total Cell Area (Cell+Physical)    1386.330
Net Area                           1465.400
Total Area (Cell+Physical+Net)     2851.730

Max Fanout                         4 (addinc_add_7_30_n_16)
Min Fanout                         1 (n_14)
Average Fanout                     1.8
Terms to net ratio                 2.4903
Terms to instance ratio            3.1510
Runtime                            15.012367000000001 seconds
Elapsed Runtime                    16 seconds
Genus peak memory usage            1946.51 
Innovus peak memory usage          no_value 
Hostname                           cadmicro-inf-el8-623207
