============================================================
  Generated by:           Genus(TM) Synthesis Solution 23.12-s086_1
  Generated on:           Apr 07 2025  04:25:54 pm
  Module:                 signal_32bits
  Operating conditions:   tt_025C_1v80 
  Interconnect mode:      global
  Area mode:              physical library
============================================================


Path 1: MET (0 ps) Path Delay Check
     Startpoint: (F) A[0]
       Endpoint: (R) S[29]

                   Capture    Launch  
      Path Delay:+    2750         -  
      Drv Adjust:+       0         0  
         Arrival:=    2750            
                                      
   Required Time:=    2750            
       Data Path:-    2750            
           Slack:=       0            

Exceptions/Constraints:
  max_delay             2750            constraints.sdc_line_1 

#-------------------------------------------------------------------------------------------------------------------------
#         Timing Point          Flags    Arc    Edge            Cell             Fanout Load Trans Delay Arrival Instance 
#                                                                                       (fF)  (ps)  (ps)   (ps)  Location 
#-------------------------------------------------------------------------------------------------------------------------
  A[0]                          -       -       F     (arrival)                       1  8.0  1000     0       0    (-,-) 
  g14/X                         -       A->X    F     sky130_fd_sc_hd__buf_8          3 19.7    55   424     424    (-,-) 
  addinc_add_7_30_g1328__1666/Y -       A->Y    R     sky130_fd_sc_hd__nor2_4         1  5.9    71   104     528    (-,-) 
  addinc_add_7_30_g1237__5107/Y -       B2->Y   F     sky130_fd_sc_hd__o2bb2ai_2      2 10.4    60    75     604    (-,-) 
  addinc_add_7_30_g1230/Y       -       A->Y    R     sky130_fd_sc_hd__inv_2          1  6.0    38    57     661    (-,-) 
  addinc_add_7_30_g1224__7482/Y -       A2->Y   F     sky130_fd_sc_hd__o21ai_2        2  8.4    63    58     719    (-,-) 
  addinc_add_7_30_g1222__1881/Y -       A->Y    R     sky130_fd_sc_hd__nand2_1        1  5.9    72    81     800    (-,-) 
  addinc_add_7_30_g1220__7098/Y -       A->Y    F     sky130_fd_sc_hd__nand2_2        2 10.4    55    68     867    (-,-) 
  addinc_add_7_30_g1219__8246/Y -       A->Y    R     sky130_fd_sc_hd__nand2_2        1  5.9    53    62     930    (-,-) 
  addinc_add_7_30_g1217__1705/Y -       A->Y    F     sky130_fd_sc_hd__nand2_2        3 13.2    64    70     999    (-,-) 
  addinc_add_7_30_g1215__2802/Y -       A->Y    R     sky130_fd_sc_hd__nand2_2        1  5.9    55    66    1066    (-,-) 
  addinc_add_7_30_g1212__6783/Y -       A->Y    F     sky130_fd_sc_hd__nand2_2        2  8.4    46    57    1122    (-,-) 
  addinc_add_7_30_g1211__5526/Y -       A->Y    R     sky130_fd_sc_hd__nand2_1        1  5.9    72    74    1196    (-,-) 
  addinc_add_7_30_g1209__4319/Y -       A->Y    F     sky130_fd_sc_hd__nand2_2        2 10.4    55    68    1263    (-,-) 
  addinc_add_7_30_g1207__5107/Y -       A->Y    R     sky130_fd_sc_hd__nand2_2        1  5.9    53    62    1326    (-,-) 
  addinc_add_7_30_g1205__5477/Y -       A->Y    F     sky130_fd_sc_hd__nand2_2        3 12.4    61    68    1393    (-,-) 
  addinc_add_7_30_g1203__7410/Y -       A->Y    R     sky130_fd_sc_hd__nand2_2        1  5.9    54    65    1459    (-,-) 
  addinc_add_7_30_g1201__2346/Y -       A->Y    F     sky130_fd_sc_hd__nand2_2        3 12.4    70    68    1526    (-,-) 
  addinc_add_7_30_g1198__9315/Y -       A->Y    R     sky130_fd_sc_hd__nand2_2        1  5.9    55    69    1596    (-,-) 
  addinc_add_7_30_g1194__5115/Y -       A->Y    F     sky130_fd_sc_hd__nand2_2        4 13.3    63    70    1666    (-,-) 
  addinc_add_7_30_g1190__7098/Y -       A->Y    R     sky130_fd_sc_hd__nand3_1        1  3.7    71    76    1742    (-,-) 
  addinc_add_7_30_g1183__3680/Y -       A->Y    F     sky130_fd_sc_hd__nand2_1        4  9.6    99    88    1831    (-,-) 
  addinc_add_7_30_g1170__1666/X -       A1->X   F     sky130_fd_sc_hd__a21o_1         4 12.5    74   214    2045    (-,-) 
  addinc_add_7_30_g1162__4733/Y -       A->Y    R     sky130_fd_sc_hd__nand2_1        2  5.7    73    85    2129    (-,-) 
  addinc_add_7_30_g1156__8246/Y -       A->Y    F     sky130_fd_sc_hd__nand2_1        2  4.7    49    62    2192    (-,-) 
  addinc_add_7_30_g1149__5526/X -       A2_N->X R     sky130_fd_sc_hd__a2bb2o_1       1 51.3   497   558    2750    (-,-) 
  S[29]                         <<<     -       R     (port)                          -    -     -     0    2750    (-,-) 
#-------------------------------------------------------------------------------------------------------------------------

