============================================================
  Generated by:           Genus(TM) Synthesis Solution 23.12-s086_1
  Generated on:           Apr 09 2025  12:42:10 pm
  Module:                 carry_skip4_32bits
  Operating conditions:   tt_025C_1v80 
  Interconnect mode:      global
  Area mode:              physical library
============================================================

Timing
-------
  Cost    Critical             Violating 
 Group   Path Slack    TNS       Paths   
-----------------------------------------
default      -394.6   -1606.2          5 
-----------------------------------------
Total                 -1606.2          5 

Instance Count
--------------
Leaf Instance Count             414 
Physical Instance count           0 
Sequential Instance Count         0 
Combinational Instance Count    414 
Hierarchical Instance Count      40 

Area
----
Cell Area                          3345.709
Physical Cell Area                 0.000
Total Cell Area (Cell+Physical)    3345.709
Net Area                           2038.943
Total Area (Cell+Physical+Net)     5384.652

Max Fanout                         4 (n_0)
Min Fanout                         1 (Cout)
Average Fanout                     1.5
Terms to net ratio                 2.3340
Terms to instance ratio            2.7005
Runtime                            40.652689 seconds
Elapsed Runtime                    43 seconds
Genus peak memory usage            1899.88 
Innovus peak memory usage          no_value 
Hostname                           cadmicro-inf-el8-623207
