============================================================
  Generated by:           Genus(TM) Synthesis Solution 23.12-s086_1
  Generated on:           Apr 09 2025  12:42:10 pm
  Module:                 carry_skip4_32bits
  Operating conditions:   tt_025C_1v80 
  Interconnect mode:      global
  Area mode:              physical library
============================================================


Path 1: VIOLATED (-395 ps) Path Delay Check
     Startpoint: (F) A[0]
       Endpoint: (F) Cout

                   Capture    Launch  
      Path Delay:+    4350         -  
      Drv Adjust:+       0         0  
         Arrival:=    4350            
                                      
   Required Time:=    4350            
       Data Path:-    4745            
           Slack:=    -395            

Exceptions/Constraints:
  max_delay             4350            constraints.sdc_line_1 

#-----------------------------------------------------------------------------------------------------------------------------
#            Timing Point              Flags   Arc   Edge           Cell             Fanout Load Trans Delay Arrival Instance 
#                                                                                           (fF)  (ps)  (ps)   (ps)  Location 
#-----------------------------------------------------------------------------------------------------------------------------
  A[0]                                 -       -     F     (arrival)                      1  8.0  1000     0       0    (-,-) 
  g59/X                                -       A->X  F     sky130_fd_sc_hd__buf_8         4 20.7    56   425     425    (-,-) 
  CSKIP1/FA1/g195__6260/Y              -       A->Y  R     sky130_fd_sc_hd__nor2_4        1  6.0    72   105     530    (-,-) 
  CSKIP1/FA1/g192__2398/Y              -       A2->Y F     sky130_fd_sc_hd__o21ai_2       2 11.8    62    77     607    (-,-) 
  CSKIP1/FA2/g124__3680/Y              -       A->Y  R     sky130_fd_sc_hd__nand2_4       1 10.1    55    67     674    (-,-) 
  CSKIP1/FA2/g122__5526/Y              -       A->Y  F     sky130_fd_sc_hd__nand2_4       2 11.8    38    51     725    (-,-) 
  CSKIP1/FA3/g124__7098/Y              -       A->Y  R     sky130_fd_sc_hd__nand2_4       1 10.1    52    57     781    (-,-) 
  CSKIP1/FA3/g122__5122/Y              -       A->Y  F     sky130_fd_sc_hd__nand2_4       2 11.8    38    50     832    (-,-) 
  CSKIP1/FA4/g124__6161/Y              -       A->Y  R     sky130_fd_sc_hd__nand2_4       1 10.1    52    56     888    (-,-) 
  CSKIP1/FA4/g122__7482/Y              -       A->Y  F     sky130_fd_sc_hd__nand2_4       1 10.8    36    49     937    (-,-) 
  CSKIP1/g74/Y                         -       A->Y  R     sky130_fd_sc_hd__clkinv_4      1 10.1    29    42     979    (-,-) 
  CSKIP1/g183__2346/Y                  -       A->Y  F     sky130_fd_sc_hd__nand2_4       3 14.0    47    46    1026    (-,-) 
  skip_loop[1].CSKIP2/FA1/g124__8428/Y -       A->Y  R     sky130_fd_sc_hd__nand2_4       1 10.1    52    60    1086    (-,-) 
  skip_loop[1].CSKIP2/FA1/g122__6260/Y -       A->Y  F     sky130_fd_sc_hd__nand2_4       2 11.8    38    50    1136    (-,-) 
  skip_loop[1].CSKIP2/FA2/g124__1705/Y -       A->Y  R     sky130_fd_sc_hd__nand2_4       1 10.1    52    56    1193    (-,-) 
  skip_loop[1].CSKIP2/FA2/g122__1617/Y -       A->Y  F     sky130_fd_sc_hd__nand2_4       2 11.8    38    50    1243    (-,-) 
  skip_loop[1].CSKIP2/FA3/g124__5115/Y -       A->Y  R     sky130_fd_sc_hd__nand2_4       1 10.1    52    56    1299    (-,-) 
  skip_loop[1].CSKIP2/FA3/g122__6131/Y -       A->Y  F     sky130_fd_sc_hd__nand2_4       2 11.8    38    50    1350    (-,-) 
  skip_loop[1].CSKIP2/FA4/g124__2883/Y -       A->Y  R     sky130_fd_sc_hd__nand2_4       1 10.1    52    56    1406    (-,-) 
  skip_loop[1].CSKIP2/FA4/g122__9315/Y -       A->Y  F     sky130_fd_sc_hd__nand2_4       1  9.9    35    47    1454    (-,-) 
  skip_loop[1].CSKIP2/g39/Y            -       A->Y  R     sky130_fd_sc_hd__inv_4         1 10.1    37    49    1502    (-,-) 
  skip_loop[1].CSKIP2/g159/Y           -       A->Y  F     sky130_fd_sc_hd__nand2_4       3 14.0    41    49    1551    (-,-) 
  skip_loop[2].CSKIP2/FA1/g124__3680/Y -       A->Y  R     sky130_fd_sc_hd__nand2_4       1 10.1    52    58    1609    (-,-) 
  skip_loop[2].CSKIP2/FA1/g122__5526/Y -       A->Y  F     sky130_fd_sc_hd__nand2_4       2 11.8    38    50    1659    (-,-) 
  skip_loop[2].CSKIP2/FA2/g124__7098/Y -       A->Y  R     sky130_fd_sc_hd__nand2_4       1 10.1    52    56    1716    (-,-) 
  skip_loop[2].CSKIP2/FA2/g122__5122/Y -       A->Y  F     sky130_fd_sc_hd__nand2_4       2 11.8    38    50    1766    (-,-) 
  skip_loop[2].CSKIP2/FA3/g124__6161/Y -       A->Y  R     sky130_fd_sc_hd__nand2_4       1 10.1    52    56    1823    (-,-) 
  skip_loop[2].CSKIP2/FA3/g122__7482/Y -       A->Y  F     sky130_fd_sc_hd__nand2_4       2 11.8    38    50    1873    (-,-) 
  skip_loop[2].CSKIP2/FA4/g124__7410/Y -       A->Y  R     sky130_fd_sc_hd__nand2_4       1  5.9    41    48    1921    (-,-) 
  skip_loop[2].CSKIP2/FA4/g122__2346/Y -       A->Y  F     sky130_fd_sc_hd__nand2_2       1  6.1    36    46    1966    (-,-) 
  skip_loop[2].CSKIP2/g37/Y            -       A->Y  R     sky130_fd_sc_hd__clkinv_2      1 10.1    43    52    2018    (-,-) 
  skip_loop[2].CSKIP2/g159/Y           -       A->Y  F     sky130_fd_sc_hd__nand2_4       3 14.0    41    51    2069    (-,-) 
  skip_loop[3].CSKIP2/FA1/g124__1705/Y -       A->Y  R     sky130_fd_sc_hd__nand2_4       1 10.1    52    58    2127    (-,-) 
  skip_loop[3].CSKIP2/FA1/g122__1617/Y -       A->Y  F     sky130_fd_sc_hd__nand2_4       2 11.8    38    50    2178    (-,-) 
  skip_loop[3].CSKIP2/FA2/g124__5115/Y -       A->Y  R     sky130_fd_sc_hd__nand2_4       1 10.1    52    56    2234    (-,-) 
  skip_loop[3].CSKIP2/FA2/g122__6131/Y -       A->Y  F     sky130_fd_sc_hd__nand2_4       2 11.8    38    50    2284    (-,-) 
  skip_loop[3].CSKIP2/FA3/g124__2883/Y -       A->Y  R     sky130_fd_sc_hd__nand2_4       1 10.1    52    56    2341    (-,-) 
  skip_loop[3].CSKIP2/FA3/g122__9315/Y -       A->Y  F     sky130_fd_sc_hd__nand2_4       2 11.8    38    50    2391    (-,-) 
  skip_loop[3].CSKIP2/FA4/g124__2398/Y -       A->Y  R     sky130_fd_sc_hd__nand2_4       1  5.9    41    48    2439    (-,-) 
  skip_loop[3].CSKIP2/FA4/g122__6417/Y -       A->Y  F     sky130_fd_sc_hd__nand2_2       1  6.1    36    46    2484    (-,-) 
  skip_loop[3].CSKIP2/g74/Y            -       A->Y  R     sky130_fd_sc_hd__clkinv_2      1 10.1    43    52    2537    (-,-) 
  skip_loop[3].CSKIP2/g152__8428/Y     -       A->Y  F     sky130_fd_sc_hd__nand2_4       3 14.0    41    51    2588    (-,-) 
  skip_loop[4].CSKIP2/FA1/g124__7098/Y -       A->Y  R     sky130_fd_sc_hd__nand2_4       1 10.1    52    58    2646    (-,-) 
  skip_loop[4].CSKIP2/FA1/g122__5122/Y -       A->Y  F     sky130_fd_sc_hd__nand2_4       2 11.8    38    50    2696    (-,-) 
  skip_loop[4].CSKIP2/FA2/g124__4733/Y -       A->Y  R     sky130_fd_sc_hd__nand2_4       1 10.1    52    56    2752    (-,-) 
  skip_loop[4].CSKIP2/FA2/g122__7482/Y -       A->Y  F     sky130_fd_sc_hd__nand2_4       2 11.8    38    50    2803    (-,-) 
  skip_loop[4].CSKIP2/FA3/g124__2346/Y -       A->Y  R     sky130_fd_sc_hd__nand2_4       1 10.1    52    56    2859    (-,-) 
  skip_loop[4].CSKIP2/FA3/g122__2883/Y -       A->Y  F     sky130_fd_sc_hd__nand2_4       2 11.8    38    50    2909    (-,-) 
  skip_loop[4].CSKIP2/FA4/g124__2398/Y -       A->Y  R     sky130_fd_sc_hd__nand2_4       1 10.1    52    56    2966    (-,-) 
  skip_loop[4].CSKIP2/FA4/g122__5477/Y -       A->Y  F     sky130_fd_sc_hd__nand2_4       1  9.9    35    47    3013    (-,-) 
  skip_loop[4].CSKIP2/g74/Y            -       A->Y  R     sky130_fd_sc_hd__inv_4         1 10.1    37    49    3062    (-,-) 
  skip_loop[4].CSKIP2/g152__8428/Y     -       A->Y  F     sky130_fd_sc_hd__nand2_4       3 14.0    41    49    3111    (-,-) 
  skip_loop[5].CSKIP2/FA1/g124__8246/Y -       A->Y  R     sky130_fd_sc_hd__nand2_4       1 10.1    52    58    3169    (-,-) 
  skip_loop[5].CSKIP2/FA1/g122__5122/Y -       A->Y  F     sky130_fd_sc_hd__nand2_4       2 11.8    38    50    3219    (-,-) 
  skip_loop[5].CSKIP2/FA2/g124__4733/Y -       A->Y  R     sky130_fd_sc_hd__nand2_4       1 10.1    52    56    3276    (-,-) 
  skip_loop[5].CSKIP2/FA2/g122__5115/Y -       A->Y  F     sky130_fd_sc_hd__nand2_4       2 11.8    38    50    3326    (-,-) 
  skip_loop[5].CSKIP2/FA3/g124__1666/Y -       A->Y  R     sky130_fd_sc_hd__nand2_4       1 10.1    52    57    3382    (-,-) 
  skip_loop[5].CSKIP2/FA3/g122__2883/Y -       A->Y  F     sky130_fd_sc_hd__nand2_4       2 11.8    38    50    3433    (-,-) 
  skip_loop[5].CSKIP2/FA4/g124__6260/Y -       A->Y  R     sky130_fd_sc_hd__nand2_4       1  5.9    41    48    3481    (-,-) 
  skip_loop[5].CSKIP2/FA4/g122__2398/Y -       A->Y  F     sky130_fd_sc_hd__nand2_2       1  5.6    34    44    3525    (-,-) 
  skip_loop[5].CSKIP2/g164/Y           -       A->Y  R     sky130_fd_sc_hd__inv_2         1 10.1    53    59    3584    (-,-) 
  skip_loop[5].CSKIP2/g157__6783/Y     -       A->Y  F     sky130_fd_sc_hd__nand2_4       3 14.0    42    54    3638    (-,-) 
  skip_loop[6].CSKIP2/FA1/g124__1881/Y -       A->Y  R     sky130_fd_sc_hd__nand2_4       1 10.1    52    58    3696    (-,-) 
  skip_loop[6].CSKIP2/FA1/g122__7098/Y -       A->Y  F     sky130_fd_sc_hd__nand2_4       2 11.8    38    50    3746    (-,-) 
  skip_loop[6].CSKIP2/FA2/g124__9945/Y -       A->Y  R     sky130_fd_sc_hd__nand2_4       1 10.1    52    57    3803    (-,-) 
  skip_loop[6].CSKIP2/FA2/g122__6161/Y -       A->Y  F     sky130_fd_sc_hd__nand2_4       2 11.8    38    50    3853    (-,-) 
  skip_loop[6].CSKIP2/FA3/g124__5477/Y -       A->Y  R     sky130_fd_sc_hd__nand2_4       1 10.1    52    57    3910    (-,-) 
  skip_loop[6].CSKIP2/FA3/g122__7410/Y -       A->Y  F     sky130_fd_sc_hd__nand2_4       2 11.8    38    50    3960    (-,-) 
  skip_loop[6].CSKIP2/FA4/g124__5526/Y -       A->Y  R     sky130_fd_sc_hd__nand2_4       1  5.9    41    48    4008    (-,-) 
  skip_loop[6].CSKIP2/FA4/g122__4319/Y -       A->Y  F     sky130_fd_sc_hd__nand2_2       1  5.6    34    44    4052    (-,-) 
  skip_loop[6].CSKIP2/g74/Y            -       A->Y  R     sky130_fd_sc_hd__inv_2         1 10.1    53    59    4112    (-,-) 
  skip_loop[6].CSKIP2/g157__2802/Y     -       A->Y  F     sky130_fd_sc_hd__nand2_4       3 14.0    42    54    4166    (-,-) 
  skip_loop[7].CSKIP2/FA1/g124__4733/Y -       A->Y  R     sky130_fd_sc_hd__nand2_4       1 10.1    52    58    4224    (-,-) 
  skip_loop[7].CSKIP2/FA1/g122__5115/Y -       A->Y  F     sky130_fd_sc_hd__nand2_4       2 11.8    38    50    4274    (-,-) 
  skip_loop[7].CSKIP2/FA2/g126__6417/Y -       A->Y  R     sky130_fd_sc_hd__nand2_4       1 10.1    52    57    4331    (-,-) 
  skip_loop[7].CSKIP2/FA2/g122__2883/Y -       A->Y  F     sky130_fd_sc_hd__nand2_4       2 11.8    38    50    4381    (-,-) 
  skip_loop[7].CSKIP2/FA3/g127__6783/Y -       A->Y  R     sky130_fd_sc_hd__nand2_4       1 10.1    52    57    4438    (-,-) 
  skip_loop[7].CSKIP2/FA3/g123__6260/Y -       A->Y  F     sky130_fd_sc_hd__nand2_4       3 19.4    53    62    4500    (-,-) 
  skip_loop[7].CSKIP2/FA4/g127__7098/Y -       A->Y  R     sky130_fd_sc_hd__nand2_4       1 10.1    52    63    4562    (-,-) 
  skip_loop[7].CSKIP2/FA4/g123__1705/Y -       A->Y  F     sky130_fd_sc_hd__nand2_4       1 10.8    36    49    4611    (-,-) 
  skip_loop[7].CSKIP2/g79/Y            -       A->Y  R     sky130_fd_sc_hd__clkinv_4      1 18.7    44    54    4665    (-,-) 
  skip_loop[7].CSKIP2/g167__4733/Y     -       A->Y  F     sky130_fd_sc_hd__nand2_8       1 51.3    91    79    4744    (-,-) 
  Cout                                 -       -     F     (port)                         -    -     -     0    4745    (-,-) 
#-----------------------------------------------------------------------------------------------------------------------------

