============================================================
  Generated by:           Genus(TM) Synthesis Solution 23.12-s086_1
  Generated on:           Apr 09 2025  12:45:13 pm
  Module:                 carry_select_adder_8888_32bits
  Operating conditions:   tt_025C_1v80 
  Interconnect mode:      global
  Area mode:              physical library
============================================================

Timing
-------
  Cost    Critical         Violating 
 Group   Path Slack  TNS     Paths   
-------------------------------------
default         0.8   0.0          0 
-------------------------------------
Total                 0.0          0 

Instance Count
--------------
Leaf Instance Count             115 
Physical Instance count           0 
Sequential Instance Count         0 
Combinational Instance Count    115 
Hierarchical Instance Count      63 

Area
----
Cell Area                          1570.256
Physical Cell Area                 0.000
Total Cell Area (Cell+Physical)    1570.256
Net Area                           939.371
Total Area (Cell+Physical+Net)     2509.627

Max Fanout                         9 (C_mid[0])
Min Fanout                         1 (C0[1])
Average Fanout                     1.4
Terms to net ratio                 1.9827
Terms to instance ratio            3.9826
Runtime                            13.662164 seconds
Elapsed Runtime                    15 seconds
Genus peak memory usage            1890.24 
Innovus peak memory usage          no_value 
Hostname                           cadmicro-inf-el8-623207
