============================================================
  Generated by:           Genus(TM) Synthesis Solution 23.12-s086_1
  Generated on:           Apr 07 2025  04:38:17 pm
  Module:                 signal_32bits
  Operating conditions:   tt_025C_1v80 
  Interconnect mode:      global
  Area mode:              physical library
============================================================

Timing
-------
  Cost    Critical         Violating 
 Group   Path Slack  TNS     Paths   
-------------------------------------
default         0.1   0.0          0 
-------------------------------------
Total                 0.0          0 

Instance Count
--------------
Leaf Instance Count             495 
Physical Instance count           0 
Sequential Instance Count         0 
Combinational Instance Count    495 
Hierarchical Instance Count       0 

Area
----
Cell Area                          2949.078
Physical Cell Area                 0.000
Total Cell Area (Cell+Physical)    2949.078
Net Area                           2555.228
Total Area (Cell+Physical+Net)     5504.306

Max Fanout                         9 (n_1491)
Min Fanout                         1 (n_4)
Average Fanout                     1.7
Terms to net ratio                 2.5321
Terms to instance ratio            2.8646
Runtime                            21.583487999999996 seconds
Elapsed Runtime                    23 seconds
Genus peak memory usage            2044.68 
Innovus peak memory usage          no_value 
Hostname                           cadmicro-inf-el8-623207
