============================================================
  Generated by:           Genus(TM) Synthesis Solution 23.12-s086_1
  Generated on:           Apr 07 2025  04:38:17 pm
  Module:                 signal_32bits
  Operating conditions:   tt_025C_1v80 
  Interconnect mode:      global
  Area mode:              physical library
============================================================


Path 1: MET (0 ps) Path Delay Check
     Startpoint: (F) B[8]
       Endpoint: (R) S[22]

                   Capture    Launch  
      Path Delay:+    1357         -  
      Drv Adjust:+       0         0  
         Arrival:=    1357            
                                      
   Required Time:=    1357            
       Data Path:-    1357            
           Slack:=       0            

Exceptions/Constraints:
  max_delay             1357            constraints.sdc_line_1 

#----------------------------------------------------------------------------------------------------------------------
#         Timing Point          Flags   Arc   Edge           Cell             Fanout Load Trans Delay Arrival Instance 
#                                                                                    (fF)  (ps)  (ps)   (ps)  Location 
#----------------------------------------------------------------------------------------------------------------------
  B[8]                          -       -     F     (arrival)                      1  9.9  1000     0       0    (-,-) 
  fopt2791/Y                    -       A->Y  R     sky130_fd_sc_hd__inv_4         2  6.8   146   233     233    (-,-) 
  addinc_add_7_30_g2149__1617/Y -       B->Y  F     sky130_fd_sc_hd__nand2_1       4 14.1   116   137     370    (-,-) 
  fopt2653/Y                    -       A->Y  R     sky130_fd_sc_hd__inv_2         1  3.8    42    69     439    (-,-) 
  addinc_add_7_30_g2073__1666/Y -       B->Y  F     sky130_fd_sc_hd__nor2_1        3  9.2    50    56     495    (-,-) 
  g3379/Y                       -       B->Y  R     sky130_fd_sc_hd__nand2_1       1  5.9    71    83     578    (-,-) 
  g3378/Y                       -       A->Y  F     sky130_fd_sc_hd__inv_2         1  5.6    25    38     616    (-,-) 
  g3377/Y                       -       A->Y  R     sky130_fd_sc_hd__nand3_2       1  5.9    60    52     668    (-,-) 
  g3376/Y                       -       A->Y  F     sky130_fd_sc_hd__inv_2         1  5.6    23    36     704    (-,-) 
  addinc_add_7_30_g1927__2483/Y -       A->Y  R     sky130_fd_sc_hd__nand2_2       1  5.9    51    49     753    (-,-) 
  addinc_add_7_30_g1924__2771/Y -       A->Y  F     sky130_fd_sc_hd__nand2_2       1  9.9    50    60     813    (-,-) 
  addinc_add_7_30_g1918/Y       -       A->Y  R     sky130_fd_sc_hd__inv_4         2 19.5    61    73     886    (-,-) 
  addinc_add_7_30_g2423__3223/Y -       A->Y  F     sky130_fd_sc_hd__nand2_4       9 28.8    72    79     964    (-,-) 
  addinc_add_7_30_g1895__2398/Y -       A->Y  R     sky130_fd_sc_hd__nand2_1       1  5.9    71    85    1050    (-,-) 
  addinc_add_7_30_g1873__6783/Y -       A->Y  F     sky130_fd_sc_hd__nand2_2       2  9.0    59    63    1112    (-,-) 
  fopt2357/Y                    -       A->Y  R     sky130_fd_sc_hd__clkinv_2      1 10.1    45    62    1174    (-,-) 
  addinc_add_7_30_g1840__5115/Y -       A->Y  F     sky130_fd_sc_hd__nand2_4       1  9.6    34    45    1219    (-,-) 
  addinc_add_7_30_g1804__1617/Y -       A->Y  R     sky130_fd_sc_hd__nand2_4       1 51.3   165   137    1356    (-,-) 
  S[22]                         <<<     -     R     (port)                         -    -     -     0    1357    (-,-) 
#----------------------------------------------------------------------------------------------------------------------

