============================================================
  Generated by:           Genus(TM) Synthesis Solution 23.12-s086_1
  Generated on:           Apr 07 2025  06:35:51 pm
  Module:                 carry_select_adder_66668_32bits
  Operating conditions:   tt_025C_1v80 
  Interconnect mode:      global
  Area mode:              physical library
============================================================

            Instance                         Module              Cell-Count  Cell-Area  Net-Area   Total-Area 
--------------------------------------------------------------------------------------------------------------
carry_select_adder_66668_32bits NA                                      665   4230.307  3127.552     7357.859 
  CSA_BLOCKS[1].RCA_C0          ripple_carry_adder_WIDTH6_5_235          48    295.283   165.597      460.880 
    F1A                         full_adder_26_232                         3     16.266     3.394       19.659 
    full_adder_loop[1].FA       full_adder_218                           10     58.806    33.763       92.570 
    full_adder_loop[2].FA       full_adder_217                           10     62.560    33.763       96.323 
    full_adder_loop[3].FA       full_adder_216                            9     51.299    23.756       75.055 
    full_adder_loop[4].FA       full_adder_215                            9     51.299    27.063       78.362 
    full_adder_loop[5].FA       full_adder_214                            7     55.053    18.622       73.675 
  CSA_BLOCKS[1].RCA_C1          ripple_carry_adder_WIDTH6_6_237          54    314.051   190.920      504.971 
    F1A                         full_adder_32_234                         4     20.019    10.094       30.113 
    full_adder_loop[1].FA       full_adder_213                           12     68.816    40.551      109.367 
    full_adder_loop[2].FA       full_adder_212                           11     58.806    37.157       95.964 
    full_adder_loop[3].FA       full_adder_211                            9     52.550    23.756       76.307 
    full_adder_loop[4].FA       full_adder_210                            9     57.555    27.063       84.618 
    full_adder_loop[5].FA       full_adder_209                            9     56.304    27.063       83.367 
  CSA_BLOCKS[2].RCA_C0          ripple_carry_adder_WIDTH6_5_236          48    284.022   167.251      451.273 
    F1A                         full_adder_26                             4     22.522    10.094       32.616 
    full_adder_loop[1].FA       full_adder_208                           10     58.806    33.763       92.570 
    full_adder_loop[2].FA       full_adder_207                           11     56.304    37.157       93.461 
    full_adder_loop[3].FA       full_adder_206                            9     51.299    23.756       75.055 
    full_adder_loop[4].FA       full_adder_205                            6     47.546    13.575       61.121 
    full_adder_loop[5].FA       full_adder_204                            8     47.546    23.669       71.215 
  CSA_BLOCKS[2].RCA_C1          ripple_carry_adder_WIDTH6_6_238          48    274.013   164.031      438.044 
    F1A                         full_adder_32                             4     20.019    10.094       30.113 
    full_adder_loop[1].FA       full_adder_203                           11     56.304    37.157       93.461 
    full_adder_loop[2].FA       full_adder_202                            8     47.546    20.362       67.908 
    full_adder_loop[3].FA       full_adder_201                            9     51.299    23.756       75.055 
    full_adder_loop[4].FA       full_adder_200                            7     47.546    20.362       67.908 
    full_adder_loop[5].FA       full_adder_199                            9     51.299    27.063       78.362 
  CSA_BLOCKS[3].RCA_C0          ripple_carry_adder_WIDTH6_5              47    285.274   157.243      442.517 
    F1A                         full_adder_26_231                         4     26.275    10.094       36.369 
    full_adder_loop[1].FA       full_adder_198                           10     57.555    32.110       89.665 
    full_adder_loop[2].FA       full_adder_197                            7     45.043    16.969       62.012 
    full_adder_loop[3].FA       full_adder_196                            9     55.053    23.756       78.809 
    full_adder_loop[4].FA       full_adder_195                            8     48.797    22.016       70.813 
    full_adder_loop[5].FA       full_adder_194                            9     52.550    27.063       79.613 
  CSA_BLOCKS[3].RCA_C1          ripple_carry_adder_WIDTH6_6              47    277.766   153.937      431.703 
    F1A                         full_adder_32_233                         5     27.526    13.488       41.014 
    full_adder_loop[1].FA       full_adder_193                           10     60.058    33.763       93.821 
    full_adder_loop[2].FA       full_adder_192                            9     47.546    23.756       71.302 
    full_adder_loop[3].FA       full_adder_191                            9     52.550    23.756       76.307 
    full_adder_loop[4].FA       full_adder_190                            7     45.043    16.969       62.012 
    full_adder_loop[5].FA       full_adder_189                            7     45.043    16.969       62.012 
  CSA_BLOCKS[4].RCA_C0          ripple_carry_adder_WIDTH8                49    339.075   164.031      503.106 
    F1A                         full_adder_6                              4     26.275    10.094       36.369 
    full_adder_loop[1].FA       full_adder_225                           10     51.299    33.763       85.063 
    full_adder_loop[2].FA       full_adder_224                            8     52.550    20.362       72.913 
    full_adder_loop[3].FA       full_adder_223                            6     43.792    13.575       57.367 
    full_adder_loop[4].FA       full_adder_222                            6     43.792    13.575       57.367 
    full_adder_loop[5].FA       full_adder_221                            5     40.038    13.575       53.613 
    full_adder_loop[6].FA       full_adder_220                            6     37.536    13.575       51.111 
    full_adder_loop[7].FA       full_adder_219                            4     43.792    10.181       53.973 
  CSA_BLOCKS[4].RCA_C1          ripple_carry_adder_WIDTH8_1              57    322.810   194.401      517.210 
    F1A                         full_adder_50                             5     23.773    13.488       37.261 
    full_adder_loop[1].FA       full_adder_188                           10     47.546    33.763       81.309 
    full_adder_loop[2].FA       full_adder_187                            8     47.546    20.362       67.908 
    full_adder_loop[3].FA       full_adder_186                            8     42.541    23.669       66.210 
    full_adder_loop[4].FA       full_adder_185                            6     35.034    13.575       48.609 
    full_adder_loop[5].FA       full_adder_184                            7     45.043    16.969       62.012 
    full_adder_loop[6].FA       full_adder_183                            6     40.038    13.575       53.613 
    full_adder_loop[7].FA       full_adder_182                            7     41.290    22.016       63.305 
  RCA_LSB                       ripple_carry_adder_WIDTH6                51    505.485   180.739      686.223 
    F1A                         full_adder                                8     85.082    23.669      108.751 
    full_adder_loop[1].FA       full_adder_230                           10     87.584    33.763      121.347 
    full_adder_loop[2].FA       full_adder_229                           10     92.589    33.763      126.352 
    full_adder_loop[3].FA       full_adder_228                            8     83.830    22.016      105.846 
    full_adder_loop[4].FA       full_adder_227                            8     80.077    23.669      103.746 
    full_adder_loop[5].FA       full_adder_226                            7     76.323    18.622       94.945 
