============================================================
  Generated by:           Genus(TM) Synthesis Solution 23.12-s086_1
  Generated on:           Apr 07 2025  06:35:51 pm
  Module:                 carry_select_adder_66668_32bits
  Operating conditions:   tt_025C_1v80 
  Interconnect mode:      global
  Area mode:              physical library
============================================================

Timing
-------
  Cost    Critical             Violating 
 Group   Path Slack    TNS       Paths   
-----------------------------------------
default      -259.2   -5821.0         27 
-----------------------------------------
Total                 -5821.0         27 

Instance Count
--------------
Leaf Instance Count             665 
Physical Instance count           0 
Sequential Instance Count         0 
Combinational Instance Count    665 
Hierarchical Instance Count      67 

Area
----
Cell Area                          4230.307
Physical Cell Area                 0.000
Total Cell Area (Cell+Physical)    4230.307
Net Area                           3127.552
Total Area (Cell+Physical+Net)     7357.859

Max Fanout                         9 (n_563)
Min Fanout                         1 (C0[1])
Average Fanout                     1.5
Terms to net ratio                 2.3992
Terms to instance ratio            2.6481
Runtime                            33.502375 seconds
Elapsed Runtime                    35 seconds
Genus peak memory usage            1902.40 
Innovus peak memory usage          no_value 
Hostname                           cadmicro-inf-el8-623207
