============================================================
  Generated by:           Genus(TM) Synthesis Solution 23.12-s086_1
  Generated on:           Apr 07 2025  06:35:51 pm
  Module:                 carry_select_adder_66668_32bits
  Operating conditions:   tt_025C_1v80 
  Interconnect mode:      global
  Area mode:              physical library
============================================================


Path 1: VIOLATED (-259 ps) Path Delay Check
     Startpoint: (F) A[1]
       Endpoint: (F) S[18]

                   Capture    Launch  
      Path Delay:+    1430         -  
      Drv Adjust:+       0         0  
         Arrival:=    1430            
                                      
   Required Time:=    1430            
       Data Path:-    1689            
           Slack:=    -259            

Exceptions/Constraints:
  max_delay             1430            constraints.sdc_line_1 

#-----------------------------------------------------------------------------------------------------------------------------------
#               Timing Point                 Flags   Arc   Edge           Cell             Fanout Load Trans Delay Arrival Instance 
#                                                                                                 (fF)  (ps)  (ps)   (ps)  Location 
#-----------------------------------------------------------------------------------------------------------------------------------
  A[1]                                       -       -     F     (arrival)                      1  3.3  1000     0       0    (-,-) 
  g10296/X                                   -       A->X  F     sky130_fd_sc_hd__clkbuf_1      1  6.1    64   328     328    (-,-) 
  RCA_LSB/full_adder_loop[1].FA/g30/Y        -       A->Y  R     sky130_fd_sc_hd__clkinv_2      2 11.1    49    67     395    (-,-) 
  RCA_LSB/full_adder_loop[1].FA/g27/Y        -       B->Y  F     sky130_fd_sc_hd__nand2_2       1  9.6    49    64     459    (-,-) 
  RCA_LSB/full_adder_loop[1].FA/g25/Y        -       A->Y  R     sky130_fd_sc_hd__nand2_4       1 10.1    52    61     520    (-,-) 
  RCA_LSB/full_adder_loop[1].FA/g24/Y        -       A->Y  F     sky130_fd_sc_hd__nand2_4       2 11.8    38    50     570    (-,-) 
  RCA_LSB/full_adder_loop[2].FA/g124__5477/Y -       A->Y  R     sky130_fd_sc_hd__nand2_4       1 10.1    52    56     627    (-,-) 
  RCA_LSB/full_adder_loop[2].FA/g122__7410/Y -       A->Y  F     sky130_fd_sc_hd__nand2_4       2 11.8    38    50     677    (-,-) 
  RCA_LSB/full_adder_loop[3].FA/g124__8428/Y -       A->Y  R     sky130_fd_sc_hd__nand2_4       1 10.1    52    56     734    (-,-) 
  RCA_LSB/full_adder_loop[3].FA/g122__6260/Y -       A->Y  F     sky130_fd_sc_hd__nand2_4       2 11.8    38    50     784    (-,-) 
  RCA_LSB/full_adder_loop[4].FA/g124__2802/Y -       A->Y  R     sky130_fd_sc_hd__nand2_4       1 10.1    52    56     840    (-,-) 
  RCA_LSB/full_adder_loop[4].FA/g122__3680/Y -       A->Y  F     sky130_fd_sc_hd__nand2_4       2 11.8    38    50     891    (-,-) 
  RCA_LSB/full_adder_loop[5].FA/g124__6131/Y -       A->Y  R     sky130_fd_sc_hd__nand2_4       1 10.1    52    56     947    (-,-) 
  RCA_LSB/full_adder_loop[5].FA/g122__8246/Y -       A->Y  F     sky130_fd_sc_hd__nand2_4       2 14.8    43    55    1002    (-,-) 
  fopt17776/Y                                -       A->Y  R     sky130_fd_sc_hd__inv_4         2 12.4    43    57    1059    (-,-) 
  g17775/Y                                   -       A->Y  F     sky130_fd_sc_hd__nand2_4       3 15.1    46    53    1112    (-,-) 
  g18/Y                                      -       B->Y  R     sky130_fd_sc_hd__nand2_2       2 15.3    97   101    1213    (-,-) 
  g17674/Y                                   -       A->Y  F     sky130_fd_sc_hd__nand2_2       4 20.3    93   104    1316    (-,-) 
  fopt73/Y                                   -       A->Y  R     sky130_fd_sc_hd__inv_2         2 12.9    69    94    1411    (-,-) 
  fopt17699/Y                                -       A->Y  F     sky130_fd_sc_hd__clkinv_2      2 10.5    50    69    1480    (-,-) 
  g68/Y                                      -       B->Y  R     sky130_fd_sc_hd__nand3_2       1 10.1    80    90    1570    (-,-) 
  g17521__6260/Y                             -       A->Y  F     sky130_fd_sc_hd__nand2_4       1 51.3   117   119    1689    (-,-) 
  S[18]                                      <<<     -     F     (port)                         -    -     -     0    1689    (-,-) 
#-----------------------------------------------------------------------------------------------------------------------------------

