============================================================
  Generated by:           Genus(TM) Synthesis Solution 23.12-s086_1
  Generated on:           Apr 07 2025  05:43:36 pm
  Module:                 carry_select_adder_8888_32bits
  Operating conditions:   tt_025C_1v80 
  Interconnect mode:      global
  Area mode:              physical library
============================================================


Path 1: VIOLATED (-426 ps) Path Delay Check
     Startpoint: (F) B[1]
       Endpoint: (R) Cout

                   Capture    Launch  
      Path Delay:+    1430         -  
      Drv Adjust:+       0         0  
         Arrival:=    1430            
                                      
   Required Time:=    1430            
       Data Path:-    1856            
           Slack:=    -426            

Exceptions/Constraints:
  max_delay             1430            constraints.sdc_line_1 

#-----------------------------------------------------------------------------------------------------------------------------------
#               Timing Point                 Flags   Arc   Edge           Cell             Fanout Load Trans Delay Arrival Instance 
#                                                                                                 (fF)  (ps)  (ps)   (ps)  Location 
#-----------------------------------------------------------------------------------------------------------------------------------
  B[1]                                       -       -     F     (arrival)                      1  3.3  1000     0       0    (-,-) 
  g6265/X                                    -       A->X  F     sky130_fd_sc_hd__clkbuf_1      3 11.7    91   357     357    (-,-) 
  RCA_LSB/full_adder_loop[1].FA/g83/Y        -       A->Y  R     sky130_fd_sc_hd__clkinv_2      1 10.1    51    75     432    (-,-) 
  RCA_LSB/full_adder_loop[1].FA/g81/Y        -       A->Y  F     sky130_fd_sc_hd__nand2_4       1  9.7    34    46     479    (-,-) 
  RCA_LSB/full_adder_loop[1].FA/g80/Y        -       B->Y  R     sky130_fd_sc_hd__nand2_4       1 10.1    52    65     544    (-,-) 
  RCA_LSB/full_adder_loop[1].FA/g14/Y        -       A->Y  F     sky130_fd_sc_hd__nand2_4       2 11.8    44    50     594    (-,-) 
  RCA_LSB/full_adder_loop[2].FA/g124__6161/Y -       A->Y  R     sky130_fd_sc_hd__nand2_4       1 10.1    52    59     653    (-,-) 
  RCA_LSB/full_adder_loop[2].FA/g122__7482/Y -       A->Y  F     sky130_fd_sc_hd__nand2_4       2 11.8    38    50     703    (-,-) 
  RCA_LSB/full_adder_loop[3].FA/g124__1666/Y -       A->Y  R     sky130_fd_sc_hd__nand2_4       1 10.1    52    56     760    (-,-) 
  RCA_LSB/full_adder_loop[3].FA/g122__2883/Y -       A->Y  F     sky130_fd_sc_hd__nand2_4       2 11.8    38    50     810    (-,-) 
  RCA_LSB/full_adder_loop[4].FA/g124__5107/Y -       A->Y  R     sky130_fd_sc_hd__nand2_4       1 10.1    52    56     866    (-,-) 
  RCA_LSB/full_adder_loop[4].FA/g122__5477/Y -       A->Y  F     sky130_fd_sc_hd__nand2_4       2 11.8    38    50     917    (-,-) 
  RCA_LSB/full_adder_loop[5].FA/g124__6783/Y -       A->Y  R     sky130_fd_sc_hd__nand2_4       1 10.1    52    56     973    (-,-) 
  RCA_LSB/full_adder_loop[5].FA/g122__8428/Y -       A->Y  F     sky130_fd_sc_hd__nand2_4       2 11.8    38    50    1023    (-,-) 
  RCA_LSB/full_adder_loop[6].FA/g124__5122/Y -       A->Y  R     sky130_fd_sc_hd__nand2_4       1 10.1    52    56    1080    (-,-) 
  RCA_LSB/full_adder_loop[6].FA/g122__2802/Y -       A->Y  F     sky130_fd_sc_hd__nand2_4       2 11.8    38    50    1130    (-,-) 
  RCA_LSB/full_adder_loop[7].FA/g124__7482/Y -       A->Y  R     sky130_fd_sc_hd__nand2_4       1 10.1    52    56    1187    (-,-) 
  RCA_LSB/full_adder_loop[7].FA/g122__1881/Y -       A->Y  F     sky130_fd_sc_hd__nand2_4       4 27.5    68    74    1261    (-,-) 
  g12/Y                                      -       A->Y  R     sky130_fd_sc_hd__inv_1         1  5.9    61    76    1337    (-,-) 
  g9/Y                                       -       A->Y  F     sky130_fd_sc_hd__nand2_2       2 10.5    53    64    1402    (-,-) 
  g91_0/Y                                    -       C->Y  R     sky130_fd_sc_hd__nand3_2       2 13.6    95   103    1505    (-,-) 
  g42/Y                                      -       B->Y  F     sky130_fd_sc_hd__nand2_4       4 22.3    64    82    1586    (-,-) 
  fopt3/Y                                    -       A->Y  R     sky130_fd_sc_hd__clkinv_2      2 11.1    49    66    1653    (-,-) 
  g11266__6783/Y                             -       A->Y  F     sky130_fd_sc_hd__nand2_2       1  9.6    51    58    1711    (-,-) 
  g11256__1666/Y                             -       A->Y  R     sky130_fd_sc_hd__nand2_4       1 51.3   165   144    1856    (-,-) 
  Cout                                       -       -     R     (port)                         -    -     -     0    1856    (-,-) 
#-----------------------------------------------------------------------------------------------------------------------------------

