============================================================
  Generated by:           Genus(TM) Synthesis Solution 23.12-s086_1
  Generated on:           Apr 07 2025  05:43:36 pm
  Module:                 carry_select_adder_8888_32bits
  Operating conditions:   tt_025C_1v80 
  Interconnect mode:      global
  Area mode:              physical library
============================================================

           Instance                         Module              Cell-Count  Cell-Area  Net-Area   Total-Area 
-------------------------------------------------------------------------------------------------------------
carry_select_adder_8888_32bits NA                                      562   3903.744  2735.357     6639.101 
  CSA_BLOCKS[1].RCA_C0         ripple_carry_adder_WIDTH8_5_231          61    412.896   204.582      617.478 
    F1A                        full_adder_24_228                         5     26.275    13.488       39.763 
    full_adder_loop[1].FA      full_adder_219                            9     67.565    30.370       97.934 
    full_adder_loop[2].FA      full_adder_218                           11     58.806    37.157       95.964 
    full_adder_loop[3].FA      full_adder_217                            9     52.550    23.756       76.307 
    full_adder_loop[4].FA      full_adder_216                            7     45.043    16.969       62.012 
    full_adder_loop[5].FA      full_adder_215                            7     45.043    16.969       62.012 
    full_adder_loop[6].FA      full_adder_214                            6     52.550    13.575       66.125 
    full_adder_loop[7].FA      full_adder_213                            7     65.062    16.969       82.031 
  CSA_BLOCKS[1].RCA_C1         ripple_carry_adder_WIDTH8_6_233          64    399.133   208.150      607.282 
    F1A                        full_adder_32_230                         6     37.536    16.882       54.418 
    full_adder_loop[1].FA      full_adder_212                           11     62.560    35.504       98.064 
    full_adder_loop[2].FA      full_adder_211                            9     51.299    23.756       75.055 
    full_adder_loop[3].FA      full_adder_210                            9     55.053    23.756       78.809 
    full_adder_loop[4].FA      full_adder_209                            7     45.043    16.969       62.012 
    full_adder_loop[5].FA      full_adder_208                            7     43.792    16.969       60.761 
    full_adder_loop[6].FA      full_adder_207                            7     47.546    16.969       64.514 
    full_adder_loop[7].FA      full_adder_206                            8     56.304    22.016       78.320 
  CSA_BLOCKS[2].RCA_C0         ripple_carry_adder_WIDTH8_5_232          50    332.819   164.031      496.850 
    F1A                        full_adder_24                             4     25.024    10.094       35.118 
    full_adder_loop[1].FA      full_adder_205                            9     53.802    30.370       84.171 
    full_adder_loop[2].FA      full_adder_204                            7     38.787    16.969       55.756 
    full_adder_loop[3].FA      full_adder_203                            5     41.290    10.181       51.471 
    full_adder_loop[4].FA      full_adder_202                            6     51.299    13.575       64.874 
    full_adder_loop[5].FA      full_adder_201                            5     37.536    13.575       51.111 
    full_adder_loop[6].FA      full_adder_200                            7     41.290    16.969       58.258 
    full_adder_loop[7].FA      full_adder_199                            7     43.792    16.969       60.761 
  CSA_BLOCKS[2].RCA_C1         ripple_carry_adder_WIDTH8_6_234          49    340.326   159.071      499.397 
    F1A                        full_adder_32                             4     27.526    10.094       37.621 
    full_adder_loop[1].FA      full_adder_198                            8     48.797    22.016       70.813 
    full_adder_loop[2].FA      full_adder_197                            7     43.792    16.969       60.761 
    full_adder_loop[3].FA      full_adder_196                            6     40.038    13.575       53.613 
    full_adder_loop[4].FA      full_adder_195                            6     51.299    13.575       64.874 
    full_adder_loop[5].FA      full_adder_194                            7     45.043    16.969       62.012 
    full_adder_loop[6].FA      full_adder_193                            6     43.792    16.969       60.761 
    full_adder_loop[7].FA      full_adder_192                            5     40.038    13.575       53.613 
  CSA_BLOCKS[3].RCA_C0         ripple_carry_adder_WIDTH8_5              38    317.805   126.787      444.592 
    F1A                        full_adder_24_227                         4     26.275    10.094       36.369 
    full_adder_loop[1].FA      full_adder_191                           10     51.299    33.763       85.063 
    full_adder_loop[2].FA      full_adder_190                            5     43.792    10.181       53.973 
    full_adder_loop[3].FA      full_adder_189                            6     43.792    13.575       57.367 
    full_adder_loop[4].FA      full_adder_188                            6     43.792    13.575       57.367 
    full_adder_loop[5].FA      full_adder_187                            5     41.290    13.575       54.865 
    full_adder_loop[6].FA      full_adder_186                            1     33.782     0.000       33.782 
    full_adder_loop[7].FA      full_adder_185                            1     33.782     0.000       33.782 
  CSA_BLOCKS[3].RCA_C1         ripple_carry_adder_WIDTH8_6              45    299.037   152.109      451.146 
    F1A                        full_adder_32_229                         4     20.019    10.094       30.113 
    full_adder_loop[1].FA      full_adder_184                           10     47.546    33.763       81.309 
    full_adder_loop[2].FA      full_adder_183                            7     42.541    16.969       59.510 
    full_adder_loop[3].FA      full_adder_182                            6     41.290    13.575       54.865 
    full_adder_loop[4].FA      full_adder_181                            6     40.038    13.575       53.613 
    full_adder_loop[5].FA      full_adder_180                            4     35.034    10.181       45.215 
    full_adder_loop[6].FA      full_adder_179                            1     33.782     0.000       33.782 
    full_adder_loop[7].FA      full_adder_178                            7     38.787    18.622       57.409 
  RCA_LSB                      ripple_carry_adder_WIDTH8                65    624.349   224.770      849.119 
    F1A                        full_adder                                8     70.067    22.016       92.083 
    full_adder_loop[1].FA      full_adder_226                           10     82.579    28.803      111.383 
    full_adder_loop[2].FA      full_adder_225                           10     83.830    33.763      117.594 
    full_adder_loop[3].FA      full_adder_224                            7     75.072    16.969       92.041 
    full_adder_loop[4].FA      full_adder_223                            6     72.570    13.575       86.145 
    full_adder_loop[5].FA      full_adder_222                            8     80.077    23.669      103.746 
    full_adder_loop[6].FA      full_adder_221                            9     83.830    30.370      114.200 
    full_adder_loop[7].FA      full_adder_220                            7     76.323    20.275       96.599 
