============================================================
  Generated by:           Genus(TM) Synthesis Solution 23.12-s086_1
  Generated on:           Apr 07 2025  05:43:36 pm
  Module:                 carry_select_adder_8888_32bits
  Operating conditions:   tt_025C_1v80 
  Interconnect mode:      global
  Area mode:              physical library
============================================================

Timing
-------
  Cost    Critical             Violating 
 Group   Path Slack    TNS       Paths   
-----------------------------------------
default      -426.0   -9959.7         27 
-----------------------------------------
Total                 -9959.7         27 

Instance Count
--------------
Leaf Instance Count             562 
Physical Instance count           0 
Sequential Instance Count         0 
Combinational Instance Count    562 
Hierarchical Instance Count      63 

Area
----
Cell Area                          3903.744
Physical Cell Area                 0.000
Total Cell Area (Cell+Physical)    3903.744
Net Area                           2735.357
Total Area (Cell+Physical+Net)     6639.101

Max Fanout                         10 (n_721)
Min Fanout                         1 (C0[2])
Average Fanout                     1.6
Terms to net ratio                 2.4094
Terms to instance ratio            2.7224
Runtime                            37.530233 seconds
Elapsed Runtime                    40 seconds
Genus peak memory usage            1900.80 
Innovus peak memory usage          no_value 
Hostname                           cadmicro-inf-el8-623207
