============================================================
  Generated by:           Genus(TM) Synthesis Solution 23.12-s086_1
  Generated on:           Apr 07 2025  04:07:09 pm
  Module:                 han_carlson_32bits
  Operating conditions:   tt_025C_1v80 
  Interconnect mode:      global
  Area mode:              physical library
============================================================

Timing
-------
  Cost    Critical          Violating 
 Group   Path Slack   TNS     Paths   
--------------------------------------
default        -0.4   -0.6          2 
--------------------------------------
Total                 -0.6          2 

Instance Count
--------------
Leaf Instance Count             758 
Physical Instance count           0 
Sequential Instance Count         0 
Combinational Instance Count    758 
Hierarchical Instance Count     368 

Area
----
Cell Area                          4553.117
Physical Cell Area                 0.000
Total Cell Area (Cell+Physical)    4553.117
Net Area                           3593.277
Total Area (Cell+Physical+Net)     8146.394

Max Fanout                         18 (n_79)
Min Fanout                         1 (C[0])
Average Fanout                     1.6
Terms to net ratio                 2.4714
Terms to instance ratio            2.6834
Runtime                            33.821128 seconds
Elapsed Runtime                    34 seconds
Genus peak memory usage            1903.71 
Innovus peak memory usage          no_value 
Hostname                           cadmicro-inf-el8-623207
