============================================================
  Generated by:           Genus(TM) Synthesis Solution 23.12-s086_1
  Generated on:           Apr 07 2025  06:09:52 pm
  Module:                 carry_select_adder_46814_32bits
  Operating conditions:   tt_025C_1v80 
  Interconnect mode:      global
  Area mode:              physical library
============================================================

            Instance                       Module             Cell-Count  Cell-Area  Net-Area   Total-Area 
-----------------------------------------------------------------------------------------------------------
carry_select_adder_46814_32bits NA                                   412   2786.422  2198.014     4984.437 
  CSA_BLOCKS[1].RCA_C0          ripple_carry_adder_WIDTH6             26    202.694    87.889      290.584 
    F1A                         full_adder_4                           4     20.019    10.094       30.113 
    full_adder_loop[1].FA       full_adder_227                         5     30.029    10.181       40.210 
    full_adder_loop[2].FA       full_adder_226                         7     41.290    20.275       61.565 
    full_adder_loop[3].FA       full_adder_225                         5     37.536    13.575       51.111 
    full_adder_loop[4].FA       full_adder_224                         4     40.038    10.181       50.220 
    full_adder_loop[5].FA       full_adder_223                         1     33.782     0.000       33.782 
  CSA_BLOCKS[1].RCA_C1          ripple_carry_adder_WIDTH6_1           29    201.443    94.764      296.207 
    F1A                         full_adder_46_233                      4     20.019     6.787       26.807 
    full_adder_loop[1].FA       full_adder_202                         8     40.038    20.362       60.401 
    full_adder_loop[2].FA       full_adder_201                         7     37.536    20.275       57.811 
    full_adder_loop[3].FA       full_adder_200                         5     37.536    13.575       51.111 
    full_adder_loop[4].FA       full_adder_199                         4     32.531    10.181       42.712 
    full_adder_loop[5].FA       full_adder_198                         1     33.782     0.000       33.782 
  CSA_BLOCKS[2].RCA_C0          ripple_carry_adder_WIDTH8             31    260.250    99.811      360.060 
    F1A                         full_adder_4_232                       4     20.019    10.094       30.113 
    full_adder_loop[1].FA       full_adder_222                         6     45.043    15.228       60.272 
    full_adder_loop[2].FA       full_adder_221                         5     36.285    10.181       46.466 
    full_adder_loop[3].FA       full_adder_220                         5     36.285    13.575       49.860 
    full_adder_loop[4].FA       full_adder_219                         5     33.782    10.181       43.964 
    full_adder_loop[5].FA       full_adder_218                         4     32.531    10.181       42.712 
    full_adder_loop[6].FA       full_adder_217                         1     33.782     0.000       33.782 
    full_adder_loop[7].FA       full_adder_216                         1     22.522     0.000       22.522 
  CSA_BLOCKS[2].RCA_C1          ripple_carry_adder_WIDTH8_1           32    253.994    99.898      353.891 
    F1A                         full_adder_46_234                      4     20.019     6.787       26.807 
    full_adder_loop[1].FA       full_adder_197                         5     33.782    11.835       45.617 
    full_adder_loop[2].FA       full_adder_196                         5     33.782    10.181       43.964 
    full_adder_loop[3].FA       full_adder_195                         6     35.034    13.575       48.609 
    full_adder_loop[4].FA       full_adder_194                         5     37.536    13.575       51.111 
    full_adder_loop[5].FA       full_adder_193                         5     37.536    13.575       51.111 
    full_adder_loop[6].FA       full_adder_192                         1     33.782     0.000       33.782 
    full_adder_loop[7].FA       full_adder_191                         1     22.522     0.000       22.522 
  CSA_BLOCKS[3].RCA_C0          ripple_carry_adder_WIDTH14            85    538.016   289.251      827.267 
    F1A                         full_adder_4_231                       4     22.522    10.094       32.616 
    full_adder_loop[10].FA      full_adder_206                         5     40.038    13.575       53.613 
    full_adder_loop[11].FA      full_adder_205                         5     40.038    13.575       53.613 
    full_adder_loop[12].FA      full_adder_204                         5     42.541    13.575       56.116 
    full_adder_loop[13].FA      full_adder_203                         5     37.536    13.575       51.111 
    full_adder_loop[1].FA       full_adder_215                         8     42.541    20.362       62.903 
    full_adder_loop[2].FA       full_adder_214                        10     52.550    33.763       86.314 
    full_adder_loop[3].FA       full_adder_213                         6     35.034    13.575       48.609 
    full_adder_loop[4].FA       full_adder_212                         6     35.034    13.575       48.609 
    full_adder_loop[5].FA       full_adder_211                         6     35.034    13.575       48.609 
    full_adder_loop[6].FA       full_adder_210                         6     35.034    13.575       48.609 
    full_adder_loop[7].FA       full_adder_209                         6     35.034    13.575       48.609 
    full_adder_loop[8].FA       full_adder_208                         8     45.043    23.669       68.712 
    full_adder_loop[9].FA       full_adder_207                         5     40.038    13.575       53.613 
  CSA_BLOCKS[3].RCA_C1          ripple_carry_adder_WIDTH14_1          87    536.765   297.605      834.370 
    F1A                         full_adder_46                          4     22.522    10.094       32.616 
    full_adder_loop[10].FA      full_adder_181                         5     37.536    13.575       51.111 
    full_adder_loop[11].FA      full_adder_180                         5     37.536    13.575       51.111 
    full_adder_loop[12].FA      full_adder_179                         5     40.038    13.575       53.613 
    full_adder_loop[13].FA      full_adder_178                         5     37.536    13.575       51.111 
    full_adder_loop[1].FA       full_adder_190                        10     50.048    33.763       83.811 
    full_adder_loop[2].FA       full_adder_189                         6     40.038    13.575       53.613 
    full_adder_loop[3].FA       full_adder_188                         6     35.034    13.575       48.609 
    full_adder_loop[4].FA       full_adder_187                         7     43.792    18.622       62.414 
    full_adder_loop[5].FA       full_adder_186                         8     45.043    23.669       68.712 
    full_adder_loop[6].FA       full_adder_185                         6     35.034    13.575       48.609 
    full_adder_loop[7].FA       full_adder_184                         6     35.034    13.575       48.609 
    full_adder_loop[8].FA       full_adder_183                         6     35.034    13.575       48.609 
    full_adder_loop[9].FA       full_adder_182                         8     42.541    23.669       66.210 
  RCA_LSB                       ripple_carry_adder_WIDTH4             19    145.139    72.487      217.626 
    F1A                         full_adder                             8     46.294    28.629       74.924 
    full_adder_loop[1].FA       full_adder_230                         4     32.531    10.181       42.712 
    full_adder_loop[2].FA       full_adder_229                         1     22.522     0.000       22.522 
    full_adder_loop[3].FA       full_adder_228                         6     43.792    20.188       63.980 
