============================================================
  Generated by:           Genus(TM) Synthesis Solution 23.12-s086_1
  Generated on:           Apr 07 2025  05:15:30 pm
  Module:                 carry_skip4_32bits
  Operating conditions:   tt_025C_1v80 
  Interconnect mode:      global
  Area mode:              physical library
============================================================

Timing
-------
  Cost    Critical         Violating 
 Group   Path Slack  TNS     Paths   
-------------------------------------
default         3.1   0.0          0 
-------------------------------------
Total                 0.0          0 

Instance Count
--------------
Leaf Instance Count             282 
Physical Instance count           0 
Sequential Instance Count         0 
Combinational Instance Count    282 
Hierarchical Instance Count      40 

Area
----
Cell Area                          1893.066
Physical Cell Area                 0.000
Total Cell Area (Cell+Physical)    1893.066
Net Area                           1562.601
Total Area (Cell+Physical+Net)     3455.667

Max Fanout                         4 (n_0)
Min Fanout                         1 (Cout)
Average Fanout                     1.6
Terms to net ratio                 2.2975
Terms to instance ratio            2.9574
Runtime                            13.668747 seconds
Elapsed Runtime                    16 seconds
Genus peak memory usage            1890.64 
Innovus peak memory usage          no_value 
Hostname                           cadmicro-inf-el8-623207
