============================================================
  Generated by:           Genus(TM) Synthesis Solution 23.12-s086_1
  Generated on:           Apr 07 2025  05:15:29 pm
  Module:                 carry_skip4_32bits
  Operating conditions:   tt_025C_1v80 
  Interconnect mode:      global
  Area mode:              physical library
============================================================


Path 1: MET (3 ps) Path Delay Check
     Startpoint: (F) A[0]
       Endpoint: (F) Cout

                   Capture    Launch  
      Path Delay:+    6250         -  
      Drv Adjust:+       0         0  
         Arrival:=    6250            
                                      
   Required Time:=    6250            
       Data Path:-    6247            
           Slack:=       3            

Exceptions/Constraints:
  max_delay             6250            constraints.sdc_line_1 

#----------------------------------------------------------------------------------------------------------------------------
#            Timing Point             Flags   Arc   Edge           Cell             Fanout Load Trans Delay Arrival Instance 
#                                                                                          (fF)  (ps)  (ps)   (ps)  Location 
#----------------------------------------------------------------------------------------------------------------------------
  A[0]                                -       -     F     (arrival)                      1  3.3  1000     0       0    (-,-) 
  g59/X                               -       A->X  F     sky130_fd_sc_hd__buf_1         4 18.0   120   386     386    (-,-) 
  CSKIP1/FA1/g98__4319/Y              -       A->Y  R     sky130_fd_sc_hd__nor2_2        1  6.0    98   146     532    (-,-) 
  CSKIP1/FA1/g95__2398/Y              -       A2->Y F     sky130_fd_sc_hd__o21ai_2       2  9.1    54    75     608    (-,-) 
  CSKIP1/FA2/g62__6783/Y              -       A->Y  R     sky130_fd_sc_hd__nand2_2       1  5.9    54    62     670    (-,-) 
  CSKIP1/FA2/g60__5526/Y              -       A->Y  F     sky130_fd_sc_hd__nand2_2       2  8.4    46    56     726    (-,-) 
  CSKIP1/FA3/g59__7098/Y              -       A->Y  R     sky130_fd_sc_hd__nand2_1       1  5.9    72    74     800    (-,-) 
  CSKIP1/FA3/g57__5122/Y              -       A->Y  F     sky130_fd_sc_hd__nand2_2       2  8.4    48    61     861    (-,-) 
  CSKIP1/FA4/g62__6161/Y              -       A->Y  R     sky130_fd_sc_hd__nand2_1       1  3.7    53    60     922    (-,-) 
  CSKIP1/FA4/g60__7482/Y              -       A->Y  F     sky130_fd_sc_hd__nand2_1       1  5.6    50    61     983    (-,-) 
  CSKIP1/g74/Y                        -       A->Y  R     sky130_fd_sc_hd__inv_2         1  5.9    36    53    1036    (-,-) 
  CSKIP1/g120__2346/Y                 -       A->Y  F     sky130_fd_sc_hd__nand2_2       3 11.3    58    59    1094    (-,-) 
  skip_loop[1].CSKIP2/FA1/g59__8428/Y -       A->Y  R     sky130_fd_sc_hd__nand2_1       1  5.9    71    79    1173    (-,-) 
  skip_loop[1].CSKIP2/FA1/g57__6260/Y -       A->Y  F     sky130_fd_sc_hd__nand2_2       2  8.4    48    61    1234    (-,-) 
  skip_loop[1].CSKIP2/FA2/g59__1705/Y -       A->Y  R     sky130_fd_sc_hd__nand2_1       1  5.9    72    74    1309    (-,-) 
  skip_loop[1].CSKIP2/FA2/g57__1617/Y -       A->Y  F     sky130_fd_sc_hd__nand2_2       2  8.4    48    61    1370    (-,-) 
  skip_loop[1].CSKIP2/FA3/g59__5115/Y -       A->Y  R     sky130_fd_sc_hd__nand2_1       1  3.7    53    60    1431    (-,-) 
  skip_loop[1].CSKIP2/FA3/g57__6131/Y -       A->Y  F     sky130_fd_sc_hd__nand2_1       2  8.4    69    76    1506    (-,-) 
  skip_loop[1].CSKIP2/FA4/g59__2883/Y -       A->Y  R     sky130_fd_sc_hd__nand2_1       1  3.8    54    70    1577    (-,-) 
  skip_loop[1].CSKIP2/FA4/g57__9315/Y -       B->Y  F     sky130_fd_sc_hd__nand2b_1      1  3.5    48    57    1633    (-,-) 
  skip_loop[1].CSKIP2/g74/Y           -       A->Y  R     sky130_fd_sc_hd__inv_1         1  5.9    59    68    1701    (-,-) 
  skip_loop[1].CSKIP2/g113__7410/Y    -       A->Y  F     sky130_fd_sc_hd__nand2_2       3 11.3    58    66    1767    (-,-) 
  skip_loop[2].CSKIP2/FA1/g59__6783/Y -       A->Y  R     sky130_fd_sc_hd__nand2_1       1  6.1    74    80    1847    (-,-) 
  skip_loop[2].CSKIP2/FA1/g57__8428/Y -       B->Y  F     sky130_fd_sc_hd__nand2b_2      2  8.4    61    72    1920    (-,-) 
  skip_loop[2].CSKIP2/FA2/g59__5122/Y -       A->Y  R     sky130_fd_sc_hd__nand2_1       1  6.1    74    82    2001    (-,-) 
  skip_loop[2].CSKIP2/FA2/g57__2802/Y -       B->Y  F     sky130_fd_sc_hd__nand2b_2      2  8.4    61    72    2073    (-,-) 
  skip_loop[2].CSKIP2/FA3/g59__5115/Y -       A->Y  R     sky130_fd_sc_hd__nand2_1       1  5.9    72    80    2154    (-,-) 
  skip_loop[2].CSKIP2/FA3/g57__6131/Y -       A->Y  F     sky130_fd_sc_hd__nand2_2       2  8.1    47    60    2214    (-,-) 
  skip_loop[2].CSKIP2/FA4/g59__2883/Y -       B1->Y R     sky130_fd_sc_hd__o21ai_1       1  3.8   119    78    2292    (-,-) 
  skip_loop[2].CSKIP2/FA4/g57__9315/Y -       B->Y  F     sky130_fd_sc_hd__nand2b_1      1  5.6    61    85    2377    (-,-) 
  skip_loop[2].CSKIP2/g120/Y          -       A->Y  R     sky130_fd_sc_hd__inv_2         1  5.9    38    57    2434    (-,-) 
  skip_loop[2].CSKIP2/g113__1666/Y    -       A->Y  F     sky130_fd_sc_hd__nand2_2       3 11.3    58    59    2494    (-,-) 
  skip_loop[3].CSKIP2/FA1/g59__5526/Y -       A->Y  R     sky130_fd_sc_hd__nand2_1       1  3.8    54    66    2559    (-,-) 
  skip_loop[3].CSKIP2/FA1/g57__4319/Y -       B->Y  F     sky130_fd_sc_hd__nand2b_1      2  7.0    70    76    2635    (-,-) 
  skip_loop[3].CSKIP2/FA2/g59__2802/Y -       A->Y  R     sky130_fd_sc_hd__nand2_1       1  6.1    75    85    2720    (-,-) 
  skip_loop[3].CSKIP2/FA2/g57__1617/Y -       B->Y  F     sky130_fd_sc_hd__nand2b_2      2  8.4    61    73    2793    (-,-) 
  skip_loop[3].CSKIP2/FA3/g59__1881/Y -       A->Y  R     sky130_fd_sc_hd__nand2_1       1  6.1    75    82    2874    (-,-) 
  skip_loop[3].CSKIP2/FA3/g57__7098/Y -       B->Y  F     sky130_fd_sc_hd__nand2b_2      2  8.1    60    72    2946    (-,-) 
  skip_loop[3].CSKIP2/FA4/g59__9315/Y -       B1->Y R     sky130_fd_sc_hd__o21ai_1       1  3.8   119    84    3030    (-,-) 
  skip_loop[3].CSKIP2/FA4/g57__4733/Y -       B->Y  F     sky130_fd_sc_hd__nand2b_1      1  5.6    61    85    3115    (-,-) 
  skip_loop[3].CSKIP2/g120/Y          -       A->Y  R     sky130_fd_sc_hd__inv_2         1  5.9    38    57    3172    (-,-) 
  skip_loop[3].CSKIP2/g113__2883/Y    -       A->Y  F     sky130_fd_sc_hd__nand2_2       3 11.3    58    59    3232    (-,-) 
  skip_loop[4].CSKIP2/FA1/g59__4319/Y -       A->Y  R     sky130_fd_sc_hd__nand2_1       1  3.8    56    66    3297    (-,-) 
  skip_loop[4].CSKIP2/FA1/g57__5107/Y -       B->Y  F     sky130_fd_sc_hd__nand2b_1      2  7.0    70    76    3374    (-,-) 
  skip_loop[4].CSKIP2/FA2/g59__3680/Y -       A->Y  R     sky130_fd_sc_hd__nand2_1       1  6.1    75    85    3459    (-,-) 
  skip_loop[4].CSKIP2/FA2/g57__6783/Y -       B->Y  F     sky130_fd_sc_hd__nand2b_2      2  8.4    61    73    3532    (-,-) 
  skip_loop[4].CSKIP2/FA3/g59__7098/Y -       A->Y  R     sky130_fd_sc_hd__nand2_1       1  6.1    75    82    3613    (-,-) 
  skip_loop[4].CSKIP2/FA3/g57__5122/Y -       B->Y  F     sky130_fd_sc_hd__nand2b_2      2 10.3    68    79    3692    (-,-) 
  skip_loop[4].CSKIP2/FA4/g59__4733/Y -       B1->Y R     sky130_fd_sc_hd__o21ai_2       1  3.8    96    62    3754    (-,-) 
  skip_loop[4].CSKIP2/FA4/g57__5115/Y -       B->Y  F     sky130_fd_sc_hd__nand2b_1      1  5.6    61    79    3833    (-,-) 
  skip_loop[4].CSKIP2/g130/Y          -       A->Y  R     sky130_fd_sc_hd__inv_2         1  5.9    38    57    3890    (-,-) 
  skip_loop[4].CSKIP2/g123__9315/Y    -       A->Y  F     sky130_fd_sc_hd__nand2_2       3 11.3    59    59    3949    (-,-) 
  skip_loop[5].CSKIP2/FA1/g59__5107/Y -       A->Y  R     sky130_fd_sc_hd__nand2_1       1  3.8    56    66    4015    (-,-) 
  skip_loop[5].CSKIP2/FA1/g57__5477/Y -       B->Y  F     sky130_fd_sc_hd__nand2b_1      2  8.4    79    84    4099    (-,-) 
  skip_loop[5].CSKIP2/FA2/g59__6783/Y -       A->Y  R     sky130_fd_sc_hd__nand2_1       1  3.8    54    75    4174    (-,-) 
  skip_loop[5].CSKIP2/FA2/g57__8428/Y -       B->Y  F     sky130_fd_sc_hd__nand2b_1      2  7.0    70    76    4249    (-,-) 
  skip_loop[5].CSKIP2/FA3/g59__1705/Y -       A->Y  R     sky130_fd_sc_hd__nand2_1       1  3.8    56    71    4320    (-,-) 
  skip_loop[5].CSKIP2/FA3/g57__2802/Y -       B->Y  F     sky130_fd_sc_hd__nand2b_1      2  6.2    65    72    4392    (-,-) 
  skip_loop[5].CSKIP2/FA4/g59__1881/Y -       A->Y  R     sky130_fd_sc_hd__nand2_1       1  3.8    56    68    4460    (-,-) 
  skip_loop[5].CSKIP2/FA4/g57__6131/Y -       B->Y  F     sky130_fd_sc_hd__nand2b_1      1  5.6    61    69    4529    (-,-) 
  skip_loop[5].CSKIP2/g79/Y           -       A->Y  R     sky130_fd_sc_hd__inv_2         1  5.9    38    57    4586    (-,-) 
  skip_loop[5].CSKIP2/g123__6161/Y    -       A->Y  F     sky130_fd_sc_hd__nand2_2       3 13.3    66    65    4651    (-,-) 
  skip_loop[6].CSKIP2/FA1/g59__2398/Y -       A->Y  R     sky130_fd_sc_hd__nand2_2       1  5.9    52    67    4718    (-,-) 
  skip_loop[6].CSKIP2/FA1/g57__6417/Y -       A->Y  F     sky130_fd_sc_hd__nand2_2       2  9.6    50    59    4777    (-,-) 
  skip_loop[6].CSKIP2/FA2/g59__6783/Y -       A->Y  R     sky130_fd_sc_hd__nand2_2       1  3.7    44    53    4830    (-,-) 
  skip_loop[6].CSKIP2/FA2/g57__8428/Y -       A->Y  F     sky130_fd_sc_hd__nand2_1       2  7.6    63    69    4899    (-,-) 
  skip_loop[6].CSKIP2/FA3/g59__5122/Y -       A->Y  R     sky130_fd_sc_hd__nand2_1       1  3.7    53    67    4966    (-,-) 
  skip_loop[6].CSKIP2/FA3/g57__2802/Y -       A->Y  F     sky130_fd_sc_hd__nand2_1       2  9.5    76    82    5048    (-,-) 
  skip_loop[6].CSKIP2/FA4/g2/X        -       A->X  F     sky130_fd_sc_hd__maj3_2        1  4.2    58   317    5364    (-,-) 
  skip_loop[6].CSKIP2/g79/Y           -       A->Y  R     sky130_fd_sc_hd__clkinv_1      1  5.9    43    59    5423    (-,-) 
  skip_loop[6].CSKIP2/g123__6161/Y    -       A->Y  F     sky130_fd_sc_hd__nand2_2       3 12.1    59    63    5487    (-,-) 
  skip_loop[7].CSKIP2/FA1/g59__5477/Y -       A->Y  R     sky130_fd_sc_hd__nand2_1       1  3.7    52    65    5552    (-,-) 
  skip_loop[7].CSKIP2/FA1/g57__6417/Y -       A->Y  F     sky130_fd_sc_hd__nand2_1       2  6.5    56    66    5618    (-,-) 
  skip_loop[7].CSKIP2/FA2/g59__5526/Y -       A->Y  R     sky130_fd_sc_hd__nand2_1       1  3.7    55    64    5682    (-,-) 
  skip_loop[7].CSKIP2/FA2/g57__4319/Y -       A->Y  F     sky130_fd_sc_hd__nand2_1       2  7.6    78    73    5754    (-,-) 
  skip_loop[7].CSKIP2/FA3/g59__5122/Y -       A->Y  R     sky130_fd_sc_hd__nand2_1       1  3.7    53    73    5828    (-,-) 
  skip_loop[7].CSKIP2/FA3/g57__2802/Y -       A->Y  F     sky130_fd_sc_hd__nand2_1       3 13.1   100   100    5927    (-,-) 
  skip_loop[7].CSKIP2/FA4/g59__7482/Y -       A->Y  R     sky130_fd_sc_hd__nand2_1       1  3.7    54    83    6011    (-,-) 
  skip_loop[7].CSKIP2/FA4/g57__1881/Y -       A->Y  F     sky130_fd_sc_hd__nand2_1       1  4.2    41    54    6065    (-,-) 
  skip_loop[7].CSKIP2/g79/Y           -       A->Y  R     sky130_fd_sc_hd__clkinv_1      1 10.1    63    68    6133    (-,-) 
  skip_loop[7].CSKIP2/g123__9945/Y    -       A->Y  F     sky130_fd_sc_hd__nand2_4       1 51.3   117   113    6246    (-,-) 
  Cout                                -       -     F     (port)                         -    -     -     0    6247    (-,-) 
#----------------------------------------------------------------------------------------------------------------------------

