============================================================
  Generated by:           Genus(TM) Synthesis Solution 23.12-s086_1
  Generated on:           Apr 07 2025  06:50:36 pm
  Module:                 carry_select_adder_66668_32bits
  Operating conditions:   tt_025C_1v80 
  Interconnect mode:      global
  Area mode:              physical library
============================================================

            Instance                         Module              Cell-Count  Cell-Area  Net-Area   Total-Area 
--------------------------------------------------------------------------------------------------------------
carry_select_adder_66668_32bits NA                                      434   2979.107  2270.240     5249.347 
  CSA_BLOCKS[1].RCA_C0          ripple_carry_adder_WIDTH6_5_235          47    241.482   158.897      400.378 
    F1A                         full_adder_26_232                         4     22.522     8.441       30.962 
    full_adder_loop[1].FA       full_adder_218                           11     51.299    37.157       88.456 
    full_adder_loop[2].FA       full_adder_217                           11     51.299    37.157       88.456 
    full_adder_loop[3].FA       full_adder_216                            7     38.787    16.969       55.756 
    full_adder_loop[4].FA       full_adder_215                            7     38.787    16.969       55.756 
    full_adder_loop[5].FA       full_adder_214                            7     38.787    16.969       55.756 
  CSA_BLOCKS[1].RCA_C1          ripple_carry_adder_WIDTH6_6_237          47    246.486   160.550      407.037 
    F1A                         full_adder_32_234                         4     20.019    10.094       30.113 
    full_adder_loop[1].FA       full_adder_213                           11     53.802    37.157       90.959 
    full_adder_loop[2].FA       full_adder_212                           11     56.304    37.157       93.461 
    full_adder_loop[3].FA       full_adder_211                            7     38.787    16.969       55.756 
    full_adder_loop[4].FA       full_adder_210                            7     38.787    16.969       55.756 
    full_adder_loop[5].FA       full_adder_209                            7     38.787    16.969       55.756 
  CSA_BLOCKS[2].RCA_C0          ripple_carry_adder_WIDTH6_5_236          32    205.197   103.205      308.401 
    F1A                         full_adder_26                             4     22.522    10.094       32.616 
    full_adder_loop[1].FA       full_adder_208                            8     40.038    20.362       60.401 
    full_adder_loop[2].FA       full_adder_207                            6     35.034    13.575       48.609 
    full_adder_loop[3].FA       full_adder_206                            6     37.536    13.575       51.111 
    full_adder_loop[4].FA       full_adder_205                            4     35.034    10.181       45.215 
    full_adder_loop[5].FA       full_adder_204                            4     35.034    10.181       45.215 
  CSA_BLOCKS[2].RCA_C1          ripple_carry_adder_WIDTH6_6_238          34    200.192   106.598      306.790 
    F1A                         full_adder_32                             4     20.019    10.094       30.113 
    full_adder_loop[1].FA       full_adder_203                            8     40.038    20.362       60.401 
    full_adder_loop[2].FA       full_adder_202                            6     35.034    13.575       48.609 
    full_adder_loop[3].FA       full_adder_201                            6     35.034    13.575       48.609 
    full_adder_loop[4].FA       full_adder_200                            6     35.034    13.575       48.609 
    full_adder_loop[5].FA       full_adder_199                            4     35.034    10.181       45.215 
  CSA_BLOCKS[3].RCA_C0          ripple_carry_adder_WIDTH6_5              20    196.438    62.567      259.005 
    F1A                         full_adder_26_231                         4     20.019    10.094       30.113 
    full_adder_loop[1].FA       full_adder_198                            5     36.285    10.181       46.466 
    full_adder_loop[2].FA       full_adder_197                            5     37.536    10.181       47.717 
    full_adder_loop[3].FA       full_adder_196                            4     35.034    10.181       45.215 
    full_adder_loop[4].FA       full_adder_195                            1     33.782     0.000       33.782 
    full_adder_loop[5].FA       full_adder_194                            1     33.782     0.000       33.782 
  CSA_BLOCKS[3].RCA_C1          ripple_carry_adder_WIDTH6_6              23    196.438    76.055      272.493 
    F1A                         full_adder_32_233                         4     20.019    10.094       30.113 
    full_adder_loop[1].FA       full_adder_193                            5     30.029    10.181       40.210 
    full_adder_loop[2].FA       full_adder_192                            7     41.290    20.275       61.565 
    full_adder_loop[3].FA       full_adder_191                            5     37.536    13.575       51.111 
    full_adder_loop[4].FA       full_adder_190                            1     33.782     0.000       33.782 
    full_adder_loop[5].FA       full_adder_189                            1     33.782     0.000       33.782 
  CSA_BLOCKS[4].RCA_C0          ripple_carry_adder_WIDTH8                34    269.008   109.992      379.000 
    F1A                         full_adder_6                              4     20.019    10.094       30.113 
    full_adder_loop[1].FA       full_adder_225                            8     40.038    20.362       60.401 
    full_adder_loop[2].FA       full_adder_224                            6     35.034    13.575       48.609 
    full_adder_loop[3].FA       full_adder_223                            6     35.034    13.575       48.609 
    full_adder_loop[4].FA       full_adder_222                            4     35.034    10.181       45.215 
    full_adder_loop[5].FA       full_adder_221                            4     36.285    10.181       46.466 
    full_adder_loop[6].FA       full_adder_220                            1     33.782     0.000       33.782 
    full_adder_loop[7].FA       full_adder_219                            1     33.782     0.000       33.782 
  CSA_BLOCKS[4].RCA_C1          ripple_carry_adder_WIDTH8_1              33    264.003   103.205      367.208 
    F1A                         full_adder_50                             4     20.019    10.094       30.113 
    full_adder_loop[1].FA       full_adder_188                            6     37.536    15.228       52.764 
    full_adder_loop[2].FA       full_adder_187                            5     33.782    10.181       43.964 
    full_adder_loop[3].FA       full_adder_186                            6     35.034    13.575       48.609 
    full_adder_loop[4].FA       full_adder_185                            6     35.034    13.575       48.609 
    full_adder_loop[5].FA       full_adder_184                            4     35.034    10.181       45.215 
    full_adder_loop[6].FA       full_adder_183                            1     33.782     0.000       33.782 
    full_adder_loop[7].FA       full_adder_182                            1     33.782     0.000       33.782 
  RCA_LSB                       ripple_carry_adder_WIDTH6                45    374.109   148.803      522.911 
    F1A                         full_adder                                7     45.043    18.622       63.665 
    full_adder_loop[1].FA       full_adder_230                           11     75.072    37.157      112.229 
    full_adder_loop[2].FA       full_adder_229                            9     71.318    27.063       98.381 
    full_adder_loop[3].FA       full_adder_228                            7     62.560    16.969       79.529 
    full_adder_loop[4].FA       full_adder_227                            5     52.550    10.181       62.732 
    full_adder_loop[5].FA       full_adder_226                            6     67.565    13.575       81.140 
