============================================================
  Generated by:           Genus(TM) Synthesis Solution 23.12-s086_1
  Generated on:           Apr 07 2025  06:50:36 pm
  Module:                 carry_select_adder_66668_32bits
  Operating conditions:   tt_025C_1v80 
  Interconnect mode:      global
  Area mode:              physical library
============================================================

Timing
-------
  Cost    Critical         Violating 
 Group   Path Slack  TNS     Paths   
-------------------------------------
default         0.2   0.0          0 
-------------------------------------
Total                 0.0          0 

Instance Count
--------------
Leaf Instance Count             434 
Physical Instance count           0 
Sequential Instance Count         0 
Combinational Instance Count    434 
Hierarchical Instance Count      67 

Area
----
Cell Area                          2979.107
Physical Cell Area                 0.000
Total Cell Area (Cell+Physical)    2979.107
Net Area                           2270.240
Total Area (Cell+Physical+Net)     5249.347

Max Fanout                         11 (n_250)
Min Fanout                         1 (C0[2])
Average Fanout                     1.6
Terms to net ratio                 2.4291
Terms to instance ratio            2.8825
Runtime                            16.537263 seconds
Elapsed Runtime                    18 seconds
Genus peak memory usage            1894.63 
Innovus peak memory usage          no_value 
Hostname                           cadmicro-inf-el8-623207
