============================================================
  Generated by:           Genus(TM) Synthesis Solution 23.12-s086_1
  Generated on:           Apr 07 2025  06:50:36 pm
  Module:                 carry_select_adder_66668_32bits
  Operating conditions:   tt_025C_1v80 
  Interconnect mode:      global
  Area mode:              physical library
============================================================


Path 1: MET (0 ps) Path Delay Check
     Startpoint: (F) B[0]
       Endpoint: (F) S[31]

                   Capture    Launch  
      Path Delay:+    1959         -  
      Drv Adjust:+       0         0  
         Arrival:=    1959            
                                      
   Required Time:=    1959            
       Data Path:-    1959            
           Slack:=       0            

Exceptions/Constraints:
  max_delay             1959            constraints.sdc_line_1 

#-----------------------------------------------------------------------------------------------------------------------------------
#               Timing Point                 Flags   Arc   Edge           Cell             Fanout Load Trans Delay Arrival Instance 
#                                                                                                 (fF)  (ps)  (ps)   (ps)  Location 
#-----------------------------------------------------------------------------------------------------------------------------------
  B[0]                                       -       -     F     (arrival)                      1  3.3  1000     0       0    (-,-) 
  g2787/X                                    -       A->X  F     sky130_fd_sc_hd__clkbuf_1      3 10.5    85   352     352    (-,-) 
  RCA_LSB/F1A/g66/Y                          -       A->Y  R     sky130_fd_sc_hd__nor2_2        1  6.0    97   132     484    (-,-) 
  RCA_LSB/F1A/g64/Y                          -       A2->Y F     sky130_fd_sc_hd__o21ai_2       2 11.8    63    83     566    (-,-) 
  RCA_LSB/full_adder_loop[1].FA/g118__1705/Y -       A->Y  R     sky130_fd_sc_hd__nand2_4       1 10.1    57    67     634    (-,-) 
  RCA_LSB/full_adder_loop[1].FA/g116__1617/Y -       A->Y  F     sky130_fd_sc_hd__nand2_4       2 12.2    39    52     686    (-,-) 
  RCA_LSB/full_adder_loop[2].FA/g119__5115/Y -       A->Y  R     sky130_fd_sc_hd__nand2_4       1 10.1    54    57     743    (-,-) 
  RCA_LSB/full_adder_loop[2].FA/g117__6131/Y -       A->Y  F     sky130_fd_sc_hd__nand2_4       2 11.8    38    51     794    (-,-) 
  RCA_LSB/full_adder_loop[3].FA/g96__2883/Y  -       A->Y  R     sky130_fd_sc_hd__nand2_4       1 10.1    55    57     850    (-,-) 
  RCA_LSB/full_adder_loop[3].FA/g94__9315/Y  -       A->Y  F     sky130_fd_sc_hd__nand2_4       2 14.7    43    56     906    (-,-) 
  RCA_LSB/full_adder_loop[4].FA/g119__5477/Y -       A->Y  R     sky130_fd_sc_hd__nand2_4       1 10.1    57    59     965    (-,-) 
  RCA_LSB/full_adder_loop[4].FA/g117__6417/Y -       A->Y  F     sky130_fd_sc_hd__nand2_4       2 11.8    44    52    1016    (-,-) 
  RCA_LSB/full_adder_loop[5].FA/g83__8428/Y  -       A->Y  R     sky130_fd_sc_hd__nand2_4       1 10.1    52    59    1075    (-,-) 
  RCA_LSB/full_adder_loop[5].FA/g81__4319/Y  -       A->Y  F     sky130_fd_sc_hd__nand2_4       5 17.1    48    59    1134    (-,-) 
  g123/Y                                     -       A->Y  R     sky130_fd_sc_hd__inv_2         1  5.9    36    52    1186    (-,-) 
  g131/Y                                     -       B->Y  F     sky130_fd_sc_hd__nand2_2       2 10.5    51    62    1248    (-,-) 
  g129/Y                                     -       A->Y  R     sky130_fd_sc_hd__nand2_2       1  5.9    52    61    1309    (-,-) 
  g127/Y                                     -       A->Y  F     sky130_fd_sc_hd__nand2_2       1  9.6    49    59    1368    (-,-) 
  g126/Y                                     -       A->Y  R     sky130_fd_sc_hd__nand2_4       3 16.3    71    74    1443    (-,-) 
  g5821/Y                                    -       A->Y  F     sky130_fd_sc_hd__nand2_2       1 17.6    80    88    1530    (-,-) 
  g5818/Y                                    -       B->Y  R     sky130_fd_sc_hd__nand2_8      10 52.1   110   128    1659    (-,-) 
  g5770/Y                                    -       A->Y  F     sky130_fd_sc_hd__clkinv_8      9 44.8    64    87    1746    (-,-) 
  g5769__6783/Y                              -       A->Y  R     sky130_fd_sc_hd__nand2_2       1 18.7   114   112    1858    (-,-) 
  g5745__1705/Y                              -       A->Y  F     sky130_fd_sc_hd__nand2_8       1 51.3    86   100    1958    (-,-) 
  S[31]                                      <<<     -     F     (port)                         -    -     -     0    1959    (-,-) 
#-----------------------------------------------------------------------------------------------------------------------------------

