============================================================
  Generated by:           Genus(TM) Synthesis Solution 23.12-s086_1
  Generated on:           Apr 07 2025  05:00:13 pm
  Module:                 carry_increment_32bits
  Operating conditions:   tt_025C_1v80 
  Interconnect mode:      global
  Area mode:              physical library
============================================================

         Instance                      Module              Cell-Count  Cell-Area  Net-Area   Total-Area 
--------------------------------------------------------------------------------------------------------
carry_increment_32bits    NA                                      226   1875.549  1375.945     3251.494 
  RCA1                    ripple_carry_adder_WIDTH4                24    158.902    84.495      243.398 
    F1A                   full_adder                                8     46.294    28.629       74.924 
    full_adder_loop[1].FA full_adder_91                             6     37.536    13.575       51.111 
    full_adder_loop[2].FA full_adder_90                             5     37.536    13.575       51.111 
    full_adder_loop[3].FA full_adder_89                             5     37.536    13.575       51.111 
  RCAS[1].RCA2            ripple_carry_adder_WIDTH4_7_98           19    161.405    62.393      223.797 
    F1A                   full_adder_24_93                          4     16.266    10.094       26.360 
    full_adder_loop[1].FA full_adder_88                             7     43.792    20.275       64.067 
    full_adder_loop[2].FA full_adder_87                             5     41.290    10.181       51.471 
    full_adder_loop[3].FA full_adder_86                             3     60.058     5.047       65.105 
  RCAS[2].RCA2            ripple_carry_adder_WIDTH4_7_99           15    115.110    52.211      167.322 
    F1A                   full_adder_24_94                          4     16.266    10.094       26.360 
    full_adder_loop[1].FA full_adder_85                             7     37.536    23.582       61.118 
    full_adder_loop[2].FA full_adder_84                             1     33.782     0.000       33.782 
    full_adder_loop[3].FA full_adder_83                             3     27.526     3.394       30.920 
  RCAS[3].RCA2            ripple_carry_adder_WIDTH4_7_100           7    107.603    20.275      127.879 
    F1A                   full_adder_24_95                          4     20.019    10.094       30.113 
    full_adder_loop[1].FA full_adder_82                             1     33.782     0.000       33.782 
    full_adder_loop[2].FA full_adder_81                             1     33.782     0.000       33.782 
    full_adder_loop[3].FA full_adder_80                             1     20.019     0.000       20.019 
  RCAS[4].RCA2            ripple_carry_adder_WIDTH4_7_101          17    146.390    54.126      200.516 
    F1A                   full_adder_24_96                          4     20.019    10.094       30.113 
    full_adder_loop[1].FA full_adder_79                             5     48.797    13.575       62.372 
    full_adder_loop[2].FA full_adder_78                             7     43.792    18.622       62.414 
    full_adder_loop[3].FA full_adder_77                             1     33.782     0.000       33.782 
  RCAS[5].RCA2            ripple_carry_adder_WIDTH4_7_102          21    131.376    72.574      203.950 
    F1A                   full_adder_24_97                          4     16.266    10.094       26.360 
    full_adder_loop[1].FA full_adder_76                             5     33.782    10.181       43.964 
    full_adder_loop[2].FA full_adder_75                             7     41.290    20.275       61.565 
    full_adder_loop[3].FA full_adder_74                             5     40.038    13.575       53.613 
  RCAS[6].RCA2            ripple_carry_adder_WIDTH4_7_103          14    112.608    50.558      163.166 
    F1A                   full_adder_24                             5     21.270    13.488       34.758 
    full_adder_loop[1].FA full_adder_73                             7     37.536    23.582       61.118 
    full_adder_loop[2].FA full_adder_72                             1     33.782     0.000       33.782 
    full_adder_loop[3].FA full_adder_71                             1     20.019     0.000       20.019 
  RCAS[7].RCA2            ripple_carry_adder_WIDTH4_7               4     72.570    10.181       82.751 
    F1A                   full_adder_24_92                          1     12.512     0.000       12.512 
    full_adder_loop[1].FA full_adder_70                             1     20.019     0.000       20.019 
    full_adder_loop[2].FA full_adder_69                             1     20.019     0.000       20.019 
    full_adder_loop[3].FA full_adder_68                             1     20.019     0.000       20.019 
