============================================================
  Generated by:           Genus(TM) Synthesis Solution 23.12-s086_1
  Generated on:           Apr 07 2025  05:00:13 pm
  Module:                 carry_increment_32bits
  Operating conditions:   tt_025C_1v80 
  Interconnect mode:      global
  Area mode:              physical library
============================================================

Timing
-------
  Cost    Critical         Violating 
 Group   Path Slack  TNS     Paths   
-------------------------------------
default         1.5   0.0          0 
-------------------------------------
Total                 0.0          0 

Instance Count
--------------
Leaf Instance Count             226 
Physical Instance count           0 
Sequential Instance Count         0 
Combinational Instance Count    226 
Hierarchical Instance Count      40 

Area
----
Cell Area                          1875.549
Physical Cell Area                 0.000
Total Cell Area (Cell+Physical)    1875.549
Net Area                           1375.945
Total Area (Cell+Physical+Net)     3251.494

Max Fanout                         5 (n_62)
Min Fanout                         1 (C2[0])
Average Fanout                     1.5
Terms to net ratio                 2.1988
Terms to instance ratio            3.1814
Runtime                            14.547424 seconds
Elapsed Runtime                    16 seconds
Genus peak memory usage            1963.29 
Innovus peak memory usage          no_value 
Hostname                           cadmicro-inf-el8-623207
