============================================================
  Generated by:           Genus(TM) Synthesis Solution 23.12-s086_1
  Generated on:           Apr 07 2025  05:00:13 pm
  Module:                 carry_increment_32bits
  Operating conditions:   tt_025C_1v80 
  Interconnect mode:      global
  Area mode:              physical library
============================================================


Path 1: MET (2 ps) Path Delay Check
     Startpoint: (F) B[17]
       Endpoint: (F) S[30]

                   Capture    Launch  
      Path Delay:+    2750         -  
      Drv Adjust:+       0         0  
         Arrival:=    2750            
                                      
   Required Time:=    2750            
       Data Path:-    2748            
           Slack:=       2            

Exceptions/Constraints:
  max_delay             2750            constraints.sdc_line_1 

#------------------------------------------------------------------------------------------------------------------------------------------
#                 Timing Point                   Flags     Arc    Edge           Cell             Fanout Load Trans Delay Arrival Instance 
#                                                                                                        (fF)  (ps)  (ps)   (ps)  Location 
#------------------------------------------------------------------------------------------------------------------------------------------
  B[17]                                          -       -        F     (arrival)                      1  5.6  1000     0       0    (-,-) 
  RCAS[4].RCA2/full_adder_loop[1].FA/g75/Y       -       A->Y     R     sky130_fd_sc_hd__inv_2         1  8.0   181   261     261    (-,-) 
  RCAS[4].RCA2/full_adder_loop[1].FA/g77/COUT    -       B->COUT  R     sky130_fd_sc_hd__fahcin_1      1  3.7   140   247     509    (-,-) 
  RCAS[4].RCA2/full_adder_loop[1].FA/g3/Y        -       A->Y     F     sky130_fd_sc_hd__inv_1         2  8.4    60    86     594    (-,-) 
  RCAS[4].RCA2/full_adder_loop[2].FA/g59__2883/Y -       A->Y     R     sky130_fd_sc_hd__nand2_1       1  3.8    55    66     660    (-,-) 
  RCAS[4].RCA2/full_adder_loop[2].FA/g57__9315/Y -       B->Y     F     sky130_fd_sc_hd__nand2b_1      1  3.6    48    58     718    (-,-) 
  RCAS[4].RCA2/full_adder_loop[3].FA/g2/COUT     -       CI->COUT F     sky130_fd_sc_hd__fah_1         4 12.8   100   296    1014    (-,-) 
  g5437/Y                                        -       A->Y     R     sky130_fd_sc_hd__clkinv_1      1  5.9    51    76    1089    (-,-) 
  g5420__6161/Y                                  -       A1->Y    F     sky130_fd_sc_hd__o21bai_2      2  6.9    63    77    1166    (-,-) 
  g5403__4319/COUT                               -       B->COUT  F     sky130_fd_sc_hd__ha_1          1  4.1    49   188    1355    (-,-) 
  g5394__2883/COUT                               -       B->COUT  F     sky130_fd_sc_hd__ha_1          1  4.6    51   185    1539    (-,-) 
  g5390__4733/COUT                               -       B->COUT  F     sky130_fd_sc_hd__ha_2          2  8.4    47   182    1721    (-,-) 
  g5384__8246/X                                  -       A1->X    F     sky130_fd_sc_hd__a21o_1        1  4.1    40   158    1879    (-,-) 
  g5381__1705/COUT                               -       B->COUT  F     sky130_fd_sc_hd__ha_1          1  4.1    49   178    2057    (-,-) 
  g5376__6783/COUT                               -       B->COUT  F     sky130_fd_sc_hd__ha_1          1  5.5    55   190    2247    (-,-) 
  g5368__2398/X                                  -       B->X     F     sky130_fd_sc_hd__xor2_1        1  3.4    55   142    2389    (-,-) 
  g5356__4733/X                                  -       A0->X    F     sky130_fd_sc_hd__mux2_4        1 51.3   115   359    2748    (-,-) 
  S[30]                                          <<<     -        F     (port)                         -    -     -     0    2748    (-,-) 
#------------------------------------------------------------------------------------------------------------------------------------------

