============================================================
  Generated by:           Genus(TM) Synthesis Solution 23.12-s086_1
  Generated on:           Apr 07 2025  04:42:01 pm
  Module:                 carry_bypass8_32bits
  Operating conditions:   tt_025C_1v80 
  Interconnect mode:      global
  Area mode:              physical library
============================================================


Path 1: MET (0 ps) Path Delay Check
     Startpoint: (F) A[0]
       Endpoint: (R) S[25]

                   Capture    Launch  
      Path Delay:+    4500         -  
      Drv Adjust:+       0         0  
         Arrival:=    4500            
                                      
   Required Time:=    4500            
       Data Path:-    4500            
           Slack:=       0            

Exceptions/Constraints:
  max_delay             4500            constraints.sdc_line_1 

#-------------------------------------------------------------------------------------------------------------------------------
#            Timing Point              Flags     Arc    Edge           Cell            Fanout Load Trans Delay Arrival Instance 
#                                                                                             (fF)  (ps)  (ps)   (ps)  Location 
#-------------------------------------------------------------------------------------------------------------------------------
  A[0]                                 -       -        F     (arrival)                     1  8.0  1000     0       0    (-,-) 
  g21/X                                -       A->X     F     sky130_fd_sc_hd__buf_8        4 19.2    55   424     424    (-,-) 
  BPS1/FA1/g194__6260/Y                -       A->Y     R     sky130_fd_sc_hd__nor2_4       1  6.0    72   104     528    (-,-) 
  BPS1/FA1/g191__2398/Y                -       A2->Y    F     sky130_fd_sc_hd__o21ai_2      2 11.8    62    77     605    (-,-) 
  BPS1/FA2/g124__3680/Y                -       A->Y     R     sky130_fd_sc_hd__nand2_4      1 10.1    55    67     672    (-,-) 
  BPS1/FA2/g122__5526/Y                -       A->Y     F     sky130_fd_sc_hd__nand2_4      2 11.8    38    51     723    (-,-) 
  BPS1/FA3/g124__7098/Y                -       A->Y     R     sky130_fd_sc_hd__nand2_4      1 10.1    52    57     779    (-,-) 
  BPS1/FA3/g122__5122/Y                -       A->Y     F     sky130_fd_sc_hd__nand2_4      2 11.8    38    50     830    (-,-) 
  BPS1/FA4/g124__6161/Y                -       A->Y     R     sky130_fd_sc_hd__nand2_4      1 10.1    52    57     886    (-,-) 
  BPS1/FA4/g122__7482/Y                -       A->Y     F     sky130_fd_sc_hd__nand2_4      2 11.8    38    50     937    (-,-) 
  BPS1/FA5/g124__7410/Y                -       A->Y     R     sky130_fd_sc_hd__nand2_4      1 10.1    52    57     993    (-,-) 
  BPS1/FA5/g122__2346/Y                -       A->Y     F     sky130_fd_sc_hd__nand2_4      2 11.8    38    50    1044    (-,-) 
  BPS1/FA6/g124__4319/Y                -       A->Y     R     sky130_fd_sc_hd__nand2_4      1 10.1    52    56    1100    (-,-) 
  BPS1/FA6/g122__5107/Y                -       A->Y     F     sky130_fd_sc_hd__nand2_4      2 11.8    38    50    1150    (-,-) 
  BPS1/FA7/g124__2802/Y                -       A->Y     R     sky130_fd_sc_hd__nand2_4      1 10.1    52    56    1207    (-,-) 
  BPS1/FA7/g122__3680/Y                -       A->Y     F     sky130_fd_sc_hd__nand2_4      2 11.8    38    50    1257    (-,-) 
  BPS1/FA8/g124__1881/Y                -       A->Y     R     sky130_fd_sc_hd__nand2_4      1 10.1    52    57    1314    (-,-) 
  BPS1/FA8/g122__7098/Y                -       A->Y     F     sky130_fd_sc_hd__nand2_4      1  9.6    34    47    1361    (-,-) 
  BPS1/g367__6161/Y                    -       A->Y     R     sky130_fd_sc_hd__nand2_4      1 10.1    53    55    1416    (-,-) 
  BPS1/g2__5107/Y                      -       A->Y     F     sky130_fd_sc_hd__nand2_4      3 13.8    43    54    1469    (-,-) 
  bypass_loop[1].BPS2/FA1/g124__3680/Y -       A->Y     R     sky130_fd_sc_hd__nand2_4      1 10.1    52    59    1528    (-,-) 
  bypass_loop[1].BPS2/FA1/g122__5526/Y -       A->Y     F     sky130_fd_sc_hd__nand2_4      2 11.8    38    50    1578    (-,-) 
  bypass_loop[1].BPS2/FA2/g124__7098/Y -       A->Y     R     sky130_fd_sc_hd__nand2_4      1  5.9    41    48    1626    (-,-) 
  bypass_loop[1].BPS2/FA2/g122__5122/Y -       A->Y     F     sky130_fd_sc_hd__nand2_2      2  7.8    42    50    1676    (-,-) 
  bypass_loop[1].BPS2/FA3/g124__6161/Y -       A->Y     R     sky130_fd_sc_hd__nand2_2      1  5.9    51    57    1734    (-,-) 
  bypass_loop[1].BPS2/FA3/g122__7482/Y -       A->Y     F     sky130_fd_sc_hd__nand2_2      2  7.8    42    54    1788    (-,-) 
  bypass_loop[1].BPS2/FA4/g124__7410/Y -       A->Y     R     sky130_fd_sc_hd__nand2_2      1  5.9    51    57    1845    (-,-) 
  bypass_loop[1].BPS2/FA4/g122__2346/Y -       A->Y     F     sky130_fd_sc_hd__nand2_2      2  7.8    42    54    1899    (-,-) 
  bypass_loop[1].BPS2/FA5/g124__4319/Y -       A->Y     R     sky130_fd_sc_hd__nand2_2      1  5.9    51    57    1956    (-,-) 
  bypass_loop[1].BPS2/FA5/g122__5107/Y -       A->Y     F     sky130_fd_sc_hd__nand2_2      2  7.8    42    54    2010    (-,-) 
  bypass_loop[1].BPS2/FA6/g124__2802/Y -       A->Y     R     sky130_fd_sc_hd__nand2_2      1  5.9    51    57    2067    (-,-) 
  bypass_loop[1].BPS2/FA6/g122__3680/Y -       A->Y     F     sky130_fd_sc_hd__nand2_2      2  7.8    42    54    2121    (-,-) 
  bypass_loop[1].BPS2/FA7/g124__1881/Y -       A->Y     R     sky130_fd_sc_hd__nand2_2      1  5.9    51    57    2178    (-,-) 
  bypass_loop[1].BPS2/FA7/g122__7098/Y -       A->Y     F     sky130_fd_sc_hd__nand2_2      2  7.8    42    54    2232    (-,-) 
  bypass_loop[1].BPS2/FA8/g124__9945/Y -       A->Y     R     sky130_fd_sc_hd__nand2_2      1  5.9    51    57    2289    (-,-) 
  bypass_loop[1].BPS2/FA8/g122__6161/Y -       A->Y     F     sky130_fd_sc_hd__nand2_2      1  5.6    35    48    2337    (-,-) 
  bypass_loop[1].BPS2/g393__407/Y      -       A->Y     R     sky130_fd_sc_hd__nand2_2      1  5.9    62    54    2391    (-,-) 
  bypass_loop[1].BPS2/g1/Y             -       A->Y     F     sky130_fd_sc_hd__nand2_2      3  9.8    51    62    2453    (-,-) 
  bypass_loop[2].BPS2/FA1/g124__7098/Y -       A->Y     R     sky130_fd_sc_hd__nand2_2      1  5.9    51    61    2514    (-,-) 
  bypass_loop[2].BPS2/FA1/g122__5122/Y -       A->Y     F     sky130_fd_sc_hd__nand2_2      2  7.8    42    54    2568    (-,-) 
  bypass_loop[2].BPS2/FA2/g124__6161/Y -       A->Y     R     sky130_fd_sc_hd__nand2_2      1  5.9    51    57    2625    (-,-) 
  bypass_loop[2].BPS2/FA2/g122__7482/Y -       A->Y     F     sky130_fd_sc_hd__nand2_2      2  7.8    42    54    2679    (-,-) 
  bypass_loop[2].BPS2/FA3/g124__7410/Y -       A->Y     R     sky130_fd_sc_hd__nand2_2      1  5.9    51    57    2736    (-,-) 
  bypass_loop[2].BPS2/FA3/g122__2346/Y -       A->Y     F     sky130_fd_sc_hd__nand2_2      2  7.8    42    54    2790    (-,-) 
  bypass_loop[2].BPS2/FA4/g124__6260/Y -       A->Y     R     sky130_fd_sc_hd__nand2_2      1  5.9    51    57    2848    (-,-) 
  bypass_loop[2].BPS2/FA4/g122__5107/Y -       A->Y     F     sky130_fd_sc_hd__nand2_2      2  7.8    42    54    2901    (-,-) 
  bypass_loop[2].BPS2/FA5/g124__3680/Y -       A->Y     R     sky130_fd_sc_hd__nand2_2      1  5.9    51    57    2959    (-,-) 
  bypass_loop[2].BPS2/FA5/g122__6783/Y -       A->Y     F     sky130_fd_sc_hd__nand2_2      2  7.8    42    54    3012    (-,-) 
  bypass_loop[2].BPS2/FA6/g124__8246/Y -       A->Y     R     sky130_fd_sc_hd__nand2_2      1  5.9    51    57    3070    (-,-) 
  bypass_loop[2].BPS2/FA6/g122__5122/Y -       A->Y     F     sky130_fd_sc_hd__nand2_2      2  7.8    42    54    3124    (-,-) 
  bypass_loop[2].BPS2/FA7/g124__7482/Y -       A->Y     R     sky130_fd_sc_hd__nand2_2      1  5.9    51    57    3181    (-,-) 
  bypass_loop[2].BPS2/FA7/g122__5115/Y -       A->Y     F     sky130_fd_sc_hd__nand2_2      2  7.8    42    54    3235    (-,-) 
  bypass_loop[2].BPS2/FA8/g124__2346/Y -       A->Y     R     sky130_fd_sc_hd__nand2_2      1  5.9    51    57    3292    (-,-) 
  bypass_loop[2].BPS2/FA8/g122__9945/Y -       A->Y     F     sky130_fd_sc_hd__nand2_2      1  9.6    49    59    3351    (-,-) 
  bypass_loop[2].BPS2/g393__407/Y      -       A->Y     R     sky130_fd_sc_hd__nand2_4      1 10.1    66    61    3412    (-,-) 
  bypass_loop[2].BPS2/g1/Y             -       A->Y     F     sky130_fd_sc_hd__nand2_4      3 14.0    44    58    3470    (-,-) 
  bypass_loop[3].BPS2/FA1/g124__1881/Y -       A->Y     R     sky130_fd_sc_hd__nand2_4      1 10.1    52    59    3529    (-,-) 
  bypass_loop[3].BPS2/FA1/g122__7098/Y -       A->Y     F     sky130_fd_sc_hd__nand2_4      2 11.8    38    50    3579    (-,-) 
  bypass_loop[3].BPS2/FA2/g129/X       -       A->X     F     sky130_fd_sc_hd__buf_2        1  5.8    31   120    3699    (-,-) 
  bypass_loop[3].BPS2/FA2/g131/SUM     -       CIN->SUM R     sky130_fd_sc_hd__fa_1         1 51.3   505   800    4500    (-,-) 
  S[25]                                <<<     -        R     (port)                        -    -     -     0    4500    (-,-) 
#-------------------------------------------------------------------------------------------------------------------------------

