============================================================
  Generated by:           Genus(TM) Synthesis Solution 23.12-s086_1
  Generated on:           Apr 07 2025  04:42:02 pm
  Module:                 carry_bypass8_32bits
  Operating conditions:   tt_025C_1v80 
  Interconnect mode:      global
  Area mode:              physical library
============================================================

       Instance           Module     Cell-Count  Cell-Area  Net-Area   Total-Area 
----------------------------------------------------------------------------------
carry_bypass8_32bits  NA                    349   2761.398  1803.470     4564.868 
  BPS1                bypass8                73    656.880   240.347      897.227 
    FA1               full_adder              6     48.797    15.228       64.025 
    FA2               full_adder_96          11     75.072    37.157      112.229 
    FA3               full_adder_95           7     65.062    16.969       82.031 
    FA4               full_adder_94           7     65.062    16.969       82.031 
    FA5               full_adder_93           7     65.062    16.969       82.031 
    FA6               full_adder_92           7     65.062    16.969       82.031 
    FA7               full_adder_91           7     65.062    16.969       82.031 
    FA8               full_adder_90           7     65.062    16.969       82.031 
  bypass_loop[1].BPS2 bypass8_7              70    533.011   220.245      753.256 
    FA1               full_adder_89           7     65.062    16.969       82.031 
    FA2               full_adder_88           7     55.053    16.969       72.022 
    FA3               full_adder_87           7     50.048    16.969       67.017 
    FA4               full_adder_86           7     50.048    16.969       67.017 
    FA5               full_adder_85           7     50.048    16.969       67.017 
    FA6               full_adder_84           7     50.048    16.969       67.017 
    FA7               full_adder_83           7     50.048    16.969       67.017 
    FA8               full_adder_82           7     50.048    16.969       67.017 
  bypass_loop[2].BPS2 bypass8_6              65    545.523   203.277      748.800 
    FA1               full_adder_81           7     50.048    16.969       67.017 
    FA2               full_adder_80           7     50.048    16.969       67.017 
    FA3               full_adder_79           7     50.048    16.969       67.017 
    FA4               full_adder_78           6     52.550    13.575       66.125 
    FA5               full_adder_77           6     52.550    13.575       66.125 
    FA6               full_adder_76           6     52.550    13.575       66.125 
    FA7               full_adder_75           6     52.550    13.575       66.125 
    FA8               full_adder_74           6     52.550    13.575       66.125 
  bypass_loop[3].BPS2 bypass8_5              71    741.962   236.866      978.827 
    FA1               full_adder_73           6     67.565    13.575       81.140 
    FA2               full_adder_72           6     67.565    13.575       81.140 
    FA3               full_adder_71           6     71.318    13.575       84.893 
    FA4               full_adder_70           6     71.318    13.575       84.893 
    FA5               full_adder_69           7     80.077    20.275      100.352 
    FA6               full_adder_68           7     76.323    20.275       96.599 
    FA7               full_adder_67           9     78.826    27.063      105.889 
    FA8               full_adder_66           9     85.082    25.410      110.491 
