============================================================
  Generated by:           Genus(TM) Synthesis Solution 23.12-s086_1
  Generated on:           Apr 07 2025  01:55:15 pm
  Module:                 cla_16bits
  Operating conditions:   tt_025C_1v80 
  Interconnect mode:      global
  Area mode:              physical library
============================================================

Timing
-------
  Cost    Critical           Violating 
 Group   Path Slack   TNS      Paths   
---------------------------------------
default        -5.2   -16.2          4 
---------------------------------------
Total                 -16.2          4 

Instance Count
--------------
Leaf Instance Count             343 
Physical Instance count           0 
Sequential Instance Count         0 
Combinational Instance Count    343 
Hierarchical Instance Count      72 

Area
----
Cell Area                          2262.170
Physical Cell Area                 0.000
Total Cell Area (Cell+Physical)    2262.170
Net Area                           1646.400
Total Area (Cell+Physical+Net)     3908.570

Max Fanout                         9 (n_49)
Min Fanout                         1 (C[0])
Average Fanout                     1.6
Terms to net ratio                 2.4761
Terms to instance ratio            2.7143
Runtime                            23.876217 seconds
Elapsed Runtime                    24 seconds
Genus peak memory usage            1899.52 
Innovus peak memory usage          no_value 
Hostname                           cadmicro-inf-el8-623207
