============================================================
  Generated by:           Genus(TM) Synthesis Solution 23.12-s086_1
  Generated on:           Apr 07 2025  07:08:57 pm
  Module:                 carry_select_adder_461012_32bits
  Operating conditions:   tt_025C_1v80 
  Interconnect mode:      global
  Area mode:              physical library
============================================================

Timing
-------
  Cost    Critical         Violating 
 Group   Path Slack  TNS     Paths   
-------------------------------------
default         0.0   0.0          0 
-------------------------------------
Total                 0.0          0 

Instance Count
--------------
Leaf Instance Count             536 
Physical Instance count           0 
Sequential Instance Count         0 
Combinational Instance Count    536 
Hierarchical Instance Count      67 

Area
----
Cell Area                          3283.149
Physical Cell Area                 0.000
Total Cell Area (Cell+Physical)    3283.149
Net Area                           2688.192
Total Area (Cell+Physical+Net)     5971.341

Max Fanout                         26 (n_19)
Min Fanout                         1 (C0[1])
Average Fanout                     1.6
Terms to net ratio                 2.4686
Terms to instance ratio            2.7910
Runtime                            16.513991 seconds
Elapsed Runtime                    18 seconds
Genus peak memory usage            1893.18 
Innovus peak memory usage          no_value 
Hostname                           cadmicro-inf-el8-623207
