============================================================
  Generated by:           Genus(TM) Synthesis Solution 23.12-s086_1
  Generated on:           Apr 07 2025  07:08:57 pm
  Module:                 carry_select_adder_461012_32bits
  Operating conditions:   tt_025C_1v80 
  Interconnect mode:      global
  Area mode:              physical library
============================================================

            Instance                        Module             Cell-Count  Cell-Area  Net-Area   Total-Area 
------------------------------------------------------------------------------------------------------------
carry_select_adder_461012_32bits NA                                   536   3283.149  2688.192     5971.341 
  CSA_BLOCKS[1].RCA_C0           ripple_carry_adder_WIDTH6             36    226.467   123.393      349.860 
    F1A                          full_adder_4                           4     22.522    10.094       32.616 
    full_adder_loop[1].FA        full_adder_227                        10     51.299    33.763       85.063 
    full_adder_loop[2].FA        full_adder_226                         6     40.038    13.575       53.613 
    full_adder_loop[3].FA        full_adder_225                         6     35.034    13.575       48.609 
    full_adder_loop[4].FA        full_adder_224                         5     40.038    13.575       53.613 
    full_adder_loop[5].FA        full_adder_223                         5     37.536    13.575       51.111 
  CSA_BLOCKS[1].RCA_C1           ripple_carry_adder_WIDTH6_1           33    207.699   103.205      310.904 
    F1A                          full_adder_48_233                      4     20.019    10.094       30.113 
    full_adder_loop[1].FA        full_adder_202                         6     37.536    15.228       52.764 
    full_adder_loop[2].FA        full_adder_201                         6     37.536    13.575       51.111 
    full_adder_loop[3].FA        full_adder_200                         6     37.536    13.575       51.111 
    full_adder_loop[4].FA        full_adder_199                         6     37.536    13.575       51.111 
    full_adder_loop[5].FA        full_adder_198                         5     37.536    13.575       51.111 
  CSA_BLOCKS[2].RCA_C0           ripple_carry_adder_WIDTH10            73    436.669   238.519      675.188 
    F1A                          full_adder_4_232                       4     22.522    10.094       32.616 
    full_adder_loop[1].FA        full_adder_222                        11     56.304    37.157       93.461 
    full_adder_loop[2].FA        full_adder_221                         9     51.299    27.063       78.362 
    full_adder_loop[3].FA        full_adder_220                         7     43.792    16.969       60.761 
    full_adder_loop[4].FA        full_adder_219                         7     43.792    16.969       60.761 
    full_adder_loop[5].FA        full_adder_218                         7     43.792    16.969       60.761 
    full_adder_loop[6].FA        full_adder_217                         7     43.792    16.969       60.761 
    full_adder_loop[7].FA        full_adder_216                         7     43.792    16.969       60.761 
    full_adder_loop[8].FA        full_adder_215                         7     43.792    16.969       60.761 
    full_adder_loop[9].FA        full_adder_214                         7     43.792    16.969       60.761 
  CSA_BLOCKS[2].RCA_C1           ripple_carry_adder_WIDTH10_1          75    451.683   248.613      700.297 
    F1A                          full_adder_48_234                      4     23.773    10.094       33.867 
    full_adder_loop[1].FA        full_adder_197                        11     61.309    37.157       98.466 
    full_adder_loop[2].FA        full_adder_196                        11     57.555    37.157       94.712 
    full_adder_loop[3].FA        full_adder_195                         7     43.792    16.969       60.761 
    full_adder_loop[4].FA        full_adder_194                         7     45.043    16.969       62.012 
    full_adder_loop[5].FA        full_adder_193                         7     43.792    16.969       60.761 
    full_adder_loop[6].FA        full_adder_192                         7     43.792    16.969       60.761 
    full_adder_loop[7].FA        full_adder_191                         7     45.043    16.969       62.012 
    full_adder_loop[8].FA        full_adder_190                         7     43.792    16.969       60.761 
    full_adder_loop[9].FA        full_adder_189                         7     43.792    16.969       60.761 
  CSA_BLOCKS[3].RCA_C0           ripple_carry_adder_WIDTH12            92    529.258   309.440      838.697 
    F1A                          full_adder_4_231                       4     22.522    10.094       32.616 
    full_adder_loop[10].FA       full_adder_204                         6     37.536    15.228       52.764 
    full_adder_loop[11].FA       full_adder_203                         6     41.290    15.228       56.518 
    full_adder_loop[1].FA        full_adder_213                        11     56.304    37.157       93.461 
    full_adder_loop[2].FA        full_adder_212                         9     46.294    23.756       70.051 
    full_adder_loop[3].FA        full_adder_211                        10     53.802    27.150       80.952 
    full_adder_loop[4].FA        full_adder_210                         7     41.290    16.969       58.258 
    full_adder_loop[5].FA        full_adder_209                         7     41.290    16.969       58.258 
    full_adder_loop[6].FA        full_adder_208                         9     52.550    27.063       79.613 
    full_adder_loop[7].FA        full_adder_207                         7     41.290    16.969       58.258 
    full_adder_loop[8].FA        full_adder_206                         7     43.792    16.969       60.761 
    full_adder_loop[9].FA        full_adder_205                         9     51.299    27.063       78.362 
  CSA_BLOCKS[3].RCA_C1           ripple_carry_adder_WIDTH12_1          83    502.982   267.323      770.305 
    F1A                          full_adder_48                          4     23.773    10.094       33.867 
    full_adder_loop[10].FA       full_adder_179                         6     40.038    13.575       53.613 
    full_adder_loop[11].FA       full_adder_178                         6     42.541    13.575       56.116 
    full_adder_loop[1].FA        full_adder_188                        10     47.546    33.763       81.309 
    full_adder_loop[2].FA        full_adder_187                         7     45.043    16.969       62.012 
    full_adder_loop[3].FA        full_adder_186                         7     38.787    16.969       55.756 
    full_adder_loop[4].FA        full_adder_185                         7     41.290    16.969       58.258 
    full_adder_loop[5].FA        full_adder_184                         7     43.792    16.969       60.761 
    full_adder_loop[6].FA        full_adder_183                         7     43.792    16.969       60.761 
    full_adder_loop[7].FA        full_adder_182                         7     43.792    16.969       60.761 
    full_adder_loop[8].FA        full_adder_181                         8     48.797    22.016       70.813 
    full_adder_loop[9].FA        full_adder_180                         7     43.792    16.969       60.761 
  RCA_LSB                        ripple_carry_adder_WIDTH4             20    140.134    64.307      204.441 
    F1A                          full_adder                             6     33.782    15.228       49.011 
    full_adder_loop[1].FA        full_adder_230                         6     35.034    13.575       48.609 
    full_adder_loop[2].FA        full_adder_229                         4     35.034    10.181       45.215 
    full_adder_loop[3].FA        full_adder_228                         4     36.285    10.181       46.466 
