============================================================
  Generated by:           Genus(TM) Synthesis Solution 23.12-s086_1
  Generated on:           Apr 07 2025  07:17:00 pm
  Module:                 carry_select_adder_461012_32bits
  Operating conditions:   tt_025C_1v80 
  Interconnect mode:      global
  Area mode:              physical library
============================================================

            Instance                        Module             Cell-Count  Cell-Area  Net-Area   Total-Area 
------------------------------------------------------------------------------------------------------------
carry_select_adder_461012_32bits NA                                   567   3951.290  2798.359     6749.648 
  CSA_BLOCKS[1].RCA_C0           ripple_carry_adder_WIDTH6             35    202.694   113.299      315.993 
    F1A                          full_adder_4                           1     12.512     0.000       12.512 
    full_adder_loop[1].FA        full_adder_227                        10     47.546    33.763       81.309 
    full_adder_loop[2].FA        full_adder_226                         6     37.536    13.575       51.111 
    full_adder_loop[3].FA        full_adder_225                         6     35.034    13.575       48.609 
    full_adder_loop[4].FA        full_adder_224                         6     35.034    13.575       48.609 
    full_adder_loop[5].FA        full_adder_223                         6     35.034    13.575       48.609 
  CSA_BLOCKS[1].RCA_C1           ripple_carry_adder_WIDTH6_1           39    213.955   130.093      344.049 
    F1A                          full_adder_48_233                      4     20.019    10.094       30.113 
    full_adder_loop[1].FA        full_adder_202                        10     47.546    33.763       81.309 
    full_adder_loop[2].FA        full_adder_201                         7     41.290    20.275       61.565 
    full_adder_loop[3].FA        full_adder_200                         6     35.034    13.575       48.609 
    full_adder_loop[4].FA        full_adder_199                         6     35.034    13.575       48.609 
    full_adder_loop[5].FA        full_adder_198                         6     35.034    13.575       48.609 
  CSA_BLOCKS[2].RCA_C0           ripple_carry_adder_WIDTH10            77    580.557   262.014      842.571 
    F1A                          full_adder_4_232                       4     22.522    10.094       32.616 
    full_adder_loop[1].FA        full_adder_222                        10     60.058    33.763       93.821 
    full_adder_loop[2].FA        full_adder_221                        11     57.555    37.157       94.712 
    full_adder_loop[3].FA        full_adder_220                         7     47.546    16.969       64.514 
    full_adder_loop[4].FA        full_adder_219                         7     60.058    16.969       77.026 
    full_adder_loop[5].FA        full_adder_218                         7     60.058    16.969       77.026 
    full_adder_loop[6].FA        full_adder_217                         8     63.811    22.016       85.827 
    full_adder_loop[7].FA        full_adder_216                         9     67.565    27.063       94.628 
    full_adder_loop[8].FA        full_adder_215                         8     71.318    22.016       93.334 
    full_adder_loop[9].FA        full_adder_214                         6     70.067    13.575       83.642 
  CSA_BLOCKS[2].RCA_C1           ripple_carry_adder_WIDTH10_1          79    663.136   277.156      940.292 
    F1A                          full_adder_48_234                      4     22.522    10.094       32.616 
    full_adder_loop[1].FA        full_adder_197                         9     81.328    30.370      111.698 
    full_adder_loop[2].FA        full_adder_196                        11     77.574    37.157      114.732 
    full_adder_loop[3].FA        full_adder_195                        11     77.574    37.157      114.732 
    full_adder_loop[4].FA        full_adder_194                         7     61.309    20.362       81.671 
    full_adder_loop[5].FA        full_adder_193                         7     65.062    16.969       82.031 
    full_adder_loop[6].FA        full_adder_192                         8     68.816    22.016       90.832 
    full_adder_loop[7].FA        full_adder_191                         7     65.062    16.969       82.031 
    full_adder_loop[8].FA        full_adder_190                         8     68.816    22.016       90.832 
    full_adder_loop[9].FA        full_adder_189                         7     75.072    18.622       93.694 
  CSA_BLOCKS[3].RCA_C0           ripple_carry_adder_WIDTH12            89    620.595   299.259      919.854 
    F1A                          full_adder_4_231                       4     22.522    10.094       32.616 
    full_adder_loop[10].FA       full_adder_204                         5     51.299    10.181       61.480 
    full_adder_loop[11].FA       full_adder_203                         6     41.290    15.228       56.518 
    full_adder_loop[1].FA        full_adder_213                        10     52.550    33.763       86.314 
    full_adder_loop[2].FA        full_adder_212                        11     56.304    37.157       93.461 
    full_adder_loop[3].FA        full_adder_211                         9     52.550    23.756       76.307 
    full_adder_loop[4].FA        full_adder_210                         7     55.053    16.969       72.022 
    full_adder_loop[5].FA        full_adder_209                         7     55.053    16.969       72.022 
    full_adder_loop[6].FA        full_adder_208                         7     55.053    16.969       72.022 
    full_adder_loop[7].FA        full_adder_207                         8     61.309    22.016       83.325 
    full_adder_loop[8].FA        full_adder_206                         8     61.309    22.016       83.325 
    full_adder_loop[9].FA        full_adder_205                         7     56.304    16.969       73.273 
  CSA_BLOCKS[3].RCA_C1           ripple_carry_adder_WIDTH12_1          88    623.098   295.952      919.049 
    F1A                          full_adder_48                          4     30.029    10.094       40.123 
    full_adder_loop[10].FA       full_adder_179                         5     56.304    10.181       66.485 
    full_adder_loop[11].FA       full_adder_178                         8     46.294    22.016       68.310 
    full_adder_loop[1].FA        full_adder_188                        10     70.067    33.763      103.831 
    full_adder_loop[2].FA        full_adder_187                        11     66.314    37.157      103.471 
    full_adder_loop[3].FA        full_adder_186                         8     62.560    20.362       82.922 
    full_adder_loop[4].FA        full_adder_185                         7     58.806    20.362       79.169 
    full_adder_loop[5].FA        full_adder_184                         7     48.797    16.969       65.766 
    full_adder_loop[6].FA        full_adder_183                         7     45.043    16.969       62.012 
    full_adder_loop[7].FA        full_adder_182                         7     45.043    16.969       62.012 
    full_adder_loop[8].FA        full_adder_181                         7     45.043    16.969       62.012 
    full_adder_loop[9].FA        full_adder_180                         7     48.797    16.969       65.766 
  RCA_LSB                        ripple_carry_adder_WIDTH4             18    146.390    57.520      203.910 
    F1A                          full_adder                             5     38.787    11.835       50.622 
    full_adder_loop[1].FA        full_adder_230                         5     30.029    10.181       40.210 
    full_adder_loop[2].FA        full_adder_229                         4     35.034    10.181       45.215 
    full_adder_loop[3].FA        full_adder_228                         4     42.541    10.181       52.722 
