============================================================
  Generated by:           Genus(TM) Synthesis Solution 23.12-s086_1
  Generated on:           Apr 07 2025  07:17:00 pm
  Module:                 carry_select_adder_461012_32bits
  Operating conditions:   tt_025C_1v80 
  Interconnect mode:      global
  Area mode:              physical library
============================================================

Timing
-------
  Cost    Critical         Violating 
 Group   Path Slack  TNS     Paths   
-------------------------------------
default         0.0   0.0          0 
-------------------------------------
Total                 0.0          0 

Instance Count
--------------
Leaf Instance Count             567 
Physical Instance count           0 
Sequential Instance Count         0 
Combinational Instance Count    567 
Hierarchical Instance Count      67 

Area
----
Cell Area                          3951.290
Physical Cell Area                 0.000
Total Cell Area (Cell+Physical)    3951.290
Net Area                           2798.358
Total Area (Cell+Physical+Net)     6749.648

Max Fanout                         13 (n_329)
Min Fanout                         1 (C0[1])
Average Fanout                     1.6
Terms to net ratio                 2.4521
Terms to instance ratio            2.7549
Runtime                            21.523263 seconds
Elapsed Runtime                    23 seconds
Genus peak memory usage            1900.09 
Innovus peak memory usage          no_value 
Hostname                           cadmicro-inf-el8-623207
