###############################################################
#  Generated by:      Cadence Innovus 23.32-s091_1
#  OS:                Linux x86_64(Host ID cadmicro-inf-el8-623207)
#  Generated on:      Mon Apr  7 16:37:53 2025
#  Design:            signal_32bits
#  Command:           report_timing > reports/report_timing.rpt
###############################################################
Path 1: VIOLATED Path Delay Check
Endpoint:   S[27] (^)
Beginpoint: A[11] (v) triggered by  leading edge of '@'
Path Groups: {default}
Analysis View: default_emulate_view
- External Delay                0.000
+ Path Delay                    1.340
= Required Time                 1.340
- Arrival Time                  1.357
= Slack Time                   -0.017
     Clock Rise Edge                      0.000
     + Input Delay                        0.000
     = Beginpoint Arrival Time            0.000
     +------------------------------------------------------------------------------------------------------+ 
     |          Instance           |      Arc      |           Cell            | Delay | Arrival | Required | 
     |                             |               |                           |       |  Time   |   Time   | 
     |-----------------------------+---------------+---------------------------+-------+---------+----------| 
     |                             | A[11] v       |                           |       |   0.000 |   -0.017 | 
     | g3                          | A v -> Y ^    | sky130_fd_sc_hd__inv_12   | 0.238 |   0.238 |    0.221 | 
     | g3212                       | A ^ -> X ^    | sky130_fd_sc_hd__or2_4    | 0.144 |   0.382 |    0.365 | 
     | g3217                       | B1_N ^ -> Y ^ | sky130_fd_sc_hd__a21boi_4 | 0.191 |   0.574 |    0.557 | 
     | g65                         | B ^ -> Y v    | sky130_fd_sc_hd__nand2_4  | 0.095 |   0.668 |    0.651 | 
     | g3205                       | B v -> Y ^    | sky130_fd_sc_hd__nand2b_4 | 0.073 |   0.741 |    0.724 | 
     | g37                         | B ^ -> Y v    | sky130_fd_sc_hd__nand2_2  | 0.064 |   0.805 |    0.788 | 
     | g3073                       | A v -> Y ^    | sky130_fd_sc_hd__clkinv_4 | 0.060 |   0.865 |    0.848 | 
     | g3072                       | A ^ -> Y v    | sky130_fd_sc_hd__nand2_4  | 0.091 |   0.957 |    0.940 | 
     | addinc_add_7_30_g1882__2483 | A v -> Y ^    | sky130_fd_sc_hd__nand2_1  | 0.097 |   1.054 |    1.037 | 
     | addinc_add_7_30_g1814__5115 | A ^ -> Y v    | sky130_fd_sc_hd__nand3_1  | 0.122 |   1.176 |    1.159 | 
     | addinc_add_7_30_g1799__4319 | A v -> Y ^    | sky130_fd_sc_hd__nand2_4  | 0.180 |   1.356 |    1.339 | 
     |                             | S[27] ^       |                           | 0.001 |   1.357 |    1.340 | 
     +------------------------------------------------------------------------------------------------------+ 

