============================================================
  Generated by:           Genus(TM) Synthesis Solution 23.12-s086_1
  Generated on:           Apr 07 2025  06:49:02 pm
  Module:                 carry_select_adder_66668_32bits
  Operating conditions:   tt_025C_1v80 
  Interconnect mode:      global
  Area mode:              physical library
============================================================

Timing
-------
  Cost    Critical         Violating 
 Group   Path Slack  TNS     Paths   
-------------------------------------
default         0.0   0.0          0 
-------------------------------------
Total                 0.0          0 

Instance Count
--------------
Leaf Instance Count             519 
Physical Instance count           0 
Sequential Instance Count         0 
Combinational Instance Count    519 
Hierarchical Instance Count      67 

Area
----
Cell Area                          3593.446
Physical Cell Area                 0.000
Total Cell Area (Cell+Physical)    3593.446
Net Area                           2575.068
Total Area (Cell+Physical+Net)     6168.514

Max Fanout                         10 (n_30)
Min Fanout                         1 (C0[3])
Average Fanout                     1.6
Terms to net ratio                 2.4080
Terms to instance ratio            2.7746
Runtime                            18.525646000000002 seconds
Elapsed Runtime                    20 seconds
Genus peak memory usage            1892.32 
Innovus peak memory usage          no_value 
Hostname                           cadmicro-inf-el8-623207
