============================================================
  Generated by:           Genus(TM) Synthesis Solution 23.12-s086_1
  Generated on:           Apr 07 2025  06:49:02 pm
  Module:                 carry_select_adder_66668_32bits
  Operating conditions:   tt_025C_1v80 
  Interconnect mode:      global
  Area mode:              physical library
============================================================

            Instance                         Module              Cell-Count  Cell-Area  Net-Area   Total-Area 
--------------------------------------------------------------------------------------------------------------
carry_select_adder_66668_32bits NA                                      519   3593.446  2575.068     6168.514 
  CSA_BLOCKS[1].RCA_C0          ripple_carry_adder_WIDTH6_5_235          44    346.582   143.755      490.338 
    F1A                         full_adder_26_232                         4     26.275    10.094       36.369 
    full_adder_loop[1].FA       full_adder_218                           10     70.067    33.763      103.831 
    full_adder_loop[2].FA       full_adder_217                            9     62.560    23.756       86.316 
    full_adder_loop[3].FA       full_adder_216                            7     57.555    16.969       74.524 
    full_adder_loop[4].FA       full_adder_215                            7     65.062    16.969       82.031 
    full_adder_loop[5].FA       full_adder_214                            7     65.062    16.969       82.031 
  CSA_BLOCKS[1].RCA_C1          ripple_carry_adder_WIDTH6_6_237          48    317.805   165.597      483.402 
    F1A                         full_adder_32_234                         4     25.024    10.094       35.118 
    full_adder_loop[1].FA       full_adder_213                           11     65.062    37.157      102.220 
    full_adder_loop[2].FA       full_adder_212                           11     57.555    37.157       94.712 
    full_adder_loop[3].FA       full_adder_211                            7     47.546    16.969       64.514 
    full_adder_loop[4].FA       full_adder_210                            7     60.058    16.969       77.026 
    full_adder_loop[5].FA       full_adder_209                            8     62.560    22.016       84.576 
  CSA_BLOCKS[2].RCA_C0          ripple_carry_adder_WIDTH6_5_236          43    275.264   140.362      415.626 
    F1A                         full_adder_26                             4     20.019    10.094       30.113 
    full_adder_loop[1].FA       full_adder_208                           11     56.304    37.157       93.461 
    full_adder_loop[2].FA       full_adder_207                            9     48.797    23.756       72.553 
    full_adder_loop[3].FA       full_adder_206                            7     47.546    16.969       64.514 
    full_adder_loop[4].FA       full_adder_205                            6     52.550    13.575       66.125 
    full_adder_loop[5].FA       full_adder_204                            6     50.048    13.575       63.623 
  CSA_BLOCKS[2].RCA_C1          ripple_carry_adder_WIDTH6_6_238          47    310.298   160.550      470.848 
    F1A                         full_adder_32                             4     22.522    10.094       32.616 
    full_adder_loop[1].FA       full_adder_203                           11     61.309    37.157       98.466 
    full_adder_loop[2].FA       full_adder_202                           11     60.058    37.157       97.215 
    full_adder_loop[3].FA       full_adder_201                            8     58.806    20.362       79.169 
    full_adder_loop[4].FA       full_adder_200                            7     57.555    16.969       74.524 
    full_adder_loop[5].FA       full_adder_199                            6     50.048    13.575       63.623 
  CSA_BLOCKS[3].RCA_C0          ripple_carry_adder_WIDTH6_5              28    231.472    94.764      326.236 
    F1A                         full_adder_26_231                         1     15.014     0.000       15.014 
    full_adder_loop[1].FA       full_adder_198                            9     51.299    27.063       78.362 
    full_adder_loop[2].FA       full_adder_197                            7     43.792    16.969       60.761 
    full_adder_loop[3].FA       full_adder_196                            5     47.546    13.575       61.121 
    full_adder_loop[4].FA       full_adder_195                            5     40.038    13.575       53.613 
    full_adder_loop[5].FA       full_adder_194                            1     33.782     0.000       33.782 
  CSA_BLOCKS[3].RCA_C1          ripple_carry_adder_WIDTH6_6              28    203.946    87.976      291.922 
    F1A                         full_adder_32_233                         4     20.019    10.094       30.113 
    full_adder_loop[1].FA       full_adder_193                            6     37.536    15.228       52.764 
    full_adder_loop[2].FA       full_adder_192                            7     38.787    16.969       55.756 
    full_adder_loop[3].FA       full_adder_191                            6     37.536    13.575       51.111 
    full_adder_loop[4].FA       full_adder_190                            4     36.285    10.181       46.466 
    full_adder_loop[5].FA       full_adder_189                            1     33.782     0.000       33.782 
  CSA_BLOCKS[4].RCA_C0          ripple_carry_adder_WIDTH8                37    309.046   123.480      432.526 
    F1A                         full_adder_6                              4     26.275    10.094       36.369 
    full_adder_loop[1].FA       full_adder_225                            9     47.546    27.063       74.609 
    full_adder_loop[2].FA       full_adder_224                            6     41.290    13.575       54.865 
    full_adder_loop[3].FA       full_adder_223                            6     43.792    13.575       57.367 
    full_adder_loop[4].FA       full_adder_222                            5     41.290    13.575       54.865 
    full_adder_loop[5].FA       full_adder_221                            5     41.290    13.575       54.865 
    full_adder_loop[6].FA       full_adder_220                            1     33.782     0.000       33.782 
    full_adder_loop[7].FA       full_adder_219                            1     33.782     0.000       33.782 
  CSA_BLOCKS[4].RCA_C1          ripple_carry_adder_WIDTH8_1              38    304.042   130.181      434.222 
    F1A                         full_adder_50                             4     20.019    10.094       30.113 
    full_adder_loop[1].FA       full_adder_188                           10     55.053    33.763       88.816 
    full_adder_loop[2].FA       full_adder_187                            6     37.536    13.575       51.111 
    full_adder_loop[3].FA       full_adder_186                            5     40.038    13.575       53.613 
    full_adder_loop[4].FA       full_adder_185                            6     43.792    13.575       57.367 
    full_adder_loop[5].FA       full_adder_184                            5     40.038    13.575       53.613 
    full_adder_loop[6].FA       full_adder_183                            1     33.782     0.000       33.782 
    full_adder_loop[7].FA       full_adder_182                            1     33.782     0.000       33.782 
  RCA_LSB                       ripple_carry_adder_WIDTH6                46    331.568   150.543      482.111 
    F1A                         full_adder                                8     50.048    23.669       73.717 
    full_adder_loop[1].FA       full_adder_230                           11     63.811    37.157      100.968 
    full_adder_loop[2].FA       full_adder_229                            9     51.299    23.756       75.055 
    full_adder_loop[3].FA       full_adder_228                            6     47.546    13.575       61.121 
    full_adder_loop[4].FA       full_adder_227                            6     58.806    13.575       72.381 
    full_adder_loop[5].FA       full_adder_226                            6     60.058    13.575       73.633 
