###############################################################
#  Generated by:      Cadence Innovus 23.32-s091_1
#  OS:                Linux x86_64(Host ID cadmicro-inf-el8-623207)
#  Generated on:      Wed Apr  2 17:40:29 2025
#  Design:            carry_bypass8_32bits
#  Command:           report_timing > reports/report_timing.rpt
###############################################################
Path 1: MET Path Delay Check
Endpoint:   S[31] (^)
Beginpoint: A[0]  (v) triggered by  leading edge of '@'
Path Groups: {default}
Analysis View: default_emulate_view
- External Delay                0.000
+ Path Delay                  200.000
= Required Time               200.000
- Arrival Time                 14.450
= Slack Time                  185.550
     Clock Rise Edge                      0.000
     + Input Delay                        0.000
     = Beginpoint Arrival Time            0.000
     +------------------------------------------------------------------------------------------------------------+ 
     |             Instance              |       Arc       |          Cell           | Delay | Arrival | Required | 
     |                                   |                 |                         |       |  Time   |   Time   | 
     |-----------------------------------+-----------------+-------------------------+-------+---------+----------| 
     |                                   | A[0] v          |                         |       |  -0.000 |  185.550 | 
     | BPS1/FA1/g65__2398                | B v -> COUT v   | sky130_fd_sc_hd__fa_1   | 0.792 |   0.792 |  186.342 | 
     | BPS1/FA2/g65__5107                | CIN v -> COUT v | sky130_fd_sc_hd__fa_1   | 0.391 |   1.183 |  186.733 | 
     | BPS1/FA3/g65__6260                | CIN v -> COUT v | sky130_fd_sc_hd__fa_1   | 0.398 |   1.580 |  187.131 | 
     | BPS1/FA4/g65__4319                | CIN v -> COUT v | sky130_fd_sc_hd__fa_1   | 0.411 |   1.991 |  187.541 | 
     | BPS1/FA5/g65__8428                | CIN v -> COUT v | sky130_fd_sc_hd__fa_1   | 0.413 |   2.404 |  187.954 | 
     | BPS1/FA6/g65__5526                | CIN v -> COUT v | sky130_fd_sc_hd__fa_1   | 0.407 |   2.810 |  188.360 | 
     | BPS1/FA7/g65__6783                | CIN v -> COUT v | sky130_fd_sc_hd__fa_1   | 0.402 |   3.212 |  188.762 | 
     | BPS1/FA8/g65__3680                | CIN v -> COUT v | sky130_fd_sc_hd__fa_1   | 0.382 |   3.594 |  189.144 | 
     | BPS1/g278__1617                   | A0 v -> X v     | sky130_fd_sc_hd__mux2_2 | 0.299 |   3.893 |  189.443 | 
     | bypass_loop[1].BPS2/FA1/g65__9315 | CIN v -> COUT v | sky130_fd_sc_hd__fa_1   | 0.396 |   4.289 |  189.840 | 
     | bypass_loop[1].BPS2/FA2/g65__9945 | CIN v -> COUT v | sky130_fd_sc_hd__fa_1   | 0.400 |   4.689 |  190.240 | 
     | bypass_loop[1].BPS2/FA3/g65__2883 | CIN v -> COUT v | sky130_fd_sc_hd__fa_1   | 0.408 |   5.097 |  190.648 | 
     | bypass_loop[1].BPS2/FA4/g65__2346 | CIN v -> COUT v | sky130_fd_sc_hd__fa_1   | 0.426 |   5.523 |  191.074 | 
     | bypass_loop[1].BPS2/FA5/g65__1666 | CIN v -> COUT v | sky130_fd_sc_hd__fa_1   | 0.411 |   5.935 |  191.485 | 
     | bypass_loop[1].BPS2/FA6/g65__7410 | CIN v -> COUT v | sky130_fd_sc_hd__fa_1   | 0.400 |   6.335 |  191.885 | 
     | bypass_loop[1].BPS2/FA7/g65__6417 | CIN v -> COUT v | sky130_fd_sc_hd__fa_1   | 0.400 |   6.735 |  192.285 | 
     | bypass_loop[1].BPS2/FA8/g65__5477 | CIN v -> COUT v | sky130_fd_sc_hd__fa_1   | 0.365 |   7.100 |  192.650 | 
     | bypass_loop[1].BPS2/g278__2398    | A0 v -> X v     | sky130_fd_sc_hd__mux2_2 | 0.296 |   7.396 |  192.946 | 
     | bypass_loop[2].BPS2/FA1/g65__8246 | CIN v -> COUT v | sky130_fd_sc_hd__fa_1   | 0.389 |   7.785 |  193.335 | 
     | bypass_loop[2].BPS2/FA2/g65__7098 | CIN v -> COUT v | sky130_fd_sc_hd__fa_1   | 0.399 |   8.184 |  193.734 | 
     | bypass_loop[2].BPS2/FA3/g65__6131 | CIN v -> COUT v | sky130_fd_sc_hd__fa_1   | 0.405 |   8.589 |  194.139 | 
     | bypass_loop[2].BPS2/FA4/g65__1881 | CIN v -> COUT v | sky130_fd_sc_hd__fa_1   | 0.394 |   8.983 |  194.534 | 
     | bypass_loop[2].BPS2/FA5/g65__5115 | CIN v -> COUT v | sky130_fd_sc_hd__fa_1   | 0.397 |   9.380 |  194.931 | 
     | bypass_loop[2].BPS2/FA6/g65__7482 | CIN v -> COUT v | sky130_fd_sc_hd__fa_1   | 0.403 |   9.783 |  195.333 | 
     | bypass_loop[2].BPS2/FA7/g65__4733 | CIN v -> COUT v | sky130_fd_sc_hd__fa_1   | 0.402 |  10.185 |  195.735 | 
     | bypass_loop[2].BPS2/FA8/g65__6161 | CIN v -> COUT v | sky130_fd_sc_hd__fa_1   | 0.366 |  10.551 |  196.102 | 
     | bypass_loop[2].BPS2/g278__9315    | A0 v -> X v     | sky130_fd_sc_hd__mux2_2 | 0.288 |  10.839 |  196.389 | 
     | bypass_loop[3].BPS2/FA1/g65__8428 | CIN v -> COUT v | sky130_fd_sc_hd__fa_1   | 0.379 |  11.218 |  196.769 | 
     | bypass_loop[3].BPS2/FA2/g65__5526 | CIN v -> COUT v | sky130_fd_sc_hd__fa_1   | 0.389 |  11.607 |  197.157 | 
     | bypass_loop[3].BPS2/FA3/g65__6783 | CIN v -> COUT v | sky130_fd_sc_hd__fa_1   | 0.395 |  12.002 |  197.553 | 
     | bypass_loop[3].BPS2/FA4/g65__3680 | CIN v -> COUT v | sky130_fd_sc_hd__fa_1   | 0.400 |  12.403 |  197.953 | 
     | bypass_loop[3].BPS2/FA5/g65__1617 | CIN v -> COUT v | sky130_fd_sc_hd__fa_1   | 0.404 |  12.807 |  198.357 | 
     | bypass_loop[3].BPS2/FA6/g65__2802 | CIN v -> COUT v | sky130_fd_sc_hd__fa_1   | 0.411 |  13.218 |  198.768 | 
     | bypass_loop[3].BPS2/FA7/g65__1705 | CIN v -> COUT v | sky130_fd_sc_hd__fa_1   | 0.406 |  13.623 |  199.173 | 
     | bypass_loop[3].BPS2/FA8/g65__5122 | CIN v -> SUM ^  | sky130_fd_sc_hd__fa_1   | 0.826 |  14.449 |  199.999 | 
     |                                   | S[31] ^         |                         | 0.001 |  14.450 |  200.000 | 
     +------------------------------------------------------------------------------------------------------------+ 

